--------------- Build Started: 03/17/2020 09:44:01 Project: Manchester encoder-decoder, Configuration: ARM GCC 5.4-2016-q2-update Debug ---------------
The code generation step is up to date.
arm-none-eabi-gcc.exe -mcpu=cortex-m3 -mthumb -I. -IGenerated_Source\PSoC5 -Wa,-alh=.\CortexM3\ARM_GCC_541\Debug/main.lst -g -D DEBUG -D CY_CORE_ID=0 -Wall -ffunction-sections -ffat-lto-objects -Og -c main.c -o .\CortexM3\ARM_GCC_541\Debug\main.o
main.c: In function 'main':
main.c:251:17: warning: unused variable 'p1' [-Wunused-variable]
         uint32 *p1=ex_buf;
                 ^
main.c:250:15: warning: unused variable 'RecieverFIFO' [-Wunused-variable]
         uint8 RecieverFIFO[1]= {0x0};
               ^
main.c:249:13: warning: unused variable 'store' [-Wunused-variable]
         int store = 0;
             ^
main.c:248:23: warning: unused variable 'true_word' [-Wunused-variable]
         int flag = 0, true_word = 0;
                       ^
main.c:248:13: warning: unused variable 'flag' [-Wunused-variable]
         int flag = 0, true_word = 0;
             ^
main.c:217:9: warning: unused variable 'delay' [-Wunused-variable]
     int delay = 0xFFffff;
         ^
arm-none-eabi-ar.exe -rs ".\CortexM3\ARM_GCC_541\Debug\Manchester encoder-decoder.a" .\CortexM3\ARM_GCC_541\Debug\TransmitWordShift.o .\CortexM3\ARM_GCC_541\Debug\BitCounterEnc.o .\CortexM3\ARM_GCC_541\Debug\BitCounterEnc_PM.o .\CortexM3\ARM_GCC_541\Debug\StartTransmit.o .\CortexM3\ARM_GCC_541\Debug\StartTransmit_PM.o .\CortexM3\ARM_GCC_541\Debug\TransmitShiftReg.o .\CortexM3\ARM_GCC_541\Debug\TransmitShiftReg_PM.o .\CortexM3\ARM_GCC_541\Debug\isr_Load_TrShReg.o .\CortexM3\ARM_GCC_541\Debug\StartButton.o .\CortexM3\ARM_GCC_541\Debug\Start.o .\CortexM3\ARM_GCC_541\Debug\CyDmac.o .\CortexM3\ARM_GCC_541\Debug\CyFlash.o .\CortexM3\ARM_GCC_541\Debug\CyLib.o .\CortexM3\ARM_GCC_541\Debug\cyPm.o .\CortexM3\ARM_GCC_541\Debug\CySpc.o .\CortexM3\ARM_GCC_541\Debug\cyutils.o .\CortexM3\ARM_GCC_541\Debug\cy_em_eeprom.o .\CortexM3\ARM_GCC_541\Debug\FrameAllow.o .\CortexM3\ARM_GCC_541\Debug\FrameAllow_PM.o .\CortexM3\ARM_GCC_541\Debug\LED_ON.o .\CortexM3\ARM_GCC_541\Debug\LED_ON_PM.o .\CortexM3\ARM_GCC_541\Debug\PPS.o .\CortexM3\ARM_GCC_541\Debug\TC_word.o .\CortexM3\ARM_GCC_541\Debug\usec_counter.o .\CortexM3\ARM_GCC_541\Debug\usec_counter_PM.o .\CortexM3\ARM_GCC_541\Debug\Control_Capture.o .\CortexM3\ARM_GCC_541\Debug\Control_Capture_PM.o .\CortexM3\ARM_GCC_541\Debug\sec_counter.o .\CortexM3\ARM_GCC_541\Debug\sec_counter_PM.o .\CortexM3\ARM_GCC_541\Debug\cap_comp_tc.o .\CortexM3\ARM_GCC_541\Debug\Clock_tiktak.o .\CortexM3\ARM_GCC_541\Debug\SigmaReg.o .\CortexM3\ARM_GCC_541\Debug\SigmaReg_PM.o .\CortexM3\ARM_GCC_541\Debug\Period.o .\CortexM3\ARM_GCC_541\Debug\Period_PM.o .\CortexM3\ARM_GCC_541\Debug\Out_TikTak.o .\CortexM3\ARM_GCC_541\Debug\Boundary32bit.o .\CortexM3\ARM_GCC_541\Debug\Boundary32bit_PM.o .\CortexM3\ARM_GCC_541\Debug\Control_Period.o .\CortexM3\ARM_GCC_541\Debug\Control_Period_PM.o .\CortexM3\ARM_GCC_541\Debug\Status_Period.o .\CortexM3\ARM_GCC_541\Debug\UART.o .\CortexM3\ARM_GCC_541\Debug\UART_PM.o .\CortexM3\ARM_GCC_541\Debug\UART_INT.o .\CortexM3\ARM_GCC_541\Debug\UART_BOOT.o .\CortexM3\ARM_GCC_541\Debug\UART_IntClock.o .\CortexM3\ARM_GCC_541\Debug\isr_rx.o .\CortexM3\ARM_GCC_541\Debug\CyBootAsmGnu.o
arm-none-eabi-ar.exe: creating .\CortexM3\ARM_GCC_541\Debug\Manchester encoder-decoder.a
arm-none-eabi-gcc.exe -Wl,--start-group -o "C:\Users\e.ivanov\Documents\GitHub\time_src\branch\Manchester encoder-decoder.cydsn\CortexM3\ARM_GCC_541\Debug\Manchester encoder-decoder.elf" .\CortexM3\ARM_GCC_541\Debug\main.o .\CortexM3\ARM_GCC_541\Debug\sender.o .\CortexM3\ARM_GCC_541\Debug\Clock.o .\CortexM3\ARM_GCC_541\Debug\cyfitter_cfg.o .\CortexM3\ARM_GCC_541\Debug\cymetadata.o .\CortexM3\ARM_GCC_541\Debug\Cm3Start.o ".\CortexM3\ARM_GCC_541\Debug\Manchester encoder-decoder.a" "C:\Program Files (x86)\Cypress\PSoC Creator\4.2\PSoC Creator\psoc\content\cycomponentlibrary\CyComponentLibrary.cylib\CortexM3\ARM_GCC_541\Debug\CyComponentLibrary.a" -mcpu=cortex-m3 -mthumb -L Generated_Source\PSoC5 "-Wl,-Map,.\CortexM3\ARM_GCC_541\Debug/Manchester encoder-decoder.map" -T Generated_Source\PSoC5\cm3gcc.ld -specs=nano.specs -Wl,--gc-sections -g -ffunction-sections -Og -ffat-lto-objects -Wl,--end-group
cyelftool.exe -C "C:\Users\e.ivanov\Documents\GitHub\time_src\branch\Manchester encoder-decoder.cydsn\CortexM3\ARM_GCC_541\Debug\Manchester encoder-decoder.elf" --flash_row_size 256 --flash_size 262144 --flash_offset 0x00000000
No ELF section .cychecksum found, creating one
Application checksum calculated and stored in ELF section .cychecksum
Checksum calculated and stored in ELF section .cymeta
cyelftool.exe -S "C:\Users\e.ivanov\Documents\GitHub\time_src\branch\Manchester encoder-decoder.cydsn\CortexM3\ARM_GCC_541\Debug\Manchester encoder-decoder.elf"
Flash used: 7328 of 262144 bytes (2,8%).
SRAM used: 3401 of 65536 bytes (5,2%). Stack: 2048 bytes. Heap: 128 bytes.
--------------- Build Succeeded: 03/17/2020 09:44:02 ---------------
