--------------- Clean Started: 08/17/2020 11:37:01 Project: Manchester encoder-decoder, Configuration: ARM GCC 5.4-2016-q2-update Debug ---------------
Deleting file ".\CortexM3\ARM_GCC_541\Debug\main.o"
Deleting file ".\CortexM3\ARM_GCC_541\Debug\sender.o"
Deleting file ".\CortexM3\ARM_GCC_541\Debug\reciver.o"
Deleting file ".\CortexM3\ARM_GCC_541\Debug\Clock.o"
Deleting file ".\CortexM3\ARM_GCC_541\Debug\Agg_sent.o"
Deleting file ".\CortexM3\ARM_GCC_541\Debug\stdio_e.o"
Deleting file ".\CortexM3\ARM_GCC_541\Debug\line_buf.o"
Deleting file ".\CortexM3\ARM_GCC_541\Debug\SPI_ADC_ADS131E08.o"
Deleting file ".\CortexM3\ARM_GCC_541\Debug\cyfitter_cfg.o"
Deleting file ".\CortexM3\ARM_GCC_541\Debug\cymetadata.o"
Deleting file ".\CortexM3\ARM_GCC_541\Debug\Comp_2.o"
Deleting file ".\CortexM3\ARM_GCC_541\Debug\Comp_2_PM.o"
Deleting file ".\CortexM3\ARM_GCC_541\Debug\Vout_1.o"
Deleting file ".\CortexM3\ARM_GCC_541\Debug\Comp_1.o"
Deleting file ".\CortexM3\ARM_GCC_541\Debug\Comp_1_PM.o"
Deleting file ".\CortexM3\ARM_GCC_541\Debug\VDAC8_1.o"
Deleting file ".\CortexM3\ARM_GCC_541\Debug\VDAC8_1_PM.o"
Deleting file ".\CortexM3\ARM_GCC_541\Debug\Opamp_1.o"
Deleting file ".\CortexM3\ARM_GCC_541\Debug\Opamp_1_PM.o"
Deleting file ".\CortexM3\ARM_GCC_541\Debug\BitCounterEnc.o"
Deleting file ".\CortexM3\ARM_GCC_541\Debug\BitCounterEnc_PM.o"
Deleting file ".\CortexM3\ARM_GCC_541\Debug\StartTransmit.o"
Deleting file ".\CortexM3\ARM_GCC_541\Debug\StartTransmit_PM.o"
Deleting file ".\CortexM3\ARM_GCC_541\Debug\Waiter.o"
Deleting file ".\CortexM3\ARM_GCC_541\Debug\Waiter_PM.o"
Deleting file ".\CortexM3\ARM_GCC_541\Debug\Clock_2.o"
Deleting file ".\CortexM3\ARM_GCC_541\Debug\BitCounterDec.o"
Deleting file ".\CortexM3\ARM_GCC_541\Debug\BitCounterDec_PM.o"
Deleting file ".\CortexM3\ARM_GCC_541\Debug\RecieveShiftReg.o"
Deleting file ".\CortexM3\ARM_GCC_541\Debug\RecieveShiftReg_PM.o"
Deleting file ".\CortexM3\ARM_GCC_541\Debug\WordShifted.o"
Deleting file ".\CortexM3\ARM_GCC_541\Debug\TransmitShiftReg.o"
Deleting file ".\CortexM3\ARM_GCC_541\Debug\TransmitShiftReg_PM.o"
Deleting file ".\CortexM3\ARM_GCC_541\Debug\isr_Load_TrShReg.o"
Deleting file ".\CortexM3\ARM_GCC_541\Debug\Cm3Start.o"
Deleting file ".\CortexM3\ARM_GCC_541\Debug\CyBootAsmGnu.o"
Deleting file ".\CortexM3\ARM_GCC_541\Debug\CyDmac.o"
Deleting file ".\CortexM3\ARM_GCC_541\Debug\CyFlash.o"
Deleting file ".\CortexM3\ARM_GCC_541\Debug\CyLib.o"
Deleting file ".\CortexM3\ARM_GCC_541\Debug\cyPm.o"
Deleting file ".\CortexM3\ARM_GCC_541\Debug\CySpc.o"
Deleting file ".\CortexM3\ARM_GCC_541\Debug\cyutils.o"
Deleting file ".\CortexM3\ARM_GCC_541\Debug\cy_em_eeprom.o"
Deleting file ".\CortexM3\ARM_GCC_541\Debug\FrameAllow.o"
Deleting file ".\CortexM3\ARM_GCC_541\Debug\FrameAllow_PM.o"
Deleting file ".\CortexM3\ARM_GCC_541\Debug\DInN.o"
Deleting file ".\CortexM3\ARM_GCC_541\Debug\DInP.o"
Deleting file ".\CortexM3\ARM_GCC_541\Debug\EndFrame.o"
Deleting file ".\CortexM3\ARM_GCC_541\Debug\StartButton_1.o"
Deleting file ".\CortexM3\ARM_GCC_541\Debug\Period.o"
Deleting file ".\CortexM3\ARM_GCC_541\Debug\Period_PM.o"
Deleting file ".\CortexM3\ARM_GCC_541\Debug\SigmaReg.o"
Deleting file ".\CortexM3\ARM_GCC_541\Debug\SigmaReg_PM.o"
Deleting file ".\CortexM3\ARM_GCC_541\Debug\Control_Period.o"
Deleting file ".\CortexM3\ARM_GCC_541\Debug\Control_Period_PM.o"
Deleting file ".\CortexM3\ARM_GCC_541\Debug\cap_comp_tc.o"
Deleting file ".\CortexM3\ARM_GCC_541\Debug\Boundary8bit.o"
Deleting file ".\CortexM3\ARM_GCC_541\Debug\Boundary8bit_PM.o"
Deleting file ".\CortexM3\ARM_GCC_541\Debug\Out_TikTak.o"
Deleting file ".\CortexM3\ARM_GCC_541\Debug\isr_DRDY.o"
Deleting file ".\CortexM3\ARM_GCC_541\Debug\isr_TransmitWordShift.o"
Deleting file ".\CortexM3\ARM_GCC_541\Debug\DOUT.o"
Deleting file ".\CortexM3\ARM_GCC_541\Debug\DIN.o"
Deleting file ".\CortexM3\ARM_GCC_541\Debug\SCLK.o"
Deleting file ".\CortexM3\ARM_GCC_541\Debug\SPI_ADC.o"
Deleting file ".\CortexM3\ARM_GCC_541\Debug\SPI_ADC_PM.o"
Deleting file ".\CortexM3\ARM_GCC_541\Debug\SPI_ADC_INT.o"
Deleting file ".\CortexM3\ARM_GCC_541\Debug\CSn.o"
Deleting file ".\CortexM3\ARM_GCC_541\Debug\SPI_ADC_IntClock.o"
Deleting file ".\CortexM3\ARM_GCC_541\Debug\Clock_tiktak_2.o"
Deleting file ".\CortexM3\ARM_GCC_541\Debug\Pin_test11.o"
Deleting file ".\CortexM3\ARM_GCC_541\Debug\Pin_test22.o"
Deleting file ".\CortexM3\ARM_GCC_541\Debug\Pin_test21.o"
Deleting file ".\CortexM3\ARM_GCC_541\Debug\Pin_test12.o"
Deleting file ".\CortexM3\ARM_GCC_541\Debug\TEST.o"
Deleting file ".\CortexM3\ARM_GCC_541\Debug\TEST_PM.o"
Deleting file ".\CortexM3\ARM_GCC_541\Debug\Control_Capture_3.o"
Deleting file ".\CortexM3\ARM_GCC_541\Debug\Control_Capture_3_PM.o"
Deleting file ".\CortexM3\ARM_GCC_541\Debug\DRDYn.o"
Deleting file ".\CortexM3\ARM_GCC_541\Debug\SDO2.o"
Deleting file ".\CortexM3\ARM_GCC_541\Debug\SDI2.o"
Deleting file ".\CortexM3\ARM_GCC_541\Debug\SCL2.o"
Deleting file ".\CortexM3\ARM_GCC_541\Debug\SPIM_MEMS.o"
Deleting file ".\CortexM3\ARM_GCC_541\Debug\SPIM_MEMS_PM.o"
Deleting file ".\CortexM3\ARM_GCC_541\Debug\SPIM_MEMS_INT.o"
Deleting file ".\CortexM3\ARM_GCC_541\Debug\CS2.o"
Deleting file ".\CortexM3\ARM_GCC_541\Debug\INT1.o"
Deleting file ".\CortexM3\ARM_GCC_541\Debug\INT2.o"
Deleting file ".\CortexM3\ARM_GCC_541\Debug\SPIM_MEMS_IntClock.o"
Deleting file ".\CortexM3\ARM_GCC_541\Debug\START_PIN.o"
Deleting file ".\CortexM3\ARM_GCC_541\Debug\CH32kHZ_IN.o"
Deleting file ".\CortexM3\ARM_GCC_541\Debug\CH32kHZ_OUT.o"
Deleting file ".\CortexM3\ARM_GCC_541\Debug\TEST_1.o"
Deleting file ".\CortexM3\ARM_GCC_541\Debug\Capture_high.o"
Deleting file ".\CortexM3\ARM_GCC_541\Debug\Capture_low.o"
Deleting file ".\CortexM3\ARM_GCC_541\Debug\Comp_low.o"
Deleting file ".\CortexM3\ARM_GCC_541\Debug\Comp_low_PM.o"
Deleting file ".\CortexM3\ARM_GCC_541\Debug\Comp_high.o"
Deleting file ".\CortexM3\ARM_GCC_541\Debug\Comp_high_PM.o"
Deleting file ".\CortexM3\ARM_GCC_541\Debug\TEST_2.o"
Deleting file ".\CortexM3\ARM_GCC_541\Debug\Clock_tiktak_1.o"
Deleting file ".\CortexM3\ARM_GCC_541\Debug\Clock_tiktak_3.o"
Deleting file ".\CortexM3\ARM_GCC_541\Debug\Manchester encoder-decoder.hex"
Deleting file ".\CortexM3\ARM_GCC_541\Debug\Manchester encoder-decoder.map"
Deleting file ".\Manchester encoder-decoder.cycdx"
Deleting file ".\Manchester encoder-decoder.svd"
Deleting file ".\Manchester encoder-decoder.rpt"
Deleting file ".\Manchester encoder-decoder_timing.html"
Deleting file ".\CortexM3\ARM_GCC_541\Debug\.deps\SOURCE_C__ARM_GCC_GENERIC.P"
Deleting file ".\CortexM3\ARM_GCC_541\Debug\.deps\SOURCE_ASM__ARM_GCC_GENERIC.P"
--------------- Clean Succeeded: 08/17/2020 11:37:01 ---------------
