--------------- Rebuild Started: 06/04/2020 18:22:37 Project: Manchester encoder-decoder, Configuration: ARM GCC 5.4-2016-q2-update Debug ---------------
Deleting file ".\CortexM3\ARM_GCC_541\Debug\main.o"
Deleting file ".\CortexM3\ARM_GCC_541\Debug\sender.o"
Deleting file ".\CortexM3\ARM_GCC_541\Debug\Clock.o"
Deleting file ".\CortexM3\ARM_GCC_541\Debug\stdio_e.o"
Deleting file ".\CortexM3\ARM_GCC_541\Debug\USB_UART_cdc.o"
Deleting file ".\CortexM3\ARM_GCC_541\Debug\Agg_sent.o"
Deleting file ".\CortexM3\ARM_GCC_541\Debug\IPSET.o"
Deleting file ".\CortexM3\ARM_GCC_541\Debug\cyfitter_cfg.o"
Deleting file ".\CortexM3\ARM_GCC_541\Debug\cymetadata.o"
Deleting file ".\CortexM3\ARM_GCC_541\Debug\TransmitWordShift.o"
Deleting file ".\CortexM3\ARM_GCC_541\Debug\BitCounterEnc.o"
Deleting file ".\CortexM3\ARM_GCC_541\Debug\BitCounterEnc_PM.o"
Deleting file ".\CortexM3\ARM_GCC_541\Debug\StartTransmit.o"
Deleting file ".\CortexM3\ARM_GCC_541\Debug\StartTransmit_PM.o"
Deleting file ".\CortexM3\ARM_GCC_541\Debug\TransmitShiftReg.o"
Deleting file ".\CortexM3\ARM_GCC_541\Debug\TransmitShiftReg_PM.o"
Deleting file ".\CortexM3\ARM_GCC_541\Debug\isr_Load_TrShReg.o"
Deleting file ".\CortexM3\ARM_GCC_541\Debug\StartButton.o"
Deleting file ".\CortexM3\ARM_GCC_541\Debug\Start.o"
Deleting file ".\CortexM3\ARM_GCC_541\Debug\Cm3Start.o"
Deleting file ".\CortexM3\ARM_GCC_541\Debug\CyBootAsmGnu.o"
Deleting file ".\CortexM3\ARM_GCC_541\Debug\CyDmac.o"
Deleting file ".\CortexM3\ARM_GCC_541\Debug\CyFlash.o"
Deleting file ".\CortexM3\ARM_GCC_541\Debug\CyLib.o"
Deleting file ".\CortexM3\ARM_GCC_541\Debug\cyPm.o"
Deleting file ".\CortexM3\ARM_GCC_541\Debug\CySpc.o"
Deleting file ".\CortexM3\ARM_GCC_541\Debug\cyutils.o"
Deleting file ".\CortexM3\ARM_GCC_541\Debug\cy_em_eeprom.o"
Deleting file ".\CortexM3\ARM_GCC_541\Debug\FrameAllow.o"
Deleting file ".\CortexM3\ARM_GCC_541\Debug\FrameAllow_PM.o"
Deleting file ".\CortexM3\ARM_GCC_541\Debug\LED_ON.o"
Deleting file ".\CortexM3\ARM_GCC_541\Debug\LED_ON_PM.o"
Deleting file ".\CortexM3\ARM_GCC_541\Debug\PPS.o"
Deleting file ".\CortexM3\ARM_GCC_541\Debug\TC_word.o"
Deleting file ".\CortexM3\ARM_GCC_541\Debug\Control_Capture.o"
Deleting file ".\CortexM3\ARM_GCC_541\Debug\Control_Capture_PM.o"
Deleting file ".\CortexM3\ARM_GCC_541\Debug\sec_counter.o"
Deleting file ".\CortexM3\ARM_GCC_541\Debug\sec_counter_PM.o"
Deleting file ".\CortexM3\ARM_GCC_541\Debug\Clock_tiktak.o"
Deleting file ".\CortexM3\ARM_GCC_541\Debug\SigmaReg.o"
Deleting file ".\CortexM3\ARM_GCC_541\Debug\SigmaReg_PM.o"
Deleting file ".\CortexM3\ARM_GCC_541\Debug\Period.o"
Deleting file ".\CortexM3\ARM_GCC_541\Debug\Period_PM.o"
Deleting file ".\CortexM3\ARM_GCC_541\Debug\Out_TikTak.o"
Deleting file ".\CortexM3\ARM_GCC_541\Debug\Boundary32bit.o"
Deleting file ".\CortexM3\ARM_GCC_541\Debug\Boundary32bit_PM.o"
Deleting file ".\CortexM3\ARM_GCC_541\Debug\Control_Period.o"
Deleting file ".\CortexM3\ARM_GCC_541\Debug\Control_Period_PM.o"
Deleting file ".\CortexM3\ARM_GCC_541\Debug\UART.o"
Deleting file ".\CortexM3\ARM_GCC_541\Debug\UART_PM.o"
Deleting file ".\CortexM3\ARM_GCC_541\Debug\UART_INT.o"
Deleting file ".\CortexM3\ARM_GCC_541\Debug\UART_BOOT.o"
Deleting file ".\CortexM3\ARM_GCC_541\Debug\UART_IntClock.o"
Deleting file ".\CortexM3\ARM_GCC_541\Debug\isr_rx.o"
Deleting file ".\CortexM3\ARM_GCC_541\Debug\CH32kHZ_IN.o"
Deleting file ".\CortexM3\ARM_GCC_541\Debug\CH32kHZ_OUT.o"
Deleting file ".\CortexM3\ARM_GCC_541\Debug\USBUART.o"
Deleting file ".\CortexM3\ARM_GCC_541\Debug\USBUART_audio.o"
Deleting file ".\CortexM3\ARM_GCC_541\Debug\USBUART_boot.o"
Deleting file ".\CortexM3\ARM_GCC_541\Debug\USBUART_cdc.o"
Deleting file ".\CortexM3\ARM_GCC_541\Debug\USBUART_cls.o"
Deleting file ".\CortexM3\ARM_GCC_541\Debug\USBUART_descr.o"
Deleting file ".\CortexM3\ARM_GCC_541\Debug\USBUART_drv.o"
Deleting file ".\CortexM3\ARM_GCC_541\Debug\USBUART_episr.o"
Deleting file ".\CortexM3\ARM_GCC_541\Debug\USBUART_hid.o"
Deleting file ".\CortexM3\ARM_GCC_541\Debug\USBUART_pm.o"
Deleting file ".\CortexM3\ARM_GCC_541\Debug\USBUART_std.o"
Deleting file ".\CortexM3\ARM_GCC_541\Debug\USBUART_vnd.o"
Deleting file ".\CortexM3\ARM_GCC_541\Debug\USBUART_midi.o"
Deleting file ".\CortexM3\ARM_GCC_541\Debug\USBUART_msc.o"
Deleting file ".\CortexM3\ARM_GCC_541\Debug\ControlReg_Regim.o"
Deleting file ".\CortexM3\ARM_GCC_541\Debug\ControlReg_Regim_PM.o"
Deleting file ".\CortexM3\ARM_GCC_541\Debug\USBUART_Dm.o"
Deleting file ".\CortexM3\ARM_GCC_541\Debug\USBUART_Dp.o"
Deleting file ".\CortexM3\ARM_GCC_541\Debug\isr_comp.o"
Deleting file ".\CortexM3\ARM_GCC_541\Debug\isr_tc.o"
Deleting file ".\CortexM3\ARM_GCC_541\Debug\Control_FREQ.o"
Deleting file ".\CortexM3\ARM_GCC_541\Debug\Control_FREQ_PM.o"
Deleting file ".\CortexM3\ARM_GCC_541\Debug\CAPT_LOW.o"
Deleting file ".\CortexM3\ARM_GCC_541\Debug\CAPT_MID.o"
Deleting file ".\CortexM3\ARM_GCC_541\Debug\CAPT_HIGH.o"
Deleting file ".\CortexM3\ARM_GCC_541\Debug\Out_TikTak_1.o"
Deleting file ".\CortexM3\ARM_GCC_541\Debug\Out_TikTak_3.o"
Deleting file ".\CortexM3\ARM_GCC_541\Debug\Clock_tiktak_1.o"
Deleting file ".\CortexM3\ARM_GCC_541\Debug\Clock_tiktak_2.o"
Deleting file ".\CortexM3\ARM_GCC_541\Debug\Clock_tiktak_3.o"
Deleting file ".\CortexM3\ARM_GCC_541\Debug\Clock_tiktak_4.o"
Deleting file ".\CortexM3\ARM_GCC_541\Debug\Manchester encoder-decoder.hex"
Deleting file ".\CortexM3\ARM_GCC_541\Debug\Manchester encoder-decoder.elf"
Deleting file ".\CortexM3\ARM_GCC_541\Debug\Manchester encoder-decoder.map"
Deleting file ".\Manchester encoder-decoder.cycdx"
Deleting file ".\Manchester encoder-decoder.svd"
Deleting file ".\Manchester encoder-decoder.rpt"
Deleting file ".\Manchester encoder-decoder_timing.html"
Deleting file ".\CortexM3\ARM_GCC_541\Debug\.deps\SOURCE_C__ARM_GCC_GENERIC.P"
Deleting file ".\CortexM3\ARM_GCC_541\Debug\.deps\SOURCE_ASM__ARM_GCC_GENERIC.P"
cydsfit.exe -.appdatapath "C:\Users\e.ivanov\AppData\Local\Cypress Semiconductor\PSoC Creator\4.2" -.fdsnotice -.fdswarpdepfile=warp_dependencies.txt -.fdselabdepfile=elab_dependencies.txt -.fdsbldfile=generated_files.txt -.fdsreffile=referenced_files.txt -p "C:\Users\e.ivanov\Documents\GitHub\time_src\branch\Manchester encoder-decoder.cydsn\Manchester encoder-decoder.cyprj" -d CY8C5888LTI-LP097 -s "C:\Users\e.ivanov\Documents\GitHub\time_src\branch\Manchester encoder-decoder.cydsn\Generated_Source\PSoC5" -- -yv2 -q10 -ygs -o2 -v3 -.fftcfgtype=LE
Elaborating Design...
HDL Generation...
Synthesis...
Tech Mapping...
ADD: pft.M0040: information: The following 6 pin(s) will be assigned a location by the fitter: Clock_tiktak_1(0), Clock_tiktak_3(0), Out_TikTak(0), Rx_1(0), Start(0), Tx_1(0)
Analog Placement...
Analog Routing...
Analog Code Generation...
Digital Placement...
Digital Routing...
Bitstream Generation...
Bitstream Verification...
Static timing analysis...
Warning: sta.M0021: Manchester encoder-decoder_timing.html: Warning-1350: Asynchronous path(s) exist from "cydff_9/q" to "CyBUS_CLK". See the timing report for details. (File=C:\Users\e.ivanov\Documents\GitHub\time_src\branch\Manchester encoder-decoder.cydsn\Manchester encoder-decoder_timing.html)
Warning: sta.M0021: Manchester encoder-decoder_timing.html: Warning-1350: Asynchronous path(s) exist from "\Boundary32bit:CounterHW\/tc" to "CyBUS_CLK". See the timing report for details. (File=C:\Users\e.ivanov\Documents\GitHub\time_src\branch\Manchester encoder-decoder.cydsn\Manchester encoder-decoder_timing.html)
Warning: sta.M0021: Manchester encoder-decoder_timing.html: Warning-1350: Asynchronous path(s) exist from "CyBUS_CLK" to "\Boundary32bit:CounterHW\/tc". See the timing report for details. (File=C:\Users\e.ivanov\Documents\GitHub\time_src\branch\Manchester encoder-decoder.cydsn\Manchester encoder-decoder_timing.html)
Warning: sta.M0021: Manchester encoder-decoder_timing.html: Warning-1350: Asynchronous path(s) exist from "CyBUS_CLK" to "PPS(0)_PAD". See the timing report for details. (File=C:\Users\e.ivanov\Documents\GitHub\time_src\branch\Manchester encoder-decoder.cydsn\Manchester encoder-decoder_timing.html)
Warning: sta.M0021: Manchester encoder-decoder_timing.html: Warning-1350: Asynchronous path(s) exist from "PPS(0)_PAD" to "CyBUS_CLK". See the timing report for details. (File=C:\Users\e.ivanov\Documents\GitHub\time_src\branch\Manchester encoder-decoder.cydsn\Manchester encoder-decoder_timing.html)
Warning: sta.M0019: Manchester encoder-decoder_timing.html: Warning-1366: Setup time violation found in a path from clock ( CyBUS_CLK ) to clock ( CyBUS_CLK ). (File=C:\Users\e.ivanov\Documents\GitHub\time_src\branch\Manchester encoder-decoder.cydsn\Manchester encoder-decoder_timing.html)
Warning: sta.M0019: Manchester encoder-decoder_timing.html: Warning-1366: Setup time violation found in a path from clock ( CyBUS_CLK ) to clock ( UART_IntClock ). (File=C:\Users\e.ivanov\Documents\GitHub\time_src\branch\Manchester encoder-decoder.cydsn\Manchester encoder-decoder_timing.html)
API Generation...
Dependency Generation...
Cleanup...
arm-none-eabi-gcc.exe -mcpu=cortex-m3 -mthumb -I. -IGenerated_Source\PSoC5 -Wa,-alh=.\CortexM3\ARM_GCC_541\Debug/main.lst -g -D DEBUG -D CY_CORE_ID=0 -Wall -ffunction-sections -ffat-lto-objects -Og -c main.c -o .\CortexM3\ARM_GCC_541\Debug\main.o
main.c: In function 'main':
main.c:208:17: warning: unused variable 'p1' [-Wunused-variable]
         uint32 *p1=ex_buf;
                 ^
main.c:207:15: warning: unused variable 'RecieverFIFO' [-Wunused-variable]
         uint8 RecieverFIFO[1]= {0x0};
               ^
main.c:206:13: warning: unused variable 'store' [-Wunused-variable]
         int store = 0;
             ^
main.c:205:23: warning: unused variable 'true_word' [-Wunused-variable]
         int flag = 0, true_word = 0;
                       ^
main.c:205:13: warning: unused variable 'flag' [-Wunused-variable]
         int flag = 0, true_word = 0;
             ^
main.c:162:9: warning: unused variable 'delay' [-Wunused-variable]
     int delay = 0xFFffff;
         ^
arm-none-eabi-gcc.exe -mcpu=cortex-m3 -mthumb -I. -IGenerated_Source\PSoC5 -Wa,-alh=.\CortexM3\ARM_GCC_541\Debug/sender.lst -g -D DEBUG -D CY_CORE_ID=0 -Wall -ffunction-sections -ffat-lto-objects -Og -c sender.c -o .\CortexM3\ARM_GCC_541\Debug\sender.o
sender.c: In function 'GeneralSend':
sender.c:97:17: warning: unused variable 'pselectedbuf' [-Wunused-variable]
         uint32 *pselectedbuf = dummy_massage;
                 ^
arm-none-eabi-gcc.exe -mcpu=cortex-m3 -mthumb -I. -IGenerated_Source\PSoC5 -Wa,-alh=.\CortexM3\ARM_GCC_541\Debug/Clock.lst -g -D DEBUG -D CY_CORE_ID=0 -Wall -ffunction-sections -ffat-lto-objects -Og -c Clock.c -o .\CortexM3\ARM_GCC_541\Debug\Clock.o
Clock.c: In function 'ReadGpsTime':
Clock.c:54:42: warning: passing argument 2 of 'strtok_e' makes pointer from integer without a cast [-Wint-conversion]
                 pstrtmp = strtok_e (gps, ',');
                                          ^
In file included from Clock.c:13:0:
./global.h:59:7: note: expected 'const char *' but argument is of type 'int'
 char* strtok_e(char* pstr1, const char* pstr2);
       ^
Clock.c:56:43: warning: passing argument 2 of 'strtok_e' makes pointer from integer without a cast [-Wint-conversion]
                 pstrtmp = strtok_e (NULL, ',');
                                           ^
In file included from Clock.c:13:0:
./global.h:59:7: note: expected 'const char *' but argument is of type 'int'
 char* strtok_e(char* pstr1, const char* pstr2);
       ^
Clock.c:58:43: warning: passing argument 2 of 'strtok_e' makes pointer from integer without a cast [-Wint-conversion]
                 pstrtmp = strtok_e (NULL, ',');
                                           ^
In file included from Clock.c:13:0:
./global.h:59:7: note: expected 'const char *' but argument is of type 'int'
 char* strtok_e(char* pstr1, const char* pstr2);
       ^
Clock.c:60:43: warning: passing argument 2 of 'strtok_e' makes pointer from integer without a cast [-Wint-conversion]
                 pstrtmp = strtok_e (NULL, ',');
                                           ^
In file included from Clock.c:13:0:
./global.h:59:7: note: expected 'const char *' but argument is of type 'int'
 char* strtok_e(char* pstr1, const char* pstr2);
       ^
Clock.c:62:43: warning: passing argument 2 of 'strtok_e' makes pointer from integer without a cast [-Wint-conversion]
                 pstrtmp = strtok_e (NULL, ',');
                                           ^
In file included from Clock.c:13:0:
./global.h:59:7: note: expected 'const char *' but argument is of type 'int'
 char* strtok_e(char* pstr1, const char* pstr2);
       ^
Clock.c:64:43: warning: passing argument 2 of 'strtok_e' makes pointer from integer without a cast [-Wint-conversion]
                 pstrtmp = strtok_e (NULL, ',');
                                           ^
In file included from Clock.c:13:0:
./global.h:59:7: note: expected 'const char *' but argument is of type 'int'
 char* strtok_e(char* pstr1, const char* pstr2);
       ^
Clock.c:66:43: warning: passing argument 2 of 'strtok_e' makes pointer from integer without a cast [-Wint-conversion]
                 pstrtmp = strtok_e (NULL, ',');
                                           ^
In file included from Clock.c:13:0:
./global.h:59:7: note: expected 'const char *' but argument is of type 'int'
 char* strtok_e(char* pstr1, const char* pstr2);
       ^
Clock.c:68:43: warning: passing argument 2 of 'strtok_e' makes pointer from integer without a cast [-Wint-conversion]
                 pstrtmp = strtok_e (NULL, ',');
                                           ^
In file included from Clock.c:13:0:
./global.h:59:7: note: expected 'const char *' but argument is of type 'int'
 char* strtok_e(char* pstr1, const char* pstr2);
       ^
Clock.c:70:43: warning: passing argument 2 of 'strtok_e' makes pointer from integer without a cast [-Wint-conversion]
                 pstrtmp = strtok_e (NULL, ',');
                                           ^
In file included from Clock.c:13:0:
./global.h:59:7: note: expected 'const char *' but argument is of type 'int'
 char* strtok_e(char* pstr1, const char* pstr2);
       ^
Clock.c:72:43: warning: passing argument 2 of 'strtok_e' makes pointer from integer without a cast [-Wint-conversion]
                 pstrtmp = strtok_e (NULL, ',');
                                           ^
In file included from Clock.c:13:0:
./global.h:59:7: note: expected 'const char *' but argument is of type 'int'
 char* strtok_e(char* pstr1, const char* pstr2);
       ^
Clock.c:74:43: warning: passing argument 2 of 'strtok_e' makes pointer from integer without a cast [-Wint-conversion]
                 pstrtmp = strtok_e (NULL, ',');
                                           ^
In file included from Clock.c:13:0:
./global.h:59:7: note: expected 'const char *' but argument is of type 'int'
 char* strtok_e(char* pstr1, const char* pstr2);
       ^
Clock.c:76:43: warning: passing argument 2 of 'strtok_e' makes pointer from integer without a cast [-Wint-conversion]
                 pstrtmp = strtok_e (NULL, ',');
                                           ^
In file included from Clock.c:13:0:
./global.h:59:7: note: expected 'const char *' but argument is of type 'int'
 char* strtok_e(char* pstr1, const char* pstr2);
       ^
Clock.c:78:43: warning: passing argument 2 of 'strtok_e' makes pointer from integer without a cast [-Wint-conversion]
                 pstrtmp = strtok_e (NULL, '*');
                                           ^
In file included from Clock.c:13:0:
./global.h:59:7: note: expected 'const char *' but argument is of type 'int'
 char* strtok_e(char* pstr1, const char* pstr2);
       ^
Clock.c:80:43: warning: passing argument 2 of 'strtok_e' makes pointer from integer without a cast [-Wint-conversion]
                 pstrtmp = strtok_e (NULL, '\r');
                                           ^
In file included from Clock.c:13:0:
./global.h:59:7: note: expected 'const char *' but argument is of type 'int'
 char* strtok_e(char* pstr1, const char* pstr2);
       ^
Clock.c: In function 'GpsTimeToInt':
Clock.c:94:9: warning: unused variable 'milisec' [-Wunused-variable]
     int milisec = 0;
         ^
Clock.c: In function 'GpsDataToInt':
Clock.c:109:12: warning: unused variable 'Int' [-Wunused-variable]
     uint32 Int;
            ^
Clock.c: In function 'UnixToCountSec':
Clock.c:167:15: warning: unused variable '_time_stamp' [-Wunused-variable]
     long long _time_stamp;
               ^
Clock.c: In function 'UnixToCountuSec':
Clock.c:174:15: warning: unused variable '_time_stamp' [-Wunused-variable]
     long long _time_stamp;
               ^
Clock.c: In function 'GpsDataToInt':
Clock.c:123:7: warning: 'secs' is used uninitialized in this function [-Wuninitialized]
  secs += (days * (uint32)86400);
       ^
arm-none-eabi-gcc.exe -mcpu=cortex-m3 -mthumb -I. -IGenerated_Source\PSoC5 -Wa,-alh=.\CortexM3\ARM_GCC_541\Debug/stdio_e.lst -g -D DEBUG -D CY_CORE_ID=0 -Wall -ffunction-sections -ffat-lto-objects -Og -c stdio_e.c -o .\CortexM3\ARM_GCC_541\Debug\stdio_e.o
arm-none-eabi-gcc.exe -mcpu=cortex-m3 -mthumb -I. -IGenerated_Source\PSoC5 -Wa,-alh=.\CortexM3\ARM_GCC_541\Debug/USB_UART_cdc.lst -g -D DEBUG -D CY_CORE_ID=0 -Wall -ffunction-sections -ffat-lto-objects -Og -c USB_UART_cdc.c -o .\CortexM3\ARM_GCC_541\Debug\USB_UART_cdc.o
In file included from USB_UART_cdc.c:17:0:
stdio_e.h:13:7: error: conflicting types for 'strtok_e'
 char* strtok_e (char *, char);
       ^
In file included from USB_UART_cdc.c:12:0:
global.h:59:7: note: previous declaration of 'strtok_e' was here
 char* strtok_e(char* pstr1, const char* pstr2);
       ^
The command 'arm-none-eabi-gcc.exe' failed with exit code '1'.
--------------- Rebuild Failed: 06/04/2020 18:22:55 ---------------
