ARM GAS  C:\Users\EA527~1.IVA\AppData\Local\Temp\ccGegh9M.s 			page 1


   1              		.syntax unified
   2              		.cpu cortex-m3
   3              		.fpu softvfp
   4              		.eabi_attribute 20, 1
   5              		.eabi_attribute 21, 1
   6              		.eabi_attribute 23, 3
   7              		.eabi_attribute 24, 1
   8              		.eabi_attribute 25, 1
   9              		.eabi_attribute 26, 1
  10              		.eabi_attribute 30, 1
  11              		.eabi_attribute 34, 1
  12              		.eabi_attribute 18, 4
  13              		.thumb
  14              		.syntax unified
  15              		.file	"BitCounterEnc_PM.c"
  16              		.text
  17              	.Ltext0:
  18              		.cfi_sections	.debug_frame
  19              		.section	.text.BitCounterEnc_SaveConfig,"ax",%progbits
  20              		.align	2
  21              		.global	BitCounterEnc_SaveConfig
  22              		.thumb
  23              		.thumb_func
  24              		.type	BitCounterEnc_SaveConfig, %function
  25              	BitCounterEnc_SaveConfig:
  26              	.LFB0:
  27              		.file 1 "Generated_Source\\PSoC5\\BitCounterEnc_PM.c"
   1:Generated_Source\PSoC5/BitCounterEnc_PM.c **** /*******************************************************************************
   2:Generated_Source\PSoC5/BitCounterEnc_PM.c **** * File Name: BitCounterEnc_PM.c  
   3:Generated_Source\PSoC5/BitCounterEnc_PM.c **** * Version 3.0
   4:Generated_Source\PSoC5/BitCounterEnc_PM.c **** *
   5:Generated_Source\PSoC5/BitCounterEnc_PM.c **** *  Description:
   6:Generated_Source\PSoC5/BitCounterEnc_PM.c **** *    This file provides the power management source code to API for the
   7:Generated_Source\PSoC5/BitCounterEnc_PM.c **** *    Counter.  
   8:Generated_Source\PSoC5/BitCounterEnc_PM.c **** *
   9:Generated_Source\PSoC5/BitCounterEnc_PM.c **** *   Note:
  10:Generated_Source\PSoC5/BitCounterEnc_PM.c **** *     None
  11:Generated_Source\PSoC5/BitCounterEnc_PM.c **** *
  12:Generated_Source\PSoC5/BitCounterEnc_PM.c **** ********************************************************************************
  13:Generated_Source\PSoC5/BitCounterEnc_PM.c **** * Copyright 2008-2012, Cypress Semiconductor Corporation.  All rights reserved.
  14:Generated_Source\PSoC5/BitCounterEnc_PM.c **** * You may use this file only in accordance with the license, terms, conditions, 
  15:Generated_Source\PSoC5/BitCounterEnc_PM.c **** * disclaimers, and limitations in the end user license agreement accompanying 
  16:Generated_Source\PSoC5/BitCounterEnc_PM.c **** * the software package with which this file was provided.
  17:Generated_Source\PSoC5/BitCounterEnc_PM.c **** *******************************************************************************/
  18:Generated_Source\PSoC5/BitCounterEnc_PM.c **** 
  19:Generated_Source\PSoC5/BitCounterEnc_PM.c **** #include "BitCounterEnc.h"
  20:Generated_Source\PSoC5/BitCounterEnc_PM.c **** 
  21:Generated_Source\PSoC5/BitCounterEnc_PM.c **** static BitCounterEnc_backupStruct BitCounterEnc_backup;
  22:Generated_Source\PSoC5/BitCounterEnc_PM.c **** 
  23:Generated_Source\PSoC5/BitCounterEnc_PM.c **** 
  24:Generated_Source\PSoC5/BitCounterEnc_PM.c **** /*******************************************************************************
  25:Generated_Source\PSoC5/BitCounterEnc_PM.c **** * Function Name: BitCounterEnc_SaveConfig
  26:Generated_Source\PSoC5/BitCounterEnc_PM.c **** ********************************************************************************
  27:Generated_Source\PSoC5/BitCounterEnc_PM.c **** * Summary:
  28:Generated_Source\PSoC5/BitCounterEnc_PM.c **** *     Save the current user configuration
  29:Generated_Source\PSoC5/BitCounterEnc_PM.c **** *
  30:Generated_Source\PSoC5/BitCounterEnc_PM.c **** * Parameters:  
ARM GAS  C:\Users\EA527~1.IVA\AppData\Local\Temp\ccGegh9M.s 			page 2


  31:Generated_Source\PSoC5/BitCounterEnc_PM.c **** *  void
  32:Generated_Source\PSoC5/BitCounterEnc_PM.c **** *
  33:Generated_Source\PSoC5/BitCounterEnc_PM.c **** * Return: 
  34:Generated_Source\PSoC5/BitCounterEnc_PM.c **** *  void
  35:Generated_Source\PSoC5/BitCounterEnc_PM.c **** *
  36:Generated_Source\PSoC5/BitCounterEnc_PM.c **** * Global variables:
  37:Generated_Source\PSoC5/BitCounterEnc_PM.c **** *  BitCounterEnc_backup:  Variables of this global structure are modified to 
  38:Generated_Source\PSoC5/BitCounterEnc_PM.c **** *  store the values of non retention configuration registers when Sleep() API is 
  39:Generated_Source\PSoC5/BitCounterEnc_PM.c **** *  called.
  40:Generated_Source\PSoC5/BitCounterEnc_PM.c **** *
  41:Generated_Source\PSoC5/BitCounterEnc_PM.c **** *******************************************************************************/
  42:Generated_Source\PSoC5/BitCounterEnc_PM.c **** void BitCounterEnc_SaveConfig(void) 
  43:Generated_Source\PSoC5/BitCounterEnc_PM.c **** {
  28              		.loc 1 43 0
  29              		.cfi_startproc
  30              		@ args = 0, pretend = 0, frame = 0
  31              		@ frame_needed = 0, uses_anonymous_args = 0
  32 0000 08B5     		push	{r3, lr}
  33              		.cfi_def_cfa_offset 8
  34              		.cfi_offset 3, -8
  35              		.cfi_offset 14, -4
  44:Generated_Source\PSoC5/BitCounterEnc_PM.c ****     #if (!BitCounterEnc_UsingFixedFunction)
  45:Generated_Source\PSoC5/BitCounterEnc_PM.c **** 
  46:Generated_Source\PSoC5/BitCounterEnc_PM.c ****         BitCounterEnc_backup.CounterUdb = BitCounterEnc_ReadCounter();
  36              		.loc 1 46 0
  37 0002 FFF7FEFF 		bl	BitCounterEnc_ReadCounter
  38              	.LVL0:
  39 0006 014B     		ldr	r3, .L3
  40 0008 5870     		strb	r0, [r3, #1]
  41 000a 08BD     		pop	{r3, pc}
  42              	.L4:
  43              		.align	2
  44              	.L3:
  45 000c 00000000 		.word	.LANCHOR0
  46              		.cfi_endproc
  47              	.LFE0:
  48              		.size	BitCounterEnc_SaveConfig, .-BitCounterEnc_SaveConfig
  49              		.section	.text.BitCounterEnc_RestoreConfig,"ax",%progbits
  50              		.align	2
  51              		.global	BitCounterEnc_RestoreConfig
  52              		.thumb
  53              		.thumb_func
  54              		.type	BitCounterEnc_RestoreConfig, %function
  55              	BitCounterEnc_RestoreConfig:
  56              	.LFB1:
  47:Generated_Source\PSoC5/BitCounterEnc_PM.c **** 
  48:Generated_Source\PSoC5/BitCounterEnc_PM.c ****         #if(!BitCounterEnc_ControlRegRemoved)
  49:Generated_Source\PSoC5/BitCounterEnc_PM.c ****             BitCounterEnc_backup.CounterControlRegister = BitCounterEnc_ReadControlRegister();
  50:Generated_Source\PSoC5/BitCounterEnc_PM.c ****         #endif /* (!BitCounterEnc_ControlRegRemoved) */
  51:Generated_Source\PSoC5/BitCounterEnc_PM.c **** 
  52:Generated_Source\PSoC5/BitCounterEnc_PM.c ****     #endif /* (!BitCounterEnc_UsingFixedFunction) */
  53:Generated_Source\PSoC5/BitCounterEnc_PM.c **** }
  54:Generated_Source\PSoC5/BitCounterEnc_PM.c **** 
  55:Generated_Source\PSoC5/BitCounterEnc_PM.c **** 
  56:Generated_Source\PSoC5/BitCounterEnc_PM.c **** /*******************************************************************************
  57:Generated_Source\PSoC5/BitCounterEnc_PM.c **** * Function Name: BitCounterEnc_RestoreConfig
  58:Generated_Source\PSoC5/BitCounterEnc_PM.c **** ********************************************************************************
ARM GAS  C:\Users\EA527~1.IVA\AppData\Local\Temp\ccGegh9M.s 			page 3


  59:Generated_Source\PSoC5/BitCounterEnc_PM.c **** *
  60:Generated_Source\PSoC5/BitCounterEnc_PM.c **** * Summary:
  61:Generated_Source\PSoC5/BitCounterEnc_PM.c **** *  Restores the current user configuration.
  62:Generated_Source\PSoC5/BitCounterEnc_PM.c **** *
  63:Generated_Source\PSoC5/BitCounterEnc_PM.c **** * Parameters:  
  64:Generated_Source\PSoC5/BitCounterEnc_PM.c **** *  void
  65:Generated_Source\PSoC5/BitCounterEnc_PM.c **** *
  66:Generated_Source\PSoC5/BitCounterEnc_PM.c **** * Return: 
  67:Generated_Source\PSoC5/BitCounterEnc_PM.c **** *  void
  68:Generated_Source\PSoC5/BitCounterEnc_PM.c **** *
  69:Generated_Source\PSoC5/BitCounterEnc_PM.c **** * Global variables:
  70:Generated_Source\PSoC5/BitCounterEnc_PM.c **** *  BitCounterEnc_backup:  Variables of this global structure are used to 
  71:Generated_Source\PSoC5/BitCounterEnc_PM.c **** *  restore the values of non retention registers on wakeup from sleep mode.
  72:Generated_Source\PSoC5/BitCounterEnc_PM.c **** *
  73:Generated_Source\PSoC5/BitCounterEnc_PM.c **** *******************************************************************************/
  74:Generated_Source\PSoC5/BitCounterEnc_PM.c **** void BitCounterEnc_RestoreConfig(void) 
  75:Generated_Source\PSoC5/BitCounterEnc_PM.c **** {      
  57              		.loc 1 75 0
  58              		.cfi_startproc
  59              		@ args = 0, pretend = 0, frame = 0
  60              		@ frame_needed = 0, uses_anonymous_args = 0
  61 0000 08B5     		push	{r3, lr}
  62              		.cfi_def_cfa_offset 8
  63              		.cfi_offset 3, -8
  64              		.cfi_offset 14, -4
  76:Generated_Source\PSoC5/BitCounterEnc_PM.c ****     #if (!BitCounterEnc_UsingFixedFunction)
  77:Generated_Source\PSoC5/BitCounterEnc_PM.c **** 
  78:Generated_Source\PSoC5/BitCounterEnc_PM.c ****        BitCounterEnc_WriteCounter(BitCounterEnc_backup.CounterUdb);
  65              		.loc 1 78 0
  66 0002 024B     		ldr	r3, .L7
  67 0004 5878     		ldrb	r0, [r3, #1]	@ zero_extendqisi2
  68 0006 FFF7FEFF 		bl	BitCounterEnc_WriteCounter
  69              	.LVL1:
  70 000a 08BD     		pop	{r3, pc}
  71              	.L8:
  72              		.align	2
  73              	.L7:
  74 000c 00000000 		.word	.LANCHOR0
  75              		.cfi_endproc
  76              	.LFE1:
  77              		.size	BitCounterEnc_RestoreConfig, .-BitCounterEnc_RestoreConfig
  78              		.section	.text.BitCounterEnc_Sleep,"ax",%progbits
  79              		.align	2
  80              		.global	BitCounterEnc_Sleep
  81              		.thumb
  82              		.thumb_func
  83              		.type	BitCounterEnc_Sleep, %function
  84              	BitCounterEnc_Sleep:
  85              	.LFB2:
  79:Generated_Source\PSoC5/BitCounterEnc_PM.c **** 
  80:Generated_Source\PSoC5/BitCounterEnc_PM.c ****         #if(!BitCounterEnc_ControlRegRemoved)
  81:Generated_Source\PSoC5/BitCounterEnc_PM.c ****             BitCounterEnc_WriteControlRegister(BitCounterEnc_backup.CounterControlRegister);
  82:Generated_Source\PSoC5/BitCounterEnc_PM.c ****         #endif /* (!BitCounterEnc_ControlRegRemoved) */
  83:Generated_Source\PSoC5/BitCounterEnc_PM.c **** 
  84:Generated_Source\PSoC5/BitCounterEnc_PM.c ****     #endif /* (!BitCounterEnc_UsingFixedFunction) */
  85:Generated_Source\PSoC5/BitCounterEnc_PM.c **** }
  86:Generated_Source\PSoC5/BitCounterEnc_PM.c **** 
ARM GAS  C:\Users\EA527~1.IVA\AppData\Local\Temp\ccGegh9M.s 			page 4


  87:Generated_Source\PSoC5/BitCounterEnc_PM.c **** 
  88:Generated_Source\PSoC5/BitCounterEnc_PM.c **** /*******************************************************************************
  89:Generated_Source\PSoC5/BitCounterEnc_PM.c **** * Function Name: BitCounterEnc_Sleep
  90:Generated_Source\PSoC5/BitCounterEnc_PM.c **** ********************************************************************************
  91:Generated_Source\PSoC5/BitCounterEnc_PM.c **** * Summary:
  92:Generated_Source\PSoC5/BitCounterEnc_PM.c **** *     Stop and Save the user configuration
  93:Generated_Source\PSoC5/BitCounterEnc_PM.c **** *
  94:Generated_Source\PSoC5/BitCounterEnc_PM.c **** * Parameters:  
  95:Generated_Source\PSoC5/BitCounterEnc_PM.c **** *  void
  96:Generated_Source\PSoC5/BitCounterEnc_PM.c **** *
  97:Generated_Source\PSoC5/BitCounterEnc_PM.c **** * Return: 
  98:Generated_Source\PSoC5/BitCounterEnc_PM.c **** *  void
  99:Generated_Source\PSoC5/BitCounterEnc_PM.c **** *
 100:Generated_Source\PSoC5/BitCounterEnc_PM.c **** * Global variables:
 101:Generated_Source\PSoC5/BitCounterEnc_PM.c **** *  BitCounterEnc_backup.enableState:  Is modified depending on the enable 
 102:Generated_Source\PSoC5/BitCounterEnc_PM.c **** *  state of the block before entering sleep mode.
 103:Generated_Source\PSoC5/BitCounterEnc_PM.c **** *
 104:Generated_Source\PSoC5/BitCounterEnc_PM.c **** *******************************************************************************/
 105:Generated_Source\PSoC5/BitCounterEnc_PM.c **** void BitCounterEnc_Sleep(void) 
 106:Generated_Source\PSoC5/BitCounterEnc_PM.c **** {
  86              		.loc 1 106 0
  87              		.cfi_startproc
  88              		@ args = 0, pretend = 0, frame = 0
  89              		@ frame_needed = 0, uses_anonymous_args = 0
  90 0000 08B5     		push	{r3, lr}
  91              		.cfi_def_cfa_offset 8
  92              		.cfi_offset 3, -8
  93              		.cfi_offset 14, -4
 107:Generated_Source\PSoC5/BitCounterEnc_PM.c ****     #if(!BitCounterEnc_ControlRegRemoved)
 108:Generated_Source\PSoC5/BitCounterEnc_PM.c ****         /* Save Counter's enable state */
 109:Generated_Source\PSoC5/BitCounterEnc_PM.c ****         if(BitCounterEnc_CTRL_ENABLE == (BitCounterEnc_CONTROL & BitCounterEnc_CTRL_ENABLE))
 110:Generated_Source\PSoC5/BitCounterEnc_PM.c ****         {
 111:Generated_Source\PSoC5/BitCounterEnc_PM.c ****             /* Counter is enabled */
 112:Generated_Source\PSoC5/BitCounterEnc_PM.c ****             BitCounterEnc_backup.CounterEnableState = 1u;
 113:Generated_Source\PSoC5/BitCounterEnc_PM.c ****         }
 114:Generated_Source\PSoC5/BitCounterEnc_PM.c ****         else
 115:Generated_Source\PSoC5/BitCounterEnc_PM.c ****         {
 116:Generated_Source\PSoC5/BitCounterEnc_PM.c ****             /* Counter is disabled */
 117:Generated_Source\PSoC5/BitCounterEnc_PM.c ****             BitCounterEnc_backup.CounterEnableState = 0u;
 118:Generated_Source\PSoC5/BitCounterEnc_PM.c ****         }
 119:Generated_Source\PSoC5/BitCounterEnc_PM.c ****     #else
 120:Generated_Source\PSoC5/BitCounterEnc_PM.c ****         BitCounterEnc_backup.CounterEnableState = 1u;
 121:Generated_Source\PSoC5/BitCounterEnc_PM.c ****         if(BitCounterEnc_backup.CounterEnableState != 0u)
 122:Generated_Source\PSoC5/BitCounterEnc_PM.c ****         {
 123:Generated_Source\PSoC5/BitCounterEnc_PM.c ****             BitCounterEnc_backup.CounterEnableState = 0u;
  94              		.loc 1 123 0
  95 0002 0022     		movs	r2, #0
  96 0004 034B     		ldr	r3, .L11
  97 0006 1A70     		strb	r2, [r3]
 124:Generated_Source\PSoC5/BitCounterEnc_PM.c ****         }
 125:Generated_Source\PSoC5/BitCounterEnc_PM.c ****     #endif /* (!BitCounterEnc_ControlRegRemoved) */
 126:Generated_Source\PSoC5/BitCounterEnc_PM.c ****     
 127:Generated_Source\PSoC5/BitCounterEnc_PM.c ****     BitCounterEnc_Stop();
  98              		.loc 1 127 0
  99 0008 FFF7FEFF 		bl	BitCounterEnc_Stop
 100              	.LVL2:
 128:Generated_Source\PSoC5/BitCounterEnc_PM.c ****     BitCounterEnc_SaveConfig();
ARM GAS  C:\Users\EA527~1.IVA\AppData\Local\Temp\ccGegh9M.s 			page 5


 101              		.loc 1 128 0
 102 000c FFF7FEFF 		bl	BitCounterEnc_SaveConfig
 103              	.LVL3:
 104 0010 08BD     		pop	{r3, pc}
 105              	.L12:
 106 0012 00BF     		.align	2
 107              	.L11:
 108 0014 00000000 		.word	.LANCHOR0
 109              		.cfi_endproc
 110              	.LFE2:
 111              		.size	BitCounterEnc_Sleep, .-BitCounterEnc_Sleep
 112              		.section	.text.BitCounterEnc_Wakeup,"ax",%progbits
 113              		.align	2
 114              		.global	BitCounterEnc_Wakeup
 115              		.thumb
 116              		.thumb_func
 117              		.type	BitCounterEnc_Wakeup, %function
 118              	BitCounterEnc_Wakeup:
 119              	.LFB3:
 129:Generated_Source\PSoC5/BitCounterEnc_PM.c **** }
 130:Generated_Source\PSoC5/BitCounterEnc_PM.c **** 
 131:Generated_Source\PSoC5/BitCounterEnc_PM.c **** 
 132:Generated_Source\PSoC5/BitCounterEnc_PM.c **** /*******************************************************************************
 133:Generated_Source\PSoC5/BitCounterEnc_PM.c **** * Function Name: BitCounterEnc_Wakeup
 134:Generated_Source\PSoC5/BitCounterEnc_PM.c **** ********************************************************************************
 135:Generated_Source\PSoC5/BitCounterEnc_PM.c **** *
 136:Generated_Source\PSoC5/BitCounterEnc_PM.c **** * Summary:
 137:Generated_Source\PSoC5/BitCounterEnc_PM.c **** *  Restores and enables the user configuration
 138:Generated_Source\PSoC5/BitCounterEnc_PM.c **** *  
 139:Generated_Source\PSoC5/BitCounterEnc_PM.c **** * Parameters:  
 140:Generated_Source\PSoC5/BitCounterEnc_PM.c **** *  void
 141:Generated_Source\PSoC5/BitCounterEnc_PM.c **** *
 142:Generated_Source\PSoC5/BitCounterEnc_PM.c **** * Return: 
 143:Generated_Source\PSoC5/BitCounterEnc_PM.c **** *  void
 144:Generated_Source\PSoC5/BitCounterEnc_PM.c **** *
 145:Generated_Source\PSoC5/BitCounterEnc_PM.c **** * Global variables:
 146:Generated_Source\PSoC5/BitCounterEnc_PM.c **** *  BitCounterEnc_backup.enableState:  Is used to restore the enable state of 
 147:Generated_Source\PSoC5/BitCounterEnc_PM.c **** *  block on wakeup from sleep mode.
 148:Generated_Source\PSoC5/BitCounterEnc_PM.c **** *
 149:Generated_Source\PSoC5/BitCounterEnc_PM.c **** *******************************************************************************/
 150:Generated_Source\PSoC5/BitCounterEnc_PM.c **** void BitCounterEnc_Wakeup(void) 
 151:Generated_Source\PSoC5/BitCounterEnc_PM.c **** {
 120              		.loc 1 151 0
 121              		.cfi_startproc
 122              		@ args = 0, pretend = 0, frame = 0
 123              		@ frame_needed = 0, uses_anonymous_args = 0
 124 0000 08B5     		push	{r3, lr}
 125              		.cfi_def_cfa_offset 8
 126              		.cfi_offset 3, -8
 127              		.cfi_offset 14, -4
 152:Generated_Source\PSoC5/BitCounterEnc_PM.c ****     BitCounterEnc_RestoreConfig();
 128              		.loc 1 152 0
 129 0002 FFF7FEFF 		bl	BitCounterEnc_RestoreConfig
 130              	.LVL4:
 131 0006 08BD     		pop	{r3, pc}
 132              		.cfi_endproc
 133              	.LFE3:
ARM GAS  C:\Users\EA527~1.IVA\AppData\Local\Temp\ccGegh9M.s 			page 6


 134              		.size	BitCounterEnc_Wakeup, .-BitCounterEnc_Wakeup
 135              		.bss
 136              		.align	2
 137              		.set	.LANCHOR0,. + 0
 138              		.type	BitCounterEnc_backup, %object
 139              		.size	BitCounterEnc_backup, 2
 140              	BitCounterEnc_backup:
 141 0000 0000     		.space	2
 142              		.text
 143              	.Letext0:
 144              		.file 2 "Generated_Source\\PSoC5\\BitCounterEnc.h"
 145              		.file 3 "Generated_Source\\PSoC5\\cytypes.h"
 146              		.section	.debug_info,"",%progbits
 147              	.Ldebug_info0:
 148 0000 7A010000 		.4byte	0x17a
 149 0004 0400     		.2byte	0x4
 150 0006 00000000 		.4byte	.Ldebug_abbrev0
 151 000a 04       		.byte	0x4
 152 000b 01       		.uleb128 0x1
 153 000c 75000000 		.4byte	.LASF25
 154 0010 0C       		.byte	0xc
 155 0011 4B000000 		.4byte	.LASF26
 156 0015 81010000 		.4byte	.LASF27
 157 0019 00000000 		.4byte	.Ldebug_ranges0+0
 158 001d 00000000 		.4byte	0
 159 0021 00000000 		.4byte	.Ldebug_line0
 160 0025 02       		.uleb128 0x2
 161 0026 01       		.byte	0x1
 162 0027 06       		.byte	0x6
 163 0028 46020000 		.4byte	.LASF0
 164 002c 02       		.uleb128 0x2
 165 002d 01       		.byte	0x1
 166 002e 08       		.byte	0x8
 167 002f 11020000 		.4byte	.LASF1
 168 0033 02       		.uleb128 0x2
 169 0034 02       		.byte	0x2
 170 0035 05       		.byte	0x5
 171 0036 8B020000 		.4byte	.LASF2
 172 003a 02       		.uleb128 0x2
 173 003b 02       		.byte	0x2
 174 003c 07       		.byte	0x7
 175 003d 33020000 		.4byte	.LASF3
 176 0041 02       		.uleb128 0x2
 177 0042 04       		.byte	0x4
 178 0043 05       		.byte	0x5
 179 0044 EE010000 		.4byte	.LASF4
 180 0048 02       		.uleb128 0x2
 181 0049 04       		.byte	0x4
 182 004a 07       		.byte	0x7
 183 004b 09010000 		.4byte	.LASF5
 184 004f 02       		.uleb128 0x2
 185 0050 08       		.byte	0x8
 186 0051 05       		.byte	0x5
 187 0052 00000000 		.4byte	.LASF6
 188 0056 02       		.uleb128 0x2
 189 0057 08       		.byte	0x8
 190 0058 07       		.byte	0x7
ARM GAS  C:\Users\EA527~1.IVA\AppData\Local\Temp\ccGegh9M.s 			page 7


 191 0059 1B010000 		.4byte	.LASF7
 192 005d 03       		.uleb128 0x3
 193 005e 04       		.byte	0x4
 194 005f 05       		.byte	0x5
 195 0060 696E7400 		.ascii	"int\000"
 196 0064 02       		.uleb128 0x2
 197 0065 04       		.byte	0x4
 198 0066 07       		.byte	0x7
 199 0067 3E000000 		.4byte	.LASF8
 200 006b 04       		.uleb128 0x4
 201 006c 03010000 		.4byte	.LASF16
 202 0070 03       		.byte	0x3
 203 0071 E401     		.2byte	0x1e4
 204 0073 2C000000 		.4byte	0x2c
 205 0077 02       		.uleb128 0x2
 206 0078 04       		.byte	0x4
 207 0079 04       		.byte	0x4
 208 007a 66010000 		.4byte	.LASF9
 209 007e 02       		.uleb128 0x2
 210 007f 08       		.byte	0x8
 211 0080 04       		.byte	0x4
 212 0081 0A020000 		.4byte	.LASF10
 213 0085 02       		.uleb128 0x2
 214 0086 01       		.byte	0x1
 215 0087 08       		.byte	0x8
 216 0088 E9010000 		.4byte	.LASF11
 217 008c 02       		.uleb128 0x2
 218 008d 08       		.byte	0x8
 219 008e 04       		.byte	0x4
 220 008f 7F020000 		.4byte	.LASF12
 221 0093 02       		.uleb128 0x2
 222 0094 04       		.byte	0x4
 223 0095 07       		.byte	0x7
 224 0096 A0020000 		.4byte	.LASF13
 225 009a 05       		.uleb128 0x5
 226 009b 02       		.byte	0x2
 227 009c 02       		.byte	0x2
 228 009d 40       		.byte	0x40
 229 009e BB000000 		.4byte	0xbb
 230 00a2 06       		.uleb128 0x6
 231 00a3 F7010000 		.4byte	.LASF14
 232 00a7 02       		.byte	0x2
 233 00a8 42       		.byte	0x42
 234 00a9 6B000000 		.4byte	0x6b
 235 00ad 00       		.byte	0
 236 00ae 06       		.uleb128 0x6
 237 00af 95020000 		.4byte	.LASF15
 238 00b3 02       		.byte	0x2
 239 00b4 43       		.byte	0x43
 240 00b5 6B000000 		.4byte	0x6b
 241 00b9 01       		.byte	0x1
 242 00ba 00       		.byte	0
 243 00bb 07       		.uleb128 0x7
 244 00bc 4B010000 		.4byte	.LASF17
 245 00c0 02       		.byte	0x2
 246 00c1 49       		.byte	0x49
 247 00c2 9A000000 		.4byte	0x9a
ARM GAS  C:\Users\EA527~1.IVA\AppData\Local\Temp\ccGegh9M.s 			page 8


 248 00c6 08       		.uleb128 0x8
 249 00c7 32010000 		.4byte	.LASF18
 250 00cb 01       		.byte	0x1
 251 00cc 2A       		.byte	0x2a
 252 00cd 00000000 		.4byte	.LFB0
 253 00d1 10000000 		.4byte	.LFE0-.LFB0
 254 00d5 01       		.uleb128 0x1
 255 00d6 9C       		.byte	0x9c
 256 00d7 E5000000 		.4byte	0xe5
 257 00db 09       		.uleb128 0x9
 258 00dc 06000000 		.4byte	.LVL0
 259 00e0 5C010000 		.4byte	0x15c
 260 00e4 00       		.byte	0
 261 00e5 08       		.uleb128 0x8
 262 00e6 CD010000 		.4byte	.LASF19
 263 00ea 01       		.byte	0x1
 264 00eb 4A       		.byte	0x4a
 265 00ec 00000000 		.4byte	.LFB1
 266 00f0 10000000 		.4byte	.LFE1-.LFB1
 267 00f4 01       		.uleb128 0x1
 268 00f5 9C       		.byte	0x9c
 269 00f6 04010000 		.4byte	0x104
 270 00fa 09       		.uleb128 0x9
 271 00fb 0A000000 		.4byte	.LVL1
 272 00ff 67010000 		.4byte	0x167
 273 0103 00       		.byte	0
 274 0104 08       		.uleb128 0x8
 275 0105 1F020000 		.4byte	.LASF20
 276 0109 01       		.byte	0x1
 277 010a 69       		.byte	0x69
 278 010b 00000000 		.4byte	.LFB2
 279 010f 18000000 		.4byte	.LFE2-.LFB2
 280 0113 01       		.uleb128 0x1
 281 0114 9C       		.byte	0x9c
 282 0115 2C010000 		.4byte	0x12c
 283 0119 09       		.uleb128 0x9
 284 011a 0C000000 		.4byte	.LVL2
 285 011e 72010000 		.4byte	0x172
 286 0122 09       		.uleb128 0x9
 287 0123 10000000 		.4byte	.LVL3
 288 0127 C6000000 		.4byte	0xc6
 289 012b 00       		.byte	0
 290 012c 08       		.uleb128 0x8
 291 012d 6C010000 		.4byte	.LASF21
 292 0131 01       		.byte	0x1
 293 0132 96       		.byte	0x96
 294 0133 00000000 		.4byte	.LFB3
 295 0137 08000000 		.4byte	.LFE3-.LFB3
 296 013b 01       		.uleb128 0x1
 297 013c 9C       		.byte	0x9c
 298 013d 4B010000 		.4byte	0x14b
 299 0141 09       		.uleb128 0x9
 300 0142 06000000 		.4byte	.LVL4
 301 0146 E5000000 		.4byte	0xe5
 302 014a 00       		.byte	0
 303 014b 0A       		.uleb128 0xa
 304 014c 0E000000 		.4byte	.LASF28
ARM GAS  C:\Users\EA527~1.IVA\AppData\Local\Temp\ccGegh9M.s 			page 9


 305 0150 01       		.byte	0x1
 306 0151 15       		.byte	0x15
 307 0152 BB000000 		.4byte	0xbb
 308 0156 05       		.uleb128 0x5
 309 0157 03       		.byte	0x3
 310 0158 00000000 		.4byte	BitCounterEnc_backup
 311 015c 0B       		.uleb128 0xb
 312 015d 52020000 		.4byte	.LASF22
 313 0161 52020000 		.4byte	.LASF22
 314 0165 02       		.byte	0x2
 315 0166 5D       		.byte	0x5d
 316 0167 0B       		.uleb128 0xb
 317 0168 23000000 		.4byte	.LASF23
 318 016c 23000000 		.4byte	.LASF23
 319 0170 02       		.byte	0x2
 320 0171 5A       		.byte	0x5a
 321 0172 0B       		.uleb128 0xb
 322 0173 6C020000 		.4byte	.LASF24
 323 0177 6C020000 		.4byte	.LASF24
 324 017b 02       		.byte	0x2
 325 017c 50       		.byte	0x50
 326 017d 00       		.byte	0
 327              		.section	.debug_abbrev,"",%progbits
 328              	.Ldebug_abbrev0:
 329 0000 01       		.uleb128 0x1
 330 0001 11       		.uleb128 0x11
 331 0002 01       		.byte	0x1
 332 0003 25       		.uleb128 0x25
 333 0004 0E       		.uleb128 0xe
 334 0005 13       		.uleb128 0x13
 335 0006 0B       		.uleb128 0xb
 336 0007 03       		.uleb128 0x3
 337 0008 0E       		.uleb128 0xe
 338 0009 1B       		.uleb128 0x1b
 339 000a 0E       		.uleb128 0xe
 340 000b 55       		.uleb128 0x55
 341 000c 17       		.uleb128 0x17
 342 000d 11       		.uleb128 0x11
 343 000e 01       		.uleb128 0x1
 344 000f 10       		.uleb128 0x10
 345 0010 17       		.uleb128 0x17
 346 0011 00       		.byte	0
 347 0012 00       		.byte	0
 348 0013 02       		.uleb128 0x2
 349 0014 24       		.uleb128 0x24
 350 0015 00       		.byte	0
 351 0016 0B       		.uleb128 0xb
 352 0017 0B       		.uleb128 0xb
 353 0018 3E       		.uleb128 0x3e
 354 0019 0B       		.uleb128 0xb
 355 001a 03       		.uleb128 0x3
 356 001b 0E       		.uleb128 0xe
 357 001c 00       		.byte	0
 358 001d 00       		.byte	0
 359 001e 03       		.uleb128 0x3
 360 001f 24       		.uleb128 0x24
 361 0020 00       		.byte	0
ARM GAS  C:\Users\EA527~1.IVA\AppData\Local\Temp\ccGegh9M.s 			page 10


 362 0021 0B       		.uleb128 0xb
 363 0022 0B       		.uleb128 0xb
 364 0023 3E       		.uleb128 0x3e
 365 0024 0B       		.uleb128 0xb
 366 0025 03       		.uleb128 0x3
 367 0026 08       		.uleb128 0x8
 368 0027 00       		.byte	0
 369 0028 00       		.byte	0
 370 0029 04       		.uleb128 0x4
 371 002a 16       		.uleb128 0x16
 372 002b 00       		.byte	0
 373 002c 03       		.uleb128 0x3
 374 002d 0E       		.uleb128 0xe
 375 002e 3A       		.uleb128 0x3a
 376 002f 0B       		.uleb128 0xb
 377 0030 3B       		.uleb128 0x3b
 378 0031 05       		.uleb128 0x5
 379 0032 49       		.uleb128 0x49
 380 0033 13       		.uleb128 0x13
 381 0034 00       		.byte	0
 382 0035 00       		.byte	0
 383 0036 05       		.uleb128 0x5
 384 0037 13       		.uleb128 0x13
 385 0038 01       		.byte	0x1
 386 0039 0B       		.uleb128 0xb
 387 003a 0B       		.uleb128 0xb
 388 003b 3A       		.uleb128 0x3a
 389 003c 0B       		.uleb128 0xb
 390 003d 3B       		.uleb128 0x3b
 391 003e 0B       		.uleb128 0xb
 392 003f 01       		.uleb128 0x1
 393 0040 13       		.uleb128 0x13
 394 0041 00       		.byte	0
 395 0042 00       		.byte	0
 396 0043 06       		.uleb128 0x6
 397 0044 0D       		.uleb128 0xd
 398 0045 00       		.byte	0
 399 0046 03       		.uleb128 0x3
 400 0047 0E       		.uleb128 0xe
 401 0048 3A       		.uleb128 0x3a
 402 0049 0B       		.uleb128 0xb
 403 004a 3B       		.uleb128 0x3b
 404 004b 0B       		.uleb128 0xb
 405 004c 49       		.uleb128 0x49
 406 004d 13       		.uleb128 0x13
 407 004e 38       		.uleb128 0x38
 408 004f 0B       		.uleb128 0xb
 409 0050 00       		.byte	0
 410 0051 00       		.byte	0
 411 0052 07       		.uleb128 0x7
 412 0053 16       		.uleb128 0x16
 413 0054 00       		.byte	0
 414 0055 03       		.uleb128 0x3
 415 0056 0E       		.uleb128 0xe
 416 0057 3A       		.uleb128 0x3a
 417 0058 0B       		.uleb128 0xb
 418 0059 3B       		.uleb128 0x3b
ARM GAS  C:\Users\EA527~1.IVA\AppData\Local\Temp\ccGegh9M.s 			page 11


 419 005a 0B       		.uleb128 0xb
 420 005b 49       		.uleb128 0x49
 421 005c 13       		.uleb128 0x13
 422 005d 00       		.byte	0
 423 005e 00       		.byte	0
 424 005f 08       		.uleb128 0x8
 425 0060 2E       		.uleb128 0x2e
 426 0061 01       		.byte	0x1
 427 0062 3F       		.uleb128 0x3f
 428 0063 19       		.uleb128 0x19
 429 0064 03       		.uleb128 0x3
 430 0065 0E       		.uleb128 0xe
 431 0066 3A       		.uleb128 0x3a
 432 0067 0B       		.uleb128 0xb
 433 0068 3B       		.uleb128 0x3b
 434 0069 0B       		.uleb128 0xb
 435 006a 27       		.uleb128 0x27
 436 006b 19       		.uleb128 0x19
 437 006c 11       		.uleb128 0x11
 438 006d 01       		.uleb128 0x1
 439 006e 12       		.uleb128 0x12
 440 006f 06       		.uleb128 0x6
 441 0070 40       		.uleb128 0x40
 442 0071 18       		.uleb128 0x18
 443 0072 9742     		.uleb128 0x2117
 444 0074 19       		.uleb128 0x19
 445 0075 01       		.uleb128 0x1
 446 0076 13       		.uleb128 0x13
 447 0077 00       		.byte	0
 448 0078 00       		.byte	0
 449 0079 09       		.uleb128 0x9
 450 007a 898201   		.uleb128 0x4109
 451 007d 00       		.byte	0
 452 007e 11       		.uleb128 0x11
 453 007f 01       		.uleb128 0x1
 454 0080 31       		.uleb128 0x31
 455 0081 13       		.uleb128 0x13
 456 0082 00       		.byte	0
 457 0083 00       		.byte	0
 458 0084 0A       		.uleb128 0xa
 459 0085 34       		.uleb128 0x34
 460 0086 00       		.byte	0
 461 0087 03       		.uleb128 0x3
 462 0088 0E       		.uleb128 0xe
 463 0089 3A       		.uleb128 0x3a
 464 008a 0B       		.uleb128 0xb
 465 008b 3B       		.uleb128 0x3b
 466 008c 0B       		.uleb128 0xb
 467 008d 49       		.uleb128 0x49
 468 008e 13       		.uleb128 0x13
 469 008f 02       		.uleb128 0x2
 470 0090 18       		.uleb128 0x18
 471 0091 00       		.byte	0
 472 0092 00       		.byte	0
 473 0093 0B       		.uleb128 0xb
 474 0094 2E       		.uleb128 0x2e
 475 0095 00       		.byte	0
ARM GAS  C:\Users\EA527~1.IVA\AppData\Local\Temp\ccGegh9M.s 			page 12


 476 0096 3F       		.uleb128 0x3f
 477 0097 19       		.uleb128 0x19
 478 0098 3C       		.uleb128 0x3c
 479 0099 19       		.uleb128 0x19
 480 009a 6E       		.uleb128 0x6e
 481 009b 0E       		.uleb128 0xe
 482 009c 03       		.uleb128 0x3
 483 009d 0E       		.uleb128 0xe
 484 009e 3A       		.uleb128 0x3a
 485 009f 0B       		.uleb128 0xb
 486 00a0 3B       		.uleb128 0x3b
 487 00a1 0B       		.uleb128 0xb
 488 00a2 00       		.byte	0
 489 00a3 00       		.byte	0
 490 00a4 00       		.byte	0
 491              		.section	.debug_aranges,"",%progbits
 492 0000 34000000 		.4byte	0x34
 493 0004 0200     		.2byte	0x2
 494 0006 00000000 		.4byte	.Ldebug_info0
 495 000a 04       		.byte	0x4
 496 000b 00       		.byte	0
 497 000c 0000     		.2byte	0
 498 000e 0000     		.2byte	0
 499 0010 00000000 		.4byte	.LFB0
 500 0014 10000000 		.4byte	.LFE0-.LFB0
 501 0018 00000000 		.4byte	.LFB1
 502 001c 10000000 		.4byte	.LFE1-.LFB1
 503 0020 00000000 		.4byte	.LFB2
 504 0024 18000000 		.4byte	.LFE2-.LFB2
 505 0028 00000000 		.4byte	.LFB3
 506 002c 08000000 		.4byte	.LFE3-.LFB3
 507 0030 00000000 		.4byte	0
 508 0034 00000000 		.4byte	0
 509              		.section	.debug_ranges,"",%progbits
 510              	.Ldebug_ranges0:
 511 0000 00000000 		.4byte	.LFB0
 512 0004 10000000 		.4byte	.LFE0
 513 0008 00000000 		.4byte	.LFB1
 514 000c 10000000 		.4byte	.LFE1
 515 0010 00000000 		.4byte	.LFB2
 516 0014 18000000 		.4byte	.LFE2
 517 0018 00000000 		.4byte	.LFB3
 518 001c 08000000 		.4byte	.LFE3
 519 0020 00000000 		.4byte	0
 520 0024 00000000 		.4byte	0
 521              		.section	.debug_line,"",%progbits
 522              	.Ldebug_line0:
 523 0000 AD000000 		.section	.debug_str,"MS",%progbits,1
 523      02006000 
 523      00000201 
 523      FB0E0D00 
 523      01010101 
 524              	.LASF6:
 525 0000 6C6F6E67 		.ascii	"long long int\000"
 525      206C6F6E 
 525      6720696E 
 525      7400
ARM GAS  C:\Users\EA527~1.IVA\AppData\Local\Temp\ccGegh9M.s 			page 13


 526              	.LASF28:
 527 000e 42697443 		.ascii	"BitCounterEnc_backup\000"
 527      6F756E74 
 527      6572456E 
 527      635F6261 
 527      636B7570 
 528              	.LASF23:
 529 0023 42697443 		.ascii	"BitCounterEnc_WriteCounter\000"
 529      6F756E74 
 529      6572456E 
 529      635F5772 
 529      69746543 
 530              	.LASF8:
 531 003e 756E7369 		.ascii	"unsigned int\000"
 531      676E6564 
 531      20696E74 
 531      00
 532              	.LASF26:
 533 004b 47656E65 		.ascii	"Generated_Source\\PSoC5\\BitCounterEnc_PM.c\000"
 533      72617465 
 533      645F536F 
 533      75726365 
 533      5C50536F 
 534              	.LASF25:
 535 0075 474E5520 		.ascii	"GNU C11 5.4.1 20160609 (release) [ARM/embedded-5-br"
 535      43313120 
 535      352E342E 
 535      31203230 
 535      31363036 
 536 00a8 616E6368 		.ascii	"anch revision 237715] -mcpu=cortex-m3 -mthumb -g -O"
 536      20726576 
 536      6973696F 
 536      6E203233 
 536      37373135 
 537 00db 67202D66 		.ascii	"g -ffunction-sections -ffat-lto-objects\000"
 537      66756E63 
 537      74696F6E 
 537      2D736563 
 537      74696F6E 
 538              	.LASF16:
 539 0103 75696E74 		.ascii	"uint8\000"
 539      3800
 540              	.LASF5:
 541 0109 6C6F6E67 		.ascii	"long unsigned int\000"
 541      20756E73 
 541      69676E65 
 541      6420696E 
 541      7400
 542              	.LASF7:
 543 011b 6C6F6E67 		.ascii	"long long unsigned int\000"
 543      206C6F6E 
 543      6720756E 
 543      7369676E 
 543      65642069 
 544              	.LASF18:
 545 0132 42697443 		.ascii	"BitCounterEnc_SaveConfig\000"
 545      6F756E74 
ARM GAS  C:\Users\EA527~1.IVA\AppData\Local\Temp\ccGegh9M.s 			page 14


 545      6572456E 
 545      635F5361 
 545      7665436F 
 546              	.LASF17:
 547 014b 42697443 		.ascii	"BitCounterEnc_backupStruct\000"
 547      6F756E74 
 547      6572456E 
 547      635F6261 
 547      636B7570 
 548              	.LASF9:
 549 0166 666C6F61 		.ascii	"float\000"
 549      7400
 550              	.LASF21:
 551 016c 42697443 		.ascii	"BitCounterEnc_Wakeup\000"
 551      6F756E74 
 551      6572456E 
 551      635F5761 
 551      6B657570 
 552              	.LASF27:
 553 0181 433A5C55 		.ascii	"C:\\Users\\e.ivanov\\Documents\\GitHub\\generic\\Ma"
 553      73657273 
 553      5C652E69 
 553      76616E6F 
 553      765C446F 
 554 01ae 6E636865 		.ascii	"nchester encoder-decoder.cydsn\000"
 554      73746572 
 554      20656E63 
 554      6F646572 
 554      2D646563 
 555              	.LASF19:
 556 01cd 42697443 		.ascii	"BitCounterEnc_RestoreConfig\000"
 556      6F756E74 
 556      6572456E 
 556      635F5265 
 556      73746F72 
 557              	.LASF11:
 558 01e9 63686172 		.ascii	"char\000"
 558      00
 559              	.LASF4:
 560 01ee 6C6F6E67 		.ascii	"long int\000"
 560      20696E74 
 560      00
 561              	.LASF14:
 562 01f7 436F756E 		.ascii	"CounterEnableState\000"
 562      74657245 
 562      6E61626C 
 562      65537461 
 562      746500
 563              	.LASF10:
 564 020a 646F7562 		.ascii	"double\000"
 564      6C6500
 565              	.LASF1:
 566 0211 756E7369 		.ascii	"unsigned char\000"
 566      676E6564 
 566      20636861 
 566      7200
 567              	.LASF20:
ARM GAS  C:\Users\EA527~1.IVA\AppData\Local\Temp\ccGegh9M.s 			page 15


 568 021f 42697443 		.ascii	"BitCounterEnc_Sleep\000"
 568      6F756E74 
 568      6572456E 
 568      635F536C 
 568      65657000 
 569              	.LASF3:
 570 0233 73686F72 		.ascii	"short unsigned int\000"
 570      7420756E 
 570      7369676E 
 570      65642069 
 570      6E7400
 571              	.LASF0:
 572 0246 7369676E 		.ascii	"signed char\000"
 572      65642063 
 572      68617200 
 573              	.LASF22:
 574 0252 42697443 		.ascii	"BitCounterEnc_ReadCounter\000"
 574      6F756E74 
 574      6572456E 
 574      635F5265 
 574      6164436F 
 575              	.LASF24:
 576 026c 42697443 		.ascii	"BitCounterEnc_Stop\000"
 576      6F756E74 
 576      6572456E 
 576      635F5374 
 576      6F7000
 577              	.LASF12:
 578 027f 6C6F6E67 		.ascii	"long double\000"
 578      20646F75 
 578      626C6500 
 579              	.LASF2:
 580 028b 73686F72 		.ascii	"short int\000"
 580      7420696E 
 580      7400
 581              	.LASF15:
 582 0295 436F756E 		.ascii	"CounterUdb\000"
 582      74657255 
 582      646200
 583              	.LASF13:
 584 02a0 73697A65 		.ascii	"sizetype\000"
 584      74797065 
 584      00
 585              		.ident	"GCC: (GNU Tools for ARM Embedded Processors) 5.4.1 20160609 (release) [ARM/embedded-5-bran
