ARM GAS  C:\Users\EA527~1.IVA\AppData\Local\Temp\cc55GI1c.s 			page 1


   1              		.syntax unified
   2              		.cpu cortex-m3
   3              		.fpu softvfp
   4              		.eabi_attribute 20, 1
   5              		.eabi_attribute 21, 1
   6              		.eabi_attribute 23, 3
   7              		.eabi_attribute 24, 1
   8              		.eabi_attribute 25, 1
   9              		.eabi_attribute 26, 1
  10              		.eabi_attribute 30, 1
  11              		.eabi_attribute 34, 1
  12              		.eabi_attribute 18, 4
  13              		.thumb
  14              		.syntax unified
  15              		.file	"Clock.c"
  16              		.text
  17              	.Ltext0:
  18              		.cfi_sections	.debug_frame
  19              		.section	.text.Strobe,"ax",%progbits
  20              		.align	2
  21              		.global	Strobe
  22              		.thumb
  23              		.thumb_func
  24              		.type	Strobe, %function
  25              	Strobe:
  26              	.LFB63:
  27              		.file 1 "Clock.c"
   1:Clock.c       **** /* ========================================
   2:Clock.c       ****  *
   3:Clock.c       ****  * Copyright YOUR COMPANY, THE YEAR
   4:Clock.c       ****  * All Rights Reserved
   5:Clock.c       ****  * UNPUBLISHED, LICENSED SOFTWARE.
   6:Clock.c       ****  *
   7:Clock.c       ****  * CONFIDENTIAL AND PROPRIETARY INFORMATION
   8:Clock.c       ****  * WHICH IS THE PROPERTY OF your company.
   9:Clock.c       ****  *
  10:Clock.c       ****  * ========================================
  11:Clock.c       **** */
  12:Clock.c       **** 
  13:Clock.c       **** #include <project.h>
  14:Clock.c       **** 
  15:Clock.c       **** void Strobe () {
  28              		.loc 1 15 0
  29              		.cfi_startproc
  30              		@ args = 0, pretend = 0, frame = 0
  31              		@ frame_needed = 0, uses_anonymous_args = 0
  32 0000 08B5     		push	{r3, lr}
  33              		.cfi_def_cfa_offset 8
  34              		.cfi_offset 3, -8
  35              		.cfi_offset 14, -4
  16:Clock.c       ****     Control_Period_Write(1);
  36              		.loc 1 16 0
  37 0002 0120     		movs	r0, #1
  38 0004 FFF7FEFF 		bl	Control_Period_Write
  39              	.LVL0:
  40              	.L2:
  17:Clock.c       ****     while ((Status_Period_Read()&1) == 0);
ARM GAS  C:\Users\EA527~1.IVA\AppData\Local\Temp\cc55GI1c.s 			page 2


  41              		.loc 1 17 0 discriminator 1
  42 0008 FFF7FEFF 		bl	Status_Period_Read
  43              	.LVL1:
  44 000c 10F0010F 		tst	r0, #1
  45 0010 FAD0     		beq	.L2
  18:Clock.c       ****     Control_Period_Write(0);
  46              		.loc 1 18 0
  47 0012 0020     		movs	r0, #0
  48 0014 FFF7FEFF 		bl	Control_Period_Write
  49              	.LVL2:
  50              	.L3:
  19:Clock.c       ****     while ((Status_Period_Read()&1) != 0);    
  51              		.loc 1 19 0 discriminator 1
  52 0018 FFF7FEFF 		bl	Status_Period_Read
  53              	.LVL3:
  54 001c 10F0010F 		tst	r0, #1
  55 0020 FAD1     		bne	.L3
  20:Clock.c       **** }
  56              		.loc 1 20 0
  57 0022 08BD     		pop	{r3, pc}
  58              		.cfi_endproc
  59              	.LFE63:
  60              		.size	Strobe, .-Strobe
  61              		.section	.text.UpdatePeriod,"ax",%progbits
  62              		.align	2
  63              		.global	UpdatePeriod
  64              		.thumb
  65              		.thumb_func
  66              		.type	UpdatePeriod, %function
  67              	UpdatePeriod:
  68              	.LFB64:
  21:Clock.c       **** 
  22:Clock.c       **** void UpdatePeriod(uint32 NewPeriod) {
  69              		.loc 1 22 0
  70              		.cfi_startproc
  71              		@ args = 0, pretend = 0, frame = 0
  72              		@ frame_needed = 0, uses_anonymous_args = 0
  73              	.LVL4:
  74 0000 08B5     		push	{r3, lr}
  75              		.cfi_def_cfa_offset 8
  76              		.cfi_offset 3, -8
  77              		.cfi_offset 14, -4
  23:Clock.c       ****     Period_WriteData(NewPeriod);
  78              		.loc 1 23 0
  79 0002 C0B2     		uxtb	r0, r0
  80              	.LVL5:
  81 0004 FFF7FEFF 		bl	Period_WriteData
  82              	.LVL6:
  24:Clock.c       ****     Strobe();    
  83              		.loc 1 24 0
  84 0008 FFF7FEFF 		bl	Strobe
  85              	.LVL7:
  86 000c 08BD     		pop	{r3, pc}
  87              		.cfi_endproc
  88              	.LFE64:
  89              		.size	UpdatePeriod, .-UpdatePeriod
  90 000e 00BF     		.text
ARM GAS  C:\Users\EA527~1.IVA\AppData\Local\Temp\cc55GI1c.s 			page 3


  91              	.Letext0:
  92              		.file 2 "c:\\program files (x86)\\cypress\\psoc creator\\4.2\\psoc creator\\import\\gnu\\arm\\5.4.
  93              		.file 3 "c:\\program files (x86)\\cypress\\psoc creator\\4.2\\psoc creator\\import\\gnu\\arm\\5.4.
  94              		.file 4 "Generated_Source\\PSoC5/cytypes.h"
  95              		.file 5 "Generated_Source\\PSoC5/Control_Period.h"
  96              		.file 6 "Generated_Source\\PSoC5/Status_Period.h"
  97              		.file 7 "Generated_Source\\PSoC5/Period.h"
  98              		.file 8 "Generated_Source\\PSoC5/core_cm3.h"
  99              		.section	.debug_info,"",%progbits
 100              	.Ldebug_info0:
 101 0000 70010000 		.4byte	0x170
 102 0004 0400     		.2byte	0x4
 103 0006 00000000 		.4byte	.Ldebug_abbrev0
 104 000a 04       		.byte	0x4
 105 000b 01       		.uleb128 0x1
 106 000c 50000000 		.4byte	.LASF20
 107 0010 0C       		.byte	0xc
 108 0011 07010000 		.4byte	.LASF21
 109 0015 80010000 		.4byte	.LASF22
 110 0019 00000000 		.4byte	.Ldebug_ranges0+0
 111 001d 00000000 		.4byte	0
 112 0021 00000000 		.4byte	.Ldebug_line0
 113 0025 02       		.uleb128 0x2
 114 0026 01       		.byte	0x1
 115 0027 06       		.byte	0x6
 116 0028 33000000 		.4byte	.LASF0
 117 002c 02       		.uleb128 0x2
 118 002d 01       		.byte	0x1
 119 002e 08       		.byte	0x8
 120 002f 2F010000 		.4byte	.LASF1
 121 0033 02       		.uleb128 0x2
 122 0034 02       		.byte	0x2
 123 0035 05       		.byte	0x5
 124 0036 E8010000 		.4byte	.LASF2
 125 003a 02       		.uleb128 0x2
 126 003b 02       		.byte	0x2
 127 003c 07       		.byte	0x7
 128 003d 0F010000 		.4byte	.LASF3
 129 0041 03       		.uleb128 0x3
 130 0042 D8010000 		.4byte	.LASF9
 131 0046 02       		.byte	0x2
 132 0047 3F       		.byte	0x3f
 133 0048 4C000000 		.4byte	0x4c
 134 004c 02       		.uleb128 0x2
 135 004d 04       		.byte	0x4
 136 004e 05       		.byte	0x5
 137 004f 55010000 		.4byte	.LASF4
 138 0053 02       		.uleb128 0x2
 139 0054 04       		.byte	0x4
 140 0055 07       		.byte	0x7
 141 0056 DE000000 		.4byte	.LASF5
 142 005a 02       		.uleb128 0x2
 143 005b 08       		.byte	0x8
 144 005c 05       		.byte	0x5
 145 005d 65010000 		.4byte	.LASF6
 146 0061 02       		.uleb128 0x2
 147 0062 08       		.byte	0x8
ARM GAS  C:\Users\EA527~1.IVA\AppData\Local\Temp\cc55GI1c.s 			page 4


 148 0063 07       		.byte	0x7
 149 0064 F0000000 		.4byte	.LASF7
 150 0068 04       		.uleb128 0x4
 151 0069 04       		.byte	0x4
 152 006a 05       		.byte	0x5
 153 006b 696E7400 		.ascii	"int\000"
 154 006f 02       		.uleb128 0x2
 155 0070 04       		.byte	0x4
 156 0071 07       		.byte	0x7
 157 0072 1C000000 		.4byte	.LASF8
 158 0076 03       		.uleb128 0x3
 159 0077 F2010000 		.4byte	.LASF10
 160 007b 03       		.byte	0x3
 161 007c 2C       		.byte	0x2c
 162 007d 41000000 		.4byte	0x41
 163 0081 05       		.uleb128 0x5
 164 0082 15000000 		.4byte	.LASF11
 165 0086 04       		.byte	0x4
 166 0087 E601     		.2byte	0x1e6
 167 0089 53000000 		.4byte	0x53
 168 008d 02       		.uleb128 0x2
 169 008e 04       		.byte	0x4
 170 008f 04       		.byte	0x4
 171 0090 E2010000 		.4byte	.LASF12
 172 0094 02       		.uleb128 0x2
 173 0095 08       		.byte	0x8
 174 0096 04       		.byte	0x4
 175 0097 5E010000 		.4byte	.LASF13
 176 009b 02       		.uleb128 0x2
 177 009c 01       		.byte	0x1
 178 009d 08       		.byte	0x8
 179 009e 3D010000 		.4byte	.LASF14
 180 00a2 02       		.uleb128 0x2
 181 00a3 08       		.byte	0x8
 182 00a4 04       		.byte	0x4
 183 00a5 CC010000 		.4byte	.LASF15
 184 00a9 02       		.uleb128 0x2
 185 00aa 04       		.byte	0x4
 186 00ab 07       		.byte	0x7
 187 00ac FA010000 		.4byte	.LASF16
 188 00b0 06       		.uleb128 0x6
 189 00b1 03020000 		.4byte	.LASF23
 190 00b5 01       		.byte	0x1
 191 00b6 0F       		.byte	0xf
 192 00b7 00000000 		.4byte	.LFB63
 193 00bb 24000000 		.4byte	.LFE63-.LFB63
 194 00bf 01       		.uleb128 0x1
 195 00c0 9C       		.byte	0x9c
 196 00c1 FE000000 		.4byte	0xfe
 197 00c5 07       		.uleb128 0x7
 198 00c6 08000000 		.4byte	.LVL0
 199 00ca 52010000 		.4byte	0x152
 200 00ce D8000000 		.4byte	0xd8
 201 00d2 08       		.uleb128 0x8
 202 00d3 01       		.uleb128 0x1
 203 00d4 50       		.byte	0x50
 204 00d5 01       		.uleb128 0x1
ARM GAS  C:\Users\EA527~1.IVA\AppData\Local\Temp\cc55GI1c.s 			page 5


 205 00d6 31       		.byte	0x31
 206 00d7 00       		.byte	0
 207 00d8 09       		.uleb128 0x9
 208 00d9 0C000000 		.4byte	.LVL1
 209 00dd 5D010000 		.4byte	0x15d
 210 00e1 07       		.uleb128 0x7
 211 00e2 18000000 		.4byte	.LVL2
 212 00e6 52010000 		.4byte	0x152
 213 00ea F4000000 		.4byte	0xf4
 214 00ee 08       		.uleb128 0x8
 215 00ef 01       		.uleb128 0x1
 216 00f0 50       		.byte	0x50
 217 00f1 01       		.uleb128 0x1
 218 00f2 30       		.byte	0x30
 219 00f3 00       		.byte	0
 220 00f4 09       		.uleb128 0x9
 221 00f5 1C000000 		.4byte	.LVL3
 222 00f9 5D010000 		.4byte	0x15d
 223 00fd 00       		.byte	0
 224 00fe 0A       		.uleb128 0xa
 225 00ff 22010000 		.4byte	.LASF24
 226 0103 01       		.byte	0x1
 227 0104 16       		.byte	0x16
 228 0105 00000000 		.4byte	.LFB64
 229 0109 0E000000 		.4byte	.LFE64-.LFB64
 230 010d 01       		.uleb128 0x1
 231 010e 9C       		.byte	0x9c
 232 010f 41010000 		.4byte	0x141
 233 0113 0B       		.uleb128 0xb
 234 0114 29000000 		.4byte	.LASF25
 235 0118 01       		.byte	0x1
 236 0119 16       		.byte	0x16
 237 011a 81000000 		.4byte	0x81
 238 011e 00000000 		.4byte	.LLST0
 239 0122 07       		.uleb128 0x7
 240 0123 08000000 		.4byte	.LVL6
 241 0127 68010000 		.4byte	0x168
 242 012b 37010000 		.4byte	0x137
 243 012f 08       		.uleb128 0x8
 244 0130 01       		.uleb128 0x1
 245 0131 50       		.byte	0x50
 246 0132 03       		.uleb128 0x3
 247 0133 F3       		.byte	0xf3
 248 0134 01       		.uleb128 0x1
 249 0135 50       		.byte	0x50
 250 0136 00       		.byte	0
 251 0137 09       		.uleb128 0x9
 252 0138 0C000000 		.4byte	.LVL7
 253 013c B0000000 		.4byte	0xb0
 254 0140 00       		.byte	0
 255 0141 0C       		.uleb128 0xc
 256 0142 73010000 		.4byte	.LASF26
 257 0146 08       		.byte	0x8
 258 0147 1207     		.2byte	0x712
 259 0149 4D010000 		.4byte	0x14d
 260 014d 0D       		.uleb128 0xd
 261 014e 76000000 		.4byte	0x76
ARM GAS  C:\Users\EA527~1.IVA\AppData\Local\Temp\cc55GI1c.s 			page 6


 262 0152 0E       		.uleb128 0xe
 263 0153 00000000 		.4byte	.LASF17
 264 0157 00000000 		.4byte	.LASF17
 265 015b 05       		.byte	0x5
 266 015c 2F       		.byte	0x2f
 267 015d 0E       		.uleb128 0xe
 268 015e 42010000 		.4byte	.LASF18
 269 0162 42010000 		.4byte	.LASF18
 270 0166 06       		.byte	0x6
 271 0167 30       		.byte	0x30
 272 0168 0E       		.uleb128 0xe
 273 0169 3F000000 		.4byte	.LASF19
 274 016d 3F000000 		.4byte	.LASF19
 275 0171 07       		.byte	0x7
 276 0172 4E       		.byte	0x4e
 277 0173 00       		.byte	0
 278              		.section	.debug_abbrev,"",%progbits
 279              	.Ldebug_abbrev0:
 280 0000 01       		.uleb128 0x1
 281 0001 11       		.uleb128 0x11
 282 0002 01       		.byte	0x1
 283 0003 25       		.uleb128 0x25
 284 0004 0E       		.uleb128 0xe
 285 0005 13       		.uleb128 0x13
 286 0006 0B       		.uleb128 0xb
 287 0007 03       		.uleb128 0x3
 288 0008 0E       		.uleb128 0xe
 289 0009 1B       		.uleb128 0x1b
 290 000a 0E       		.uleb128 0xe
 291 000b 55       		.uleb128 0x55
 292 000c 17       		.uleb128 0x17
 293 000d 11       		.uleb128 0x11
 294 000e 01       		.uleb128 0x1
 295 000f 10       		.uleb128 0x10
 296 0010 17       		.uleb128 0x17
 297 0011 00       		.byte	0
 298 0012 00       		.byte	0
 299 0013 02       		.uleb128 0x2
 300 0014 24       		.uleb128 0x24
 301 0015 00       		.byte	0
 302 0016 0B       		.uleb128 0xb
 303 0017 0B       		.uleb128 0xb
 304 0018 3E       		.uleb128 0x3e
 305 0019 0B       		.uleb128 0xb
 306 001a 03       		.uleb128 0x3
 307 001b 0E       		.uleb128 0xe
 308 001c 00       		.byte	0
 309 001d 00       		.byte	0
 310 001e 03       		.uleb128 0x3
 311 001f 16       		.uleb128 0x16
 312 0020 00       		.byte	0
 313 0021 03       		.uleb128 0x3
 314 0022 0E       		.uleb128 0xe
 315 0023 3A       		.uleb128 0x3a
 316 0024 0B       		.uleb128 0xb
 317 0025 3B       		.uleb128 0x3b
 318 0026 0B       		.uleb128 0xb
ARM GAS  C:\Users\EA527~1.IVA\AppData\Local\Temp\cc55GI1c.s 			page 7


 319 0027 49       		.uleb128 0x49
 320 0028 13       		.uleb128 0x13
 321 0029 00       		.byte	0
 322 002a 00       		.byte	0
 323 002b 04       		.uleb128 0x4
 324 002c 24       		.uleb128 0x24
 325 002d 00       		.byte	0
 326 002e 0B       		.uleb128 0xb
 327 002f 0B       		.uleb128 0xb
 328 0030 3E       		.uleb128 0x3e
 329 0031 0B       		.uleb128 0xb
 330 0032 03       		.uleb128 0x3
 331 0033 08       		.uleb128 0x8
 332 0034 00       		.byte	0
 333 0035 00       		.byte	0
 334 0036 05       		.uleb128 0x5
 335 0037 16       		.uleb128 0x16
 336 0038 00       		.byte	0
 337 0039 03       		.uleb128 0x3
 338 003a 0E       		.uleb128 0xe
 339 003b 3A       		.uleb128 0x3a
 340 003c 0B       		.uleb128 0xb
 341 003d 3B       		.uleb128 0x3b
 342 003e 05       		.uleb128 0x5
 343 003f 49       		.uleb128 0x49
 344 0040 13       		.uleb128 0x13
 345 0041 00       		.byte	0
 346 0042 00       		.byte	0
 347 0043 06       		.uleb128 0x6
 348 0044 2E       		.uleb128 0x2e
 349 0045 01       		.byte	0x1
 350 0046 3F       		.uleb128 0x3f
 351 0047 19       		.uleb128 0x19
 352 0048 03       		.uleb128 0x3
 353 0049 0E       		.uleb128 0xe
 354 004a 3A       		.uleb128 0x3a
 355 004b 0B       		.uleb128 0xb
 356 004c 3B       		.uleb128 0x3b
 357 004d 0B       		.uleb128 0xb
 358 004e 11       		.uleb128 0x11
 359 004f 01       		.uleb128 0x1
 360 0050 12       		.uleb128 0x12
 361 0051 06       		.uleb128 0x6
 362 0052 40       		.uleb128 0x40
 363 0053 18       		.uleb128 0x18
 364 0054 9742     		.uleb128 0x2117
 365 0056 19       		.uleb128 0x19
 366 0057 01       		.uleb128 0x1
 367 0058 13       		.uleb128 0x13
 368 0059 00       		.byte	0
 369 005a 00       		.byte	0
 370 005b 07       		.uleb128 0x7
 371 005c 898201   		.uleb128 0x4109
 372 005f 01       		.byte	0x1
 373 0060 11       		.uleb128 0x11
 374 0061 01       		.uleb128 0x1
 375 0062 31       		.uleb128 0x31
ARM GAS  C:\Users\EA527~1.IVA\AppData\Local\Temp\cc55GI1c.s 			page 8


 376 0063 13       		.uleb128 0x13
 377 0064 01       		.uleb128 0x1
 378 0065 13       		.uleb128 0x13
 379 0066 00       		.byte	0
 380 0067 00       		.byte	0
 381 0068 08       		.uleb128 0x8
 382 0069 8A8201   		.uleb128 0x410a
 383 006c 00       		.byte	0
 384 006d 02       		.uleb128 0x2
 385 006e 18       		.uleb128 0x18
 386 006f 9142     		.uleb128 0x2111
 387 0071 18       		.uleb128 0x18
 388 0072 00       		.byte	0
 389 0073 00       		.byte	0
 390 0074 09       		.uleb128 0x9
 391 0075 898201   		.uleb128 0x4109
 392 0078 00       		.byte	0
 393 0079 11       		.uleb128 0x11
 394 007a 01       		.uleb128 0x1
 395 007b 31       		.uleb128 0x31
 396 007c 13       		.uleb128 0x13
 397 007d 00       		.byte	0
 398 007e 00       		.byte	0
 399 007f 0A       		.uleb128 0xa
 400 0080 2E       		.uleb128 0x2e
 401 0081 01       		.byte	0x1
 402 0082 3F       		.uleb128 0x3f
 403 0083 19       		.uleb128 0x19
 404 0084 03       		.uleb128 0x3
 405 0085 0E       		.uleb128 0xe
 406 0086 3A       		.uleb128 0x3a
 407 0087 0B       		.uleb128 0xb
 408 0088 3B       		.uleb128 0x3b
 409 0089 0B       		.uleb128 0xb
 410 008a 27       		.uleb128 0x27
 411 008b 19       		.uleb128 0x19
 412 008c 11       		.uleb128 0x11
 413 008d 01       		.uleb128 0x1
 414 008e 12       		.uleb128 0x12
 415 008f 06       		.uleb128 0x6
 416 0090 40       		.uleb128 0x40
 417 0091 18       		.uleb128 0x18
 418 0092 9742     		.uleb128 0x2117
 419 0094 19       		.uleb128 0x19
 420 0095 01       		.uleb128 0x1
 421 0096 13       		.uleb128 0x13
 422 0097 00       		.byte	0
 423 0098 00       		.byte	0
 424 0099 0B       		.uleb128 0xb
 425 009a 05       		.uleb128 0x5
 426 009b 00       		.byte	0
 427 009c 03       		.uleb128 0x3
 428 009d 0E       		.uleb128 0xe
 429 009e 3A       		.uleb128 0x3a
 430 009f 0B       		.uleb128 0xb
 431 00a0 3B       		.uleb128 0x3b
 432 00a1 0B       		.uleb128 0xb
ARM GAS  C:\Users\EA527~1.IVA\AppData\Local\Temp\cc55GI1c.s 			page 9


 433 00a2 49       		.uleb128 0x49
 434 00a3 13       		.uleb128 0x13
 435 00a4 02       		.uleb128 0x2
 436 00a5 17       		.uleb128 0x17
 437 00a6 00       		.byte	0
 438 00a7 00       		.byte	0
 439 00a8 0C       		.uleb128 0xc
 440 00a9 34       		.uleb128 0x34
 441 00aa 00       		.byte	0
 442 00ab 03       		.uleb128 0x3
 443 00ac 0E       		.uleb128 0xe
 444 00ad 3A       		.uleb128 0x3a
 445 00ae 0B       		.uleb128 0xb
 446 00af 3B       		.uleb128 0x3b
 447 00b0 05       		.uleb128 0x5
 448 00b1 49       		.uleb128 0x49
 449 00b2 13       		.uleb128 0x13
 450 00b3 3F       		.uleb128 0x3f
 451 00b4 19       		.uleb128 0x19
 452 00b5 3C       		.uleb128 0x3c
 453 00b6 19       		.uleb128 0x19
 454 00b7 00       		.byte	0
 455 00b8 00       		.byte	0
 456 00b9 0D       		.uleb128 0xd
 457 00ba 35       		.uleb128 0x35
 458 00bb 00       		.byte	0
 459 00bc 49       		.uleb128 0x49
 460 00bd 13       		.uleb128 0x13
 461 00be 00       		.byte	0
 462 00bf 00       		.byte	0
 463 00c0 0E       		.uleb128 0xe
 464 00c1 2E       		.uleb128 0x2e
 465 00c2 00       		.byte	0
 466 00c3 3F       		.uleb128 0x3f
 467 00c4 19       		.uleb128 0x19
 468 00c5 3C       		.uleb128 0x3c
 469 00c6 19       		.uleb128 0x19
 470 00c7 6E       		.uleb128 0x6e
 471 00c8 0E       		.uleb128 0xe
 472 00c9 03       		.uleb128 0x3
 473 00ca 0E       		.uleb128 0xe
 474 00cb 3A       		.uleb128 0x3a
 475 00cc 0B       		.uleb128 0xb
 476 00cd 3B       		.uleb128 0x3b
 477 00ce 0B       		.uleb128 0xb
 478 00cf 00       		.byte	0
 479 00d0 00       		.byte	0
 480 00d1 00       		.byte	0
 481              		.section	.debug_loc,"",%progbits
 482              	.Ldebug_loc0:
 483              	.LLST0:
 484 0000 00000000 		.4byte	.LVL4
 485 0004 04000000 		.4byte	.LVL5
 486 0008 0100     		.2byte	0x1
 487 000a 50       		.byte	0x50
 488 000b 04000000 		.4byte	.LVL5
 489 000f 0E000000 		.4byte	.LFE64
ARM GAS  C:\Users\EA527~1.IVA\AppData\Local\Temp\cc55GI1c.s 			page 10


 490 0013 0400     		.2byte	0x4
 491 0015 F3       		.byte	0xf3
 492 0016 01       		.uleb128 0x1
 493 0017 50       		.byte	0x50
 494 0018 9F       		.byte	0x9f
 495 0019 00000000 		.4byte	0
 496 001d 00000000 		.4byte	0
 497              		.section	.debug_aranges,"",%progbits
 498 0000 24000000 		.4byte	0x24
 499 0004 0200     		.2byte	0x2
 500 0006 00000000 		.4byte	.Ldebug_info0
 501 000a 04       		.byte	0x4
 502 000b 00       		.byte	0
 503 000c 0000     		.2byte	0
 504 000e 0000     		.2byte	0
 505 0010 00000000 		.4byte	.LFB63
 506 0014 24000000 		.4byte	.LFE63-.LFB63
 507 0018 00000000 		.4byte	.LFB64
 508 001c 0E000000 		.4byte	.LFE64-.LFB64
 509 0020 00000000 		.4byte	0
 510 0024 00000000 		.4byte	0
 511              		.section	.debug_ranges,"",%progbits
 512              	.Ldebug_ranges0:
 513 0000 00000000 		.4byte	.LFB63
 514 0004 24000000 		.4byte	.LFE63
 515 0008 00000000 		.4byte	.LFB64
 516 000c 0E000000 		.4byte	.LFE64
 517 0010 00000000 		.4byte	0
 518 0014 00000000 		.4byte	0
 519              		.section	.debug_line,"",%progbits
 520              	.Ldebug_line0:
 521 0000 B3010000 		.section	.debug_str,"MS",%progbits,1
 521      02008001 
 521      00000201 
 521      FB0E0D00 
 521      01010101 
 522              	.LASF17:
 523 0000 436F6E74 		.ascii	"Control_Period_Write\000"
 523      726F6C5F 
 523      50657269 
 523      6F645F57 
 523      72697465 
 524              	.LASF11:
 525 0015 75696E74 		.ascii	"uint32\000"
 525      333200
 526              	.LASF8:
 527 001c 756E7369 		.ascii	"unsigned int\000"
 527      676E6564 
 527      20696E74 
 527      00
 528              	.LASF25:
 529 0029 4E657750 		.ascii	"NewPeriod\000"
 529      6572696F 
 529      6400
 530              	.LASF0:
 531 0033 7369676E 		.ascii	"signed char\000"
 531      65642063 
ARM GAS  C:\Users\EA527~1.IVA\AppData\Local\Temp\cc55GI1c.s 			page 11


 531      68617200 
 532              	.LASF19:
 533 003f 50657269 		.ascii	"Period_WriteData\000"
 533      6F645F57 
 533      72697465 
 533      44617461 
 533      00
 534              	.LASF20:
 535 0050 474E5520 		.ascii	"GNU C11 5.4.1 20160609 (release) [ARM/embedded-5-br"
 535      43313120 
 535      352E342E 
 535      31203230 
 535      31363036 
 536 0083 616E6368 		.ascii	"anch revision 237715] -mcpu=cortex-m3 -mthumb -g -O"
 536      20726576 
 536      6973696F 
 536      6E203233 
 536      37373135 
 537 00b6 67202D66 		.ascii	"g -ffunction-sections -ffat-lto-objects\000"
 537      66756E63 
 537      74696F6E 
 537      2D736563 
 537      74696F6E 
 538              	.LASF5:
 539 00de 6C6F6E67 		.ascii	"long unsigned int\000"
 539      20756E73 
 539      69676E65 
 539      6420696E 
 539      7400
 540              	.LASF7:
 541 00f0 6C6F6E67 		.ascii	"long long unsigned int\000"
 541      206C6F6E 
 541      6720756E 
 541      7369676E 
 541      65642069 
 542              	.LASF21:
 543 0107 436C6F63 		.ascii	"Clock.c\000"
 543      6B2E6300 
 544              	.LASF3:
 545 010f 73686F72 		.ascii	"short unsigned int\000"
 545      7420756E 
 545      7369676E 
 545      65642069 
 545      6E7400
 546              	.LASF24:
 547 0122 55706461 		.ascii	"UpdatePeriod\000"
 547      74655065 
 547      72696F64 
 547      00
 548              	.LASF1:
 549 012f 756E7369 		.ascii	"unsigned char\000"
 549      676E6564 
 549      20636861 
 549      7200
 550              	.LASF14:
 551 013d 63686172 		.ascii	"char\000"
 551      00
ARM GAS  C:\Users\EA527~1.IVA\AppData\Local\Temp\cc55GI1c.s 			page 12


 552              	.LASF18:
 553 0142 53746174 		.ascii	"Status_Period_Read\000"
 553      75735F50 
 553      6572696F 
 553      645F5265 
 553      616400
 554              	.LASF4:
 555 0155 6C6F6E67 		.ascii	"long int\000"
 555      20696E74 
 555      00
 556              	.LASF13:
 557 015e 646F7562 		.ascii	"double\000"
 557      6C6500
 558              	.LASF6:
 559 0165 6C6F6E67 		.ascii	"long long int\000"
 559      206C6F6E 
 559      6720696E 
 559      7400
 560              	.LASF26:
 561 0173 49544D5F 		.ascii	"ITM_RxBuffer\000"
 561      52784275 
 561      66666572 
 561      00
 562              	.LASF22:
 563 0180 433A5C55 		.ascii	"C:\\Users\\e.ivanov\\Documents\\GitHub\\generic\\Ma"
 563      73657273 
 563      5C652E69 
 563      76616E6F 
 563      765C446F 
 564 01ad 6E636865 		.ascii	"nchester encoder-decoder.cydsn\000"
 564      73746572 
 564      20656E63 
 564      6F646572 
 564      2D646563 
 565              	.LASF15:
 566 01cc 6C6F6E67 		.ascii	"long double\000"
 566      20646F75 
 566      626C6500 
 567              	.LASF9:
 568 01d8 5F5F696E 		.ascii	"__int32_t\000"
 568      7433325F 
 568      7400
 569              	.LASF12:
 570 01e2 666C6F61 		.ascii	"float\000"
 570      7400
 571              	.LASF2:
 572 01e8 73686F72 		.ascii	"short int\000"
 572      7420696E 
 572      7400
 573              	.LASF10:
 574 01f2 696E7433 		.ascii	"int32_t\000"
 574      325F7400 
 575              	.LASF16:
 576 01fa 73697A65 		.ascii	"sizetype\000"
 576      74797065 
 576      00
 577              	.LASF23:
ARM GAS  C:\Users\EA527~1.IVA\AppData\Local\Temp\cc55GI1c.s 			page 13


 578 0203 5374726F 		.ascii	"Strobe\000"
 578      626500
 579              		.ident	"GCC: (GNU Tools for ARM Embedded Processors) 5.4.1 20160609 (release) [ARM/embedded-5-bran
