ARM GAS  C:\Users\EA527~1.IVA\AppData\Local\Temp\ccs5ZbBB.s 			page 1


   1              		.syntax unified
   2              		.cpu cortex-m3
   3              		.fpu softvfp
   4              		.eabi_attribute 20, 1
   5              		.eabi_attribute 21, 1
   6              		.eabi_attribute 23, 3
   7              		.eabi_attribute 24, 1
   8              		.eabi_attribute 25, 1
   9              		.eabi_attribute 26, 1
  10              		.eabi_attribute 30, 1
  11              		.eabi_attribute 34, 1
  12              		.eabi_attribute 18, 4
  13              		.thumb
  14              		.syntax unified
  15              		.file	"cymetadata.c"
  16              		.text
  17              	.Ltext0:
  18              		.cfi_sections	.debug_frame
  19              		.global	cy_metadata
  20              		.global	cy_meta_flashprotect
  21              		.global	cy_meta_wonvl
  22              		.global	cy_meta_custnvl
  23              		.global	cy_meta_configecc
  24              		.section	.cyconfigecc,"a",%progbits
  25              		.align	2
  26              		.type	cy_meta_configecc, %object
  27              		.size	cy_meta_configecc, 2336
  28              	cy_meta_configecc:
  29 0000 01       		.byte	1
  30 0001 45       		.byte	69
  31 0002 00       		.byte	0
  32 0003 40       		.byte	64
  33 0004 02       		.byte	2
  34 0005 4F       		.byte	79
  35 0006 00       		.byte	0
  36 0007 40       		.byte	64
  37 0008 05       		.byte	5
  38 0009 52       		.byte	82
  39 000a 00       		.byte	0
  40 000b 40       		.byte	64
  41 000c 05       		.byte	5
  42 000d 64       		.byte	100
  43 000e 00       		.byte	0
  44 000f 40       		.byte	64
  45 0010 01       		.byte	1
  46 0011 65       		.byte	101
  47 0012 00       		.byte	0
  48 0013 40       		.byte	64
  49 0014 5E       		.byte	94
  50 0015 00       		.byte	0
  51 0016 01       		.byte	1
  52 0017 40       		.byte	64
  53 0018 31       		.byte	49
  54 0019 01       		.byte	1
  55 001a 01       		.byte	1
  56 001b 40       		.byte	64
  57 001c 65       		.byte	101
ARM GAS  C:\Users\EA527~1.IVA\AppData\Local\Temp\ccs5ZbBB.s 			page 2


  58 001d 02       		.byte	2
  59 001e 01       		.byte	1
  60 001f 40       		.byte	64
  61 0020 44       		.byte	68
  62 0021 03       		.byte	3
  63 0022 01       		.byte	1
  64 0023 40       		.byte	64
  65 0024 57       		.byte	87
  66 0025 04       		.byte	4
  67 0026 01       		.byte	1
  68 0027 40       		.byte	64
  69 0028 40       		.byte	64
  70 0029 05       		.byte	5
  71 002a 01       		.byte	1
  72 002b 40       		.byte	64
  73 002c 40       		.byte	64
  74 002d 06       		.byte	6
  75 002e 01       		.byte	1
  76 002f 40       		.byte	64
  77 0030 3D       		.byte	61
  78 0031 07       		.byte	7
  79 0032 01       		.byte	1
  80 0033 40       		.byte	64
  81 0034 0B       		.byte	11
  82 0035 09       		.byte	9
  83 0036 01       		.byte	1
  84 0037 40       		.byte	64
  85 0038 24       		.byte	36
  86 0039 0A       		.byte	10
  87 003a 01       		.byte	1
  88 003b 40       		.byte	64
  89 003c 16       		.byte	22
  90 003d 0B       		.byte	11
  91 003e 01       		.byte	1
  92 003f 40       		.byte	64
  93 0040 04       		.byte	4
  94 0041 0C       		.byte	12
  95 0042 01       		.byte	1
  96 0043 40       		.byte	64
  97 0044 04       		.byte	4
  98 0045 0D       		.byte	13
  99 0046 01       		.byte	1
 100 0047 40       		.byte	64
 101 0048 5D       		.byte	93
 102 0049 14       		.byte	20
 103 004a 01       		.byte	1
 104 004b 40       		.byte	64
 105 004c 39       		.byte	57
 106 004d 15       		.byte	21
 107 004e 01       		.byte	1
 108 004f 40       		.byte	64
 109 0050 59       		.byte	89
 110 0051 16       		.byte	22
 111 0052 01       		.byte	1
 112 0053 40       		.byte	64
 113 0054 42       		.byte	66
 114 0055 17       		.byte	23
ARM GAS  C:\Users\EA527~1.IVA\AppData\Local\Temp\ccs5ZbBB.s 			page 3


 115 0056 01       		.byte	1
 116 0057 40       		.byte	64
 117 0058 07       		.byte	7
 118 0059 40       		.byte	64
 119 005a 01       		.byte	1
 120 005b 40       		.byte	64
 121 005c 0E       		.byte	14
 122 005d 41       		.byte	65
 123 005e 01       		.byte	1
 124 005f 40       		.byte	64
 125 0060 06       		.byte	6
 126 0061 42       		.byte	66
 127 0062 01       		.byte	1
 128 0063 40       		.byte	64
 129 0064 0D       		.byte	13
 130 0065 43       		.byte	67
 131 0066 01       		.byte	1
 132 0067 40       		.byte	64
 133 0068 02       		.byte	2
 134 0069 44       		.byte	68
 135 006a 01       		.byte	1
 136 006b 40       		.byte	64
 137 006c 03       		.byte	3
 138 006d 45       		.byte	69
 139 006e 01       		.byte	1
 140 006f 40       		.byte	64
 141 0070 06       		.byte	6
 142 0071 46       		.byte	70
 143 0072 01       		.byte	1
 144 0073 40       		.byte	64
 145 0074 08       		.byte	8
 146 0075 47       		.byte	71
 147 0076 01       		.byte	1
 148 0077 40       		.byte	64
 149 0078 0A       		.byte	10
 150 0079 48       		.byte	72
 151 007a 01       		.byte	1
 152 007b 40       		.byte	64
 153 007c 0A       		.byte	10
 154 007d 49       		.byte	73
 155 007e 01       		.byte	1
 156 007f 40       		.byte	64
 157 0080 05       		.byte	5
 158 0081 50       		.byte	80
 159 0082 01       		.byte	1
 160 0083 40       		.byte	64
 161 0084 02       		.byte	2
 162 0085 51       		.byte	81
 163 0086 01       		.byte	1
 164 0087 40       		.byte	64
 165 0088 7E       		.byte	126
 166 0089 02       		.byte	2
 167 008a 01       		.byte	1
 168 008b 20       		.byte	32
 169 008c 0A       		.byte	10
 170 008d 1B       		.byte	27
 171 008e 01       		.byte	1
ARM GAS  C:\Users\EA527~1.IVA\AppData\Local\Temp\ccs5ZbBB.s 			page 4


 172 008f 01       		.byte	1
 173 0090 18       		.byte	24
 174 0091 20       		.byte	32
 175 0092 19       		.byte	25
 176 0093 20       		.byte	32
 177 0094 60       		.byte	96
 178 0095 02       		.byte	2
 179 0096 7C       		.byte	124
 180 0097 40       		.byte	64
 181 0098 2B       		.byte	43
 182 0099 09       		.byte	9
 183 009a 81       		.byte	-127
 184 009b 67       		.byte	103
 185 009c 82       		.byte	-126
 186 009d 02       		.byte	2
 187 009e 84       		.byte	-124
 188 009f 77       		.byte	119
 189 00a0 87       		.byte	-121
 190 00a1 01       		.byte	1
 191 00a2 87       		.byte	-121
 192 00a3 67       		.byte	103
 193 00a4 04       		.byte	4
 194 00a5 1C       		.byte	28
 195 00a6 06       		.byte	6
 196 00a7 02       		.byte	2
 197 00a8 0C       		.byte	12
 198 00a9 10       		.byte	16
 199 00aa 0E       		.byte	14
 200 00ab 08       		.byte	8
 201 00ac 14       		.byte	20
 202 00ad 02       		.byte	2
 203 00ae 16       		.byte	22
 204 00af 05       		.byte	5
 205 00b0 17       		.byte	23
 206 00b1 01       		.byte	1
 207 00b2 1C       		.byte	28
 208 00b3 01       		.byte	1
 209 00b4 1E       		.byte	30
 210 00b5 02       		.byte	2
 211 00b6 28       		.byte	40
 212 00b7 08       		.byte	8
 213 00b8 2A       		.byte	42
 214 00b9 10       		.byte	16
 215 00ba 32       		.byte	50
 216 00bb 18       		.byte	24
 217 00bc 34       		.byte	52
 218 00bd 07       		.byte	7
 219 00be 35       		.byte	53
 220 00bf 01       		.byte	1
 221 00c0 3E       		.byte	62
 222 00c1 14       		.byte	20
 223 00c2 40       		.byte	64
 224 00c3 41       		.byte	65
 225 00c4 41       		.byte	65
 226 00c5 02       		.byte	2
 227 00c6 42       		.byte	66
 228 00c7 01       		.byte	1
ARM GAS  C:\Users\EA527~1.IVA\AppData\Local\Temp\ccs5ZbBB.s 			page 5


 229 00c8 45       		.byte	69
 230 00c9 0E       		.byte	14
 231 00ca 46       		.byte	70
 232 00cb C5       		.byte	-59
 233 00cc 47       		.byte	71
 234 00cd 02       		.byte	2
 235 00ce 48       		.byte	72
 236 00cf 1F       		.byte	31
 237 00d0 49       		.byte	73
 238 00d1 FF       		.byte	-1
 239 00d2 4A       		.byte	74
 240 00d3 FF       		.byte	-1
 241 00d4 4B       		.byte	75
 242 00d5 FF       		.byte	-1
 243 00d6 4D       		.byte	77
 244 00d7 A0       		.byte	-96
 245 00d8 4F       		.byte	79
 246 00d9 01       		.byte	1
 247 00da 50       		.byte	80
 248 00db 18       		.byte	24
 249 00dc 58       		.byte	88
 250 00dd 04       		.byte	4
 251 00de 59       		.byte	89
 252 00df 09       		.byte	9
 253 00e0 5A       		.byte	90
 254 00e1 04       		.byte	4
 255 00e2 5C       		.byte	92
 256 00e3 90       		.byte	-112
 257 00e4 5D       		.byte	93
 258 00e5 09       		.byte	9
 259 00e6 5F       		.byte	95
 260 00e7 01       		.byte	1
 261 00e8 60       		.byte	96
 262 00e9 40       		.byte	64
 263 00ea 62       		.byte	98
 264 00eb 80       		.byte	-128
 265 00ec 64       		.byte	100
 266 00ed 40       		.byte	64
 267 00ee 65       		.byte	101
 268 00ef 40       		.byte	64
 269 00f0 66       		.byte	102
 270 00f1 80       		.byte	-128
 271 00f2 68       		.byte	104
 272 00f3 40       		.byte	64
 273 00f4 6A       		.byte	106
 274 00f5 50       		.byte	80
 275 00f6 6B       		.byte	107
 276 00f7 A8       		.byte	-88
 277 00f8 6C       		.byte	108
 278 00f9 40       		.byte	64
 279 00fa 6D       		.byte	109
 280 00fb 20       		.byte	32
 281 00fc 6E       		.byte	110
 282 00fd 50       		.byte	80
 283 00fe 6F       		.byte	111
 284 00ff A8       		.byte	-88
 285 0100 80       		.byte	-128
ARM GAS  C:\Users\EA527~1.IVA\AppData\Local\Temp\ccs5ZbBB.s 			page 6


 286 0101 02       		.byte	2
 287 0102 85       		.byte	-123
 288 0103 02       		.byte	2
 289 0104 87       		.byte	-121
 290 0105 01       		.byte	1
 291 0106 8E       		.byte	-114
 292 0107 05       		.byte	5
 293 0108 91       		.byte	-111
 294 0109 04       		.byte	4
 295 010a 94       		.byte	-108
 296 010b 04       		.byte	4
 297 010c A4       		.byte	-92
 298 010d 02       		.byte	2
 299 010e AD       		.byte	-83
 300 010f 01       		.byte	1
 301 0110 AF       		.byte	-81
 302 0111 02       		.byte	2
 303 0112 B0       		.byte	-80
 304 0113 02       		.byte	2
 305 0114 B1       		.byte	-79
 306 0115 03       		.byte	3
 307 0116 B2       		.byte	-78
 308 0117 01       		.byte	1
 309 0118 B4       		.byte	-76
 310 0119 04       		.byte	4
 311 011a B5       		.byte	-75
 312 011b 04       		.byte	4
 313 011c BE       		.byte	-66
 314 011d 11       		.byte	17
 315 011e C0       		.byte	-64
 316 011f 34       		.byte	52
 317 0120 C1       		.byte	-63
 318 0121 02       		.byte	2
 319 0122 C5       		.byte	-59
 320 0123 5C       		.byte	92
 321 0124 C6       		.byte	-58
 322 0125 20       		.byte	32
 323 0126 C7       		.byte	-57
 324 0127 0E       		.byte	14
 325 0128 C8       		.byte	-56
 326 0129 3B       		.byte	59
 327 012a C9       		.byte	-55
 328 012b FF       		.byte	-1
 329 012c CA       		.byte	-54
 330 012d FF       		.byte	-1
 331 012e CB       		.byte	-53
 332 012f FF       		.byte	-1
 333 0130 CD       		.byte	-51
 334 0131 A0       		.byte	-96
 335 0132 CF       		.byte	-49
 336 0133 01       		.byte	1
 337 0134 D0       		.byte	-48
 338 0135 18       		.byte	24
 339 0136 D4       		.byte	-44
 340 0137 07       		.byte	7
 341 0138 D8       		.byte	-40
 342 0139 04       		.byte	4
ARM GAS  C:\Users\EA527~1.IVA\AppData\Local\Temp\ccs5ZbBB.s 			page 7


 343 013a D9       		.byte	-39
 344 013b 04       		.byte	4
 345 013c DA       		.byte	-38
 346 013d 04       		.byte	4
 347 013e DB       		.byte	-37
 348 013f 04       		.byte	4
 349 0140 DC       		.byte	-36
 350 0141 99       		.byte	-103
 351 0142 DD       		.byte	-35
 352 0143 99       		.byte	-103
 353 0144 DE       		.byte	-34
 354 0145 80       		.byte	-128
 355 0146 DF       		.byte	-33
 356 0147 05       		.byte	5
 357 0148 E0       		.byte	-32
 358 0149 40       		.byte	64
 359 014a E2       		.byte	-30
 360 014b 80       		.byte	-128
 361 014c E4       		.byte	-28
 362 014d 40       		.byte	64
 363 014e E5       		.byte	-27
 364 014f 40       		.byte	64
 365 0150 E6       		.byte	-26
 366 0151 80       		.byte	-128
 367 0152 E8       		.byte	-24
 368 0153 40       		.byte	64
 369 0154 EA       		.byte	-22
 370 0155 50       		.byte	80
 371 0156 EB       		.byte	-21
 372 0157 A8       		.byte	-88
 373 0158 EC       		.byte	-20
 374 0159 40       		.byte	64
 375 015a ED       		.byte	-19
 376 015b 20       		.byte	32
 377 015c EE       		.byte	-18
 378 015d 50       		.byte	80
 379 015e EF       		.byte	-17
 380 015f A8       		.byte	-88
 381 0160 00       		.byte	0
 382 0161 80       		.byte	-128
 383 0162 01       		.byte	1
 384 0163 48       		.byte	72
 385 0164 05       		.byte	5
 386 0165 02       		.byte	2
 387 0166 06       		.byte	6
 388 0167 02       		.byte	2
 389 0168 0A       		.byte	10
 390 0169 20       		.byte	32
 391 016a 0B       		.byte	11
 392 016b 02       		.byte	2
 393 016c 0E       		.byte	14
 394 016d 20       		.byte	32
 395 016e 12       		.byte	18
 396 016f 08       		.byte	8
 397 0170 13       		.byte	19
 398 0171 20       		.byte	32
 399 0172 17       		.byte	23
ARM GAS  C:\Users\EA527~1.IVA\AppData\Local\Temp\ccs5ZbBB.s 			page 8


 400 0173 08       		.byte	8
 401 0174 1B       		.byte	27
 402 0175 28       		.byte	40
 403 0176 1E       		.byte	30
 404 0177 64       		.byte	100
 405 0178 20       		.byte	32
 406 0179 04       		.byte	4
 407 017a 27       		.byte	39
 408 017b 8C       		.byte	-116
 409 017c 2C       		.byte	44
 410 017d 08       		.byte	8
 411 017e 2D       		.byte	45
 412 017f 60       		.byte	96
 413 0180 32       		.byte	50
 414 0181 08       		.byte	8
 415 0182 35       		.byte	53
 416 0183 02       		.byte	2
 417 0184 3C       		.byte	60
 418 0185 04       		.byte	4
 419 0186 40       		.byte	64
 420 0187 09       		.byte	9
 421 0188 41       		.byte	65
 422 0189 01       		.byte	1
 423 018a 44       		.byte	68
 424 018b 08       		.byte	8
 425 018c 45       		.byte	69
 426 018d 0A       		.byte	10
 427 018e 48       		.byte	72
 428 018f 80       		.byte	-128
 429 0190 4B       		.byte	75
 430 0191 08       		.byte	8
 431 0192 4D       		.byte	77
 432 0193 02       		.byte	2
 433 0194 4F       		.byte	79
 434 0195 04       		.byte	4
 435 0196 50       		.byte	80
 436 0197 48       		.byte	72
 437 0198 52       		.byte	82
 438 0199 20       		.byte	32
 439 019a 55       		.byte	85
 440 019b 02       		.byte	2
 441 019c 56       		.byte	86
 442 019d 0A       		.byte	10
 443 019e 57       		.byte	87
 444 019f 10       		.byte	16
 445 01a0 5E       		.byte	94
 446 01a1 44       		.byte	68
 447 01a2 5F       		.byte	95
 448 01a3 10       		.byte	16
 449 01a4 63       		.byte	99
 450 01a5 30       		.byte	48
 451 01a6 66       		.byte	102
 452 01a7 08       		.byte	8
 453 01a8 67       		.byte	103
 454 01a9 04       		.byte	4
 455 01aa 7B       		.byte	123
 456 01ab 08       		.byte	8
ARM GAS  C:\Users\EA527~1.IVA\AppData\Local\Temp\ccs5ZbBB.s 			page 9


 457 01ac 7C       		.byte	124
 458 01ad 10       		.byte	16
 459 01ae C0       		.byte	-64
 460 01af 95       		.byte	-107
 461 01b0 C2       		.byte	-62
 462 01b1 25       		.byte	37
 463 01b2 C4       		.byte	-60
 464 01b3 22       		.byte	34
 465 01b4 CA       		.byte	-54
 466 01b5 10       		.byte	16
 467 01b6 CC       		.byte	-52
 468 01b7 82       		.byte	-126
 469 01b8 CE       		.byte	-50
 470 01b9 40       		.byte	64
 471 01ba D0       		.byte	-48
 472 01bb ED       		.byte	-19
 473 01bc D6       		.byte	-42
 474 01bd 70       		.byte	112
 475 01be D8       		.byte	-40
 476 01bf 60       		.byte	96
 477 01c0 DE       		.byte	-34
 478 01c1 24       		.byte	36
 479 01c2 00       		.byte	0
 480 01c3 09       		.byte	9
 481 01c4 02       		.byte	2
 482 01c5 06       		.byte	6
 483 01c6 04       		.byte	4
 484 01c7 05       		.byte	5
 485 01c8 06       		.byte	6
 486 01c9 0A       		.byte	10
 487 01ca 10       		.byte	16
 488 01cb 06       		.byte	6
 489 01cc 12       		.byte	18
 490 01cd 09       		.byte	9
 491 01ce 14       		.byte	20
 492 01cf 03       		.byte	3
 493 01d0 16       		.byte	22
 494 01d1 0C       		.byte	12
 495 01d2 30       		.byte	48
 496 01d3 0F       		.byte	15
 497 01d4 3A       		.byte	58
 498 01d5 02       		.byte	2
 499 01d6 41       		.byte	65
 500 01d7 05       		.byte	5
 501 01d8 42       		.byte	66
 502 01d9 30       		.byte	48
 503 01da 44       		.byte	68
 504 01db 02       		.byte	2
 505 01dc 49       		.byte	73
 506 01dd FF       		.byte	-1
 507 01de 4A       		.byte	74
 508 01df FF       		.byte	-1
 509 01e0 4B       		.byte	75
 510 01e1 FF       		.byte	-1
 511 01e2 4C       		.byte	76
 512 01e3 EA       		.byte	-22
 513 01e4 4D       		.byte	77
ARM GAS  C:\Users\EA527~1.IVA\AppData\Local\Temp\ccs5ZbBB.s 			page 10


 514 01e5 55       		.byte	85
 515 01e6 4E       		.byte	78
 516 01e7 70       		.byte	112
 517 01e8 4F       		.byte	79
 518 01e9 08       		.byte	8
 519 01ea 50       		.byte	80
 520 01eb 1C       		.byte	28
 521 01ec 52       		.byte	82
 522 01ed 01       		.byte	1
 523 01ee 54       		.byte	84
 524 01ef 02       		.byte	2
 525 01f0 56       		.byte	86
 526 01f1 04       		.byte	4
 527 01f2 58       		.byte	88
 528 01f3 04       		.byte	4
 529 01f4 5A       		.byte	90
 530 01f5 0A       		.byte	10
 531 01f6 5B       		.byte	91
 532 01f7 0A       		.byte	10
 533 01f8 5C       		.byte	92
 534 01f9 09       		.byte	9
 535 01fa 5D       		.byte	93
 536 01fb 99       		.byte	-103
 537 01fc 5F       		.byte	95
 538 01fd 01       		.byte	1
 539 01fe 61       		.byte	97
 540 01ff 08       		.byte	8
 541 0200 63       		.byte	99
 542 0201 08       		.byte	8
 543 0202 65       		.byte	101
 544 0203 08       		.byte	8
 545 0204 67       		.byte	103
 546 0205 08       		.byte	8
 547 0206 68       		.byte	104
 548 0207 50       		.byte	80
 549 0208 69       		.byte	105
 550 0209 09       		.byte	9
 551 020a 6A       		.byte	106
 552 020b 40       		.byte	64
 553 020c 6B       		.byte	107
 554 020d A8       		.byte	-88
 555 020e 6C       		.byte	108
 556 020f C0       		.byte	-64
 557 0210 6E       		.byte	110
 558 0211 40       		.byte	64
 559 0212 6F       		.byte	111
 560 0213 A8       		.byte	-88
 561 0214 81       		.byte	-127
 562 0215 0A       		.byte	10
 563 0216 83       		.byte	-125
 564 0217 14       		.byte	20
 565 0218 85       		.byte	-123
 566 0219 01       		.byte	1
 567 021a 88       		.byte	-120
 568 021b 01       		.byte	1
 569 021c 8A       		.byte	-118
 570 021d 10       		.byte	16
ARM GAS  C:\Users\EA527~1.IVA\AppData\Local\Temp\ccs5ZbBB.s 			page 11


 571 021e 8C       		.byte	-116
 572 021f 08       		.byte	8
 573 0220 8D       		.byte	-115
 574 0221 06       		.byte	6
 575 0222 8E       		.byte	-114
 576 0223 04       		.byte	4
 577 0224 94       		.byte	-108
 578 0225 10       		.byte	16
 579 0226 95       		.byte	-107
 580 0227 10       		.byte	16
 581 0228 97       		.byte	-105
 582 0229 28       		.byte	40
 583 022a 99       		.byte	-103
 584 022b 04       		.byte	4
 585 022c 9B       		.byte	-101
 586 022d 02       		.byte	2
 587 022e A5       		.byte	-91
 588 022f 20       		.byte	32
 589 0230 A6       		.byte	-90
 590 0231 02       		.byte	2
 591 0232 A7       		.byte	-89
 592 0233 17       		.byte	23
 593 0234 A8       		.byte	-88
 594 0235 04       		.byte	4
 595 0236 AA       		.byte	-86
 596 0237 08       		.byte	8
 597 0238 AB       		.byte	-85
 598 0239 01       		.byte	1
 599 023a AF       		.byte	-81
 600 023b 06       		.byte	6
 601 023c B1       		.byte	-79
 602 023d 01       		.byte	1
 603 023e B2       		.byte	-78
 604 023f 1C       		.byte	28
 605 0240 B3       		.byte	-77
 606 0241 06       		.byte	6
 607 0242 B4       		.byte	-76
 608 0243 02       		.byte	2
 609 0244 B6       		.byte	-74
 610 0245 01       		.byte	1
 611 0246 B7       		.byte	-73
 612 0247 38       		.byte	56
 613 0248 BB       		.byte	-69
 614 0249 30       		.byte	48
 615 024a BD       		.byte	-67
 616 024b 10       		.byte	16
 617 024c BE       		.byte	-66
 618 024d 40       		.byte	64
 619 024e BF       		.byte	-65
 620 024f 45       		.byte	69
 621 0250 C1       		.byte	-63
 622 0251 04       		.byte	4
 623 0252 C2       		.byte	-62
 624 0253 30       		.byte	48
 625 0254 C4       		.byte	-60
 626 0255 02       		.byte	2
 627 0256 C9       		.byte	-55
ARM GAS  C:\Users\EA527~1.IVA\AppData\Local\Temp\ccs5ZbBB.s 			page 12


 628 0257 FF       		.byte	-1
 629 0258 CA       		.byte	-54
 630 0259 FF       		.byte	-1
 631 025a CB       		.byte	-53
 632 025b FF       		.byte	-1
 633 025c CC       		.byte	-52
 634 025d EF       		.byte	-17
 635 025e CD       		.byte	-51
 636 025f 55       		.byte	85
 637 0260 CE       		.byte	-50
 638 0261 72       		.byte	114
 639 0262 CF       		.byte	-49
 640 0263 08       		.byte	8
 641 0264 D0       		.byte	-48
 642 0265 1C       		.byte	28
 643 0266 D2       		.byte	-46
 644 0267 80       		.byte	-128
 645 0268 D8       		.byte	-40
 646 0269 04       		.byte	4
 647 026a D9       		.byte	-39
 648 026b 09       		.byte	9
 649 026c DA       		.byte	-38
 650 026d 0A       		.byte	10
 651 026e DB       		.byte	-37
 652 026f 04       		.byte	4
 653 0270 DC       		.byte	-36
 654 0271 99       		.byte	-103
 655 0272 DD       		.byte	-35
 656 0273 99       		.byte	-103
 657 0274 DF       		.byte	-33
 658 0275 41       		.byte	65
 659 0276 E1       		.byte	-31
 660 0277 08       		.byte	8
 661 0278 E3       		.byte	-29
 662 0279 08       		.byte	8
 663 027a E5       		.byte	-27
 664 027b 08       		.byte	8
 665 027c E7       		.byte	-25
 666 027d 08       		.byte	8
 667 027e E8       		.byte	-24
 668 027f 50       		.byte	80
 669 0280 E9       		.byte	-23
 670 0281 09       		.byte	9
 671 0282 EA       		.byte	-22
 672 0283 40       		.byte	64
 673 0284 EB       		.byte	-21
 674 0285 A8       		.byte	-88
 675 0286 EC       		.byte	-20
 676 0287 C0       		.byte	-64
 677 0288 EE       		.byte	-18
 678 0289 40       		.byte	64
 679 028a EF       		.byte	-17
 680 028b A8       		.byte	-88
 681 028c 00       		.byte	0
 682 028d 90       		.byte	-112
 683 028e 04       		.byte	4
 684 028f 04       		.byte	4
ARM GAS  C:\Users\EA527~1.IVA\AppData\Local\Temp\ccs5ZbBB.s 			page 13


 685 0290 07       		.byte	7
 686 0291 80       		.byte	-128
 687 0292 0B       		.byte	11
 688 0293 20       		.byte	32
 689 0294 0C       		.byte	12
 690 0295 08       		.byte	8
 691 0296 0E       		.byte	14
 692 0297 80       		.byte	-128
 693 0298 12       		.byte	18
 694 0299 10       		.byte	16
 695 029a 13       		.byte	19
 696 029b 20       		.byte	32
 697 029c 18       		.byte	24
 698 029d 18       		.byte	24
 699 029e 19       		.byte	25
 700 029f 8C       		.byte	-116
 701 02a0 1E       		.byte	30
 702 02a1 80       		.byte	-128
 703 02a2 1F       		.byte	31
 704 02a3 01       		.byte	1
 705 02a4 20       		.byte	32
 706 02a5 01       		.byte	1
 707 02a6 21       		.byte	33
 708 02a7 29       		.byte	41
 709 02a8 22       		.byte	34
 710 02a9 10       		.byte	16
 711 02aa 29       		.byte	41
 712 02ab 04       		.byte	4
 713 02ac 2A       		.byte	42
 714 02ad 90       		.byte	-112
 715 02ae 32       		.byte	50
 716 02af 18       		.byte	24
 717 02b0 38       		.byte	56
 718 02b1 48       		.byte	72
 719 02b2 3B       		.byte	59
 720 02b3 02       		.byte	2
 721 02b4 41       		.byte	65
 722 02b5 20       		.byte	32
 723 02b6 42       		.byte	66
 724 02b7 50       		.byte	80
 725 02b8 43       		.byte	67
 726 02b9 04       		.byte	4
 727 02ba 45       		.byte	69
 728 02bb 20       		.byte	32
 729 02bc 47       		.byte	71
 730 02bd 04       		.byte	4
 731 02be 4D       		.byte	77
 732 02bf 40       		.byte	64
 733 02c0 59       		.byte	89
 734 02c1 80       		.byte	-128
 735 02c2 5D       		.byte	93
 736 02c3 01       		.byte	1
 737 02c4 5E       		.byte	94
 738 02c5 10       		.byte	16
 739 02c6 64       		.byte	100
 740 02c7 80       		.byte	-128
 741 02c8 66       		.byte	102
ARM GAS  C:\Users\EA527~1.IVA\AppData\Local\Temp\ccs5ZbBB.s 			page 14


 742 02c9 08       		.byte	8
 743 02ca 67       		.byte	103
 744 02cb 05       		.byte	5
 745 02cc 6D       		.byte	109
 746 02cd 40       		.byte	64
 747 02ce 6E       		.byte	110
 748 02cf 40       		.byte	64
 749 02d0 72       		.byte	114
 750 02d1 80       		.byte	-128
 751 02d2 7B       		.byte	123
 752 02d3 A8       		.byte	-88
 753 02d4 7F       		.byte	127
 754 02d5 20       		.byte	32
 755 02d6 84       		.byte	-124
 756 02d7 80       		.byte	-128
 757 02d8 88       		.byte	-120
 758 02d9 08       		.byte	8
 759 02da 90       		.byte	-112
 760 02db 84       		.byte	-124
 761 02dc 93       		.byte	-109
 762 02dd 08       		.byte	8
 763 02de 94       		.byte	-108
 764 02df 11       		.byte	17
 765 02e0 95       		.byte	-107
 766 02e1 02       		.byte	2
 767 02e2 96       		.byte	-106
 768 02e3 20       		.byte	32
 769 02e4 97       		.byte	-105
 770 02e5 02       		.byte	2
 771 02e6 99       		.byte	-103
 772 02e7 20       		.byte	32
 773 02e8 9B       		.byte	-101
 774 02e9 84       		.byte	-124
 775 02ea 9C       		.byte	-100
 776 02eb 08       		.byte	8
 777 02ec 9D       		.byte	-99
 778 02ed 88       		.byte	-120
 779 02ee 9F       		.byte	-97
 780 02ef 20       		.byte	32
 781 02f0 A0       		.byte	-96
 782 02f1 80       		.byte	-128
 783 02f2 A2       		.byte	-94
 784 02f3 20       		.byte	32
 785 02f4 A3       		.byte	-93
 786 02f5 20       		.byte	32
 787 02f6 A4       		.byte	-92
 788 02f7 40       		.byte	64
 789 02f8 A5       		.byte	-91
 790 02f9 08       		.byte	8
 791 02fa AD       		.byte	-83
 792 02fb 80       		.byte	-128
 793 02fc C0       		.byte	-64
 794 02fd 33       		.byte	51
 795 02fe C2       		.byte	-62
 796 02ff 34       		.byte	52
 797 0300 C4       		.byte	-60
 798 0301 06       		.byte	6
ARM GAS  C:\Users\EA527~1.IVA\AppData\Local\Temp\ccs5ZbBB.s 			page 15


 799 0302 CA       		.byte	-54
 800 0303 0E       		.byte	14
 801 0304 CC       		.byte	-52
 802 0305 06       		.byte	6
 803 0306 CE       		.byte	-50
 804 0307 0B       		.byte	11
 805 0308 D0       		.byte	-48
 806 0309 67       		.byte	103
 807 030a D2       		.byte	-46
 808 030b 10       		.byte	16
 809 030c D6       		.byte	-42
 810 030d A8       		.byte	-88
 811 030e D8       		.byte	-40
 812 030f F0       		.byte	-16
 813 0310 DE       		.byte	-34
 814 0311 47       		.byte	71
 815 0312 E6       		.byte	-26
 816 0313 80       		.byte	-128
 817 0314 03       		.byte	3
 818 0315 02       		.byte	2
 819 0316 04       		.byte	4
 820 0317 20       		.byte	32
 821 0318 08       		.byte	8
 822 0319 04       		.byte	4
 823 031a 0A       		.byte	10
 824 031b 02       		.byte	2
 825 031c 0B       		.byte	11
 826 031d 02       		.byte	2
 827 031e 0C       		.byte	12
 828 031f 10       		.byte	16
 829 0320 0D       		.byte	13
 830 0321 01       		.byte	1
 831 0322 0E       		.byte	14
 832 0323 08       		.byte	8
 833 0324 14       		.byte	20
 834 0325 02       		.byte	2
 835 0326 16       		.byte	22
 836 0327 05       		.byte	5
 837 0328 1C       		.byte	28
 838 0329 01       		.byte	1
 839 032a 1E       		.byte	30
 840 032b 02       		.byte	2
 841 032c 1F       		.byte	31
 842 032d 04       		.byte	4
 843 032e 22       		.byte	34
 844 032f 20       		.byte	32
 845 0330 25       		.byte	37
 846 0331 01       		.byte	1
 847 0332 28       		.byte	40
 848 0333 08       		.byte	8
 849 0334 2A       		.byte	42
 850 0335 10       		.byte	16
 851 0336 2C       		.byte	44
 852 0337 40       		.byte	64
 853 0338 30       		.byte	48
 854 0339 07       		.byte	7
 855 033a 32       		.byte	50
ARM GAS  C:\Users\EA527~1.IVA\AppData\Local\Temp\ccs5ZbBB.s 			page 16


 856 033b 40       		.byte	64
 857 033c 33       		.byte	51
 858 033d 02       		.byte	2
 859 033e 34       		.byte	52
 860 033f 20       		.byte	32
 861 0340 35       		.byte	53
 862 0341 04       		.byte	4
 863 0342 36       		.byte	54
 864 0343 18       		.byte	24
 865 0344 37       		.byte	55
 866 0345 01       		.byte	1
 867 0346 3E       		.byte	62
 868 0347 50       		.byte	80
 869 0348 3F       		.byte	63
 870 0349 40       		.byte	64
 871 034a 41       		.byte	65
 872 034b 04       		.byte	4
 873 034c 42       		.byte	66
 874 034d 30       		.byte	48
 875 034e 44       		.byte	68
 876 034f 06       		.byte	6
 877 0350 49       		.byte	73
 878 0351 FF       		.byte	-1
 879 0352 4A       		.byte	74
 880 0353 FF       		.byte	-1
 881 0354 4B       		.byte	75
 882 0355 FF       		.byte	-1
 883 0356 4C       		.byte	76
 884 0357 EF       		.byte	-17
 885 0358 4D       		.byte	77
 886 0359 55       		.byte	85
 887 035a 4E       		.byte	78
 888 035b 72       		.byte	114
 889 035c 4F       		.byte	79
 890 035d 08       		.byte	8
 891 035e 50       		.byte	80
 892 035f 1C       		.byte	28
 893 0360 54       		.byte	84
 894 0361 17       		.byte	23
 895 0362 58       		.byte	88
 896 0363 04       		.byte	4
 897 0364 59       		.byte	89
 898 0365 04       		.byte	4
 899 0366 5A       		.byte	90
 900 0367 0A       		.byte	10
 901 0368 5B       		.byte	91
 902 0369 04       		.byte	4
 903 036a 5C       		.byte	92
 904 036b 99       		.byte	-103
 905 036c 5D       		.byte	93
 906 036d 99       		.byte	-103
 907 036e 5E       		.byte	94
 908 036f 80       		.byte	-128
 909 0370 5F       		.byte	95
 910 0371 05       		.byte	5
 911 0372 61       		.byte	97
 912 0373 08       		.byte	8
ARM GAS  C:\Users\EA527~1.IVA\AppData\Local\Temp\ccs5ZbBB.s 			page 17


 913 0374 63       		.byte	99
 914 0375 08       		.byte	8
 915 0376 65       		.byte	101
 916 0377 08       		.byte	8
 917 0378 67       		.byte	103
 918 0379 08       		.byte	8
 919 037a 68       		.byte	104
 920 037b 50       		.byte	80
 921 037c 69       		.byte	105
 922 037d 09       		.byte	9
 923 037e 6A       		.byte	106
 924 037f 40       		.byte	64
 925 0380 6B       		.byte	107
 926 0381 A8       		.byte	-88
 927 0382 6C       		.byte	108
 928 0383 C0       		.byte	-64
 929 0384 6E       		.byte	110
 930 0385 40       		.byte	64
 931 0386 6F       		.byte	111
 932 0387 A8       		.byte	-88
 933 0388 C1       		.byte	-63
 934 0389 05       		.byte	5
 935 038a C2       		.byte	-62
 936 038b 30       		.byte	48
 937 038c C4       		.byte	-60
 938 038d 06       		.byte	6
 939 038e C5       		.byte	-59
 940 038f ED       		.byte	-19
 941 0390 C6       		.byte	-58
 942 0391 0C       		.byte	12
 943 0392 C7       		.byte	-57
 944 0393 0F       		.byte	15
 945 0394 C8       		.byte	-56
 946 0395 17       		.byte	23
 947 0396 C9       		.byte	-55
 948 0397 FF       		.byte	-1
 949 0398 CA       		.byte	-54
 950 0399 FF       		.byte	-1
 951 039a CB       		.byte	-53
 952 039b FF       		.byte	-1
 953 039c CC       		.byte	-52
 954 039d EF       		.byte	-17
 955 039e CD       		.byte	-51
 956 039f 55       		.byte	85
 957 03a0 CE       		.byte	-50
 958 03a1 F2       		.byte	-14
 959 03a2 CF       		.byte	-49
 960 03a3 08       		.byte	8
 961 03a4 D0       		.byte	-48
 962 03a5 1C       		.byte	28
 963 03a6 DA       		.byte	-38
 964 03a7 0A       		.byte	10
 965 03a8 DD       		.byte	-35
 966 03a9 09       		.byte	9
 967 03aa DF       		.byte	-33
 968 03ab 01       		.byte	1
 969 03ac E1       		.byte	-31
ARM GAS  C:\Users\EA527~1.IVA\AppData\Local\Temp\ccs5ZbBB.s 			page 18


 970 03ad 08       		.byte	8
 971 03ae E3       		.byte	-29
 972 03af 08       		.byte	8
 973 03b0 E5       		.byte	-27
 974 03b1 08       		.byte	8
 975 03b2 E7       		.byte	-25
 976 03b3 08       		.byte	8
 977 03b4 E8       		.byte	-24
 978 03b5 50       		.byte	80
 979 03b6 E9       		.byte	-23
 980 03b7 09       		.byte	9
 981 03b8 EA       		.byte	-22
 982 03b9 40       		.byte	64
 983 03ba EB       		.byte	-21
 984 03bb A8       		.byte	-88
 985 03bc EC       		.byte	-20
 986 03bd C0       		.byte	-64
 987 03be EE       		.byte	-18
 988 03bf 40       		.byte	64
 989 03c0 EF       		.byte	-17
 990 03c1 A8       		.byte	-88
 991 03c2 00       		.byte	0
 992 03c3 94       		.byte	-108
 993 03c4 0A       		.byte	10
 994 03c5 20       		.byte	32
 995 03c6 0B       		.byte	11
 996 03c7 12       		.byte	18
 997 03c8 10       		.byte	16
 998 03c9 80       		.byte	-128
 999 03ca 13       		.byte	19
 1000 03cb 60       		.byte	96
 1001 03cc 18       		.byte	24
 1002 03cd 40       		.byte	64
 1003 03ce 19       		.byte	25
 1004 03cf 08       		.byte	8
 1005 03d0 1A       		.byte	26
 1006 03d1 06       		.byte	6
 1007 03d2 1B       		.byte	27
 1008 03d3 08       		.byte	8
 1009 03d4 20       		.byte	32
 1010 03d5 04       		.byte	4
 1011 03d6 22       		.byte	34
 1012 03d7 48       		.byte	72
 1013 03d8 29       		.byte	41
 1014 03d9 08       		.byte	8
 1015 03da 30       		.byte	48
 1016 03db 80       		.byte	-128
 1017 03dc 38       		.byte	56
 1018 03dd 90       		.byte	-112
 1019 03de 39       		.byte	57
 1020 03df 10       		.byte	16
 1021 03e0 3A       		.byte	58
 1022 03e1 04       		.byte	4
 1023 03e2 3B       		.byte	59
 1024 03e3 4A       		.byte	74
 1025 03e4 42       		.byte	66
 1026 03e5 40       		.byte	64
ARM GAS  C:\Users\EA527~1.IVA\AppData\Local\Temp\ccs5ZbBB.s 			page 19


 1027 03e6 43       		.byte	67
 1028 03e7 04       		.byte	4
 1029 03e8 47       		.byte	71
 1030 03e9 04       		.byte	4
 1031 03ea 4B       		.byte	75
 1032 03eb 10       		.byte	16
 1033 03ec 4D       		.byte	77
 1034 03ed 40       		.byte	64
 1035 03ee 4F       		.byte	79
 1036 03ef 15       		.byte	21
 1037 03f0 56       		.byte	86
 1038 03f1 08       		.byte	8
 1039 03f2 57       		.byte	87
 1040 03f3 40       		.byte	64
 1041 03f4 59       		.byte	89
 1042 03f5 20       		.byte	32
 1043 03f6 5A       		.byte	90
 1044 03f7 84       		.byte	-124
 1045 03f8 60       		.byte	96
 1046 03f9 01       		.byte	1
 1047 03fa 62       		.byte	98
 1048 03fb 24       		.byte	36
 1049 03fc 79       		.byte	121
 1050 03fd 11       		.byte	17
 1051 03fe 7B       		.byte	123
 1052 03ff 60       		.byte	96
 1053 0400 7F       		.byte	127
 1054 0401 20       		.byte	32
 1055 0402 8B       		.byte	-117
 1056 0403 30       		.byte	48
 1057 0404 90       		.byte	-112
 1058 0405 91       		.byte	-111
 1059 0406 91       		.byte	-111
 1060 0407 40       		.byte	64
 1061 0408 92       		.byte	-110
 1062 0409 60       		.byte	96
 1063 040a 93       		.byte	-109
 1064 040b 0A       		.byte	10
 1065 040c 94       		.byte	-108
 1066 040d 40       		.byte	64
 1067 040e 95       		.byte	-107
 1068 040f 01       		.byte	1
 1069 0410 97       		.byte	-105
 1070 0411 25       		.byte	37
 1071 0412 98       		.byte	-104
 1072 0413 08       		.byte	8
 1073 0414 99       		.byte	-103
 1074 0415 20       		.byte	32
 1075 0416 9B       		.byte	-101
 1076 0417 04       		.byte	4
 1077 0418 9E       		.byte	-98
 1078 0419 18       		.byte	24
 1079 041a 9F       		.byte	-97
 1080 041b 20       		.byte	32
 1081 041c A0       		.byte	-96
 1082 041d 80       		.byte	-128
 1083 041e A2       		.byte	-94
ARM GAS  C:\Users\EA527~1.IVA\AppData\Local\Temp\ccs5ZbBB.s 			page 20


 1084 041f 20       		.byte	32
 1085 0420 A3       		.byte	-93
 1086 0421 20       		.byte	32
 1087 0422 A4       		.byte	-92
 1088 0423 48       		.byte	72
 1089 0424 A6       		.byte	-90
 1090 0425 08       		.byte	8
 1091 0426 A7       		.byte	-89
 1092 0427 08       		.byte	8
 1093 0428 B1       		.byte	-79
 1094 0429 08       		.byte	8
 1095 042a B3       		.byte	-77
 1096 042b 80       		.byte	-128
 1097 042c C0       		.byte	-64
 1098 042d 07       		.byte	7
 1099 042e C2       		.byte	-62
 1100 042f 05       		.byte	5
 1101 0430 C4       		.byte	-60
 1102 0431 0B       		.byte	11
 1103 0432 CA       		.byte	-54
 1104 0433 02       		.byte	2
 1105 0434 CC       		.byte	-52
 1106 0435 08       		.byte	8
 1107 0436 CE       		.byte	-50
 1108 0437 0D       		.byte	13
 1109 0438 D0       		.byte	-48
 1110 0439 43       		.byte	67
 1111 043a D2       		.byte	-46
 1112 043b 34       		.byte	52
 1113 043c D6       		.byte	-42
 1114 043d 0E       		.byte	14
 1115 043e D8       		.byte	-40
 1116 043f 0E       		.byte	14
 1117 0440 DE       		.byte	-34
 1118 0441 46       		.byte	70
 1119 0442 0C       		.byte	12
 1120 0443 01       		.byte	1
 1121 0444 0E       		.byte	14
 1122 0445 02       		.byte	2
 1123 0446 10       		.byte	16
 1124 0447 02       		.byte	2
 1125 0448 12       		.byte	18
 1126 0449 01       		.byte	1
 1127 044a 1B       		.byte	27
 1128 044b 02       		.byte	2
 1129 044c 24       		.byte	36
 1130 044d 01       		.byte	1
 1131 044e 26       		.byte	38
 1132 044f 02       		.byte	2
 1133 0450 28       		.byte	40
 1134 0451 01       		.byte	1
 1135 0452 2A       		.byte	42
 1136 0453 02       		.byte	2
 1137 0454 2F       		.byte	47
 1138 0455 01       		.byte	1
 1139 0456 30       		.byte	48
 1140 0457 03       		.byte	3
ARM GAS  C:\Users\EA527~1.IVA\AppData\Local\Temp\ccs5ZbBB.s 			page 21


 1141 0458 33       		.byte	51
 1142 0459 01       		.byte	1
 1143 045a 34       		.byte	52
 1144 045b 03       		.byte	3
 1145 045c 35       		.byte	53
 1146 045d 02       		.byte	2
 1147 045e 3A       		.byte	58
 1148 045f 22       		.byte	34
 1149 0460 3E       		.byte	62
 1150 0461 04       		.byte	4
 1151 0462 58       		.byte	88
 1152 0463 04       		.byte	4
 1153 0464 59       		.byte	89
 1154 0465 04       		.byte	4
 1155 0466 5C       		.byte	92
 1156 0467 99       		.byte	-103
 1157 0468 5F       		.byte	95
 1158 0469 01       		.byte	1
 1159 046a 80       		.byte	-128
 1160 046b 01       		.byte	1
 1161 046c 83       		.byte	-125
 1162 046d 01       		.byte	1
 1163 046e 8B       		.byte	-117
 1164 046f 01       		.byte	1
 1165 0470 95       		.byte	-107
 1166 0471 01       		.byte	1
 1167 0472 9C       		.byte	-100
 1168 0473 01       		.byte	1
 1169 0474 B0       		.byte	-80
 1170 0475 01       		.byte	1
 1171 0476 B5       		.byte	-75
 1172 0477 01       		.byte	1
 1173 0478 BB       		.byte	-69
 1174 0479 03       		.byte	3
 1175 047a BD       		.byte	-67
 1176 047b 01       		.byte	1
 1177 047c BE       		.byte	-66
 1178 047d 01       		.byte	1
 1179 047e BF       		.byte	-65
 1180 047f 10       		.byte	16
 1181 0480 C0       		.byte	-64
 1182 0481 26       		.byte	38
 1183 0482 C1       		.byte	-63
 1184 0483 03       		.byte	3
 1185 0484 C5       		.byte	-59
 1186 0485 20       		.byte	32
 1187 0486 C6       		.byte	-58
 1188 0487 C0       		.byte	-64
 1189 0488 C7       		.byte	-57
 1190 0489 5E       		.byte	94
 1191 048a C8       		.byte	-56
 1192 048b 3B       		.byte	59
 1193 048c C9       		.byte	-55
 1194 048d FF       		.byte	-1
 1195 048e CA       		.byte	-54
 1196 048f FF       		.byte	-1
 1197 0490 CB       		.byte	-53
ARM GAS  C:\Users\EA527~1.IVA\AppData\Local\Temp\ccs5ZbBB.s 			page 22


 1198 0491 FF       		.byte	-1
 1199 0492 CD       		.byte	-51
 1200 0493 A0       		.byte	-96
 1201 0494 CF       		.byte	-49
 1202 0495 01       		.byte	1
 1203 0496 D0       		.byte	-48
 1204 0497 18       		.byte	24
 1205 0498 D4       		.byte	-44
 1206 0499 01       		.byte	1
 1207 049a D6       		.byte	-42
 1208 049b 04       		.byte	4
 1209 049c D8       		.byte	-40
 1210 049d 04       		.byte	4
 1211 049e D9       		.byte	-39
 1212 049f 09       		.byte	9
 1213 04a0 DA       		.byte	-38
 1214 04a1 04       		.byte	4
 1215 04a2 DB       		.byte	-37
 1216 04a3 0B       		.byte	11
 1217 04a4 DC       		.byte	-36
 1218 04a5 10       		.byte	16
 1219 04a6 DD       		.byte	-35
 1220 04a7 19       		.byte	25
 1221 04a8 DF       		.byte	-33
 1222 04a9 41       		.byte	65
 1223 04aa E0       		.byte	-32
 1224 04ab 40       		.byte	64
 1225 04ac E2       		.byte	-30
 1226 04ad 80       		.byte	-128
 1227 04ae E4       		.byte	-28
 1228 04af 40       		.byte	64
 1229 04b0 E5       		.byte	-27
 1230 04b1 40       		.byte	64
 1231 04b2 E6       		.byte	-26
 1232 04b3 80       		.byte	-128
 1233 04b4 E8       		.byte	-24
 1234 04b5 40       		.byte	64
 1235 04b6 EA       		.byte	-22
 1236 04b7 50       		.byte	80
 1237 04b8 EB       		.byte	-21
 1238 04b9 A8       		.byte	-88
 1239 04ba EC       		.byte	-20
 1240 04bb 40       		.byte	64
 1241 04bc ED       		.byte	-19
 1242 04bd 20       		.byte	32
 1243 04be EE       		.byte	-18
 1244 04bf 50       		.byte	80
 1245 04c0 EF       		.byte	-17
 1246 04c1 A8       		.byte	-88
 1247 04c2 03       		.byte	3
 1248 04c3 80       		.byte	-128
 1249 04c4 05       		.byte	5
 1250 04c5 80       		.byte	-128
 1251 04c6 0B       		.byte	11
 1252 04c7 02       		.byte	2
 1253 04c8 0E       		.byte	14
 1254 04c9 80       		.byte	-128
ARM GAS  C:\Users\EA527~1.IVA\AppData\Local\Temp\ccs5ZbBB.s 			page 23


 1255 04ca 17       		.byte	23
 1256 04cb 28       		.byte	40
 1257 04cc 1A       		.byte	26
 1258 04cd 80       		.byte	-128
 1259 04ce 1E       		.byte	30
 1260 04cf 80       		.byte	-128
 1261 04d0 1F       		.byte	31
 1262 04d1 28       		.byte	40
 1263 04d2 20       		.byte	32
 1264 04d3 04       		.byte	4
 1265 04d4 21       		.byte	33
 1266 04d5 01       		.byte	1
 1267 04d6 22       		.byte	34
 1268 04d7 01       		.byte	1
 1269 04d8 27       		.byte	39
 1270 04d9 28       		.byte	40
 1271 04da 2D       		.byte	45
 1272 04db 80       		.byte	-128
 1273 04dc 30       		.byte	48
 1274 04dd 20       		.byte	32
 1275 04de 31       		.byte	49
 1276 04df 10       		.byte	16
 1277 04e0 32       		.byte	50
 1278 04e1 04       		.byte	4
 1279 04e2 37       		.byte	55
 1280 04e3 20       		.byte	32
 1281 04e4 38       		.byte	56
 1282 04e5 10       		.byte	16
 1283 04e6 39       		.byte	57
 1284 04e7 02       		.byte	2
 1285 04e8 40       		.byte	64
 1286 04e9 04       		.byte	4
 1287 04ea 42       		.byte	66
 1288 04eb 20       		.byte	32
 1289 04ec 48       		.byte	72
 1290 04ed 20       		.byte	32
 1291 04ee 49       		.byte	73
 1292 04ef 11       		.byte	17
 1293 04f0 51       		.byte	81
 1294 04f1 08       		.byte	8
 1295 04f2 52       		.byte	82
 1296 04f3 21       		.byte	33
 1297 04f4 53       		.byte	83
 1298 04f5 01       		.byte	1
 1299 04f6 59       		.byte	89
 1300 04f7 02       		.byte	2
 1301 04f8 5A       		.byte	90
 1302 04f9 40       		.byte	64
 1303 04fa 61       		.byte	97
 1304 04fb 24       		.byte	36
 1305 04fc 62       		.byte	98
 1306 04fd 80       		.byte	-128
 1307 04fe 63       		.byte	99
 1308 04ff 80       		.byte	-128
 1309 0500 64       		.byte	100
 1310 0501 08       		.byte	8
 1311 0502 66       		.byte	102
ARM GAS  C:\Users\EA527~1.IVA\AppData\Local\Temp\ccs5ZbBB.s 			page 24


 1312 0503 20       		.byte	32
 1313 0504 79       		.byte	121
 1314 0505 02       		.byte	2
 1315 0506 7A       		.byte	122
 1316 0507 01       		.byte	1
 1317 0508 7B       		.byte	123
 1318 0509 04       		.byte	4
 1319 050a 83       		.byte	-125
 1320 050b 40       		.byte	64
 1321 050c 8C       		.byte	-116
 1322 050d 10       		.byte	16
 1323 050e 8E       		.byte	-114
 1324 050f 01       		.byte	1
 1325 0510 98       		.byte	-104
 1326 0511 08       		.byte	8
 1327 0512 9E       		.byte	-98
 1328 0513 10       		.byte	16
 1329 0514 A3       		.byte	-93
 1330 0515 06       		.byte	6
 1331 0516 AB       		.byte	-85
 1332 0517 04       		.byte	4
 1333 0518 AC       		.byte	-84
 1334 0519 48       		.byte	72
 1335 051a B2       		.byte	-78
 1336 051b 01       		.byte	1
 1337 051c B7       		.byte	-73
 1338 051d 02       		.byte	2
 1339 051e C0       		.byte	-64
 1340 051f 88       		.byte	-120
 1341 0520 C2       		.byte	-62
 1342 0521 11       		.byte	17
 1343 0522 C4       		.byte	-60
 1344 0523 60       		.byte	96
 1345 0524 CA       		.byte	-54
 1346 0525 10       		.byte	16
 1347 0526 CC       		.byte	-52
 1348 0527 22       		.byte	34
 1349 0528 CE       		.byte	-50
 1350 0529 05       		.byte	5
 1351 052a D0       		.byte	-48
 1352 052b 06       		.byte	6
 1353 052c D2       		.byte	-46
 1354 052d 04       		.byte	4
 1355 052e D6       		.byte	-42
 1356 052f 09       		.byte	9
 1357 0530 D8       		.byte	-40
 1358 0531 0F       		.byte	15
 1359 0532 DE       		.byte	-34
 1360 0533 0D       		.byte	13
 1361 0534 E6       		.byte	-26
 1362 0535 01       		.byte	1
 1363 0536 EA       		.byte	-22
 1364 0537 03       		.byte	3
 1365 0538 EC       		.byte	-20
 1366 0539 08       		.byte	8
 1367 053a EE       		.byte	-18
 1368 053b 04       		.byte	4
ARM GAS  C:\Users\EA527~1.IVA\AppData\Local\Temp\ccs5ZbBB.s 			page 25


 1369 053c 8E       		.byte	-114
 1370 053d 40       		.byte	64
 1371 053e 96       		.byte	-106
 1372 053f 80       		.byte	-128
 1373 0540 AB       		.byte	-85
 1374 0541 20       		.byte	32
 1375 0542 AE       		.byte	-82
 1376 0543 80       		.byte	-128
 1377 0544 B3       		.byte	-77
 1378 0545 02       		.byte	2
 1379 0546 B4       		.byte	-76
 1380 0547 10       		.byte	16
 1381 0548 E0       		.byte	-32
 1382 0549 10       		.byte	16
 1383 054a E6       		.byte	-26
 1384 054b 01       		.byte	1
 1385 054c E8       		.byte	-24
 1386 054d 20       		.byte	32
 1387 054e EA       		.byte	-22
 1388 054f 03       		.byte	3
 1389 0550 EE       		.byte	-18
 1390 0551 40       		.byte	64
 1391 0552 38       		.byte	56
 1392 0553 08       		.byte	8
 1393 0554 3C       		.byte	60
 1394 0555 08       		.byte	8
 1395 0556 58       		.byte	88
 1396 0557 04       		.byte	4
 1397 0558 5B       		.byte	91
 1398 0559 04       		.byte	4
 1399 055a 5C       		.byte	92
 1400 055b 08       		.byte	8
 1401 055c 5F       		.byte	95
 1402 055d 71       		.byte	113
 1403 055e 97       		.byte	-105
 1404 055f 01       		.byte	1
 1405 0560 9B       		.byte	-101
 1406 0561 03       		.byte	3
 1407 0562 B3       		.byte	-77
 1408 0563 01       		.byte	1
 1409 0564 B5       		.byte	-75
 1410 0565 02       		.byte	2
 1411 0566 B9       		.byte	-71
 1412 0567 08       		.byte	8
 1413 0568 BA       		.byte	-70
 1414 0569 30       		.byte	48
 1415 056a BC       		.byte	-68
 1416 056b 10       		.byte	16
 1417 056c BD       		.byte	-67
 1418 056d 14       		.byte	20
 1419 056e C0       		.byte	-64
 1420 056f 46       		.byte	70
 1421 0570 C5       		.byte	-59
 1422 0571 02       		.byte	2
 1423 0572 C8       		.byte	-56
 1424 0573 01       		.byte	1
 1425 0574 C9       		.byte	-55
ARM GAS  C:\Users\EA527~1.IVA\AppData\Local\Temp\ccs5ZbBB.s 			page 26


 1426 0575 FF       		.byte	-1
 1427 0576 CA       		.byte	-54
 1428 0577 FF       		.byte	-1
 1429 0578 CB       		.byte	-53
 1430 0579 FF       		.byte	-1
 1431 057a D8       		.byte	-40
 1432 057b 09       		.byte	9
 1433 057c D9       		.byte	-39
 1434 057d 04       		.byte	4
 1435 057e DA       		.byte	-38
 1436 057f 04       		.byte	4
 1437 0580 DC       		.byte	-36
 1438 0581 11       		.byte	17
 1439 0582 DD       		.byte	-35
 1440 0583 09       		.byte	9
 1441 0584 DF       		.byte	-33
 1442 0585 41       		.byte	65
 1443 0586 E0       		.byte	-32
 1444 0587 80       		.byte	-128
 1445 0588 E2       		.byte	-30
 1446 0589 40       		.byte	64
 1447 058a E3       		.byte	-29
 1448 058b 40       		.byte	64
 1449 058c E4       		.byte	-28
 1450 058d 40       		.byte	64
 1451 058e E5       		.byte	-27
 1452 058f 40       		.byte	64
 1453 0590 E6       		.byte	-26
 1454 0591 80       		.byte	-128
 1455 0592 E8       		.byte	-24
 1456 0593 80       		.byte	-128
 1457 0594 EA       		.byte	-22
 1458 0595 80       		.byte	-128
 1459 0596 EC       		.byte	-20
 1460 0597 80       		.byte	-128
 1461 0598 EE       		.byte	-18
 1462 0599 80       		.byte	-128
 1463 059a 18       		.byte	24
 1464 059b 20       		.byte	32
 1465 059c 1F       		.byte	31
 1466 059d 20       		.byte	32
 1467 059e 26       		.byte	38
 1468 059f 08       		.byte	8
 1469 05a0 27       		.byte	39
 1470 05a1 18       		.byte	24
 1471 05a2 37       		.byte	55
 1472 05a3 18       		.byte	24
 1473 05a4 47       		.byte	71
 1474 05a5 02       		.byte	2
 1475 05a6 4D       		.byte	77
 1476 05a7 04       		.byte	4
 1477 05a8 4E       		.byte	78
 1478 05a9 04       		.byte	4
 1479 05aa 69       		.byte	105
 1480 05ab 40       		.byte	64
 1481 05ac 79       		.byte	121
 1482 05ad 40       		.byte	64
ARM GAS  C:\Users\EA527~1.IVA\AppData\Local\Temp\ccs5ZbBB.s 			page 27


 1483 05ae 7A       		.byte	122
 1484 05af 80       		.byte	-128
 1485 05b0 7E       		.byte	126
 1486 05b1 48       		.byte	72
 1487 05b2 89       		.byte	-119
 1488 05b3 04       		.byte	4
 1489 05b4 92       		.byte	-110
 1490 05b5 08       		.byte	8
 1491 05b6 B2       		.byte	-78
 1492 05b7 04       		.byte	4
 1493 05b8 CC       		.byte	-52
 1494 05b9 60       		.byte	96
 1495 05ba D0       		.byte	-48
 1496 05bb 80       		.byte	-128
 1497 05bc D2       		.byte	-46
 1498 05bd 20       		.byte	32
 1499 05be DE       		.byte	-34
 1500 05bf A9       		.byte	-87
 1501 05c0 E2       		.byte	-30
 1502 05c1 20       		.byte	32
 1503 05c2 E6       		.byte	-26
 1504 05c3 20       		.byte	32
 1505 05c4 E8       		.byte	-24
 1506 05c5 80       		.byte	-128
 1507 05c6 38       		.byte	56
 1508 05c7 08       		.byte	8
 1509 05c8 3E       		.byte	62
 1510 05c9 04       		.byte	4
 1511 05ca 58       		.byte	88
 1512 05cb 04       		.byte	4
 1513 05cc 5F       		.byte	95
 1514 05cd 01       		.byte	1
 1515 05ce 1F       		.byte	31
 1516 05cf 04       		.byte	4
 1517 05d0 8B       		.byte	-117
 1518 05d1 04       		.byte	4
 1519 05d2 E2       		.byte	-30
 1520 05d3 80       		.byte	-128
 1521 05d4 E6       		.byte	-26
 1522 05d5 80       		.byte	-128
 1523 05d6 0E       		.byte	14
 1524 05d7 05       		.byte	5
 1525 05d8 12       		.byte	18
 1526 05d9 02       		.byte	2
 1527 05da 14       		.byte	20
 1528 05db 04       		.byte	4
 1529 05dc 1B       		.byte	27
 1530 05dd 01       		.byte	1
 1531 05de 1E       		.byte	30
 1532 05df 05       		.byte	5
 1533 05e0 30       		.byte	48
 1534 05e1 04       		.byte	4
 1535 05e2 32       		.byte	50
 1536 05e3 01       		.byte	1
 1537 05e4 34       		.byte	52
 1538 05e5 04       		.byte	4
 1539 05e6 36       		.byte	54
ARM GAS  C:\Users\EA527~1.IVA\AppData\Local\Temp\ccs5ZbBB.s 			page 28


 1540 05e7 02       		.byte	2
 1541 05e8 37       		.byte	55
 1542 05e9 01       		.byte	1
 1543 05ea 3C       		.byte	60
 1544 05eb 80       		.byte	-128
 1545 05ec 3E       		.byte	62
 1546 05ed 11       		.byte	17
 1547 05ee 40       		.byte	64
 1548 05ef 60       		.byte	96
 1549 05f0 41       		.byte	65
 1550 05f1 04       		.byte	4
 1551 05f2 44       		.byte	68
 1552 05f3 02       		.byte	2
 1553 05f4 49       		.byte	73
 1554 05f5 FF       		.byte	-1
 1555 05f6 4A       		.byte	74
 1556 05f7 FF       		.byte	-1
 1557 05f8 4B       		.byte	75
 1558 05f9 FF       		.byte	-1
 1559 05fa 4C       		.byte	76
 1560 05fb EA       		.byte	-22
 1561 05fc 4D       		.byte	77
 1562 05fd 55       		.byte	85
 1563 05fe 4E       		.byte	78
 1564 05ff 70       		.byte	112
 1565 0600 4F       		.byte	79
 1566 0601 08       		.byte	8
 1567 0602 50       		.byte	80
 1568 0603 1C       		.byte	28
 1569 0604 58       		.byte	88
 1570 0605 0B       		.byte	11
 1571 0606 59       		.byte	89
 1572 0607 04       		.byte	4
 1573 0608 5A       		.byte	90
 1574 0609 0B       		.byte	11
 1575 060a 5B       		.byte	91
 1576 060b 04       		.byte	4
 1577 060c 5C       		.byte	92
 1578 060d 91       		.byte	-111
 1579 060e 5D       		.byte	93
 1580 060f 01       		.byte	1
 1581 0610 5F       		.byte	95
 1582 0611 41       		.byte	65
 1583 0612 61       		.byte	97
 1584 0613 08       		.byte	8
 1585 0614 63       		.byte	99
 1586 0615 08       		.byte	8
 1587 0616 65       		.byte	101
 1588 0617 08       		.byte	8
 1589 0618 67       		.byte	103
 1590 0619 08       		.byte	8
 1591 061a 68       		.byte	104
 1592 061b 50       		.byte	80
 1593 061c 69       		.byte	105
 1594 061d 09       		.byte	9
 1595 061e 6A       		.byte	106
 1596 061f 40       		.byte	64
ARM GAS  C:\Users\EA527~1.IVA\AppData\Local\Temp\ccs5ZbBB.s 			page 29


 1597 0620 6B       		.byte	107
 1598 0621 A8       		.byte	-88
 1599 0622 6C       		.byte	108
 1600 0623 C0       		.byte	-64
 1601 0624 6E       		.byte	110
 1602 0625 40       		.byte	64
 1603 0626 6F       		.byte	111
 1604 0627 A8       		.byte	-88
 1605 0628 8D       		.byte	-115
 1606 0629 19       		.byte	25
 1607 062a 8E       		.byte	-114
 1608 062b 03       		.byte	3
 1609 062c 8F       		.byte	-113
 1610 062d 06       		.byte	6
 1611 062e 91       		.byte	-111
 1612 062f 05       		.byte	5
 1613 0630 92       		.byte	-110
 1614 0631 04       		.byte	4
 1615 0632 93       		.byte	-109
 1616 0633 0A       		.byte	10
 1617 0634 95       		.byte	-107
 1618 0635 03       		.byte	3
 1619 0636 97       		.byte	-105
 1620 0637 0C       		.byte	12
 1621 0638 9D       		.byte	-99
 1622 0639 06       		.byte	6
 1623 063a 9F       		.byte	-97
 1624 063b 19       		.byte	25
 1625 063c A0       		.byte	-96
 1626 063d 02       		.byte	2
 1627 063e A2       		.byte	-94
 1628 063f 01       		.byte	1
 1629 0640 A5       		.byte	-91
 1630 0641 19       		.byte	25
 1631 0642 A7       		.byte	-89
 1632 0643 06       		.byte	6
 1633 0644 A8       		.byte	-88
 1634 0645 01       		.byte	1
 1635 0646 AA       		.byte	-86
 1636 0647 02       		.byte	2
 1637 0648 AD       		.byte	-83
 1638 0649 10       		.byte	16
 1639 064a AF       		.byte	-81
 1640 064b 06       		.byte	6
 1641 064c B0       		.byte	-80
 1642 064d 03       		.byte	3
 1643 064e B1       		.byte	-79
 1644 064f 1F       		.byte	31
 1645 0650 B4       		.byte	-76
 1646 0651 04       		.byte	4
 1647 0652 BB       		.byte	-69
 1648 0653 02       		.byte	2
 1649 0654 C0       		.byte	-64
 1650 0655 60       		.byte	96
 1651 0656 C1       		.byte	-63
 1652 0657 04       		.byte	4
 1653 0658 C4       		.byte	-60
ARM GAS  C:\Users\EA527~1.IVA\AppData\Local\Temp\ccs5ZbBB.s 			page 30


 1654 0659 02       		.byte	2
 1655 065a C9       		.byte	-55
 1656 065b FF       		.byte	-1
 1657 065c CA       		.byte	-54
 1658 065d FF       		.byte	-1
 1659 065e CB       		.byte	-53
 1660 065f FF       		.byte	-1
 1661 0660 CC       		.byte	-52
 1662 0661 EF       		.byte	-17
 1663 0662 CD       		.byte	-51
 1664 0663 55       		.byte	85
 1665 0664 CE       		.byte	-50
 1666 0665 72       		.byte	114
 1667 0666 CF       		.byte	-49
 1668 0667 08       		.byte	8
 1669 0668 D0       		.byte	-48
 1670 0669 1C       		.byte	28
 1671 066a D2       		.byte	-46
 1672 066b 01       		.byte	1
 1673 066c D8       		.byte	-40
 1674 066d 04       		.byte	4
 1675 066e D9       		.byte	-39
 1676 066f 04       		.byte	4
 1677 0670 DA       		.byte	-38
 1678 0671 08       		.byte	8
 1679 0672 DB       		.byte	-37
 1680 0673 08       		.byte	8
 1681 0674 DC       		.byte	-36
 1682 0675 99       		.byte	-103
 1683 0676 DD       		.byte	-35
 1684 0677 11       		.byte	17
 1685 0678 DF       		.byte	-33
 1686 0679 01       		.byte	1
 1687 067a E1       		.byte	-31
 1688 067b 08       		.byte	8
 1689 067c E3       		.byte	-29
 1690 067d 08       		.byte	8
 1691 067e E5       		.byte	-27
 1692 067f 08       		.byte	8
 1693 0680 E7       		.byte	-25
 1694 0681 08       		.byte	8
 1695 0682 E8       		.byte	-24
 1696 0683 50       		.byte	80
 1697 0684 E9       		.byte	-23
 1698 0685 09       		.byte	9
 1699 0686 EA       		.byte	-22
 1700 0687 40       		.byte	64
 1701 0688 EB       		.byte	-21
 1702 0689 A8       		.byte	-88
 1703 068a EC       		.byte	-20
 1704 068b C0       		.byte	-64
 1705 068c EE       		.byte	-18
 1706 068d 40       		.byte	64
 1707 068e EF       		.byte	-17
 1708 068f A8       		.byte	-88
 1709 0690 03       		.byte	3
 1710 0691 02       		.byte	2
ARM GAS  C:\Users\EA527~1.IVA\AppData\Local\Temp\ccs5ZbBB.s 			page 31


 1711 0692 05       		.byte	5
 1712 0693 80       		.byte	-128
 1713 0694 0A       		.byte	10
 1714 0695 91       		.byte	-111
 1715 0696 0E       		.byte	14
 1716 0697 80       		.byte	-128
 1717 0698 15       		.byte	21
 1718 0699 02       		.byte	2
 1719 069a 16       		.byte	22
 1720 069b 04       		.byte	4
 1721 069c 17       		.byte	23
 1722 069d 02       		.byte	2
 1723 069e 19       		.byte	25
 1724 069f 90       		.byte	-112
 1725 06a0 1A       		.byte	26
 1726 06a1 50       		.byte	80
 1727 06a2 1B       		.byte	27
 1728 06a3 10       		.byte	16
 1729 06a4 1C       		.byte	28
 1730 06a5 80       		.byte	-128
 1731 06a6 1E       		.byte	30
 1732 06a7 80       		.byte	-128
 1733 06a8 1F       		.byte	31
 1734 06a9 20       		.byte	32
 1735 06aa 20       		.byte	32
 1736 06ab 02       		.byte	2
 1737 06ac 27       		.byte	39
 1738 06ad 80       		.byte	-128
 1739 06ae 2D       		.byte	45
 1740 06af 80       		.byte	-128
 1741 06b0 2F       		.byte	47
 1742 06b1 20       		.byte	32
 1743 06b2 30       		.byte	48
 1744 06b3 20       		.byte	32
 1745 06b4 36       		.byte	54
 1746 06b5 08       		.byte	8
 1747 06b6 37       		.byte	55
 1748 06b7 82       		.byte	-126
 1749 06b8 3C       		.byte	60
 1750 06b9 80       		.byte	-128
 1751 06ba 40       		.byte	64
 1752 06bb 08       		.byte	8
 1753 06bc 43       		.byte	67
 1754 06bd 01       		.byte	1
 1755 06be 44       		.byte	68
 1756 06bf 08       		.byte	8
 1757 06c0 47       		.byte	71
 1758 06c1 01       		.byte	1
 1759 06c2 49       		.byte	73
 1760 06c3 10       		.byte	16
 1761 06c4 4F       		.byte	79
 1762 06c5 20       		.byte	32
 1763 06c6 6A       		.byte	106
 1764 06c7 80       		.byte	-128
 1765 06c8 6F       		.byte	111
 1766 06c9 01       		.byte	1
 1767 06ca 79       		.byte	121
ARM GAS  C:\Users\EA527~1.IVA\AppData\Local\Temp\ccs5ZbBB.s 			page 32


 1768 06cb 0A       		.byte	10
 1769 06cc 7E       		.byte	126
 1770 06cd 01       		.byte	1
 1771 06ce 8B       		.byte	-117
 1772 06cf 80       		.byte	-128
 1773 06d0 91       		.byte	-111
 1774 06d1 0A       		.byte	10
 1775 06d2 92       		.byte	-110
 1776 06d3 03       		.byte	3
 1777 06d4 96       		.byte	-106
 1778 06d5 40       		.byte	64
 1779 06d6 98       		.byte	-104
 1780 06d7 08       		.byte	8
 1781 06d8 9A       		.byte	-102
 1782 06d9 04       		.byte	4
 1783 06da 9D       		.byte	-99
 1784 06db 90       		.byte	-112
 1785 06dc 9F       		.byte	-97
 1786 06dd 01       		.byte	1
 1787 06de A0       		.byte	-96
 1788 06df 20       		.byte	32
 1789 06e0 A2       		.byte	-94
 1790 06e1 08       		.byte	8
 1791 06e2 A3       		.byte	-93
 1792 06e3 02       		.byte	2
 1793 06e4 A4       		.byte	-92
 1794 06e5 01       		.byte	1
 1795 06e6 A7       		.byte	-89
 1796 06e7 10       		.byte	16
 1797 06e8 AC       		.byte	-84
 1798 06e9 21       		.byte	33
 1799 06ea B2       		.byte	-78
 1800 06eb 10       		.byte	16
 1801 06ec C0       		.byte	-64
 1802 06ed 81       		.byte	-127
 1803 06ee C2       		.byte	-62
 1804 06ef 1D       		.byte	29
 1805 06f0 C4       		.byte	-60
 1806 06f1 50       		.byte	80
 1807 06f2 CA       		.byte	-54
 1808 06f3 50       		.byte	80
 1809 06f4 CC       		.byte	-52
 1810 06f5 D4       		.byte	-44
 1811 06f6 CE       		.byte	-50
 1812 06f7 10       		.byte	16
 1813 06f8 D0       		.byte	-48
 1814 06f9 A5       		.byte	-91
 1815 06fa D2       		.byte	-46
 1816 06fb 24       		.byte	36
 1817 06fc DE       		.byte	-34
 1818 06fd 13       		.byte	19
 1819 06fe E6       		.byte	-26
 1820 06ff 20       		.byte	32
 1821 0700 EC       		.byte	-20
 1822 0701 20       		.byte	32
 1823 0702 04       		.byte	4
 1824 0703 58       		.byte	88
ARM GAS  C:\Users\EA527~1.IVA\AppData\Local\Temp\ccs5ZbBB.s 			page 33


 1825 0704 06       		.byte	6
 1826 0705 24       		.byte	36
 1827 0706 0C       		.byte	12
 1828 0707 40       		.byte	64
 1829 0708 0E       		.byte	14
 1830 0709 27       		.byte	39
 1831 070a 14       		.byte	20
 1832 070b 24       		.byte	36
 1833 070c 16       		.byte	22
 1834 070d 58       		.byte	88
 1835 070e 17       		.byte	23
 1836 070f 01       		.byte	1
 1837 0710 18       		.byte	24
 1838 0711 58       		.byte	88
 1839 0712 1A       		.byte	26
 1840 0713 24       		.byte	36
 1841 0714 20       		.byte	32
 1842 0715 15       		.byte	21
 1843 0716 22       		.byte	34
 1844 0717 2A       		.byte	42
 1845 0718 28       		.byte	40
 1846 0719 0D       		.byte	13
 1847 071a 2A       		.byte	42
 1848 071b 32       		.byte	50
 1849 071c 32       		.byte	50
 1850 071d 7C       		.byte	124
 1851 071e 33       		.byte	51
 1852 071f 01       		.byte	1
 1853 0720 34       		.byte	52
 1854 0721 03       		.byte	3
 1855 0722 3A       		.byte	58
 1856 0723 08       		.byte	8
 1857 0724 40       		.byte	64
 1858 0725 60       		.byte	96
 1859 0726 41       		.byte	65
 1860 0727 04       		.byte	4
 1861 0728 44       		.byte	68
 1862 0729 02       		.byte	2
 1863 072a 49       		.byte	73
 1864 072b FF       		.byte	-1
 1865 072c 4A       		.byte	74
 1866 072d FF       		.byte	-1
 1867 072e 4B       		.byte	75
 1868 072f FF       		.byte	-1
 1869 0730 4C       		.byte	76
 1870 0731 EF       		.byte	-17
 1871 0732 4D       		.byte	77
 1872 0733 55       		.byte	85
 1873 0734 4E       		.byte	78
 1874 0735 72       		.byte	114
 1875 0736 4F       		.byte	79
 1876 0737 08       		.byte	8
 1877 0738 50       		.byte	80
 1878 0739 1C       		.byte	28
 1879 073a 58       		.byte	88
 1880 073b 04       		.byte	4
 1881 073c 59       		.byte	89
ARM GAS  C:\Users\EA527~1.IVA\AppData\Local\Temp\ccs5ZbBB.s 			page 34


 1882 073d 04       		.byte	4
 1883 073e 5A       		.byte	90
 1884 073f 08       		.byte	8
 1885 0740 5C       		.byte	92
 1886 0741 99       		.byte	-103
 1887 0742 5D       		.byte	93
 1888 0743 01       		.byte	1
 1889 0744 5F       		.byte	95
 1890 0745 01       		.byte	1
 1891 0746 61       		.byte	97
 1892 0747 08       		.byte	8
 1893 0748 63       		.byte	99
 1894 0749 08       		.byte	8
 1895 074a 65       		.byte	101
 1896 074b 08       		.byte	8
 1897 074c 67       		.byte	103
 1898 074d 08       		.byte	8
 1899 074e 68       		.byte	104
 1900 074f 50       		.byte	80
 1901 0750 69       		.byte	105
 1902 0751 09       		.byte	9
 1903 0752 6A       		.byte	106
 1904 0753 40       		.byte	64
 1905 0754 6B       		.byte	107
 1906 0755 A8       		.byte	-88
 1907 0756 6C       		.byte	108
 1908 0757 C0       		.byte	-64
 1909 0758 6E       		.byte	110
 1910 0759 40       		.byte	64
 1911 075a 6F       		.byte	111
 1912 075b A8       		.byte	-88
 1913 075c 80       		.byte	-128
 1914 075d 02       		.byte	2
 1915 075e 8C       		.byte	-116
 1916 075f 01       		.byte	1
 1917 0760 9E       		.byte	-98
 1918 0761 04       		.byte	4
 1919 0762 A6       		.byte	-90
 1920 0763 02       		.byte	2
 1921 0764 B2       		.byte	-78
 1922 0765 02       		.byte	2
 1923 0766 B4       		.byte	-76
 1924 0767 04       		.byte	4
 1925 0768 B6       		.byte	-74
 1926 0769 01       		.byte	1
 1927 076a BD       		.byte	-67
 1928 076b 04       		.byte	4
 1929 076c BE       		.byte	-66
 1930 076d 04       		.byte	4
 1931 076e C0       		.byte	-64
 1932 076f 60       		.byte	96
 1933 0770 C1       		.byte	-63
 1934 0771 04       		.byte	4
 1935 0772 C4       		.byte	-60
 1936 0773 02       		.byte	2
 1937 0774 C5       		.byte	-59
 1938 0775 CF       		.byte	-49
ARM GAS  C:\Users\EA527~1.IVA\AppData\Local\Temp\ccs5ZbBB.s 			page 35


 1939 0776 C6       		.byte	-58
 1940 0777 DE       		.byte	-34
 1941 0778 C7       		.byte	-57
 1942 0779 0B       		.byte	11
 1943 077a C8       		.byte	-56
 1944 077b 1F       		.byte	31
 1945 077c C9       		.byte	-55
 1946 077d FF       		.byte	-1
 1947 077e CA       		.byte	-54
 1948 077f FF       		.byte	-1
 1949 0780 CB       		.byte	-53
 1950 0781 FF       		.byte	-1
 1951 0782 CC       		.byte	-52
 1952 0783 EF       		.byte	-17
 1953 0784 CD       		.byte	-51
 1954 0785 55       		.byte	85
 1955 0786 CE       		.byte	-50
 1956 0787 F2       		.byte	-14
 1957 0788 CF       		.byte	-49
 1958 0789 08       		.byte	8
 1959 078a D0       		.byte	-48
 1960 078b 1C       		.byte	28
 1961 078c D4       		.byte	-44
 1962 078d 07       		.byte	7
 1963 078e D6       		.byte	-42
 1964 078f 04       		.byte	4
 1965 0790 D8       		.byte	-40
 1966 0791 04       		.byte	4
 1967 0792 D9       		.byte	-39
 1968 0793 09       		.byte	9
 1969 0794 DA       		.byte	-38
 1970 0795 0B       		.byte	11
 1971 0796 DB       		.byte	-37
 1972 0797 04       		.byte	4
 1973 0798 DC       		.byte	-36
 1974 0799 99       		.byte	-103
 1975 079a DD       		.byte	-35
 1976 079b 91       		.byte	-111
 1977 079c DF       		.byte	-33
 1978 079d 01       		.byte	1
 1979 079e E1       		.byte	-31
 1980 079f 08       		.byte	8
 1981 07a0 E3       		.byte	-29
 1982 07a1 08       		.byte	8
 1983 07a2 E5       		.byte	-27
 1984 07a3 08       		.byte	8
 1985 07a4 E7       		.byte	-25
 1986 07a5 08       		.byte	8
 1987 07a6 E8       		.byte	-24
 1988 07a7 50       		.byte	80
 1989 07a8 E9       		.byte	-23
 1990 07a9 09       		.byte	9
 1991 07aa EA       		.byte	-22
 1992 07ab 40       		.byte	64
 1993 07ac EB       		.byte	-21
 1994 07ad A8       		.byte	-88
 1995 07ae EC       		.byte	-20
ARM GAS  C:\Users\EA527~1.IVA\AppData\Local\Temp\ccs5ZbBB.s 			page 36


 1996 07af C0       		.byte	-64
 1997 07b0 EE       		.byte	-18
 1998 07b1 40       		.byte	64
 1999 07b2 EF       		.byte	-17
 2000 07b3 A8       		.byte	-88
 2001 07b4 00       		.byte	0
 2002 07b5 02       		.byte	2
 2003 07b6 02       		.byte	2
 2004 07b7 01       		.byte	1
 2005 07b8 05       		.byte	5
 2006 07b9 80       		.byte	-128
 2007 07ba 07       		.byte	7
 2008 07bb 20       		.byte	32
 2009 07bc 0A       		.byte	10
 2010 07bd 02       		.byte	2
 2011 07be 0E       		.byte	14
 2012 07bf 28       		.byte	40
 2013 07c0 10       		.byte	16
 2014 07c1 20       		.byte	32
 2015 07c2 15       		.byte	21
 2016 07c3 02       		.byte	2
 2017 07c4 16       		.byte	22
 2018 07c5 04       		.byte	4
 2019 07c6 19       		.byte	25
 2020 07c7 08       		.byte	8
 2021 07c8 1A       		.byte	26
 2022 07c9 09       		.byte	9
 2023 07ca 1B       		.byte	27
 2024 07cb 80       		.byte	-128
 2025 07cc 1E       		.byte	30
 2026 07cd 28       		.byte	40
 2027 07ce 20       		.byte	32
 2028 07cf 10       		.byte	16
 2029 07d0 21       		.byte	33
 2030 07d1 04       		.byte	4
 2031 07d2 27       		.byte	39
 2032 07d3 20       		.byte	32
 2033 07d4 36       		.byte	54
 2034 07d5 04       		.byte	4
 2035 07d6 40       		.byte	64
 2036 07d7 08       		.byte	8
 2037 07d8 43       		.byte	67
 2038 07d9 01       		.byte	1
 2039 07da 44       		.byte	68
 2040 07db 08       		.byte	8
 2041 07dc 47       		.byte	71
 2042 07dd 01       		.byte	1
 2043 07de 49       		.byte	73
 2044 07df 16       		.byte	22
 2045 07e0 4F       		.byte	79
 2046 07e1 20       		.byte	32
 2047 07e2 51       		.byte	81
 2048 07e3 20       		.byte	32
 2049 07e4 52       		.byte	82
 2050 07e5 8C       		.byte	-116
 2051 07e6 59       		.byte	89
 2052 07e7 08       		.byte	8
ARM GAS  C:\Users\EA527~1.IVA\AppData\Local\Temp\ccs5ZbBB.s 			page 37


 2053 07e8 5A       		.byte	90
 2054 07e9 80       		.byte	-128
 2055 07ea 5B       		.byte	91
 2056 07eb 10       		.byte	16
 2057 07ec 61       		.byte	97
 2058 07ed 08       		.byte	8
 2059 07ee 62       		.byte	98
 2060 07ef 20       		.byte	32
 2061 07f0 63       		.byte	99
 2062 07f1 40       		.byte	64
 2063 07f2 78       		.byte	120
 2064 07f3 20       		.byte	32
 2065 07f4 79       		.byte	121
 2066 07f5 02       		.byte	2
 2067 07f6 7B       		.byte	123
 2068 07f7 02       		.byte	2
 2069 07f8 7E       		.byte	126
 2070 07f9 01       		.byte	1
 2071 07fa 87       		.byte	-121
 2072 07fb 40       		.byte	64
 2073 07fc 8A       		.byte	-118
 2074 07fd 10       		.byte	16
 2075 07fe 91       		.byte	-111
 2076 07ff 02       		.byte	2
 2077 0800 92       		.byte	-110
 2078 0801 82       		.byte	-126
 2079 0802 94       		.byte	-108
 2080 0803 10       		.byte	16
 2081 0804 96       		.byte	-106
 2082 0805 48       		.byte	72
 2083 0806 98       		.byte	-104
 2084 0807 08       		.byte	8
 2085 0808 9A       		.byte	-102
 2086 0809 01       		.byte	1
 2087 080a 9B       		.byte	-101
 2088 080b 10       		.byte	16
 2089 080c 9D       		.byte	-99
 2090 080d 86       		.byte	-122
 2091 080e 9E       		.byte	-98
 2092 080f 10       		.byte	16
 2093 0810 A0       		.byte	-96
 2094 0811 20       		.byte	32
 2095 0812 A1       		.byte	-95
 2096 0813 08       		.byte	8
 2097 0814 A2       		.byte	-94
 2098 0815 20       		.byte	32
 2099 0816 A3       		.byte	-93
 2100 0817 02       		.byte	2
 2101 0818 A5       		.byte	-91
 2102 0819 20       		.byte	32
 2103 081a A6       		.byte	-90
 2104 081b 80       		.byte	-128
 2105 081c A7       		.byte	-89
 2106 081d 80       		.byte	-128
 2107 081e A9       		.byte	-87
 2108 081f 01       		.byte	1
 2109 0820 AB       		.byte	-85
ARM GAS  C:\Users\EA527~1.IVA\AppData\Local\Temp\ccs5ZbBB.s 			page 38


 2110 0821 18       		.byte	24
 2111 0822 AF       		.byte	-81
 2112 0823 20       		.byte	32
 2113 0824 C0       		.byte	-64
 2114 0825 A9       		.byte	-87
 2115 0826 C2       		.byte	-62
 2116 0827 61       		.byte	97
 2117 0828 C4       		.byte	-60
 2118 0829 54       		.byte	84
 2119 082a CC       		.byte	-52
 2120 082b 40       		.byte	64
 2121 082c D0       		.byte	-48
 2122 082d A5       		.byte	-91
 2123 082e D2       		.byte	-46
 2124 082f 24       		.byte	36
 2125 0830 D6       		.byte	-42
 2126 0831 0E       		.byte	14
 2127 0832 D8       		.byte	-40
 2128 0833 07       		.byte	7
 2129 0834 DE       		.byte	-34
 2130 0835 1D       		.byte	29
 2131 0836 E2       		.byte	-30
 2132 0837 80       		.byte	-128
 2133 0838 30       		.byte	48
 2134 0839 80       		.byte	-128
 2135 083a 33       		.byte	51
 2136 083b 08       		.byte	8
 2137 083c 34       		.byte	52
 2138 083d 02       		.byte	2
 2139 083e 36       		.byte	54
 2140 083f 40       		.byte	64
 2141 0840 3B       		.byte	59
 2142 0841 80       		.byte	-128
 2143 0842 CC       		.byte	-52
 2144 0843 F0       		.byte	-16
 2145 0844 CE       		.byte	-50
 2146 0845 10       		.byte	16
 2147 0846 30       		.byte	48
 2148 0847 20       		.byte	32
 2149 0848 37       		.byte	55
 2150 0849 10       		.byte	16
 2151 084a 58       		.byte	88
 2152 084b 40       		.byte	64
 2153 084c 87       		.byte	-121
 2154 084d 08       		.byte	8
 2155 084e 8B       		.byte	-117
 2156 084f 40       		.byte	64
 2157 0850 97       		.byte	-105
 2158 0851 80       		.byte	-128
 2159 0852 9C       		.byte	-100
 2160 0853 02       		.byte	2
 2161 0854 A6       		.byte	-90
 2162 0855 40       		.byte	64
 2163 0856 A7       		.byte	-89
 2164 0857 08       		.byte	8
 2165 0858 AC       		.byte	-84
 2166 0859 80       		.byte	-128
ARM GAS  C:\Users\EA527~1.IVA\AppData\Local\Temp\ccs5ZbBB.s 			page 39


 2167 085a CC       		.byte	-52
 2168 085b 30       		.byte	48
 2169 085c D4       		.byte	-44
 2170 085d 80       		.byte	-128
 2171 085e E6       		.byte	-26
 2172 085f 40       		.byte	64
 2173 0860 EA       		.byte	-22
 2174 0861 10       		.byte	16
 2175 0862 10       		.byte	16
 2176 0863 40       		.byte	64
 2177 0864 9C       		.byte	-100
 2178 0865 42       		.byte	66
 2179 0866 9F       		.byte	-97
 2180 0867 10       		.byte	16
 2181 0868 A4       		.byte	-92
 2182 0869 20       		.byte	32
 2183 086a A6       		.byte	-90
 2184 086b 40       		.byte	64
 2185 086c C4       		.byte	-60
 2186 086d 10       		.byte	16
 2187 086e 63       		.byte	99
 2188 086f 20       		.byte	32
 2189 0870 80       		.byte	-128
 2190 0871 02       		.byte	2
 2191 0872 83       		.byte	-125
 2192 0873 10       		.byte	16
 2193 0874 9C       		.byte	-100
 2194 0875 02       		.byte	2
 2195 0876 9F       		.byte	-97
 2196 0877 10       		.byte	16
 2197 0878 A6       		.byte	-90
 2198 0879 40       		.byte	64
 2199 087a A8       		.byte	-88
 2200 087b 20       		.byte	32
 2201 087c AC       		.byte	-84
 2202 087d 40       		.byte	64
 2203 087e D8       		.byte	-40
 2204 087f 40       		.byte	64
 2205 0880 E2       		.byte	-30
 2206 0881 20       		.byte	32
 2207 0882 E6       		.byte	-26
 2208 0883 80       		.byte	-128
 2209 0884 EA       		.byte	-22
 2210 0885 80       		.byte	-128
 2211 0886 EC       		.byte	-20
 2212 0887 10       		.byte	16
 2213 0888 2A       		.byte	42
 2214 0889 80       		.byte	-128
 2215 088a CA       		.byte	-54
 2216 088b 08       		.byte	8
 2217 088c 8B       		.byte	-117
 2218 088d 10       		.byte	16
 2219 088e 9A       		.byte	-102
 2220 088f 80       		.byte	-128
 2221 0890 E6       		.byte	-26
 2222 0891 01       		.byte	1
 2223 0892 00       		.byte	0
ARM GAS  C:\Users\EA527~1.IVA\AppData\Local\Temp\ccs5ZbBB.s 			page 40


 2224 0893 80       		.byte	-128
 2225 0894 88       		.byte	-120
 2226 0895 40       		.byte	64
 2227 0896 97       		.byte	-105
 2228 0897 10       		.byte	16
 2229 0898 9A       		.byte	-102
 2230 0899 80       		.byte	-128
 2231 089a C0       		.byte	-64
 2232 089b 02       		.byte	2
 2233 089c E6       		.byte	-26
 2234 089d 04       		.byte	4
 2235 089e 09       		.byte	9
 2236 089f 01       		.byte	1
 2237 08a0 0B       		.byte	11
 2238 08a1 01       		.byte	1
 2239 08a2 0F       		.byte	15
 2240 08a3 10       		.byte	16
 2241 08a4 81       		.byte	-127
 2242 08a5 01       		.byte	1
 2243 08a6 97       		.byte	-105
 2244 08a7 11       		.byte	17
 2245 08a8 AB       		.byte	-85
 2246 08a9 01       		.byte	1
 2247 08aa AE       		.byte	-82
 2248 08ab 80       		.byte	-128
 2249 08ac C2       		.byte	-62
 2250 08ad 0E       		.byte	14
 2251 08ae 27       		.byte	39
 2252 08af 01       		.byte	1
 2253 08b0 86       		.byte	-122
 2254 08b1 40       		.byte	64
 2255 08b2 8B       		.byte	-117
 2256 08b3 01       		.byte	1
 2257 08b4 93       		.byte	-109
 2258 08b5 08       		.byte	8
 2259 08b6 A6       		.byte	-90
 2260 08b7 40       		.byte	64
 2261 08b8 AB       		.byte	-85
 2262 08b9 10       		.byte	16
 2263 08ba AF       		.byte	-81
 2264 08bb 04       		.byte	4
 2265 08bc C8       		.byte	-56
 2266 08bd 20       		.byte	32
 2267 08be E6       		.byte	-26
 2268 08bf 40       		.byte	64
 2269 08c0 EE       		.byte	-18
 2270 08c1 90       		.byte	-112
 2271 08c2 67       		.byte	103
 2272 08c3 08       		.byte	8
 2273 08c4 74       		.byte	116
 2274 08c5 08       		.byte	8
 2275 08c6 7B       		.byte	123
 2276 08c7 01       		.byte	1
 2277 08c8 88       		.byte	-120
 2278 08c9 08       		.byte	8
 2279 08ca 93       		.byte	-109
 2280 08cb 08       		.byte	8
ARM GAS  C:\Users\EA527~1.IVA\AppData\Local\Temp\ccs5ZbBB.s 			page 41


 2281 08cc A3       		.byte	-93
 2282 08cd 01       		.byte	1
 2283 08ce B3       		.byte	-77
 2284 08cf 01       		.byte	1
 2285 08d0 D8       		.byte	-40
 2286 08d1 80       		.byte	-128
 2287 08d2 DC       		.byte	-36
 2288 08d3 80       		.byte	-128
 2289 08d4 DE       		.byte	-34
 2290 08d5 20       		.byte	32
 2291 08d6 10       		.byte	16
 2292 08d7 02       		.byte	2
 2293 08d8 11       		.byte	17
 2294 08d9 01       		.byte	1
 2295 08da 12       		.byte	18
 2296 08db 14       		.byte	20
 2297 08dc 1A       		.byte	26
 2298 08dd 02       		.byte	2
 2299 08de 1B       		.byte	27
 2300 08df 01       		.byte	1
 2301 08e0 00       		.byte	0
 2302 08e1 BF       		.byte	-65
 2303 08e2 01       		.byte	1
 2304 08e3 3A       		.byte	58
 2305 08e4 02       		.byte	2
 2306 08e5 01       		.byte	1
 2307 08e6 14       		.byte	20
 2308 08e7 00       		.byte	0
 2309 08e8 00       		.byte	0
 2310 08e9 00       		.byte	0
 2311 08ea 00       		.byte	0
 2312 08eb 00       		.byte	0
 2313 08ec 00       		.byte	0
 2314 08ed 01       		.byte	1
 2315 08ee 02       		.byte	2
 2316 08ef 01       		.byte	1
 2317 08f0 02       		.byte	2
 2318 08f1 01       		.byte	1
 2319 08f2 00       		.byte	0
 2320 08f3 00       		.byte	0
 2321 08f4 00       		.byte	0
 2322 08f5 01       		.byte	1
 2323 08f6 01       		.byte	1
 2324 08f7 00       		.byte	0
 2325 08f8 01       		.byte	1
 2326 08f9 00       		.byte	0
 2327 08fa 02       		.byte	2
 2328 08fb 00       		.byte	0
 2329 08fc 00       		.byte	0
 2330 08fd 03       		.byte	3
 2331 08fe 03       		.byte	3
 2332 08ff 00       		.byte	0
 2333 0900 03       		.byte	3
 2334 0901 00       		.byte	0
 2335 0902 00       		.byte	0
 2336 0903 00       		.byte	0
 2337 0904 40       		.byte	64
ARM GAS  C:\Users\EA527~1.IVA\AppData\Local\Temp\ccs5ZbBB.s 			page 42


 2338 0905 00       		.byte	0
 2339 0906 00       		.byte	0
 2340 0907 00       		.byte	0
 2341 0908 00       		.byte	0
 2342 0909 00       		.byte	0
 2343 090a 00       		.byte	0
 2344 090b 00       		.byte	0
 2345 090c F0       		.byte	-16
 2346 090d 00       		.byte	0
 2347 090e 00       		.byte	0
 2348 090f 00       		.byte	0
 2349 0910 00       		.byte	0
 2350 0911 0B       		.byte	11
 2351 0912 0B       		.byte	11
 2352 0913 00       		.byte	0
 2353 0914 00       		.byte	0
 2354 0915 00       		.byte	0
 2355 0916 00       		.byte	0
 2356 0917 00       		.byte	0
 2357 0918 00       		.byte	0
 2358 0919 20       		.byte	32
 2359 091a 20       		.byte	32
 2360 091b 00       		.byte	0
 2361 091c 20       		.byte	32
 2362 091d 00       		.byte	0
 2363 091e 00       		.byte	0
 2364 091f 00       		.byte	0
 2365              		.section	.cywolatch,"a",%progbits
 2366              		.align	2
 2367              		.type	cy_meta_wonvl, %object
 2368              		.size	cy_meta_wonvl, 4
 2369              	cy_meta_wonvl:
 2370 0000 BC       		.byte	-68
 2371 0001 90       		.byte	-112
 2372 0002 AC       		.byte	-84
 2373 0003 AF       		.byte	-81
 2374              		.section	.cycustnvl,"a",%progbits
 2375              		.align	2
 2376              		.type	cy_meta_custnvl, %object
 2377              		.size	cy_meta_custnvl, 4
 2378              	cy_meta_custnvl:
 2379 0000 00       		.byte	0
 2380 0001 00       		.byte	0
 2381 0002 40       		.byte	64
 2382 0003 05       		.byte	5
 2383              		.section	.cymeta,"a",%progbits
 2384              		.align	2
 2385              		.type	cy_metadata, %object
 2386              		.size	cy_metadata, 12
 2387              	cy_metadata:
 2388 0000 00       		.byte	0
 2389 0001 01       		.byte	1
 2390 0002 2E       		.byte	46
 2391 0003 16       		.byte	22
 2392 0004 10       		.byte	16
 2393 0005 69       		.byte	105
 2394 0006 00       		.byte	0
ARM GAS  C:\Users\EA527~1.IVA\AppData\Local\Temp\ccs5ZbBB.s 			page 43


 2395 0007 01       		.byte	1
 2396 0008 00       		.byte	0
 2397 0009 00       		.byte	0
 2398 000a 00       		.byte	0
 2399 000b 00       		.byte	0
 2400              		.section	.cyflashprotect,"a",%progbits
 2401              		.align	2
 2402              		.type	cy_meta_flashprotect, %object
 2403              		.size	cy_meta_flashprotect, 256
 2404              	cy_meta_flashprotect:
 2405 0000 00000000 		.space	256
 2405      00000000 
 2405      00000000 
 2405      00000000 
 2405      00000000 
 2406              		.text
 2407              	.Letext0:
 2408              		.file 1 "c:\\program files (x86)\\cypress\\psoc creator\\4.2\\psoc creator\\import\\gnu\\arm\\5.4.
 2409              		.file 2 "c:\\program files (x86)\\cypress\\psoc creator\\4.2\\psoc creator\\import\\gnu\\arm\\5.4.
 2410              		.file 3 "Generated_Source\\PSoC5\\cymetadata.c"
 2411              		.section	.debug_info,"",%progbits
 2412              	.Ldebug_info0:
 2413 0000 35010000 		.4byte	0x135
 2414 0004 0400     		.2byte	0x4
 2415 0006 00000000 		.4byte	.Ldebug_abbrev0
 2416 000a 04       		.byte	0x4
 2417 000b 01       		.uleb128 0x1
 2418 000c 70000000 		.4byte	.LASF17
 2419 0010 0C       		.byte	0xc
 2420 0011 CA010000 		.4byte	.LASF18
 2421 0015 0A000000 		.4byte	.LASF19
 2422 0019 00000000 		.4byte	.Ldebug_line0
 2423 001d 02       		.uleb128 0x2
 2424 001e 01       		.byte	0x1
 2425 001f 06       		.byte	0x6
 2426 0020 BE010000 		.4byte	.LASF0
 2427 0024 03       		.uleb128 0x3
 2428 0025 00000000 		.4byte	.LASF9
 2429 0029 01       		.byte	0x1
 2430 002a 1D       		.byte	0x1d
 2431 002b 2F000000 		.4byte	0x2f
 2432 002f 02       		.uleb128 0x2
 2433 0030 01       		.byte	0x1
 2434 0031 08       		.byte	0x8
 2435 0032 62000000 		.4byte	.LASF1
 2436 0036 02       		.uleb128 0x2
 2437 0037 02       		.byte	0x2
 2438 0038 05       		.byte	0x5
 2439 0039 AB010000 		.4byte	.LASF2
 2440 003d 02       		.uleb128 0x2
 2441 003e 02       		.byte	0x2
 2442 003f 07       		.byte	0x7
 2443 0040 10010000 		.4byte	.LASF3
 2444 0044 02       		.uleb128 0x2
 2445 0045 04       		.byte	0x4
 2446 0046 05       		.byte	0x5
 2447 0047 B5010000 		.4byte	.LASF4
ARM GAS  C:\Users\EA527~1.IVA\AppData\Local\Temp\ccs5ZbBB.s 			page 44


 2448 004b 02       		.uleb128 0x2
 2449 004c 04       		.byte	0x4
 2450 004d 07       		.byte	0x7
 2451 004e FE000000 		.4byte	.LASF5
 2452 0052 02       		.uleb128 0x2
 2453 0053 08       		.byte	0x8
 2454 0054 05       		.byte	0x5
 2455 0055 9D010000 		.4byte	.LASF6
 2456 0059 02       		.uleb128 0x2
 2457 005a 08       		.byte	0x8
 2458 005b 07       		.byte	0x7
 2459 005c 52010000 		.4byte	.LASF7
 2460 0060 04       		.uleb128 0x4
 2461 0061 04       		.byte	0x4
 2462 0062 05       		.byte	0x5
 2463 0063 696E7400 		.ascii	"int\000"
 2464 0067 02       		.uleb128 0x2
 2465 0068 04       		.byte	0x4
 2466 0069 07       		.byte	0x7
 2467 006a 45010000 		.4byte	.LASF8
 2468 006e 03       		.uleb128 0x3
 2469 006f 69010000 		.4byte	.LASF10
 2470 0073 02       		.byte	0x2
 2471 0074 18       		.byte	0x18
 2472 0075 24000000 		.4byte	0x24
 2473 0079 05       		.uleb128 0x5
 2474 007a 91000000 		.4byte	0x91
 2475 007e 8A000000 		.4byte	0x8a
 2476 0082 06       		.uleb128 0x6
 2477 0083 8A000000 		.4byte	0x8a
 2478 0087 1F09     		.2byte	0x91f
 2479 0089 00       		.byte	0
 2480 008a 02       		.uleb128 0x2
 2481 008b 04       		.byte	0x4
 2482 008c 07       		.byte	0x7
 2483 008d 94010000 		.4byte	.LASF11
 2484 0091 07       		.uleb128 0x7
 2485 0092 6E000000 		.4byte	0x6e
 2486 0096 08       		.uleb128 0x8
 2487 0097 33010000 		.4byte	.LASF12
 2488 009b 03       		.byte	0x3
 2489 009c 1F       		.byte	0x1f
 2490 009d A7000000 		.4byte	0xa7
 2491 00a1 05       		.uleb128 0x5
 2492 00a2 03       		.byte	0x3
 2493 00a3 00000000 		.4byte	cy_meta_configecc
 2494 00a7 07       		.uleb128 0x7
 2495 00a8 79000000 		.4byte	0x79
 2496 00ac 05       		.uleb128 0x5
 2497 00ad 91000000 		.4byte	0x91
 2498 00b1 BC000000 		.4byte	0xbc
 2499 00b5 09       		.uleb128 0x9
 2500 00b6 8A000000 		.4byte	0x8a
 2501 00ba 03       		.byte	0x3
 2502 00bb 00       		.byte	0
 2503 00bc 0A       		.uleb128 0xa
 2504 00bd 23010000 		.4byte	.LASF13
ARM GAS  C:\Users\EA527~1.IVA\AppData\Local\Temp\ccs5ZbBB.s 			page 45


 2505 00c1 03       		.byte	0x3
 2506 00c2 5001     		.2byte	0x150
 2507 00c4 CE000000 		.4byte	0xce
 2508 00c8 05       		.uleb128 0x5
 2509 00c9 03       		.byte	0x3
 2510 00ca 00000000 		.4byte	cy_meta_custnvl
 2511 00ce 07       		.uleb128 0x7
 2512 00cf AC000000 		.4byte	0xac
 2513 00d3 0A       		.uleb128 0xa
 2514 00d4 86010000 		.4byte	.LASF14
 2515 00d8 03       		.byte	0x3
 2516 00d9 5E01     		.2byte	0x15e
 2517 00db E5000000 		.4byte	0xe5
 2518 00df 05       		.uleb128 0x5
 2519 00e0 03       		.byte	0x3
 2520 00e1 00000000 		.4byte	cy_meta_wonvl
 2521 00e5 07       		.uleb128 0x7
 2522 00e6 AC000000 		.4byte	0xac
 2523 00ea 05       		.uleb128 0x5
 2524 00eb 91000000 		.4byte	0x91
 2525 00ef FA000000 		.4byte	0xfa
 2526 00f3 09       		.uleb128 0x9
 2527 00f4 8A000000 		.4byte	0x8a
 2528 00f8 FF       		.byte	0xff
 2529 00f9 00       		.byte	0
 2530 00fa 0A       		.uleb128 0xa
 2531 00fb 71010000 		.4byte	.LASF15
 2532 00ff 03       		.byte	0x3
 2533 0100 6C01     		.2byte	0x16c
 2534 0102 0C010000 		.4byte	0x10c
 2535 0106 05       		.uleb128 0x5
 2536 0107 03       		.byte	0x3
 2537 0108 00000000 		.4byte	cy_meta_flashprotect
 2538 010c 07       		.uleb128 0x7
 2539 010d EA000000 		.4byte	0xea
 2540 0111 05       		.uleb128 0x5
 2541 0112 91000000 		.4byte	0x91
 2542 0116 21010000 		.4byte	0x121
 2543 011a 09       		.uleb128 0x9
 2544 011b 8A000000 		.4byte	0x8a
 2545 011f 0B       		.byte	0xb
 2546 0120 00       		.byte	0
 2547 0121 0A       		.uleb128 0xa
 2548 0122 56000000 		.4byte	.LASF16
 2549 0126 03       		.byte	0x3
 2550 0127 9901     		.2byte	0x199
 2551 0129 33010000 		.4byte	0x133
 2552 012d 05       		.uleb128 0x5
 2553 012e 03       		.byte	0x3
 2554 012f 00000000 		.4byte	cy_metadata
 2555 0133 07       		.uleb128 0x7
 2556 0134 11010000 		.4byte	0x111
 2557 0138 00       		.byte	0
 2558              		.section	.debug_abbrev,"",%progbits
 2559              	.Ldebug_abbrev0:
 2560 0000 01       		.uleb128 0x1
 2561 0001 11       		.uleb128 0x11
ARM GAS  C:\Users\EA527~1.IVA\AppData\Local\Temp\ccs5ZbBB.s 			page 46


 2562 0002 01       		.byte	0x1
 2563 0003 25       		.uleb128 0x25
 2564 0004 0E       		.uleb128 0xe
 2565 0005 13       		.uleb128 0x13
 2566 0006 0B       		.uleb128 0xb
 2567 0007 03       		.uleb128 0x3
 2568 0008 0E       		.uleb128 0xe
 2569 0009 1B       		.uleb128 0x1b
 2570 000a 0E       		.uleb128 0xe
 2571 000b 10       		.uleb128 0x10
 2572 000c 17       		.uleb128 0x17
 2573 000d 00       		.byte	0
 2574 000e 00       		.byte	0
 2575 000f 02       		.uleb128 0x2
 2576 0010 24       		.uleb128 0x24
 2577 0011 00       		.byte	0
 2578 0012 0B       		.uleb128 0xb
 2579 0013 0B       		.uleb128 0xb
 2580 0014 3E       		.uleb128 0x3e
 2581 0015 0B       		.uleb128 0xb
 2582 0016 03       		.uleb128 0x3
 2583 0017 0E       		.uleb128 0xe
 2584 0018 00       		.byte	0
 2585 0019 00       		.byte	0
 2586 001a 03       		.uleb128 0x3
 2587 001b 16       		.uleb128 0x16
 2588 001c 00       		.byte	0
 2589 001d 03       		.uleb128 0x3
 2590 001e 0E       		.uleb128 0xe
 2591 001f 3A       		.uleb128 0x3a
 2592 0020 0B       		.uleb128 0xb
 2593 0021 3B       		.uleb128 0x3b
 2594 0022 0B       		.uleb128 0xb
 2595 0023 49       		.uleb128 0x49
 2596 0024 13       		.uleb128 0x13
 2597 0025 00       		.byte	0
 2598 0026 00       		.byte	0
 2599 0027 04       		.uleb128 0x4
 2600 0028 24       		.uleb128 0x24
 2601 0029 00       		.byte	0
 2602 002a 0B       		.uleb128 0xb
 2603 002b 0B       		.uleb128 0xb
 2604 002c 3E       		.uleb128 0x3e
 2605 002d 0B       		.uleb128 0xb
 2606 002e 03       		.uleb128 0x3
 2607 002f 08       		.uleb128 0x8
 2608 0030 00       		.byte	0
 2609 0031 00       		.byte	0
 2610 0032 05       		.uleb128 0x5
 2611 0033 01       		.uleb128 0x1
 2612 0034 01       		.byte	0x1
 2613 0035 49       		.uleb128 0x49
 2614 0036 13       		.uleb128 0x13
 2615 0037 01       		.uleb128 0x1
 2616 0038 13       		.uleb128 0x13
 2617 0039 00       		.byte	0
 2618 003a 00       		.byte	0
ARM GAS  C:\Users\EA527~1.IVA\AppData\Local\Temp\ccs5ZbBB.s 			page 47


 2619 003b 06       		.uleb128 0x6
 2620 003c 21       		.uleb128 0x21
 2621 003d 00       		.byte	0
 2622 003e 49       		.uleb128 0x49
 2623 003f 13       		.uleb128 0x13
 2624 0040 2F       		.uleb128 0x2f
 2625 0041 05       		.uleb128 0x5
 2626 0042 00       		.byte	0
 2627 0043 00       		.byte	0
 2628 0044 07       		.uleb128 0x7
 2629 0045 26       		.uleb128 0x26
 2630 0046 00       		.byte	0
 2631 0047 49       		.uleb128 0x49
 2632 0048 13       		.uleb128 0x13
 2633 0049 00       		.byte	0
 2634 004a 00       		.byte	0
 2635 004b 08       		.uleb128 0x8
 2636 004c 34       		.uleb128 0x34
 2637 004d 00       		.byte	0
 2638 004e 03       		.uleb128 0x3
 2639 004f 0E       		.uleb128 0xe
 2640 0050 3A       		.uleb128 0x3a
 2641 0051 0B       		.uleb128 0xb
 2642 0052 3B       		.uleb128 0x3b
 2643 0053 0B       		.uleb128 0xb
 2644 0054 49       		.uleb128 0x49
 2645 0055 13       		.uleb128 0x13
 2646 0056 3F       		.uleb128 0x3f
 2647 0057 19       		.uleb128 0x19
 2648 0058 02       		.uleb128 0x2
 2649 0059 18       		.uleb128 0x18
 2650 005a 00       		.byte	0
 2651 005b 00       		.byte	0
 2652 005c 09       		.uleb128 0x9
 2653 005d 21       		.uleb128 0x21
 2654 005e 00       		.byte	0
 2655 005f 49       		.uleb128 0x49
 2656 0060 13       		.uleb128 0x13
 2657 0061 2F       		.uleb128 0x2f
 2658 0062 0B       		.uleb128 0xb
 2659 0063 00       		.byte	0
 2660 0064 00       		.byte	0
 2661 0065 0A       		.uleb128 0xa
 2662 0066 34       		.uleb128 0x34
 2663 0067 00       		.byte	0
 2664 0068 03       		.uleb128 0x3
 2665 0069 0E       		.uleb128 0xe
 2666 006a 3A       		.uleb128 0x3a
 2667 006b 0B       		.uleb128 0xb
 2668 006c 3B       		.uleb128 0x3b
 2669 006d 05       		.uleb128 0x5
 2670 006e 49       		.uleb128 0x49
 2671 006f 13       		.uleb128 0x13
 2672 0070 3F       		.uleb128 0x3f
 2673 0071 19       		.uleb128 0x19
 2674 0072 02       		.uleb128 0x2
 2675 0073 18       		.uleb128 0x18
ARM GAS  C:\Users\EA527~1.IVA\AppData\Local\Temp\ccs5ZbBB.s 			page 48


 2676 0074 00       		.byte	0
 2677 0075 00       		.byte	0
 2678 0076 00       		.byte	0
 2679              		.section	.debug_aranges,"",%progbits
 2680 0000 14000000 		.4byte	0x14
 2681 0004 0200     		.2byte	0x2
 2682 0006 00000000 		.4byte	.Ldebug_info0
 2683 000a 04       		.byte	0x4
 2684 000b 00       		.byte	0
 2685 000c 0000     		.2byte	0
 2686 000e 0000     		.2byte	0
 2687 0010 00000000 		.4byte	0
 2688 0014 00000000 		.4byte	0
 2689              		.section	.debug_line,"",%progbits
 2690              	.Ldebug_line0:
 2691 0000 3D010000 		.section	.debug_str,"MS",%progbits,1
 2691      02003701 
 2691      00000201 
 2691      FB0E0D00 
 2691      01010101 
 2692              	.LASF9:
 2693 0000 5F5F7569 		.ascii	"__uint8_t\000"
 2693      6E74385F 
 2693      7400
 2694              	.LASF19:
 2695 000a 433A5C55 		.ascii	"C:\\Users\\e.ivanov\\Documents\\GitHub\\generic\\Ma"
 2695      73657273 
 2695      5C652E69 
 2695      76616E6F 
 2695      765C446F 
 2696 0037 6E636865 		.ascii	"nchester encoder-decoder.cydsn\000"
 2696      73746572 
 2696      20656E63 
 2696      6F646572 
 2696      2D646563 
 2697              	.LASF16:
 2698 0056 63795F6D 		.ascii	"cy_metadata\000"
 2698      65746164 
 2698      61746100 
 2699              	.LASF1:
 2700 0062 756E7369 		.ascii	"unsigned char\000"
 2700      676E6564 
 2700      20636861 
 2700      7200
 2701              	.LASF17:
 2702 0070 474E5520 		.ascii	"GNU C11 5.4.1 20160609 (release) [ARM/embedded-5-br"
 2702      43313120 
 2702      352E342E 
 2702      31203230 
 2702      31363036 
 2703 00a3 616E6368 		.ascii	"anch revision 237715] -mcpu=cortex-m3 -mthumb -g -O"
 2703      20726576 
 2703      6973696F 
 2703      6E203233 
 2703      37373135 
 2704 00d6 67202D66 		.ascii	"g -ffunction-sections -ffat-lto-objects\000"
 2704      66756E63 
ARM GAS  C:\Users\EA527~1.IVA\AppData\Local\Temp\ccs5ZbBB.s 			page 49


 2704      74696F6E 
 2704      2D736563 
 2704      74696F6E 
 2705              	.LASF5:
 2706 00fe 6C6F6E67 		.ascii	"long unsigned int\000"
 2706      20756E73 
 2706      69676E65 
 2706      6420696E 
 2706      7400
 2707              	.LASF3:
 2708 0110 73686F72 		.ascii	"short unsigned int\000"
 2708      7420756E 
 2708      7369676E 
 2708      65642069 
 2708      6E7400
 2709              	.LASF13:
 2710 0123 63795F6D 		.ascii	"cy_meta_custnvl\000"
 2710      6574615F 
 2710      63757374 
 2710      6E766C00 
 2711              	.LASF12:
 2712 0133 63795F6D 		.ascii	"cy_meta_configecc\000"
 2712      6574615F 
 2712      636F6E66 
 2712      69676563 
 2712      6300
 2713              	.LASF8:
 2714 0145 756E7369 		.ascii	"unsigned int\000"
 2714      676E6564 
 2714      20696E74 
 2714      00
 2715              	.LASF7:
 2716 0152 6C6F6E67 		.ascii	"long long unsigned int\000"
 2716      206C6F6E 
 2716      6720756E 
 2716      7369676E 
 2716      65642069 
 2717              	.LASF10:
 2718 0169 75696E74 		.ascii	"uint8_t\000"
 2718      385F7400 
 2719              	.LASF15:
 2720 0171 63795F6D 		.ascii	"cy_meta_flashprotect\000"
 2720      6574615F 
 2720      666C6173 
 2720      6870726F 
 2720      74656374 
 2721              	.LASF14:
 2722 0186 63795F6D 		.ascii	"cy_meta_wonvl\000"
 2722      6574615F 
 2722      776F6E76 
 2722      6C00
 2723              	.LASF11:
 2724 0194 73697A65 		.ascii	"sizetype\000"
 2724      74797065 
 2724      00
 2725              	.LASF6:
 2726 019d 6C6F6E67 		.ascii	"long long int\000"
ARM GAS  C:\Users\EA527~1.IVA\AppData\Local\Temp\ccs5ZbBB.s 			page 50


 2726      206C6F6E 
 2726      6720696E 
 2726      7400
 2727              	.LASF2:
 2728 01ab 73686F72 		.ascii	"short int\000"
 2728      7420696E 
 2728      7400
 2729              	.LASF4:
 2730 01b5 6C6F6E67 		.ascii	"long int\000"
 2730      20696E74 
 2730      00
 2731              	.LASF0:
 2732 01be 7369676E 		.ascii	"signed char\000"
 2732      65642063 
 2732      68617200 
 2733              	.LASF18:
 2734 01ca 47656E65 		.ascii	"Generated_Source\\PSoC5\\cymetadata.c\000"
 2734      72617465 
 2734      645F536F 
 2734      75726365 
 2734      5C50536F 
 2735              		.ident	"GCC: (GNU Tools for ARM Embedded Processors) 5.4.1 20160609 (release) [ARM/embedded-5-bran
