ARM GAS  C:\Users\EA527~1.IVA\AppData\Local\Temp\ccHpHb24.s 			page 1


   1              		.syntax unified
   2              		.cpu cortex-m3
   3              		.fpu softvfp
   4              		.eabi_attribute 20, 1
   5              		.eabi_attribute 21, 1
   6              		.eabi_attribute 23, 3
   7              		.eabi_attribute 24, 1
   8              		.eabi_attribute 25, 1
   9              		.eabi_attribute 26, 1
  10              		.eabi_attribute 30, 1
  11              		.eabi_attribute 34, 1
  12              		.eabi_attribute 18, 4
  13              		.thumb
  14              		.syntax unified
  15              		.file	"FirstFrame.c"
  16              		.text
  17              	.Ltext0:
  18              		.cfi_sections	.debug_frame
  19              		.section	.text.PrepareFirstFrame,"ax",%progbits
  20              		.align	2
  21              		.global	PrepareFirstFrame
  22              		.thumb
  23              		.thumb_func
  24              		.type	PrepareFirstFrame, %function
  25              	PrepareFirstFrame:
  26              	.LFB0:
  27              		.file 1 "FirstFrame.c"
   1:FirstFrame.c  **** /* ========================================
   2:FirstFrame.c  ****  *
   3:FirstFrame.c  ****  * Copyright YOUR COMPANY, THE YEAR
   4:FirstFrame.c  ****  * All Rights Reserved
   5:FirstFrame.c  ****  * UNPUBLISHED, LICENSED SOFTWARE.
   6:FirstFrame.c  ****  *
   7:FirstFrame.c  ****  * CONFIDENTIAL AND PROPRIETARY INFORMATION
   8:FirstFrame.c  ****  * WHICH IS THE PROPERTY OF your company.
   9:FirstFrame.c  ****  *
  10:FirstFrame.c  ****  * ========================================
  11:FirstFrame.c  **** */
  12:FirstFrame.c  **** 
  13:FirstFrame.c  **** #include <FirstFrame.h>
  14:FirstFrame.c  **** #include <SPI_ADC_ADS131E08.h>
  15:FirstFrame.c  **** #include <line_buf.h>
  16:FirstFrame.c  **** #include "cytypes.h"
  17:FirstFrame.c  **** 
  18:FirstFrame.c  **** 
  19:FirstFrame.c  **** 
  20:FirstFrame.c  **** uint32 last_adc_data_sended = 1;
  21:FirstFrame.c  **** static uint32 subframe_counter=0;
  22:FirstFrame.c  **** data_adc_result_frame Result;
  23:FirstFrame.c  **** 
  24:FirstFrame.c  **** 
  25:FirstFrame.c  **** 
  26:FirstFrame.c  **** void PrepareFirstFrame(void){
  28              		.loc 1 26 0
  29              		.cfi_startproc
  30              		@ args = 0, pretend = 0, frame = 0
  31              		@ frame_needed = 0, uses_anonymous_args = 0
ARM GAS  C:\Users\EA527~1.IVA\AppData\Local\Temp\ccHpHb24.s 			page 2


  32              		@ link register save eliminated.
  33 0000 10B4     		push	{r4}
  34              		.cfi_def_cfa_offset 4
  35              		.cfi_offset 4, -4
  27:FirstFrame.c  ****     subframe_counter++;
  36              		.loc 1 27 0
  37 0002 244A     		ldr	r2, .L8
  38 0004 1368     		ldr	r3, [r2]
  39 0006 0133     		adds	r3, r3, #1
  40 0008 1360     		str	r3, [r2]
  28:FirstFrame.c  ****     if(subframe_counter >= 8) subframe_counter=0;
  41              		.loc 1 28 0
  42 000a 072B     		cmp	r3, #7
  43 000c 02D9     		bls	.L2
  44              		.loc 1 28 0 is_stmt 0 discriminator 1
  45 000e 0022     		movs	r2, #0
  46 0010 204B     		ldr	r3, .L8
  47 0012 1A60     		str	r2, [r3]
  48              	.L2:
  29:FirstFrame.c  ****     Result.label = 1;
  49              		.loc 1 29 0 is_stmt 1
  50 0014 204A     		ldr	r2, .L8+4
  51 0016 D378     		ldrb	r3, [r2, #3]	@ zero_extendqisi2
  30:FirstFrame.c  ****     Result.fake = last_adc_data_sended;
  52              		.loc 1 30 0
  53 0018 2049     		ldr	r1, .L8+8
  54 001a 0968     		ldr	r1, [r1]
  55 001c 63F07F03 		orn	r3, r3, #127
  56 0020 61F3C303 		bfi	r3, r1, #3, #1
  31:FirstFrame.c  ****     Result.subframe = subframe_counter;
  57              		.loc 1 31 0
  58 0024 1B49     		ldr	r1, .L8
  59 0026 0968     		ldr	r1, [r1]
  60 0028 61F30203 		bfi	r3, r1, #0, #3
  32:FirstFrame.c  ****     Result.frame = 7;
  61              		.loc 1 32 0
  62 002c DBB2     		uxtb	r3, r3
  63 002e 43F07003 		orr	r3, r3, #112
  64 0032 D370     		strb	r3, [r2, #3]
  33:FirstFrame.c  ****     Result.gidrophone = Data_ADS131E08.data_ch1;
  65              		.loc 1 33 0
  66 0034 1A4B     		ldr	r3, .L8+12
  67 0036 5C68     		ldr	r4, [r3, #4]
  68 0038 1068     		ldr	r0, [r2]
  69 003a 64F31700 		bfi	r0, r4, #0, #24
  70 003e 1060     		str	r0, [r2]
  34:FirstFrame.c  ****     Result.geophoneX = Data_ADS131E08.data_ch2;
  71              		.loc 1 34 0
  72 0040 9C68     		ldr	r4, [r3, #8]
  73 0042 5068     		ldr	r0, [r2, #4]
  74 0044 64F31700 		bfi	r0, r4, #0, #24
  75 0048 5060     		str	r0, [r2, #4]
  35:FirstFrame.c  ****     Result.geophoneY = Data_ADS131E08.data_ch3;
  76              		.loc 1 35 0
  77 004a DC68     		ldr	r4, [r3, #12]
  78 004c 9068     		ldr	r0, [r2, #8]
  79 004e 64F31700 		bfi	r0, r4, #0, #24
ARM GAS  C:\Users\EA527~1.IVA\AppData\Local\Temp\ccHpHb24.s 			page 3


  80 0052 9060     		str	r0, [r2, #8]
  36:FirstFrame.c  ****     Result.geophoneZ = Data_ADS131E08.data_ch4;
  81              		.loc 1 36 0
  82 0054 1869     		ldr	r0, [r3, #16]
  83 0056 D368     		ldr	r3, [r2, #12]
  84 0058 60F31703 		bfi	r3, r0, #0, #24
  85 005c D360     		str	r3, [r2, #12]
  37:FirstFrame.c  ****     switch(subframe_counter){
  86              		.loc 1 37 0
  87 005e 0529     		cmp	r1, #5
  88 0060 0AD0     		beq	.L4
  89 0062 0629     		cmp	r1, #6
  90 0064 0FD0     		beq	.L5
  91 0066 0429     		cmp	r1, #4
  92 0068 11D1     		bne	.L1
  38:FirstFrame.c  ****     case 0:
  39:FirstFrame.c  ****         /*
  40:FirstFrame.c  ****             !! These fields have been empty yet !!
  41:FirstFrame.c  ****         */
  42:FirstFrame.c  ****         //Result.aux_data_low = ADS131E08_CurSet.regim.;
  43:FirstFrame.c  ****         //Result.aux_data_high = Data_ADS131E08.Fields.data3;
  44:FirstFrame.c  ****         break;
  45:FirstFrame.c  ****     case 1:
  46:FirstFrame.c  ****         //Result.aux_data_low = Data_LIS2DH12TR.Ox;
  47:FirstFrame.c  ****         //Result.aux_data_high = Data_LIS2DH12TR.Ox;
  48:FirstFrame.c  ****         break;
  49:FirstFrame.c  ****     case 2:
  50:FirstFrame.c  ****          //Result.aux_data_low = Data_LIS2DH12TR.Oy;
  51:FirstFrame.c  ****         //Result.aux_data_high = Data_LIS2DH12TR.Oy;
  52:FirstFrame.c  ****         break;
  53:FirstFrame.c  ****     case 3:
  54:FirstFrame.c  ****          //Result.aux_data_low = Data_LIS2DH12TR.Oz;
  55:FirstFrame.c  ****         //Result.aux_data_high = Data_LIS2DH12TR.Oz;
  56:FirstFrame.c  ****         break;
  57:FirstFrame.c  ****     case 4:
  58:FirstFrame.c  ****         Result.aux_data_low = ADS131E08_CurSet.array[ADS131E08_CH1SET_ADDRESS-1];
  93              		.loc 1 58 0
  94 006a 0E4A     		ldr	r2, .L8+16
  95 006c 1179     		ldrb	r1, [r2, #4]	@ zero_extendqisi2
  96 006e 0A4B     		ldr	r3, .L8+4
  97 0070 D972     		strb	r1, [r3, #11]
  59:FirstFrame.c  ****         Result.aux_data_high = ADS131E08_CurSet.array[ADS131E08_CH2SET_ADDRESS-1];
  98              		.loc 1 59 0
  99 0072 5279     		ldrb	r2, [r2, #5]	@ zero_extendqisi2
 100 0074 DA73     		strb	r2, [r3, #15]
  60:FirstFrame.c  ****         break;
 101              		.loc 1 60 0
 102 0076 0AE0     		b	.L1
 103              	.L4:
  61:FirstFrame.c  ****     case 5:
  62:FirstFrame.c  ****         Result.aux_data_low = ADS131E08_CurSet.array[ADS131E08_CONFIG1_ADDRESS-1];
 104              		.loc 1 62 0
 105 0078 0A4A     		ldr	r2, .L8+16
 106 007a 1178     		ldrb	r1, [r2]	@ zero_extendqisi2
 107 007c 064B     		ldr	r3, .L8+4
 108 007e D972     		strb	r1, [r3, #11]
  63:FirstFrame.c  ****         Result.aux_data_high = ADS131E08_CurSet.array[ADS131E08_CONFIG2_ADDRESS-1];
ARM GAS  C:\Users\EA527~1.IVA\AppData\Local\Temp\ccHpHb24.s 			page 4


 109              		.loc 1 63 0
 110 0080 5278     		ldrb	r2, [r2, #1]	@ zero_extendqisi2
 111 0082 DA73     		strb	r2, [r3, #15]
  64:FirstFrame.c  ****         break;
 112              		.loc 1 64 0
 113 0084 03E0     		b	.L1
 114              	.L5:
  65:FirstFrame.c  ****     case 6:
  66:FirstFrame.c  ****         Result.aux_data_low = ADS131E08_CurSet.array[ADS131E08_CONFIG3_ADDRESS-1];
 115              		.loc 1 66 0
 116 0086 074B     		ldr	r3, .L8+16
 117 0088 9A78     		ldrb	r2, [r3, #2]	@ zero_extendqisi2
 118 008a 034B     		ldr	r3, .L8+4
 119 008c DA72     		strb	r2, [r3, #11]
 120              	.L1:
  67:FirstFrame.c  ****         break;
  68:FirstFrame.c  ****     case 7:
  69:FirstFrame.c  ****         break;
  70:FirstFrame.c  ****     }
  71:FirstFrame.c  **** }
 121              		.loc 1 71 0
 122 008e 10BC     		pop	{r4}
 123              		.cfi_restore 4
 124              		.cfi_def_cfa_offset 0
 125 0090 7047     		bx	lr
 126              	.L9:
 127 0092 00BF     		.align	2
 128              	.L8:
 129 0094 00000000 		.word	.LANCHOR0
 130 0098 00000000 		.word	Result
 131 009c 00000000 		.word	.LANCHOR1
 132 00a0 00000000 		.word	Data_ADS131E08
 133 00a4 00000000 		.word	ADS131E08_CurSet
 134              		.cfi_endproc
 135              	.LFE0:
 136              		.size	PrepareFirstFrame, .-PrepareFirstFrame
 137              		.section	.text.CopyFirstFrame,"ax",%progbits
 138              		.align	2
 139              		.global	CopyFirstFrame
 140              		.thumb
 141              		.thumb_func
 142              		.type	CopyFirstFrame, %function
 143              	CopyFirstFrame:
 144              	.LFB1:
  72:FirstFrame.c  **** void CopyFirstFrame(void){
 145              		.loc 1 72 0
 146              		.cfi_startproc
 147              		@ args = 0, pretend = 0, frame = 0
 148              		@ frame_needed = 0, uses_anonymous_args = 0
 149              		@ link register save eliminated.
 150 0000 10B4     		push	{r4}
 151              		.cfi_def_cfa_offset 4
 152              		.cfi_offset 4, -4
  73:FirstFrame.c  ****     memcpy( (void*)line_buf, (void*)&Result, sizeof(Result));
 153              		.loc 1 73 0
 154 0002 054C     		ldr	r4, .L12
 155 0004 054B     		ldr	r3, .L12+4
ARM GAS  C:\Users\EA527~1.IVA\AppData\Local\Temp\ccHpHb24.s 			page 5


 156 0006 0FCB     		ldmia	r3, {r0, r1, r2, r3}
 157 0008 84E80F00 		stmia	r4, {r0, r1, r2, r3}
  74:FirstFrame.c  ****     last_adc_data_sended = 1;
 158              		.loc 1 74 0
 159 000c 0122     		movs	r2, #1
 160 000e 044B     		ldr	r3, .L12+8
 161 0010 1A60     		str	r2, [r3]
  75:FirstFrame.c  **** }
 162              		.loc 1 75 0
 163 0012 10BC     		pop	{r4}
 164              		.cfi_restore 4
 165              		.cfi_def_cfa_offset 0
 166 0014 7047     		bx	lr
 167              	.L13:
 168 0016 00BF     		.align	2
 169              	.L12:
 170 0018 00000000 		.word	line_buf
 171 001c 00000000 		.word	Result
 172 0020 00000000 		.word	.LANCHOR1
 173              		.cfi_endproc
 174              	.LFE1:
 175              		.size	CopyFirstFrame, .-CopyFirstFrame
 176              		.comm	Result,16,4
 177              		.global	last_adc_data_sended
 178              		.data
 179              		.align	2
 180              		.set	.LANCHOR1,. + 0
 181              		.type	last_adc_data_sended, %object
 182              		.size	last_adc_data_sended, 4
 183              	last_adc_data_sended:
 184 0000 01000000 		.word	1
 185              		.bss
 186              		.align	2
 187              		.set	.LANCHOR0,. + 0
 188              		.type	subframe_counter, %object
 189              		.size	subframe_counter, 4
 190              	subframe_counter:
 191 0000 00000000 		.space	4
 192              		.text
 193              	.Letext0:
 194              		.file 2 "Generated_Source\\PSoC5/cytypes.h"
 195              		.file 3 "./FirstFrame.h"
 196              		.file 4 "./SPI_ADC_ADS131E08.h"
 197              		.file 5 "./line_buf.h"
 198              		.section	.debug_info,"",%progbits
 199              	.Ldebug_info0:
 200 0000 9A040000 		.4byte	0x49a
 201 0004 0400     		.2byte	0x4
 202 0006 00000000 		.4byte	.Ldebug_abbrev0
 203 000a 04       		.byte	0x4
 204 000b 01       		.uleb128 0x1
 205 000c E8020000 		.4byte	.LASF78
 206 0010 0C       		.byte	0xc
 207 0011 00000000 		.4byte	.LASF79
 208 0015 74020000 		.4byte	.LASF80
 209 0019 00000000 		.4byte	.Ldebug_ranges0+0
 210 001d 00000000 		.4byte	0
ARM GAS  C:\Users\EA527~1.IVA\AppData\Local\Temp\ccHpHb24.s 			page 6


 211 0021 00000000 		.4byte	.Ldebug_line0
 212 0025 02       		.uleb128 0x2
 213 0026 01       		.byte	0x1
 214 0027 06       		.byte	0x6
 215 0028 79000000 		.4byte	.LASF0
 216 002c 02       		.uleb128 0x2
 217 002d 01       		.byte	0x1
 218 002e 08       		.byte	0x8
 219 002f 66020000 		.4byte	.LASF1
 220 0033 02       		.uleb128 0x2
 221 0034 02       		.byte	0x2
 222 0035 05       		.byte	0x5
 223 0036 BC020000 		.4byte	.LASF2
 224 003a 02       		.uleb128 0x2
 225 003b 02       		.byte	0x2
 226 003c 07       		.byte	0x7
 227 003d 3F010000 		.4byte	.LASF3
 228 0041 02       		.uleb128 0x2
 229 0042 04       		.byte	0x4
 230 0043 05       		.byte	0x5
 231 0044 93000000 		.4byte	.LASF4
 232 0048 02       		.uleb128 0x2
 233 0049 04       		.byte	0x4
 234 004a 07       		.byte	0x7
 235 004b 23010000 		.4byte	.LASF5
 236 004f 02       		.uleb128 0x2
 237 0050 08       		.byte	0x8
 238 0051 05       		.byte	0x5
 239 0052 6B000000 		.4byte	.LASF6
 240 0056 02       		.uleb128 0x2
 241 0057 08       		.byte	0x8
 242 0058 07       		.byte	0x7
 243 0059 43000000 		.4byte	.LASF7
 244 005d 03       		.uleb128 0x3
 245 005e 04       		.byte	0x4
 246 005f 05       		.byte	0x5
 247 0060 696E7400 		.ascii	"int\000"
 248 0064 02       		.uleb128 0x2
 249 0065 04       		.byte	0x4
 250 0066 07       		.byte	0x7
 251 0067 16010000 		.4byte	.LASF8
 252 006b 04       		.uleb128 0x4
 253 006c A6000000 		.4byte	.LASF9
 254 0070 02       		.byte	0x2
 255 0071 E401     		.2byte	0x1e4
 256 0073 2C000000 		.4byte	0x2c
 257 0077 04       		.uleb128 0x4
 258 0078 CF000000 		.4byte	.LASF10
 259 007c 02       		.byte	0x2
 260 007d E601     		.2byte	0x1e6
 261 007f 48000000 		.4byte	0x48
 262 0083 02       		.uleb128 0x2
 263 0084 04       		.byte	0x4
 264 0085 04       		.byte	0x4
 265 0086 ED010000 		.4byte	.LASF11
 266 008a 02       		.uleb128 0x2
 267 008b 08       		.byte	0x8
ARM GAS  C:\Users\EA527~1.IVA\AppData\Local\Temp\ccHpHb24.s 			page 7


 268 008c 04       		.byte	0x4
 269 008d B3000000 		.4byte	.LASF12
 270 0091 02       		.uleb128 0x2
 271 0092 01       		.byte	0x1
 272 0093 08       		.byte	0x8
 273 0094 7F030000 		.4byte	.LASF13
 274 0098 05       		.uleb128 0x5
 275 0099 10       		.byte	0x10
 276 009a 03       		.byte	0x3
 277 009b 11       		.byte	0x11
 278 009c 46010000 		.4byte	0x146
 279 00a0 06       		.uleb128 0x6
 280 00a1 C6020000 		.4byte	.LASF14
 281 00a5 03       		.byte	0x3
 282 00a6 12       		.byte	0x12
 283 00a7 77000000 		.4byte	0x77
 284 00ab 04       		.byte	0x4
 285 00ac 18       		.byte	0x18
 286 00ad 08       		.byte	0x8
 287 00ae 00       		.byte	0
 288 00af 06       		.uleb128 0x6
 289 00b0 63010000 		.4byte	.LASF15
 290 00b4 03       		.byte	0x3
 291 00b5 13       		.byte	0x13
 292 00b6 77000000 		.4byte	0x77
 293 00ba 04       		.byte	0x4
 294 00bb 03       		.byte	0x3
 295 00bc 05       		.byte	0x5
 296 00bd 00       		.byte	0
 297 00be 06       		.uleb128 0x6
 298 00bf 01040000 		.4byte	.LASF16
 299 00c3 03       		.byte	0x3
 300 00c4 14       		.byte	0x14
 301 00c5 77000000 		.4byte	0x77
 302 00c9 04       		.byte	0x4
 303 00ca 01       		.byte	0x1
 304 00cb 04       		.byte	0x4
 305 00cc 00       		.byte	0
 306 00cd 06       		.uleb128 0x6
 307 00ce 14000000 		.4byte	.LASF17
 308 00d2 03       		.byte	0x3
 309 00d3 15       		.byte	0x15
 310 00d4 77000000 		.4byte	0x77
 311 00d8 04       		.byte	0x4
 312 00d9 03       		.byte	0x3
 313 00da 01       		.byte	0x1
 314 00db 00       		.byte	0
 315 00dc 06       		.uleb128 0x6
 316 00dd 6C010000 		.4byte	.LASF18
 317 00e1 03       		.byte	0x3
 318 00e2 16       		.byte	0x16
 319 00e3 77000000 		.4byte	0x77
 320 00e7 04       		.byte	0x4
 321 00e8 01       		.byte	0x1
 322 00e9 00       		.byte	0
 323 00ea 00       		.byte	0
 324 00eb 06       		.uleb128 0x6
ARM GAS  C:\Users\EA527~1.IVA\AppData\Local\Temp\ccHpHb24.s 			page 8


 325 00ec B5030000 		.4byte	.LASF19
 326 00f0 03       		.byte	0x3
 327 00f1 18       		.byte	0x18
 328 00f2 77000000 		.4byte	0x77
 329 00f6 04       		.byte	0x4
 330 00f7 18       		.byte	0x18
 331 00f8 08       		.byte	0x8
 332 00f9 04       		.byte	0x4
 333 00fa 07       		.uleb128 0x7
 334 00fb 63726300 		.ascii	"crc\000"
 335 00ff 03       		.byte	0x3
 336 0100 19       		.byte	0x19
 337 0101 77000000 		.4byte	0x77
 338 0105 04       		.byte	0x4
 339 0106 08       		.byte	0x8
 340 0107 00       		.byte	0
 341 0108 04       		.byte	0x4
 342 0109 06       		.uleb128 0x6
 343 010a BF030000 		.4byte	.LASF20
 344 010e 03       		.byte	0x3
 345 010f 1B       		.byte	0x1b
 346 0110 77000000 		.4byte	0x77
 347 0114 04       		.byte	0x4
 348 0115 18       		.byte	0x18
 349 0116 08       		.byte	0x8
 350 0117 08       		.byte	0x8
 351 0118 06       		.uleb128 0x6
 352 0119 B7010000 		.4byte	.LASF21
 353 011d 03       		.byte	0x3
 354 011e 1C       		.byte	0x1c
 355 011f 77000000 		.4byte	0x77
 356 0123 04       		.byte	0x4
 357 0124 08       		.byte	0x8
 358 0125 00       		.byte	0
 359 0126 08       		.byte	0x8
 360 0127 06       		.uleb128 0x6
 361 0128 C9030000 		.4byte	.LASF22
 362 012c 03       		.byte	0x3
 363 012d 1E       		.byte	0x1e
 364 012e 77000000 		.4byte	0x77
 365 0132 04       		.byte	0x4
 366 0133 18       		.byte	0x18
 367 0134 08       		.byte	0x8
 368 0135 0C       		.byte	0xc
 369 0136 06       		.uleb128 0x6
 370 0137 A7030000 		.4byte	.LASF23
 371 013b 03       		.byte	0x3
 372 013c 1F       		.byte	0x1f
 373 013d 77000000 		.4byte	0x77
 374 0141 04       		.byte	0x4
 375 0142 08       		.byte	0x8
 376 0143 00       		.byte	0
 377 0144 0C       		.byte	0xc
 378 0145 00       		.byte	0
 379 0146 08       		.uleb128 0x8
 380 0147 DA030000 		.4byte	.LASF24
 381 014b 03       		.byte	0x3
ARM GAS  C:\Users\EA527~1.IVA\AppData\Local\Temp\ccHpHb24.s 			page 9


 382 014c 21       		.byte	0x21
 383 014d 98000000 		.4byte	0x98
 384 0151 02       		.uleb128 0x2
 385 0152 08       		.byte	0x8
 386 0153 04       		.byte	0x4
 387 0154 AB010000 		.4byte	.LASF25
 388 0158 02       		.uleb128 0x2
 389 0159 04       		.byte	0x4
 390 015a 07       		.byte	0x7
 391 015b A2010000 		.4byte	.LASF26
 392 015f 05       		.uleb128 0x5
 393 0160 01       		.byte	0x1
 394 0161 04       		.byte	0x4
 395 0162 3C       		.byte	0x3c
 396 0163 95010000 		.4byte	0x195
 397 0167 06       		.uleb128 0x6
 398 0168 9C000000 		.4byte	.LASF27
 399 016c 04       		.byte	0x4
 400 016d 3E       		.byte	0x3e
 401 016e 6B000000 		.4byte	0x6b
 402 0172 01       		.byte	0x1
 403 0173 03       		.byte	0x3
 404 0174 05       		.byte	0x5
 405 0175 00       		.byte	0
 406 0176 06       		.uleb128 0x6
 407 0177 FA030000 		.4byte	.LASF28
 408 017b 04       		.byte	0x4
 409 017c 41       		.byte	0x41
 410 017d 6B000000 		.4byte	0x6b
 411 0181 01       		.byte	0x1
 412 0182 01       		.byte	0x1
 413 0183 02       		.byte	0x2
 414 0184 00       		.byte	0
 415 0185 06       		.uleb128 0x6
 416 0186 79010000 		.4byte	.LASF29
 417 018a 04       		.byte	0x4
 418 018b 42       		.byte	0x42
 419 018c 6B000000 		.4byte	0x6b
 420 0190 01       		.byte	0x1
 421 0191 01       		.byte	0x1
 422 0192 01       		.byte	0x1
 423 0193 00       		.byte	0
 424 0194 00       		.byte	0
 425 0195 08       		.uleb128 0x8
 426 0196 F3010000 		.4byte	.LASF30
 427 019a 04       		.byte	0x4
 428 019b 44       		.byte	0x44
 429 019c 5F010000 		.4byte	0x15f
 430 01a0 05       		.uleb128 0x5
 431 01a1 01       		.byte	0x1
 432 01a2 04       		.byte	0x4
 433 01a3 5A       		.byte	0x5a
 434 01a4 D6010000 		.4byte	0x1d6
 435 01a8 06       		.uleb128 0x6
 436 01a9 0C010000 		.4byte	.LASF31
 437 01ad 04       		.byte	0x4
 438 01ae 5C       		.byte	0x5c
ARM GAS  C:\Users\EA527~1.IVA\AppData\Local\Temp\ccHpHb24.s 			page 10


 439 01af 6B000000 		.4byte	0x6b
 440 01b3 01       		.byte	0x1
 441 01b4 02       		.byte	0x2
 442 01b5 06       		.byte	0x6
 443 01b6 00       		.byte	0
 444 01b7 06       		.uleb128 0x6
 445 01b8 9E030000 		.4byte	.LASF32
 446 01bc 04       		.byte	0x4
 447 01bd 5D       		.byte	0x5d
 448 01be 6B000000 		.4byte	0x6b
 449 01c2 01       		.byte	0x1
 450 01c3 01       		.byte	0x1
 451 01c4 05       		.byte	0x5
 452 01c5 00       		.byte	0
 453 01c6 06       		.uleb128 0x6
 454 01c7 76030000 		.4byte	.LASF33
 455 01cb 04       		.byte	0x4
 456 01cc 5F       		.byte	0x5f
 457 01cd 6B000000 		.4byte	0x6b
 458 01d1 01       		.byte	0x1
 459 01d2 01       		.byte	0x1
 460 01d3 03       		.byte	0x3
 461 01d4 00       		.byte	0
 462 01d5 00       		.byte	0
 463 01d6 08       		.uleb128 0x8
 464 01d7 FF010000 		.4byte	.LASF34
 465 01db 04       		.byte	0x4
 466 01dc 61       		.byte	0x61
 467 01dd A0010000 		.4byte	0x1a0
 468 01e1 05       		.uleb128 0x5
 469 01e2 01       		.byte	0x1
 470 01e3 04       		.byte	0x4
 471 01e4 7B       		.byte	0x7b
 472 01e5 26020000 		.4byte	0x226
 473 01e9 06       		.uleb128 0x6
 474 01ea 35010000 		.4byte	.LASF35
 475 01ee 04       		.byte	0x4
 476 01ef 7F       		.byte	0x7f
 477 01f0 6B000000 		.4byte	0x6b
 478 01f4 01       		.byte	0x1
 479 01f5 01       		.byte	0x1
 480 01f6 05       		.byte	0x5
 481 01f7 00       		.byte	0
 482 01f8 06       		.uleb128 0x6
 483 01f9 F0030000 		.4byte	.LASF36
 484 01fd 04       		.byte	0x4
 485 01fe 80       		.byte	0x80
 486 01ff 6B000000 		.4byte	0x6b
 487 0203 01       		.byte	0x1
 488 0204 01       		.byte	0x1
 489 0205 04       		.byte	0x4
 490 0206 00       		.byte	0
 491 0207 06       		.uleb128 0x6
 492 0208 E5010000 		.4byte	.LASF37
 493 020c 04       		.byte	0x4
 494 020d 82       		.byte	0x82
 495 020e 6B000000 		.4byte	0x6b
ARM GAS  C:\Users\EA527~1.IVA\AppData\Local\Temp\ccHpHb24.s 			page 11


 496 0212 01       		.byte	0x1
 497 0213 01       		.byte	0x1
 498 0214 02       		.byte	0x2
 499 0215 00       		.byte	0
 500 0216 06       		.uleb128 0x6
 501 0217 58010000 		.4byte	.LASF38
 502 021b 04       		.byte	0x4
 503 021c 84       		.byte	0x84
 504 021d 6B000000 		.4byte	0x6b
 505 0221 01       		.byte	0x1
 506 0222 01       		.byte	0x1
 507 0223 00       		.byte	0
 508 0224 00       		.byte	0
 509 0225 00       		.byte	0
 510 0226 08       		.uleb128 0x8
 511 0227 0B020000 		.4byte	.LASF39
 512 022b 04       		.byte	0x4
 513 022c 85       		.byte	0x85
 514 022d E1010000 		.4byte	0x1e1
 515 0231 05       		.uleb128 0x5
 516 0232 01       		.byte	0x1
 517 0233 04       		.byte	0x4
 518 0234 A1       		.byte	0xa1
 519 0235 49020000 		.4byte	0x249
 520 0239 06       		.uleb128 0x6
 521 023a 8B000000 		.4byte	.LASF40
 522 023e 04       		.byte	0x4
 523 023f A4       		.byte	0xa4
 524 0240 6B000000 		.4byte	0x6b
 525 0244 01       		.byte	0x1
 526 0245 03       		.byte	0x3
 527 0246 00       		.byte	0
 528 0247 00       		.byte	0
 529 0248 00       		.byte	0
 530 0249 08       		.uleb128 0x8
 531 024a 94030000 		.4byte	.LASF41
 532 024e 04       		.byte	0x4
 533 024f A5       		.byte	0xa5
 534 0250 31020000 		.4byte	0x231
 535 0254 05       		.uleb128 0x5
 536 0255 01       		.byte	0x1
 537 0256 04       		.byte	0x4
 538 0257 C7       		.byte	0xc7
 539 0258 89020000 		.4byte	0x289
 540 025c 07       		.uleb128 0x7
 541 025d 6D757800 		.ascii	"mux\000"
 542 0261 04       		.byte	0x4
 543 0262 C9       		.byte	0xc9
 544 0263 6B000000 		.4byte	0x6b
 545 0267 01       		.byte	0x1
 546 0268 03       		.byte	0x3
 547 0269 05       		.byte	0x5
 548 026a 00       		.byte	0
 549 026b 06       		.uleb128 0x6
 550 026c 56020000 		.4byte	.LASF42
 551 0270 04       		.byte	0x4
 552 0271 CB       		.byte	0xcb
ARM GAS  C:\Users\EA527~1.IVA\AppData\Local\Temp\ccHpHb24.s 			page 12


 553 0272 6B000000 		.4byte	0x6b
 554 0276 01       		.byte	0x1
 555 0277 03       		.byte	0x3
 556 0278 01       		.byte	0x1
 557 0279 00       		.byte	0
 558 027a 07       		.uleb128 0x7
 559 027b 706400   		.ascii	"pd\000"
 560 027e 04       		.byte	0x4
 561 027f CC       		.byte	0xcc
 562 0280 6B000000 		.4byte	0x6b
 563 0284 01       		.byte	0x1
 564 0285 01       		.byte	0x1
 565 0286 00       		.byte	0
 566 0287 00       		.byte	0
 567 0288 00       		.byte	0
 568 0289 08       		.uleb128 0x8
 569 028a D1020000 		.4byte	.LASF43
 570 028e 04       		.byte	0x4
 571 028f CD       		.byte	0xcd
 572 0290 54020000 		.4byte	0x254
 573 0294 05       		.uleb128 0x5
 574 0295 0C       		.byte	0xc
 575 0296 04       		.byte	0x4
 576 0297 CF       		.byte	0xcf
 577 0298 2D030000 		.4byte	0x32d
 578 029c 09       		.uleb128 0x9
 579 029d D6000000 		.4byte	.LASF44
 580 02a1 04       		.byte	0x4
 581 02a2 D0       		.byte	0xd0
 582 02a3 95010000 		.4byte	0x195
 583 02a7 00       		.byte	0
 584 02a8 09       		.uleb128 0x9
 585 02a9 DE000000 		.4byte	.LASF45
 586 02ad 04       		.byte	0x4
 587 02ae D1       		.byte	0xd1
 588 02af D6010000 		.4byte	0x1d6
 589 02b3 01       		.byte	0x1
 590 02b4 09       		.uleb128 0x9
 591 02b5 E6000000 		.4byte	.LASF46
 592 02b9 04       		.byte	0x4
 593 02ba D2       		.byte	0xd2
 594 02bb 26020000 		.4byte	0x226
 595 02bf 02       		.byte	0x2
 596 02c0 09       		.uleb128 0x9
 597 02c1 85000000 		.4byte	.LASF47
 598 02c5 04       		.byte	0x4
 599 02c6 D3       		.byte	0xd3
 600 02c7 49020000 		.4byte	0x249
 601 02cb 03       		.byte	0x3
 602 02cc 09       		.uleb128 0x9
 603 02cd AC000000 		.4byte	.LASF48
 604 02d1 04       		.byte	0x4
 605 02d2 D4       		.byte	0xd4
 606 02d3 89020000 		.4byte	0x289
 607 02d7 04       		.byte	0x4
 608 02d8 09       		.uleb128 0x9
 609 02d9 64000000 		.4byte	.LASF49
ARM GAS  C:\Users\EA527~1.IVA\AppData\Local\Temp\ccHpHb24.s 			page 13


 610 02dd 04       		.byte	0x4
 611 02de D5       		.byte	0xd5
 612 02df 89020000 		.4byte	0x289
 613 02e3 05       		.byte	0x5
 614 02e4 09       		.uleb128 0x9
 615 02e5 0D000000 		.4byte	.LASF50
 616 02e9 04       		.byte	0x4
 617 02ea D6       		.byte	0xd6
 618 02eb 89020000 		.4byte	0x289
 619 02ef 06       		.byte	0x6
 620 02f0 09       		.uleb128 0x9
 621 02f1 D3030000 		.4byte	.LASF51
 622 02f5 04       		.byte	0x4
 623 02f6 D7       		.byte	0xd7
 624 02f7 89020000 		.4byte	0x289
 625 02fb 07       		.byte	0x7
 626 02fc 09       		.uleb128 0x9
 627 02fd 8D030000 		.4byte	.LASF52
 628 0301 04       		.byte	0x4
 629 0302 D8       		.byte	0xd8
 630 0303 89020000 		.4byte	0x289
 631 0307 08       		.byte	0x8
 632 0308 09       		.uleb128 0x9
 633 0309 DB020000 		.4byte	.LASF53
 634 030d 04       		.byte	0x4
 635 030e D9       		.byte	0xd9
 636 030f 89020000 		.4byte	0x289
 637 0313 09       		.byte	0x9
 638 0314 09       		.uleb128 0x9
 639 0315 CF010000 		.4byte	.LASF54
 640 0319 04       		.byte	0x4
 641 031a DA       		.byte	0xda
 642 031b 89020000 		.4byte	0x289
 643 031f 0A       		.byte	0xa
 644 0320 09       		.uleb128 0x9
 645 0321 72010000 		.4byte	.LASF55
 646 0325 04       		.byte	0x4
 647 0326 DB       		.byte	0xdb
 648 0327 89020000 		.4byte	0x289
 649 032b 0B       		.byte	0xb
 650 032c 00       		.byte	0
 651 032d 08       		.uleb128 0x8
 652 032e 5A000000 		.4byte	.LASF56
 653 0332 04       		.byte	0x4
 654 0333 DC       		.byte	0xdc
 655 0334 94020000 		.4byte	0x294
 656 0338 0A       		.uleb128 0xa
 657 0339 0C       		.byte	0xc
 658 033a 04       		.byte	0x4
 659 033b DE       		.byte	0xde
 660 033c 57030000 		.4byte	0x357
 661 0340 0B       		.uleb128 0xb
 662 0341 C9000000 		.4byte	.LASF57
 663 0345 04       		.byte	0x4
 664 0346 DF       		.byte	0xdf
 665 0347 57030000 		.4byte	0x357
 666 034b 0B       		.uleb128 0xb
ARM GAS  C:\Users\EA527~1.IVA\AppData\Local\Temp\ccHpHb24.s 			page 14


 667 034c E2020000 		.4byte	.LASF58
 668 0350 04       		.byte	0x4
 669 0351 E0       		.byte	0xe0
 670 0352 2D030000 		.4byte	0x32d
 671 0356 00       		.byte	0
 672 0357 0C       		.uleb128 0xc
 673 0358 6B000000 		.4byte	0x6b
 674 035c 67030000 		.4byte	0x367
 675 0360 0D       		.uleb128 0xd
 676 0361 58010000 		.4byte	0x158
 677 0365 0B       		.byte	0xb
 678 0366 00       		.byte	0
 679 0367 08       		.uleb128 0x8
 680 0368 94010000 		.4byte	.LASF59
 681 036c 04       		.byte	0x4
 682 036d E1       		.byte	0xe1
 683 036e 38030000 		.4byte	0x338
 684 0372 05       		.uleb128 0x5
 685 0373 24       		.byte	0x24
 686 0374 04       		.byte	0x4
 687 0375 E3       		.byte	0xe3
 688 0376 11040000 		.4byte	0x411
 689 037a 06       		.uleb128 0x6
 690 037b 52010000 		.4byte	.LASF60
 691 037f 04       		.byte	0x4
 692 0380 E4       		.byte	0xe4
 693 0381 77000000 		.4byte	0x77
 694 0385 04       		.byte	0x4
 695 0386 08       		.byte	0x8
 696 0387 18       		.byte	0x18
 697 0388 00       		.byte	0
 698 0389 06       		.uleb128 0x6
 699 038a C4010000 		.4byte	.LASF61
 700 038e 04       		.byte	0x4
 701 038f E5       		.byte	0xe5
 702 0390 77000000 		.4byte	0x77
 703 0394 04       		.byte	0x4
 704 0395 18       		.byte	0x18
 705 0396 00       		.byte	0
 706 0397 00       		.byte	0
 707 0398 06       		.uleb128 0x6
 708 0399 03010000 		.4byte	.LASF62
 709 039d 04       		.byte	0x4
 710 039e E6       		.byte	0xe6
 711 039f 77000000 		.4byte	0x77
 712 03a3 04       		.byte	0x4
 713 03a4 18       		.byte	0x18
 714 03a5 08       		.byte	0x8
 715 03a6 04       		.byte	0x4
 716 03a7 06       		.uleb128 0x6
 717 03a8 17020000 		.4byte	.LASF63
 718 03ac 04       		.byte	0x4
 719 03ad E7       		.byte	0xe7
 720 03ae 77000000 		.4byte	0x77
 721 03b2 04       		.byte	0x4
 722 03b3 18       		.byte	0x18
 723 03b4 08       		.byte	0x8
ARM GAS  C:\Users\EA527~1.IVA\AppData\Local\Temp\ccHpHb24.s 			page 15


 724 03b5 08       		.byte	0x8
 725 03b6 06       		.uleb128 0x6
 726 03b7 20020000 		.4byte	.LASF64
 727 03bb 04       		.byte	0x4
 728 03bc E8       		.byte	0xe8
 729 03bd 77000000 		.4byte	0x77
 730 03c1 04       		.byte	0x4
 731 03c2 18       		.byte	0x18
 732 03c3 08       		.byte	0x8
 733 03c4 0C       		.byte	0xc
 734 03c5 06       		.uleb128 0x6
 735 03c6 29020000 		.4byte	.LASF65
 736 03ca 04       		.byte	0x4
 737 03cb E9       		.byte	0xe9
 738 03cc 77000000 		.4byte	0x77
 739 03d0 04       		.byte	0x4
 740 03d1 18       		.byte	0x18
 741 03d2 08       		.byte	0x8
 742 03d3 10       		.byte	0x10
 743 03d4 06       		.uleb128 0x6
 744 03d5 32020000 		.4byte	.LASF66
 745 03d9 04       		.byte	0x4
 746 03da EA       		.byte	0xea
 747 03db 77000000 		.4byte	0x77
 748 03df 04       		.byte	0x4
 749 03e0 18       		.byte	0x18
 750 03e1 08       		.byte	0x8
 751 03e2 14       		.byte	0x14
 752 03e3 06       		.uleb128 0x6
 753 03e4 3B020000 		.4byte	.LASF67
 754 03e8 04       		.byte	0x4
 755 03e9 EB       		.byte	0xeb
 756 03ea 77000000 		.4byte	0x77
 757 03ee 04       		.byte	0x4
 758 03ef 18       		.byte	0x18
 759 03f0 08       		.byte	0x8
 760 03f1 18       		.byte	0x18
 761 03f2 06       		.uleb128 0x6
 762 03f3 44020000 		.4byte	.LASF68
 763 03f7 04       		.byte	0x4
 764 03f8 EC       		.byte	0xec
 765 03f9 77000000 		.4byte	0x77
 766 03fd 04       		.byte	0x4
 767 03fe 18       		.byte	0x18
 768 03ff 08       		.byte	0x8
 769 0400 1C       		.byte	0x1c
 770 0401 06       		.uleb128 0x6
 771 0402 4D020000 		.4byte	.LASF69
 772 0406 04       		.byte	0x4
 773 0407 ED       		.byte	0xed
 774 0408 77000000 		.4byte	0x77
 775 040c 04       		.byte	0x4
 776 040d 18       		.byte	0x18
 777 040e 08       		.byte	0x8
 778 040f 20       		.byte	0x20
 779 0410 00       		.byte	0
 780 0411 08       		.uleb128 0x8
ARM GAS  C:\Users\EA527~1.IVA\AppData\Local\Temp\ccHpHb24.s 			page 16


 781 0412 5B020000 		.4byte	.LASF70
 782 0416 04       		.byte	0x4
 783 0417 EE       		.byte	0xee
 784 0418 72030000 		.4byte	0x372
 785 041c 0E       		.uleb128 0xe
 786 041d 82010000 		.4byte	.LASF71
 787 0421 01       		.byte	0x1
 788 0422 1A       		.byte	0x1a
 789 0423 00000000 		.4byte	.LFB0
 790 0427 A8000000 		.4byte	.LFE0-.LFB0
 791 042b 01       		.uleb128 0x1
 792 042c 9C       		.byte	0x9c
 793 042d 0E       		.uleb128 0xe
 794 042e BA000000 		.4byte	.LASF72
 795 0432 01       		.byte	0x1
 796 0433 48       		.byte	0x48
 797 0434 00000000 		.4byte	.LFB1
 798 0438 24000000 		.4byte	.LFE1-.LFB1
 799 043c 01       		.uleb128 0x1
 800 043d 9C       		.byte	0x9c
 801 043e 0F       		.uleb128 0xf
 802 043f 21000000 		.4byte	.LASF81
 803 0443 01       		.byte	0x1
 804 0444 15       		.byte	0x15
 805 0445 77000000 		.4byte	0x77
 806 0449 05       		.uleb128 0x5
 807 044a 03       		.byte	0x3
 808 044b 00000000 		.4byte	subframe_counter
 809 044f 10       		.uleb128 0x10
 810 0450 EE000000 		.4byte	.LASF73
 811 0454 01       		.byte	0x1
 812 0455 14       		.byte	0x14
 813 0456 77000000 		.4byte	0x77
 814 045a 05       		.uleb128 0x5
 815 045b 03       		.byte	0x3
 816 045c 00000000 		.4byte	last_adc_data_sended
 817 0460 11       		.uleb128 0x11
 818 0461 32000000 		.4byte	.LASF74
 819 0465 04       		.byte	0x4
 820 0466 F0       		.byte	0xf0
 821 0467 67030000 		.4byte	0x367
 822 046b 11       		.uleb128 0x11
 823 046c D6010000 		.4byte	.LASF75
 824 0470 04       		.byte	0x4
 825 0471 F1       		.byte	0xf1
 826 0472 11040000 		.4byte	0x411
 827 0476 0C       		.uleb128 0xc
 828 0477 77000000 		.4byte	0x77
 829 047b 81040000 		.4byte	0x481
 830 047f 12       		.uleb128 0x12
 831 0480 00       		.byte	0
 832 0481 11       		.uleb128 0x11
 833 0482 84030000 		.4byte	.LASF76
 834 0486 05       		.byte	0x5
 835 0487 12       		.byte	0x12
 836 0488 76040000 		.4byte	0x476
 837 048c 10       		.uleb128 0x10
ARM GAS  C:\Users\EA527~1.IVA\AppData\Local\Temp\ccHpHb24.s 			page 17


 838 048d 1A000000 		.4byte	.LASF77
 839 0491 01       		.byte	0x1
 840 0492 16       		.byte	0x16
 841 0493 46010000 		.4byte	0x146
 842 0497 05       		.uleb128 0x5
 843 0498 03       		.byte	0x3
 844 0499 00000000 		.4byte	Result
 845 049d 00       		.byte	0
 846              		.section	.debug_abbrev,"",%progbits
 847              	.Ldebug_abbrev0:
 848 0000 01       		.uleb128 0x1
 849 0001 11       		.uleb128 0x11
 850 0002 01       		.byte	0x1
 851 0003 25       		.uleb128 0x25
 852 0004 0E       		.uleb128 0xe
 853 0005 13       		.uleb128 0x13
 854 0006 0B       		.uleb128 0xb
 855 0007 03       		.uleb128 0x3
 856 0008 0E       		.uleb128 0xe
 857 0009 1B       		.uleb128 0x1b
 858 000a 0E       		.uleb128 0xe
 859 000b 55       		.uleb128 0x55
 860 000c 17       		.uleb128 0x17
 861 000d 11       		.uleb128 0x11
 862 000e 01       		.uleb128 0x1
 863 000f 10       		.uleb128 0x10
 864 0010 17       		.uleb128 0x17
 865 0011 00       		.byte	0
 866 0012 00       		.byte	0
 867 0013 02       		.uleb128 0x2
 868 0014 24       		.uleb128 0x24
 869 0015 00       		.byte	0
 870 0016 0B       		.uleb128 0xb
 871 0017 0B       		.uleb128 0xb
 872 0018 3E       		.uleb128 0x3e
 873 0019 0B       		.uleb128 0xb
 874 001a 03       		.uleb128 0x3
 875 001b 0E       		.uleb128 0xe
 876 001c 00       		.byte	0
 877 001d 00       		.byte	0
 878 001e 03       		.uleb128 0x3
 879 001f 24       		.uleb128 0x24
 880 0020 00       		.byte	0
 881 0021 0B       		.uleb128 0xb
 882 0022 0B       		.uleb128 0xb
 883 0023 3E       		.uleb128 0x3e
 884 0024 0B       		.uleb128 0xb
 885 0025 03       		.uleb128 0x3
 886 0026 08       		.uleb128 0x8
 887 0027 00       		.byte	0
 888 0028 00       		.byte	0
 889 0029 04       		.uleb128 0x4
 890 002a 16       		.uleb128 0x16
 891 002b 00       		.byte	0
 892 002c 03       		.uleb128 0x3
 893 002d 0E       		.uleb128 0xe
 894 002e 3A       		.uleb128 0x3a
ARM GAS  C:\Users\EA527~1.IVA\AppData\Local\Temp\ccHpHb24.s 			page 18


 895 002f 0B       		.uleb128 0xb
 896 0030 3B       		.uleb128 0x3b
 897 0031 05       		.uleb128 0x5
 898 0032 49       		.uleb128 0x49
 899 0033 13       		.uleb128 0x13
 900 0034 00       		.byte	0
 901 0035 00       		.byte	0
 902 0036 05       		.uleb128 0x5
 903 0037 13       		.uleb128 0x13
 904 0038 01       		.byte	0x1
 905 0039 0B       		.uleb128 0xb
 906 003a 0B       		.uleb128 0xb
 907 003b 3A       		.uleb128 0x3a
 908 003c 0B       		.uleb128 0xb
 909 003d 3B       		.uleb128 0x3b
 910 003e 0B       		.uleb128 0xb
 911 003f 01       		.uleb128 0x1
 912 0040 13       		.uleb128 0x13
 913 0041 00       		.byte	0
 914 0042 00       		.byte	0
 915 0043 06       		.uleb128 0x6
 916 0044 0D       		.uleb128 0xd
 917 0045 00       		.byte	0
 918 0046 03       		.uleb128 0x3
 919 0047 0E       		.uleb128 0xe
 920 0048 3A       		.uleb128 0x3a
 921 0049 0B       		.uleb128 0xb
 922 004a 3B       		.uleb128 0x3b
 923 004b 0B       		.uleb128 0xb
 924 004c 49       		.uleb128 0x49
 925 004d 13       		.uleb128 0x13
 926 004e 0B       		.uleb128 0xb
 927 004f 0B       		.uleb128 0xb
 928 0050 0D       		.uleb128 0xd
 929 0051 0B       		.uleb128 0xb
 930 0052 0C       		.uleb128 0xc
 931 0053 0B       		.uleb128 0xb
 932 0054 38       		.uleb128 0x38
 933 0055 0B       		.uleb128 0xb
 934 0056 00       		.byte	0
 935 0057 00       		.byte	0
 936 0058 07       		.uleb128 0x7
 937 0059 0D       		.uleb128 0xd
 938 005a 00       		.byte	0
 939 005b 03       		.uleb128 0x3
 940 005c 08       		.uleb128 0x8
 941 005d 3A       		.uleb128 0x3a
 942 005e 0B       		.uleb128 0xb
 943 005f 3B       		.uleb128 0x3b
 944 0060 0B       		.uleb128 0xb
 945 0061 49       		.uleb128 0x49
 946 0062 13       		.uleb128 0x13
 947 0063 0B       		.uleb128 0xb
 948 0064 0B       		.uleb128 0xb
 949 0065 0D       		.uleb128 0xd
 950 0066 0B       		.uleb128 0xb
 951 0067 0C       		.uleb128 0xc
ARM GAS  C:\Users\EA527~1.IVA\AppData\Local\Temp\ccHpHb24.s 			page 19


 952 0068 0B       		.uleb128 0xb
 953 0069 38       		.uleb128 0x38
 954 006a 0B       		.uleb128 0xb
 955 006b 00       		.byte	0
 956 006c 00       		.byte	0
 957 006d 08       		.uleb128 0x8
 958 006e 16       		.uleb128 0x16
 959 006f 00       		.byte	0
 960 0070 03       		.uleb128 0x3
 961 0071 0E       		.uleb128 0xe
 962 0072 3A       		.uleb128 0x3a
 963 0073 0B       		.uleb128 0xb
 964 0074 3B       		.uleb128 0x3b
 965 0075 0B       		.uleb128 0xb
 966 0076 49       		.uleb128 0x49
 967 0077 13       		.uleb128 0x13
 968 0078 00       		.byte	0
 969 0079 00       		.byte	0
 970 007a 09       		.uleb128 0x9
 971 007b 0D       		.uleb128 0xd
 972 007c 00       		.byte	0
 973 007d 03       		.uleb128 0x3
 974 007e 0E       		.uleb128 0xe
 975 007f 3A       		.uleb128 0x3a
 976 0080 0B       		.uleb128 0xb
 977 0081 3B       		.uleb128 0x3b
 978 0082 0B       		.uleb128 0xb
 979 0083 49       		.uleb128 0x49
 980 0084 13       		.uleb128 0x13
 981 0085 38       		.uleb128 0x38
 982 0086 0B       		.uleb128 0xb
 983 0087 00       		.byte	0
 984 0088 00       		.byte	0
 985 0089 0A       		.uleb128 0xa
 986 008a 17       		.uleb128 0x17
 987 008b 01       		.byte	0x1
 988 008c 0B       		.uleb128 0xb
 989 008d 0B       		.uleb128 0xb
 990 008e 3A       		.uleb128 0x3a
 991 008f 0B       		.uleb128 0xb
 992 0090 3B       		.uleb128 0x3b
 993 0091 0B       		.uleb128 0xb
 994 0092 01       		.uleb128 0x1
 995 0093 13       		.uleb128 0x13
 996 0094 00       		.byte	0
 997 0095 00       		.byte	0
 998 0096 0B       		.uleb128 0xb
 999 0097 0D       		.uleb128 0xd
 1000 0098 00       		.byte	0
 1001 0099 03       		.uleb128 0x3
 1002 009a 0E       		.uleb128 0xe
 1003 009b 3A       		.uleb128 0x3a
 1004 009c 0B       		.uleb128 0xb
 1005 009d 3B       		.uleb128 0x3b
 1006 009e 0B       		.uleb128 0xb
 1007 009f 49       		.uleb128 0x49
 1008 00a0 13       		.uleb128 0x13
ARM GAS  C:\Users\EA527~1.IVA\AppData\Local\Temp\ccHpHb24.s 			page 20


 1009 00a1 00       		.byte	0
 1010 00a2 00       		.byte	0
 1011 00a3 0C       		.uleb128 0xc
 1012 00a4 01       		.uleb128 0x1
 1013 00a5 01       		.byte	0x1
 1014 00a6 49       		.uleb128 0x49
 1015 00a7 13       		.uleb128 0x13
 1016 00a8 01       		.uleb128 0x1
 1017 00a9 13       		.uleb128 0x13
 1018 00aa 00       		.byte	0
 1019 00ab 00       		.byte	0
 1020 00ac 0D       		.uleb128 0xd
 1021 00ad 21       		.uleb128 0x21
 1022 00ae 00       		.byte	0
 1023 00af 49       		.uleb128 0x49
 1024 00b0 13       		.uleb128 0x13
 1025 00b1 2F       		.uleb128 0x2f
 1026 00b2 0B       		.uleb128 0xb
 1027 00b3 00       		.byte	0
 1028 00b4 00       		.byte	0
 1029 00b5 0E       		.uleb128 0xe
 1030 00b6 2E       		.uleb128 0x2e
 1031 00b7 00       		.byte	0
 1032 00b8 3F       		.uleb128 0x3f
 1033 00b9 19       		.uleb128 0x19
 1034 00ba 03       		.uleb128 0x3
 1035 00bb 0E       		.uleb128 0xe
 1036 00bc 3A       		.uleb128 0x3a
 1037 00bd 0B       		.uleb128 0xb
 1038 00be 3B       		.uleb128 0x3b
 1039 00bf 0B       		.uleb128 0xb
 1040 00c0 27       		.uleb128 0x27
 1041 00c1 19       		.uleb128 0x19
 1042 00c2 11       		.uleb128 0x11
 1043 00c3 01       		.uleb128 0x1
 1044 00c4 12       		.uleb128 0x12
 1045 00c5 06       		.uleb128 0x6
 1046 00c6 40       		.uleb128 0x40
 1047 00c7 18       		.uleb128 0x18
 1048 00c8 9742     		.uleb128 0x2117
 1049 00ca 19       		.uleb128 0x19
 1050 00cb 00       		.byte	0
 1051 00cc 00       		.byte	0
 1052 00cd 0F       		.uleb128 0xf
 1053 00ce 34       		.uleb128 0x34
 1054 00cf 00       		.byte	0
 1055 00d0 03       		.uleb128 0x3
 1056 00d1 0E       		.uleb128 0xe
 1057 00d2 3A       		.uleb128 0x3a
 1058 00d3 0B       		.uleb128 0xb
 1059 00d4 3B       		.uleb128 0x3b
 1060 00d5 0B       		.uleb128 0xb
 1061 00d6 49       		.uleb128 0x49
 1062 00d7 13       		.uleb128 0x13
 1063 00d8 02       		.uleb128 0x2
 1064 00d9 18       		.uleb128 0x18
 1065 00da 00       		.byte	0
ARM GAS  C:\Users\EA527~1.IVA\AppData\Local\Temp\ccHpHb24.s 			page 21


 1066 00db 00       		.byte	0
 1067 00dc 10       		.uleb128 0x10
 1068 00dd 34       		.uleb128 0x34
 1069 00de 00       		.byte	0
 1070 00df 03       		.uleb128 0x3
 1071 00e0 0E       		.uleb128 0xe
 1072 00e1 3A       		.uleb128 0x3a
 1073 00e2 0B       		.uleb128 0xb
 1074 00e3 3B       		.uleb128 0x3b
 1075 00e4 0B       		.uleb128 0xb
 1076 00e5 49       		.uleb128 0x49
 1077 00e6 13       		.uleb128 0x13
 1078 00e7 3F       		.uleb128 0x3f
 1079 00e8 19       		.uleb128 0x19
 1080 00e9 02       		.uleb128 0x2
 1081 00ea 18       		.uleb128 0x18
 1082 00eb 00       		.byte	0
 1083 00ec 00       		.byte	0
 1084 00ed 11       		.uleb128 0x11
 1085 00ee 34       		.uleb128 0x34
 1086 00ef 00       		.byte	0
 1087 00f0 03       		.uleb128 0x3
 1088 00f1 0E       		.uleb128 0xe
 1089 00f2 3A       		.uleb128 0x3a
 1090 00f3 0B       		.uleb128 0xb
 1091 00f4 3B       		.uleb128 0x3b
 1092 00f5 0B       		.uleb128 0xb
 1093 00f6 49       		.uleb128 0x49
 1094 00f7 13       		.uleb128 0x13
 1095 00f8 3F       		.uleb128 0x3f
 1096 00f9 19       		.uleb128 0x19
 1097 00fa 3C       		.uleb128 0x3c
 1098 00fb 19       		.uleb128 0x19
 1099 00fc 00       		.byte	0
 1100 00fd 00       		.byte	0
 1101 00fe 12       		.uleb128 0x12
 1102 00ff 21       		.uleb128 0x21
 1103 0100 00       		.byte	0
 1104 0101 00       		.byte	0
 1105 0102 00       		.byte	0
 1106 0103 00       		.byte	0
 1107              		.section	.debug_aranges,"",%progbits
 1108 0000 24000000 		.4byte	0x24
 1109 0004 0200     		.2byte	0x2
 1110 0006 00000000 		.4byte	.Ldebug_info0
 1111 000a 04       		.byte	0x4
 1112 000b 00       		.byte	0
 1113 000c 0000     		.2byte	0
 1114 000e 0000     		.2byte	0
 1115 0010 00000000 		.4byte	.LFB0
 1116 0014 A8000000 		.4byte	.LFE0-.LFB0
 1117 0018 00000000 		.4byte	.LFB1
 1118 001c 24000000 		.4byte	.LFE1-.LFB1
 1119 0020 00000000 		.4byte	0
 1120 0024 00000000 		.4byte	0
 1121              		.section	.debug_ranges,"",%progbits
 1122              	.Ldebug_ranges0:
ARM GAS  C:\Users\EA527~1.IVA\AppData\Local\Temp\ccHpHb24.s 			page 22


 1123 0000 00000000 		.4byte	.LFB0
 1124 0004 A8000000 		.4byte	.LFE0
 1125 0008 00000000 		.4byte	.LFB1
 1126 000c 24000000 		.4byte	.LFE1
 1127 0010 00000000 		.4byte	0
 1128 0014 00000000 		.4byte	0
 1129              		.section	.debug_line,"",%progbits
 1130              	.Ldebug_line0:
 1131 0000 C6000000 		.section	.debug_str,"MS",%progbits,1
 1131      02008200 
 1131      00000201 
 1131      FB0E0D00 
 1131      01010101 
 1132              	.LASF79:
 1133 0000 46697273 		.ascii	"FirstFrame.c\000"
 1133      74467261 
 1133      6D652E63 
 1133      00
 1134              	.LASF50:
 1135 000d 63683373 		.ascii	"ch3set\000"
 1135      657400
 1136              	.LASF17:
 1137 0014 6672616D 		.ascii	"frame\000"
 1137      6500
 1138              	.LASF77:
 1139 001a 52657375 		.ascii	"Result\000"
 1139      6C7400
 1140              	.LASF81:
 1141 0021 73756266 		.ascii	"subframe_counter\000"
 1141      72616D65 
 1141      5F636F75 
 1141      6E746572 
 1141      00
 1142              	.LASF74:
 1143 0032 41445331 		.ascii	"ADS131E08_CurSet\000"
 1143      33314530 
 1143      385F4375 
 1143      72536574 
 1143      00
 1144              	.LASF7:
 1145 0043 6C6F6E67 		.ascii	"long long unsigned int\000"
 1145      206C6F6E 
 1145      6720756E 
 1145      7369676E 
 1145      65642069 
 1146              	.LASF56:
 1147 005a 6164635F 		.ascii	"adc_regim\000"
 1147      72656769 
 1147      6D00
 1148              	.LASF49:
 1149 0064 63683273 		.ascii	"ch2set\000"
 1149      657400
 1150              	.LASF6:
 1151 006b 6C6F6E67 		.ascii	"long long int\000"
 1151      206C6F6E 
 1151      6720696E 
 1151      7400
ARM GAS  C:\Users\EA527~1.IVA\AppData\Local\Temp\ccHpHb24.s 			page 23


 1152              	.LASF0:
 1153 0079 7369676E 		.ascii	"signed char\000"
 1153      65642063 
 1153      68617200 
 1154              	.LASF47:
 1155 0085 6661756C 		.ascii	"fault\000"
 1155      7400
 1156              	.LASF40:
 1157 008b 636F6D70 		.ascii	"comp_th\000"
 1157      5F746800 
 1158              	.LASF4:
 1159 0093 6C6F6E67 		.ascii	"long int\000"
 1159      20696E74 
 1159      00
 1160              	.LASF27:
 1161 009c 64617461 		.ascii	"data_rate\000"
 1161      5F726174 
 1161      6500
 1162              	.LASF9:
 1163 00a6 75696E74 		.ascii	"uint8\000"
 1163      3800
 1164              	.LASF48:
 1165 00ac 63683173 		.ascii	"ch1set\000"
 1165      657400
 1166              	.LASF12:
 1167 00b3 646F7562 		.ascii	"double\000"
 1167      6C6500
 1168              	.LASF72:
 1169 00ba 436F7079 		.ascii	"CopyFirstFrame\000"
 1169      46697273 
 1169      74467261 
 1169      6D6500
 1170              	.LASF57:
 1171 00c9 61727261 		.ascii	"array\000"
 1171      7900
 1172              	.LASF10:
 1173 00cf 75696E74 		.ascii	"uint32\000"
 1173      333200
 1174              	.LASF44:
 1175 00d6 636F6E66 		.ascii	"config1\000"
 1175      69673100 
 1176              	.LASF45:
 1177 00de 636F6E66 		.ascii	"config2\000"
 1177      69673200 
 1178              	.LASF46:
 1179 00e6 636F6E66 		.ascii	"config3\000"
 1179      69673300 
 1180              	.LASF73:
 1181 00ee 6C617374 		.ascii	"last_adc_data_sended\000"
 1181      5F616463 
 1181      5F646174 
 1181      615F7365 
 1181      6E646564 
 1182              	.LASF62:
 1183 0103 64617461 		.ascii	"data_ch1\000"
 1183      5F636831 
 1183      00
ARM GAS  C:\Users\EA527~1.IVA\AppData\Local\Temp\ccHpHb24.s 			page 24


 1184              	.LASF31:
 1185 010c 74657374 		.ascii	"test_freq\000"
 1185      5F667265 
 1185      7100
 1186              	.LASF8:
 1187 0116 756E7369 		.ascii	"unsigned int\000"
 1187      676E6564 
 1187      20696E74 
 1187      00
 1188              	.LASF5:
 1189 0123 6C6F6E67 		.ascii	"long unsigned int\000"
 1189      20756E73 
 1189      69676E65 
 1189      6420696E 
 1189      7400
 1190              	.LASF35:
 1191 0135 7064625F 		.ascii	"pdb_opamp\000"
 1191      6F70616D 
 1191      7000
 1192              	.LASF3:
 1193 013f 73686F72 		.ascii	"short unsigned int\000"
 1193      7420756E 
 1193      7369676E 
 1193      65642069 
 1193      6E7400
 1194              	.LASF60:
 1195 0152 52446174 		.ascii	"RData\000"
 1195      6100
 1196              	.LASF38:
 1197 0158 7064625F 		.ascii	"pdb_refbuf\000"
 1197      72656662 
 1197      756600
 1198              	.LASF15:
 1199 0163 73756266 		.ascii	"subframe\000"
 1199      72616D65 
 1199      00
 1200              	.LASF18:
 1201 016c 6C616265 		.ascii	"label\000"
 1201      6C00
 1202              	.LASF55:
 1203 0172 63683873 		.ascii	"ch8set\000"
 1203      657400
 1204              	.LASF29:
 1205 0179 64616973 		.ascii	"daisy_in\000"
 1205      795F696E 
 1205      00
 1206              	.LASF71:
 1207 0182 50726570 		.ascii	"PrepareFirstFrame\000"
 1207      61726546 
 1207      69727374 
 1207      4672616D 
 1207      6500
 1208              	.LASF59:
 1209 0194 6164635F 		.ascii	"adc_regim_set\000"
 1209      72656769 
 1209      6D5F7365 
 1209      7400
ARM GAS  C:\Users\EA527~1.IVA\AppData\Local\Temp\ccHpHb24.s 			page 25


 1210              	.LASF26:
 1211 01a2 73697A65 		.ascii	"sizetype\000"
 1211      74797065 
 1211      00
 1212              	.LASF25:
 1213 01ab 6C6F6E67 		.ascii	"long double\000"
 1213      20646F75 
 1213      626C6500 
 1214              	.LASF21:
 1215 01b7 6175785F 		.ascii	"aux_data_low\000"
 1215      64617461 
 1215      5F6C6F77 
 1215      00
 1216              	.LASF61:
 1217 01c4 6164635F 		.ascii	"adc_status\000"
 1217      73746174 
 1217      757300
 1218              	.LASF54:
 1219 01cf 63683773 		.ascii	"ch7set\000"
 1219      657400
 1220              	.LASF75:
 1221 01d6 44617461 		.ascii	"Data_ADS131E08\000"
 1221      5F414453 
 1221      31333145 
 1221      303800
 1222              	.LASF37:
 1223 01e5 76726566 		.ascii	"vref_4v\000"
 1223      5F347600 
 1224              	.LASF11:
 1225 01ed 666C6F61 		.ascii	"float\000"
 1225      7400
 1226              	.LASF30:
 1227 01f3 6164635F 		.ascii	"adc_config1\000"
 1227      636F6E66 
 1227      69673100 
 1228              	.LASF34:
 1229 01ff 6164635F 		.ascii	"adc_config2\000"
 1229      636F6E66 
 1229      69673200 
 1230              	.LASF39:
 1231 020b 6164635F 		.ascii	"adc_config3\000"
 1231      636F6E66 
 1231      69673300 
 1232              	.LASF63:
 1233 0217 64617461 		.ascii	"data_ch2\000"
 1233      5F636832 
 1233      00
 1234              	.LASF64:
 1235 0220 64617461 		.ascii	"data_ch3\000"
 1235      5F636833 
 1235      00
 1236              	.LASF65:
 1237 0229 64617461 		.ascii	"data_ch4\000"
 1237      5F636834 
 1237      00
 1238              	.LASF66:
 1239 0232 64617461 		.ascii	"data_ch5\000"
ARM GAS  C:\Users\EA527~1.IVA\AppData\Local\Temp\ccHpHb24.s 			page 26


 1239      5F636835 
 1239      00
 1240              	.LASF67:
 1241 023b 64617461 		.ascii	"data_ch6\000"
 1241      5F636836 
 1241      00
 1242              	.LASF68:
 1243 0244 64617461 		.ascii	"data_ch7\000"
 1243      5F636837 
 1243      00
 1244              	.LASF69:
 1245 024d 64617461 		.ascii	"data_ch8\000"
 1245      5F636838 
 1245      00
 1246              	.LASF42:
 1247 0256 6761696E 		.ascii	"gain\000"
 1247      00
 1248              	.LASF70:
 1249 025b 44617461 		.ascii	"Data_field\000"
 1249      5F666965 
 1249      6C6400
 1250              	.LASF1:
 1251 0266 756E7369 		.ascii	"unsigned char\000"
 1251      676E6564 
 1251      20636861 
 1251      7200
 1252              	.LASF80:
 1253 0274 433A5C55 		.ascii	"C:\\Users\\e.ivanov\\Documents\\GitHub\\adc\\Manche"
 1253      73657273 
 1253      5C652E69 
 1253      76616E6F 
 1253      765C446F 
 1254 02a1 73746572 		.ascii	"ster encoder-decoder.cydsn\000"
 1254      20656E63 
 1254      6F646572 
 1254      2D646563 
 1254      6F646572 
 1255              	.LASF2:
 1256 02bc 73686F72 		.ascii	"short int\000"
 1256      7420696E 
 1256      7400
 1257              	.LASF14:
 1258 02c6 67696472 		.ascii	"gidrophone\000"
 1258      6F70686F 
 1258      6E6500
 1259              	.LASF43:
 1260 02d1 6164635F 		.ascii	"adc_chset\000"
 1260      63687365 
 1260      7400
 1261              	.LASF53:
 1262 02db 63683673 		.ascii	"ch6set\000"
 1262      657400
 1263              	.LASF58:
 1264 02e2 72656769 		.ascii	"regim\000"
 1264      6D00
 1265              	.LASF78:
 1266 02e8 474E5520 		.ascii	"GNU C11 5.4.1 20160609 (release) [ARM/embedded-5-br"
ARM GAS  C:\Users\EA527~1.IVA\AppData\Local\Temp\ccHpHb24.s 			page 27


 1266      43313120 
 1266      352E342E 
 1266      31203230 
 1266      31363036 
 1267 031b 616E6368 		.ascii	"anch revision 237715] -mcpu=cortex-m3 -mthumb -g -O"
 1267      20726576 
 1267      6973696F 
 1267      6E203233 
 1267      37373135 
 1268 034e 67202D66 		.ascii	"g -ffunction-sections -ffat-lto-objects\000"
 1268      66756E63 
 1268      74696F6E 
 1268      2D736563 
 1268      74696F6E 
 1269              	.LASF33:
 1270 0376 696E745F 		.ascii	"int_test\000"
 1270      74657374 
 1270      00
 1271              	.LASF13:
 1272 037f 63686172 		.ascii	"char\000"
 1272      00
 1273              	.LASF76:
 1274 0384 6C696E65 		.ascii	"line_buf\000"
 1274      5F627566 
 1274      00
 1275              	.LASF52:
 1276 038d 63683573 		.ascii	"ch5set\000"
 1276      657400
 1277              	.LASF41:
 1278 0394 6164635F 		.ascii	"adc_FAULT\000"
 1278      4641554C 
 1278      5400
 1279              	.LASF32:
 1280 039e 74657374 		.ascii	"test_amp\000"
 1280      5F616D70 
 1280      00
 1281              	.LASF23:
 1282 03a7 6175785F 		.ascii	"aux_data_high\000"
 1282      64617461 
 1282      5F686967 
 1282      6800
 1283              	.LASF19:
 1284 03b5 67656F70 		.ascii	"geophoneX\000"
 1284      686F6E65 
 1284      5800
 1285              	.LASF20:
 1286 03bf 67656F70 		.ascii	"geophoneY\000"
 1286      686F6E65 
 1286      5900
 1287              	.LASF22:
 1288 03c9 67656F70 		.ascii	"geophoneZ\000"
 1288      686F6E65 
 1288      5A00
 1289              	.LASF51:
 1290 03d3 63683473 		.ascii	"ch4set\000"
 1290      657400
 1291              	.LASF24:
ARM GAS  C:\Users\EA527~1.IVA\AppData\Local\Temp\ccHpHb24.s 			page 28


 1292 03da 64617461 		.ascii	"data_adc_result_frame\000"
 1292      5F616463 
 1292      5F726573 
 1292      756C745F 
 1292      6672616D 
 1293              	.LASF36:
 1294 03f0 6F70616D 		.ascii	"opamp_ref\000"
 1294      705F7265 
 1294      6600
 1295              	.LASF28:
 1296 03fa 636C6B5F 		.ascii	"clk_en\000"
 1296      656E00
 1297              	.LASF16:
 1298 0401 66616B65 		.ascii	"fake\000"
 1298      00
 1299              		.ident	"GCC: (GNU Tools for ARM Embedded Processors) 5.4.1 20160609 (release) [ARM/embedded-5-bran
