ARM GAS  C:\Users\EA527~1.IVA\AppData\Local\Temp\cckHwGRi.s 			page 1


   1              		.syntax unified
   2              		.cpu cortex-m3
   3              		.fpu softvfp
   4              		.eabi_attribute 20, 1
   5              		.eabi_attribute 21, 1
   6              		.eabi_attribute 23, 3
   7              		.eabi_attribute 24, 1
   8              		.eabi_attribute 25, 1
   9              		.eabi_attribute 26, 1
  10              		.eabi_attribute 30, 1
  11              		.eabi_attribute 34, 1
  12              		.eabi_attribute 18, 4
  13              		.thumb
  14              		.syntax unified
  15              		.file	"IPSET.c"
  16              		.text
  17              	.Ltext0:
  18              		.cfi_sections	.debug_frame
  19              		.section	.text.atoh,"ax",%progbits
  20              		.align	2
  21              		.global	atoh
  22              		.thumb
  23              		.thumb_func
  24              		.type	atoh, %function
  25              	atoh:
  26              	.LFB64:
  27              		.file 1 "IPSET.c"
   1:IPSET.c       **** /* ========================================
   2:IPSET.c       ****  *
   3:IPSET.c       ****  * Copyright YOUR COMPANY, THE YEAR
   4:IPSET.c       ****  * All Rights Reserved
   5:IPSET.c       ****  * UNPUBLISHED, LICENSED SOFTWARE.
   6:IPSET.c       ****  *
   7:IPSET.c       ****  * CONFIDENTIAL AND PROPRIETARY INFORMATION
   8:IPSET.c       ****  * WHICH IS THE PROPERTY OF your company.
   9:IPSET.c       ****  *
  10:IPSET.c       ****  * ========================================
  11:IPSET.c       **** */
  12:IPSET.c       **** #include <global.h>
  13:IPSET.c       **** 
  14:IPSET.c       **** 
  15:IPSET.c       **** 
  16:IPSET.c       **** 
  17:IPSET.c       **** typedef struct {
  18:IPSET.c       ****     char chanel[6];
  19:IPSET.c       ****     char port[6];
  20:IPSET.c       ****     char multicast[20];
  21:IPSET.c       ****     char unicast[20];
  22:IPSET.c       ****     char mac[20];
  23:IPSET.c       **** }ip_preset;
  24:IPSET.c       **** 
  25:IPSET.c       **** int atoh(char *str){
  28              		.loc 1 25 0
  29              		.cfi_startproc
  30              		@ args = 0, pretend = 0, frame = 0
  31              		@ frame_needed = 0, uses_anonymous_args = 0
  32              	.LVL0:
ARM GAS  C:\Users\EA527~1.IVA\AppData\Local\Temp\cckHwGRi.s 			page 2


  33 0000 38B5     		push	{r3, r4, r5, lr}
  34              		.cfi_def_cfa_offset 16
  35              		.cfi_offset 3, -16
  36              		.cfi_offset 4, -12
  37              		.cfi_offset 5, -8
  38              		.cfi_offset 14, -4
  39 0002 0446     		mov	r4, r0
  26:IPSET.c       ****     int result=16 * ByteToInt(str[0]);
  40              		.loc 1 26 0
  41 0004 0078     		ldrb	r0, [r0]	@ zero_extendqisi2
  42              	.LVL1:
  43 0006 FFF7FEFF 		bl	ByteToInt
  44              	.LVL2:
  45 000a 0501     		lsls	r5, r0, #4
  46              	.LVL3:
  27:IPSET.c       ****     result+= ByteToInt(str[1]);
  47              		.loc 1 27 0
  48 000c 6078     		ldrb	r0, [r4, #1]	@ zero_extendqisi2
  49 000e FFF7FEFF 		bl	ByteToInt
  50              	.LVL4:
  28:IPSET.c       ****     return result;
  29:IPSET.c       **** }
  51              		.loc 1 29 0
  52 0012 2844     		add	r0, r0, r5
  53              	.LVL5:
  54 0014 38BD     		pop	{r3, r4, r5, pc}
  55              		.cfi_endproc
  56              	.LFE64:
  57              		.size	atoh, .-atoh
  58 0016 00BF     		.section	.text.IpParsTokenToMac,"ax",%progbits
  59              		.align	2
  60              		.global	IpParsTokenToMac
  61              		.thumb
  62              		.thumb_func
  63              		.type	IpParsTokenToMac, %function
  64              	IpParsTokenToMac:
  65              	.LFB65:
  30:IPSET.c       **** static ip_preset IP_Instance;
  31:IPSET.c       **** ip_set IP_Complete;
  32:IPSET.c       **** 
  33:IPSET.c       **** void IpParsTokenToMac(char* Dest, char* Token){
  66              		.loc 1 33 0
  67              		.cfi_startproc
  68              		@ args = 0, pretend = 0, frame = 0
  69              		@ frame_needed = 0, uses_anonymous_args = 0
  70              	.LVL6:
  71 0000 10B5     		push	{r4, lr}
  72              		.cfi_def_cfa_offset 8
  73              		.cfi_offset 4, -8
  74              		.cfi_offset 14, -4
  75 0002 0446     		mov	r4, r0
  76 0004 0846     		mov	r0, r1
  77              	.LVL7:
  34:IPSET.c       ****     Dest[0]=atoh(strtok_e (Token, ':'));
  78              		.loc 1 34 0
  79 0006 3A21     		movs	r1, #58
  80              	.LVL8:
ARM GAS  C:\Users\EA527~1.IVA\AppData\Local\Temp\cckHwGRi.s 			page 3


  81 0008 FFF7FEFF 		bl	strtok_e
  82              	.LVL9:
  83 000c FFF7FEFF 		bl	atoh
  84              	.LVL10:
  85 0010 2070     		strb	r0, [r4]
  35:IPSET.c       ****     Dest[1]=atoh(strtok_e (NULL, ':'));
  86              		.loc 1 35 0
  87 0012 3A21     		movs	r1, #58
  88 0014 0020     		movs	r0, #0
  89 0016 FFF7FEFF 		bl	strtok_e
  90              	.LVL11:
  91 001a FFF7FEFF 		bl	atoh
  92              	.LVL12:
  93 001e 6070     		strb	r0, [r4, #1]
  36:IPSET.c       ****     Dest[2]=atoh(strtok_e (NULL, ':'));
  94              		.loc 1 36 0
  95 0020 3A21     		movs	r1, #58
  96 0022 0020     		movs	r0, #0
  97 0024 FFF7FEFF 		bl	strtok_e
  98              	.LVL13:
  99 0028 FFF7FEFF 		bl	atoh
 100              	.LVL14:
 101 002c A070     		strb	r0, [r4, #2]
  37:IPSET.c       ****     Dest[3]=atoh(strtok_e (NULL, ':'));
 102              		.loc 1 37 0
 103 002e 3A21     		movs	r1, #58
 104 0030 0020     		movs	r0, #0
 105 0032 FFF7FEFF 		bl	strtok_e
 106              	.LVL15:
 107 0036 FFF7FEFF 		bl	atoh
 108              	.LVL16:
 109 003a E070     		strb	r0, [r4, #3]
  38:IPSET.c       ****     Dest[4]=atoh(strtok_e (NULL, ':'));
 110              		.loc 1 38 0
 111 003c 3A21     		movs	r1, #58
 112 003e 0020     		movs	r0, #0
 113 0040 FFF7FEFF 		bl	strtok_e
 114              	.LVL17:
 115 0044 FFF7FEFF 		bl	atoh
 116              	.LVL18:
 117 0048 2071     		strb	r0, [r4, #4]
  39:IPSET.c       ****     Dest[5]=atoh(strtok_e (NULL, ':'));
 118              		.loc 1 39 0
 119 004a 3A21     		movs	r1, #58
 120 004c 0020     		movs	r0, #0
 121 004e FFF7FEFF 		bl	strtok_e
 122              	.LVL19:
 123 0052 FFF7FEFF 		bl	atoh
 124              	.LVL20:
 125 0056 6071     		strb	r0, [r4, #5]
 126 0058 10BD     		pop	{r4, pc}
 127              		.cfi_endproc
 128              	.LFE65:
 129              		.size	IpParsTokenToMac, .-IpParsTokenToMac
 130 005a 00BF     		.section	.text.IpParsTokenToAddr,"ax",%progbits
 131              		.align	2
 132              		.global	IpParsTokenToAddr
ARM GAS  C:\Users\EA527~1.IVA\AppData\Local\Temp\cckHwGRi.s 			page 4


 133              		.thumb
 134              		.thumb_func
 135              		.type	IpParsTokenToAddr, %function
 136              	IpParsTokenToAddr:
 137              	.LFB66:
  40:IPSET.c       **** }
  41:IPSET.c       **** 
  42:IPSET.c       **** void IpParsTokenToAddr(char* Dest, char* Token){
 138              		.loc 1 42 0
 139              		.cfi_startproc
 140              		@ args = 0, pretend = 0, frame = 0
 141              		@ frame_needed = 0, uses_anonymous_args = 0
 142              	.LVL21:
 143 0000 10B5     		push	{r4, lr}
 144              		.cfi_def_cfa_offset 8
 145              		.cfi_offset 4, -8
 146              		.cfi_offset 14, -4
 147 0002 0446     		mov	r4, r0
 148 0004 0846     		mov	r0, r1
 149              	.LVL22:
  43:IPSET.c       ****     Dest[0]=atoi(strtok_e (Token, '.'));
 150              		.loc 1 43 0
 151 0006 2E21     		movs	r1, #46
 152              	.LVL23:
 153 0008 FFF7FEFF 		bl	strtok_e
 154              	.LVL24:
 155 000c FFF7FEFF 		bl	atoi
 156              	.LVL25:
 157 0010 2070     		strb	r0, [r4]
  44:IPSET.c       ****     Dest[1]=atoi(strtok_e (NULL, '.'));
 158              		.loc 1 44 0
 159 0012 2E21     		movs	r1, #46
 160 0014 0020     		movs	r0, #0
 161 0016 FFF7FEFF 		bl	strtok_e
 162              	.LVL26:
 163 001a FFF7FEFF 		bl	atoi
 164              	.LVL27:
 165 001e 6070     		strb	r0, [r4, #1]
  45:IPSET.c       ****     Dest[2]=atoi(strtok_e (NULL, '.'));
 166              		.loc 1 45 0
 167 0020 2E21     		movs	r1, #46
 168 0022 0020     		movs	r0, #0
 169 0024 FFF7FEFF 		bl	strtok_e
 170              	.LVL28:
 171 0028 FFF7FEFF 		bl	atoi
 172              	.LVL29:
 173 002c A070     		strb	r0, [r4, #2]
  46:IPSET.c       ****     Dest[3]=atoi(strtok_e (NULL, '.'));
 174              		.loc 1 46 0
 175 002e 2E21     		movs	r1, #46
 176 0030 0020     		movs	r0, #0
 177 0032 FFF7FEFF 		bl	strtok_e
 178              	.LVL30:
 179 0036 FFF7FEFF 		bl	atoi
 180              	.LVL31:
 181 003a E070     		strb	r0, [r4, #3]
 182 003c 10BD     		pop	{r4, pc}
ARM GAS  C:\Users\EA527~1.IVA\AppData\Local\Temp\cckHwGRi.s 			page 5


 183              		.cfi_endproc
 184              	.LFE66:
 185              		.size	IpParsTokenToAddr, .-IpParsTokenToAddr
 186 003e 00BF     		.section	.text.IpParsToTokens,"ax",%progbits
 187              		.align	2
 188              		.global	IpParsToTokens
 189              		.thumb
 190              		.thumb_func
 191              		.type	IpParsToTokens, %function
 192              	IpParsToTokens:
 193              	.LFB67:
  47:IPSET.c       **** }
  48:IPSET.c       **** 
  49:IPSET.c       **** void IpParsToTokens(uint8* sentence){
 194              		.loc 1 49 0
 195              		.cfi_startproc
 196              		@ args = 0, pretend = 0, frame = 0
 197              		@ frame_needed = 0, uses_anonymous_args = 0
 198              	.LVL32:
 199 0000 10B5     		push	{r4, lr}
 200              		.cfi_def_cfa_offset 8
 201              		.cfi_offset 4, -8
 202              		.cfi_offset 14, -4
  50:IPSET.c       ****     strtok_e ((char*)sentence, ',');
 203              		.loc 1 50 0
 204 0002 2C21     		movs	r1, #44
 205 0004 FFF7FEFF 		bl	strtok_e
 206              	.LVL33:
  51:IPSET.c       ****     strcpy(IP_Instance.chanel,strtok_e (NULL, ','));
 207              		.loc 1 51 0
 208 0008 2C21     		movs	r1, #44
 209 000a 0020     		movs	r0, #0
 210 000c FFF7FEFF 		bl	strtok_e
 211              	.LVL34:
 212 0010 144C     		ldr	r4, .L9
 213 0012 0146     		mov	r1, r0
 214 0014 2046     		mov	r0, r4
 215 0016 FFF7FEFF 		bl	strcpy
 216              	.LVL35:
  52:IPSET.c       ****     strcpy(IP_Instance.mac,strtok_e (NULL, ','));
 217              		.loc 1 52 0
 218 001a 2C21     		movs	r1, #44
 219 001c 0020     		movs	r0, #0
 220 001e FFF7FEFF 		bl	strtok_e
 221              	.LVL36:
 222 0022 0146     		mov	r1, r0
 223 0024 04F13400 		add	r0, r4, #52
 224 0028 FFF7FEFF 		bl	strcpy
 225              	.LVL37:
  53:IPSET.c       ****     strcpy(IP_Instance.unicast,strtok_e (NULL, ','));
 226              		.loc 1 53 0
 227 002c 2C21     		movs	r1, #44
 228 002e 0020     		movs	r0, #0
 229 0030 FFF7FEFF 		bl	strtok_e
 230              	.LVL38:
 231 0034 0146     		mov	r1, r0
 232 0036 04F12000 		add	r0, r4, #32
ARM GAS  C:\Users\EA527~1.IVA\AppData\Local\Temp\cckHwGRi.s 			page 6


 233 003a FFF7FEFF 		bl	strcpy
 234              	.LVL39:
  54:IPSET.c       ****     strcpy(IP_Instance.multicast,strtok_e (NULL, ','));
 235              		.loc 1 54 0
 236 003e 2C21     		movs	r1, #44
 237 0040 0020     		movs	r0, #0
 238 0042 FFF7FEFF 		bl	strtok_e
 239              	.LVL40:
 240 0046 0146     		mov	r1, r0
 241 0048 04F10C00 		add	r0, r4, #12
 242 004c FFF7FEFF 		bl	strcpy
 243              	.LVL41:
  55:IPSET.c       ****     strcpy(IP_Instance.port,strtok_e (NULL, ','));
 244              		.loc 1 55 0
 245 0050 2C21     		movs	r1, #44
 246 0052 0020     		movs	r0, #0
 247 0054 FFF7FEFF 		bl	strtok_e
 248              	.LVL42:
 249 0058 0146     		mov	r1, r0
 250 005a A01D     		adds	r0, r4, #6
 251 005c FFF7FEFF 		bl	strcpy
 252              	.LVL43:
 253 0060 10BD     		pop	{r4, pc}
 254              	.L10:
 255 0062 00BF     		.align	2
 256              	.L9:
 257 0064 00000000 		.word	.LANCHOR0
 258              		.cfi_endproc
 259              	.LFE67:
 260              		.size	IpParsToTokens, .-IpParsToTokens
 261              		.section	.text.IpPars,"ax",%progbits
 262              		.align	2
 263              		.global	IpPars
 264              		.thumb
 265              		.thumb_func
 266              		.type	IpPars, %function
 267              	IpPars:
 268              	.LFB68:
  56:IPSET.c       **** }
  57:IPSET.c       **** void IpPars(uint8* sentence){
 269              		.loc 1 57 0
 270              		.cfi_startproc
 271              		@ args = 0, pretend = 0, frame = 0
 272              		@ frame_needed = 0, uses_anonymous_args = 0
 273              	.LVL44:
 274 0000 38B5     		push	{r3, r4, r5, lr}
 275              		.cfi_def_cfa_offset 16
 276              		.cfi_offset 3, -16
 277              		.cfi_offset 4, -12
 278              		.cfi_offset 5, -8
 279              		.cfi_offset 14, -4
  58:IPSET.c       ****     IpParsToTokens(sentence);
 280              		.loc 1 58 0
 281 0002 FFF7FEFF 		bl	IpParsToTokens
 282              	.LVL45:
  59:IPSET.c       ****     IpParsTokenToAddr(IP_Complete.multicast, IP_Instance.multicast);
 283              		.loc 1 59 0
ARM GAS  C:\Users\EA527~1.IVA\AppData\Local\Temp\cckHwGRi.s 			page 7


 284 0006 0E4D     		ldr	r5, .L13
 285 0008 0E4C     		ldr	r4, .L13+4
 286 000a 05F10C01 		add	r1, r5, #12
 287 000e 2046     		mov	r0, r4
 288 0010 FFF7FEFF 		bl	IpParsTokenToAddr
 289              	.LVL46:
  60:IPSET.c       ****     IpParsTokenToAddr(IP_Complete.unicast, IP_Instance.unicast);
 290              		.loc 1 60 0
 291 0014 05F12001 		add	r1, r5, #32
 292 0018 201D     		adds	r0, r4, #4
 293 001a FFF7FEFF 		bl	IpParsTokenToAddr
 294              	.LVL47:
  61:IPSET.c       ****     IpParsTokenToMac(IP_Complete.mac, IP_Instance.mac);
 295              		.loc 1 61 0
 296 001e 05F13401 		add	r1, r5, #52
 297 0022 04F10800 		add	r0, r4, #8
 298 0026 FFF7FEFF 		bl	IpParsTokenToMac
 299              	.LVL48:
  62:IPSET.c       ****     IP_Complete.port = atoi(IP_Instance.port);
 300              		.loc 1 62 0
 301 002a A81D     		adds	r0, r5, #6
 302 002c FFF7FEFF 		bl	atoi
 303              	.LVL49:
 304 0030 24F8020C 		strh	r0, [r4, #-2]	@ movhi
  63:IPSET.c       ****     IP_Complete.chanel = atoi(IP_Instance.chanel);
 305              		.loc 1 63 0
 306 0034 2846     		mov	r0, r5
 307 0036 FFF7FEFF 		bl	atoi
 308              	.LVL50:
 309 003a 24F8040C 		strh	r0, [r4, #-4]	@ movhi
 310 003e 38BD     		pop	{r3, r4, r5, pc}
 311              	.L14:
 312              		.align	2
 313              	.L13:
 314 0040 00000000 		.word	.LANCHOR0
 315 0044 04000000 		.word	IP_Complete+4
 316              		.cfi_endproc
 317              	.LFE68:
 318              		.size	IpPars, .-IpPars
 319              		.comm	IP_Complete,18,4
 320              		.bss
 321              		.align	2
 322              		.set	.LANCHOR0,. + 0
 323              		.type	IP_Instance, %object
 324              		.size	IP_Instance, 72
 325              	IP_Instance:
 326 0000 00000000 		.space	72
 326      00000000 
 326      00000000 
 326      00000000 
 326      00000000 
 327              		.text
 328              	.Letext0:
 329              		.file 2 "c:\\program files (x86)\\cypress\\psoc creator\\4.2\\psoc creator\\import\\gnu\\arm\\5.4.
 330              		.file 3 "c:\\program files (x86)\\cypress\\psoc creator\\4.2\\psoc creator\\import\\gnu\\arm\\5.4.
 331              		.file 4 "Generated_Source\\PSoC5/cytypes.h"
 332              		.file 5 "./global.h"
ARM GAS  C:\Users\EA527~1.IVA\AppData\Local\Temp\cckHwGRi.s 			page 8


 333              		.file 6 "Generated_Source\\PSoC5/core_cm3.h"
 334              		.file 7 "./stdio_e.h"
 335              		.file 8 "c:\\program files (x86)\\cypress\\psoc creator\\4.2\\psoc creator\\import\\gnu\\arm\\5.4.
 336              		.file 9 "c:\\program files (x86)\\cypress\\psoc creator\\4.2\\psoc creator\\import\\gnu\\arm\\5.4.
 337              		.section	.debug_info,"",%progbits
 338              	.Ldebug_info0:
 339 0000 C7050000 		.4byte	0x5c7
 340 0004 0400     		.2byte	0x4
 341 0006 00000000 		.4byte	.Ldebug_abbrev0
 342 000a 04       		.byte	0x4
 343 000b 01       		.uleb128 0x1
 344 000c AA000000 		.4byte	.LASF39
 345 0010 0C       		.byte	0xc
 346 0011 70020000 		.4byte	.LASF40
 347 0015 00000000 		.4byte	.LASF41
 348 0019 00000000 		.4byte	.Ldebug_ranges0+0
 349 001d 00000000 		.4byte	0
 350 0021 00000000 		.4byte	.Ldebug_line0
 351 0025 02       		.uleb128 0x2
 352 0026 01       		.byte	0x1
 353 0027 06       		.byte	0x6
 354 0028 51020000 		.4byte	.LASF0
 355 002c 02       		.uleb128 0x2
 356 002d 01       		.byte	0x1
 357 002e 08       		.byte	0x8
 358 002f 9C000000 		.4byte	.LASF1
 359 0033 02       		.uleb128 0x2
 360 0034 02       		.byte	0x2
 361 0035 05       		.byte	0x5
 362 0036 0A020000 		.4byte	.LASF2
 363 003a 02       		.uleb128 0x2
 364 003b 02       		.byte	0x2
 365 003c 07       		.byte	0x7
 366 003d 5E000000 		.4byte	.LASF3
 367 0041 03       		.uleb128 0x3
 368 0042 54000000 		.4byte	.LASF9
 369 0046 02       		.byte	0x2
 370 0047 3F       		.byte	0x3f
 371 0048 4C000000 		.4byte	0x4c
 372 004c 02       		.uleb128 0x2
 373 004d 04       		.byte	0x4
 374 004e 05       		.byte	0x5
 375 004f 3C020000 		.4byte	.LASF4
 376 0053 02       		.uleb128 0x2
 377 0054 04       		.byte	0x4
 378 0055 07       		.byte	0x7
 379 0056 3F010000 		.4byte	.LASF5
 380 005a 02       		.uleb128 0x2
 381 005b 08       		.byte	0x8
 382 005c 05       		.byte	0x5
 383 005d F2010000 		.4byte	.LASF6
 384 0061 02       		.uleb128 0x2
 385 0062 08       		.byte	0x8
 386 0063 07       		.byte	0x7
 387 0064 A6010000 		.4byte	.LASF7
 388 0068 04       		.uleb128 0x4
 389 0069 04       		.byte	0x4
ARM GAS  C:\Users\EA527~1.IVA\AppData\Local\Temp\cckHwGRi.s 			page 9


 390 006a 05       		.byte	0x5
 391 006b 696E7400 		.ascii	"int\000"
 392 006f 02       		.uleb128 0x2
 393 0070 04       		.byte	0x4
 394 0071 07       		.byte	0x7
 395 0072 99010000 		.4byte	.LASF8
 396 0076 03       		.uleb128 0x3
 397 0077 E1010000 		.4byte	.LASF10
 398 007b 03       		.byte	0x3
 399 007c 2C       		.byte	0x2c
 400 007d 41000000 		.4byte	0x41
 401 0081 05       		.uleb128 0x5
 402 0082 14020000 		.4byte	.LASF11
 403 0086 04       		.byte	0x4
 404 0087 E401     		.2byte	0x1e4
 405 0089 2C000000 		.4byte	0x2c
 406 008d 05       		.uleb128 0x5
 407 008e 78010000 		.4byte	.LASF12
 408 0092 04       		.byte	0x4
 409 0093 E501     		.2byte	0x1e5
 410 0095 3A000000 		.4byte	0x3a
 411 0099 02       		.uleb128 0x2
 412 009a 04       		.byte	0x4
 413 009b 04       		.byte	0x4
 414 009c 96000000 		.4byte	.LASF13
 415 00a0 02       		.uleb128 0x2
 416 00a1 08       		.byte	0x8
 417 00a2 04       		.byte	0x4
 418 00a3 71010000 		.4byte	.LASF14
 419 00a7 02       		.uleb128 0x2
 420 00a8 01       		.byte	0x1
 421 00a9 08       		.byte	0x8
 422 00aa 00020000 		.4byte	.LASF15
 423 00ae 02       		.uleb128 0x2
 424 00af 08       		.byte	0x8
 425 00b0 04       		.byte	0x4
 426 00b1 45020000 		.4byte	.LASF16
 427 00b5 02       		.uleb128 0x2
 428 00b6 04       		.byte	0x4
 429 00b7 07       		.byte	0x7
 430 00b8 E9010000 		.4byte	.LASF17
 431 00bc 06       		.uleb128 0x6
 432 00bd 04       		.byte	0x4
 433 00be A7000000 		.4byte	0xa7
 434 00c2 06       		.uleb128 0x6
 435 00c3 04       		.byte	0x4
 436 00c4 81000000 		.4byte	0x81
 437 00c8 07       		.uleb128 0x7
 438 00c9 12       		.byte	0x12
 439 00ca 05       		.byte	0x5
 440 00cb 36       		.byte	0x36
 441 00cc 0D010000 		.4byte	0x10d
 442 00d0 08       		.uleb128 0x8
 443 00d1 DA010000 		.4byte	.LASF18
 444 00d5 05       		.byte	0x5
 445 00d6 37       		.byte	0x37
 446 00d7 8D000000 		.4byte	0x8d
ARM GAS  C:\Users\EA527~1.IVA\AppData\Local\Temp\cckHwGRi.s 			page 10


 447 00db 00       		.byte	0
 448 00dc 08       		.uleb128 0x8
 449 00dd 05020000 		.4byte	.LASF19
 450 00e1 05       		.byte	0x5
 451 00e2 38       		.byte	0x38
 452 00e3 8D000000 		.4byte	0x8d
 453 00e7 02       		.byte	0x2
 454 00e8 08       		.uleb128 0x8
 455 00e9 1A020000 		.4byte	.LASF20
 456 00ed 05       		.byte	0x5
 457 00ee 39       		.byte	0x39
 458 00ef 0D010000 		.4byte	0x10d
 459 00f3 04       		.byte	0x4
 460 00f4 08       		.uleb128 0x8
 461 00f5 4C000000 		.4byte	.LASF21
 462 00f9 05       		.byte	0x5
 463 00fa 3A       		.byte	0x3a
 464 00fb 0D010000 		.4byte	0x10d
 465 00ff 08       		.byte	0x8
 466 0100 09       		.uleb128 0x9
 467 0101 6D616300 		.ascii	"mac\000"
 468 0105 05       		.byte	0x5
 469 0106 3B       		.byte	0x3b
 470 0107 1D010000 		.4byte	0x11d
 471 010b 0C       		.byte	0xc
 472 010c 00       		.byte	0
 473 010d 0A       		.uleb128 0xa
 474 010e A7000000 		.4byte	0xa7
 475 0112 1D010000 		.4byte	0x11d
 476 0116 0B       		.uleb128 0xb
 477 0117 B5000000 		.4byte	0xb5
 478 011b 03       		.byte	0x3
 479 011c 00       		.byte	0
 480 011d 0A       		.uleb128 0xa
 481 011e A7000000 		.4byte	0xa7
 482 0122 2D010000 		.4byte	0x12d
 483 0126 0B       		.uleb128 0xb
 484 0127 B5000000 		.4byte	0xb5
 485 012b 05       		.byte	0x5
 486 012c 00       		.byte	0
 487 012d 03       		.uleb128 0x3
 488 012e 35020000 		.4byte	.LASF22
 489 0132 05       		.byte	0x5
 490 0133 3C       		.byte	0x3c
 491 0134 C8000000 		.4byte	0xc8
 492 0138 07       		.uleb128 0x7
 493 0139 48       		.byte	0x48
 494 013a 01       		.byte	0x1
 495 013b 11       		.byte	0x11
 496 013c 7D010000 		.4byte	0x17d
 497 0140 08       		.uleb128 0x8
 498 0141 DA010000 		.4byte	.LASF18
 499 0145 01       		.byte	0x1
 500 0146 12       		.byte	0x12
 501 0147 1D010000 		.4byte	0x11d
 502 014b 00       		.byte	0
 503 014c 08       		.uleb128 0x8
ARM GAS  C:\Users\EA527~1.IVA\AppData\Local\Temp\cckHwGRi.s 			page 11


 504 014d 05020000 		.4byte	.LASF19
 505 0151 01       		.byte	0x1
 506 0152 13       		.byte	0x13
 507 0153 1D010000 		.4byte	0x11d
 508 0157 06       		.byte	0x6
 509 0158 08       		.uleb128 0x8
 510 0159 1A020000 		.4byte	.LASF20
 511 015d 01       		.byte	0x1
 512 015e 14       		.byte	0x14
 513 015f 7D010000 		.4byte	0x17d
 514 0163 0C       		.byte	0xc
 515 0164 08       		.uleb128 0x8
 516 0165 4C000000 		.4byte	.LASF21
 517 0169 01       		.byte	0x1
 518 016a 15       		.byte	0x15
 519 016b 7D010000 		.4byte	0x17d
 520 016f 20       		.byte	0x20
 521 0170 09       		.uleb128 0x9
 522 0171 6D616300 		.ascii	"mac\000"
 523 0175 01       		.byte	0x1
 524 0176 16       		.byte	0x16
 525 0177 7D010000 		.4byte	0x17d
 526 017b 34       		.byte	0x34
 527 017c 00       		.byte	0
 528 017d 0A       		.uleb128 0xa
 529 017e A7000000 		.4byte	0xa7
 530 0182 8D010000 		.4byte	0x18d
 531 0186 0B       		.uleb128 0xb
 532 0187 B5000000 		.4byte	0xb5
 533 018b 13       		.byte	0x13
 534 018c 00       		.byte	0
 535 018d 03       		.uleb128 0x3
 536 018e 51010000 		.4byte	.LASF23
 537 0192 01       		.byte	0x1
 538 0193 17       		.byte	0x17
 539 0194 38010000 		.4byte	0x138
 540 0198 0C       		.uleb128 0xc
 541 0199 D0010000 		.4byte	.LASF42
 542 019d 01       		.byte	0x1
 543 019e 19       		.byte	0x19
 544 019f 68000000 		.4byte	0x68
 545 01a3 00000000 		.4byte	.LFB64
 546 01a7 16000000 		.4byte	.LFE64-.LFB64
 547 01ab 01       		.uleb128 0x1
 548 01ac 9C       		.byte	0x9c
 549 01ad E2010000 		.4byte	0x1e2
 550 01b1 0D       		.uleb128 0xd
 551 01b2 73747200 		.ascii	"str\000"
 552 01b6 01       		.byte	0x1
 553 01b7 19       		.byte	0x19
 554 01b8 BC000000 		.4byte	0xbc
 555 01bc 00000000 		.4byte	.LLST0
 556 01c0 0E       		.uleb128 0xe
 557 01c1 BD010000 		.4byte	.LASF31
 558 01c5 01       		.byte	0x1
 559 01c6 1A       		.byte	0x1a
 560 01c7 68000000 		.4byte	0x68
ARM GAS  C:\Users\EA527~1.IVA\AppData\Local\Temp\cckHwGRi.s 			page 12


 561 01cb 1E000000 		.4byte	.LLST1
 562 01cf 0F       		.uleb128 0xf
 563 01d0 0A000000 		.4byte	.LVL2
 564 01d4 9E050000 		.4byte	0x59e
 565 01d8 0F       		.uleb128 0xf
 566 01d9 12000000 		.4byte	.LVL4
 567 01dd 9E050000 		.4byte	0x59e
 568 01e1 00       		.byte	0
 569 01e2 10       		.uleb128 0x10
 570 01e3 24020000 		.4byte	.LASF26
 571 01e7 01       		.byte	0x1
 572 01e8 21       		.byte	0x21
 573 01e9 00000000 		.4byte	.LFB65
 574 01ed 5A000000 		.4byte	.LFE65-.LFB65
 575 01f1 01       		.uleb128 0x1
 576 01f2 9C       		.byte	0x9c
 577 01f3 E4020000 		.4byte	0x2e4
 578 01f7 11       		.uleb128 0x11
 579 01f8 7F010000 		.4byte	.LASF24
 580 01fc 01       		.byte	0x1
 581 01fd 21       		.byte	0x21
 582 01fe BC000000 		.4byte	0xbc
 583 0202 4C000000 		.4byte	.LLST2
 584 0206 11       		.uleb128 0x11
 585 0207 93010000 		.4byte	.LASF25
 586 020b 01       		.byte	0x1
 587 020c 21       		.byte	0x21
 588 020d BC000000 		.4byte	0xbc
 589 0211 6A000000 		.4byte	.LLST3
 590 0215 12       		.uleb128 0x12
 591 0216 0C000000 		.4byte	.LVL9
 592 021a A9050000 		.4byte	0x5a9
 593 021e 30020000 		.4byte	0x230
 594 0222 13       		.uleb128 0x13
 595 0223 01       		.uleb128 0x1
 596 0224 50       		.byte	0x50
 597 0225 03       		.uleb128 0x3
 598 0226 F3       		.byte	0xf3
 599 0227 01       		.uleb128 0x1
 600 0228 51       		.byte	0x51
 601 0229 13       		.uleb128 0x13
 602 022a 01       		.uleb128 0x1
 603 022b 51       		.byte	0x51
 604 022c 02       		.uleb128 0x2
 605 022d 08       		.byte	0x8
 606 022e 3A       		.byte	0x3a
 607 022f 00       		.byte	0
 608 0230 0F       		.uleb128 0xf
 609 0231 10000000 		.4byte	.LVL10
 610 0235 98010000 		.4byte	0x198
 611 0239 12       		.uleb128 0x12
 612 023a 1A000000 		.4byte	.LVL11
 613 023e A9050000 		.4byte	0x5a9
 614 0242 52020000 		.4byte	0x252
 615 0246 13       		.uleb128 0x13
 616 0247 01       		.uleb128 0x1
 617 0248 50       		.byte	0x50
ARM GAS  C:\Users\EA527~1.IVA\AppData\Local\Temp\cckHwGRi.s 			page 13


 618 0249 01       		.uleb128 0x1
 619 024a 30       		.byte	0x30
 620 024b 13       		.uleb128 0x13
 621 024c 01       		.uleb128 0x1
 622 024d 51       		.byte	0x51
 623 024e 02       		.uleb128 0x2
 624 024f 08       		.byte	0x8
 625 0250 3A       		.byte	0x3a
 626 0251 00       		.byte	0
 627 0252 0F       		.uleb128 0xf
 628 0253 1E000000 		.4byte	.LVL12
 629 0257 98010000 		.4byte	0x198
 630 025b 12       		.uleb128 0x12
 631 025c 28000000 		.4byte	.LVL13
 632 0260 A9050000 		.4byte	0x5a9
 633 0264 74020000 		.4byte	0x274
 634 0268 13       		.uleb128 0x13
 635 0269 01       		.uleb128 0x1
 636 026a 50       		.byte	0x50
 637 026b 01       		.uleb128 0x1
 638 026c 30       		.byte	0x30
 639 026d 13       		.uleb128 0x13
 640 026e 01       		.uleb128 0x1
 641 026f 51       		.byte	0x51
 642 0270 02       		.uleb128 0x2
 643 0271 08       		.byte	0x8
 644 0272 3A       		.byte	0x3a
 645 0273 00       		.byte	0
 646 0274 0F       		.uleb128 0xf
 647 0275 2C000000 		.4byte	.LVL14
 648 0279 98010000 		.4byte	0x198
 649 027d 12       		.uleb128 0x12
 650 027e 36000000 		.4byte	.LVL15
 651 0282 A9050000 		.4byte	0x5a9
 652 0286 96020000 		.4byte	0x296
 653 028a 13       		.uleb128 0x13
 654 028b 01       		.uleb128 0x1
 655 028c 50       		.byte	0x50
 656 028d 01       		.uleb128 0x1
 657 028e 30       		.byte	0x30
 658 028f 13       		.uleb128 0x13
 659 0290 01       		.uleb128 0x1
 660 0291 51       		.byte	0x51
 661 0292 02       		.uleb128 0x2
 662 0293 08       		.byte	0x8
 663 0294 3A       		.byte	0x3a
 664 0295 00       		.byte	0
 665 0296 0F       		.uleb128 0xf
 666 0297 3A000000 		.4byte	.LVL16
 667 029b 98010000 		.4byte	0x198
 668 029f 12       		.uleb128 0x12
 669 02a0 44000000 		.4byte	.LVL17
 670 02a4 A9050000 		.4byte	0x5a9
 671 02a8 B8020000 		.4byte	0x2b8
 672 02ac 13       		.uleb128 0x13
 673 02ad 01       		.uleb128 0x1
 674 02ae 50       		.byte	0x50
ARM GAS  C:\Users\EA527~1.IVA\AppData\Local\Temp\cckHwGRi.s 			page 14


 675 02af 01       		.uleb128 0x1
 676 02b0 30       		.byte	0x30
 677 02b1 13       		.uleb128 0x13
 678 02b2 01       		.uleb128 0x1
 679 02b3 51       		.byte	0x51
 680 02b4 02       		.uleb128 0x2
 681 02b5 08       		.byte	0x8
 682 02b6 3A       		.byte	0x3a
 683 02b7 00       		.byte	0
 684 02b8 0F       		.uleb128 0xf
 685 02b9 48000000 		.4byte	.LVL18
 686 02bd 98010000 		.4byte	0x198
 687 02c1 12       		.uleb128 0x12
 688 02c2 52000000 		.4byte	.LVL19
 689 02c6 A9050000 		.4byte	0x5a9
 690 02ca DA020000 		.4byte	0x2da
 691 02ce 13       		.uleb128 0x13
 692 02cf 01       		.uleb128 0x1
 693 02d0 50       		.byte	0x50
 694 02d1 01       		.uleb128 0x1
 695 02d2 30       		.byte	0x30
 696 02d3 13       		.uleb128 0x13
 697 02d4 01       		.uleb128 0x1
 698 02d5 51       		.byte	0x51
 699 02d6 02       		.uleb128 0x2
 700 02d7 08       		.byte	0x8
 701 02d8 3A       		.byte	0x3a
 702 02d9 00       		.byte	0
 703 02da 0F       		.uleb128 0xf
 704 02db 56000000 		.4byte	.LVL20
 705 02df 98010000 		.4byte	0x198
 706 02e3 00       		.byte	0
 707 02e4 10       		.uleb128 0x10
 708 02e5 71000000 		.4byte	.LASF27
 709 02e9 01       		.byte	0x1
 710 02ea 2A       		.byte	0x2a
 711 02eb 00000000 		.4byte	.LFB66
 712 02ef 3E000000 		.4byte	.LFE66-.LFB66
 713 02f3 01       		.uleb128 0x1
 714 02f4 9C       		.byte	0x9c
 715 02f5 A2030000 		.4byte	0x3a2
 716 02f9 11       		.uleb128 0x11
 717 02fa 7F010000 		.4byte	.LASF24
 718 02fe 01       		.byte	0x1
 719 02ff 2A       		.byte	0x2a
 720 0300 BC000000 		.4byte	0xbc
 721 0304 96000000 		.4byte	.LLST4
 722 0308 11       		.uleb128 0x11
 723 0309 93010000 		.4byte	.LASF25
 724 030d 01       		.byte	0x1
 725 030e 2A       		.byte	0x2a
 726 030f BC000000 		.4byte	0xbc
 727 0313 B4000000 		.4byte	.LLST5
 728 0317 12       		.uleb128 0x12
 729 0318 0C000000 		.4byte	.LVL24
 730 031c A9050000 		.4byte	0x5a9
 731 0320 32030000 		.4byte	0x332
ARM GAS  C:\Users\EA527~1.IVA\AppData\Local\Temp\cckHwGRi.s 			page 15


 732 0324 13       		.uleb128 0x13
 733 0325 01       		.uleb128 0x1
 734 0326 50       		.byte	0x50
 735 0327 03       		.uleb128 0x3
 736 0328 F3       		.byte	0xf3
 737 0329 01       		.uleb128 0x1
 738 032a 51       		.byte	0x51
 739 032b 13       		.uleb128 0x13
 740 032c 01       		.uleb128 0x1
 741 032d 51       		.byte	0x51
 742 032e 02       		.uleb128 0x2
 743 032f 08       		.byte	0x8
 744 0330 2E       		.byte	0x2e
 745 0331 00       		.byte	0
 746 0332 0F       		.uleb128 0xf
 747 0333 10000000 		.4byte	.LVL25
 748 0337 B4050000 		.4byte	0x5b4
 749 033b 12       		.uleb128 0x12
 750 033c 1A000000 		.4byte	.LVL26
 751 0340 A9050000 		.4byte	0x5a9
 752 0344 54030000 		.4byte	0x354
 753 0348 13       		.uleb128 0x13
 754 0349 01       		.uleb128 0x1
 755 034a 50       		.byte	0x50
 756 034b 01       		.uleb128 0x1
 757 034c 30       		.byte	0x30
 758 034d 13       		.uleb128 0x13
 759 034e 01       		.uleb128 0x1
 760 034f 51       		.byte	0x51
 761 0350 02       		.uleb128 0x2
 762 0351 08       		.byte	0x8
 763 0352 2E       		.byte	0x2e
 764 0353 00       		.byte	0
 765 0354 0F       		.uleb128 0xf
 766 0355 1E000000 		.4byte	.LVL27
 767 0359 B4050000 		.4byte	0x5b4
 768 035d 12       		.uleb128 0x12
 769 035e 28000000 		.4byte	.LVL28
 770 0362 A9050000 		.4byte	0x5a9
 771 0366 76030000 		.4byte	0x376
 772 036a 13       		.uleb128 0x13
 773 036b 01       		.uleb128 0x1
 774 036c 50       		.byte	0x50
 775 036d 01       		.uleb128 0x1
 776 036e 30       		.byte	0x30
 777 036f 13       		.uleb128 0x13
 778 0370 01       		.uleb128 0x1
 779 0371 51       		.byte	0x51
 780 0372 02       		.uleb128 0x2
 781 0373 08       		.byte	0x8
 782 0374 2E       		.byte	0x2e
 783 0375 00       		.byte	0
 784 0376 0F       		.uleb128 0xf
 785 0377 2C000000 		.4byte	.LVL29
 786 037b B4050000 		.4byte	0x5b4
 787 037f 12       		.uleb128 0x12
 788 0380 36000000 		.4byte	.LVL30
ARM GAS  C:\Users\EA527~1.IVA\AppData\Local\Temp\cckHwGRi.s 			page 16


 789 0384 A9050000 		.4byte	0x5a9
 790 0388 98030000 		.4byte	0x398
 791 038c 13       		.uleb128 0x13
 792 038d 01       		.uleb128 0x1
 793 038e 50       		.byte	0x50
 794 038f 01       		.uleb128 0x1
 795 0390 30       		.byte	0x30
 796 0391 13       		.uleb128 0x13
 797 0392 01       		.uleb128 0x1
 798 0393 51       		.byte	0x51
 799 0394 02       		.uleb128 0x2
 800 0395 08       		.byte	0x8
 801 0396 2E       		.byte	0x2e
 802 0397 00       		.byte	0
 803 0398 0F       		.uleb128 0xf
 804 0399 3A000000 		.4byte	.LVL31
 805 039d B4050000 		.4byte	0x5b4
 806 03a1 00       		.byte	0
 807 03a2 10       		.uleb128 0x10
 808 03a3 84010000 		.4byte	.LASF28
 809 03a7 01       		.byte	0x1
 810 03a8 31       		.byte	0x31
 811 03a9 00000000 		.4byte	.LFB67
 812 03ad 68000000 		.4byte	.LFE67-.LFB67
 813 03b1 01       		.uleb128 0x1
 814 03b2 9C       		.byte	0x9c
 815 03b3 BF040000 		.4byte	0x4bf
 816 03b7 11       		.uleb128 0x11
 817 03b8 5B010000 		.4byte	.LASF29
 818 03bc 01       		.byte	0x1
 819 03bd 31       		.byte	0x31
 820 03be C2000000 		.4byte	0xc2
 821 03c2 E0000000 		.4byte	.LLST6
 822 03c6 12       		.uleb128 0x12
 823 03c7 08000000 		.4byte	.LVL33
 824 03cb A9050000 		.4byte	0x5a9
 825 03cf E1030000 		.4byte	0x3e1
 826 03d3 13       		.uleb128 0x13
 827 03d4 01       		.uleb128 0x1
 828 03d5 50       		.byte	0x50
 829 03d6 03       		.uleb128 0x3
 830 03d7 F3       		.byte	0xf3
 831 03d8 01       		.uleb128 0x1
 832 03d9 50       		.byte	0x50
 833 03da 13       		.uleb128 0x13
 834 03db 01       		.uleb128 0x1
 835 03dc 51       		.byte	0x51
 836 03dd 02       		.uleb128 0x2
 837 03de 08       		.byte	0x8
 838 03df 2C       		.byte	0x2c
 839 03e0 00       		.byte	0
 840 03e1 12       		.uleb128 0x12
 841 03e2 10000000 		.4byte	.LVL34
 842 03e6 A9050000 		.4byte	0x5a9
 843 03ea FA030000 		.4byte	0x3fa
 844 03ee 13       		.uleb128 0x13
 845 03ef 01       		.uleb128 0x1
ARM GAS  C:\Users\EA527~1.IVA\AppData\Local\Temp\cckHwGRi.s 			page 17


 846 03f0 50       		.byte	0x50
 847 03f1 01       		.uleb128 0x1
 848 03f2 30       		.byte	0x30
 849 03f3 13       		.uleb128 0x13
 850 03f4 01       		.uleb128 0x1
 851 03f5 51       		.byte	0x51
 852 03f6 02       		.uleb128 0x2
 853 03f7 08       		.byte	0x8
 854 03f8 2C       		.byte	0x2c
 855 03f9 00       		.byte	0
 856 03fa 12       		.uleb128 0x12
 857 03fb 1A000000 		.4byte	.LVL35
 858 03ff BF050000 		.4byte	0x5bf
 859 0403 0E040000 		.4byte	0x40e
 860 0407 13       		.uleb128 0x13
 861 0408 01       		.uleb128 0x1
 862 0409 50       		.byte	0x50
 863 040a 02       		.uleb128 0x2
 864 040b 74       		.byte	0x74
 865 040c 00       		.sleb128 0
 866 040d 00       		.byte	0
 867 040e 12       		.uleb128 0x12
 868 040f 22000000 		.4byte	.LVL36
 869 0413 A9050000 		.4byte	0x5a9
 870 0417 27040000 		.4byte	0x427
 871 041b 13       		.uleb128 0x13
 872 041c 01       		.uleb128 0x1
 873 041d 50       		.byte	0x50
 874 041e 01       		.uleb128 0x1
 875 041f 30       		.byte	0x30
 876 0420 13       		.uleb128 0x13
 877 0421 01       		.uleb128 0x1
 878 0422 51       		.byte	0x51
 879 0423 02       		.uleb128 0x2
 880 0424 08       		.byte	0x8
 881 0425 2C       		.byte	0x2c
 882 0426 00       		.byte	0
 883 0427 12       		.uleb128 0x12
 884 0428 2C000000 		.4byte	.LVL37
 885 042c BF050000 		.4byte	0x5bf
 886 0430 3B040000 		.4byte	0x43b
 887 0434 13       		.uleb128 0x13
 888 0435 01       		.uleb128 0x1
 889 0436 50       		.byte	0x50
 890 0437 02       		.uleb128 0x2
 891 0438 74       		.byte	0x74
 892 0439 34       		.sleb128 52
 893 043a 00       		.byte	0
 894 043b 12       		.uleb128 0x12
 895 043c 34000000 		.4byte	.LVL38
 896 0440 A9050000 		.4byte	0x5a9
 897 0444 54040000 		.4byte	0x454
 898 0448 13       		.uleb128 0x13
 899 0449 01       		.uleb128 0x1
 900 044a 50       		.byte	0x50
 901 044b 01       		.uleb128 0x1
 902 044c 30       		.byte	0x30
ARM GAS  C:\Users\EA527~1.IVA\AppData\Local\Temp\cckHwGRi.s 			page 18


 903 044d 13       		.uleb128 0x13
 904 044e 01       		.uleb128 0x1
 905 044f 51       		.byte	0x51
 906 0450 02       		.uleb128 0x2
 907 0451 08       		.byte	0x8
 908 0452 2C       		.byte	0x2c
 909 0453 00       		.byte	0
 910 0454 12       		.uleb128 0x12
 911 0455 3E000000 		.4byte	.LVL39
 912 0459 BF050000 		.4byte	0x5bf
 913 045d 68040000 		.4byte	0x468
 914 0461 13       		.uleb128 0x13
 915 0462 01       		.uleb128 0x1
 916 0463 50       		.byte	0x50
 917 0464 02       		.uleb128 0x2
 918 0465 74       		.byte	0x74
 919 0466 20       		.sleb128 32
 920 0467 00       		.byte	0
 921 0468 12       		.uleb128 0x12
 922 0469 46000000 		.4byte	.LVL40
 923 046d A9050000 		.4byte	0x5a9
 924 0471 81040000 		.4byte	0x481
 925 0475 13       		.uleb128 0x13
 926 0476 01       		.uleb128 0x1
 927 0477 50       		.byte	0x50
 928 0478 01       		.uleb128 0x1
 929 0479 30       		.byte	0x30
 930 047a 13       		.uleb128 0x13
 931 047b 01       		.uleb128 0x1
 932 047c 51       		.byte	0x51
 933 047d 02       		.uleb128 0x2
 934 047e 08       		.byte	0x8
 935 047f 2C       		.byte	0x2c
 936 0480 00       		.byte	0
 937 0481 12       		.uleb128 0x12
 938 0482 50000000 		.4byte	.LVL41
 939 0486 BF050000 		.4byte	0x5bf
 940 048a 95040000 		.4byte	0x495
 941 048e 13       		.uleb128 0x13
 942 048f 01       		.uleb128 0x1
 943 0490 50       		.byte	0x50
 944 0491 02       		.uleb128 0x2
 945 0492 74       		.byte	0x74
 946 0493 0C       		.sleb128 12
 947 0494 00       		.byte	0
 948 0495 12       		.uleb128 0x12
 949 0496 58000000 		.4byte	.LVL42
 950 049a A9050000 		.4byte	0x5a9
 951 049e AE040000 		.4byte	0x4ae
 952 04a2 13       		.uleb128 0x13
 953 04a3 01       		.uleb128 0x1
 954 04a4 50       		.byte	0x50
 955 04a5 01       		.uleb128 0x1
 956 04a6 30       		.byte	0x30
 957 04a7 13       		.uleb128 0x13
 958 04a8 01       		.uleb128 0x1
 959 04a9 51       		.byte	0x51
ARM GAS  C:\Users\EA527~1.IVA\AppData\Local\Temp\cckHwGRi.s 			page 19


 960 04aa 02       		.uleb128 0x2
 961 04ab 08       		.byte	0x8
 962 04ac 2C       		.byte	0x2c
 963 04ad 00       		.byte	0
 964 04ae 14       		.uleb128 0x14
 965 04af 60000000 		.4byte	.LVL43
 966 04b3 BF050000 		.4byte	0x5bf
 967 04b7 13       		.uleb128 0x13
 968 04b8 01       		.uleb128 0x1
 969 04b9 50       		.byte	0x50
 970 04ba 02       		.uleb128 0x2
 971 04bb 74       		.byte	0x74
 972 04bc 06       		.sleb128 6
 973 04bd 00       		.byte	0
 974 04be 00       		.byte	0
 975 04bf 10       		.uleb128 0x10
 976 04c0 83000000 		.4byte	.LASF30
 977 04c4 01       		.byte	0x1
 978 04c5 39       		.byte	0x39
 979 04c6 00000000 		.4byte	.LFB68
 980 04ca 48000000 		.4byte	.LFE68-.LFB68
 981 04ce 01       		.uleb128 0x1
 982 04cf 9C       		.byte	0x9c
 983 04d0 6B050000 		.4byte	0x56b
 984 04d4 11       		.uleb128 0x11
 985 04d5 5B010000 		.4byte	.LASF29
 986 04d9 01       		.byte	0x1
 987 04da 39       		.byte	0x39
 988 04db C2000000 		.4byte	0xc2
 989 04df 01010000 		.4byte	.LLST7
 990 04e3 12       		.uleb128 0x12
 991 04e4 06000000 		.4byte	.LVL45
 992 04e8 A2030000 		.4byte	0x3a2
 993 04ec F8040000 		.4byte	0x4f8
 994 04f0 13       		.uleb128 0x13
 995 04f1 01       		.uleb128 0x1
 996 04f2 50       		.byte	0x50
 997 04f3 03       		.uleb128 0x3
 998 04f4 F3       		.byte	0xf3
 999 04f5 01       		.uleb128 0x1
 1000 04f6 50       		.byte	0x50
 1001 04f7 00       		.byte	0
 1002 04f8 12       		.uleb128 0x12
 1003 04f9 14000000 		.4byte	.LVL46
 1004 04fd E4020000 		.4byte	0x2e4
 1005 0501 12050000 		.4byte	0x512
 1006 0505 13       		.uleb128 0x13
 1007 0506 01       		.uleb128 0x1
 1008 0507 50       		.byte	0x50
 1009 0508 02       		.uleb128 0x2
 1010 0509 74       		.byte	0x74
 1011 050a 00       		.sleb128 0
 1012 050b 13       		.uleb128 0x13
 1013 050c 01       		.uleb128 0x1
 1014 050d 51       		.byte	0x51
 1015 050e 02       		.uleb128 0x2
 1016 050f 75       		.byte	0x75
ARM GAS  C:\Users\EA527~1.IVA\AppData\Local\Temp\cckHwGRi.s 			page 20


 1017 0510 0C       		.sleb128 12
 1018 0511 00       		.byte	0
 1019 0512 12       		.uleb128 0x12
 1020 0513 1E000000 		.4byte	.LVL47
 1021 0517 E4020000 		.4byte	0x2e4
 1022 051b 2C050000 		.4byte	0x52c
 1023 051f 13       		.uleb128 0x13
 1024 0520 01       		.uleb128 0x1
 1025 0521 50       		.byte	0x50
 1026 0522 02       		.uleb128 0x2
 1027 0523 74       		.byte	0x74
 1028 0524 04       		.sleb128 4
 1029 0525 13       		.uleb128 0x13
 1030 0526 01       		.uleb128 0x1
 1031 0527 51       		.byte	0x51
 1032 0528 02       		.uleb128 0x2
 1033 0529 75       		.byte	0x75
 1034 052a 20       		.sleb128 32
 1035 052b 00       		.byte	0
 1036 052c 12       		.uleb128 0x12
 1037 052d 2A000000 		.4byte	.LVL48
 1038 0531 E2010000 		.4byte	0x1e2
 1039 0535 46050000 		.4byte	0x546
 1040 0539 13       		.uleb128 0x13
 1041 053a 01       		.uleb128 0x1
 1042 053b 50       		.byte	0x50
 1043 053c 02       		.uleb128 0x2
 1044 053d 74       		.byte	0x74
 1045 053e 08       		.sleb128 8
 1046 053f 13       		.uleb128 0x13
 1047 0540 01       		.uleb128 0x1
 1048 0541 51       		.byte	0x51
 1049 0542 02       		.uleb128 0x2
 1050 0543 75       		.byte	0x75
 1051 0544 34       		.sleb128 52
 1052 0545 00       		.byte	0
 1053 0546 12       		.uleb128 0x12
 1054 0547 30000000 		.4byte	.LVL49
 1055 054b B4050000 		.4byte	0x5b4
 1056 054f 5A050000 		.4byte	0x55a
 1057 0553 13       		.uleb128 0x13
 1058 0554 01       		.uleb128 0x1
 1059 0555 50       		.byte	0x50
 1060 0556 02       		.uleb128 0x2
 1061 0557 75       		.byte	0x75
 1062 0558 06       		.sleb128 6
 1063 0559 00       		.byte	0
 1064 055a 14       		.uleb128 0x14
 1065 055b 3A000000 		.4byte	.LVL50
 1066 055f B4050000 		.4byte	0x5b4
 1067 0563 13       		.uleb128 0x13
 1068 0564 01       		.uleb128 0x1
 1069 0565 50       		.byte	0x50
 1070 0566 02       		.uleb128 0x2
 1071 0567 75       		.byte	0x75
 1072 0568 00       		.sleb128 0
 1073 0569 00       		.byte	0
ARM GAS  C:\Users\EA527~1.IVA\AppData\Local\Temp\cckHwGRi.s 			page 21


 1074 056a 00       		.byte	0
 1075 056b 15       		.uleb128 0x15
 1076 056c C4010000 		.4byte	.LASF32
 1077 0570 01       		.byte	0x1
 1078 0571 1E       		.byte	0x1e
 1079 0572 8D010000 		.4byte	0x18d
 1080 0576 05       		.uleb128 0x5
 1081 0577 03       		.byte	0x3
 1082 0578 00000000 		.4byte	IP_Instance
 1083 057c 16       		.uleb128 0x16
 1084 057d 64010000 		.4byte	.LASF33
 1085 0581 06       		.byte	0x6
 1086 0582 1207     		.2byte	0x712
 1087 0584 88050000 		.4byte	0x588
 1088 0588 17       		.uleb128 0x17
 1089 0589 76000000 		.4byte	0x76
 1090 058d 18       		.uleb128 0x18
 1091 058e 8A000000 		.4byte	.LASF34
 1092 0592 01       		.byte	0x1
 1093 0593 1F       		.byte	0x1f
 1094 0594 2D010000 		.4byte	0x12d
 1095 0598 05       		.uleb128 0x5
 1096 0599 03       		.byte	0x3
 1097 059a 00000000 		.4byte	IP_Complete
 1098 059e 19       		.uleb128 0x19
 1099 059f 66020000 		.4byte	.LASF35
 1100 05a3 66020000 		.4byte	.LASF35
 1101 05a7 05       		.byte	0x5
 1102 05a8 80       		.byte	0x80
 1103 05a9 19       		.uleb128 0x19
 1104 05aa 5D020000 		.4byte	.LASF36
 1105 05ae 5D020000 		.4byte	.LASF36
 1106 05b2 07       		.byte	0x7
 1107 05b3 0D       		.byte	0xd
 1108 05b4 19       		.uleb128 0x19
 1109 05b5 D5010000 		.4byte	.LASF37
 1110 05b9 D5010000 		.4byte	.LASF37
 1111 05bd 08       		.byte	0x8
 1112 05be 4D       		.byte	0x4d
 1113 05bf 19       		.uleb128 0x19
 1114 05c0 38010000 		.4byte	.LASF38
 1115 05c4 38010000 		.4byte	.LASF38
 1116 05c8 09       		.byte	0x9
 1117 05c9 1E       		.byte	0x1e
 1118 05ca 00       		.byte	0
 1119              		.section	.debug_abbrev,"",%progbits
 1120              	.Ldebug_abbrev0:
 1121 0000 01       		.uleb128 0x1
 1122 0001 11       		.uleb128 0x11
 1123 0002 01       		.byte	0x1
 1124 0003 25       		.uleb128 0x25
 1125 0004 0E       		.uleb128 0xe
 1126 0005 13       		.uleb128 0x13
 1127 0006 0B       		.uleb128 0xb
 1128 0007 03       		.uleb128 0x3
 1129 0008 0E       		.uleb128 0xe
 1130 0009 1B       		.uleb128 0x1b
ARM GAS  C:\Users\EA527~1.IVA\AppData\Local\Temp\cckHwGRi.s 			page 22


 1131 000a 0E       		.uleb128 0xe
 1132 000b 55       		.uleb128 0x55
 1133 000c 17       		.uleb128 0x17
 1134 000d 11       		.uleb128 0x11
 1135 000e 01       		.uleb128 0x1
 1136 000f 10       		.uleb128 0x10
 1137 0010 17       		.uleb128 0x17
 1138 0011 00       		.byte	0
 1139 0012 00       		.byte	0
 1140 0013 02       		.uleb128 0x2
 1141 0014 24       		.uleb128 0x24
 1142 0015 00       		.byte	0
 1143 0016 0B       		.uleb128 0xb
 1144 0017 0B       		.uleb128 0xb
 1145 0018 3E       		.uleb128 0x3e
 1146 0019 0B       		.uleb128 0xb
 1147 001a 03       		.uleb128 0x3
 1148 001b 0E       		.uleb128 0xe
 1149 001c 00       		.byte	0
 1150 001d 00       		.byte	0
 1151 001e 03       		.uleb128 0x3
 1152 001f 16       		.uleb128 0x16
 1153 0020 00       		.byte	0
 1154 0021 03       		.uleb128 0x3
 1155 0022 0E       		.uleb128 0xe
 1156 0023 3A       		.uleb128 0x3a
 1157 0024 0B       		.uleb128 0xb
 1158 0025 3B       		.uleb128 0x3b
 1159 0026 0B       		.uleb128 0xb
 1160 0027 49       		.uleb128 0x49
 1161 0028 13       		.uleb128 0x13
 1162 0029 00       		.byte	0
 1163 002a 00       		.byte	0
 1164 002b 04       		.uleb128 0x4
 1165 002c 24       		.uleb128 0x24
 1166 002d 00       		.byte	0
 1167 002e 0B       		.uleb128 0xb
 1168 002f 0B       		.uleb128 0xb
 1169 0030 3E       		.uleb128 0x3e
 1170 0031 0B       		.uleb128 0xb
 1171 0032 03       		.uleb128 0x3
 1172 0033 08       		.uleb128 0x8
 1173 0034 00       		.byte	0
 1174 0035 00       		.byte	0
 1175 0036 05       		.uleb128 0x5
 1176 0037 16       		.uleb128 0x16
 1177 0038 00       		.byte	0
 1178 0039 03       		.uleb128 0x3
 1179 003a 0E       		.uleb128 0xe
 1180 003b 3A       		.uleb128 0x3a
 1181 003c 0B       		.uleb128 0xb
 1182 003d 3B       		.uleb128 0x3b
 1183 003e 05       		.uleb128 0x5
 1184 003f 49       		.uleb128 0x49
 1185 0040 13       		.uleb128 0x13
 1186 0041 00       		.byte	0
 1187 0042 00       		.byte	0
ARM GAS  C:\Users\EA527~1.IVA\AppData\Local\Temp\cckHwGRi.s 			page 23


 1188 0043 06       		.uleb128 0x6
 1189 0044 0F       		.uleb128 0xf
 1190 0045 00       		.byte	0
 1191 0046 0B       		.uleb128 0xb
 1192 0047 0B       		.uleb128 0xb
 1193 0048 49       		.uleb128 0x49
 1194 0049 13       		.uleb128 0x13
 1195 004a 00       		.byte	0
 1196 004b 00       		.byte	0
 1197 004c 07       		.uleb128 0x7
 1198 004d 13       		.uleb128 0x13
 1199 004e 01       		.byte	0x1
 1200 004f 0B       		.uleb128 0xb
 1201 0050 0B       		.uleb128 0xb
 1202 0051 3A       		.uleb128 0x3a
 1203 0052 0B       		.uleb128 0xb
 1204 0053 3B       		.uleb128 0x3b
 1205 0054 0B       		.uleb128 0xb
 1206 0055 01       		.uleb128 0x1
 1207 0056 13       		.uleb128 0x13
 1208 0057 00       		.byte	0
 1209 0058 00       		.byte	0
 1210 0059 08       		.uleb128 0x8
 1211 005a 0D       		.uleb128 0xd
 1212 005b 00       		.byte	0
 1213 005c 03       		.uleb128 0x3
 1214 005d 0E       		.uleb128 0xe
 1215 005e 3A       		.uleb128 0x3a
 1216 005f 0B       		.uleb128 0xb
 1217 0060 3B       		.uleb128 0x3b
 1218 0061 0B       		.uleb128 0xb
 1219 0062 49       		.uleb128 0x49
 1220 0063 13       		.uleb128 0x13
 1221 0064 38       		.uleb128 0x38
 1222 0065 0B       		.uleb128 0xb
 1223 0066 00       		.byte	0
 1224 0067 00       		.byte	0
 1225 0068 09       		.uleb128 0x9
 1226 0069 0D       		.uleb128 0xd
 1227 006a 00       		.byte	0
 1228 006b 03       		.uleb128 0x3
 1229 006c 08       		.uleb128 0x8
 1230 006d 3A       		.uleb128 0x3a
 1231 006e 0B       		.uleb128 0xb
 1232 006f 3B       		.uleb128 0x3b
 1233 0070 0B       		.uleb128 0xb
 1234 0071 49       		.uleb128 0x49
 1235 0072 13       		.uleb128 0x13
 1236 0073 38       		.uleb128 0x38
 1237 0074 0B       		.uleb128 0xb
 1238 0075 00       		.byte	0
 1239 0076 00       		.byte	0
 1240 0077 0A       		.uleb128 0xa
 1241 0078 01       		.uleb128 0x1
 1242 0079 01       		.byte	0x1
 1243 007a 49       		.uleb128 0x49
 1244 007b 13       		.uleb128 0x13
ARM GAS  C:\Users\EA527~1.IVA\AppData\Local\Temp\cckHwGRi.s 			page 24


 1245 007c 01       		.uleb128 0x1
 1246 007d 13       		.uleb128 0x13
 1247 007e 00       		.byte	0
 1248 007f 00       		.byte	0
 1249 0080 0B       		.uleb128 0xb
 1250 0081 21       		.uleb128 0x21
 1251 0082 00       		.byte	0
 1252 0083 49       		.uleb128 0x49
 1253 0084 13       		.uleb128 0x13
 1254 0085 2F       		.uleb128 0x2f
 1255 0086 0B       		.uleb128 0xb
 1256 0087 00       		.byte	0
 1257 0088 00       		.byte	0
 1258 0089 0C       		.uleb128 0xc
 1259 008a 2E       		.uleb128 0x2e
 1260 008b 01       		.byte	0x1
 1261 008c 3F       		.uleb128 0x3f
 1262 008d 19       		.uleb128 0x19
 1263 008e 03       		.uleb128 0x3
 1264 008f 0E       		.uleb128 0xe
 1265 0090 3A       		.uleb128 0x3a
 1266 0091 0B       		.uleb128 0xb
 1267 0092 3B       		.uleb128 0x3b
 1268 0093 0B       		.uleb128 0xb
 1269 0094 27       		.uleb128 0x27
 1270 0095 19       		.uleb128 0x19
 1271 0096 49       		.uleb128 0x49
 1272 0097 13       		.uleb128 0x13
 1273 0098 11       		.uleb128 0x11
 1274 0099 01       		.uleb128 0x1
 1275 009a 12       		.uleb128 0x12
 1276 009b 06       		.uleb128 0x6
 1277 009c 40       		.uleb128 0x40
 1278 009d 18       		.uleb128 0x18
 1279 009e 9742     		.uleb128 0x2117
 1280 00a0 19       		.uleb128 0x19
 1281 00a1 01       		.uleb128 0x1
 1282 00a2 13       		.uleb128 0x13
 1283 00a3 00       		.byte	0
 1284 00a4 00       		.byte	0
 1285 00a5 0D       		.uleb128 0xd
 1286 00a6 05       		.uleb128 0x5
 1287 00a7 00       		.byte	0
 1288 00a8 03       		.uleb128 0x3
 1289 00a9 08       		.uleb128 0x8
 1290 00aa 3A       		.uleb128 0x3a
 1291 00ab 0B       		.uleb128 0xb
 1292 00ac 3B       		.uleb128 0x3b
 1293 00ad 0B       		.uleb128 0xb
 1294 00ae 49       		.uleb128 0x49
 1295 00af 13       		.uleb128 0x13
 1296 00b0 02       		.uleb128 0x2
 1297 00b1 17       		.uleb128 0x17
 1298 00b2 00       		.byte	0
 1299 00b3 00       		.byte	0
 1300 00b4 0E       		.uleb128 0xe
 1301 00b5 34       		.uleb128 0x34
ARM GAS  C:\Users\EA527~1.IVA\AppData\Local\Temp\cckHwGRi.s 			page 25


 1302 00b6 00       		.byte	0
 1303 00b7 03       		.uleb128 0x3
 1304 00b8 0E       		.uleb128 0xe
 1305 00b9 3A       		.uleb128 0x3a
 1306 00ba 0B       		.uleb128 0xb
 1307 00bb 3B       		.uleb128 0x3b
 1308 00bc 0B       		.uleb128 0xb
 1309 00bd 49       		.uleb128 0x49
 1310 00be 13       		.uleb128 0x13
 1311 00bf 02       		.uleb128 0x2
 1312 00c0 17       		.uleb128 0x17
 1313 00c1 00       		.byte	0
 1314 00c2 00       		.byte	0
 1315 00c3 0F       		.uleb128 0xf
 1316 00c4 898201   		.uleb128 0x4109
 1317 00c7 00       		.byte	0
 1318 00c8 11       		.uleb128 0x11
 1319 00c9 01       		.uleb128 0x1
 1320 00ca 31       		.uleb128 0x31
 1321 00cb 13       		.uleb128 0x13
 1322 00cc 00       		.byte	0
 1323 00cd 00       		.byte	0
 1324 00ce 10       		.uleb128 0x10
 1325 00cf 2E       		.uleb128 0x2e
 1326 00d0 01       		.byte	0x1
 1327 00d1 3F       		.uleb128 0x3f
 1328 00d2 19       		.uleb128 0x19
 1329 00d3 03       		.uleb128 0x3
 1330 00d4 0E       		.uleb128 0xe
 1331 00d5 3A       		.uleb128 0x3a
 1332 00d6 0B       		.uleb128 0xb
 1333 00d7 3B       		.uleb128 0x3b
 1334 00d8 0B       		.uleb128 0xb
 1335 00d9 27       		.uleb128 0x27
 1336 00da 19       		.uleb128 0x19
 1337 00db 11       		.uleb128 0x11
 1338 00dc 01       		.uleb128 0x1
 1339 00dd 12       		.uleb128 0x12
 1340 00de 06       		.uleb128 0x6
 1341 00df 40       		.uleb128 0x40
 1342 00e0 18       		.uleb128 0x18
 1343 00e1 9742     		.uleb128 0x2117
 1344 00e3 19       		.uleb128 0x19
 1345 00e4 01       		.uleb128 0x1
 1346 00e5 13       		.uleb128 0x13
 1347 00e6 00       		.byte	0
 1348 00e7 00       		.byte	0
 1349 00e8 11       		.uleb128 0x11
 1350 00e9 05       		.uleb128 0x5
 1351 00ea 00       		.byte	0
 1352 00eb 03       		.uleb128 0x3
 1353 00ec 0E       		.uleb128 0xe
 1354 00ed 3A       		.uleb128 0x3a
 1355 00ee 0B       		.uleb128 0xb
 1356 00ef 3B       		.uleb128 0x3b
 1357 00f0 0B       		.uleb128 0xb
 1358 00f1 49       		.uleb128 0x49
ARM GAS  C:\Users\EA527~1.IVA\AppData\Local\Temp\cckHwGRi.s 			page 26


 1359 00f2 13       		.uleb128 0x13
 1360 00f3 02       		.uleb128 0x2
 1361 00f4 17       		.uleb128 0x17
 1362 00f5 00       		.byte	0
 1363 00f6 00       		.byte	0
 1364 00f7 12       		.uleb128 0x12
 1365 00f8 898201   		.uleb128 0x4109
 1366 00fb 01       		.byte	0x1
 1367 00fc 11       		.uleb128 0x11
 1368 00fd 01       		.uleb128 0x1
 1369 00fe 31       		.uleb128 0x31
 1370 00ff 13       		.uleb128 0x13
 1371 0100 01       		.uleb128 0x1
 1372 0101 13       		.uleb128 0x13
 1373 0102 00       		.byte	0
 1374 0103 00       		.byte	0
 1375 0104 13       		.uleb128 0x13
 1376 0105 8A8201   		.uleb128 0x410a
 1377 0108 00       		.byte	0
 1378 0109 02       		.uleb128 0x2
 1379 010a 18       		.uleb128 0x18
 1380 010b 9142     		.uleb128 0x2111
 1381 010d 18       		.uleb128 0x18
 1382 010e 00       		.byte	0
 1383 010f 00       		.byte	0
 1384 0110 14       		.uleb128 0x14
 1385 0111 898201   		.uleb128 0x4109
 1386 0114 01       		.byte	0x1
 1387 0115 11       		.uleb128 0x11
 1388 0116 01       		.uleb128 0x1
 1389 0117 31       		.uleb128 0x31
 1390 0118 13       		.uleb128 0x13
 1391 0119 00       		.byte	0
 1392 011a 00       		.byte	0
 1393 011b 15       		.uleb128 0x15
 1394 011c 34       		.uleb128 0x34
 1395 011d 00       		.byte	0
 1396 011e 03       		.uleb128 0x3
 1397 011f 0E       		.uleb128 0xe
 1398 0120 3A       		.uleb128 0x3a
 1399 0121 0B       		.uleb128 0xb
 1400 0122 3B       		.uleb128 0x3b
 1401 0123 0B       		.uleb128 0xb
 1402 0124 49       		.uleb128 0x49
 1403 0125 13       		.uleb128 0x13
 1404 0126 02       		.uleb128 0x2
 1405 0127 18       		.uleb128 0x18
 1406 0128 00       		.byte	0
 1407 0129 00       		.byte	0
 1408 012a 16       		.uleb128 0x16
 1409 012b 34       		.uleb128 0x34
 1410 012c 00       		.byte	0
 1411 012d 03       		.uleb128 0x3
 1412 012e 0E       		.uleb128 0xe
 1413 012f 3A       		.uleb128 0x3a
 1414 0130 0B       		.uleb128 0xb
 1415 0131 3B       		.uleb128 0x3b
ARM GAS  C:\Users\EA527~1.IVA\AppData\Local\Temp\cckHwGRi.s 			page 27


 1416 0132 05       		.uleb128 0x5
 1417 0133 49       		.uleb128 0x49
 1418 0134 13       		.uleb128 0x13
 1419 0135 3F       		.uleb128 0x3f
 1420 0136 19       		.uleb128 0x19
 1421 0137 3C       		.uleb128 0x3c
 1422 0138 19       		.uleb128 0x19
 1423 0139 00       		.byte	0
 1424 013a 00       		.byte	0
 1425 013b 17       		.uleb128 0x17
 1426 013c 35       		.uleb128 0x35
 1427 013d 00       		.byte	0
 1428 013e 49       		.uleb128 0x49
 1429 013f 13       		.uleb128 0x13
 1430 0140 00       		.byte	0
 1431 0141 00       		.byte	0
 1432 0142 18       		.uleb128 0x18
 1433 0143 34       		.uleb128 0x34
 1434 0144 00       		.byte	0
 1435 0145 03       		.uleb128 0x3
 1436 0146 0E       		.uleb128 0xe
 1437 0147 3A       		.uleb128 0x3a
 1438 0148 0B       		.uleb128 0xb
 1439 0149 3B       		.uleb128 0x3b
 1440 014a 0B       		.uleb128 0xb
 1441 014b 49       		.uleb128 0x49
 1442 014c 13       		.uleb128 0x13
 1443 014d 3F       		.uleb128 0x3f
 1444 014e 19       		.uleb128 0x19
 1445 014f 02       		.uleb128 0x2
 1446 0150 18       		.uleb128 0x18
 1447 0151 00       		.byte	0
 1448 0152 00       		.byte	0
 1449 0153 19       		.uleb128 0x19
 1450 0154 2E       		.uleb128 0x2e
 1451 0155 00       		.byte	0
 1452 0156 3F       		.uleb128 0x3f
 1453 0157 19       		.uleb128 0x19
 1454 0158 3C       		.uleb128 0x3c
 1455 0159 19       		.uleb128 0x19
 1456 015a 6E       		.uleb128 0x6e
 1457 015b 0E       		.uleb128 0xe
 1458 015c 03       		.uleb128 0x3
 1459 015d 0E       		.uleb128 0xe
 1460 015e 3A       		.uleb128 0x3a
 1461 015f 0B       		.uleb128 0xb
 1462 0160 3B       		.uleb128 0x3b
 1463 0161 0B       		.uleb128 0xb
 1464 0162 00       		.byte	0
 1465 0163 00       		.byte	0
 1466 0164 00       		.byte	0
 1467              		.section	.debug_loc,"",%progbits
 1468              	.Ldebug_loc0:
 1469              	.LLST0:
 1470 0000 00000000 		.4byte	.LVL0
 1471 0004 06000000 		.4byte	.LVL1
 1472 0008 0100     		.2byte	0x1
ARM GAS  C:\Users\EA527~1.IVA\AppData\Local\Temp\cckHwGRi.s 			page 28


 1473 000a 50       		.byte	0x50
 1474 000b 06000000 		.4byte	.LVL1
 1475 000f 16000000 		.4byte	.LFE64
 1476 0013 0100     		.2byte	0x1
 1477 0015 54       		.byte	0x54
 1478 0016 00000000 		.4byte	0
 1479 001a 00000000 		.4byte	0
 1480              	.LLST1:
 1481 001e 0C000000 		.4byte	.LVL3
 1482 0022 12000000 		.4byte	.LVL4
 1483 0026 0100     		.2byte	0x1
 1484 0028 55       		.byte	0x55
 1485 0029 12000000 		.4byte	.LVL4
 1486 002d 14000000 		.4byte	.LVL5
 1487 0031 0600     		.2byte	0x6
 1488 0033 70       		.byte	0x70
 1489 0034 00       		.sleb128 0
 1490 0035 75       		.byte	0x75
 1491 0036 00       		.sleb128 0
 1492 0037 22       		.byte	0x22
 1493 0038 9F       		.byte	0x9f
 1494 0039 14000000 		.4byte	.LVL5
 1495 003d 16000000 		.4byte	.LFE64
 1496 0041 0100     		.2byte	0x1
 1497 0043 50       		.byte	0x50
 1498 0044 00000000 		.4byte	0
 1499 0048 00000000 		.4byte	0
 1500              	.LLST2:
 1501 004c 00000000 		.4byte	.LVL6
 1502 0050 06000000 		.4byte	.LVL7
 1503 0054 0100     		.2byte	0x1
 1504 0056 50       		.byte	0x50
 1505 0057 06000000 		.4byte	.LVL7
 1506 005b 5A000000 		.4byte	.LFE65
 1507 005f 0100     		.2byte	0x1
 1508 0061 54       		.byte	0x54
 1509 0062 00000000 		.4byte	0
 1510 0066 00000000 		.4byte	0
 1511              	.LLST3:
 1512 006a 00000000 		.4byte	.LVL6
 1513 006e 08000000 		.4byte	.LVL8
 1514 0072 0100     		.2byte	0x1
 1515 0074 51       		.byte	0x51
 1516 0075 08000000 		.4byte	.LVL8
 1517 0079 0B000000 		.4byte	.LVL9-1
 1518 007d 0100     		.2byte	0x1
 1519 007f 50       		.byte	0x50
 1520 0080 0B000000 		.4byte	.LVL9-1
 1521 0084 5A000000 		.4byte	.LFE65
 1522 0088 0400     		.2byte	0x4
 1523 008a F3       		.byte	0xf3
 1524 008b 01       		.uleb128 0x1
 1525 008c 51       		.byte	0x51
 1526 008d 9F       		.byte	0x9f
 1527 008e 00000000 		.4byte	0
 1528 0092 00000000 		.4byte	0
 1529              	.LLST4:
ARM GAS  C:\Users\EA527~1.IVA\AppData\Local\Temp\cckHwGRi.s 			page 29


 1530 0096 00000000 		.4byte	.LVL21
 1531 009a 06000000 		.4byte	.LVL22
 1532 009e 0100     		.2byte	0x1
 1533 00a0 50       		.byte	0x50
 1534 00a1 06000000 		.4byte	.LVL22
 1535 00a5 3E000000 		.4byte	.LFE66
 1536 00a9 0100     		.2byte	0x1
 1537 00ab 54       		.byte	0x54
 1538 00ac 00000000 		.4byte	0
 1539 00b0 00000000 		.4byte	0
 1540              	.LLST5:
 1541 00b4 00000000 		.4byte	.LVL21
 1542 00b8 08000000 		.4byte	.LVL23
 1543 00bc 0100     		.2byte	0x1
 1544 00be 51       		.byte	0x51
 1545 00bf 08000000 		.4byte	.LVL23
 1546 00c3 0B000000 		.4byte	.LVL24-1
 1547 00c7 0100     		.2byte	0x1
 1548 00c9 50       		.byte	0x50
 1549 00ca 0B000000 		.4byte	.LVL24-1
 1550 00ce 3E000000 		.4byte	.LFE66
 1551 00d2 0400     		.2byte	0x4
 1552 00d4 F3       		.byte	0xf3
 1553 00d5 01       		.uleb128 0x1
 1554 00d6 51       		.byte	0x51
 1555 00d7 9F       		.byte	0x9f
 1556 00d8 00000000 		.4byte	0
 1557 00dc 00000000 		.4byte	0
 1558              	.LLST6:
 1559 00e0 00000000 		.4byte	.LVL32
 1560 00e4 07000000 		.4byte	.LVL33-1
 1561 00e8 0100     		.2byte	0x1
 1562 00ea 50       		.byte	0x50
 1563 00eb 07000000 		.4byte	.LVL33-1
 1564 00ef 68000000 		.4byte	.LFE67
 1565 00f3 0400     		.2byte	0x4
 1566 00f5 F3       		.byte	0xf3
 1567 00f6 01       		.uleb128 0x1
 1568 00f7 50       		.byte	0x50
 1569 00f8 9F       		.byte	0x9f
 1570 00f9 00000000 		.4byte	0
 1571 00fd 00000000 		.4byte	0
 1572              	.LLST7:
 1573 0101 00000000 		.4byte	.LVL44
 1574 0105 05000000 		.4byte	.LVL45-1
 1575 0109 0100     		.2byte	0x1
 1576 010b 50       		.byte	0x50
 1577 010c 05000000 		.4byte	.LVL45-1
 1578 0110 48000000 		.4byte	.LFE68
 1579 0114 0400     		.2byte	0x4
 1580 0116 F3       		.byte	0xf3
 1581 0117 01       		.uleb128 0x1
 1582 0118 50       		.byte	0x50
 1583 0119 9F       		.byte	0x9f
 1584 011a 00000000 		.4byte	0
 1585 011e 00000000 		.4byte	0
 1586              		.section	.debug_aranges,"",%progbits
ARM GAS  C:\Users\EA527~1.IVA\AppData\Local\Temp\cckHwGRi.s 			page 30


 1587 0000 3C000000 		.4byte	0x3c
 1588 0004 0200     		.2byte	0x2
 1589 0006 00000000 		.4byte	.Ldebug_info0
 1590 000a 04       		.byte	0x4
 1591 000b 00       		.byte	0
 1592 000c 0000     		.2byte	0
 1593 000e 0000     		.2byte	0
 1594 0010 00000000 		.4byte	.LFB64
 1595 0014 16000000 		.4byte	.LFE64-.LFB64
 1596 0018 00000000 		.4byte	.LFB65
 1597 001c 5A000000 		.4byte	.LFE65-.LFB65
 1598 0020 00000000 		.4byte	.LFB66
 1599 0024 3E000000 		.4byte	.LFE66-.LFB66
 1600 0028 00000000 		.4byte	.LFB67
 1601 002c 68000000 		.4byte	.LFE67-.LFB67
 1602 0030 00000000 		.4byte	.LFB68
 1603 0034 48000000 		.4byte	.LFE68-.LFB68
 1604 0038 00000000 		.4byte	0
 1605 003c 00000000 		.4byte	0
 1606              		.section	.debug_ranges,"",%progbits
 1607              	.Ldebug_ranges0:
 1608 0000 00000000 		.4byte	.LFB64
 1609 0004 16000000 		.4byte	.LFE64
 1610 0008 00000000 		.4byte	.LFB65
 1611 000c 5A000000 		.4byte	.LFE65
 1612 0010 00000000 		.4byte	.LFB66
 1613 0014 3E000000 		.4byte	.LFE66
 1614 0018 00000000 		.4byte	.LFB67
 1615 001c 68000000 		.4byte	.LFE67
 1616 0020 00000000 		.4byte	.LFB68
 1617 0024 48000000 		.4byte	.LFE68
 1618 0028 00000000 		.4byte	0
 1619 002c 00000000 		.4byte	0
 1620              		.section	.debug_line,"",%progbits
 1621              	.Ldebug_line0:
 1622 0000 54020000 		.section	.debug_str,"MS",%progbits,1
 1622      0200EA01 
 1622      00000201 
 1622      FB0E0D00 
 1622      01010101 
 1623              	.LASF41:
 1624 0000 433A5C55 		.ascii	"C:\\Users\\e.ivanov\\Documents\\GitHub\\generic\\Ma"
 1624      73657273 
 1624      5C652E69 
 1624      76616E6F 
 1624      765C446F 
 1625 002d 6E636865 		.ascii	"nchester encoder-decoder.cydsn\000"
 1625      73746572 
 1625      20656E63 
 1625      6F646572 
 1625      2D646563 
 1626              	.LASF21:
 1627 004c 756E6963 		.ascii	"unicast\000"
 1627      61737400 
 1628              	.LASF9:
 1629 0054 5F5F696E 		.ascii	"__int32_t\000"
 1629      7433325F 
ARM GAS  C:\Users\EA527~1.IVA\AppData\Local\Temp\cckHwGRi.s 			page 31


 1629      7400
 1630              	.LASF3:
 1631 005e 73686F72 		.ascii	"short unsigned int\000"
 1631      7420756E 
 1631      7369676E 
 1631      65642069 
 1631      6E7400
 1632              	.LASF27:
 1633 0071 49705061 		.ascii	"IpParsTokenToAddr\000"
 1633      7273546F 
 1633      6B656E54 
 1633      6F416464 
 1633      7200
 1634              	.LASF30:
 1635 0083 49705061 		.ascii	"IpPars\000"
 1635      727300
 1636              	.LASF34:
 1637 008a 49505F43 		.ascii	"IP_Complete\000"
 1637      6F6D706C 
 1637      65746500 
 1638              	.LASF13:
 1639 0096 666C6F61 		.ascii	"float\000"
 1639      7400
 1640              	.LASF1:
 1641 009c 756E7369 		.ascii	"unsigned char\000"
 1641      676E6564 
 1641      20636861 
 1641      7200
 1642              	.LASF39:
 1643 00aa 474E5520 		.ascii	"GNU C11 5.4.1 20160609 (release) [ARM/embedded-5-br"
 1643      43313120 
 1643      352E342E 
 1643      31203230 
 1643      31363036 
 1644 00dd 616E6368 		.ascii	"anch revision 237715] -mcpu=cortex-m3 -mthumb -g -O"
 1644      20726576 
 1644      6973696F 
 1644      6E203233 
 1644      37373135 
 1645 0110 67202D66 		.ascii	"g -ffunction-sections -ffat-lto-objects\000"
 1645      66756E63 
 1645      74696F6E 
 1645      2D736563 
 1645      74696F6E 
 1646              	.LASF38:
 1647 0138 73747263 		.ascii	"strcpy\000"
 1647      707900
 1648              	.LASF5:
 1649 013f 6C6F6E67 		.ascii	"long unsigned int\000"
 1649      20756E73 
 1649      69676E65 
 1649      6420696E 
 1649      7400
 1650              	.LASF23:
 1651 0151 69705F70 		.ascii	"ip_preset\000"
 1651      72657365 
 1651      7400
ARM GAS  C:\Users\EA527~1.IVA\AppData\Local\Temp\cckHwGRi.s 			page 32


 1652              	.LASF29:
 1653 015b 73656E74 		.ascii	"sentence\000"
 1653      656E6365 
 1653      00
 1654              	.LASF33:
 1655 0164 49544D5F 		.ascii	"ITM_RxBuffer\000"
 1655      52784275 
 1655      66666572 
 1655      00
 1656              	.LASF14:
 1657 0171 646F7562 		.ascii	"double\000"
 1657      6C6500
 1658              	.LASF12:
 1659 0178 75696E74 		.ascii	"uint16\000"
 1659      313600
 1660              	.LASF24:
 1661 017f 44657374 		.ascii	"Dest\000"
 1661      00
 1662              	.LASF28:
 1663 0184 49705061 		.ascii	"IpParsToTokens\000"
 1663      7273546F 
 1663      546F6B65 
 1663      6E7300
 1664              	.LASF25:
 1665 0193 546F6B65 		.ascii	"Token\000"
 1665      6E00
 1666              	.LASF8:
 1667 0199 756E7369 		.ascii	"unsigned int\000"
 1667      676E6564 
 1667      20696E74 
 1667      00
 1668              	.LASF7:
 1669 01a6 6C6F6E67 		.ascii	"long long unsigned int\000"
 1669      206C6F6E 
 1669      6720756E 
 1669      7369676E 
 1669      65642069 
 1670              	.LASF31:
 1671 01bd 72657375 		.ascii	"result\000"
 1671      6C7400
 1672              	.LASF32:
 1673 01c4 49505F49 		.ascii	"IP_Instance\000"
 1673      6E737461 
 1673      6E636500 
 1674              	.LASF42:
 1675 01d0 61746F68 		.ascii	"atoh\000"
 1675      00
 1676              	.LASF37:
 1677 01d5 61746F69 		.ascii	"atoi\000"
 1677      00
 1678              	.LASF18:
 1679 01da 6368616E 		.ascii	"chanel\000"
 1679      656C00
 1680              	.LASF10:
 1681 01e1 696E7433 		.ascii	"int32_t\000"
 1681      325F7400 
 1682              	.LASF17:
ARM GAS  C:\Users\EA527~1.IVA\AppData\Local\Temp\cckHwGRi.s 			page 33


 1683 01e9 73697A65 		.ascii	"sizetype\000"
 1683      74797065 
 1683      00
 1684              	.LASF6:
 1685 01f2 6C6F6E67 		.ascii	"long long int\000"
 1685      206C6F6E 
 1685      6720696E 
 1685      7400
 1686              	.LASF15:
 1687 0200 63686172 		.ascii	"char\000"
 1687      00
 1688              	.LASF19:
 1689 0205 706F7274 		.ascii	"port\000"
 1689      00
 1690              	.LASF2:
 1691 020a 73686F72 		.ascii	"short int\000"
 1691      7420696E 
 1691      7400
 1692              	.LASF11:
 1693 0214 75696E74 		.ascii	"uint8\000"
 1693      3800
 1694              	.LASF20:
 1695 021a 6D756C74 		.ascii	"multicast\000"
 1695      69636173 
 1695      7400
 1696              	.LASF26:
 1697 0224 49705061 		.ascii	"IpParsTokenToMac\000"
 1697      7273546F 
 1697      6B656E54 
 1697      6F4D6163 
 1697      00
 1698              	.LASF22:
 1699 0235 69705F73 		.ascii	"ip_set\000"
 1699      657400
 1700              	.LASF4:
 1701 023c 6C6F6E67 		.ascii	"long int\000"
 1701      20696E74 
 1701      00
 1702              	.LASF16:
 1703 0245 6C6F6E67 		.ascii	"long double\000"
 1703      20646F75 
 1703      626C6500 
 1704              	.LASF0:
 1705 0251 7369676E 		.ascii	"signed char\000"
 1705      65642063 
 1705      68617200 
 1706              	.LASF36:
 1707 025d 73747274 		.ascii	"strtok_e\000"
 1707      6F6B5F65 
 1707      00
 1708              	.LASF35:
 1709 0266 42797465 		.ascii	"ByteToInt\000"
 1709      546F496E 
 1709      7400
 1710              	.LASF40:
 1711 0270 49505345 		.ascii	"IPSET.c\000"
 1711      542E6300 
ARM GAS  C:\Users\EA527~1.IVA\AppData\Local\Temp\cckHwGRi.s 			page 34


 1712              		.ident	"GCC: (GNU Tools for ARM Embedded Processors) 5.4.1 20160609 (release) [ARM/embedded-5-bran
