ARM GAS  C:\Users\EA527~1.IVA\AppData\Local\Temp\ccmT71yT.s 			page 1


   1              		.syntax unified
   2              		.cpu cortex-m3
   3              		.fpu softvfp
   4              		.eabi_attribute 20, 1
   5              		.eabi_attribute 21, 1
   6              		.eabi_attribute 23, 3
   7              		.eabi_attribute 24, 1
   8              		.eabi_attribute 25, 1
   9              		.eabi_attribute 26, 1
  10              		.eabi_attribute 30, 1
  11              		.eabi_attribute 34, 1
  12              		.eabi_attribute 18, 4
  13              		.thumb
  14              		.syntax unified
  15              		.file	"isr_Load_TrShReg.c"
  16              		.text
  17              	.Ltext0:
  18              		.cfi_sections	.debug_frame
  19              		.section	.text.isr_Load_TrShReg_SetVector,"ax",%progbits
  20              		.align	2
  21              		.global	isr_Load_TrShReg_SetVector
  22              		.thumb
  23              		.thumb_func
  24              		.type	isr_Load_TrShReg_SetVector, %function
  25              	isr_Load_TrShReg_SetVector:
  26              	.LFB4:
  27              		.file 1 "Generated_Source\\PSoC5\\isr_Load_TrShReg.c"
   1:Generated_Source\PSoC5/isr_Load_TrShReg.c **** /*******************************************************************************
   2:Generated_Source\PSoC5/isr_Load_TrShReg.c **** * File Name: isr_Load_TrShReg.c  
   3:Generated_Source\PSoC5/isr_Load_TrShReg.c **** * Version 1.70
   4:Generated_Source\PSoC5/isr_Load_TrShReg.c **** *
   5:Generated_Source\PSoC5/isr_Load_TrShReg.c **** *  Description:
   6:Generated_Source\PSoC5/isr_Load_TrShReg.c **** *   API for controlling the state of an interrupt.
   7:Generated_Source\PSoC5/isr_Load_TrShReg.c **** *
   8:Generated_Source\PSoC5/isr_Load_TrShReg.c **** *
   9:Generated_Source\PSoC5/isr_Load_TrShReg.c **** *  Note:
  10:Generated_Source\PSoC5/isr_Load_TrShReg.c **** *
  11:Generated_Source\PSoC5/isr_Load_TrShReg.c **** ********************************************************************************
  12:Generated_Source\PSoC5/isr_Load_TrShReg.c **** * Copyright 2008-2015, Cypress Semiconductor Corporation.  All rights reserved.
  13:Generated_Source\PSoC5/isr_Load_TrShReg.c **** * You may use this file only in accordance with the license, terms, conditions, 
  14:Generated_Source\PSoC5/isr_Load_TrShReg.c **** * disclaimers, and limitations in the end user license agreement accompanying 
  15:Generated_Source\PSoC5/isr_Load_TrShReg.c **** * the software package with which this file was provided.
  16:Generated_Source\PSoC5/isr_Load_TrShReg.c **** *******************************************************************************/
  17:Generated_Source\PSoC5/isr_Load_TrShReg.c **** 
  18:Generated_Source\PSoC5/isr_Load_TrShReg.c **** 
  19:Generated_Source\PSoC5/isr_Load_TrShReg.c **** #include <cydevice_trm.h>
  20:Generated_Source\PSoC5/isr_Load_TrShReg.c **** #include <CyLib.h>
  21:Generated_Source\PSoC5/isr_Load_TrShReg.c **** #include <isr_Load_TrShReg.h>
  22:Generated_Source\PSoC5/isr_Load_TrShReg.c **** #include "cyapicallbacks.h"
  23:Generated_Source\PSoC5/isr_Load_TrShReg.c **** 
  24:Generated_Source\PSoC5/isr_Load_TrShReg.c **** #if !defined(isr_Load_TrShReg__REMOVED) /* Check for removal by optimization */
  25:Generated_Source\PSoC5/isr_Load_TrShReg.c **** 
  26:Generated_Source\PSoC5/isr_Load_TrShReg.c **** /*******************************************************************************
  27:Generated_Source\PSoC5/isr_Load_TrShReg.c **** *  Place your includes, defines and code here 
  28:Generated_Source\PSoC5/isr_Load_TrShReg.c **** ********************************************************************************/
  29:Generated_Source\PSoC5/isr_Load_TrShReg.c **** /* `#START isr_Load_TrShReg_intc` */
  30:Generated_Source\PSoC5/isr_Load_TrShReg.c **** #include <TransmitShiftReg.h>
ARM GAS  C:\Users\EA527~1.IVA\AppData\Local\Temp\ccmT71yT.s 			page 2


  31:Generated_Source\PSoC5/isr_Load_TrShReg.c **** #include <StartTransmit.h>
  32:Generated_Source\PSoC5/isr_Load_TrShReg.c **** #include <sender.h>    
  33:Generated_Source\PSoC5/isr_Load_TrShReg.c **** #include <BitCounterEnc.h>
  34:Generated_Source\PSoC5/isr_Load_TrShReg.c **** #include <isr_TransmitWordShift.h>
  35:Generated_Source\PSoC5/isr_Load_TrShReg.c **** #include <FrameAllow.h>
  36:Generated_Source\PSoC5/isr_Load_TrShReg.c **** #include <FirstLoad.h>
  37:Generated_Source\PSoC5/isr_Load_TrShReg.c **** /* `#END` */
  38:Generated_Source\PSoC5/isr_Load_TrShReg.c **** 
  39:Generated_Source\PSoC5/isr_Load_TrShReg.c **** #ifndef CYINT_IRQ_BASE
  40:Generated_Source\PSoC5/isr_Load_TrShReg.c **** #define CYINT_IRQ_BASE      16
  41:Generated_Source\PSoC5/isr_Load_TrShReg.c **** #endif /* CYINT_IRQ_BASE */
  42:Generated_Source\PSoC5/isr_Load_TrShReg.c **** #ifndef CYINT_VECT_TABLE
  43:Generated_Source\PSoC5/isr_Load_TrShReg.c **** #define CYINT_VECT_TABLE    ((cyisraddress **) CYREG_NVIC_VECT_OFFSET)
  44:Generated_Source\PSoC5/isr_Load_TrShReg.c **** #endif /* CYINT_VECT_TABLE */
  45:Generated_Source\PSoC5/isr_Load_TrShReg.c **** 
  46:Generated_Source\PSoC5/isr_Load_TrShReg.c **** /* Declared in startup, used to set unused interrupts to. */
  47:Generated_Source\PSoC5/isr_Load_TrShReg.c **** CY_ISR_PROTO(IntDefaultHandler);
  48:Generated_Source\PSoC5/isr_Load_TrShReg.c **** 
  49:Generated_Source\PSoC5/isr_Load_TrShReg.c **** 
  50:Generated_Source\PSoC5/isr_Load_TrShReg.c **** /*******************************************************************************
  51:Generated_Source\PSoC5/isr_Load_TrShReg.c **** * Function Name: isr_Load_TrShReg_Start
  52:Generated_Source\PSoC5/isr_Load_TrShReg.c **** ********************************************************************************
  53:Generated_Source\PSoC5/isr_Load_TrShReg.c **** *
  54:Generated_Source\PSoC5/isr_Load_TrShReg.c **** * Summary:
  55:Generated_Source\PSoC5/isr_Load_TrShReg.c **** *  Set up the interrupt and enable it. This function disables the interrupt, 
  56:Generated_Source\PSoC5/isr_Load_TrShReg.c **** *  sets the default interrupt vector, sets the priority from the value in the
  57:Generated_Source\PSoC5/isr_Load_TrShReg.c **** *  Design Wide Resources Interrupt Editor, then enables the interrupt to the 
  58:Generated_Source\PSoC5/isr_Load_TrShReg.c **** *  interrupt controller.
  59:Generated_Source\PSoC5/isr_Load_TrShReg.c **** *
  60:Generated_Source\PSoC5/isr_Load_TrShReg.c **** * Parameters:  
  61:Generated_Source\PSoC5/isr_Load_TrShReg.c **** *   None
  62:Generated_Source\PSoC5/isr_Load_TrShReg.c **** *
  63:Generated_Source\PSoC5/isr_Load_TrShReg.c **** * Return:
  64:Generated_Source\PSoC5/isr_Load_TrShReg.c **** *   None
  65:Generated_Source\PSoC5/isr_Load_TrShReg.c **** *
  66:Generated_Source\PSoC5/isr_Load_TrShReg.c **** *******************************************************************************/
  67:Generated_Source\PSoC5/isr_Load_TrShReg.c **** void isr_Load_TrShReg_Start(void)
  68:Generated_Source\PSoC5/isr_Load_TrShReg.c **** {
  69:Generated_Source\PSoC5/isr_Load_TrShReg.c ****     /* For all we know the interrupt is active. */
  70:Generated_Source\PSoC5/isr_Load_TrShReg.c ****     isr_Load_TrShReg_Disable();
  71:Generated_Source\PSoC5/isr_Load_TrShReg.c **** 
  72:Generated_Source\PSoC5/isr_Load_TrShReg.c ****     /* Set the ISR to point to the isr_Load_TrShReg Interrupt. */
  73:Generated_Source\PSoC5/isr_Load_TrShReg.c ****     isr_Load_TrShReg_SetVector(&isr_Load_TrShReg_Interrupt);
  74:Generated_Source\PSoC5/isr_Load_TrShReg.c **** 
  75:Generated_Source\PSoC5/isr_Load_TrShReg.c ****     /* Set the priority. */
  76:Generated_Source\PSoC5/isr_Load_TrShReg.c ****     isr_Load_TrShReg_SetPriority((uint8)isr_Load_TrShReg_INTC_PRIOR_NUMBER);
  77:Generated_Source\PSoC5/isr_Load_TrShReg.c **** 
  78:Generated_Source\PSoC5/isr_Load_TrShReg.c ****     /* Enable it. */
  79:Generated_Source\PSoC5/isr_Load_TrShReg.c ****     isr_Load_TrShReg_Enable();
  80:Generated_Source\PSoC5/isr_Load_TrShReg.c **** }
  81:Generated_Source\PSoC5/isr_Load_TrShReg.c **** 
  82:Generated_Source\PSoC5/isr_Load_TrShReg.c **** 
  83:Generated_Source\PSoC5/isr_Load_TrShReg.c **** /*******************************************************************************
  84:Generated_Source\PSoC5/isr_Load_TrShReg.c **** * Function Name: isr_Load_TrShReg_StartEx
  85:Generated_Source\PSoC5/isr_Load_TrShReg.c **** ********************************************************************************
  86:Generated_Source\PSoC5/isr_Load_TrShReg.c **** *
  87:Generated_Source\PSoC5/isr_Load_TrShReg.c **** * Summary:
ARM GAS  C:\Users\EA527~1.IVA\AppData\Local\Temp\ccmT71yT.s 			page 3


  88:Generated_Source\PSoC5/isr_Load_TrShReg.c **** *  Sets up the interrupt and enables it. This function disables the interrupt,
  89:Generated_Source\PSoC5/isr_Load_TrShReg.c **** *  sets the interrupt vector based on the address passed in, sets the priority 
  90:Generated_Source\PSoC5/isr_Load_TrShReg.c **** *  from the value in the Design Wide Resources Interrupt Editor, then enables 
  91:Generated_Source\PSoC5/isr_Load_TrShReg.c **** *  the interrupt to the interrupt controller.
  92:Generated_Source\PSoC5/isr_Load_TrShReg.c **** *  
  93:Generated_Source\PSoC5/isr_Load_TrShReg.c **** *  When defining ISR functions, the CY_ISR and CY_ISR_PROTO macros should be 
  94:Generated_Source\PSoC5/isr_Load_TrShReg.c **** *  used to provide consistent definition across compilers:
  95:Generated_Source\PSoC5/isr_Load_TrShReg.c **** *  
  96:Generated_Source\PSoC5/isr_Load_TrShReg.c **** *  Function definition example:
  97:Generated_Source\PSoC5/isr_Load_TrShReg.c **** *   CY_ISR(MyISR)
  98:Generated_Source\PSoC5/isr_Load_TrShReg.c **** *   {
  99:Generated_Source\PSoC5/isr_Load_TrShReg.c **** *   }
 100:Generated_Source\PSoC5/isr_Load_TrShReg.c **** *   Function prototype example:
 101:Generated_Source\PSoC5/isr_Load_TrShReg.c **** *   CY_ISR_PROTO(MyISR);
 102:Generated_Source\PSoC5/isr_Load_TrShReg.c **** *
 103:Generated_Source\PSoC5/isr_Load_TrShReg.c **** * Parameters:  
 104:Generated_Source\PSoC5/isr_Load_TrShReg.c **** *   address: Address of the ISR to set in the interrupt vector table.
 105:Generated_Source\PSoC5/isr_Load_TrShReg.c **** *
 106:Generated_Source\PSoC5/isr_Load_TrShReg.c **** * Return:
 107:Generated_Source\PSoC5/isr_Load_TrShReg.c **** *   None
 108:Generated_Source\PSoC5/isr_Load_TrShReg.c **** *
 109:Generated_Source\PSoC5/isr_Load_TrShReg.c **** *******************************************************************************/
 110:Generated_Source\PSoC5/isr_Load_TrShReg.c **** void isr_Load_TrShReg_StartEx(cyisraddress address)
 111:Generated_Source\PSoC5/isr_Load_TrShReg.c **** {
 112:Generated_Source\PSoC5/isr_Load_TrShReg.c ****     /* For all we know the interrupt is active. */
 113:Generated_Source\PSoC5/isr_Load_TrShReg.c ****     isr_Load_TrShReg_Disable();
 114:Generated_Source\PSoC5/isr_Load_TrShReg.c **** 
 115:Generated_Source\PSoC5/isr_Load_TrShReg.c ****     /* Set the ISR to point to the isr_Load_TrShReg Interrupt. */
 116:Generated_Source\PSoC5/isr_Load_TrShReg.c ****     isr_Load_TrShReg_SetVector(address);
 117:Generated_Source\PSoC5/isr_Load_TrShReg.c **** 
 118:Generated_Source\PSoC5/isr_Load_TrShReg.c ****     /* Set the priority. */
 119:Generated_Source\PSoC5/isr_Load_TrShReg.c ****     isr_Load_TrShReg_SetPriority((uint8)isr_Load_TrShReg_INTC_PRIOR_NUMBER);
 120:Generated_Source\PSoC5/isr_Load_TrShReg.c **** 
 121:Generated_Source\PSoC5/isr_Load_TrShReg.c ****     /* Enable it. */
 122:Generated_Source\PSoC5/isr_Load_TrShReg.c ****     isr_Load_TrShReg_Enable();
 123:Generated_Source\PSoC5/isr_Load_TrShReg.c **** }
 124:Generated_Source\PSoC5/isr_Load_TrShReg.c **** 
 125:Generated_Source\PSoC5/isr_Load_TrShReg.c **** 
 126:Generated_Source\PSoC5/isr_Load_TrShReg.c **** /*******************************************************************************
 127:Generated_Source\PSoC5/isr_Load_TrShReg.c **** * Function Name: isr_Load_TrShReg_Stop
 128:Generated_Source\PSoC5/isr_Load_TrShReg.c **** ********************************************************************************
 129:Generated_Source\PSoC5/isr_Load_TrShReg.c **** *
 130:Generated_Source\PSoC5/isr_Load_TrShReg.c **** * Summary:
 131:Generated_Source\PSoC5/isr_Load_TrShReg.c **** *   Disables and removes the interrupt.
 132:Generated_Source\PSoC5/isr_Load_TrShReg.c **** *
 133:Generated_Source\PSoC5/isr_Load_TrShReg.c **** * Parameters:  
 134:Generated_Source\PSoC5/isr_Load_TrShReg.c **** *   None
 135:Generated_Source\PSoC5/isr_Load_TrShReg.c **** *
 136:Generated_Source\PSoC5/isr_Load_TrShReg.c **** * Return:
 137:Generated_Source\PSoC5/isr_Load_TrShReg.c **** *   None
 138:Generated_Source\PSoC5/isr_Load_TrShReg.c **** *
 139:Generated_Source\PSoC5/isr_Load_TrShReg.c **** *******************************************************************************/
 140:Generated_Source\PSoC5/isr_Load_TrShReg.c **** void isr_Load_TrShReg_Stop(void)
 141:Generated_Source\PSoC5/isr_Load_TrShReg.c **** {
 142:Generated_Source\PSoC5/isr_Load_TrShReg.c ****     /* Disable this interrupt. */
 143:Generated_Source\PSoC5/isr_Load_TrShReg.c ****     isr_Load_TrShReg_Disable();
 144:Generated_Source\PSoC5/isr_Load_TrShReg.c **** 
ARM GAS  C:\Users\EA527~1.IVA\AppData\Local\Temp\ccmT71yT.s 			page 4


 145:Generated_Source\PSoC5/isr_Load_TrShReg.c ****     /* Set the ISR to point to the passive one. */
 146:Generated_Source\PSoC5/isr_Load_TrShReg.c ****     isr_Load_TrShReg_SetVector(&IntDefaultHandler);
 147:Generated_Source\PSoC5/isr_Load_TrShReg.c **** }
 148:Generated_Source\PSoC5/isr_Load_TrShReg.c **** 
 149:Generated_Source\PSoC5/isr_Load_TrShReg.c **** 
 150:Generated_Source\PSoC5/isr_Load_TrShReg.c **** /*******************************************************************************
 151:Generated_Source\PSoC5/isr_Load_TrShReg.c **** * Function Name: isr_Load_TrShReg_Interrupt
 152:Generated_Source\PSoC5/isr_Load_TrShReg.c **** ********************************************************************************
 153:Generated_Source\PSoC5/isr_Load_TrShReg.c **** *
 154:Generated_Source\PSoC5/isr_Load_TrShReg.c **** * Summary:
 155:Generated_Source\PSoC5/isr_Load_TrShReg.c **** *   The default Interrupt Service Routine for isr_Load_TrShReg.
 156:Generated_Source\PSoC5/isr_Load_TrShReg.c **** *
 157:Generated_Source\PSoC5/isr_Load_TrShReg.c **** *   Add custom code between the coments to keep the next version of this file
 158:Generated_Source\PSoC5/isr_Load_TrShReg.c **** *   from over writting your code.
 159:Generated_Source\PSoC5/isr_Load_TrShReg.c **** *
 160:Generated_Source\PSoC5/isr_Load_TrShReg.c **** * Parameters:  
 161:Generated_Source\PSoC5/isr_Load_TrShReg.c **** *
 162:Generated_Source\PSoC5/isr_Load_TrShReg.c **** * Return:
 163:Generated_Source\PSoC5/isr_Load_TrShReg.c **** *   None
 164:Generated_Source\PSoC5/isr_Load_TrShReg.c **** *
 165:Generated_Source\PSoC5/isr_Load_TrShReg.c **** *******************************************************************************/
 166:Generated_Source\PSoC5/isr_Load_TrShReg.c **** CY_ISR(isr_Load_TrShReg_Interrupt)
 167:Generated_Source\PSoC5/isr_Load_TrShReg.c **** {
 168:Generated_Source\PSoC5/isr_Load_TrShReg.c ****     #ifdef isr_Load_TrShReg_INTERRUPT_INTERRUPT_CALLBACK
 169:Generated_Source\PSoC5/isr_Load_TrShReg.c ****         isr_Load_TrShReg_Interrupt_InterruptCallback();
 170:Generated_Source\PSoC5/isr_Load_TrShReg.c ****     #endif /* isr_Load_TrShReg_INTERRUPT_INTERRUPT_CALLBACK */ 
 171:Generated_Source\PSoC5/isr_Load_TrShReg.c **** 
 172:Generated_Source\PSoC5/isr_Load_TrShReg.c ****     /*  Place your Interrupt code here. */
 173:Generated_Source\PSoC5/isr_Load_TrShReg.c ****     /* `#START isr_Load_TrShReg_Interrupt` */
 174:Generated_Source\PSoC5/isr_Load_TrShReg.c ****  //   if (StartTransmit_Read() != 0)
 175:Generated_Source\PSoC5/isr_Load_TrShReg.c ****         Load();
 176:Generated_Source\PSoC5/isr_Load_TrShReg.c **** 
 177:Generated_Source\PSoC5/isr_Load_TrShReg.c ****     *(char*)(&curStat)=TransmitShiftReg_SR_STATUS;
 178:Generated_Source\PSoC5/isr_Load_TrShReg.c **** //    if( TransmitShiftReg_RET_FIFO_EMPTY == TransmitShiftReg_GetFIFOStatus(TransmitShiftReg_IN_FIF
 179:Generated_Source\PSoC5/isr_Load_TrShReg.c ****     if(curStat.F0_empty != 0){
 180:Generated_Source\PSoC5/isr_Load_TrShReg.c ****         StartTransmit_Write(0);
 181:Generated_Source\PSoC5/isr_Load_TrShReg.c ****         BitCounterEnc_ReadStatusRegister( );
 182:Generated_Source\PSoC5/isr_Load_TrShReg.c ****         isr_TransmitWordShift_ClearPending( );
 183:Generated_Source\PSoC5/isr_Load_TrShReg.c ****         isr_TransmitWordShift_Enable( );
 184:Generated_Source\PSoC5/isr_Load_TrShReg.c ****     }
 185:Generated_Source\PSoC5/isr_Load_TrShReg.c ****     
 186:Generated_Source\PSoC5/isr_Load_TrShReg.c ****     isr_Load_TrShReg_ClearPending();
 187:Generated_Source\PSoC5/isr_Load_TrShReg.c ****     /* `#END` */
 188:Generated_Source\PSoC5/isr_Load_TrShReg.c **** }
 189:Generated_Source\PSoC5/isr_Load_TrShReg.c **** 
 190:Generated_Source\PSoC5/isr_Load_TrShReg.c **** 
 191:Generated_Source\PSoC5/isr_Load_TrShReg.c **** /*******************************************************************************
 192:Generated_Source\PSoC5/isr_Load_TrShReg.c **** * Function Name: isr_Load_TrShReg_SetVector
 193:Generated_Source\PSoC5/isr_Load_TrShReg.c **** ********************************************************************************
 194:Generated_Source\PSoC5/isr_Load_TrShReg.c **** *
 195:Generated_Source\PSoC5/isr_Load_TrShReg.c **** * Summary:
 196:Generated_Source\PSoC5/isr_Load_TrShReg.c **** *   Change the ISR vector for the Interrupt. Note calling isr_Load_TrShReg_Start
 197:Generated_Source\PSoC5/isr_Load_TrShReg.c **** *   will override any effect this method would have had. To set the vector 
 198:Generated_Source\PSoC5/isr_Load_TrShReg.c **** *   before the component has been started use isr_Load_TrShReg_StartEx instead.
 199:Generated_Source\PSoC5/isr_Load_TrShReg.c **** * 
 200:Generated_Source\PSoC5/isr_Load_TrShReg.c **** *   When defining ISR functions, the CY_ISR and CY_ISR_PROTO macros should be 
 201:Generated_Source\PSoC5/isr_Load_TrShReg.c **** *   used to provide consistent definition across compilers:
ARM GAS  C:\Users\EA527~1.IVA\AppData\Local\Temp\ccmT71yT.s 			page 5


 202:Generated_Source\PSoC5/isr_Load_TrShReg.c **** *
 203:Generated_Source\PSoC5/isr_Load_TrShReg.c **** *   Function definition example:
 204:Generated_Source\PSoC5/isr_Load_TrShReg.c **** *   CY_ISR(MyISR)
 205:Generated_Source\PSoC5/isr_Load_TrShReg.c **** *   {
 206:Generated_Source\PSoC5/isr_Load_TrShReg.c **** *   }
 207:Generated_Source\PSoC5/isr_Load_TrShReg.c **** *
 208:Generated_Source\PSoC5/isr_Load_TrShReg.c **** *   Function prototype example:
 209:Generated_Source\PSoC5/isr_Load_TrShReg.c **** *     CY_ISR_PROTO(MyISR);
 210:Generated_Source\PSoC5/isr_Load_TrShReg.c **** *
 211:Generated_Source\PSoC5/isr_Load_TrShReg.c **** * Parameters:
 212:Generated_Source\PSoC5/isr_Load_TrShReg.c **** *   address: Address of the ISR to set in the interrupt vector table.
 213:Generated_Source\PSoC5/isr_Load_TrShReg.c **** *
 214:Generated_Source\PSoC5/isr_Load_TrShReg.c **** * Return:
 215:Generated_Source\PSoC5/isr_Load_TrShReg.c **** *   None
 216:Generated_Source\PSoC5/isr_Load_TrShReg.c **** *
 217:Generated_Source\PSoC5/isr_Load_TrShReg.c **** *******************************************************************************/
 218:Generated_Source\PSoC5/isr_Load_TrShReg.c **** void isr_Load_TrShReg_SetVector(cyisraddress address)
 219:Generated_Source\PSoC5/isr_Load_TrShReg.c **** {
  28              		.loc 1 219 0
  29              		.cfi_startproc
  30              		@ args = 0, pretend = 0, frame = 0
  31              		@ frame_needed = 0, uses_anonymous_args = 0
  32              		@ link register save eliminated.
  33              	.LVL0:
 220:Generated_Source\PSoC5/isr_Load_TrShReg.c ****     cyisraddress * ramVectorTable;
 221:Generated_Source\PSoC5/isr_Load_TrShReg.c **** 
 222:Generated_Source\PSoC5/isr_Load_TrShReg.c ****     ramVectorTable = (cyisraddress *) *CYINT_VECT_TABLE;
  34              		.loc 1 222 0
  35 0000 014B     		ldr	r3, .L2
  36 0002 1B68     		ldr	r3, [r3]
  37              	.LVL1:
 223:Generated_Source\PSoC5/isr_Load_TrShReg.c **** 
 224:Generated_Source\PSoC5/isr_Load_TrShReg.c ****     ramVectorTable[CYINT_IRQ_BASE + (uint32)isr_Load_TrShReg__INTC_NUMBER] = address;
  38              		.loc 1 224 0
  39 0004 9865     		str	r0, [r3, #88]
  40 0006 7047     		bx	lr
  41              	.L3:
  42              		.align	2
  43              	.L2:
  44 0008 08ED00E0 		.word	-536810232
  45              		.cfi_endproc
  46              	.LFE4:
  47              		.size	isr_Load_TrShReg_SetVector, .-isr_Load_TrShReg_SetVector
  48              		.section	.text.isr_Load_TrShReg_GetVector,"ax",%progbits
  49              		.align	2
  50              		.global	isr_Load_TrShReg_GetVector
  51              		.thumb
  52              		.thumb_func
  53              		.type	isr_Load_TrShReg_GetVector, %function
  54              	isr_Load_TrShReg_GetVector:
  55              	.LFB5:
 225:Generated_Source\PSoC5/isr_Load_TrShReg.c **** }
 226:Generated_Source\PSoC5/isr_Load_TrShReg.c **** 
 227:Generated_Source\PSoC5/isr_Load_TrShReg.c **** 
 228:Generated_Source\PSoC5/isr_Load_TrShReg.c **** /*******************************************************************************
 229:Generated_Source\PSoC5/isr_Load_TrShReg.c **** * Function Name: isr_Load_TrShReg_GetVector
 230:Generated_Source\PSoC5/isr_Load_TrShReg.c **** ********************************************************************************
ARM GAS  C:\Users\EA527~1.IVA\AppData\Local\Temp\ccmT71yT.s 			page 6


 231:Generated_Source\PSoC5/isr_Load_TrShReg.c **** *
 232:Generated_Source\PSoC5/isr_Load_TrShReg.c **** * Summary:
 233:Generated_Source\PSoC5/isr_Load_TrShReg.c **** *   Gets the "address" of the current ISR vector for the Interrupt.
 234:Generated_Source\PSoC5/isr_Load_TrShReg.c **** *
 235:Generated_Source\PSoC5/isr_Load_TrShReg.c **** * Parameters:
 236:Generated_Source\PSoC5/isr_Load_TrShReg.c **** *   None
 237:Generated_Source\PSoC5/isr_Load_TrShReg.c **** *
 238:Generated_Source\PSoC5/isr_Load_TrShReg.c **** * Return:
 239:Generated_Source\PSoC5/isr_Load_TrShReg.c **** *   Address of the ISR in the interrupt vector table.
 240:Generated_Source\PSoC5/isr_Load_TrShReg.c **** *
 241:Generated_Source\PSoC5/isr_Load_TrShReg.c **** *******************************************************************************/
 242:Generated_Source\PSoC5/isr_Load_TrShReg.c **** cyisraddress isr_Load_TrShReg_GetVector(void)
 243:Generated_Source\PSoC5/isr_Load_TrShReg.c **** {
  56              		.loc 1 243 0
  57              		.cfi_startproc
  58              		@ args = 0, pretend = 0, frame = 0
  59              		@ frame_needed = 0, uses_anonymous_args = 0
  60              		@ link register save eliminated.
 244:Generated_Source\PSoC5/isr_Load_TrShReg.c ****     cyisraddress * ramVectorTable;
 245:Generated_Source\PSoC5/isr_Load_TrShReg.c **** 
 246:Generated_Source\PSoC5/isr_Load_TrShReg.c ****     ramVectorTable = (cyisraddress *) *CYINT_VECT_TABLE;
  61              		.loc 1 246 0
  62 0000 014B     		ldr	r3, .L5
  63 0002 1B68     		ldr	r3, [r3]
  64              	.LVL2:
 247:Generated_Source\PSoC5/isr_Load_TrShReg.c **** 
 248:Generated_Source\PSoC5/isr_Load_TrShReg.c ****     return ramVectorTable[CYINT_IRQ_BASE + (uint32)isr_Load_TrShReg__INTC_NUMBER];
 249:Generated_Source\PSoC5/isr_Load_TrShReg.c **** }
  65              		.loc 1 249 0
  66 0004 986D     		ldr	r0, [r3, #88]
  67 0006 7047     		bx	lr
  68              	.L6:
  69              		.align	2
  70              	.L5:
  71 0008 08ED00E0 		.word	-536810232
  72              		.cfi_endproc
  73              	.LFE5:
  74              		.size	isr_Load_TrShReg_GetVector, .-isr_Load_TrShReg_GetVector
  75              		.section	.text.isr_Load_TrShReg_SetPriority,"ax",%progbits
  76              		.align	2
  77              		.global	isr_Load_TrShReg_SetPriority
  78              		.thumb
  79              		.thumb_func
  80              		.type	isr_Load_TrShReg_SetPriority, %function
  81              	isr_Load_TrShReg_SetPriority:
  82              	.LFB6:
 250:Generated_Source\PSoC5/isr_Load_TrShReg.c **** 
 251:Generated_Source\PSoC5/isr_Load_TrShReg.c **** 
 252:Generated_Source\PSoC5/isr_Load_TrShReg.c **** /*******************************************************************************
 253:Generated_Source\PSoC5/isr_Load_TrShReg.c **** * Function Name: isr_Load_TrShReg_SetPriority
 254:Generated_Source\PSoC5/isr_Load_TrShReg.c **** ********************************************************************************
 255:Generated_Source\PSoC5/isr_Load_TrShReg.c **** *
 256:Generated_Source\PSoC5/isr_Load_TrShReg.c **** * Summary:
 257:Generated_Source\PSoC5/isr_Load_TrShReg.c **** *   Sets the Priority of the Interrupt. 
 258:Generated_Source\PSoC5/isr_Load_TrShReg.c **** *
 259:Generated_Source\PSoC5/isr_Load_TrShReg.c **** *   Note calling isr_Load_TrShReg_Start or isr_Load_TrShReg_StartEx will 
 260:Generated_Source\PSoC5/isr_Load_TrShReg.c **** *   override any effect this API would have had. This API should only be called
ARM GAS  C:\Users\EA527~1.IVA\AppData\Local\Temp\ccmT71yT.s 			page 7


 261:Generated_Source\PSoC5/isr_Load_TrShReg.c **** *   after isr_Load_TrShReg_Start or isr_Load_TrShReg_StartEx has been called. 
 262:Generated_Source\PSoC5/isr_Load_TrShReg.c **** *   To set the initial priority for the component, use the Design-Wide Resources
 263:Generated_Source\PSoC5/isr_Load_TrShReg.c **** *   Interrupt Editor.
 264:Generated_Source\PSoC5/isr_Load_TrShReg.c **** *
 265:Generated_Source\PSoC5/isr_Load_TrShReg.c **** *   Note This API has no effect on Non-maskable interrupt NMI).
 266:Generated_Source\PSoC5/isr_Load_TrShReg.c **** *
 267:Generated_Source\PSoC5/isr_Load_TrShReg.c **** * Parameters:
 268:Generated_Source\PSoC5/isr_Load_TrShReg.c **** *   priority: Priority of the interrupt, 0 being the highest priority
 269:Generated_Source\PSoC5/isr_Load_TrShReg.c **** *             PSoC 3 and PSoC 5LP: Priority is from 0 to 7.
 270:Generated_Source\PSoC5/isr_Load_TrShReg.c **** *             PSoC 4: Priority is from 0 to 3.
 271:Generated_Source\PSoC5/isr_Load_TrShReg.c **** *
 272:Generated_Source\PSoC5/isr_Load_TrShReg.c **** * Return:
 273:Generated_Source\PSoC5/isr_Load_TrShReg.c **** *   None
 274:Generated_Source\PSoC5/isr_Load_TrShReg.c **** *
 275:Generated_Source\PSoC5/isr_Load_TrShReg.c **** *******************************************************************************/
 276:Generated_Source\PSoC5/isr_Load_TrShReg.c **** void isr_Load_TrShReg_SetPriority(uint8 priority)
 277:Generated_Source\PSoC5/isr_Load_TrShReg.c **** {
  83              		.loc 1 277 0
  84              		.cfi_startproc
  85              		@ args = 0, pretend = 0, frame = 0
  86              		@ frame_needed = 0, uses_anonymous_args = 0
  87              		@ link register save eliminated.
  88              	.LVL3:
 278:Generated_Source\PSoC5/isr_Load_TrShReg.c ****     *isr_Load_TrShReg_INTC_PRIOR = priority << 5;
  89              		.loc 1 278 0
  90 0000 4001     		lsls	r0, r0, #5
  91              	.LVL4:
  92 0002 C0B2     		uxtb	r0, r0
  93 0004 014B     		ldr	r3, .L8
  94 0006 1870     		strb	r0, [r3]
  95 0008 7047     		bx	lr
  96              	.L9:
  97 000a 00BF     		.align	2
  98              	.L8:
  99 000c 06E400E0 		.word	-536812538
 100              		.cfi_endproc
 101              	.LFE6:
 102              		.size	isr_Load_TrShReg_SetPriority, .-isr_Load_TrShReg_SetPriority
 103              		.section	.text.isr_Load_TrShReg_GetPriority,"ax",%progbits
 104              		.align	2
 105              		.global	isr_Load_TrShReg_GetPriority
 106              		.thumb
 107              		.thumb_func
 108              		.type	isr_Load_TrShReg_GetPriority, %function
 109              	isr_Load_TrShReg_GetPriority:
 110              	.LFB7:
 279:Generated_Source\PSoC5/isr_Load_TrShReg.c **** }
 280:Generated_Source\PSoC5/isr_Load_TrShReg.c **** 
 281:Generated_Source\PSoC5/isr_Load_TrShReg.c **** 
 282:Generated_Source\PSoC5/isr_Load_TrShReg.c **** /*******************************************************************************
 283:Generated_Source\PSoC5/isr_Load_TrShReg.c **** * Function Name: isr_Load_TrShReg_GetPriority
 284:Generated_Source\PSoC5/isr_Load_TrShReg.c **** ********************************************************************************
 285:Generated_Source\PSoC5/isr_Load_TrShReg.c **** *
 286:Generated_Source\PSoC5/isr_Load_TrShReg.c **** * Summary:
 287:Generated_Source\PSoC5/isr_Load_TrShReg.c **** *   Gets the Priority of the Interrupt.
 288:Generated_Source\PSoC5/isr_Load_TrShReg.c **** *
 289:Generated_Source\PSoC5/isr_Load_TrShReg.c **** * Parameters:
ARM GAS  C:\Users\EA527~1.IVA\AppData\Local\Temp\ccmT71yT.s 			page 8


 290:Generated_Source\PSoC5/isr_Load_TrShReg.c **** *   None
 291:Generated_Source\PSoC5/isr_Load_TrShReg.c **** *
 292:Generated_Source\PSoC5/isr_Load_TrShReg.c **** * Return:
 293:Generated_Source\PSoC5/isr_Load_TrShReg.c **** *   Priority of the interrupt, 0 being the highest priority
 294:Generated_Source\PSoC5/isr_Load_TrShReg.c **** *    PSoC 3 and PSoC 5LP: Priority is from 0 to 7.
 295:Generated_Source\PSoC5/isr_Load_TrShReg.c **** *    PSoC 4: Priority is from 0 to 3.
 296:Generated_Source\PSoC5/isr_Load_TrShReg.c **** *
 297:Generated_Source\PSoC5/isr_Load_TrShReg.c **** *******************************************************************************/
 298:Generated_Source\PSoC5/isr_Load_TrShReg.c **** uint8 isr_Load_TrShReg_GetPriority(void)
 299:Generated_Source\PSoC5/isr_Load_TrShReg.c **** {
 111              		.loc 1 299 0
 112              		.cfi_startproc
 113              		@ args = 0, pretend = 0, frame = 0
 114              		@ frame_needed = 0, uses_anonymous_args = 0
 115              		@ link register save eliminated.
 300:Generated_Source\PSoC5/isr_Load_TrShReg.c ****     uint8 priority;
 301:Generated_Source\PSoC5/isr_Load_TrShReg.c **** 
 302:Generated_Source\PSoC5/isr_Load_TrShReg.c **** 
 303:Generated_Source\PSoC5/isr_Load_TrShReg.c ****     priority = *isr_Load_TrShReg_INTC_PRIOR >> 5;
 116              		.loc 1 303 0
 117 0000 014B     		ldr	r3, .L11
 118 0002 1878     		ldrb	r0, [r3]	@ zero_extendqisi2
 119              	.LVL5:
 304:Generated_Source\PSoC5/isr_Load_TrShReg.c **** 
 305:Generated_Source\PSoC5/isr_Load_TrShReg.c ****     return priority;
 306:Generated_Source\PSoC5/isr_Load_TrShReg.c **** }
 120              		.loc 1 306 0
 121 0004 4009     		lsrs	r0, r0, #5
 122              	.LVL6:
 123 0006 7047     		bx	lr
 124              	.L12:
 125              		.align	2
 126              	.L11:
 127 0008 06E400E0 		.word	-536812538
 128              		.cfi_endproc
 129              	.LFE7:
 130              		.size	isr_Load_TrShReg_GetPriority, .-isr_Load_TrShReg_GetPriority
 131              		.section	.text.isr_Load_TrShReg_Enable,"ax",%progbits
 132              		.align	2
 133              		.global	isr_Load_TrShReg_Enable
 134              		.thumb
 135              		.thumb_func
 136              		.type	isr_Load_TrShReg_Enable, %function
 137              	isr_Load_TrShReg_Enable:
 138              	.LFB8:
 307:Generated_Source\PSoC5/isr_Load_TrShReg.c **** 
 308:Generated_Source\PSoC5/isr_Load_TrShReg.c **** 
 309:Generated_Source\PSoC5/isr_Load_TrShReg.c **** /*******************************************************************************
 310:Generated_Source\PSoC5/isr_Load_TrShReg.c **** * Function Name: isr_Load_TrShReg_Enable
 311:Generated_Source\PSoC5/isr_Load_TrShReg.c **** ********************************************************************************
 312:Generated_Source\PSoC5/isr_Load_TrShReg.c **** *
 313:Generated_Source\PSoC5/isr_Load_TrShReg.c **** * Summary:
 314:Generated_Source\PSoC5/isr_Load_TrShReg.c **** *   Enables the interrupt to the interrupt controller. Do not call this function
 315:Generated_Source\PSoC5/isr_Load_TrShReg.c **** *   unless ISR_Start() has been called or the functionality of the ISR_Start() 
 316:Generated_Source\PSoC5/isr_Load_TrShReg.c **** *   function, which sets the vector and the priority, has been called.
 317:Generated_Source\PSoC5/isr_Load_TrShReg.c **** *
 318:Generated_Source\PSoC5/isr_Load_TrShReg.c **** * Parameters:
ARM GAS  C:\Users\EA527~1.IVA\AppData\Local\Temp\ccmT71yT.s 			page 9


 319:Generated_Source\PSoC5/isr_Load_TrShReg.c **** *   None
 320:Generated_Source\PSoC5/isr_Load_TrShReg.c **** *
 321:Generated_Source\PSoC5/isr_Load_TrShReg.c **** * Return:
 322:Generated_Source\PSoC5/isr_Load_TrShReg.c **** *   None
 323:Generated_Source\PSoC5/isr_Load_TrShReg.c **** *
 324:Generated_Source\PSoC5/isr_Load_TrShReg.c **** *******************************************************************************/
 325:Generated_Source\PSoC5/isr_Load_TrShReg.c **** void isr_Load_TrShReg_Enable(void)
 326:Generated_Source\PSoC5/isr_Load_TrShReg.c **** {
 139              		.loc 1 326 0
 140              		.cfi_startproc
 141              		@ args = 0, pretend = 0, frame = 0
 142              		@ frame_needed = 0, uses_anonymous_args = 0
 143              		@ link register save eliminated.
 327:Generated_Source\PSoC5/isr_Load_TrShReg.c ****     /* Enable the general interrupt. */
 328:Generated_Source\PSoC5/isr_Load_TrShReg.c ****     *isr_Load_TrShReg_INTC_SET_EN = isr_Load_TrShReg__INTC_MASK;
 144              		.loc 1 328 0
 145 0000 4022     		movs	r2, #64
 146 0002 014B     		ldr	r3, .L14
 147 0004 1A60     		str	r2, [r3]
 148 0006 7047     		bx	lr
 149              	.L15:
 150              		.align	2
 151              	.L14:
 152 0008 00E100E0 		.word	-536813312
 153              		.cfi_endproc
 154              	.LFE8:
 155              		.size	isr_Load_TrShReg_Enable, .-isr_Load_TrShReg_Enable
 156              		.section	.text.isr_Load_TrShReg_GetState,"ax",%progbits
 157              		.align	2
 158              		.global	isr_Load_TrShReg_GetState
 159              		.thumb
 160              		.thumb_func
 161              		.type	isr_Load_TrShReg_GetState, %function
 162              	isr_Load_TrShReg_GetState:
 163              	.LFB9:
 329:Generated_Source\PSoC5/isr_Load_TrShReg.c **** }
 330:Generated_Source\PSoC5/isr_Load_TrShReg.c **** 
 331:Generated_Source\PSoC5/isr_Load_TrShReg.c **** 
 332:Generated_Source\PSoC5/isr_Load_TrShReg.c **** /*******************************************************************************
 333:Generated_Source\PSoC5/isr_Load_TrShReg.c **** * Function Name: isr_Load_TrShReg_GetState
 334:Generated_Source\PSoC5/isr_Load_TrShReg.c **** ********************************************************************************
 335:Generated_Source\PSoC5/isr_Load_TrShReg.c **** *
 336:Generated_Source\PSoC5/isr_Load_TrShReg.c **** * Summary:
 337:Generated_Source\PSoC5/isr_Load_TrShReg.c **** *   Gets the state (enabled, disabled) of the Interrupt.
 338:Generated_Source\PSoC5/isr_Load_TrShReg.c **** *
 339:Generated_Source\PSoC5/isr_Load_TrShReg.c **** * Parameters:
 340:Generated_Source\PSoC5/isr_Load_TrShReg.c **** *   None
 341:Generated_Source\PSoC5/isr_Load_TrShReg.c **** *
 342:Generated_Source\PSoC5/isr_Load_TrShReg.c **** * Return:
 343:Generated_Source\PSoC5/isr_Load_TrShReg.c **** *   1 if enabled, 0 if disabled.
 344:Generated_Source\PSoC5/isr_Load_TrShReg.c **** *
 345:Generated_Source\PSoC5/isr_Load_TrShReg.c **** *******************************************************************************/
 346:Generated_Source\PSoC5/isr_Load_TrShReg.c **** uint8 isr_Load_TrShReg_GetState(void)
 347:Generated_Source\PSoC5/isr_Load_TrShReg.c **** {
 164              		.loc 1 347 0
 165              		.cfi_startproc
 166              		@ args = 0, pretend = 0, frame = 0
ARM GAS  C:\Users\EA527~1.IVA\AppData\Local\Temp\ccmT71yT.s 			page 10


 167              		@ frame_needed = 0, uses_anonymous_args = 0
 168              		@ link register save eliminated.
 348:Generated_Source\PSoC5/isr_Load_TrShReg.c ****     /* Get the state of the general interrupt. */
 349:Generated_Source\PSoC5/isr_Load_TrShReg.c ****     return ((*isr_Load_TrShReg_INTC_SET_EN & (uint32)isr_Load_TrShReg__INTC_MASK) != 0u) ? 1u:0u;
 169              		.loc 1 349 0
 170 0000 044B     		ldr	r3, .L19
 171 0002 1B68     		ldr	r3, [r3]
 172 0004 13F0400F 		tst	r3, #64
 173 0008 01D0     		beq	.L18
 174 000a 0120     		movs	r0, #1
 175 000c 7047     		bx	lr
 176              	.L18:
 177 000e 0020     		movs	r0, #0
 350:Generated_Source\PSoC5/isr_Load_TrShReg.c **** }
 178              		.loc 1 350 0
 179 0010 7047     		bx	lr
 180              	.L20:
 181 0012 00BF     		.align	2
 182              	.L19:
 183 0014 00E100E0 		.word	-536813312
 184              		.cfi_endproc
 185              	.LFE9:
 186              		.size	isr_Load_TrShReg_GetState, .-isr_Load_TrShReg_GetState
 187              		.section	.text.isr_Load_TrShReg_Disable,"ax",%progbits
 188              		.align	2
 189              		.global	isr_Load_TrShReg_Disable
 190              		.thumb
 191              		.thumb_func
 192              		.type	isr_Load_TrShReg_Disable, %function
 193              	isr_Load_TrShReg_Disable:
 194              	.LFB10:
 351:Generated_Source\PSoC5/isr_Load_TrShReg.c **** 
 352:Generated_Source\PSoC5/isr_Load_TrShReg.c **** 
 353:Generated_Source\PSoC5/isr_Load_TrShReg.c **** /*******************************************************************************
 354:Generated_Source\PSoC5/isr_Load_TrShReg.c **** * Function Name: isr_Load_TrShReg_Disable
 355:Generated_Source\PSoC5/isr_Load_TrShReg.c **** ********************************************************************************
 356:Generated_Source\PSoC5/isr_Load_TrShReg.c **** *
 357:Generated_Source\PSoC5/isr_Load_TrShReg.c **** * Summary:
 358:Generated_Source\PSoC5/isr_Load_TrShReg.c **** *   Disables the Interrupt in the interrupt controller.
 359:Generated_Source\PSoC5/isr_Load_TrShReg.c **** *
 360:Generated_Source\PSoC5/isr_Load_TrShReg.c **** * Parameters:
 361:Generated_Source\PSoC5/isr_Load_TrShReg.c **** *   None
 362:Generated_Source\PSoC5/isr_Load_TrShReg.c **** *
 363:Generated_Source\PSoC5/isr_Load_TrShReg.c **** * Return:
 364:Generated_Source\PSoC5/isr_Load_TrShReg.c **** *   None
 365:Generated_Source\PSoC5/isr_Load_TrShReg.c **** *
 366:Generated_Source\PSoC5/isr_Load_TrShReg.c **** *******************************************************************************/
 367:Generated_Source\PSoC5/isr_Load_TrShReg.c **** void isr_Load_TrShReg_Disable(void)
 368:Generated_Source\PSoC5/isr_Load_TrShReg.c **** {
 195              		.loc 1 368 0
 196              		.cfi_startproc
 197              		@ args = 0, pretend = 0, frame = 0
 198              		@ frame_needed = 0, uses_anonymous_args = 0
 199              		@ link register save eliminated.
 369:Generated_Source\PSoC5/isr_Load_TrShReg.c ****     /* Disable the general interrupt. */
 370:Generated_Source\PSoC5/isr_Load_TrShReg.c ****     *isr_Load_TrShReg_INTC_CLR_EN = isr_Load_TrShReg__INTC_MASK;
 200              		.loc 1 370 0
ARM GAS  C:\Users\EA527~1.IVA\AppData\Local\Temp\ccmT71yT.s 			page 11


 201 0000 4022     		movs	r2, #64
 202 0002 014B     		ldr	r3, .L22
 203 0004 1A60     		str	r2, [r3]
 204 0006 7047     		bx	lr
 205              	.L23:
 206              		.align	2
 207              	.L22:
 208 0008 80E100E0 		.word	-536813184
 209              		.cfi_endproc
 210              	.LFE10:
 211              		.size	isr_Load_TrShReg_Disable, .-isr_Load_TrShReg_Disable
 212              		.section	.text.isr_Load_TrShReg_Start,"ax",%progbits
 213              		.align	2
 214              		.global	isr_Load_TrShReg_Start
 215              		.thumb
 216              		.thumb_func
 217              		.type	isr_Load_TrShReg_Start, %function
 218              	isr_Load_TrShReg_Start:
 219              	.LFB0:
  68:Generated_Source\PSoC5/isr_Load_TrShReg.c ****     /* For all we know the interrupt is active. */
 220              		.loc 1 68 0
 221              		.cfi_startproc
 222              		@ args = 0, pretend = 0, frame = 0
 223              		@ frame_needed = 0, uses_anonymous_args = 0
 224 0000 08B5     		push	{r3, lr}
 225              		.cfi_def_cfa_offset 8
 226              		.cfi_offset 3, -8
 227              		.cfi_offset 14, -4
  70:Generated_Source\PSoC5/isr_Load_TrShReg.c **** 
 228              		.loc 1 70 0
 229 0002 FFF7FEFF 		bl	isr_Load_TrShReg_Disable
 230              	.LVL7:
  73:Generated_Source\PSoC5/isr_Load_TrShReg.c **** 
 231              		.loc 1 73 0
 232 0006 0448     		ldr	r0, .L26
 233 0008 FFF7FEFF 		bl	isr_Load_TrShReg_SetVector
 234              	.LVL8:
  76:Generated_Source\PSoC5/isr_Load_TrShReg.c **** 
 235              		.loc 1 76 0
 236 000c 0520     		movs	r0, #5
 237 000e FFF7FEFF 		bl	isr_Load_TrShReg_SetPriority
 238              	.LVL9:
  79:Generated_Source\PSoC5/isr_Load_TrShReg.c **** }
 239              		.loc 1 79 0
 240 0012 FFF7FEFF 		bl	isr_Load_TrShReg_Enable
 241              	.LVL10:
 242 0016 08BD     		pop	{r3, pc}
 243              	.L27:
 244              		.align	2
 245              	.L26:
 246 0018 00000000 		.word	isr_Load_TrShReg_Interrupt
 247              		.cfi_endproc
 248              	.LFE0:
 249              		.size	isr_Load_TrShReg_Start, .-isr_Load_TrShReg_Start
 250              		.section	.text.isr_Load_TrShReg_StartEx,"ax",%progbits
 251              		.align	2
 252              		.global	isr_Load_TrShReg_StartEx
ARM GAS  C:\Users\EA527~1.IVA\AppData\Local\Temp\ccmT71yT.s 			page 12


 253              		.thumb
 254              		.thumb_func
 255              		.type	isr_Load_TrShReg_StartEx, %function
 256              	isr_Load_TrShReg_StartEx:
 257              	.LFB1:
 111:Generated_Source\PSoC5/isr_Load_TrShReg.c ****     /* For all we know the interrupt is active. */
 258              		.loc 1 111 0
 259              		.cfi_startproc
 260              		@ args = 0, pretend = 0, frame = 0
 261              		@ frame_needed = 0, uses_anonymous_args = 0
 262              	.LVL11:
 263 0000 10B5     		push	{r4, lr}
 264              		.cfi_def_cfa_offset 8
 265              		.cfi_offset 4, -8
 266              		.cfi_offset 14, -4
 267 0002 0446     		mov	r4, r0
 113:Generated_Source\PSoC5/isr_Load_TrShReg.c **** 
 268              		.loc 1 113 0
 269 0004 FFF7FEFF 		bl	isr_Load_TrShReg_Disable
 270              	.LVL12:
 116:Generated_Source\PSoC5/isr_Load_TrShReg.c **** 
 271              		.loc 1 116 0
 272 0008 2046     		mov	r0, r4
 273 000a FFF7FEFF 		bl	isr_Load_TrShReg_SetVector
 274              	.LVL13:
 119:Generated_Source\PSoC5/isr_Load_TrShReg.c **** 
 275              		.loc 1 119 0
 276 000e 0520     		movs	r0, #5
 277 0010 FFF7FEFF 		bl	isr_Load_TrShReg_SetPriority
 278              	.LVL14:
 122:Generated_Source\PSoC5/isr_Load_TrShReg.c **** }
 279              		.loc 1 122 0
 280 0014 FFF7FEFF 		bl	isr_Load_TrShReg_Enable
 281              	.LVL15:
 282 0018 10BD     		pop	{r4, pc}
 283              		.cfi_endproc
 284              	.LFE1:
 285              		.size	isr_Load_TrShReg_StartEx, .-isr_Load_TrShReg_StartEx
 286 001a 00BF     		.section	.text.isr_Load_TrShReg_Stop,"ax",%progbits
 287              		.align	2
 288              		.global	isr_Load_TrShReg_Stop
 289              		.thumb
 290              		.thumb_func
 291              		.type	isr_Load_TrShReg_Stop, %function
 292              	isr_Load_TrShReg_Stop:
 293              	.LFB2:
 141:Generated_Source\PSoC5/isr_Load_TrShReg.c ****     /* Disable this interrupt. */
 294              		.loc 1 141 0
 295              		.cfi_startproc
 296              		@ args = 0, pretend = 0, frame = 0
 297              		@ frame_needed = 0, uses_anonymous_args = 0
 298 0000 08B5     		push	{r3, lr}
 299              		.cfi_def_cfa_offset 8
 300              		.cfi_offset 3, -8
 301              		.cfi_offset 14, -4
 143:Generated_Source\PSoC5/isr_Load_TrShReg.c **** 
 302              		.loc 1 143 0
ARM GAS  C:\Users\EA527~1.IVA\AppData\Local\Temp\ccmT71yT.s 			page 13


 303 0002 FFF7FEFF 		bl	isr_Load_TrShReg_Disable
 304              	.LVL16:
 146:Generated_Source\PSoC5/isr_Load_TrShReg.c **** }
 305              		.loc 1 146 0
 306 0006 0248     		ldr	r0, .L32
 307 0008 FFF7FEFF 		bl	isr_Load_TrShReg_SetVector
 308              	.LVL17:
 309 000c 08BD     		pop	{r3, pc}
 310              	.L33:
 311 000e 00BF     		.align	2
 312              	.L32:
 313 0010 00000000 		.word	IntDefaultHandler
 314              		.cfi_endproc
 315              	.LFE2:
 316              		.size	isr_Load_TrShReg_Stop, .-isr_Load_TrShReg_Stop
 317              		.section	.text.isr_Load_TrShReg_SetPending,"ax",%progbits
 318              		.align	2
 319              		.global	isr_Load_TrShReg_SetPending
 320              		.thumb
 321              		.thumb_func
 322              		.type	isr_Load_TrShReg_SetPending, %function
 323              	isr_Load_TrShReg_SetPending:
 324              	.LFB11:
 371:Generated_Source\PSoC5/isr_Load_TrShReg.c **** }
 372:Generated_Source\PSoC5/isr_Load_TrShReg.c **** 
 373:Generated_Source\PSoC5/isr_Load_TrShReg.c **** 
 374:Generated_Source\PSoC5/isr_Load_TrShReg.c **** /*******************************************************************************
 375:Generated_Source\PSoC5/isr_Load_TrShReg.c **** * Function Name: isr_Load_TrShReg_SetPending
 376:Generated_Source\PSoC5/isr_Load_TrShReg.c **** ********************************************************************************
 377:Generated_Source\PSoC5/isr_Load_TrShReg.c **** *
 378:Generated_Source\PSoC5/isr_Load_TrShReg.c **** * Summary:
 379:Generated_Source\PSoC5/isr_Load_TrShReg.c **** *   Causes the Interrupt to enter the pending state, a software method of
 380:Generated_Source\PSoC5/isr_Load_TrShReg.c **** *   generating the interrupt.
 381:Generated_Source\PSoC5/isr_Load_TrShReg.c **** *
 382:Generated_Source\PSoC5/isr_Load_TrShReg.c **** * Parameters:
 383:Generated_Source\PSoC5/isr_Load_TrShReg.c **** *   None
 384:Generated_Source\PSoC5/isr_Load_TrShReg.c **** *
 385:Generated_Source\PSoC5/isr_Load_TrShReg.c **** * Return:
 386:Generated_Source\PSoC5/isr_Load_TrShReg.c **** *   None
 387:Generated_Source\PSoC5/isr_Load_TrShReg.c **** *
 388:Generated_Source\PSoC5/isr_Load_TrShReg.c **** * Side Effects:
 389:Generated_Source\PSoC5/isr_Load_TrShReg.c **** *   If interrupts are enabled and the interrupt is set up properly, the ISR is
 390:Generated_Source\PSoC5/isr_Load_TrShReg.c **** *   entered (depending on the priority of this interrupt and other pending 
 391:Generated_Source\PSoC5/isr_Load_TrShReg.c **** *   interrupts).
 392:Generated_Source\PSoC5/isr_Load_TrShReg.c **** *
 393:Generated_Source\PSoC5/isr_Load_TrShReg.c **** *******************************************************************************/
 394:Generated_Source\PSoC5/isr_Load_TrShReg.c **** void isr_Load_TrShReg_SetPending(void)
 395:Generated_Source\PSoC5/isr_Load_TrShReg.c **** {
 325              		.loc 1 395 0
 326              		.cfi_startproc
 327              		@ args = 0, pretend = 0, frame = 0
 328              		@ frame_needed = 0, uses_anonymous_args = 0
 329              		@ link register save eliminated.
 396:Generated_Source\PSoC5/isr_Load_TrShReg.c ****     *isr_Load_TrShReg_INTC_SET_PD = isr_Load_TrShReg__INTC_MASK;
 330              		.loc 1 396 0
 331 0000 4022     		movs	r2, #64
 332 0002 014B     		ldr	r3, .L35
ARM GAS  C:\Users\EA527~1.IVA\AppData\Local\Temp\ccmT71yT.s 			page 14


 333 0004 1A60     		str	r2, [r3]
 334 0006 7047     		bx	lr
 335              	.L36:
 336              		.align	2
 337              	.L35:
 338 0008 00E200E0 		.word	-536813056
 339              		.cfi_endproc
 340              	.LFE11:
 341              		.size	isr_Load_TrShReg_SetPending, .-isr_Load_TrShReg_SetPending
 342              		.section	.text.isr_Load_TrShReg_ClearPending,"ax",%progbits
 343              		.align	2
 344              		.global	isr_Load_TrShReg_ClearPending
 345              		.thumb
 346              		.thumb_func
 347              		.type	isr_Load_TrShReg_ClearPending, %function
 348              	isr_Load_TrShReg_ClearPending:
 349              	.LFB12:
 397:Generated_Source\PSoC5/isr_Load_TrShReg.c **** }
 398:Generated_Source\PSoC5/isr_Load_TrShReg.c **** 
 399:Generated_Source\PSoC5/isr_Load_TrShReg.c **** 
 400:Generated_Source\PSoC5/isr_Load_TrShReg.c **** /*******************************************************************************
 401:Generated_Source\PSoC5/isr_Load_TrShReg.c **** * Function Name: isr_Load_TrShReg_ClearPending
 402:Generated_Source\PSoC5/isr_Load_TrShReg.c **** ********************************************************************************
 403:Generated_Source\PSoC5/isr_Load_TrShReg.c **** *
 404:Generated_Source\PSoC5/isr_Load_TrShReg.c **** * Summary:
 405:Generated_Source\PSoC5/isr_Load_TrShReg.c **** *   Clears a pending interrupt in the interrupt controller.
 406:Generated_Source\PSoC5/isr_Load_TrShReg.c **** *
 407:Generated_Source\PSoC5/isr_Load_TrShReg.c **** *   Note Some interrupt sources are clear-on-read and require the block 
 408:Generated_Source\PSoC5/isr_Load_TrShReg.c **** *   interrupt/status register to be read/cleared with the appropriate block API 
 409:Generated_Source\PSoC5/isr_Load_TrShReg.c **** *   (GPIO, UART, and so on). Otherwise the ISR will continue to remain in 
 410:Generated_Source\PSoC5/isr_Load_TrShReg.c **** *   pending state even though the interrupt itself is cleared using this API.
 411:Generated_Source\PSoC5/isr_Load_TrShReg.c **** *
 412:Generated_Source\PSoC5/isr_Load_TrShReg.c **** * Parameters:
 413:Generated_Source\PSoC5/isr_Load_TrShReg.c **** *   None
 414:Generated_Source\PSoC5/isr_Load_TrShReg.c **** *
 415:Generated_Source\PSoC5/isr_Load_TrShReg.c **** * Return:
 416:Generated_Source\PSoC5/isr_Load_TrShReg.c **** *   None
 417:Generated_Source\PSoC5/isr_Load_TrShReg.c **** *
 418:Generated_Source\PSoC5/isr_Load_TrShReg.c **** *******************************************************************************/
 419:Generated_Source\PSoC5/isr_Load_TrShReg.c **** void isr_Load_TrShReg_ClearPending(void)
 420:Generated_Source\PSoC5/isr_Load_TrShReg.c **** {
 350              		.loc 1 420 0
 351              		.cfi_startproc
 352              		@ args = 0, pretend = 0, frame = 0
 353              		@ frame_needed = 0, uses_anonymous_args = 0
 354              		@ link register save eliminated.
 421:Generated_Source\PSoC5/isr_Load_TrShReg.c ****     *isr_Load_TrShReg_INTC_CLR_PD = isr_Load_TrShReg__INTC_MASK;
 355              		.loc 1 421 0
 356 0000 4022     		movs	r2, #64
 357 0002 014B     		ldr	r3, .L38
 358 0004 1A60     		str	r2, [r3]
 359 0006 7047     		bx	lr
 360              	.L39:
 361              		.align	2
 362              	.L38:
 363 0008 80E200E0 		.word	-536812928
 364              		.cfi_endproc
ARM GAS  C:\Users\EA527~1.IVA\AppData\Local\Temp\ccmT71yT.s 			page 15


 365              	.LFE12:
 366              		.size	isr_Load_TrShReg_ClearPending, .-isr_Load_TrShReg_ClearPending
 367              		.section	.text.isr_Load_TrShReg_Interrupt,"ax",%progbits
 368              		.align	2
 369              		.global	isr_Load_TrShReg_Interrupt
 370              		.thumb
 371              		.thumb_func
 372              		.type	isr_Load_TrShReg_Interrupt, %function
 373              	isr_Load_TrShReg_Interrupt:
 374              	.LFB3:
 167:Generated_Source\PSoC5/isr_Load_TrShReg.c ****     #ifdef isr_Load_TrShReg_INTERRUPT_INTERRUPT_CALLBACK
 375              		.loc 1 167 0
 376              		.cfi_startproc
 377              		@ args = 0, pretend = 0, frame = 0
 378              		@ frame_needed = 0, uses_anonymous_args = 0
 379 0000 08B5     		push	{r3, lr}
 380              		.cfi_def_cfa_offset 8
 381              		.cfi_offset 3, -8
 382              		.cfi_offset 14, -4
 175:Generated_Source\PSoC5/isr_Load_TrShReg.c **** 
 383              		.loc 1 175 0
 384 0002 FFF7FEFF 		bl	Load
 385              	.LVL18:
 177:Generated_Source\PSoC5/isr_Load_TrShReg.c **** //    if( TransmitShiftReg_RET_FIFO_EMPTY == TransmitShiftReg_GetFIFOStatus(TransmitShiftReg_IN_FIF
 386              		.loc 1 177 0
 387 0006 0A4B     		ldr	r3, .L43
 388 0008 1B78     		ldrb	r3, [r3]	@ zero_extendqisi2
 389 000a DBB2     		uxtb	r3, r3
 390 000c 094A     		ldr	r2, .L43+4
 391 000e 1370     		strb	r3, [r2]
 179:Generated_Source\PSoC5/isr_Load_TrShReg.c ****         StartTransmit_Write(0);
 392              		.loc 1 179 0
 393 0010 13F0080F 		tst	r3, #8
 394 0014 08D0     		beq	.L41
 180:Generated_Source\PSoC5/isr_Load_TrShReg.c ****         BitCounterEnc_ReadStatusRegister( );
 395              		.loc 1 180 0
 396 0016 0020     		movs	r0, #0
 397 0018 FFF7FEFF 		bl	StartTransmit_Write
 398              	.LVL19:
 181:Generated_Source\PSoC5/isr_Load_TrShReg.c ****         isr_TransmitWordShift_ClearPending( );
 399              		.loc 1 181 0
 400 001c FFF7FEFF 		bl	BitCounterEnc_ReadStatusRegister
 401              	.LVL20:
 182:Generated_Source\PSoC5/isr_Load_TrShReg.c ****         isr_TransmitWordShift_Enable( );
 402              		.loc 1 182 0
 403 0020 FFF7FEFF 		bl	isr_TransmitWordShift_ClearPending
 404              	.LVL21:
 183:Generated_Source\PSoC5/isr_Load_TrShReg.c ****     }
 405              		.loc 1 183 0
 406 0024 FFF7FEFF 		bl	isr_TransmitWordShift_Enable
 407              	.LVL22:
 408              	.L41:
 186:Generated_Source\PSoC5/isr_Load_TrShReg.c ****     /* `#END` */
 409              		.loc 1 186 0
 410 0028 FFF7FEFF 		bl	isr_Load_TrShReg_ClearPending
 411              	.LVL23:
 412 002c 08BD     		pop	{r3, pc}
ARM GAS  C:\Users\EA527~1.IVA\AppData\Local\Temp\ccmT71yT.s 			page 16


 413              	.L44:
 414 002e 00BF     		.align	2
 415              	.L43:
 416 0030 6B640040 		.word	1073767531
 417 0034 00000000 		.word	curStat
 418              		.cfi_endproc
 419              	.LFE3:
 420              		.size	isr_Load_TrShReg_Interrupt, .-isr_Load_TrShReg_Interrupt
 421              		.text
 422              	.Letext0:
 423              		.file 2 "Generated_Source\\PSoC5/cytypes.h"
 424              		.file 3 "./sender.h"
 425              		.file 4 "Generated_Source\\PSoC5/StartTransmit.h"
 426              		.file 5 "Generated_Source\\PSoC5/BitCounterEnc.h"
 427              		.file 6 "Generated_Source\\PSoC5/isr_TransmitWordShift.h"
 428              		.section	.debug_info,"",%progbits
 429              	.Ldebug_info0:
 430 0000 D2030000 		.4byte	0x3d2
 431 0004 0400     		.2byte	0x4
 432 0006 00000000 		.4byte	.Ldebug_abbrev0
 433 000a 04       		.byte	0x4
 434 000b 01       		.uleb128 0x1
 435 000c 66010000 		.4byte	.LASF47
 436 0010 0C       		.byte	0xc
 437 0011 54020000 		.4byte	.LASF48
 438 0015 82000000 		.4byte	.LASF49
 439 0019 00000000 		.4byte	.Ldebug_ranges0+0
 440 001d 00000000 		.4byte	0
 441 0021 00000000 		.4byte	.Ldebug_line0
 442 0025 02       		.uleb128 0x2
 443 0026 04       		.byte	0x4
 444 0027 05       		.byte	0x5
 445 0028 696E7400 		.ascii	"int\000"
 446 002c 03       		.uleb128 0x3
 447 002d 04       		.byte	0x4
 448 002e 07       		.byte	0x7
 449 002f A5020000 		.4byte	.LASF0
 450 0033 03       		.uleb128 0x3
 451 0034 08       		.byte	0x8
 452 0035 05       		.byte	0x5
 453 0036 61030000 		.4byte	.LASF1
 454 003a 03       		.uleb128 0x3
 455 003b 08       		.byte	0x8
 456 003c 04       		.byte	0x4
 457 003d C0030000 		.4byte	.LASF2
 458 0041 03       		.uleb128 0x3
 459 0042 01       		.byte	0x1
 460 0043 06       		.byte	0x6
 461 0044 CC030000 		.4byte	.LASF3
 462 0048 03       		.uleb128 0x3
 463 0049 01       		.byte	0x1
 464 004a 08       		.byte	0x8
 465 004b 58010000 		.4byte	.LASF4
 466 004f 03       		.uleb128 0x3
 467 0050 02       		.byte	0x2
 468 0051 05       		.byte	0x5
 469 0052 9A030000 		.4byte	.LASF5
ARM GAS  C:\Users\EA527~1.IVA\AppData\Local\Temp\ccmT71yT.s 			page 17


 470 0056 03       		.uleb128 0x3
 471 0057 02       		.byte	0x2
 472 0058 07       		.byte	0x7
 473 0059 D2000000 		.4byte	.LASF6
 474 005d 03       		.uleb128 0x3
 475 005e 04       		.byte	0x4
 476 005f 05       		.byte	0x5
 477 0060 B7030000 		.4byte	.LASF7
 478 0064 03       		.uleb128 0x3
 479 0065 04       		.byte	0x4
 480 0066 07       		.byte	0x7
 481 0067 33020000 		.4byte	.LASF8
 482 006b 03       		.uleb128 0x3
 483 006c 08       		.byte	0x8
 484 006d 07       		.byte	0x7
 485 006e D5020000 		.4byte	.LASF9
 486 0072 03       		.uleb128 0x3
 487 0073 04       		.byte	0x4
 488 0074 07       		.byte	0x7
 489 0075 58030000 		.4byte	.LASF10
 490 0079 03       		.uleb128 0x3
 491 007a 01       		.byte	0x1
 492 007b 08       		.byte	0x8
 493 007c 86030000 		.4byte	.LASF11
 494 0080 04       		.uleb128 0x4
 495 0081 04       		.byte	0x4
 496 0082 86000000 		.4byte	0x86
 497 0086 05       		.uleb128 0x5
 498 0087 06       		.uleb128 0x6
 499 0088 45020000 		.4byte	.LASF12
 500 008c 02       		.byte	0x2
 501 008d E401     		.2byte	0x1e4
 502 008f 48000000 		.4byte	0x48
 503 0093 06       		.uleb128 0x6
 504 0094 9E020000 		.4byte	.LASF13
 505 0098 02       		.byte	0x2
 506 0099 E601     		.2byte	0x1e6
 507 009b 64000000 		.4byte	0x64
 508 009f 03       		.uleb128 0x3
 509 00a0 04       		.byte	0x4
 510 00a1 04       		.byte	0x4
 511 00a2 4A010000 		.4byte	.LASF14
 512 00a6 03       		.uleb128 0x3
 513 00a7 08       		.byte	0x8
 514 00a8 04       		.byte	0x4
 515 00a9 7E020000 		.4byte	.LASF15
 516 00ad 06       		.uleb128 0x6
 517 00ae F4010000 		.4byte	.LASF16
 518 00b2 02       		.byte	0x2
 519 00b3 8E02     		.2byte	0x28e
 520 00b5 B9000000 		.4byte	0xb9
 521 00b9 07       		.uleb128 0x7
 522 00ba 87000000 		.4byte	0x87
 523 00be 06       		.uleb128 0x6
 524 00bf 1C000000 		.4byte	.LASF17
 525 00c3 02       		.byte	0x2
 526 00c4 9002     		.2byte	0x290
ARM GAS  C:\Users\EA527~1.IVA\AppData\Local\Temp\ccmT71yT.s 			page 18


 527 00c6 CA000000 		.4byte	0xca
 528 00ca 07       		.uleb128 0x7
 529 00cb 93000000 		.4byte	0x93
 530 00cf 06       		.uleb128 0x6
 531 00d0 22030000 		.4byte	.LASF18
 532 00d4 02       		.byte	0x2
 533 00d5 A002     		.2byte	0x2a0
 534 00d7 80000000 		.4byte	0x80
 535 00db 08       		.uleb128 0x8
 536 00dc 04       		.byte	0x4
 537 00dd 03       		.byte	0x3
 538 00de 0F       		.byte	0xf
 539 00df 4D010000 		.4byte	0x14d
 540 00e3 09       		.uleb128 0x9
 541 00e4 A4030000 		.4byte	.LASF19
 542 00e8 03       		.byte	0x3
 543 00e9 10       		.byte	0x10
 544 00ea 25000000 		.4byte	0x25
 545 00ee 04       		.byte	0x4
 546 00ef 01       		.byte	0x1
 547 00f0 1F       		.byte	0x1f
 548 00f1 00       		.byte	0
 549 00f2 09       		.uleb128 0x9
 550 00f3 B1030000 		.4byte	.LASF20
 551 00f7 03       		.byte	0x3
 552 00f8 11       		.byte	0x11
 553 00f9 25000000 		.4byte	0x25
 554 00fd 04       		.byte	0x4
 555 00fe 01       		.byte	0x1
 556 00ff 1E       		.byte	0x1e
 557 0100 00       		.byte	0
 558 0101 09       		.uleb128 0x9
 559 0102 4A000000 		.4byte	.LASF21
 560 0106 03       		.byte	0x3
 561 0107 12       		.byte	0x12
 562 0108 25000000 		.4byte	0x25
 563 010c 04       		.byte	0x4
 564 010d 01       		.byte	0x1
 565 010e 1D       		.byte	0x1d
 566 010f 00       		.byte	0
 567 0110 09       		.uleb128 0x9
 568 0111 E5000000 		.4byte	.LASF22
 569 0115 03       		.byte	0x3
 570 0116 13       		.byte	0x13
 571 0117 25000000 		.4byte	0x25
 572 011b 04       		.byte	0x4
 573 011c 01       		.byte	0x1
 574 011d 1C       		.byte	0x1c
 575 011e 00       		.byte	0
 576 011f 09       		.uleb128 0x9
 577 0120 2F030000 		.4byte	.LASF23
 578 0124 03       		.byte	0x3
 579 0125 14       		.byte	0x14
 580 0126 25000000 		.4byte	0x25
 581 012a 04       		.byte	0x4
 582 012b 01       		.byte	0x1
 583 012c 1B       		.byte	0x1b
ARM GAS  C:\Users\EA527~1.IVA\AppData\Local\Temp\ccmT71yT.s 			page 19


 584 012d 00       		.byte	0
 585 012e 09       		.uleb128 0x9
 586 012f CA000000 		.4byte	.LASF24
 587 0133 03       		.byte	0x3
 588 0134 15       		.byte	0x15
 589 0135 25000000 		.4byte	0x25
 590 0139 04       		.byte	0x4
 591 013a 01       		.byte	0x1
 592 013b 1A       		.byte	0x1a
 593 013c 00       		.byte	0
 594 013d 09       		.uleb128 0x9
 595 013e 3F010000 		.4byte	.LASF25
 596 0142 03       		.byte	0x3
 597 0143 16       		.byte	0x16
 598 0144 25000000 		.4byte	0x25
 599 0148 04       		.byte	0x4
 600 0149 01       		.byte	0x1
 601 014a 19       		.byte	0x19
 602 014b 00       		.byte	0
 603 014c 00       		.byte	0
 604 014d 0A       		.uleb128 0xa
 605 014e A9030000 		.4byte	.LASF26
 606 0152 03       		.byte	0x3
 607 0153 18       		.byte	0x18
 608 0154 DB000000 		.4byte	0xdb
 609 0158 0B       		.uleb128 0xb
 610 0159 07030000 		.4byte	.LASF28
 611 015d 01       		.byte	0x1
 612 015e DA       		.byte	0xda
 613 015f 00000000 		.4byte	.LFB4
 614 0163 0C000000 		.4byte	.LFE4-.LFB4
 615 0167 01       		.uleb128 0x1
 616 0168 9C       		.byte	0x9c
 617 0169 88010000 		.4byte	0x188
 618 016d 0C       		.uleb128 0xc
 619 016e CD020000 		.4byte	.LASF30
 620 0172 01       		.byte	0x1
 621 0173 DA       		.byte	0xda
 622 0174 CF000000 		.4byte	0xcf
 623 0178 01       		.uleb128 0x1
 624 0179 50       		.byte	0x50
 625 017a 0D       		.uleb128 0xd
 626 017b 8B030000 		.4byte	.LASF27
 627 017f 01       		.byte	0x1
 628 0180 DC       		.byte	0xdc
 629 0181 88010000 		.4byte	0x188
 630 0185 01       		.uleb128 0x1
 631 0186 53       		.byte	0x53
 632 0187 00       		.byte	0
 633 0188 04       		.uleb128 0x4
 634 0189 04       		.byte	0x4
 635 018a CF000000 		.4byte	0xcf
 636 018e 0E       		.uleb128 0xe
 637 018f B2020000 		.4byte	.LASF32
 638 0193 01       		.byte	0x1
 639 0194 F2       		.byte	0xf2
 640 0195 CF000000 		.4byte	0xcf
ARM GAS  C:\Users\EA527~1.IVA\AppData\Local\Temp\ccmT71yT.s 			page 20


 641 0199 00000000 		.4byte	.LFB5
 642 019d 0C000000 		.4byte	.LFE5-.LFB5
 643 01a1 01       		.uleb128 0x1
 644 01a2 9C       		.byte	0x9c
 645 01a3 B5010000 		.4byte	0x1b5
 646 01a7 0D       		.uleb128 0xd
 647 01a8 8B030000 		.4byte	.LASF27
 648 01ac 01       		.byte	0x1
 649 01ad F4       		.byte	0xf4
 650 01ae 88010000 		.4byte	0x188
 651 01b2 01       		.uleb128 0x1
 652 01b3 53       		.byte	0x53
 653 01b4 00       		.byte	0
 654 01b5 0F       		.uleb128 0xf
 655 01b6 EC030000 		.4byte	.LASF29
 656 01ba 01       		.byte	0x1
 657 01bb 1401     		.2byte	0x114
 658 01bd 00000000 		.4byte	.LFB6
 659 01c1 10000000 		.4byte	.LFE6-.LFB6
 660 01c5 01       		.uleb128 0x1
 661 01c6 9C       		.byte	0x9c
 662 01c7 DC010000 		.4byte	0x1dc
 663 01cb 10       		.uleb128 0x10
 664 01cc 4B020000 		.4byte	.LASF31
 665 01d0 01       		.byte	0x1
 666 01d1 1401     		.2byte	0x114
 667 01d3 87000000 		.4byte	0x87
 668 01d7 00000000 		.4byte	.LLST0
 669 01db 00       		.byte	0
 670 01dc 11       		.uleb128 0x11
 671 01dd 3B030000 		.4byte	.LASF33
 672 01e1 01       		.byte	0x1
 673 01e2 2A01     		.2byte	0x12a
 674 01e4 87000000 		.4byte	0x87
 675 01e8 00000000 		.4byte	.LFB7
 676 01ec 0C000000 		.4byte	.LFE7-.LFB7
 677 01f0 01       		.uleb128 0x1
 678 01f1 9C       		.byte	0x9c
 679 01f2 07020000 		.4byte	0x207
 680 01f6 12       		.uleb128 0x12
 681 01f7 4B020000 		.4byte	.LASF31
 682 01fb 01       		.byte	0x1
 683 01fc 2C01     		.2byte	0x12c
 684 01fe 87000000 		.4byte	0x87
 685 0202 21000000 		.4byte	.LLST1
 686 0206 00       		.byte	0
 687 0207 13       		.uleb128 0x13
 688 0208 50000000 		.4byte	.LASF34
 689 020c 01       		.byte	0x1
 690 020d 4501     		.2byte	0x145
 691 020f 00000000 		.4byte	.LFB8
 692 0213 0C000000 		.4byte	.LFE8-.LFB8
 693 0217 01       		.uleb128 0x1
 694 0218 9C       		.byte	0x9c
 695 0219 14       		.uleb128 0x14
 696 021a 68000000 		.4byte	.LASF50
 697 021e 01       		.byte	0x1
ARM GAS  C:\Users\EA527~1.IVA\AppData\Local\Temp\ccmT71yT.s 			page 21


 698 021f 5A01     		.2byte	0x15a
 699 0221 87000000 		.4byte	0x87
 700 0225 00000000 		.4byte	.LFB9
 701 0229 18000000 		.4byte	.LFE9-.LFB9
 702 022d 01       		.uleb128 0x1
 703 022e 9C       		.byte	0x9c
 704 022f 13       		.uleb128 0x13
 705 0230 85020000 		.4byte	.LASF35
 706 0234 01       		.byte	0x1
 707 0235 6F01     		.2byte	0x16f
 708 0237 00000000 		.4byte	.LFB10
 709 023b 0C000000 		.4byte	.LFE10-.LFB10
 710 023f 01       		.uleb128 0x1
 711 0240 9C       		.byte	0x9c
 712 0241 0B       		.uleb128 0xb
 713 0242 6F030000 		.4byte	.LASF36
 714 0246 01       		.byte	0x1
 715 0247 43       		.byte	0x43
 716 0248 00000000 		.4byte	.LFB0
 717 024c 1C000000 		.4byte	.LFE0-.LFB0
 718 0250 01       		.uleb128 0x1
 719 0251 9C       		.byte	0x9c
 720 0252 93020000 		.4byte	0x293
 721 0256 15       		.uleb128 0x15
 722 0257 06000000 		.4byte	.LVL7
 723 025b 2F020000 		.4byte	0x22f
 724 025f 16       		.uleb128 0x16
 725 0260 0C000000 		.4byte	.LVL8
 726 0264 58010000 		.4byte	0x158
 727 0268 76020000 		.4byte	0x276
 728 026c 17       		.uleb128 0x17
 729 026d 01       		.uleb128 0x1
 730 026e 50       		.byte	0x50
 731 026f 05       		.uleb128 0x5
 732 0270 03       		.byte	0x3
 733 0271 00000000 		.4byte	isr_Load_TrShReg_Interrupt
 734 0275 00       		.byte	0
 735 0276 16       		.uleb128 0x16
 736 0277 12000000 		.4byte	.LVL9
 737 027b B5010000 		.4byte	0x1b5
 738 027f 89020000 		.4byte	0x289
 739 0283 17       		.uleb128 0x17
 740 0284 01       		.uleb128 0x1
 741 0285 50       		.byte	0x50
 742 0286 01       		.uleb128 0x1
 743 0287 35       		.byte	0x35
 744 0288 00       		.byte	0
 745 0289 15       		.uleb128 0x15
 746 028a 16000000 		.4byte	.LVL10
 747 028e 07020000 		.4byte	0x207
 748 0292 00       		.byte	0
 749 0293 0B       		.uleb128 0xb
 750 0294 F9010000 		.4byte	.LASF37
 751 0298 01       		.byte	0x1
 752 0299 6E       		.byte	0x6e
 753 029a 00000000 		.4byte	.LFB1
 754 029e 1A000000 		.4byte	.LFE1-.LFB1
ARM GAS  C:\Users\EA527~1.IVA\AppData\Local\Temp\ccmT71yT.s 			page 22


 755 02a2 01       		.uleb128 0x1
 756 02a3 9C       		.byte	0x9c
 757 02a4 F1020000 		.4byte	0x2f1
 758 02a8 18       		.uleb128 0x18
 759 02a9 CD020000 		.4byte	.LASF30
 760 02ad 01       		.byte	0x1
 761 02ae 6E       		.byte	0x6e
 762 02af CF000000 		.4byte	0xcf
 763 02b3 38000000 		.4byte	.LLST2
 764 02b7 15       		.uleb128 0x15
 765 02b8 08000000 		.4byte	.LVL12
 766 02bc 2F020000 		.4byte	0x22f
 767 02c0 16       		.uleb128 0x16
 768 02c1 0E000000 		.4byte	.LVL13
 769 02c5 58010000 		.4byte	0x158
 770 02c9 D4020000 		.4byte	0x2d4
 771 02cd 17       		.uleb128 0x17
 772 02ce 01       		.uleb128 0x1
 773 02cf 50       		.byte	0x50
 774 02d0 02       		.uleb128 0x2
 775 02d1 74       		.byte	0x74
 776 02d2 00       		.sleb128 0
 777 02d3 00       		.byte	0
 778 02d4 16       		.uleb128 0x16
 779 02d5 14000000 		.4byte	.LVL14
 780 02d9 B5010000 		.4byte	0x1b5
 781 02dd E7020000 		.4byte	0x2e7
 782 02e1 17       		.uleb128 0x17
 783 02e2 01       		.uleb128 0x1
 784 02e3 50       		.byte	0x50
 785 02e4 01       		.uleb128 0x1
 786 02e5 35       		.byte	0x35
 787 02e6 00       		.byte	0
 788 02e7 15       		.uleb128 0x15
 789 02e8 18000000 		.4byte	.LVL15
 790 02ec 07020000 		.4byte	0x207
 791 02f0 00       		.byte	0
 792 02f1 0B       		.uleb128 0xb
 793 02f2 0B010000 		.4byte	.LASF38
 794 02f6 01       		.byte	0x1
 795 02f7 8C       		.byte	0x8c
 796 02f8 00000000 		.4byte	.LFB2
 797 02fc 14000000 		.4byte	.LFE2-.LFB2
 798 0300 01       		.uleb128 0x1
 799 0301 9C       		.byte	0x9c
 800 0302 19030000 		.4byte	0x319
 801 0306 15       		.uleb128 0x15
 802 0307 06000000 		.4byte	.LVL16
 803 030b 2F020000 		.4byte	0x22f
 804 030f 15       		.uleb128 0x15
 805 0310 0C000000 		.4byte	.LVL17
 806 0314 58010000 		.4byte	0x158
 807 0318 00       		.byte	0
 808 0319 13       		.uleb128 0x13
 809 031a 00000000 		.4byte	.LASF39
 810 031e 01       		.byte	0x1
 811 031f 8A01     		.2byte	0x18a
ARM GAS  C:\Users\EA527~1.IVA\AppData\Local\Temp\ccmT71yT.s 			page 23


 812 0321 00000000 		.4byte	.LFB11
 813 0325 0C000000 		.4byte	.LFE11-.LFB11
 814 0329 01       		.uleb128 0x1
 815 032a 9C       		.byte	0x9c
 816 032b 13       		.uleb128 0x13
 817 032c 21010000 		.4byte	.LASF40
 818 0330 01       		.byte	0x1
 819 0331 A301     		.2byte	0x1a3
 820 0333 00000000 		.4byte	.LFB12
 821 0337 0C000000 		.4byte	.LFE12-.LFB12
 822 033b 01       		.uleb128 0x1
 823 033c 9C       		.byte	0x9c
 824 033d 0B       		.uleb128 0xb
 825 033e EC020000 		.4byte	.LASF41
 826 0342 01       		.byte	0x1
 827 0343 A6       		.byte	0xa6
 828 0344 00000000 		.4byte	.LFB3
 829 0348 38000000 		.4byte	.LFE3-.LFB3
 830 034c 01       		.uleb128 0x1
 831 034d 9C       		.byte	0x9c
 832 034e 93030000 		.4byte	0x393
 833 0352 15       		.uleb128 0x15
 834 0353 06000000 		.4byte	.LVL18
 835 0357 9E030000 		.4byte	0x39e
 836 035b 16       		.uleb128 0x16
 837 035c 1C000000 		.4byte	.LVL19
 838 0360 A9030000 		.4byte	0x3a9
 839 0364 6E030000 		.4byte	0x36e
 840 0368 17       		.uleb128 0x17
 841 0369 01       		.uleb128 0x1
 842 036a 50       		.byte	0x50
 843 036b 01       		.uleb128 0x1
 844 036c 30       		.byte	0x30
 845 036d 00       		.byte	0
 846 036e 15       		.uleb128 0x15
 847 036f 20000000 		.4byte	.LVL20
 848 0373 B4030000 		.4byte	0x3b4
 849 0377 15       		.uleb128 0x15
 850 0378 24000000 		.4byte	.LVL21
 851 037c BF030000 		.4byte	0x3bf
 852 0380 15       		.uleb128 0x15
 853 0381 28000000 		.4byte	.LVL22
 854 0385 CA030000 		.4byte	0x3ca
 855 0389 15       		.uleb128 0x15
 856 038a 2C000000 		.4byte	.LVL23
 857 038e 2B030000 		.4byte	0x32b
 858 0392 00       		.byte	0
 859 0393 19       		.uleb128 0x19
 860 0394 50010000 		.4byte	.LASF51
 861 0398 03       		.byte	0x3
 862 0399 19       		.byte	0x19
 863 039a 4D010000 		.4byte	0x14d
 864 039e 1A       		.uleb128 0x1a
 865 039f 22000000 		.4byte	.LASF42
 866 03a3 22000000 		.4byte	.LASF42
 867 03a7 03       		.byte	0x3
 868 03a8 1E       		.byte	0x1e
ARM GAS  C:\Users\EA527~1.IVA\AppData\Local\Temp\ccmT71yT.s 			page 24


 869 03a9 1A       		.uleb128 0x1a
 870 03aa D8030000 		.4byte	.LASF43
 871 03ae D8030000 		.4byte	.LASF43
 872 03b2 04       		.byte	0x4
 873 03b3 2F       		.byte	0x2f
 874 03b4 1A       		.uleb128 0x1a
 875 03b5 12020000 		.4byte	.LASF44
 876 03b9 12020000 		.4byte	.LASF44
 877 03bd 05       		.byte	0x5
 878 03be 52       		.byte	0x52
 879 03bf 1A       		.uleb128 0x1a
 880 03c0 27000000 		.4byte	.LASF45
 881 03c4 27000000 		.4byte	.LASF45
 882 03c8 06       		.byte	0x6
 883 03c9 28       		.byte	0x28
 884 03ca 1A       		.uleb128 0x1a
 885 03cb EE000000 		.4byte	.LASF46
 886 03cf EE000000 		.4byte	.LASF46
 887 03d3 06       		.byte	0x6
 888 03d4 23       		.byte	0x23
 889 03d5 00       		.byte	0
 890              		.section	.debug_abbrev,"",%progbits
 891              	.Ldebug_abbrev0:
 892 0000 01       		.uleb128 0x1
 893 0001 11       		.uleb128 0x11
 894 0002 01       		.byte	0x1
 895 0003 25       		.uleb128 0x25
 896 0004 0E       		.uleb128 0xe
 897 0005 13       		.uleb128 0x13
 898 0006 0B       		.uleb128 0xb
 899 0007 03       		.uleb128 0x3
 900 0008 0E       		.uleb128 0xe
 901 0009 1B       		.uleb128 0x1b
 902 000a 0E       		.uleb128 0xe
 903 000b 55       		.uleb128 0x55
 904 000c 17       		.uleb128 0x17
 905 000d 11       		.uleb128 0x11
 906 000e 01       		.uleb128 0x1
 907 000f 10       		.uleb128 0x10
 908 0010 17       		.uleb128 0x17
 909 0011 00       		.byte	0
 910 0012 00       		.byte	0
 911 0013 02       		.uleb128 0x2
 912 0014 24       		.uleb128 0x24
 913 0015 00       		.byte	0
 914 0016 0B       		.uleb128 0xb
 915 0017 0B       		.uleb128 0xb
 916 0018 3E       		.uleb128 0x3e
 917 0019 0B       		.uleb128 0xb
 918 001a 03       		.uleb128 0x3
 919 001b 08       		.uleb128 0x8
 920 001c 00       		.byte	0
 921 001d 00       		.byte	0
 922 001e 03       		.uleb128 0x3
 923 001f 24       		.uleb128 0x24
 924 0020 00       		.byte	0
 925 0021 0B       		.uleb128 0xb
ARM GAS  C:\Users\EA527~1.IVA\AppData\Local\Temp\ccmT71yT.s 			page 25


 926 0022 0B       		.uleb128 0xb
 927 0023 3E       		.uleb128 0x3e
 928 0024 0B       		.uleb128 0xb
 929 0025 03       		.uleb128 0x3
 930 0026 0E       		.uleb128 0xe
 931 0027 00       		.byte	0
 932 0028 00       		.byte	0
 933 0029 04       		.uleb128 0x4
 934 002a 0F       		.uleb128 0xf
 935 002b 00       		.byte	0
 936 002c 0B       		.uleb128 0xb
 937 002d 0B       		.uleb128 0xb
 938 002e 49       		.uleb128 0x49
 939 002f 13       		.uleb128 0x13
 940 0030 00       		.byte	0
 941 0031 00       		.byte	0
 942 0032 05       		.uleb128 0x5
 943 0033 15       		.uleb128 0x15
 944 0034 00       		.byte	0
 945 0035 27       		.uleb128 0x27
 946 0036 19       		.uleb128 0x19
 947 0037 00       		.byte	0
 948 0038 00       		.byte	0
 949 0039 06       		.uleb128 0x6
 950 003a 16       		.uleb128 0x16
 951 003b 00       		.byte	0
 952 003c 03       		.uleb128 0x3
 953 003d 0E       		.uleb128 0xe
 954 003e 3A       		.uleb128 0x3a
 955 003f 0B       		.uleb128 0xb
 956 0040 3B       		.uleb128 0x3b
 957 0041 05       		.uleb128 0x5
 958 0042 49       		.uleb128 0x49
 959 0043 13       		.uleb128 0x13
 960 0044 00       		.byte	0
 961 0045 00       		.byte	0
 962 0046 07       		.uleb128 0x7
 963 0047 35       		.uleb128 0x35
 964 0048 00       		.byte	0
 965 0049 49       		.uleb128 0x49
 966 004a 13       		.uleb128 0x13
 967 004b 00       		.byte	0
 968 004c 00       		.byte	0
 969 004d 08       		.uleb128 0x8
 970 004e 13       		.uleb128 0x13
 971 004f 01       		.byte	0x1
 972 0050 0B       		.uleb128 0xb
 973 0051 0B       		.uleb128 0xb
 974 0052 3A       		.uleb128 0x3a
 975 0053 0B       		.uleb128 0xb
 976 0054 3B       		.uleb128 0x3b
 977 0055 0B       		.uleb128 0xb
 978 0056 01       		.uleb128 0x1
 979 0057 13       		.uleb128 0x13
 980 0058 00       		.byte	0
 981 0059 00       		.byte	0
 982 005a 09       		.uleb128 0x9
ARM GAS  C:\Users\EA527~1.IVA\AppData\Local\Temp\ccmT71yT.s 			page 26


 983 005b 0D       		.uleb128 0xd
 984 005c 00       		.byte	0
 985 005d 03       		.uleb128 0x3
 986 005e 0E       		.uleb128 0xe
 987 005f 3A       		.uleb128 0x3a
 988 0060 0B       		.uleb128 0xb
 989 0061 3B       		.uleb128 0x3b
 990 0062 0B       		.uleb128 0xb
 991 0063 49       		.uleb128 0x49
 992 0064 13       		.uleb128 0x13
 993 0065 0B       		.uleb128 0xb
 994 0066 0B       		.uleb128 0xb
 995 0067 0D       		.uleb128 0xd
 996 0068 0B       		.uleb128 0xb
 997 0069 0C       		.uleb128 0xc
 998 006a 0B       		.uleb128 0xb
 999 006b 38       		.uleb128 0x38
 1000 006c 0B       		.uleb128 0xb
 1001 006d 00       		.byte	0
 1002 006e 00       		.byte	0
 1003 006f 0A       		.uleb128 0xa
 1004 0070 16       		.uleb128 0x16
 1005 0071 00       		.byte	0
 1006 0072 03       		.uleb128 0x3
 1007 0073 0E       		.uleb128 0xe
 1008 0074 3A       		.uleb128 0x3a
 1009 0075 0B       		.uleb128 0xb
 1010 0076 3B       		.uleb128 0x3b
 1011 0077 0B       		.uleb128 0xb
 1012 0078 49       		.uleb128 0x49
 1013 0079 13       		.uleb128 0x13
 1014 007a 00       		.byte	0
 1015 007b 00       		.byte	0
 1016 007c 0B       		.uleb128 0xb
 1017 007d 2E       		.uleb128 0x2e
 1018 007e 01       		.byte	0x1
 1019 007f 3F       		.uleb128 0x3f
 1020 0080 19       		.uleb128 0x19
 1021 0081 03       		.uleb128 0x3
 1022 0082 0E       		.uleb128 0xe
 1023 0083 3A       		.uleb128 0x3a
 1024 0084 0B       		.uleb128 0xb
 1025 0085 3B       		.uleb128 0x3b
 1026 0086 0B       		.uleb128 0xb
 1027 0087 27       		.uleb128 0x27
 1028 0088 19       		.uleb128 0x19
 1029 0089 11       		.uleb128 0x11
 1030 008a 01       		.uleb128 0x1
 1031 008b 12       		.uleb128 0x12
 1032 008c 06       		.uleb128 0x6
 1033 008d 40       		.uleb128 0x40
 1034 008e 18       		.uleb128 0x18
 1035 008f 9742     		.uleb128 0x2117
 1036 0091 19       		.uleb128 0x19
 1037 0092 01       		.uleb128 0x1
 1038 0093 13       		.uleb128 0x13
 1039 0094 00       		.byte	0
ARM GAS  C:\Users\EA527~1.IVA\AppData\Local\Temp\ccmT71yT.s 			page 27


 1040 0095 00       		.byte	0
 1041 0096 0C       		.uleb128 0xc
 1042 0097 05       		.uleb128 0x5
 1043 0098 00       		.byte	0
 1044 0099 03       		.uleb128 0x3
 1045 009a 0E       		.uleb128 0xe
 1046 009b 3A       		.uleb128 0x3a
 1047 009c 0B       		.uleb128 0xb
 1048 009d 3B       		.uleb128 0x3b
 1049 009e 0B       		.uleb128 0xb
 1050 009f 49       		.uleb128 0x49
 1051 00a0 13       		.uleb128 0x13
 1052 00a1 02       		.uleb128 0x2
 1053 00a2 18       		.uleb128 0x18
 1054 00a3 00       		.byte	0
 1055 00a4 00       		.byte	0
 1056 00a5 0D       		.uleb128 0xd
 1057 00a6 34       		.uleb128 0x34
 1058 00a7 00       		.byte	0
 1059 00a8 03       		.uleb128 0x3
 1060 00a9 0E       		.uleb128 0xe
 1061 00aa 3A       		.uleb128 0x3a
 1062 00ab 0B       		.uleb128 0xb
 1063 00ac 3B       		.uleb128 0x3b
 1064 00ad 0B       		.uleb128 0xb
 1065 00ae 49       		.uleb128 0x49
 1066 00af 13       		.uleb128 0x13
 1067 00b0 02       		.uleb128 0x2
 1068 00b1 18       		.uleb128 0x18
 1069 00b2 00       		.byte	0
 1070 00b3 00       		.byte	0
 1071 00b4 0E       		.uleb128 0xe
 1072 00b5 2E       		.uleb128 0x2e
 1073 00b6 01       		.byte	0x1
 1074 00b7 3F       		.uleb128 0x3f
 1075 00b8 19       		.uleb128 0x19
 1076 00b9 03       		.uleb128 0x3
 1077 00ba 0E       		.uleb128 0xe
 1078 00bb 3A       		.uleb128 0x3a
 1079 00bc 0B       		.uleb128 0xb
 1080 00bd 3B       		.uleb128 0x3b
 1081 00be 0B       		.uleb128 0xb
 1082 00bf 27       		.uleb128 0x27
 1083 00c0 19       		.uleb128 0x19
 1084 00c1 49       		.uleb128 0x49
 1085 00c2 13       		.uleb128 0x13
 1086 00c3 11       		.uleb128 0x11
 1087 00c4 01       		.uleb128 0x1
 1088 00c5 12       		.uleb128 0x12
 1089 00c6 06       		.uleb128 0x6
 1090 00c7 40       		.uleb128 0x40
 1091 00c8 18       		.uleb128 0x18
 1092 00c9 9742     		.uleb128 0x2117
 1093 00cb 19       		.uleb128 0x19
 1094 00cc 01       		.uleb128 0x1
 1095 00cd 13       		.uleb128 0x13
 1096 00ce 00       		.byte	0
ARM GAS  C:\Users\EA527~1.IVA\AppData\Local\Temp\ccmT71yT.s 			page 28


 1097 00cf 00       		.byte	0
 1098 00d0 0F       		.uleb128 0xf
 1099 00d1 2E       		.uleb128 0x2e
 1100 00d2 01       		.byte	0x1
 1101 00d3 3F       		.uleb128 0x3f
 1102 00d4 19       		.uleb128 0x19
 1103 00d5 03       		.uleb128 0x3
 1104 00d6 0E       		.uleb128 0xe
 1105 00d7 3A       		.uleb128 0x3a
 1106 00d8 0B       		.uleb128 0xb
 1107 00d9 3B       		.uleb128 0x3b
 1108 00da 05       		.uleb128 0x5
 1109 00db 27       		.uleb128 0x27
 1110 00dc 19       		.uleb128 0x19
 1111 00dd 11       		.uleb128 0x11
 1112 00de 01       		.uleb128 0x1
 1113 00df 12       		.uleb128 0x12
 1114 00e0 06       		.uleb128 0x6
 1115 00e1 40       		.uleb128 0x40
 1116 00e2 18       		.uleb128 0x18
 1117 00e3 9742     		.uleb128 0x2117
 1118 00e5 19       		.uleb128 0x19
 1119 00e6 01       		.uleb128 0x1
 1120 00e7 13       		.uleb128 0x13
 1121 00e8 00       		.byte	0
 1122 00e9 00       		.byte	0
 1123 00ea 10       		.uleb128 0x10
 1124 00eb 05       		.uleb128 0x5
 1125 00ec 00       		.byte	0
 1126 00ed 03       		.uleb128 0x3
 1127 00ee 0E       		.uleb128 0xe
 1128 00ef 3A       		.uleb128 0x3a
 1129 00f0 0B       		.uleb128 0xb
 1130 00f1 3B       		.uleb128 0x3b
 1131 00f2 05       		.uleb128 0x5
 1132 00f3 49       		.uleb128 0x49
 1133 00f4 13       		.uleb128 0x13
 1134 00f5 02       		.uleb128 0x2
 1135 00f6 17       		.uleb128 0x17
 1136 00f7 00       		.byte	0
 1137 00f8 00       		.byte	0
 1138 00f9 11       		.uleb128 0x11
 1139 00fa 2E       		.uleb128 0x2e
 1140 00fb 01       		.byte	0x1
 1141 00fc 3F       		.uleb128 0x3f
 1142 00fd 19       		.uleb128 0x19
 1143 00fe 03       		.uleb128 0x3
 1144 00ff 0E       		.uleb128 0xe
 1145 0100 3A       		.uleb128 0x3a
 1146 0101 0B       		.uleb128 0xb
 1147 0102 3B       		.uleb128 0x3b
 1148 0103 05       		.uleb128 0x5
 1149 0104 27       		.uleb128 0x27
 1150 0105 19       		.uleb128 0x19
 1151 0106 49       		.uleb128 0x49
 1152 0107 13       		.uleb128 0x13
 1153 0108 11       		.uleb128 0x11
ARM GAS  C:\Users\EA527~1.IVA\AppData\Local\Temp\ccmT71yT.s 			page 29


 1154 0109 01       		.uleb128 0x1
 1155 010a 12       		.uleb128 0x12
 1156 010b 06       		.uleb128 0x6
 1157 010c 40       		.uleb128 0x40
 1158 010d 18       		.uleb128 0x18
 1159 010e 9742     		.uleb128 0x2117
 1160 0110 19       		.uleb128 0x19
 1161 0111 01       		.uleb128 0x1
 1162 0112 13       		.uleb128 0x13
 1163 0113 00       		.byte	0
 1164 0114 00       		.byte	0
 1165 0115 12       		.uleb128 0x12
 1166 0116 34       		.uleb128 0x34
 1167 0117 00       		.byte	0
 1168 0118 03       		.uleb128 0x3
 1169 0119 0E       		.uleb128 0xe
 1170 011a 3A       		.uleb128 0x3a
 1171 011b 0B       		.uleb128 0xb
 1172 011c 3B       		.uleb128 0x3b
 1173 011d 05       		.uleb128 0x5
 1174 011e 49       		.uleb128 0x49
 1175 011f 13       		.uleb128 0x13
 1176 0120 02       		.uleb128 0x2
 1177 0121 17       		.uleb128 0x17
 1178 0122 00       		.byte	0
 1179 0123 00       		.byte	0
 1180 0124 13       		.uleb128 0x13
 1181 0125 2E       		.uleb128 0x2e
 1182 0126 00       		.byte	0
 1183 0127 3F       		.uleb128 0x3f
 1184 0128 19       		.uleb128 0x19
 1185 0129 03       		.uleb128 0x3
 1186 012a 0E       		.uleb128 0xe
 1187 012b 3A       		.uleb128 0x3a
 1188 012c 0B       		.uleb128 0xb
 1189 012d 3B       		.uleb128 0x3b
 1190 012e 05       		.uleb128 0x5
 1191 012f 27       		.uleb128 0x27
 1192 0130 19       		.uleb128 0x19
 1193 0131 11       		.uleb128 0x11
 1194 0132 01       		.uleb128 0x1
 1195 0133 12       		.uleb128 0x12
 1196 0134 06       		.uleb128 0x6
 1197 0135 40       		.uleb128 0x40
 1198 0136 18       		.uleb128 0x18
 1199 0137 9742     		.uleb128 0x2117
 1200 0139 19       		.uleb128 0x19
 1201 013a 00       		.byte	0
 1202 013b 00       		.byte	0
 1203 013c 14       		.uleb128 0x14
 1204 013d 2E       		.uleb128 0x2e
 1205 013e 00       		.byte	0
 1206 013f 3F       		.uleb128 0x3f
 1207 0140 19       		.uleb128 0x19
 1208 0141 03       		.uleb128 0x3
 1209 0142 0E       		.uleb128 0xe
 1210 0143 3A       		.uleb128 0x3a
ARM GAS  C:\Users\EA527~1.IVA\AppData\Local\Temp\ccmT71yT.s 			page 30


 1211 0144 0B       		.uleb128 0xb
 1212 0145 3B       		.uleb128 0x3b
 1213 0146 05       		.uleb128 0x5
 1214 0147 27       		.uleb128 0x27
 1215 0148 19       		.uleb128 0x19
 1216 0149 49       		.uleb128 0x49
 1217 014a 13       		.uleb128 0x13
 1218 014b 11       		.uleb128 0x11
 1219 014c 01       		.uleb128 0x1
 1220 014d 12       		.uleb128 0x12
 1221 014e 06       		.uleb128 0x6
 1222 014f 40       		.uleb128 0x40
 1223 0150 18       		.uleb128 0x18
 1224 0151 9742     		.uleb128 0x2117
 1225 0153 19       		.uleb128 0x19
 1226 0154 00       		.byte	0
 1227 0155 00       		.byte	0
 1228 0156 15       		.uleb128 0x15
 1229 0157 898201   		.uleb128 0x4109
 1230 015a 00       		.byte	0
 1231 015b 11       		.uleb128 0x11
 1232 015c 01       		.uleb128 0x1
 1233 015d 31       		.uleb128 0x31
 1234 015e 13       		.uleb128 0x13
 1235 015f 00       		.byte	0
 1236 0160 00       		.byte	0
 1237 0161 16       		.uleb128 0x16
 1238 0162 898201   		.uleb128 0x4109
 1239 0165 01       		.byte	0x1
 1240 0166 11       		.uleb128 0x11
 1241 0167 01       		.uleb128 0x1
 1242 0168 31       		.uleb128 0x31
 1243 0169 13       		.uleb128 0x13
 1244 016a 01       		.uleb128 0x1
 1245 016b 13       		.uleb128 0x13
 1246 016c 00       		.byte	0
 1247 016d 00       		.byte	0
 1248 016e 17       		.uleb128 0x17
 1249 016f 8A8201   		.uleb128 0x410a
 1250 0172 00       		.byte	0
 1251 0173 02       		.uleb128 0x2
 1252 0174 18       		.uleb128 0x18
 1253 0175 9142     		.uleb128 0x2111
 1254 0177 18       		.uleb128 0x18
 1255 0178 00       		.byte	0
 1256 0179 00       		.byte	0
 1257 017a 18       		.uleb128 0x18
 1258 017b 05       		.uleb128 0x5
 1259 017c 00       		.byte	0
 1260 017d 03       		.uleb128 0x3
 1261 017e 0E       		.uleb128 0xe
 1262 017f 3A       		.uleb128 0x3a
 1263 0180 0B       		.uleb128 0xb
 1264 0181 3B       		.uleb128 0x3b
 1265 0182 0B       		.uleb128 0xb
 1266 0183 49       		.uleb128 0x49
 1267 0184 13       		.uleb128 0x13
ARM GAS  C:\Users\EA527~1.IVA\AppData\Local\Temp\ccmT71yT.s 			page 31


 1268 0185 02       		.uleb128 0x2
 1269 0186 17       		.uleb128 0x17
 1270 0187 00       		.byte	0
 1271 0188 00       		.byte	0
 1272 0189 19       		.uleb128 0x19
 1273 018a 34       		.uleb128 0x34
 1274 018b 00       		.byte	0
 1275 018c 03       		.uleb128 0x3
 1276 018d 0E       		.uleb128 0xe
 1277 018e 3A       		.uleb128 0x3a
 1278 018f 0B       		.uleb128 0xb
 1279 0190 3B       		.uleb128 0x3b
 1280 0191 0B       		.uleb128 0xb
 1281 0192 49       		.uleb128 0x49
 1282 0193 13       		.uleb128 0x13
 1283 0194 3F       		.uleb128 0x3f
 1284 0195 19       		.uleb128 0x19
 1285 0196 3C       		.uleb128 0x3c
 1286 0197 19       		.uleb128 0x19
 1287 0198 00       		.byte	0
 1288 0199 00       		.byte	0
 1289 019a 1A       		.uleb128 0x1a
 1290 019b 2E       		.uleb128 0x2e
 1291 019c 00       		.byte	0
 1292 019d 3F       		.uleb128 0x3f
 1293 019e 19       		.uleb128 0x19
 1294 019f 3C       		.uleb128 0x3c
 1295 01a0 19       		.uleb128 0x19
 1296 01a1 6E       		.uleb128 0x6e
 1297 01a2 0E       		.uleb128 0xe
 1298 01a3 03       		.uleb128 0x3
 1299 01a4 0E       		.uleb128 0xe
 1300 01a5 3A       		.uleb128 0x3a
 1301 01a6 0B       		.uleb128 0xb
 1302 01a7 3B       		.uleb128 0x3b
 1303 01a8 0B       		.uleb128 0xb
 1304 01a9 00       		.byte	0
 1305 01aa 00       		.byte	0
 1306 01ab 00       		.byte	0
 1307              		.section	.debug_loc,"",%progbits
 1308              	.Ldebug_loc0:
 1309              	.LLST0:
 1310 0000 00000000 		.4byte	.LVL3
 1311 0004 02000000 		.4byte	.LVL4
 1312 0008 0100     		.2byte	0x1
 1313 000a 50       		.byte	0x50
 1314 000b 02000000 		.4byte	.LVL4
 1315 000f 10000000 		.4byte	.LFE6
 1316 0013 0400     		.2byte	0x4
 1317 0015 F3       		.byte	0xf3
 1318 0016 01       		.uleb128 0x1
 1319 0017 50       		.byte	0x50
 1320 0018 9F       		.byte	0x9f
 1321 0019 00000000 		.4byte	0
 1322 001d 00000000 		.4byte	0
 1323              	.LLST1:
 1324 0021 04000000 		.4byte	.LVL5
ARM GAS  C:\Users\EA527~1.IVA\AppData\Local\Temp\ccmT71yT.s 			page 32


 1325 0025 06000000 		.4byte	.LVL6
 1326 0029 0500     		.2byte	0x5
 1327 002b 70       		.byte	0x70
 1328 002c 00       		.sleb128 0
 1329 002d 35       		.byte	0x35
 1330 002e 25       		.byte	0x25
 1331 002f 9F       		.byte	0x9f
 1332 0030 00000000 		.4byte	0
 1333 0034 00000000 		.4byte	0
 1334              	.LLST2:
 1335 0038 00000000 		.4byte	.LVL11
 1336 003c 07000000 		.4byte	.LVL12-1
 1337 0040 0100     		.2byte	0x1
 1338 0042 50       		.byte	0x50
 1339 0043 07000000 		.4byte	.LVL12-1
 1340 0047 1A000000 		.4byte	.LFE1
 1341 004b 0100     		.2byte	0x1
 1342 004d 54       		.byte	0x54
 1343 004e 00000000 		.4byte	0
 1344 0052 00000000 		.4byte	0
 1345              		.section	.debug_aranges,"",%progbits
 1346 0000 7C000000 		.4byte	0x7c
 1347 0004 0200     		.2byte	0x2
 1348 0006 00000000 		.4byte	.Ldebug_info0
 1349 000a 04       		.byte	0x4
 1350 000b 00       		.byte	0
 1351 000c 0000     		.2byte	0
 1352 000e 0000     		.2byte	0
 1353 0010 00000000 		.4byte	.LFB4
 1354 0014 0C000000 		.4byte	.LFE4-.LFB4
 1355 0018 00000000 		.4byte	.LFB5
 1356 001c 0C000000 		.4byte	.LFE5-.LFB5
 1357 0020 00000000 		.4byte	.LFB6
 1358 0024 10000000 		.4byte	.LFE6-.LFB6
 1359 0028 00000000 		.4byte	.LFB7
 1360 002c 0C000000 		.4byte	.LFE7-.LFB7
 1361 0030 00000000 		.4byte	.LFB8
 1362 0034 0C000000 		.4byte	.LFE8-.LFB8
 1363 0038 00000000 		.4byte	.LFB9
 1364 003c 18000000 		.4byte	.LFE9-.LFB9
 1365 0040 00000000 		.4byte	.LFB10
 1366 0044 0C000000 		.4byte	.LFE10-.LFB10
 1367 0048 00000000 		.4byte	.LFB0
 1368 004c 1C000000 		.4byte	.LFE0-.LFB0
 1369 0050 00000000 		.4byte	.LFB1
 1370 0054 1A000000 		.4byte	.LFE1-.LFB1
 1371 0058 00000000 		.4byte	.LFB2
 1372 005c 14000000 		.4byte	.LFE2-.LFB2
 1373 0060 00000000 		.4byte	.LFB11
 1374 0064 0C000000 		.4byte	.LFE11-.LFB11
 1375 0068 00000000 		.4byte	.LFB12
 1376 006c 0C000000 		.4byte	.LFE12-.LFB12
 1377 0070 00000000 		.4byte	.LFB3
 1378 0074 38000000 		.4byte	.LFE3-.LFB3
 1379 0078 00000000 		.4byte	0
 1380 007c 00000000 		.4byte	0
 1381              		.section	.debug_ranges,"",%progbits
ARM GAS  C:\Users\EA527~1.IVA\AppData\Local\Temp\ccmT71yT.s 			page 33


 1382              	.Ldebug_ranges0:
 1383 0000 00000000 		.4byte	.LFB4
 1384 0004 0C000000 		.4byte	.LFE4
 1385 0008 00000000 		.4byte	.LFB5
 1386 000c 0C000000 		.4byte	.LFE5
 1387 0010 00000000 		.4byte	.LFB6
 1388 0014 10000000 		.4byte	.LFE6
 1389 0018 00000000 		.4byte	.LFB7
 1390 001c 0C000000 		.4byte	.LFE7
 1391 0020 00000000 		.4byte	.LFB8
 1392 0024 0C000000 		.4byte	.LFE8
 1393 0028 00000000 		.4byte	.LFB9
 1394 002c 18000000 		.4byte	.LFE9
 1395 0030 00000000 		.4byte	.LFB10
 1396 0034 0C000000 		.4byte	.LFE10
 1397 0038 00000000 		.4byte	.LFB0
 1398 003c 1C000000 		.4byte	.LFE0
 1399 0040 00000000 		.4byte	.LFB1
 1400 0044 1A000000 		.4byte	.LFE1
 1401 0048 00000000 		.4byte	.LFB2
 1402 004c 14000000 		.4byte	.LFE2
 1403 0050 00000000 		.4byte	.LFB11
 1404 0054 0C000000 		.4byte	.LFE11
 1405 0058 00000000 		.4byte	.LFB12
 1406 005c 0C000000 		.4byte	.LFE12
 1407 0060 00000000 		.4byte	.LFB3
 1408 0064 38000000 		.4byte	.LFE3
 1409 0068 00000000 		.4byte	0
 1410 006c 00000000 		.4byte	0
 1411              		.section	.debug_line,"",%progbits
 1412              	.Ldebug_line0:
 1413 0000 91010000 		.section	.debug_str,"MS",%progbits,1
 1413      02009C00 
 1413      00000201 
 1413      FB0E0D00 
 1413      01010101 
 1414              	.LASF39:
 1415 0000 6973725F 		.ascii	"isr_Load_TrShReg_SetPending\000"
 1415      4C6F6164 
 1415      5F547253 
 1415      68526567 
 1415      5F536574 
 1416              	.LASF17:
 1417 001c 72656733 		.ascii	"reg32\000"
 1417      3200
 1418              	.LASF42:
 1419 0022 4C6F6164 		.ascii	"Load\000"
 1419      00
 1420              	.LASF45:
 1421 0027 6973725F 		.ascii	"isr_TransmitWordShift_ClearPending\000"
 1421      5472616E 
 1421      736D6974 
 1421      576F7264 
 1421      53686966 
 1422              	.LASF21:
 1423 004a 72657365 		.ascii	"reset\000"
 1423      7400
ARM GAS  C:\Users\EA527~1.IVA\AppData\Local\Temp\ccmT71yT.s 			page 34


 1424              	.LASF34:
 1425 0050 6973725F 		.ascii	"isr_Load_TrShReg_Enable\000"
 1425      4C6F6164 
 1425      5F547253 
 1425      68526567 
 1425      5F456E61 
 1426              	.LASF50:
 1427 0068 6973725F 		.ascii	"isr_Load_TrShReg_GetState\000"
 1427      4C6F6164 
 1427      5F547253 
 1427      68526567 
 1427      5F476574 
 1428              	.LASF49:
 1429 0082 433A5C55 		.ascii	"C:\\Users\\e.ivanov\\Documents\\GitHub\\adc\\Manche"
 1429      73657273 
 1429      5C652E69 
 1429      76616E6F 
 1429      765C446F 
 1430 00af 73746572 		.ascii	"ster encoder-decoder.cydsn\000"
 1430      20656E63 
 1430      6F646572 
 1430      2D646563 
 1430      6F646572 
 1431              	.LASF24:
 1432 00ca 46315F66 		.ascii	"F1_full\000"
 1432      756C6C00 
 1433              	.LASF6:
 1434 00d2 73686F72 		.ascii	"short unsigned int\000"
 1434      7420756E 
 1434      7369676E 
 1434      65642069 
 1434      6E7400
 1435              	.LASF22:
 1436 00e5 46305F65 		.ascii	"F0_empty\000"
 1436      6D707479 
 1436      00
 1437              	.LASF46:
 1438 00ee 6973725F 		.ascii	"isr_TransmitWordShift_Enable\000"
 1438      5472616E 
 1438      736D6974 
 1438      576F7264 
 1438      53686966 
 1439              	.LASF38:
 1440 010b 6973725F 		.ascii	"isr_Load_TrShReg_Stop\000"
 1440      4C6F6164 
 1440      5F547253 
 1440      68526567 
 1440      5F53746F 
 1441              	.LASF40:
 1442 0121 6973725F 		.ascii	"isr_Load_TrShReg_ClearPending\000"
 1442      4C6F6164 
 1442      5F547253 
 1442      68526567 
 1442      5F436C65 
 1443              	.LASF25:
 1444 013f 46315F70 		.ascii	"F1_partial\000"
 1444      61727469 
ARM GAS  C:\Users\EA527~1.IVA\AppData\Local\Temp\ccmT71yT.s 			page 35


 1444      616C00
 1445              	.LASF14:
 1446 014a 666C6F61 		.ascii	"float\000"
 1446      7400
 1447              	.LASF51:
 1448 0150 63757253 		.ascii	"curStat\000"
 1448      74617400 
 1449              	.LASF4:
 1450 0158 756E7369 		.ascii	"unsigned char\000"
 1450      676E6564 
 1450      20636861 
 1450      7200
 1451              	.LASF47:
 1452 0166 474E5520 		.ascii	"GNU C11 5.4.1 20160609 (release) [ARM/embedded-5-br"
 1452      43313120 
 1452      352E342E 
 1452      31203230 
 1452      31363036 
 1453 0199 616E6368 		.ascii	"anch revision 237715] -mcpu=cortex-m3 -mthumb -g -O"
 1453      20726576 
 1453      6973696F 
 1453      6E203233 
 1453      37373135 
 1454 01cc 67202D66 		.ascii	"g -ffunction-sections -ffat-lto-objects\000"
 1454      66756E63 
 1454      74696F6E 
 1454      2D736563 
 1454      74696F6E 
 1455              	.LASF16:
 1456 01f4 72656738 		.ascii	"reg8\000"
 1456      00
 1457              	.LASF37:
 1458 01f9 6973725F 		.ascii	"isr_Load_TrShReg_StartEx\000"
 1458      4C6F6164 
 1458      5F547253 
 1458      68526567 
 1458      5F537461 
 1459              	.LASF44:
 1460 0212 42697443 		.ascii	"BitCounterEnc_ReadStatusRegister\000"
 1460      6F756E74 
 1460      6572456E 
 1460      635F5265 
 1460      61645374 
 1461              	.LASF8:
 1462 0233 6C6F6E67 		.ascii	"long unsigned int\000"
 1462      20756E73 
 1462      69676E65 
 1462      6420696E 
 1462      7400
 1463              	.LASF12:
 1464 0245 75696E74 		.ascii	"uint8\000"
 1464      3800
 1465              	.LASF31:
 1466 024b 7072696F 		.ascii	"priority\000"
 1466      72697479 
 1466      00
 1467              	.LASF48:
ARM GAS  C:\Users\EA527~1.IVA\AppData\Local\Temp\ccmT71yT.s 			page 36


 1468 0254 47656E65 		.ascii	"Generated_Source\\PSoC5\\isr_Load_TrShReg.c\000"
 1468      72617465 
 1468      645F536F 
 1468      75726365 
 1468      5C50536F 
 1469              	.LASF15:
 1470 027e 646F7562 		.ascii	"double\000"
 1470      6C6500
 1471              	.LASF35:
 1472 0285 6973725F 		.ascii	"isr_Load_TrShReg_Disable\000"
 1472      4C6F6164 
 1472      5F547253 
 1472      68526567 
 1472      5F446973 
 1473              	.LASF13:
 1474 029e 75696E74 		.ascii	"uint32\000"
 1474      333200
 1475              	.LASF0:
 1476 02a5 756E7369 		.ascii	"unsigned int\000"
 1476      676E6564 
 1476      20696E74 
 1476      00
 1477              	.LASF32:
 1478 02b2 6973725F 		.ascii	"isr_Load_TrShReg_GetVector\000"
 1478      4C6F6164 
 1478      5F547253 
 1478      68526567 
 1478      5F476574 
 1479              	.LASF30:
 1480 02cd 61646472 		.ascii	"address\000"
 1480      65737300 
 1481              	.LASF9:
 1482 02d5 6C6F6E67 		.ascii	"long long unsigned int\000"
 1482      206C6F6E 
 1482      6720756E 
 1482      7369676E 
 1482      65642069 
 1483              	.LASF41:
 1484 02ec 6973725F 		.ascii	"isr_Load_TrShReg_Interrupt\000"
 1484      4C6F6164 
 1484      5F547253 
 1484      68526567 
 1484      5F496E74 
 1485              	.LASF28:
 1486 0307 6973725F 		.ascii	"isr_Load_TrShReg_SetVector\000"
 1486      4C6F6164 
 1486      5F547253 
 1486      68526567 
 1486      5F536574 
 1487              	.LASF18:
 1488 0322 63796973 		.ascii	"cyisraddress\000"
 1488      72616464 
 1488      72657373 
 1488      00
 1489              	.LASF23:
 1490 032f 46305F6E 		.ascii	"F0_not_full\000"
 1490      6F745F66 
ARM GAS  C:\Users\EA527~1.IVA\AppData\Local\Temp\ccmT71yT.s 			page 37


 1490      756C6C00 
 1491              	.LASF33:
 1492 033b 6973725F 		.ascii	"isr_Load_TrShReg_GetPriority\000"
 1492      4C6F6164 
 1492      5F547253 
 1492      68526567 
 1492      5F476574 
 1493              	.LASF10:
 1494 0358 73697A65 		.ascii	"sizetype\000"
 1494      74797065 
 1494      00
 1495              	.LASF1:
 1496 0361 6C6F6E67 		.ascii	"long long int\000"
 1496      206C6F6E 
 1496      6720696E 
 1496      7400
 1497              	.LASF36:
 1498 036f 6973725F 		.ascii	"isr_Load_TrShReg_Start\000"
 1498      4C6F6164 
 1498      5F547253 
 1498      68526567 
 1498      5F537461 
 1499              	.LASF11:
 1500 0386 63686172 		.ascii	"char\000"
 1500      00
 1501              	.LASF27:
 1502 038b 72616D56 		.ascii	"ramVectorTable\000"
 1502      6563746F 
 1502      72546162 
 1502      6C6500
 1503              	.LASF5:
 1504 039a 73686F72 		.ascii	"short int\000"
 1504      7420696E 
 1504      7400
 1505              	.LASF19:
 1506 03a4 6C6F6164 		.ascii	"load\000"
 1506      00
 1507              	.LASF26:
 1508 03a9 73746174 		.ascii	"statReg\000"
 1508      52656700 
 1509              	.LASF20:
 1510 03b1 73746F72 		.ascii	"store\000"
 1510      6500
 1511              	.LASF7:
 1512 03b7 6C6F6E67 		.ascii	"long int\000"
 1512      20696E74 
 1512      00
 1513              	.LASF2:
 1514 03c0 6C6F6E67 		.ascii	"long double\000"
 1514      20646F75 
 1514      626C6500 
 1515              	.LASF3:
 1516 03cc 7369676E 		.ascii	"signed char\000"
 1516      65642063 
 1516      68617200 
 1517              	.LASF43:
 1518 03d8 53746172 		.ascii	"StartTransmit_Write\000"
ARM GAS  C:\Users\EA527~1.IVA\AppData\Local\Temp\ccmT71yT.s 			page 38


 1518      74547261 
 1518      6E736D69 
 1518      745F5772 
 1518      69746500 
 1519              	.LASF29:
 1520 03ec 6973725F 		.ascii	"isr_Load_TrShReg_SetPriority\000"
 1520      4C6F6164 
 1520      5F547253 
 1520      68526567 
 1520      5F536574 
 1521              		.ident	"GCC: (GNU Tools for ARM Embedded Processors) 5.4.1 20160609 (release) [ARM/embedded-5-bran
