ARM GAS  C:\Users\EA527~1.IVA\AppData\Local\Temp\cceVEiyv.s 			page 1


   1              		.syntax unified
   2              		.cpu cortex-m3
   3              		.fpu softvfp
   4              		.eabi_attribute 20, 1
   5              		.eabi_attribute 21, 1
   6              		.eabi_attribute 23, 3
   7              		.eabi_attribute 24, 1
   8              		.eabi_attribute 25, 1
   9              		.eabi_attribute 26, 1
  10              		.eabi_attribute 30, 1
  11              		.eabi_attribute 34, 1
  12              		.eabi_attribute 18, 4
  13              		.thumb
  14              		.syntax unified
  15              		.file	"isr_TransmitWordShift.c"
  16              		.text
  17              	.Ltext0:
  18              		.cfi_sections	.debug_frame
  19              		.section	.text.isr_TransmitWordShift_SetVector,"ax",%progbits
  20              		.align	2
  21              		.global	isr_TransmitWordShift_SetVector
  22              		.thumb
  23              		.thumb_func
  24              		.type	isr_TransmitWordShift_SetVector, %function
  25              	isr_TransmitWordShift_SetVector:
  26              	.LFB4:
  27              		.file 1 "Generated_Source\\PSoC5\\isr_TransmitWordShift.c"
   1:Generated_Source\PSoC5/isr_TransmitWordShift.c **** /*******************************************************************************
   2:Generated_Source\PSoC5/isr_TransmitWordShift.c **** * File Name: isr_TransmitWordShift.c  
   3:Generated_Source\PSoC5/isr_TransmitWordShift.c **** * Version 1.70
   4:Generated_Source\PSoC5/isr_TransmitWordShift.c **** *
   5:Generated_Source\PSoC5/isr_TransmitWordShift.c **** *  Description:
   6:Generated_Source\PSoC5/isr_TransmitWordShift.c **** *   API for controlling the state of an interrupt.
   7:Generated_Source\PSoC5/isr_TransmitWordShift.c **** *
   8:Generated_Source\PSoC5/isr_TransmitWordShift.c **** *
   9:Generated_Source\PSoC5/isr_TransmitWordShift.c **** *  Note:
  10:Generated_Source\PSoC5/isr_TransmitWordShift.c **** *
  11:Generated_Source\PSoC5/isr_TransmitWordShift.c **** ********************************************************************************
  12:Generated_Source\PSoC5/isr_TransmitWordShift.c **** * Copyright 2008-2015, Cypress Semiconductor Corporation.  All rights reserved.
  13:Generated_Source\PSoC5/isr_TransmitWordShift.c **** * You may use this file only in accordance with the license, terms, conditions, 
  14:Generated_Source\PSoC5/isr_TransmitWordShift.c **** * disclaimers, and limitations in the end user license agreement accompanying 
  15:Generated_Source\PSoC5/isr_TransmitWordShift.c **** * the software package with which this file was provided.
  16:Generated_Source\PSoC5/isr_TransmitWordShift.c **** *******************************************************************************/
  17:Generated_Source\PSoC5/isr_TransmitWordShift.c **** 
  18:Generated_Source\PSoC5/isr_TransmitWordShift.c **** 
  19:Generated_Source\PSoC5/isr_TransmitWordShift.c **** #include <cydevice_trm.h>
  20:Generated_Source\PSoC5/isr_TransmitWordShift.c **** #include <CyLib.h>
  21:Generated_Source\PSoC5/isr_TransmitWordShift.c **** #include <isr_TransmitWordShift.h>
  22:Generated_Source\PSoC5/isr_TransmitWordShift.c **** #include "cyapicallbacks.h"
  23:Generated_Source\PSoC5/isr_TransmitWordShift.c **** 
  24:Generated_Source\PSoC5/isr_TransmitWordShift.c **** #if !defined(isr_TransmitWordShift__REMOVED) /* Check for removal by optimization */
  25:Generated_Source\PSoC5/isr_TransmitWordShift.c **** 
  26:Generated_Source\PSoC5/isr_TransmitWordShift.c **** /*******************************************************************************
  27:Generated_Source\PSoC5/isr_TransmitWordShift.c **** *  Place your includes, defines and code here 
  28:Generated_Source\PSoC5/isr_TransmitWordShift.c **** ********************************************************************************/
  29:Generated_Source\PSoC5/isr_TransmitWordShift.c **** /* `#START isr_TransmitWordShift_intc` */
  30:Generated_Source\PSoC5/isr_TransmitWordShift.c **** #include <StartTransmit.h>
ARM GAS  C:\Users\EA527~1.IVA\AppData\Local\Temp\cceVEiyv.s 			page 2


  31:Generated_Source\PSoC5/isr_TransmitWordShift.c **** #include <sender.h>
  32:Generated_Source\PSoC5/isr_TransmitWordShift.c **** #include <BitCounterEnc.h>
  33:Generated_Source\PSoC5/isr_TransmitWordShift.c ****     #include <line_buf.h>
  34:Generated_Source\PSoC5/isr_TransmitWordShift.c **** /* `#END` */
  35:Generated_Source\PSoC5/isr_TransmitWordShift.c **** 
  36:Generated_Source\PSoC5/isr_TransmitWordShift.c **** #ifndef CYINT_IRQ_BASE
  37:Generated_Source\PSoC5/isr_TransmitWordShift.c **** #define CYINT_IRQ_BASE      16
  38:Generated_Source\PSoC5/isr_TransmitWordShift.c **** #endif /* CYINT_IRQ_BASE */
  39:Generated_Source\PSoC5/isr_TransmitWordShift.c **** #ifndef CYINT_VECT_TABLE
  40:Generated_Source\PSoC5/isr_TransmitWordShift.c **** #define CYINT_VECT_TABLE    ((cyisraddress **) CYREG_NVIC_VECT_OFFSET)
  41:Generated_Source\PSoC5/isr_TransmitWordShift.c **** #endif /* CYINT_VECT_TABLE */
  42:Generated_Source\PSoC5/isr_TransmitWordShift.c **** 
  43:Generated_Source\PSoC5/isr_TransmitWordShift.c **** /* Declared in startup, used to set unused interrupts to. */
  44:Generated_Source\PSoC5/isr_TransmitWordShift.c **** CY_ISR_PROTO(IntDefaultHandler);
  45:Generated_Source\PSoC5/isr_TransmitWordShift.c **** 
  46:Generated_Source\PSoC5/isr_TransmitWordShift.c **** 
  47:Generated_Source\PSoC5/isr_TransmitWordShift.c **** /*******************************************************************************
  48:Generated_Source\PSoC5/isr_TransmitWordShift.c **** * Function Name: isr_TransmitWordShift_Start
  49:Generated_Source\PSoC5/isr_TransmitWordShift.c **** ********************************************************************************
  50:Generated_Source\PSoC5/isr_TransmitWordShift.c **** *
  51:Generated_Source\PSoC5/isr_TransmitWordShift.c **** * Summary:
  52:Generated_Source\PSoC5/isr_TransmitWordShift.c **** *  Set up the interrupt and enable it. This function disables the interrupt, 
  53:Generated_Source\PSoC5/isr_TransmitWordShift.c **** *  sets the default interrupt vector, sets the priority from the value in the
  54:Generated_Source\PSoC5/isr_TransmitWordShift.c **** *  Design Wide Resources Interrupt Editor, then enables the interrupt to the 
  55:Generated_Source\PSoC5/isr_TransmitWordShift.c **** *  interrupt controller.
  56:Generated_Source\PSoC5/isr_TransmitWordShift.c **** *
  57:Generated_Source\PSoC5/isr_TransmitWordShift.c **** * Parameters:  
  58:Generated_Source\PSoC5/isr_TransmitWordShift.c **** *   None
  59:Generated_Source\PSoC5/isr_TransmitWordShift.c **** *
  60:Generated_Source\PSoC5/isr_TransmitWordShift.c **** * Return:
  61:Generated_Source\PSoC5/isr_TransmitWordShift.c **** *   None
  62:Generated_Source\PSoC5/isr_TransmitWordShift.c **** *
  63:Generated_Source\PSoC5/isr_TransmitWordShift.c **** *******************************************************************************/
  64:Generated_Source\PSoC5/isr_TransmitWordShift.c **** void isr_TransmitWordShift_Start(void)
  65:Generated_Source\PSoC5/isr_TransmitWordShift.c **** {
  66:Generated_Source\PSoC5/isr_TransmitWordShift.c ****     /* For all we know the interrupt is active. */
  67:Generated_Source\PSoC5/isr_TransmitWordShift.c ****     isr_TransmitWordShift_Disable();
  68:Generated_Source\PSoC5/isr_TransmitWordShift.c **** 
  69:Generated_Source\PSoC5/isr_TransmitWordShift.c ****     /* Set the ISR to point to the isr_TransmitWordShift Interrupt. */
  70:Generated_Source\PSoC5/isr_TransmitWordShift.c ****     isr_TransmitWordShift_SetVector(&isr_TransmitWordShift_Interrupt);
  71:Generated_Source\PSoC5/isr_TransmitWordShift.c **** 
  72:Generated_Source\PSoC5/isr_TransmitWordShift.c ****     /* Set the priority. */
  73:Generated_Source\PSoC5/isr_TransmitWordShift.c ****     isr_TransmitWordShift_SetPriority((uint8)isr_TransmitWordShift_INTC_PRIOR_NUMBER);
  74:Generated_Source\PSoC5/isr_TransmitWordShift.c **** 
  75:Generated_Source\PSoC5/isr_TransmitWordShift.c ****     /* Enable it. */
  76:Generated_Source\PSoC5/isr_TransmitWordShift.c ****     isr_TransmitWordShift_Enable();
  77:Generated_Source\PSoC5/isr_TransmitWordShift.c **** }
  78:Generated_Source\PSoC5/isr_TransmitWordShift.c **** 
  79:Generated_Source\PSoC5/isr_TransmitWordShift.c **** 
  80:Generated_Source\PSoC5/isr_TransmitWordShift.c **** /*******************************************************************************
  81:Generated_Source\PSoC5/isr_TransmitWordShift.c **** * Function Name: isr_TransmitWordShift_StartEx
  82:Generated_Source\PSoC5/isr_TransmitWordShift.c **** ********************************************************************************
  83:Generated_Source\PSoC5/isr_TransmitWordShift.c **** *
  84:Generated_Source\PSoC5/isr_TransmitWordShift.c **** * Summary:
  85:Generated_Source\PSoC5/isr_TransmitWordShift.c **** *  Sets up the interrupt and enables it. This function disables the interrupt,
  86:Generated_Source\PSoC5/isr_TransmitWordShift.c **** *  sets the interrupt vector based on the address passed in, sets the priority 
  87:Generated_Source\PSoC5/isr_TransmitWordShift.c **** *  from the value in the Design Wide Resources Interrupt Editor, then enables 
ARM GAS  C:\Users\EA527~1.IVA\AppData\Local\Temp\cceVEiyv.s 			page 3


  88:Generated_Source\PSoC5/isr_TransmitWordShift.c **** *  the interrupt to the interrupt controller.
  89:Generated_Source\PSoC5/isr_TransmitWordShift.c **** *  
  90:Generated_Source\PSoC5/isr_TransmitWordShift.c **** *  When defining ISR functions, the CY_ISR and CY_ISR_PROTO macros should be 
  91:Generated_Source\PSoC5/isr_TransmitWordShift.c **** *  used to provide consistent definition across compilers:
  92:Generated_Source\PSoC5/isr_TransmitWordShift.c **** *  
  93:Generated_Source\PSoC5/isr_TransmitWordShift.c **** *  Function definition example:
  94:Generated_Source\PSoC5/isr_TransmitWordShift.c **** *   CY_ISR(MyISR)
  95:Generated_Source\PSoC5/isr_TransmitWordShift.c **** *   {
  96:Generated_Source\PSoC5/isr_TransmitWordShift.c **** *   }
  97:Generated_Source\PSoC5/isr_TransmitWordShift.c **** *   Function prototype example:
  98:Generated_Source\PSoC5/isr_TransmitWordShift.c **** *   CY_ISR_PROTO(MyISR);
  99:Generated_Source\PSoC5/isr_TransmitWordShift.c **** *
 100:Generated_Source\PSoC5/isr_TransmitWordShift.c **** * Parameters:  
 101:Generated_Source\PSoC5/isr_TransmitWordShift.c **** *   address: Address of the ISR to set in the interrupt vector table.
 102:Generated_Source\PSoC5/isr_TransmitWordShift.c **** *
 103:Generated_Source\PSoC5/isr_TransmitWordShift.c **** * Return:
 104:Generated_Source\PSoC5/isr_TransmitWordShift.c **** *   None
 105:Generated_Source\PSoC5/isr_TransmitWordShift.c **** *
 106:Generated_Source\PSoC5/isr_TransmitWordShift.c **** *******************************************************************************/
 107:Generated_Source\PSoC5/isr_TransmitWordShift.c **** void isr_TransmitWordShift_StartEx(cyisraddress address)
 108:Generated_Source\PSoC5/isr_TransmitWordShift.c **** {
 109:Generated_Source\PSoC5/isr_TransmitWordShift.c ****     /* For all we know the interrupt is active. */
 110:Generated_Source\PSoC5/isr_TransmitWordShift.c ****     isr_TransmitWordShift_Disable();
 111:Generated_Source\PSoC5/isr_TransmitWordShift.c **** 
 112:Generated_Source\PSoC5/isr_TransmitWordShift.c ****     /* Set the ISR to point to the isr_TransmitWordShift Interrupt. */
 113:Generated_Source\PSoC5/isr_TransmitWordShift.c ****     isr_TransmitWordShift_SetVector(address);
 114:Generated_Source\PSoC5/isr_TransmitWordShift.c **** 
 115:Generated_Source\PSoC5/isr_TransmitWordShift.c ****     /* Set the priority. */
 116:Generated_Source\PSoC5/isr_TransmitWordShift.c ****     isr_TransmitWordShift_SetPriority((uint8)isr_TransmitWordShift_INTC_PRIOR_NUMBER);
 117:Generated_Source\PSoC5/isr_TransmitWordShift.c **** 
 118:Generated_Source\PSoC5/isr_TransmitWordShift.c ****     /* Enable it. */
 119:Generated_Source\PSoC5/isr_TransmitWordShift.c ****     isr_TransmitWordShift_Enable();
 120:Generated_Source\PSoC5/isr_TransmitWordShift.c **** }
 121:Generated_Source\PSoC5/isr_TransmitWordShift.c **** 
 122:Generated_Source\PSoC5/isr_TransmitWordShift.c **** 
 123:Generated_Source\PSoC5/isr_TransmitWordShift.c **** /*******************************************************************************
 124:Generated_Source\PSoC5/isr_TransmitWordShift.c **** * Function Name: isr_TransmitWordShift_Stop
 125:Generated_Source\PSoC5/isr_TransmitWordShift.c **** ********************************************************************************
 126:Generated_Source\PSoC5/isr_TransmitWordShift.c **** *
 127:Generated_Source\PSoC5/isr_TransmitWordShift.c **** * Summary:
 128:Generated_Source\PSoC5/isr_TransmitWordShift.c **** *   Disables and removes the interrupt.
 129:Generated_Source\PSoC5/isr_TransmitWordShift.c **** *
 130:Generated_Source\PSoC5/isr_TransmitWordShift.c **** * Parameters:  
 131:Generated_Source\PSoC5/isr_TransmitWordShift.c **** *   None
 132:Generated_Source\PSoC5/isr_TransmitWordShift.c **** *
 133:Generated_Source\PSoC5/isr_TransmitWordShift.c **** * Return:
 134:Generated_Source\PSoC5/isr_TransmitWordShift.c **** *   None
 135:Generated_Source\PSoC5/isr_TransmitWordShift.c **** *
 136:Generated_Source\PSoC5/isr_TransmitWordShift.c **** *******************************************************************************/
 137:Generated_Source\PSoC5/isr_TransmitWordShift.c **** void isr_TransmitWordShift_Stop(void)
 138:Generated_Source\PSoC5/isr_TransmitWordShift.c **** {
 139:Generated_Source\PSoC5/isr_TransmitWordShift.c ****     /* Disable this interrupt. */
 140:Generated_Source\PSoC5/isr_TransmitWordShift.c ****     isr_TransmitWordShift_Disable();
 141:Generated_Source\PSoC5/isr_TransmitWordShift.c **** 
 142:Generated_Source\PSoC5/isr_TransmitWordShift.c ****     /* Set the ISR to point to the passive one. */
 143:Generated_Source\PSoC5/isr_TransmitWordShift.c ****     isr_TransmitWordShift_SetVector(&IntDefaultHandler);
 144:Generated_Source\PSoC5/isr_TransmitWordShift.c **** }
ARM GAS  C:\Users\EA527~1.IVA\AppData\Local\Temp\cceVEiyv.s 			page 4


 145:Generated_Source\PSoC5/isr_TransmitWordShift.c **** 
 146:Generated_Source\PSoC5/isr_TransmitWordShift.c **** 
 147:Generated_Source\PSoC5/isr_TransmitWordShift.c **** /*******************************************************************************
 148:Generated_Source\PSoC5/isr_TransmitWordShift.c **** * Function Name: isr_TransmitWordShift_Interrupt
 149:Generated_Source\PSoC5/isr_TransmitWordShift.c **** ********************************************************************************
 150:Generated_Source\PSoC5/isr_TransmitWordShift.c **** *
 151:Generated_Source\PSoC5/isr_TransmitWordShift.c **** * Summary:
 152:Generated_Source\PSoC5/isr_TransmitWordShift.c **** *   The default Interrupt Service Routine for isr_TransmitWordShift.
 153:Generated_Source\PSoC5/isr_TransmitWordShift.c **** *
 154:Generated_Source\PSoC5/isr_TransmitWordShift.c **** *   Add custom code between the coments to keep the next version of this file
 155:Generated_Source\PSoC5/isr_TransmitWordShift.c **** *   from over writting your code.
 156:Generated_Source\PSoC5/isr_TransmitWordShift.c **** *
 157:Generated_Source\PSoC5/isr_TransmitWordShift.c **** * Parameters:  
 158:Generated_Source\PSoC5/isr_TransmitWordShift.c **** *
 159:Generated_Source\PSoC5/isr_TransmitWordShift.c **** * Return:
 160:Generated_Source\PSoC5/isr_TransmitWordShift.c **** *   None
 161:Generated_Source\PSoC5/isr_TransmitWordShift.c **** *
 162:Generated_Source\PSoC5/isr_TransmitWordShift.c **** *******************************************************************************/
 163:Generated_Source\PSoC5/isr_TransmitWordShift.c **** CY_ISR(isr_TransmitWordShift_Interrupt)
 164:Generated_Source\PSoC5/isr_TransmitWordShift.c **** {
 165:Generated_Source\PSoC5/isr_TransmitWordShift.c ****     #ifdef isr_TransmitWordShift_INTERRUPT_INTERRUPT_CALLBACK
 166:Generated_Source\PSoC5/isr_TransmitWordShift.c ****         isr_TransmitWordShift_Interrupt_InterruptCallback();
 167:Generated_Source\PSoC5/isr_TransmitWordShift.c ****     #endif /* isr_TransmitWordShift_INTERRUPT_INTERRUPT_CALLBACK */ 
 168:Generated_Source\PSoC5/isr_TransmitWordShift.c **** 
 169:Generated_Source\PSoC5/isr_TransmitWordShift.c ****     /*  Place your Interrupt code here. */
 170:Generated_Source\PSoC5/isr_TransmitWordShift.c ****     /* `#START isr_TransmitWordShift_Interrupt` */
 171:Generated_Source\PSoC5/isr_TransmitWordShift.c ****         
 172:Generated_Source\PSoC5/isr_TransmitWordShift.c ****         flag_read_done = 1;
 173:Generated_Source\PSoC5/isr_TransmitWordShift.c ****         ClearStatus();
 174:Generated_Source\PSoC5/isr_TransmitWordShift.c ****         BitCounterEnc_ReadStatusRegister();
 175:Generated_Source\PSoC5/isr_TransmitWordShift.c ****         isr_TransmitWordShift_ClearPending();
 176:Generated_Source\PSoC5/isr_TransmitWordShift.c ****         isr_TransmitWordShift_Disable();
 177:Generated_Source\PSoC5/isr_TransmitWordShift.c ****         
 178:Generated_Source\PSoC5/isr_TransmitWordShift.c ****     /* `#END` */
 179:Generated_Source\PSoC5/isr_TransmitWordShift.c **** }
 180:Generated_Source\PSoC5/isr_TransmitWordShift.c **** 
 181:Generated_Source\PSoC5/isr_TransmitWordShift.c **** 
 182:Generated_Source\PSoC5/isr_TransmitWordShift.c **** /*******************************************************************************
 183:Generated_Source\PSoC5/isr_TransmitWordShift.c **** * Function Name: isr_TransmitWordShift_SetVector
 184:Generated_Source\PSoC5/isr_TransmitWordShift.c **** ********************************************************************************
 185:Generated_Source\PSoC5/isr_TransmitWordShift.c **** *
 186:Generated_Source\PSoC5/isr_TransmitWordShift.c **** * Summary:
 187:Generated_Source\PSoC5/isr_TransmitWordShift.c **** *   Change the ISR vector for the Interrupt. Note calling isr_TransmitWordShift_Start
 188:Generated_Source\PSoC5/isr_TransmitWordShift.c **** *   will override any effect this method would have had. To set the vector 
 189:Generated_Source\PSoC5/isr_TransmitWordShift.c **** *   before the component has been started use isr_TransmitWordShift_StartEx instead.
 190:Generated_Source\PSoC5/isr_TransmitWordShift.c **** * 
 191:Generated_Source\PSoC5/isr_TransmitWordShift.c **** *   When defining ISR functions, the CY_ISR and CY_ISR_PROTO macros should be 
 192:Generated_Source\PSoC5/isr_TransmitWordShift.c **** *   used to provide consistent definition across compilers:
 193:Generated_Source\PSoC5/isr_TransmitWordShift.c **** *
 194:Generated_Source\PSoC5/isr_TransmitWordShift.c **** *   Function definition example:
 195:Generated_Source\PSoC5/isr_TransmitWordShift.c **** *   CY_ISR(MyISR)
 196:Generated_Source\PSoC5/isr_TransmitWordShift.c **** *   {
 197:Generated_Source\PSoC5/isr_TransmitWordShift.c **** *   }
 198:Generated_Source\PSoC5/isr_TransmitWordShift.c **** *
 199:Generated_Source\PSoC5/isr_TransmitWordShift.c **** *   Function prototype example:
 200:Generated_Source\PSoC5/isr_TransmitWordShift.c **** *     CY_ISR_PROTO(MyISR);
 201:Generated_Source\PSoC5/isr_TransmitWordShift.c **** *
ARM GAS  C:\Users\EA527~1.IVA\AppData\Local\Temp\cceVEiyv.s 			page 5


 202:Generated_Source\PSoC5/isr_TransmitWordShift.c **** * Parameters:
 203:Generated_Source\PSoC5/isr_TransmitWordShift.c **** *   address: Address of the ISR to set in the interrupt vector table.
 204:Generated_Source\PSoC5/isr_TransmitWordShift.c **** *
 205:Generated_Source\PSoC5/isr_TransmitWordShift.c **** * Return:
 206:Generated_Source\PSoC5/isr_TransmitWordShift.c **** *   None
 207:Generated_Source\PSoC5/isr_TransmitWordShift.c **** *
 208:Generated_Source\PSoC5/isr_TransmitWordShift.c **** *******************************************************************************/
 209:Generated_Source\PSoC5/isr_TransmitWordShift.c **** void isr_TransmitWordShift_SetVector(cyisraddress address)
 210:Generated_Source\PSoC5/isr_TransmitWordShift.c **** {
  28              		.loc 1 210 0
  29              		.cfi_startproc
  30              		@ args = 0, pretend = 0, frame = 0
  31              		@ frame_needed = 0, uses_anonymous_args = 0
  32              		@ link register save eliminated.
  33              	.LVL0:
 211:Generated_Source\PSoC5/isr_TransmitWordShift.c ****     cyisraddress * ramVectorTable;
 212:Generated_Source\PSoC5/isr_TransmitWordShift.c **** 
 213:Generated_Source\PSoC5/isr_TransmitWordShift.c ****     ramVectorTable = (cyisraddress *) *CYINT_VECT_TABLE;
  34              		.loc 1 213 0
  35 0000 014B     		ldr	r3, .L2
  36 0002 1B68     		ldr	r3, [r3]
  37              	.LVL1:
 214:Generated_Source\PSoC5/isr_TransmitWordShift.c **** 
 215:Generated_Source\PSoC5/isr_TransmitWordShift.c ****     ramVectorTable[CYINT_IRQ_BASE + (uint32)isr_TransmitWordShift__INTC_NUMBER] = address;
  38              		.loc 1 215 0
  39 0004 D865     		str	r0, [r3, #92]
  40 0006 7047     		bx	lr
  41              	.L3:
  42              		.align	2
  43              	.L2:
  44 0008 08ED00E0 		.word	-536810232
  45              		.cfi_endproc
  46              	.LFE4:
  47              		.size	isr_TransmitWordShift_SetVector, .-isr_TransmitWordShift_SetVector
  48              		.section	.text.isr_TransmitWordShift_GetVector,"ax",%progbits
  49              		.align	2
  50              		.global	isr_TransmitWordShift_GetVector
  51              		.thumb
  52              		.thumb_func
  53              		.type	isr_TransmitWordShift_GetVector, %function
  54              	isr_TransmitWordShift_GetVector:
  55              	.LFB5:
 216:Generated_Source\PSoC5/isr_TransmitWordShift.c **** }
 217:Generated_Source\PSoC5/isr_TransmitWordShift.c **** 
 218:Generated_Source\PSoC5/isr_TransmitWordShift.c **** 
 219:Generated_Source\PSoC5/isr_TransmitWordShift.c **** /*******************************************************************************
 220:Generated_Source\PSoC5/isr_TransmitWordShift.c **** * Function Name: isr_TransmitWordShift_GetVector
 221:Generated_Source\PSoC5/isr_TransmitWordShift.c **** ********************************************************************************
 222:Generated_Source\PSoC5/isr_TransmitWordShift.c **** *
 223:Generated_Source\PSoC5/isr_TransmitWordShift.c **** * Summary:
 224:Generated_Source\PSoC5/isr_TransmitWordShift.c **** *   Gets the "address" of the current ISR vector for the Interrupt.
 225:Generated_Source\PSoC5/isr_TransmitWordShift.c **** *
 226:Generated_Source\PSoC5/isr_TransmitWordShift.c **** * Parameters:
 227:Generated_Source\PSoC5/isr_TransmitWordShift.c **** *   None
 228:Generated_Source\PSoC5/isr_TransmitWordShift.c **** *
 229:Generated_Source\PSoC5/isr_TransmitWordShift.c **** * Return:
 230:Generated_Source\PSoC5/isr_TransmitWordShift.c **** *   Address of the ISR in the interrupt vector table.
ARM GAS  C:\Users\EA527~1.IVA\AppData\Local\Temp\cceVEiyv.s 			page 6


 231:Generated_Source\PSoC5/isr_TransmitWordShift.c **** *
 232:Generated_Source\PSoC5/isr_TransmitWordShift.c **** *******************************************************************************/
 233:Generated_Source\PSoC5/isr_TransmitWordShift.c **** cyisraddress isr_TransmitWordShift_GetVector(void)
 234:Generated_Source\PSoC5/isr_TransmitWordShift.c **** {
  56              		.loc 1 234 0
  57              		.cfi_startproc
  58              		@ args = 0, pretend = 0, frame = 0
  59              		@ frame_needed = 0, uses_anonymous_args = 0
  60              		@ link register save eliminated.
 235:Generated_Source\PSoC5/isr_TransmitWordShift.c ****     cyisraddress * ramVectorTable;
 236:Generated_Source\PSoC5/isr_TransmitWordShift.c **** 
 237:Generated_Source\PSoC5/isr_TransmitWordShift.c ****     ramVectorTable = (cyisraddress *) *CYINT_VECT_TABLE;
  61              		.loc 1 237 0
  62 0000 014B     		ldr	r3, .L5
  63 0002 1B68     		ldr	r3, [r3]
  64              	.LVL2:
 238:Generated_Source\PSoC5/isr_TransmitWordShift.c **** 
 239:Generated_Source\PSoC5/isr_TransmitWordShift.c ****     return ramVectorTable[CYINT_IRQ_BASE + (uint32)isr_TransmitWordShift__INTC_NUMBER];
 240:Generated_Source\PSoC5/isr_TransmitWordShift.c **** }
  65              		.loc 1 240 0
  66 0004 D86D     		ldr	r0, [r3, #92]
  67 0006 7047     		bx	lr
  68              	.L6:
  69              		.align	2
  70              	.L5:
  71 0008 08ED00E0 		.word	-536810232
  72              		.cfi_endproc
  73              	.LFE5:
  74              		.size	isr_TransmitWordShift_GetVector, .-isr_TransmitWordShift_GetVector
  75              		.section	.text.isr_TransmitWordShift_SetPriority,"ax",%progbits
  76              		.align	2
  77              		.global	isr_TransmitWordShift_SetPriority
  78              		.thumb
  79              		.thumb_func
  80              		.type	isr_TransmitWordShift_SetPriority, %function
  81              	isr_TransmitWordShift_SetPriority:
  82              	.LFB6:
 241:Generated_Source\PSoC5/isr_TransmitWordShift.c **** 
 242:Generated_Source\PSoC5/isr_TransmitWordShift.c **** 
 243:Generated_Source\PSoC5/isr_TransmitWordShift.c **** /*******************************************************************************
 244:Generated_Source\PSoC5/isr_TransmitWordShift.c **** * Function Name: isr_TransmitWordShift_SetPriority
 245:Generated_Source\PSoC5/isr_TransmitWordShift.c **** ********************************************************************************
 246:Generated_Source\PSoC5/isr_TransmitWordShift.c **** *
 247:Generated_Source\PSoC5/isr_TransmitWordShift.c **** * Summary:
 248:Generated_Source\PSoC5/isr_TransmitWordShift.c **** *   Sets the Priority of the Interrupt. 
 249:Generated_Source\PSoC5/isr_TransmitWordShift.c **** *
 250:Generated_Source\PSoC5/isr_TransmitWordShift.c **** *   Note calling isr_TransmitWordShift_Start or isr_TransmitWordShift_StartEx will 
 251:Generated_Source\PSoC5/isr_TransmitWordShift.c **** *   override any effect this API would have had. This API should only be called
 252:Generated_Source\PSoC5/isr_TransmitWordShift.c **** *   after isr_TransmitWordShift_Start or isr_TransmitWordShift_StartEx has been called. 
 253:Generated_Source\PSoC5/isr_TransmitWordShift.c **** *   To set the initial priority for the component, use the Design-Wide Resources
 254:Generated_Source\PSoC5/isr_TransmitWordShift.c **** *   Interrupt Editor.
 255:Generated_Source\PSoC5/isr_TransmitWordShift.c **** *
 256:Generated_Source\PSoC5/isr_TransmitWordShift.c **** *   Note This API has no effect on Non-maskable interrupt NMI).
 257:Generated_Source\PSoC5/isr_TransmitWordShift.c **** *
 258:Generated_Source\PSoC5/isr_TransmitWordShift.c **** * Parameters:
 259:Generated_Source\PSoC5/isr_TransmitWordShift.c **** *   priority: Priority of the interrupt, 0 being the highest priority
 260:Generated_Source\PSoC5/isr_TransmitWordShift.c **** *             PSoC 3 and PSoC 5LP: Priority is from 0 to 7.
ARM GAS  C:\Users\EA527~1.IVA\AppData\Local\Temp\cceVEiyv.s 			page 7


 261:Generated_Source\PSoC5/isr_TransmitWordShift.c **** *             PSoC 4: Priority is from 0 to 3.
 262:Generated_Source\PSoC5/isr_TransmitWordShift.c **** *
 263:Generated_Source\PSoC5/isr_TransmitWordShift.c **** * Return:
 264:Generated_Source\PSoC5/isr_TransmitWordShift.c **** *   None
 265:Generated_Source\PSoC5/isr_TransmitWordShift.c **** *
 266:Generated_Source\PSoC5/isr_TransmitWordShift.c **** *******************************************************************************/
 267:Generated_Source\PSoC5/isr_TransmitWordShift.c **** void isr_TransmitWordShift_SetPriority(uint8 priority)
 268:Generated_Source\PSoC5/isr_TransmitWordShift.c **** {
  83              		.loc 1 268 0
  84              		.cfi_startproc
  85              		@ args = 0, pretend = 0, frame = 0
  86              		@ frame_needed = 0, uses_anonymous_args = 0
  87              		@ link register save eliminated.
  88              	.LVL3:
 269:Generated_Source\PSoC5/isr_TransmitWordShift.c ****     *isr_TransmitWordShift_INTC_PRIOR = priority << 5;
  89              		.loc 1 269 0
  90 0000 4001     		lsls	r0, r0, #5
  91              	.LVL4:
  92 0002 C0B2     		uxtb	r0, r0
  93 0004 014B     		ldr	r3, .L8
  94 0006 1870     		strb	r0, [r3]
  95 0008 7047     		bx	lr
  96              	.L9:
  97 000a 00BF     		.align	2
  98              	.L8:
  99 000c 07E400E0 		.word	-536812537
 100              		.cfi_endproc
 101              	.LFE6:
 102              		.size	isr_TransmitWordShift_SetPriority, .-isr_TransmitWordShift_SetPriority
 103              		.section	.text.isr_TransmitWordShift_GetPriority,"ax",%progbits
 104              		.align	2
 105              		.global	isr_TransmitWordShift_GetPriority
 106              		.thumb
 107              		.thumb_func
 108              		.type	isr_TransmitWordShift_GetPriority, %function
 109              	isr_TransmitWordShift_GetPriority:
 110              	.LFB7:
 270:Generated_Source\PSoC5/isr_TransmitWordShift.c **** }
 271:Generated_Source\PSoC5/isr_TransmitWordShift.c **** 
 272:Generated_Source\PSoC5/isr_TransmitWordShift.c **** 
 273:Generated_Source\PSoC5/isr_TransmitWordShift.c **** /*******************************************************************************
 274:Generated_Source\PSoC5/isr_TransmitWordShift.c **** * Function Name: isr_TransmitWordShift_GetPriority
 275:Generated_Source\PSoC5/isr_TransmitWordShift.c **** ********************************************************************************
 276:Generated_Source\PSoC5/isr_TransmitWordShift.c **** *
 277:Generated_Source\PSoC5/isr_TransmitWordShift.c **** * Summary:
 278:Generated_Source\PSoC5/isr_TransmitWordShift.c **** *   Gets the Priority of the Interrupt.
 279:Generated_Source\PSoC5/isr_TransmitWordShift.c **** *
 280:Generated_Source\PSoC5/isr_TransmitWordShift.c **** * Parameters:
 281:Generated_Source\PSoC5/isr_TransmitWordShift.c **** *   None
 282:Generated_Source\PSoC5/isr_TransmitWordShift.c **** *
 283:Generated_Source\PSoC5/isr_TransmitWordShift.c **** * Return:
 284:Generated_Source\PSoC5/isr_TransmitWordShift.c **** *   Priority of the interrupt, 0 being the highest priority
 285:Generated_Source\PSoC5/isr_TransmitWordShift.c **** *    PSoC 3 and PSoC 5LP: Priority is from 0 to 7.
 286:Generated_Source\PSoC5/isr_TransmitWordShift.c **** *    PSoC 4: Priority is from 0 to 3.
 287:Generated_Source\PSoC5/isr_TransmitWordShift.c **** *
 288:Generated_Source\PSoC5/isr_TransmitWordShift.c **** *******************************************************************************/
 289:Generated_Source\PSoC5/isr_TransmitWordShift.c **** uint8 isr_TransmitWordShift_GetPriority(void)
ARM GAS  C:\Users\EA527~1.IVA\AppData\Local\Temp\cceVEiyv.s 			page 8


 290:Generated_Source\PSoC5/isr_TransmitWordShift.c **** {
 111              		.loc 1 290 0
 112              		.cfi_startproc
 113              		@ args = 0, pretend = 0, frame = 0
 114              		@ frame_needed = 0, uses_anonymous_args = 0
 115              		@ link register save eliminated.
 291:Generated_Source\PSoC5/isr_TransmitWordShift.c ****     uint8 priority;
 292:Generated_Source\PSoC5/isr_TransmitWordShift.c **** 
 293:Generated_Source\PSoC5/isr_TransmitWordShift.c **** 
 294:Generated_Source\PSoC5/isr_TransmitWordShift.c ****     priority = *isr_TransmitWordShift_INTC_PRIOR >> 5;
 116              		.loc 1 294 0
 117 0000 014B     		ldr	r3, .L11
 118 0002 1878     		ldrb	r0, [r3]	@ zero_extendqisi2
 119              	.LVL5:
 295:Generated_Source\PSoC5/isr_TransmitWordShift.c **** 
 296:Generated_Source\PSoC5/isr_TransmitWordShift.c ****     return priority;
 297:Generated_Source\PSoC5/isr_TransmitWordShift.c **** }
 120              		.loc 1 297 0
 121 0004 4009     		lsrs	r0, r0, #5
 122              	.LVL6:
 123 0006 7047     		bx	lr
 124              	.L12:
 125              		.align	2
 126              	.L11:
 127 0008 07E400E0 		.word	-536812537
 128              		.cfi_endproc
 129              	.LFE7:
 130              		.size	isr_TransmitWordShift_GetPriority, .-isr_TransmitWordShift_GetPriority
 131              		.section	.text.isr_TransmitWordShift_Enable,"ax",%progbits
 132              		.align	2
 133              		.global	isr_TransmitWordShift_Enable
 134              		.thumb
 135              		.thumb_func
 136              		.type	isr_TransmitWordShift_Enable, %function
 137              	isr_TransmitWordShift_Enable:
 138              	.LFB8:
 298:Generated_Source\PSoC5/isr_TransmitWordShift.c **** 
 299:Generated_Source\PSoC5/isr_TransmitWordShift.c **** 
 300:Generated_Source\PSoC5/isr_TransmitWordShift.c **** /*******************************************************************************
 301:Generated_Source\PSoC5/isr_TransmitWordShift.c **** * Function Name: isr_TransmitWordShift_Enable
 302:Generated_Source\PSoC5/isr_TransmitWordShift.c **** ********************************************************************************
 303:Generated_Source\PSoC5/isr_TransmitWordShift.c **** *
 304:Generated_Source\PSoC5/isr_TransmitWordShift.c **** * Summary:
 305:Generated_Source\PSoC5/isr_TransmitWordShift.c **** *   Enables the interrupt to the interrupt controller. Do not call this function
 306:Generated_Source\PSoC5/isr_TransmitWordShift.c **** *   unless ISR_Start() has been called or the functionality of the ISR_Start() 
 307:Generated_Source\PSoC5/isr_TransmitWordShift.c **** *   function, which sets the vector and the priority, has been called.
 308:Generated_Source\PSoC5/isr_TransmitWordShift.c **** *
 309:Generated_Source\PSoC5/isr_TransmitWordShift.c **** * Parameters:
 310:Generated_Source\PSoC5/isr_TransmitWordShift.c **** *   None
 311:Generated_Source\PSoC5/isr_TransmitWordShift.c **** *
 312:Generated_Source\PSoC5/isr_TransmitWordShift.c **** * Return:
 313:Generated_Source\PSoC5/isr_TransmitWordShift.c **** *   None
 314:Generated_Source\PSoC5/isr_TransmitWordShift.c **** *
 315:Generated_Source\PSoC5/isr_TransmitWordShift.c **** *******************************************************************************/
 316:Generated_Source\PSoC5/isr_TransmitWordShift.c **** void isr_TransmitWordShift_Enable(void)
 317:Generated_Source\PSoC5/isr_TransmitWordShift.c **** {
 139              		.loc 1 317 0
ARM GAS  C:\Users\EA527~1.IVA\AppData\Local\Temp\cceVEiyv.s 			page 9


 140              		.cfi_startproc
 141              		@ args = 0, pretend = 0, frame = 0
 142              		@ frame_needed = 0, uses_anonymous_args = 0
 143              		@ link register save eliminated.
 318:Generated_Source\PSoC5/isr_TransmitWordShift.c ****     /* Enable the general interrupt. */
 319:Generated_Source\PSoC5/isr_TransmitWordShift.c ****     *isr_TransmitWordShift_INTC_SET_EN = isr_TransmitWordShift__INTC_MASK;
 144              		.loc 1 319 0
 145 0000 8022     		movs	r2, #128
 146 0002 014B     		ldr	r3, .L14
 147 0004 1A60     		str	r2, [r3]
 148 0006 7047     		bx	lr
 149              	.L15:
 150              		.align	2
 151              	.L14:
 152 0008 00E100E0 		.word	-536813312
 153              		.cfi_endproc
 154              	.LFE8:
 155              		.size	isr_TransmitWordShift_Enable, .-isr_TransmitWordShift_Enable
 156              		.section	.text.isr_TransmitWordShift_GetState,"ax",%progbits
 157              		.align	2
 158              		.global	isr_TransmitWordShift_GetState
 159              		.thumb
 160              		.thumb_func
 161              		.type	isr_TransmitWordShift_GetState, %function
 162              	isr_TransmitWordShift_GetState:
 163              	.LFB9:
 320:Generated_Source\PSoC5/isr_TransmitWordShift.c **** }
 321:Generated_Source\PSoC5/isr_TransmitWordShift.c **** 
 322:Generated_Source\PSoC5/isr_TransmitWordShift.c **** 
 323:Generated_Source\PSoC5/isr_TransmitWordShift.c **** /*******************************************************************************
 324:Generated_Source\PSoC5/isr_TransmitWordShift.c **** * Function Name: isr_TransmitWordShift_GetState
 325:Generated_Source\PSoC5/isr_TransmitWordShift.c **** ********************************************************************************
 326:Generated_Source\PSoC5/isr_TransmitWordShift.c **** *
 327:Generated_Source\PSoC5/isr_TransmitWordShift.c **** * Summary:
 328:Generated_Source\PSoC5/isr_TransmitWordShift.c **** *   Gets the state (enabled, disabled) of the Interrupt.
 329:Generated_Source\PSoC5/isr_TransmitWordShift.c **** *
 330:Generated_Source\PSoC5/isr_TransmitWordShift.c **** * Parameters:
 331:Generated_Source\PSoC5/isr_TransmitWordShift.c **** *   None
 332:Generated_Source\PSoC5/isr_TransmitWordShift.c **** *
 333:Generated_Source\PSoC5/isr_TransmitWordShift.c **** * Return:
 334:Generated_Source\PSoC5/isr_TransmitWordShift.c **** *   1 if enabled, 0 if disabled.
 335:Generated_Source\PSoC5/isr_TransmitWordShift.c **** *
 336:Generated_Source\PSoC5/isr_TransmitWordShift.c **** *******************************************************************************/
 337:Generated_Source\PSoC5/isr_TransmitWordShift.c **** uint8 isr_TransmitWordShift_GetState(void)
 338:Generated_Source\PSoC5/isr_TransmitWordShift.c **** {
 164              		.loc 1 338 0
 165              		.cfi_startproc
 166              		@ args = 0, pretend = 0, frame = 0
 167              		@ frame_needed = 0, uses_anonymous_args = 0
 168              		@ link register save eliminated.
 339:Generated_Source\PSoC5/isr_TransmitWordShift.c ****     /* Get the state of the general interrupt. */
 340:Generated_Source\PSoC5/isr_TransmitWordShift.c ****     return ((*isr_TransmitWordShift_INTC_SET_EN & (uint32)isr_TransmitWordShift__INTC_MASK) != 0u) 
 169              		.loc 1 340 0
 170 0000 044B     		ldr	r3, .L19
 171 0002 1B68     		ldr	r3, [r3]
 172 0004 13F0800F 		tst	r3, #128
 173 0008 01D0     		beq	.L18
ARM GAS  C:\Users\EA527~1.IVA\AppData\Local\Temp\cceVEiyv.s 			page 10


 174 000a 0120     		movs	r0, #1
 175 000c 7047     		bx	lr
 176              	.L18:
 177 000e 0020     		movs	r0, #0
 341:Generated_Source\PSoC5/isr_TransmitWordShift.c **** }
 178              		.loc 1 341 0
 179 0010 7047     		bx	lr
 180              	.L20:
 181 0012 00BF     		.align	2
 182              	.L19:
 183 0014 00E100E0 		.word	-536813312
 184              		.cfi_endproc
 185              	.LFE9:
 186              		.size	isr_TransmitWordShift_GetState, .-isr_TransmitWordShift_GetState
 187              		.section	.text.isr_TransmitWordShift_Disable,"ax",%progbits
 188              		.align	2
 189              		.global	isr_TransmitWordShift_Disable
 190              		.thumb
 191              		.thumb_func
 192              		.type	isr_TransmitWordShift_Disable, %function
 193              	isr_TransmitWordShift_Disable:
 194              	.LFB10:
 342:Generated_Source\PSoC5/isr_TransmitWordShift.c **** 
 343:Generated_Source\PSoC5/isr_TransmitWordShift.c **** 
 344:Generated_Source\PSoC5/isr_TransmitWordShift.c **** /*******************************************************************************
 345:Generated_Source\PSoC5/isr_TransmitWordShift.c **** * Function Name: isr_TransmitWordShift_Disable
 346:Generated_Source\PSoC5/isr_TransmitWordShift.c **** ********************************************************************************
 347:Generated_Source\PSoC5/isr_TransmitWordShift.c **** *
 348:Generated_Source\PSoC5/isr_TransmitWordShift.c **** * Summary:
 349:Generated_Source\PSoC5/isr_TransmitWordShift.c **** *   Disables the Interrupt in the interrupt controller.
 350:Generated_Source\PSoC5/isr_TransmitWordShift.c **** *
 351:Generated_Source\PSoC5/isr_TransmitWordShift.c **** * Parameters:
 352:Generated_Source\PSoC5/isr_TransmitWordShift.c **** *   None
 353:Generated_Source\PSoC5/isr_TransmitWordShift.c **** *
 354:Generated_Source\PSoC5/isr_TransmitWordShift.c **** * Return:
 355:Generated_Source\PSoC5/isr_TransmitWordShift.c **** *   None
 356:Generated_Source\PSoC5/isr_TransmitWordShift.c **** *
 357:Generated_Source\PSoC5/isr_TransmitWordShift.c **** *******************************************************************************/
 358:Generated_Source\PSoC5/isr_TransmitWordShift.c **** void isr_TransmitWordShift_Disable(void)
 359:Generated_Source\PSoC5/isr_TransmitWordShift.c **** {
 195              		.loc 1 359 0
 196              		.cfi_startproc
 197              		@ args = 0, pretend = 0, frame = 0
 198              		@ frame_needed = 0, uses_anonymous_args = 0
 199              		@ link register save eliminated.
 360:Generated_Source\PSoC5/isr_TransmitWordShift.c ****     /* Disable the general interrupt. */
 361:Generated_Source\PSoC5/isr_TransmitWordShift.c ****     *isr_TransmitWordShift_INTC_CLR_EN = isr_TransmitWordShift__INTC_MASK;
 200              		.loc 1 361 0
 201 0000 8022     		movs	r2, #128
 202 0002 014B     		ldr	r3, .L22
 203 0004 1A60     		str	r2, [r3]
 204 0006 7047     		bx	lr
 205              	.L23:
 206              		.align	2
 207              	.L22:
 208 0008 80E100E0 		.word	-536813184
 209              		.cfi_endproc
ARM GAS  C:\Users\EA527~1.IVA\AppData\Local\Temp\cceVEiyv.s 			page 11


 210              	.LFE10:
 211              		.size	isr_TransmitWordShift_Disable, .-isr_TransmitWordShift_Disable
 212              		.section	.text.isr_TransmitWordShift_Start,"ax",%progbits
 213              		.align	2
 214              		.global	isr_TransmitWordShift_Start
 215              		.thumb
 216              		.thumb_func
 217              		.type	isr_TransmitWordShift_Start, %function
 218              	isr_TransmitWordShift_Start:
 219              	.LFB0:
  65:Generated_Source\PSoC5/isr_TransmitWordShift.c ****     /* For all we know the interrupt is active. */
 220              		.loc 1 65 0
 221              		.cfi_startproc
 222              		@ args = 0, pretend = 0, frame = 0
 223              		@ frame_needed = 0, uses_anonymous_args = 0
 224 0000 08B5     		push	{r3, lr}
 225              		.cfi_def_cfa_offset 8
 226              		.cfi_offset 3, -8
 227              		.cfi_offset 14, -4
  67:Generated_Source\PSoC5/isr_TransmitWordShift.c **** 
 228              		.loc 1 67 0
 229 0002 FFF7FEFF 		bl	isr_TransmitWordShift_Disable
 230              	.LVL7:
  70:Generated_Source\PSoC5/isr_TransmitWordShift.c **** 
 231              		.loc 1 70 0
 232 0006 0448     		ldr	r0, .L26
 233 0008 FFF7FEFF 		bl	isr_TransmitWordShift_SetVector
 234              	.LVL8:
  73:Generated_Source\PSoC5/isr_TransmitWordShift.c **** 
 235              		.loc 1 73 0
 236 000c 0620     		movs	r0, #6
 237 000e FFF7FEFF 		bl	isr_TransmitWordShift_SetPriority
 238              	.LVL9:
  76:Generated_Source\PSoC5/isr_TransmitWordShift.c **** }
 239              		.loc 1 76 0
 240 0012 FFF7FEFF 		bl	isr_TransmitWordShift_Enable
 241              	.LVL10:
 242 0016 08BD     		pop	{r3, pc}
 243              	.L27:
 244              		.align	2
 245              	.L26:
 246 0018 00000000 		.word	isr_TransmitWordShift_Interrupt
 247              		.cfi_endproc
 248              	.LFE0:
 249              		.size	isr_TransmitWordShift_Start, .-isr_TransmitWordShift_Start
 250              		.section	.text.isr_TransmitWordShift_StartEx,"ax",%progbits
 251              		.align	2
 252              		.global	isr_TransmitWordShift_StartEx
 253              		.thumb
 254              		.thumb_func
 255              		.type	isr_TransmitWordShift_StartEx, %function
 256              	isr_TransmitWordShift_StartEx:
 257              	.LFB1:
 108:Generated_Source\PSoC5/isr_TransmitWordShift.c ****     /* For all we know the interrupt is active. */
 258              		.loc 1 108 0
 259              		.cfi_startproc
 260              		@ args = 0, pretend = 0, frame = 0
ARM GAS  C:\Users\EA527~1.IVA\AppData\Local\Temp\cceVEiyv.s 			page 12


 261              		@ frame_needed = 0, uses_anonymous_args = 0
 262              	.LVL11:
 263 0000 10B5     		push	{r4, lr}
 264              		.cfi_def_cfa_offset 8
 265              		.cfi_offset 4, -8
 266              		.cfi_offset 14, -4
 267 0002 0446     		mov	r4, r0
 110:Generated_Source\PSoC5/isr_TransmitWordShift.c **** 
 268              		.loc 1 110 0
 269 0004 FFF7FEFF 		bl	isr_TransmitWordShift_Disable
 270              	.LVL12:
 113:Generated_Source\PSoC5/isr_TransmitWordShift.c **** 
 271              		.loc 1 113 0
 272 0008 2046     		mov	r0, r4
 273 000a FFF7FEFF 		bl	isr_TransmitWordShift_SetVector
 274              	.LVL13:
 116:Generated_Source\PSoC5/isr_TransmitWordShift.c **** 
 275              		.loc 1 116 0
 276 000e 0620     		movs	r0, #6
 277 0010 FFF7FEFF 		bl	isr_TransmitWordShift_SetPriority
 278              	.LVL14:
 119:Generated_Source\PSoC5/isr_TransmitWordShift.c **** }
 279              		.loc 1 119 0
 280 0014 FFF7FEFF 		bl	isr_TransmitWordShift_Enable
 281              	.LVL15:
 282 0018 10BD     		pop	{r4, pc}
 283              		.cfi_endproc
 284              	.LFE1:
 285              		.size	isr_TransmitWordShift_StartEx, .-isr_TransmitWordShift_StartEx
 286 001a 00BF     		.section	.text.isr_TransmitWordShift_Stop,"ax",%progbits
 287              		.align	2
 288              		.global	isr_TransmitWordShift_Stop
 289              		.thumb
 290              		.thumb_func
 291              		.type	isr_TransmitWordShift_Stop, %function
 292              	isr_TransmitWordShift_Stop:
 293              	.LFB2:
 138:Generated_Source\PSoC5/isr_TransmitWordShift.c ****     /* Disable this interrupt. */
 294              		.loc 1 138 0
 295              		.cfi_startproc
 296              		@ args = 0, pretend = 0, frame = 0
 297              		@ frame_needed = 0, uses_anonymous_args = 0
 298 0000 08B5     		push	{r3, lr}
 299              		.cfi_def_cfa_offset 8
 300              		.cfi_offset 3, -8
 301              		.cfi_offset 14, -4
 140:Generated_Source\PSoC5/isr_TransmitWordShift.c **** 
 302              		.loc 1 140 0
 303 0002 FFF7FEFF 		bl	isr_TransmitWordShift_Disable
 304              	.LVL16:
 143:Generated_Source\PSoC5/isr_TransmitWordShift.c **** }
 305              		.loc 1 143 0
 306 0006 0248     		ldr	r0, .L32
 307 0008 FFF7FEFF 		bl	isr_TransmitWordShift_SetVector
 308              	.LVL17:
 309 000c 08BD     		pop	{r3, pc}
 310              	.L33:
ARM GAS  C:\Users\EA527~1.IVA\AppData\Local\Temp\cceVEiyv.s 			page 13


 311 000e 00BF     		.align	2
 312              	.L32:
 313 0010 00000000 		.word	IntDefaultHandler
 314              		.cfi_endproc
 315              	.LFE2:
 316              		.size	isr_TransmitWordShift_Stop, .-isr_TransmitWordShift_Stop
 317              		.section	.text.isr_TransmitWordShift_SetPending,"ax",%progbits
 318              		.align	2
 319              		.global	isr_TransmitWordShift_SetPending
 320              		.thumb
 321              		.thumb_func
 322              		.type	isr_TransmitWordShift_SetPending, %function
 323              	isr_TransmitWordShift_SetPending:
 324              	.LFB11:
 362:Generated_Source\PSoC5/isr_TransmitWordShift.c **** }
 363:Generated_Source\PSoC5/isr_TransmitWordShift.c **** 
 364:Generated_Source\PSoC5/isr_TransmitWordShift.c **** 
 365:Generated_Source\PSoC5/isr_TransmitWordShift.c **** /*******************************************************************************
 366:Generated_Source\PSoC5/isr_TransmitWordShift.c **** * Function Name: isr_TransmitWordShift_SetPending
 367:Generated_Source\PSoC5/isr_TransmitWordShift.c **** ********************************************************************************
 368:Generated_Source\PSoC5/isr_TransmitWordShift.c **** *
 369:Generated_Source\PSoC5/isr_TransmitWordShift.c **** * Summary:
 370:Generated_Source\PSoC5/isr_TransmitWordShift.c **** *   Causes the Interrupt to enter the pending state, a software method of
 371:Generated_Source\PSoC5/isr_TransmitWordShift.c **** *   generating the interrupt.
 372:Generated_Source\PSoC5/isr_TransmitWordShift.c **** *
 373:Generated_Source\PSoC5/isr_TransmitWordShift.c **** * Parameters:
 374:Generated_Source\PSoC5/isr_TransmitWordShift.c **** *   None
 375:Generated_Source\PSoC5/isr_TransmitWordShift.c **** *
 376:Generated_Source\PSoC5/isr_TransmitWordShift.c **** * Return:
 377:Generated_Source\PSoC5/isr_TransmitWordShift.c **** *   None
 378:Generated_Source\PSoC5/isr_TransmitWordShift.c **** *
 379:Generated_Source\PSoC5/isr_TransmitWordShift.c **** * Side Effects:
 380:Generated_Source\PSoC5/isr_TransmitWordShift.c **** *   If interrupts are enabled and the interrupt is set up properly, the ISR is
 381:Generated_Source\PSoC5/isr_TransmitWordShift.c **** *   entered (depending on the priority of this interrupt and other pending 
 382:Generated_Source\PSoC5/isr_TransmitWordShift.c **** *   interrupts).
 383:Generated_Source\PSoC5/isr_TransmitWordShift.c **** *
 384:Generated_Source\PSoC5/isr_TransmitWordShift.c **** *******************************************************************************/
 385:Generated_Source\PSoC5/isr_TransmitWordShift.c **** void isr_TransmitWordShift_SetPending(void)
 386:Generated_Source\PSoC5/isr_TransmitWordShift.c **** {
 325              		.loc 1 386 0
 326              		.cfi_startproc
 327              		@ args = 0, pretend = 0, frame = 0
 328              		@ frame_needed = 0, uses_anonymous_args = 0
 329              		@ link register save eliminated.
 387:Generated_Source\PSoC5/isr_TransmitWordShift.c ****     *isr_TransmitWordShift_INTC_SET_PD = isr_TransmitWordShift__INTC_MASK;
 330              		.loc 1 387 0
 331 0000 8022     		movs	r2, #128
 332 0002 014B     		ldr	r3, .L35
 333 0004 1A60     		str	r2, [r3]
 334 0006 7047     		bx	lr
 335              	.L36:
 336              		.align	2
 337              	.L35:
 338 0008 00E200E0 		.word	-536813056
 339              		.cfi_endproc
 340              	.LFE11:
 341              		.size	isr_TransmitWordShift_SetPending, .-isr_TransmitWordShift_SetPending
ARM GAS  C:\Users\EA527~1.IVA\AppData\Local\Temp\cceVEiyv.s 			page 14


 342              		.section	.text.isr_TransmitWordShift_ClearPending,"ax",%progbits
 343              		.align	2
 344              		.global	isr_TransmitWordShift_ClearPending
 345              		.thumb
 346              		.thumb_func
 347              		.type	isr_TransmitWordShift_ClearPending, %function
 348              	isr_TransmitWordShift_ClearPending:
 349              	.LFB12:
 388:Generated_Source\PSoC5/isr_TransmitWordShift.c **** }
 389:Generated_Source\PSoC5/isr_TransmitWordShift.c **** 
 390:Generated_Source\PSoC5/isr_TransmitWordShift.c **** 
 391:Generated_Source\PSoC5/isr_TransmitWordShift.c **** /*******************************************************************************
 392:Generated_Source\PSoC5/isr_TransmitWordShift.c **** * Function Name: isr_TransmitWordShift_ClearPending
 393:Generated_Source\PSoC5/isr_TransmitWordShift.c **** ********************************************************************************
 394:Generated_Source\PSoC5/isr_TransmitWordShift.c **** *
 395:Generated_Source\PSoC5/isr_TransmitWordShift.c **** * Summary:
 396:Generated_Source\PSoC5/isr_TransmitWordShift.c **** *   Clears a pending interrupt in the interrupt controller.
 397:Generated_Source\PSoC5/isr_TransmitWordShift.c **** *
 398:Generated_Source\PSoC5/isr_TransmitWordShift.c **** *   Note Some interrupt sources are clear-on-read and require the block 
 399:Generated_Source\PSoC5/isr_TransmitWordShift.c **** *   interrupt/status register to be read/cleared with the appropriate block API 
 400:Generated_Source\PSoC5/isr_TransmitWordShift.c **** *   (GPIO, UART, and so on). Otherwise the ISR will continue to remain in 
 401:Generated_Source\PSoC5/isr_TransmitWordShift.c **** *   pending state even though the interrupt itself is cleared using this API.
 402:Generated_Source\PSoC5/isr_TransmitWordShift.c **** *
 403:Generated_Source\PSoC5/isr_TransmitWordShift.c **** * Parameters:
 404:Generated_Source\PSoC5/isr_TransmitWordShift.c **** *   None
 405:Generated_Source\PSoC5/isr_TransmitWordShift.c **** *
 406:Generated_Source\PSoC5/isr_TransmitWordShift.c **** * Return:
 407:Generated_Source\PSoC5/isr_TransmitWordShift.c **** *   None
 408:Generated_Source\PSoC5/isr_TransmitWordShift.c **** *
 409:Generated_Source\PSoC5/isr_TransmitWordShift.c **** *******************************************************************************/
 410:Generated_Source\PSoC5/isr_TransmitWordShift.c **** void isr_TransmitWordShift_ClearPending(void)
 411:Generated_Source\PSoC5/isr_TransmitWordShift.c **** {
 350              		.loc 1 411 0
 351              		.cfi_startproc
 352              		@ args = 0, pretend = 0, frame = 0
 353              		@ frame_needed = 0, uses_anonymous_args = 0
 354              		@ link register save eliminated.
 412:Generated_Source\PSoC5/isr_TransmitWordShift.c ****     *isr_TransmitWordShift_INTC_CLR_PD = isr_TransmitWordShift__INTC_MASK;
 355              		.loc 1 412 0
 356 0000 8022     		movs	r2, #128
 357 0002 014B     		ldr	r3, .L38
 358 0004 1A60     		str	r2, [r3]
 359 0006 7047     		bx	lr
 360              	.L39:
 361              		.align	2
 362              	.L38:
 363 0008 80E200E0 		.word	-536812928
 364              		.cfi_endproc
 365              	.LFE12:
 366              		.size	isr_TransmitWordShift_ClearPending, .-isr_TransmitWordShift_ClearPending
 367              		.section	.text.isr_TransmitWordShift_Interrupt,"ax",%progbits
 368              		.align	2
 369              		.global	isr_TransmitWordShift_Interrupt
 370              		.thumb
 371              		.thumb_func
 372              		.type	isr_TransmitWordShift_Interrupt, %function
 373              	isr_TransmitWordShift_Interrupt:
ARM GAS  C:\Users\EA527~1.IVA\AppData\Local\Temp\cceVEiyv.s 			page 15


 374              	.LFB3:
 164:Generated_Source\PSoC5/isr_TransmitWordShift.c ****     #ifdef isr_TransmitWordShift_INTERRUPT_INTERRUPT_CALLBACK
 375              		.loc 1 164 0
 376              		.cfi_startproc
 377              		@ args = 0, pretend = 0, frame = 0
 378              		@ frame_needed = 0, uses_anonymous_args = 0
 379 0000 08B5     		push	{r3, lr}
 380              		.cfi_def_cfa_offset 8
 381              		.cfi_offset 3, -8
 382              		.cfi_offset 14, -4
 172:Generated_Source\PSoC5/isr_TransmitWordShift.c ****         ClearStatus();
 383              		.loc 1 172 0
 384 0002 0122     		movs	r2, #1
 385 0004 054B     		ldr	r3, .L42
 386 0006 1A70     		strb	r2, [r3]
 173:Generated_Source\PSoC5/isr_TransmitWordShift.c ****         BitCounterEnc_ReadStatusRegister();
 387              		.loc 1 173 0
 388 0008 FFF7FEFF 		bl	ClearStatus
 389              	.LVL18:
 174:Generated_Source\PSoC5/isr_TransmitWordShift.c ****         isr_TransmitWordShift_ClearPending();
 390              		.loc 1 174 0
 391 000c FFF7FEFF 		bl	BitCounterEnc_ReadStatusRegister
 392              	.LVL19:
 175:Generated_Source\PSoC5/isr_TransmitWordShift.c ****         isr_TransmitWordShift_Disable();
 393              		.loc 1 175 0
 394 0010 FFF7FEFF 		bl	isr_TransmitWordShift_ClearPending
 395              	.LVL20:
 176:Generated_Source\PSoC5/isr_TransmitWordShift.c ****         
 396              		.loc 1 176 0
 397 0014 FFF7FEFF 		bl	isr_TransmitWordShift_Disable
 398              	.LVL21:
 399 0018 08BD     		pop	{r3, pc}
 400              	.L43:
 401 001a 00BF     		.align	2
 402              	.L42:
 403 001c 00000000 		.word	flag_read_done
 404              		.cfi_endproc
 405              	.LFE3:
 406              		.size	isr_TransmitWordShift_Interrupt, .-isr_TransmitWordShift_Interrupt
 407              		.text
 408              	.Letext0:
 409              		.file 2 "Generated_Source\\PSoC5/cytypes.h"
 410              		.file 3 "./sender.h"
 411              		.file 4 "Generated_Source\\PSoC5/BitCounterEnc.h"
 412              		.file 5 "./line_buf.h"
 413              		.section	.debug_info,"",%progbits
 414              	.Ldebug_info0:
 415 0000 18030000 		.4byte	0x318
 416 0004 0400     		.2byte	0x4
 417 0006 00000000 		.4byte	.Ldebug_abbrev0
 418 000a 04       		.byte	0x4
 419 000b 01       		.uleb128 0x1
 420 000c 16020000 		.4byte	.LASF36
 421 0010 0C       		.byte	0xc
 422 0011 AD020000 		.4byte	.LASF37
 423 0015 58000000 		.4byte	.LASF38
 424 0019 00000000 		.4byte	.Ldebug_ranges0+0
ARM GAS  C:\Users\EA527~1.IVA\AppData\Local\Temp\cceVEiyv.s 			page 16


 425 001d 00000000 		.4byte	0
 426 0021 00000000 		.4byte	.Ldebug_line0
 427 0025 02       		.uleb128 0x2
 428 0026 04       		.byte	0x4
 429 0027 05       		.byte	0x5
 430 0028 696E7400 		.ascii	"int\000"
 431 002c 03       		.uleb128 0x3
 432 002d 04       		.byte	0x4
 433 002e 07       		.byte	0x7
 434 002f C2010000 		.4byte	.LASF0
 435 0033 03       		.uleb128 0x3
 436 0034 08       		.byte	0x8
 437 0035 05       		.byte	0x5
 438 0036 00000000 		.4byte	.LASF1
 439 003a 03       		.uleb128 0x3
 440 003b 08       		.byte	0x8
 441 003c 04       		.byte	0x4
 442 003d 92030000 		.4byte	.LASF2
 443 0041 03       		.uleb128 0x3
 444 0042 01       		.byte	0x1
 445 0043 06       		.byte	0x6
 446 0044 9E030000 		.4byte	.LASF3
 447 0048 03       		.uleb128 0x3
 448 0049 01       		.byte	0x1
 449 004a 08       		.byte	0x8
 450 004b 15010000 		.4byte	.LASF4
 451 004f 03       		.uleb128 0x3
 452 0050 02       		.byte	0x2
 453 0051 05       		.byte	0x5
 454 0052 50030000 		.4byte	.LASF5
 455 0056 03       		.uleb128 0x3
 456 0057 02       		.byte	0x2
 457 0058 07       		.byte	0x7
 458 0059 A0000000 		.4byte	.LASF6
 459 005d 03       		.uleb128 0x3
 460 005e 04       		.byte	0x4
 461 005f 05       		.byte	0x5
 462 0060 7A030000 		.4byte	.LASF7
 463 0064 03       		.uleb128 0x3
 464 0065 04       		.byte	0x4
 465 0066 07       		.byte	0x7
 466 0067 65010000 		.4byte	.LASF8
 467 006b 03       		.uleb128 0x3
 468 006c 08       		.byte	0x8
 469 006d 07       		.byte	0x7
 470 006e D7010000 		.4byte	.LASF9
 471 0072 03       		.uleb128 0x3
 472 0073 04       		.byte	0x4
 473 0074 07       		.byte	0x7
 474 0075 A4020000 		.4byte	.LASF10
 475 0079 03       		.uleb128 0x3
 476 007a 01       		.byte	0x1
 477 007b 08       		.byte	0x8
 478 007c FC020000 		.4byte	.LASF11
 479 0080 04       		.uleb128 0x4
 480 0081 04       		.byte	0x4
 481 0082 86000000 		.4byte	0x86
ARM GAS  C:\Users\EA527~1.IVA\AppData\Local\Temp\cceVEiyv.s 			page 17


 482 0086 05       		.uleb128 0x5
 483 0087 06       		.uleb128 0x6
 484 0088 77010000 		.4byte	.LASF12
 485 008c 02       		.byte	0x2
 486 008d E401     		.2byte	0x1e4
 487 008f 48000000 		.4byte	0x48
 488 0093 06       		.uleb128 0x6
 489 0094 BB010000 		.4byte	.LASF13
 490 0098 02       		.byte	0x2
 491 0099 E601     		.2byte	0x1e6
 492 009b 64000000 		.4byte	0x64
 493 009f 03       		.uleb128 0x3
 494 00a0 04       		.byte	0x4
 495 00a1 04       		.byte	0x4
 496 00a2 0F010000 		.4byte	.LASF14
 497 00a6 03       		.uleb128 0x3
 498 00a7 08       		.byte	0x8
 499 00a8 04       		.byte	0x4
 500 00a9 92010000 		.4byte	.LASF15
 501 00ad 06       		.uleb128 0x6
 502 00ae 3F010000 		.4byte	.LASF16
 503 00b2 02       		.byte	0x2
 504 00b3 8E02     		.2byte	0x28e
 505 00b5 B9000000 		.4byte	0xb9
 506 00b9 07       		.uleb128 0x7
 507 00ba 87000000 		.4byte	0x87
 508 00be 06       		.uleb128 0x6
 509 00bf 0E000000 		.4byte	.LASF17
 510 00c3 02       		.byte	0x2
 511 00c4 9002     		.2byte	0x290
 512 00c6 CA000000 		.4byte	0xca
 513 00ca 07       		.uleb128 0x7
 514 00cb 93000000 		.4byte	0x93
 515 00cf 06       		.uleb128 0x6
 516 00d0 EE010000 		.4byte	.LASF18
 517 00d4 02       		.byte	0x2
 518 00d5 A002     		.2byte	0x2a0
 519 00d7 80000000 		.4byte	0x80
 520 00db 08       		.uleb128 0x8
 521 00dc EF000000 		.4byte	.LASF20
 522 00e0 01       		.byte	0x1
 523 00e1 D1       		.byte	0xd1
 524 00e2 00000000 		.4byte	.LFB4
 525 00e6 0C000000 		.4byte	.LFE4-.LFB4
 526 00ea 01       		.uleb128 0x1
 527 00eb 9C       		.byte	0x9c
 528 00ec 0B010000 		.4byte	0x10b
 529 00f0 09       		.uleb128 0x9
 530 00f1 CF010000 		.4byte	.LASF22
 531 00f5 01       		.byte	0x1
 532 00f6 D1       		.byte	0xd1
 533 00f7 CF000000 		.4byte	0xcf
 534 00fb 01       		.uleb128 0x1
 535 00fc 50       		.byte	0x50
 536 00fd 0A       		.uleb128 0xa
 537 00fe 01030000 		.4byte	.LASF19
 538 0102 01       		.byte	0x1
ARM GAS  C:\Users\EA527~1.IVA\AppData\Local\Temp\cceVEiyv.s 			page 18


 539 0103 D3       		.byte	0xd3
 540 0104 0B010000 		.4byte	0x10b
 541 0108 01       		.uleb128 0x1
 542 0109 53       		.byte	0x53
 543 010a 00       		.byte	0
 544 010b 04       		.uleb128 0x4
 545 010c 04       		.byte	0x4
 546 010d CF000000 		.4byte	0xcf
 547 0111 0B       		.uleb128 0xb
 548 0112 DC020000 		.4byte	.LASF24
 549 0116 01       		.byte	0x1
 550 0117 E9       		.byte	0xe9
 551 0118 CF000000 		.4byte	0xcf
 552 011c 00000000 		.4byte	.LFB5
 553 0120 0C000000 		.4byte	.LFE5-.LFB5
 554 0124 01       		.uleb128 0x1
 555 0125 9C       		.byte	0x9c
 556 0126 38010000 		.4byte	0x138
 557 012a 0A       		.uleb128 0xa
 558 012b 01030000 		.4byte	.LASF19
 559 012f 01       		.byte	0x1
 560 0130 EB       		.byte	0xeb
 561 0131 0B010000 		.4byte	0x10b
 562 0135 01       		.uleb128 0x1
 563 0136 53       		.byte	0x53
 564 0137 00       		.byte	0
 565 0138 0C       		.uleb128 0xc
 566 0139 10030000 		.4byte	.LASF21
 567 013d 01       		.byte	0x1
 568 013e 0B01     		.2byte	0x10b
 569 0140 00000000 		.4byte	.LFB6
 570 0144 10000000 		.4byte	.LFE6-.LFB6
 571 0148 01       		.uleb128 0x1
 572 0149 9C       		.byte	0x9c
 573 014a 5F010000 		.4byte	0x15f
 574 014e 0D       		.uleb128 0xd
 575 014f 7D010000 		.4byte	.LASF23
 576 0153 01       		.byte	0x1
 577 0154 0B01     		.2byte	0x10b
 578 0156 87000000 		.4byte	0x87
 579 015a 00000000 		.4byte	.LLST0
 580 015e 00       		.byte	0
 581 015f 0E       		.uleb128 0xe
 582 0160 99010000 		.4byte	.LASF25
 583 0164 01       		.byte	0x1
 584 0165 2101     		.2byte	0x121
 585 0167 87000000 		.4byte	0x87
 586 016b 00000000 		.4byte	.LFB7
 587 016f 0C000000 		.4byte	.LFE7-.LFB7
 588 0173 01       		.uleb128 0x1
 589 0174 9C       		.byte	0x9c
 590 0175 8A010000 		.4byte	0x18a
 591 0179 0F       		.uleb128 0xf
 592 017a 7D010000 		.4byte	.LASF23
 593 017e 01       		.byte	0x1
 594 017f 2301     		.2byte	0x123
 595 0181 87000000 		.4byte	0x87
ARM GAS  C:\Users\EA527~1.IVA\AppData\Local\Temp\cceVEiyv.s 			page 19


 596 0185 21000000 		.4byte	.LLST1
 597 0189 00       		.byte	0
 598 018a 10       		.uleb128 0x10
 599 018b D2000000 		.4byte	.LASF26
 600 018f 01       		.byte	0x1
 601 0190 3C01     		.2byte	0x13c
 602 0192 00000000 		.4byte	.LFB8
 603 0196 0C000000 		.4byte	.LFE8-.LFB8
 604 019a 01       		.uleb128 0x1
 605 019b 9C       		.byte	0x9c
 606 019c 11       		.uleb128 0x11
 607 019d B3000000 		.4byte	.LASF39
 608 01a1 01       		.byte	0x1
 609 01a2 5101     		.2byte	0x151
 610 01a4 87000000 		.4byte	0x87
 611 01a8 00000000 		.4byte	.LFB9
 612 01ac 18000000 		.4byte	.LFE9-.LFB9
 613 01b0 01       		.uleb128 0x1
 614 01b1 9C       		.byte	0x9c
 615 01b2 10       		.uleb128 0x10
 616 01b3 AA030000 		.4byte	.LASF27
 617 01b7 01       		.byte	0x1
 618 01b8 6601     		.2byte	0x166
 619 01ba 00000000 		.4byte	.LFB10
 620 01be 0C000000 		.4byte	.LFE10-.LFB10
 621 01c2 01       		.uleb128 0x1
 622 01c3 9C       		.byte	0x9c
 623 01c4 08       		.uleb128 0x8
 624 01c5 23010000 		.4byte	.LASF28
 625 01c9 01       		.byte	0x1
 626 01ca 40       		.byte	0x40
 627 01cb 00000000 		.4byte	.LFB0
 628 01cf 1C000000 		.4byte	.LFE0-.LFB0
 629 01d3 01       		.uleb128 0x1
 630 01d4 9C       		.byte	0x9c
 631 01d5 16020000 		.4byte	0x216
 632 01d9 12       		.uleb128 0x12
 633 01da 06000000 		.4byte	.LVL7
 634 01de B2010000 		.4byte	0x1b2
 635 01e2 13       		.uleb128 0x13
 636 01e3 0C000000 		.4byte	.LVL8
 637 01e7 DB000000 		.4byte	0xdb
 638 01eb F9010000 		.4byte	0x1f9
 639 01ef 14       		.uleb128 0x14
 640 01f0 01       		.uleb128 0x1
 641 01f1 50       		.byte	0x50
 642 01f2 05       		.uleb128 0x5
 643 01f3 03       		.byte	0x3
 644 01f4 00000000 		.4byte	isr_TransmitWordShift_Interrupt
 645 01f8 00       		.byte	0
 646 01f9 13       		.uleb128 0x13
 647 01fa 12000000 		.4byte	.LVL9
 648 01fe 38010000 		.4byte	0x138
 649 0202 0C020000 		.4byte	0x20c
 650 0206 14       		.uleb128 0x14
 651 0207 01       		.uleb128 0x1
 652 0208 50       		.byte	0x50
ARM GAS  C:\Users\EA527~1.IVA\AppData\Local\Temp\cceVEiyv.s 			page 20


 653 0209 01       		.uleb128 0x1
 654 020a 36       		.byte	0x36
 655 020b 00       		.byte	0
 656 020c 12       		.uleb128 0x12
 657 020d 16000000 		.4byte	.LVL10
 658 0211 8A010000 		.4byte	0x18a
 659 0215 00       		.byte	0
 660 0216 08       		.uleb128 0x8
 661 0217 32030000 		.4byte	.LASF29
 662 021b 01       		.byte	0x1
 663 021c 6B       		.byte	0x6b
 664 021d 00000000 		.4byte	.LFB1
 665 0221 1A000000 		.4byte	.LFE1-.LFB1
 666 0225 01       		.uleb128 0x1
 667 0226 9C       		.byte	0x9c
 668 0227 74020000 		.4byte	0x274
 669 022b 15       		.uleb128 0x15
 670 022c CF010000 		.4byte	.LASF22
 671 0230 01       		.byte	0x1
 672 0231 6B       		.byte	0x6b
 673 0232 CF000000 		.4byte	0xcf
 674 0236 38000000 		.4byte	.LLST2
 675 023a 12       		.uleb128 0x12
 676 023b 08000000 		.4byte	.LVL12
 677 023f B2010000 		.4byte	0x1b2
 678 0243 13       		.uleb128 0x13
 679 0244 0E000000 		.4byte	.LVL13
 680 0248 DB000000 		.4byte	0xdb
 681 024c 57020000 		.4byte	0x257
 682 0250 14       		.uleb128 0x14
 683 0251 01       		.uleb128 0x1
 684 0252 50       		.byte	0x50
 685 0253 02       		.uleb128 0x2
 686 0254 74       		.byte	0x74
 687 0255 00       		.sleb128 0
 688 0256 00       		.byte	0
 689 0257 13       		.uleb128 0x13
 690 0258 14000000 		.4byte	.LVL14
 691 025c 38010000 		.4byte	0x138
 692 0260 6A020000 		.4byte	0x26a
 693 0264 14       		.uleb128 0x14
 694 0265 01       		.uleb128 0x1
 695 0266 50       		.byte	0x50
 696 0267 01       		.uleb128 0x1
 697 0268 36       		.byte	0x36
 698 0269 00       		.byte	0
 699 026a 12       		.uleb128 0x12
 700 026b 18000000 		.4byte	.LVL15
 701 026f 8A010000 		.4byte	0x18a
 702 0273 00       		.byte	0
 703 0274 08       		.uleb128 0x8
 704 0275 FB010000 		.4byte	.LASF30
 705 0279 01       		.byte	0x1
 706 027a 89       		.byte	0x89
 707 027b 00000000 		.4byte	.LFB2
 708 027f 14000000 		.4byte	.LFE2-.LFB2
 709 0283 01       		.uleb128 0x1
ARM GAS  C:\Users\EA527~1.IVA\AppData\Local\Temp\cceVEiyv.s 			page 21


 710 0284 9C       		.byte	0x9c
 711 0285 9C020000 		.4byte	0x29c
 712 0289 12       		.uleb128 0x12
 713 028a 06000000 		.4byte	.LVL16
 714 028e B2010000 		.4byte	0x1b2
 715 0292 12       		.uleb128 0x12
 716 0293 0C000000 		.4byte	.LVL17
 717 0297 DB000000 		.4byte	0xdb
 718 029b 00       		.byte	0
 719 029c 10       		.uleb128 0x10
 720 029d 37000000 		.4byte	.LASF31
 721 02a1 01       		.byte	0x1
 722 02a2 8101     		.2byte	0x181
 723 02a4 00000000 		.4byte	.LFB11
 724 02a8 0C000000 		.4byte	.LFE11-.LFB11
 725 02ac 01       		.uleb128 0x1
 726 02ad 9C       		.byte	0x9c
 727 02ae 10       		.uleb128 0x10
 728 02af 14000000 		.4byte	.LASF32
 729 02b3 01       		.byte	0x1
 730 02b4 9A01     		.2byte	0x19a
 731 02b6 00000000 		.4byte	.LFB12
 732 02ba 0C000000 		.4byte	.LFE12-.LFB12
 733 02be 01       		.uleb128 0x1
 734 02bf 9C       		.byte	0x9c
 735 02c0 08       		.uleb128 0x8
 736 02c1 5A030000 		.4byte	.LASF33
 737 02c5 01       		.byte	0x1
 738 02c6 A3       		.byte	0xa3
 739 02c7 00000000 		.4byte	.LFB3
 740 02cb 20000000 		.4byte	.LFE3-.LFB3
 741 02cf 01       		.uleb128 0x1
 742 02d0 9C       		.byte	0x9c
 743 02d1 FA020000 		.4byte	0x2fa
 744 02d5 12       		.uleb128 0x12
 745 02d6 0C000000 		.4byte	.LVL18
 746 02da 05030000 		.4byte	0x305
 747 02de 12       		.uleb128 0x12
 748 02df 10000000 		.4byte	.LVL19
 749 02e3 10030000 		.4byte	0x310
 750 02e7 12       		.uleb128 0x12
 751 02e8 14000000 		.4byte	.LVL20
 752 02ec AE020000 		.4byte	0x2ae
 753 02f0 12       		.uleb128 0x12
 754 02f1 18000000 		.4byte	.LVL21
 755 02f5 B2010000 		.4byte	0x1b2
 756 02f9 00       		.byte	0
 757 02fa 16       		.uleb128 0x16
 758 02fb 83030000 		.4byte	.LASF40
 759 02ff 05       		.byte	0x5
 760 0300 15       		.byte	0x15
 761 0301 B9000000 		.4byte	0xb9
 762 0305 17       		.uleb128 0x17
 763 0306 86010000 		.4byte	.LASF34
 764 030a 86010000 		.4byte	.LASF34
 765 030e 03       		.byte	0x3
 766 030f 20       		.byte	0x20
ARM GAS  C:\Users\EA527~1.IVA\AppData\Local\Temp\cceVEiyv.s 			page 22


 767 0310 17       		.uleb128 0x17
 768 0311 44010000 		.4byte	.LASF35
 769 0315 44010000 		.4byte	.LASF35
 770 0319 04       		.byte	0x4
 771 031a 52       		.byte	0x52
 772 031b 00       		.byte	0
 773              		.section	.debug_abbrev,"",%progbits
 774              	.Ldebug_abbrev0:
 775 0000 01       		.uleb128 0x1
 776 0001 11       		.uleb128 0x11
 777 0002 01       		.byte	0x1
 778 0003 25       		.uleb128 0x25
 779 0004 0E       		.uleb128 0xe
 780 0005 13       		.uleb128 0x13
 781 0006 0B       		.uleb128 0xb
 782 0007 03       		.uleb128 0x3
 783 0008 0E       		.uleb128 0xe
 784 0009 1B       		.uleb128 0x1b
 785 000a 0E       		.uleb128 0xe
 786 000b 55       		.uleb128 0x55
 787 000c 17       		.uleb128 0x17
 788 000d 11       		.uleb128 0x11
 789 000e 01       		.uleb128 0x1
 790 000f 10       		.uleb128 0x10
 791 0010 17       		.uleb128 0x17
 792 0011 00       		.byte	0
 793 0012 00       		.byte	0
 794 0013 02       		.uleb128 0x2
 795 0014 24       		.uleb128 0x24
 796 0015 00       		.byte	0
 797 0016 0B       		.uleb128 0xb
 798 0017 0B       		.uleb128 0xb
 799 0018 3E       		.uleb128 0x3e
 800 0019 0B       		.uleb128 0xb
 801 001a 03       		.uleb128 0x3
 802 001b 08       		.uleb128 0x8
 803 001c 00       		.byte	0
 804 001d 00       		.byte	0
 805 001e 03       		.uleb128 0x3
 806 001f 24       		.uleb128 0x24
 807 0020 00       		.byte	0
 808 0021 0B       		.uleb128 0xb
 809 0022 0B       		.uleb128 0xb
 810 0023 3E       		.uleb128 0x3e
 811 0024 0B       		.uleb128 0xb
 812 0025 03       		.uleb128 0x3
 813 0026 0E       		.uleb128 0xe
 814 0027 00       		.byte	0
 815 0028 00       		.byte	0
 816 0029 04       		.uleb128 0x4
 817 002a 0F       		.uleb128 0xf
 818 002b 00       		.byte	0
 819 002c 0B       		.uleb128 0xb
 820 002d 0B       		.uleb128 0xb
 821 002e 49       		.uleb128 0x49
 822 002f 13       		.uleb128 0x13
 823 0030 00       		.byte	0
ARM GAS  C:\Users\EA527~1.IVA\AppData\Local\Temp\cceVEiyv.s 			page 23


 824 0031 00       		.byte	0
 825 0032 05       		.uleb128 0x5
 826 0033 15       		.uleb128 0x15
 827 0034 00       		.byte	0
 828 0035 27       		.uleb128 0x27
 829 0036 19       		.uleb128 0x19
 830 0037 00       		.byte	0
 831 0038 00       		.byte	0
 832 0039 06       		.uleb128 0x6
 833 003a 16       		.uleb128 0x16
 834 003b 00       		.byte	0
 835 003c 03       		.uleb128 0x3
 836 003d 0E       		.uleb128 0xe
 837 003e 3A       		.uleb128 0x3a
 838 003f 0B       		.uleb128 0xb
 839 0040 3B       		.uleb128 0x3b
 840 0041 05       		.uleb128 0x5
 841 0042 49       		.uleb128 0x49
 842 0043 13       		.uleb128 0x13
 843 0044 00       		.byte	0
 844 0045 00       		.byte	0
 845 0046 07       		.uleb128 0x7
 846 0047 35       		.uleb128 0x35
 847 0048 00       		.byte	0
 848 0049 49       		.uleb128 0x49
 849 004a 13       		.uleb128 0x13
 850 004b 00       		.byte	0
 851 004c 00       		.byte	0
 852 004d 08       		.uleb128 0x8
 853 004e 2E       		.uleb128 0x2e
 854 004f 01       		.byte	0x1
 855 0050 3F       		.uleb128 0x3f
 856 0051 19       		.uleb128 0x19
 857 0052 03       		.uleb128 0x3
 858 0053 0E       		.uleb128 0xe
 859 0054 3A       		.uleb128 0x3a
 860 0055 0B       		.uleb128 0xb
 861 0056 3B       		.uleb128 0x3b
 862 0057 0B       		.uleb128 0xb
 863 0058 27       		.uleb128 0x27
 864 0059 19       		.uleb128 0x19
 865 005a 11       		.uleb128 0x11
 866 005b 01       		.uleb128 0x1
 867 005c 12       		.uleb128 0x12
 868 005d 06       		.uleb128 0x6
 869 005e 40       		.uleb128 0x40
 870 005f 18       		.uleb128 0x18
 871 0060 9742     		.uleb128 0x2117
 872 0062 19       		.uleb128 0x19
 873 0063 01       		.uleb128 0x1
 874 0064 13       		.uleb128 0x13
 875 0065 00       		.byte	0
 876 0066 00       		.byte	0
 877 0067 09       		.uleb128 0x9
 878 0068 05       		.uleb128 0x5
 879 0069 00       		.byte	0
 880 006a 03       		.uleb128 0x3
ARM GAS  C:\Users\EA527~1.IVA\AppData\Local\Temp\cceVEiyv.s 			page 24


 881 006b 0E       		.uleb128 0xe
 882 006c 3A       		.uleb128 0x3a
 883 006d 0B       		.uleb128 0xb
 884 006e 3B       		.uleb128 0x3b
 885 006f 0B       		.uleb128 0xb
 886 0070 49       		.uleb128 0x49
 887 0071 13       		.uleb128 0x13
 888 0072 02       		.uleb128 0x2
 889 0073 18       		.uleb128 0x18
 890 0074 00       		.byte	0
 891 0075 00       		.byte	0
 892 0076 0A       		.uleb128 0xa
 893 0077 34       		.uleb128 0x34
 894 0078 00       		.byte	0
 895 0079 03       		.uleb128 0x3
 896 007a 0E       		.uleb128 0xe
 897 007b 3A       		.uleb128 0x3a
 898 007c 0B       		.uleb128 0xb
 899 007d 3B       		.uleb128 0x3b
 900 007e 0B       		.uleb128 0xb
 901 007f 49       		.uleb128 0x49
 902 0080 13       		.uleb128 0x13
 903 0081 02       		.uleb128 0x2
 904 0082 18       		.uleb128 0x18
 905 0083 00       		.byte	0
 906 0084 00       		.byte	0
 907 0085 0B       		.uleb128 0xb
 908 0086 2E       		.uleb128 0x2e
 909 0087 01       		.byte	0x1
 910 0088 3F       		.uleb128 0x3f
 911 0089 19       		.uleb128 0x19
 912 008a 03       		.uleb128 0x3
 913 008b 0E       		.uleb128 0xe
 914 008c 3A       		.uleb128 0x3a
 915 008d 0B       		.uleb128 0xb
 916 008e 3B       		.uleb128 0x3b
 917 008f 0B       		.uleb128 0xb
 918 0090 27       		.uleb128 0x27
 919 0091 19       		.uleb128 0x19
 920 0092 49       		.uleb128 0x49
 921 0093 13       		.uleb128 0x13
 922 0094 11       		.uleb128 0x11
 923 0095 01       		.uleb128 0x1
 924 0096 12       		.uleb128 0x12
 925 0097 06       		.uleb128 0x6
 926 0098 40       		.uleb128 0x40
 927 0099 18       		.uleb128 0x18
 928 009a 9742     		.uleb128 0x2117
 929 009c 19       		.uleb128 0x19
 930 009d 01       		.uleb128 0x1
 931 009e 13       		.uleb128 0x13
 932 009f 00       		.byte	0
 933 00a0 00       		.byte	0
 934 00a1 0C       		.uleb128 0xc
 935 00a2 2E       		.uleb128 0x2e
 936 00a3 01       		.byte	0x1
 937 00a4 3F       		.uleb128 0x3f
ARM GAS  C:\Users\EA527~1.IVA\AppData\Local\Temp\cceVEiyv.s 			page 25


 938 00a5 19       		.uleb128 0x19
 939 00a6 03       		.uleb128 0x3
 940 00a7 0E       		.uleb128 0xe
 941 00a8 3A       		.uleb128 0x3a
 942 00a9 0B       		.uleb128 0xb
 943 00aa 3B       		.uleb128 0x3b
 944 00ab 05       		.uleb128 0x5
 945 00ac 27       		.uleb128 0x27
 946 00ad 19       		.uleb128 0x19
 947 00ae 11       		.uleb128 0x11
 948 00af 01       		.uleb128 0x1
 949 00b0 12       		.uleb128 0x12
 950 00b1 06       		.uleb128 0x6
 951 00b2 40       		.uleb128 0x40
 952 00b3 18       		.uleb128 0x18
 953 00b4 9742     		.uleb128 0x2117
 954 00b6 19       		.uleb128 0x19
 955 00b7 01       		.uleb128 0x1
 956 00b8 13       		.uleb128 0x13
 957 00b9 00       		.byte	0
 958 00ba 00       		.byte	0
 959 00bb 0D       		.uleb128 0xd
 960 00bc 05       		.uleb128 0x5
 961 00bd 00       		.byte	0
 962 00be 03       		.uleb128 0x3
 963 00bf 0E       		.uleb128 0xe
 964 00c0 3A       		.uleb128 0x3a
 965 00c1 0B       		.uleb128 0xb
 966 00c2 3B       		.uleb128 0x3b
 967 00c3 05       		.uleb128 0x5
 968 00c4 49       		.uleb128 0x49
 969 00c5 13       		.uleb128 0x13
 970 00c6 02       		.uleb128 0x2
 971 00c7 17       		.uleb128 0x17
 972 00c8 00       		.byte	0
 973 00c9 00       		.byte	0
 974 00ca 0E       		.uleb128 0xe
 975 00cb 2E       		.uleb128 0x2e
 976 00cc 01       		.byte	0x1
 977 00cd 3F       		.uleb128 0x3f
 978 00ce 19       		.uleb128 0x19
 979 00cf 03       		.uleb128 0x3
 980 00d0 0E       		.uleb128 0xe
 981 00d1 3A       		.uleb128 0x3a
 982 00d2 0B       		.uleb128 0xb
 983 00d3 3B       		.uleb128 0x3b
 984 00d4 05       		.uleb128 0x5
 985 00d5 27       		.uleb128 0x27
 986 00d6 19       		.uleb128 0x19
 987 00d7 49       		.uleb128 0x49
 988 00d8 13       		.uleb128 0x13
 989 00d9 11       		.uleb128 0x11
 990 00da 01       		.uleb128 0x1
 991 00db 12       		.uleb128 0x12
 992 00dc 06       		.uleb128 0x6
 993 00dd 40       		.uleb128 0x40
 994 00de 18       		.uleb128 0x18
ARM GAS  C:\Users\EA527~1.IVA\AppData\Local\Temp\cceVEiyv.s 			page 26


 995 00df 9742     		.uleb128 0x2117
 996 00e1 19       		.uleb128 0x19
 997 00e2 01       		.uleb128 0x1
 998 00e3 13       		.uleb128 0x13
 999 00e4 00       		.byte	0
 1000 00e5 00       		.byte	0
 1001 00e6 0F       		.uleb128 0xf
 1002 00e7 34       		.uleb128 0x34
 1003 00e8 00       		.byte	0
 1004 00e9 03       		.uleb128 0x3
 1005 00ea 0E       		.uleb128 0xe
 1006 00eb 3A       		.uleb128 0x3a
 1007 00ec 0B       		.uleb128 0xb
 1008 00ed 3B       		.uleb128 0x3b
 1009 00ee 05       		.uleb128 0x5
 1010 00ef 49       		.uleb128 0x49
 1011 00f0 13       		.uleb128 0x13
 1012 00f1 02       		.uleb128 0x2
 1013 00f2 17       		.uleb128 0x17
 1014 00f3 00       		.byte	0
 1015 00f4 00       		.byte	0
 1016 00f5 10       		.uleb128 0x10
 1017 00f6 2E       		.uleb128 0x2e
 1018 00f7 00       		.byte	0
 1019 00f8 3F       		.uleb128 0x3f
 1020 00f9 19       		.uleb128 0x19
 1021 00fa 03       		.uleb128 0x3
 1022 00fb 0E       		.uleb128 0xe
 1023 00fc 3A       		.uleb128 0x3a
 1024 00fd 0B       		.uleb128 0xb
 1025 00fe 3B       		.uleb128 0x3b
 1026 00ff 05       		.uleb128 0x5
 1027 0100 27       		.uleb128 0x27
 1028 0101 19       		.uleb128 0x19
 1029 0102 11       		.uleb128 0x11
 1030 0103 01       		.uleb128 0x1
 1031 0104 12       		.uleb128 0x12
 1032 0105 06       		.uleb128 0x6
 1033 0106 40       		.uleb128 0x40
 1034 0107 18       		.uleb128 0x18
 1035 0108 9742     		.uleb128 0x2117
 1036 010a 19       		.uleb128 0x19
 1037 010b 00       		.byte	0
 1038 010c 00       		.byte	0
 1039 010d 11       		.uleb128 0x11
 1040 010e 2E       		.uleb128 0x2e
 1041 010f 00       		.byte	0
 1042 0110 3F       		.uleb128 0x3f
 1043 0111 19       		.uleb128 0x19
 1044 0112 03       		.uleb128 0x3
 1045 0113 0E       		.uleb128 0xe
 1046 0114 3A       		.uleb128 0x3a
 1047 0115 0B       		.uleb128 0xb
 1048 0116 3B       		.uleb128 0x3b
 1049 0117 05       		.uleb128 0x5
 1050 0118 27       		.uleb128 0x27
 1051 0119 19       		.uleb128 0x19
ARM GAS  C:\Users\EA527~1.IVA\AppData\Local\Temp\cceVEiyv.s 			page 27


 1052 011a 49       		.uleb128 0x49
 1053 011b 13       		.uleb128 0x13
 1054 011c 11       		.uleb128 0x11
 1055 011d 01       		.uleb128 0x1
 1056 011e 12       		.uleb128 0x12
 1057 011f 06       		.uleb128 0x6
 1058 0120 40       		.uleb128 0x40
 1059 0121 18       		.uleb128 0x18
 1060 0122 9742     		.uleb128 0x2117
 1061 0124 19       		.uleb128 0x19
 1062 0125 00       		.byte	0
 1063 0126 00       		.byte	0
 1064 0127 12       		.uleb128 0x12
 1065 0128 898201   		.uleb128 0x4109
 1066 012b 00       		.byte	0
 1067 012c 11       		.uleb128 0x11
 1068 012d 01       		.uleb128 0x1
 1069 012e 31       		.uleb128 0x31
 1070 012f 13       		.uleb128 0x13
 1071 0130 00       		.byte	0
 1072 0131 00       		.byte	0
 1073 0132 13       		.uleb128 0x13
 1074 0133 898201   		.uleb128 0x4109
 1075 0136 01       		.byte	0x1
 1076 0137 11       		.uleb128 0x11
 1077 0138 01       		.uleb128 0x1
 1078 0139 31       		.uleb128 0x31
 1079 013a 13       		.uleb128 0x13
 1080 013b 01       		.uleb128 0x1
 1081 013c 13       		.uleb128 0x13
 1082 013d 00       		.byte	0
 1083 013e 00       		.byte	0
 1084 013f 14       		.uleb128 0x14
 1085 0140 8A8201   		.uleb128 0x410a
 1086 0143 00       		.byte	0
 1087 0144 02       		.uleb128 0x2
 1088 0145 18       		.uleb128 0x18
 1089 0146 9142     		.uleb128 0x2111
 1090 0148 18       		.uleb128 0x18
 1091 0149 00       		.byte	0
 1092 014a 00       		.byte	0
 1093 014b 15       		.uleb128 0x15
 1094 014c 05       		.uleb128 0x5
 1095 014d 00       		.byte	0
 1096 014e 03       		.uleb128 0x3
 1097 014f 0E       		.uleb128 0xe
 1098 0150 3A       		.uleb128 0x3a
 1099 0151 0B       		.uleb128 0xb
 1100 0152 3B       		.uleb128 0x3b
 1101 0153 0B       		.uleb128 0xb
 1102 0154 49       		.uleb128 0x49
 1103 0155 13       		.uleb128 0x13
 1104 0156 02       		.uleb128 0x2
 1105 0157 17       		.uleb128 0x17
 1106 0158 00       		.byte	0
 1107 0159 00       		.byte	0
 1108 015a 16       		.uleb128 0x16
ARM GAS  C:\Users\EA527~1.IVA\AppData\Local\Temp\cceVEiyv.s 			page 28


 1109 015b 34       		.uleb128 0x34
 1110 015c 00       		.byte	0
 1111 015d 03       		.uleb128 0x3
 1112 015e 0E       		.uleb128 0xe
 1113 015f 3A       		.uleb128 0x3a
 1114 0160 0B       		.uleb128 0xb
 1115 0161 3B       		.uleb128 0x3b
 1116 0162 0B       		.uleb128 0xb
 1117 0163 49       		.uleb128 0x49
 1118 0164 13       		.uleb128 0x13
 1119 0165 3F       		.uleb128 0x3f
 1120 0166 19       		.uleb128 0x19
 1121 0167 3C       		.uleb128 0x3c
 1122 0168 19       		.uleb128 0x19
 1123 0169 00       		.byte	0
 1124 016a 00       		.byte	0
 1125 016b 17       		.uleb128 0x17
 1126 016c 2E       		.uleb128 0x2e
 1127 016d 00       		.byte	0
 1128 016e 3F       		.uleb128 0x3f
 1129 016f 19       		.uleb128 0x19
 1130 0170 3C       		.uleb128 0x3c
 1131 0171 19       		.uleb128 0x19
 1132 0172 6E       		.uleb128 0x6e
 1133 0173 0E       		.uleb128 0xe
 1134 0174 03       		.uleb128 0x3
 1135 0175 0E       		.uleb128 0xe
 1136 0176 3A       		.uleb128 0x3a
 1137 0177 0B       		.uleb128 0xb
 1138 0178 3B       		.uleb128 0x3b
 1139 0179 0B       		.uleb128 0xb
 1140 017a 00       		.byte	0
 1141 017b 00       		.byte	0
 1142 017c 00       		.byte	0
 1143              		.section	.debug_loc,"",%progbits
 1144              	.Ldebug_loc0:
 1145              	.LLST0:
 1146 0000 00000000 		.4byte	.LVL3
 1147 0004 02000000 		.4byte	.LVL4
 1148 0008 0100     		.2byte	0x1
 1149 000a 50       		.byte	0x50
 1150 000b 02000000 		.4byte	.LVL4
 1151 000f 10000000 		.4byte	.LFE6
 1152 0013 0400     		.2byte	0x4
 1153 0015 F3       		.byte	0xf3
 1154 0016 01       		.uleb128 0x1
 1155 0017 50       		.byte	0x50
 1156 0018 9F       		.byte	0x9f
 1157 0019 00000000 		.4byte	0
 1158 001d 00000000 		.4byte	0
 1159              	.LLST1:
 1160 0021 04000000 		.4byte	.LVL5
 1161 0025 06000000 		.4byte	.LVL6
 1162 0029 0500     		.2byte	0x5
 1163 002b 70       		.byte	0x70
 1164 002c 00       		.sleb128 0
 1165 002d 35       		.byte	0x35
ARM GAS  C:\Users\EA527~1.IVA\AppData\Local\Temp\cceVEiyv.s 			page 29


 1166 002e 25       		.byte	0x25
 1167 002f 9F       		.byte	0x9f
 1168 0030 00000000 		.4byte	0
 1169 0034 00000000 		.4byte	0
 1170              	.LLST2:
 1171 0038 00000000 		.4byte	.LVL11
 1172 003c 07000000 		.4byte	.LVL12-1
 1173 0040 0100     		.2byte	0x1
 1174 0042 50       		.byte	0x50
 1175 0043 07000000 		.4byte	.LVL12-1
 1176 0047 1A000000 		.4byte	.LFE1
 1177 004b 0100     		.2byte	0x1
 1178 004d 54       		.byte	0x54
 1179 004e 00000000 		.4byte	0
 1180 0052 00000000 		.4byte	0
 1181              		.section	.debug_aranges,"",%progbits
 1182 0000 7C000000 		.4byte	0x7c
 1183 0004 0200     		.2byte	0x2
 1184 0006 00000000 		.4byte	.Ldebug_info0
 1185 000a 04       		.byte	0x4
 1186 000b 00       		.byte	0
 1187 000c 0000     		.2byte	0
 1188 000e 0000     		.2byte	0
 1189 0010 00000000 		.4byte	.LFB4
 1190 0014 0C000000 		.4byte	.LFE4-.LFB4
 1191 0018 00000000 		.4byte	.LFB5
 1192 001c 0C000000 		.4byte	.LFE5-.LFB5
 1193 0020 00000000 		.4byte	.LFB6
 1194 0024 10000000 		.4byte	.LFE6-.LFB6
 1195 0028 00000000 		.4byte	.LFB7
 1196 002c 0C000000 		.4byte	.LFE7-.LFB7
 1197 0030 00000000 		.4byte	.LFB8
 1198 0034 0C000000 		.4byte	.LFE8-.LFB8
 1199 0038 00000000 		.4byte	.LFB9
 1200 003c 18000000 		.4byte	.LFE9-.LFB9
 1201 0040 00000000 		.4byte	.LFB10
 1202 0044 0C000000 		.4byte	.LFE10-.LFB10
 1203 0048 00000000 		.4byte	.LFB0
 1204 004c 1C000000 		.4byte	.LFE0-.LFB0
 1205 0050 00000000 		.4byte	.LFB1
 1206 0054 1A000000 		.4byte	.LFE1-.LFB1
 1207 0058 00000000 		.4byte	.LFB2
 1208 005c 14000000 		.4byte	.LFE2-.LFB2
 1209 0060 00000000 		.4byte	.LFB11
 1210 0064 0C000000 		.4byte	.LFE11-.LFB11
 1211 0068 00000000 		.4byte	.LFB12
 1212 006c 0C000000 		.4byte	.LFE12-.LFB12
 1213 0070 00000000 		.4byte	.LFB3
 1214 0074 20000000 		.4byte	.LFE3-.LFB3
 1215 0078 00000000 		.4byte	0
 1216 007c 00000000 		.4byte	0
 1217              		.section	.debug_ranges,"",%progbits
 1218              	.Ldebug_ranges0:
 1219 0000 00000000 		.4byte	.LFB4
 1220 0004 0C000000 		.4byte	.LFE4
 1221 0008 00000000 		.4byte	.LFB5
 1222 000c 0C000000 		.4byte	.LFE5
ARM GAS  C:\Users\EA527~1.IVA\AppData\Local\Temp\cceVEiyv.s 			page 30


 1223 0010 00000000 		.4byte	.LFB6
 1224 0014 10000000 		.4byte	.LFE6
 1225 0018 00000000 		.4byte	.LFB7
 1226 001c 0C000000 		.4byte	.LFE7
 1227 0020 00000000 		.4byte	.LFB8
 1228 0024 0C000000 		.4byte	.LFE8
 1229 0028 00000000 		.4byte	.LFB9
 1230 002c 18000000 		.4byte	.LFE9
 1231 0030 00000000 		.4byte	.LFB10
 1232 0034 0C000000 		.4byte	.LFE10
 1233 0038 00000000 		.4byte	.LFB0
 1234 003c 1C000000 		.4byte	.LFE0
 1235 0040 00000000 		.4byte	.LFB1
 1236 0044 1A000000 		.4byte	.LFE1
 1237 0048 00000000 		.4byte	.LFB2
 1238 004c 14000000 		.4byte	.LFE2
 1239 0050 00000000 		.4byte	.LFB11
 1240 0054 0C000000 		.4byte	.LFE11
 1241 0058 00000000 		.4byte	.LFB12
 1242 005c 0C000000 		.4byte	.LFE12
 1243 0060 00000000 		.4byte	.LFB3
 1244 0064 20000000 		.4byte	.LFE3
 1245 0068 00000000 		.4byte	0
 1246 006c 00000000 		.4byte	0
 1247              		.section	.debug_line,"",%progbits
 1248              	.Ldebug_line0:
 1249 0000 75010000 		.section	.debug_str,"MS",%progbits,1
 1249      02008300 
 1249      00000201 
 1249      FB0E0D00 
 1249      01010101 
 1250              	.LASF1:
 1251 0000 6C6F6E67 		.ascii	"long long int\000"
 1251      206C6F6E 
 1251      6720696E 
 1251      7400
 1252              	.LASF17:
 1253 000e 72656733 		.ascii	"reg32\000"
 1253      3200
 1254              	.LASF32:
 1255 0014 6973725F 		.ascii	"isr_TransmitWordShift_ClearPending\000"
 1255      5472616E 
 1255      736D6974 
 1255      576F7264 
 1255      53686966 
 1256              	.LASF31:
 1257 0037 6973725F 		.ascii	"isr_TransmitWordShift_SetPending\000"
 1257      5472616E 
 1257      736D6974 
 1257      576F7264 
 1257      53686966 
 1258              	.LASF38:
 1259 0058 433A5C55 		.ascii	"C:\\Users\\e.ivanov\\Documents\\GitHub\\adc\\Manche"
 1259      73657273 
 1259      5C652E69 
 1259      76616E6F 
 1259      765C446F 
ARM GAS  C:\Users\EA527~1.IVA\AppData\Local\Temp\cceVEiyv.s 			page 31


 1260 0085 73746572 		.ascii	"ster encoder-decoder.cydsn\000"
 1260      20656E63 
 1260      6F646572 
 1260      2D646563 
 1260      6F646572 
 1261              	.LASF6:
 1262 00a0 73686F72 		.ascii	"short unsigned int\000"
 1262      7420756E 
 1262      7369676E 
 1262      65642069 
 1262      6E7400
 1263              	.LASF39:
 1264 00b3 6973725F 		.ascii	"isr_TransmitWordShift_GetState\000"
 1264      5472616E 
 1264      736D6974 
 1264      576F7264 
 1264      53686966 
 1265              	.LASF26:
 1266 00d2 6973725F 		.ascii	"isr_TransmitWordShift_Enable\000"
 1266      5472616E 
 1266      736D6974 
 1266      576F7264 
 1266      53686966 
 1267              	.LASF20:
 1268 00ef 6973725F 		.ascii	"isr_TransmitWordShift_SetVector\000"
 1268      5472616E 
 1268      736D6974 
 1268      576F7264 
 1268      53686966 
 1269              	.LASF14:
 1270 010f 666C6F61 		.ascii	"float\000"
 1270      7400
 1271              	.LASF4:
 1272 0115 756E7369 		.ascii	"unsigned char\000"
 1272      676E6564 
 1272      20636861 
 1272      7200
 1273              	.LASF28:
 1274 0123 6973725F 		.ascii	"isr_TransmitWordShift_Start\000"
 1274      5472616E 
 1274      736D6974 
 1274      576F7264 
 1274      53686966 
 1275              	.LASF16:
 1276 013f 72656738 		.ascii	"reg8\000"
 1276      00
 1277              	.LASF35:
 1278 0144 42697443 		.ascii	"BitCounterEnc_ReadStatusRegister\000"
 1278      6F756E74 
 1278      6572456E 
 1278      635F5265 
 1278      61645374 
 1279              	.LASF8:
 1280 0165 6C6F6E67 		.ascii	"long unsigned int\000"
 1280      20756E73 
 1280      69676E65 
 1280      6420696E 
ARM GAS  C:\Users\EA527~1.IVA\AppData\Local\Temp\cceVEiyv.s 			page 32


 1280      7400
 1281              	.LASF12:
 1282 0177 75696E74 		.ascii	"uint8\000"
 1282      3800
 1283              	.LASF23:
 1284 017d 7072696F 		.ascii	"priority\000"
 1284      72697479 
 1284      00
 1285              	.LASF34:
 1286 0186 436C6561 		.ascii	"ClearStatus\000"
 1286      72537461 
 1286      74757300 
 1287              	.LASF15:
 1288 0192 646F7562 		.ascii	"double\000"
 1288      6C6500
 1289              	.LASF25:
 1290 0199 6973725F 		.ascii	"isr_TransmitWordShift_GetPriority\000"
 1290      5472616E 
 1290      736D6974 
 1290      576F7264 
 1290      53686966 
 1291              	.LASF13:
 1292 01bb 75696E74 		.ascii	"uint32\000"
 1292      333200
 1293              	.LASF0:
 1294 01c2 756E7369 		.ascii	"unsigned int\000"
 1294      676E6564 
 1294      20696E74 
 1294      00
 1295              	.LASF22:
 1296 01cf 61646472 		.ascii	"address\000"
 1296      65737300 
 1297              	.LASF9:
 1298 01d7 6C6F6E67 		.ascii	"long long unsigned int\000"
 1298      206C6F6E 
 1298      6720756E 
 1298      7369676E 
 1298      65642069 
 1299              	.LASF18:
 1300 01ee 63796973 		.ascii	"cyisraddress\000"
 1300      72616464 
 1300      72657373 
 1300      00
 1301              	.LASF30:
 1302 01fb 6973725F 		.ascii	"isr_TransmitWordShift_Stop\000"
 1302      5472616E 
 1302      736D6974 
 1302      576F7264 
 1302      53686966 
 1303              	.LASF36:
 1304 0216 474E5520 		.ascii	"GNU C11 5.4.1 20160609 (release) [ARM/embedded-5-br"
 1304      43313120 
 1304      352E342E 
 1304      31203230 
 1304      31363036 
 1305 0249 616E6368 		.ascii	"anch revision 237715] -mcpu=cortex-m3 -mthumb -g -O"
 1305      20726576 
ARM GAS  C:\Users\EA527~1.IVA\AppData\Local\Temp\cceVEiyv.s 			page 33


 1305      6973696F 
 1305      6E203233 
 1305      37373135 
 1306 027c 67202D66 		.ascii	"g -ffunction-sections -ffat-lto-objects\000"
 1306      66756E63 
 1306      74696F6E 
 1306      2D736563 
 1306      74696F6E 
 1307              	.LASF10:
 1308 02a4 73697A65 		.ascii	"sizetype\000"
 1308      74797065 
 1308      00
 1309              	.LASF37:
 1310 02ad 47656E65 		.ascii	"Generated_Source\\PSoC5\\isr_TransmitWordShift.c\000"
 1310      72617465 
 1310      645F536F 
 1310      75726365 
 1310      5C50536F 
 1311              	.LASF24:
 1312 02dc 6973725F 		.ascii	"isr_TransmitWordShift_GetVector\000"
 1312      5472616E 
 1312      736D6974 
 1312      576F7264 
 1312      53686966 
 1313              	.LASF11:
 1314 02fc 63686172 		.ascii	"char\000"
 1314      00
 1315              	.LASF19:
 1316 0301 72616D56 		.ascii	"ramVectorTable\000"
 1316      6563746F 
 1316      72546162 
 1316      6C6500
 1317              	.LASF21:
 1318 0310 6973725F 		.ascii	"isr_TransmitWordShift_SetPriority\000"
 1318      5472616E 
 1318      736D6974 
 1318      576F7264 
 1318      53686966 
 1319              	.LASF29:
 1320 0332 6973725F 		.ascii	"isr_TransmitWordShift_StartEx\000"
 1320      5472616E 
 1320      736D6974 
 1320      576F7264 
 1320      53686966 
 1321              	.LASF5:
 1322 0350 73686F72 		.ascii	"short int\000"
 1322      7420696E 
 1322      7400
 1323              	.LASF33:
 1324 035a 6973725F 		.ascii	"isr_TransmitWordShift_Interrupt\000"
 1324      5472616E 
 1324      736D6974 
 1324      576F7264 
 1324      53686966 
 1325              	.LASF7:
 1326 037a 6C6F6E67 		.ascii	"long int\000"
 1326      20696E74 
ARM GAS  C:\Users\EA527~1.IVA\AppData\Local\Temp\cceVEiyv.s 			page 34


 1326      00
 1327              	.LASF40:
 1328 0383 666C6167 		.ascii	"flag_read_done\000"
 1328      5F726561 
 1328      645F646F 
 1328      6E6500
 1329              	.LASF2:
 1330 0392 6C6F6E67 		.ascii	"long double\000"
 1330      20646F75 
 1330      626C6500 
 1331              	.LASF3:
 1332 039e 7369676E 		.ascii	"signed char\000"
 1332      65642063 
 1332      68617200 
 1333              	.LASF27:
 1334 03aa 6973725F 		.ascii	"isr_TransmitWordShift_Disable\000"
 1334      5472616E 
 1334      736D6974 
 1334      576F7264 
 1334      53686966 
 1335              		.ident	"GCC: (GNU Tools for ARM Embedded Processors) 5.4.1 20160609 (release) [ARM/embedded-5-bran
