ARM GAS  C:\Users\EA527~1.IVA\AppData\Local\Temp\ccU0wXHg.s 			page 1


   1              		.syntax unified
   2              		.cpu cortex-m3
   3              		.fpu softvfp
   4              		.eabi_attribute 20, 1
   5              		.eabi_attribute 21, 1
   6              		.eabi_attribute 23, 3
   7              		.eabi_attribute 24, 1
   8              		.eabi_attribute 25, 1
   9              		.eabi_attribute 26, 1
  10              		.eabi_attribute 30, 1
  11              		.eabi_attribute 34, 1
  12              		.eabi_attribute 18, 4
  13              		.thumb
  14              		.syntax unified
  15              		.file	"isr_DRDY.c"
  16              		.text
  17              	.Ltext0:
  18              		.cfi_sections	.debug_frame
  19              		.section	.text.isr_DRDY_SetVector,"ax",%progbits
  20              		.align	2
  21              		.global	isr_DRDY_SetVector
  22              		.thumb
  23              		.thumb_func
  24              		.type	isr_DRDY_SetVector, %function
  25              	isr_DRDY_SetVector:
  26              	.LFB4:
  27              		.file 1 "Generated_Source\\PSoC5\\isr_DRDY.c"
   1:Generated_Source\PSoC5/isr_DRDY.c **** /*******************************************************************************
   2:Generated_Source\PSoC5/isr_DRDY.c **** * File Name: isr_DRDY.c  
   3:Generated_Source\PSoC5/isr_DRDY.c **** * Version 1.70
   4:Generated_Source\PSoC5/isr_DRDY.c **** *
   5:Generated_Source\PSoC5/isr_DRDY.c **** *  Description:
   6:Generated_Source\PSoC5/isr_DRDY.c **** *   API for controlling the state of an interrupt.
   7:Generated_Source\PSoC5/isr_DRDY.c **** *
   8:Generated_Source\PSoC5/isr_DRDY.c **** *
   9:Generated_Source\PSoC5/isr_DRDY.c **** *  Note:
  10:Generated_Source\PSoC5/isr_DRDY.c **** *
  11:Generated_Source\PSoC5/isr_DRDY.c **** ********************************************************************************
  12:Generated_Source\PSoC5/isr_DRDY.c **** * Copyright 2008-2015, Cypress Semiconductor Corporation.  All rights reserved.
  13:Generated_Source\PSoC5/isr_DRDY.c **** * You may use this file only in accordance with the license, terms, conditions, 
  14:Generated_Source\PSoC5/isr_DRDY.c **** * disclaimers, and limitations in the end user license agreement accompanying 
  15:Generated_Source\PSoC5/isr_DRDY.c **** * the software package with which this file was provided.
  16:Generated_Source\PSoC5/isr_DRDY.c **** *******************************************************************************/
  17:Generated_Source\PSoC5/isr_DRDY.c **** 
  18:Generated_Source\PSoC5/isr_DRDY.c **** 
  19:Generated_Source\PSoC5/isr_DRDY.c **** #include <cydevice_trm.h>
  20:Generated_Source\PSoC5/isr_DRDY.c **** #include <CyLib.h>
  21:Generated_Source\PSoC5/isr_DRDY.c **** #include <isr_DRDY.h>
  22:Generated_Source\PSoC5/isr_DRDY.c **** #include "cyapicallbacks.h"
  23:Generated_Source\PSoC5/isr_DRDY.c **** 
  24:Generated_Source\PSoC5/isr_DRDY.c **** #if !defined(isr_DRDY__REMOVED) /* Check for removal by optimization */
  25:Generated_Source\PSoC5/isr_DRDY.c **** 
  26:Generated_Source\PSoC5/isr_DRDY.c **** /*******************************************************************************
  27:Generated_Source\PSoC5/isr_DRDY.c **** *  Place your includes, defines and code here 
  28:Generated_Source\PSoC5/isr_DRDY.c **** ********************************************************************************/
  29:Generated_Source\PSoC5/isr_DRDY.c **** /* `#START isr_DRDY_intc` */
  30:Generated_Source\PSoC5/isr_DRDY.c **** extern uint32 DRDY_flag;
ARM GAS  C:\Users\EA527~1.IVA\AppData\Local\Temp\ccU0wXHg.s 			page 2


  31:Generated_Source\PSoC5/isr_DRDY.c ****     
  32:Generated_Source\PSoC5/isr_DRDY.c **** /* `#END` */
  33:Generated_Source\PSoC5/isr_DRDY.c **** 
  34:Generated_Source\PSoC5/isr_DRDY.c **** #ifndef CYINT_IRQ_BASE
  35:Generated_Source\PSoC5/isr_DRDY.c **** #define CYINT_IRQ_BASE      16
  36:Generated_Source\PSoC5/isr_DRDY.c **** #endif /* CYINT_IRQ_BASE */
  37:Generated_Source\PSoC5/isr_DRDY.c **** #ifndef CYINT_VECT_TABLE
  38:Generated_Source\PSoC5/isr_DRDY.c **** #define CYINT_VECT_TABLE    ((cyisraddress **) CYREG_NVIC_VECT_OFFSET)
  39:Generated_Source\PSoC5/isr_DRDY.c **** #endif /* CYINT_VECT_TABLE */
  40:Generated_Source\PSoC5/isr_DRDY.c **** 
  41:Generated_Source\PSoC5/isr_DRDY.c **** /* Declared in startup, used to set unused interrupts to. */
  42:Generated_Source\PSoC5/isr_DRDY.c **** CY_ISR_PROTO(IntDefaultHandler);
  43:Generated_Source\PSoC5/isr_DRDY.c **** 
  44:Generated_Source\PSoC5/isr_DRDY.c **** 
  45:Generated_Source\PSoC5/isr_DRDY.c **** /*******************************************************************************
  46:Generated_Source\PSoC5/isr_DRDY.c **** * Function Name: isr_DRDY_Start
  47:Generated_Source\PSoC5/isr_DRDY.c **** ********************************************************************************
  48:Generated_Source\PSoC5/isr_DRDY.c **** *
  49:Generated_Source\PSoC5/isr_DRDY.c **** * Summary:
  50:Generated_Source\PSoC5/isr_DRDY.c **** *  Set up the interrupt and enable it. This function disables the interrupt, 
  51:Generated_Source\PSoC5/isr_DRDY.c **** *  sets the default interrupt vector, sets the priority from the value in the
  52:Generated_Source\PSoC5/isr_DRDY.c **** *  Design Wide Resources Interrupt Editor, then enables the interrupt to the 
  53:Generated_Source\PSoC5/isr_DRDY.c **** *  interrupt controller.
  54:Generated_Source\PSoC5/isr_DRDY.c **** *
  55:Generated_Source\PSoC5/isr_DRDY.c **** * Parameters:  
  56:Generated_Source\PSoC5/isr_DRDY.c **** *   None
  57:Generated_Source\PSoC5/isr_DRDY.c **** *
  58:Generated_Source\PSoC5/isr_DRDY.c **** * Return:
  59:Generated_Source\PSoC5/isr_DRDY.c **** *   None
  60:Generated_Source\PSoC5/isr_DRDY.c **** *
  61:Generated_Source\PSoC5/isr_DRDY.c **** *******************************************************************************/
  62:Generated_Source\PSoC5/isr_DRDY.c **** void isr_DRDY_Start(void)
  63:Generated_Source\PSoC5/isr_DRDY.c **** {
  64:Generated_Source\PSoC5/isr_DRDY.c ****     /* For all we know the interrupt is active. */
  65:Generated_Source\PSoC5/isr_DRDY.c ****     isr_DRDY_Disable();
  66:Generated_Source\PSoC5/isr_DRDY.c **** 
  67:Generated_Source\PSoC5/isr_DRDY.c ****     /* Set the ISR to point to the isr_DRDY Interrupt. */
  68:Generated_Source\PSoC5/isr_DRDY.c ****     isr_DRDY_SetVector(&isr_DRDY_Interrupt);
  69:Generated_Source\PSoC5/isr_DRDY.c **** 
  70:Generated_Source\PSoC5/isr_DRDY.c ****     /* Set the priority. */
  71:Generated_Source\PSoC5/isr_DRDY.c ****     isr_DRDY_SetPriority((uint8)isr_DRDY_INTC_PRIOR_NUMBER);
  72:Generated_Source\PSoC5/isr_DRDY.c **** 
  73:Generated_Source\PSoC5/isr_DRDY.c ****     /* Enable it. */
  74:Generated_Source\PSoC5/isr_DRDY.c ****     isr_DRDY_Enable();
  75:Generated_Source\PSoC5/isr_DRDY.c **** }
  76:Generated_Source\PSoC5/isr_DRDY.c **** 
  77:Generated_Source\PSoC5/isr_DRDY.c **** 
  78:Generated_Source\PSoC5/isr_DRDY.c **** /*******************************************************************************
  79:Generated_Source\PSoC5/isr_DRDY.c **** * Function Name: isr_DRDY_StartEx
  80:Generated_Source\PSoC5/isr_DRDY.c **** ********************************************************************************
  81:Generated_Source\PSoC5/isr_DRDY.c **** *
  82:Generated_Source\PSoC5/isr_DRDY.c **** * Summary:
  83:Generated_Source\PSoC5/isr_DRDY.c **** *  Sets up the interrupt and enables it. This function disables the interrupt,
  84:Generated_Source\PSoC5/isr_DRDY.c **** *  sets the interrupt vector based on the address passed in, sets the priority 
  85:Generated_Source\PSoC5/isr_DRDY.c **** *  from the value in the Design Wide Resources Interrupt Editor, then enables 
  86:Generated_Source\PSoC5/isr_DRDY.c **** *  the interrupt to the interrupt controller.
  87:Generated_Source\PSoC5/isr_DRDY.c **** *  
ARM GAS  C:\Users\EA527~1.IVA\AppData\Local\Temp\ccU0wXHg.s 			page 3


  88:Generated_Source\PSoC5/isr_DRDY.c **** *  When defining ISR functions, the CY_ISR and CY_ISR_PROTO macros should be 
  89:Generated_Source\PSoC5/isr_DRDY.c **** *  used to provide consistent definition across compilers:
  90:Generated_Source\PSoC5/isr_DRDY.c **** *  
  91:Generated_Source\PSoC5/isr_DRDY.c **** *  Function definition example:
  92:Generated_Source\PSoC5/isr_DRDY.c **** *   CY_ISR(MyISR)
  93:Generated_Source\PSoC5/isr_DRDY.c **** *   {
  94:Generated_Source\PSoC5/isr_DRDY.c **** *   }
  95:Generated_Source\PSoC5/isr_DRDY.c **** *   Function prototype example:
  96:Generated_Source\PSoC5/isr_DRDY.c **** *   CY_ISR_PROTO(MyISR);
  97:Generated_Source\PSoC5/isr_DRDY.c **** *
  98:Generated_Source\PSoC5/isr_DRDY.c **** * Parameters:  
  99:Generated_Source\PSoC5/isr_DRDY.c **** *   address: Address of the ISR to set in the interrupt vector table.
 100:Generated_Source\PSoC5/isr_DRDY.c **** *
 101:Generated_Source\PSoC5/isr_DRDY.c **** * Return:
 102:Generated_Source\PSoC5/isr_DRDY.c **** *   None
 103:Generated_Source\PSoC5/isr_DRDY.c **** *
 104:Generated_Source\PSoC5/isr_DRDY.c **** *******************************************************************************/
 105:Generated_Source\PSoC5/isr_DRDY.c **** void isr_DRDY_StartEx(cyisraddress address)
 106:Generated_Source\PSoC5/isr_DRDY.c **** {
 107:Generated_Source\PSoC5/isr_DRDY.c ****     /* For all we know the interrupt is active. */
 108:Generated_Source\PSoC5/isr_DRDY.c ****     isr_DRDY_Disable();
 109:Generated_Source\PSoC5/isr_DRDY.c **** 
 110:Generated_Source\PSoC5/isr_DRDY.c ****     /* Set the ISR to point to the isr_DRDY Interrupt. */
 111:Generated_Source\PSoC5/isr_DRDY.c ****     isr_DRDY_SetVector(address);
 112:Generated_Source\PSoC5/isr_DRDY.c **** 
 113:Generated_Source\PSoC5/isr_DRDY.c ****     /* Set the priority. */
 114:Generated_Source\PSoC5/isr_DRDY.c ****     isr_DRDY_SetPriority((uint8)isr_DRDY_INTC_PRIOR_NUMBER);
 115:Generated_Source\PSoC5/isr_DRDY.c **** 
 116:Generated_Source\PSoC5/isr_DRDY.c ****     /* Enable it. */
 117:Generated_Source\PSoC5/isr_DRDY.c ****     isr_DRDY_Enable();
 118:Generated_Source\PSoC5/isr_DRDY.c **** }
 119:Generated_Source\PSoC5/isr_DRDY.c **** 
 120:Generated_Source\PSoC5/isr_DRDY.c **** 
 121:Generated_Source\PSoC5/isr_DRDY.c **** /*******************************************************************************
 122:Generated_Source\PSoC5/isr_DRDY.c **** * Function Name: isr_DRDY_Stop
 123:Generated_Source\PSoC5/isr_DRDY.c **** ********************************************************************************
 124:Generated_Source\PSoC5/isr_DRDY.c **** *
 125:Generated_Source\PSoC5/isr_DRDY.c **** * Summary:
 126:Generated_Source\PSoC5/isr_DRDY.c **** *   Disables and removes the interrupt.
 127:Generated_Source\PSoC5/isr_DRDY.c **** *
 128:Generated_Source\PSoC5/isr_DRDY.c **** * Parameters:  
 129:Generated_Source\PSoC5/isr_DRDY.c **** *   None
 130:Generated_Source\PSoC5/isr_DRDY.c **** *
 131:Generated_Source\PSoC5/isr_DRDY.c **** * Return:
 132:Generated_Source\PSoC5/isr_DRDY.c **** *   None
 133:Generated_Source\PSoC5/isr_DRDY.c **** *
 134:Generated_Source\PSoC5/isr_DRDY.c **** *******************************************************************************/
 135:Generated_Source\PSoC5/isr_DRDY.c **** void isr_DRDY_Stop(void)
 136:Generated_Source\PSoC5/isr_DRDY.c **** {
 137:Generated_Source\PSoC5/isr_DRDY.c ****     /* Disable this interrupt. */
 138:Generated_Source\PSoC5/isr_DRDY.c ****     isr_DRDY_Disable();
 139:Generated_Source\PSoC5/isr_DRDY.c **** 
 140:Generated_Source\PSoC5/isr_DRDY.c ****     /* Set the ISR to point to the passive one. */
 141:Generated_Source\PSoC5/isr_DRDY.c ****     isr_DRDY_SetVector(&IntDefaultHandler);
 142:Generated_Source\PSoC5/isr_DRDY.c **** }
 143:Generated_Source\PSoC5/isr_DRDY.c **** 
 144:Generated_Source\PSoC5/isr_DRDY.c **** 
ARM GAS  C:\Users\EA527~1.IVA\AppData\Local\Temp\ccU0wXHg.s 			page 4


 145:Generated_Source\PSoC5/isr_DRDY.c **** /*******************************************************************************
 146:Generated_Source\PSoC5/isr_DRDY.c **** * Function Name: isr_DRDY_Interrupt
 147:Generated_Source\PSoC5/isr_DRDY.c **** ********************************************************************************
 148:Generated_Source\PSoC5/isr_DRDY.c **** *
 149:Generated_Source\PSoC5/isr_DRDY.c **** * Summary:
 150:Generated_Source\PSoC5/isr_DRDY.c **** *   The default Interrupt Service Routine for isr_DRDY.
 151:Generated_Source\PSoC5/isr_DRDY.c **** *
 152:Generated_Source\PSoC5/isr_DRDY.c **** *   Add custom code between the coments to keep the next version of this file
 153:Generated_Source\PSoC5/isr_DRDY.c **** *   from over writting your code.
 154:Generated_Source\PSoC5/isr_DRDY.c **** *
 155:Generated_Source\PSoC5/isr_DRDY.c **** * Parameters:  
 156:Generated_Source\PSoC5/isr_DRDY.c **** *
 157:Generated_Source\PSoC5/isr_DRDY.c **** * Return:
 158:Generated_Source\PSoC5/isr_DRDY.c **** *   None
 159:Generated_Source\PSoC5/isr_DRDY.c **** *
 160:Generated_Source\PSoC5/isr_DRDY.c **** *******************************************************************************/
 161:Generated_Source\PSoC5/isr_DRDY.c **** CY_ISR(isr_DRDY_Interrupt)
 162:Generated_Source\PSoC5/isr_DRDY.c **** {
 163:Generated_Source\PSoC5/isr_DRDY.c ****     #ifdef isr_DRDY_INTERRUPT_INTERRUPT_CALLBACK
 164:Generated_Source\PSoC5/isr_DRDY.c ****         isr_DRDY_Interrupt_InterruptCallback();
 165:Generated_Source\PSoC5/isr_DRDY.c ****     #endif /* isr_DRDY_INTERRUPT_INTERRUPT_CALLBACK */ 
 166:Generated_Source\PSoC5/isr_DRDY.c **** 
 167:Generated_Source\PSoC5/isr_DRDY.c ****     /*  Place your Interrupt code here. */
 168:Generated_Source\PSoC5/isr_DRDY.c ****     /* `#START isr_DRDY_Interrupt` */
 169:Generated_Source\PSoC5/isr_DRDY.c ****     DRDY_flag=1;    
 170:Generated_Source\PSoC5/isr_DRDY.c ****     isr_DRDY_ClearPending();
 171:Generated_Source\PSoC5/isr_DRDY.c ****     /* `#END` */
 172:Generated_Source\PSoC5/isr_DRDY.c **** }
 173:Generated_Source\PSoC5/isr_DRDY.c **** 
 174:Generated_Source\PSoC5/isr_DRDY.c **** 
 175:Generated_Source\PSoC5/isr_DRDY.c **** /*******************************************************************************
 176:Generated_Source\PSoC5/isr_DRDY.c **** * Function Name: isr_DRDY_SetVector
 177:Generated_Source\PSoC5/isr_DRDY.c **** ********************************************************************************
 178:Generated_Source\PSoC5/isr_DRDY.c **** *
 179:Generated_Source\PSoC5/isr_DRDY.c **** * Summary:
 180:Generated_Source\PSoC5/isr_DRDY.c **** *   Change the ISR vector for the Interrupt. Note calling isr_DRDY_Start
 181:Generated_Source\PSoC5/isr_DRDY.c **** *   will override any effect this method would have had. To set the vector 
 182:Generated_Source\PSoC5/isr_DRDY.c **** *   before the component has been started use isr_DRDY_StartEx instead.
 183:Generated_Source\PSoC5/isr_DRDY.c **** * 
 184:Generated_Source\PSoC5/isr_DRDY.c **** *   When defining ISR functions, the CY_ISR and CY_ISR_PROTO macros should be 
 185:Generated_Source\PSoC5/isr_DRDY.c **** *   used to provide consistent definition across compilers:
 186:Generated_Source\PSoC5/isr_DRDY.c **** *
 187:Generated_Source\PSoC5/isr_DRDY.c **** *   Function definition example:
 188:Generated_Source\PSoC5/isr_DRDY.c **** *   CY_ISR(MyISR)
 189:Generated_Source\PSoC5/isr_DRDY.c **** *   {
 190:Generated_Source\PSoC5/isr_DRDY.c **** *   }
 191:Generated_Source\PSoC5/isr_DRDY.c **** *
 192:Generated_Source\PSoC5/isr_DRDY.c **** *   Function prototype example:
 193:Generated_Source\PSoC5/isr_DRDY.c **** *     CY_ISR_PROTO(MyISR);
 194:Generated_Source\PSoC5/isr_DRDY.c **** *
 195:Generated_Source\PSoC5/isr_DRDY.c **** * Parameters:
 196:Generated_Source\PSoC5/isr_DRDY.c **** *   address: Address of the ISR to set in the interrupt vector table.
 197:Generated_Source\PSoC5/isr_DRDY.c **** *
 198:Generated_Source\PSoC5/isr_DRDY.c **** * Return:
 199:Generated_Source\PSoC5/isr_DRDY.c **** *   None
 200:Generated_Source\PSoC5/isr_DRDY.c **** *
 201:Generated_Source\PSoC5/isr_DRDY.c **** *******************************************************************************/
ARM GAS  C:\Users\EA527~1.IVA\AppData\Local\Temp\ccU0wXHg.s 			page 5


 202:Generated_Source\PSoC5/isr_DRDY.c **** void isr_DRDY_SetVector(cyisraddress address)
 203:Generated_Source\PSoC5/isr_DRDY.c **** {
  28              		.loc 1 203 0
  29              		.cfi_startproc
  30              		@ args = 0, pretend = 0, frame = 0
  31              		@ frame_needed = 0, uses_anonymous_args = 0
  32              		@ link register save eliminated.
  33              	.LVL0:
 204:Generated_Source\PSoC5/isr_DRDY.c ****     cyisraddress * ramVectorTable;
 205:Generated_Source\PSoC5/isr_DRDY.c **** 
 206:Generated_Source\PSoC5/isr_DRDY.c ****     ramVectorTable = (cyisraddress *) *CYINT_VECT_TABLE;
  34              		.loc 1 206 0
  35 0000 014B     		ldr	r3, .L2
  36 0002 1B68     		ldr	r3, [r3]
  37              	.LVL1:
 207:Generated_Source\PSoC5/isr_DRDY.c **** 
 208:Generated_Source\PSoC5/isr_DRDY.c ****     ramVectorTable[CYINT_IRQ_BASE + (uint32)isr_DRDY__INTC_NUMBER] = address;
  38              		.loc 1 208 0
  39 0004 5865     		str	r0, [r3, #84]
  40 0006 7047     		bx	lr
  41              	.L3:
  42              		.align	2
  43              	.L2:
  44 0008 08ED00E0 		.word	-536810232
  45              		.cfi_endproc
  46              	.LFE4:
  47              		.size	isr_DRDY_SetVector, .-isr_DRDY_SetVector
  48              		.section	.text.isr_DRDY_GetVector,"ax",%progbits
  49              		.align	2
  50              		.global	isr_DRDY_GetVector
  51              		.thumb
  52              		.thumb_func
  53              		.type	isr_DRDY_GetVector, %function
  54              	isr_DRDY_GetVector:
  55              	.LFB5:
 209:Generated_Source\PSoC5/isr_DRDY.c **** }
 210:Generated_Source\PSoC5/isr_DRDY.c **** 
 211:Generated_Source\PSoC5/isr_DRDY.c **** 
 212:Generated_Source\PSoC5/isr_DRDY.c **** /*******************************************************************************
 213:Generated_Source\PSoC5/isr_DRDY.c **** * Function Name: isr_DRDY_GetVector
 214:Generated_Source\PSoC5/isr_DRDY.c **** ********************************************************************************
 215:Generated_Source\PSoC5/isr_DRDY.c **** *
 216:Generated_Source\PSoC5/isr_DRDY.c **** * Summary:
 217:Generated_Source\PSoC5/isr_DRDY.c **** *   Gets the "address" of the current ISR vector for the Interrupt.
 218:Generated_Source\PSoC5/isr_DRDY.c **** *
 219:Generated_Source\PSoC5/isr_DRDY.c **** * Parameters:
 220:Generated_Source\PSoC5/isr_DRDY.c **** *   None
 221:Generated_Source\PSoC5/isr_DRDY.c **** *
 222:Generated_Source\PSoC5/isr_DRDY.c **** * Return:
 223:Generated_Source\PSoC5/isr_DRDY.c **** *   Address of the ISR in the interrupt vector table.
 224:Generated_Source\PSoC5/isr_DRDY.c **** *
 225:Generated_Source\PSoC5/isr_DRDY.c **** *******************************************************************************/
 226:Generated_Source\PSoC5/isr_DRDY.c **** cyisraddress isr_DRDY_GetVector(void)
 227:Generated_Source\PSoC5/isr_DRDY.c **** {
  56              		.loc 1 227 0
  57              		.cfi_startproc
  58              		@ args = 0, pretend = 0, frame = 0
ARM GAS  C:\Users\EA527~1.IVA\AppData\Local\Temp\ccU0wXHg.s 			page 6


  59              		@ frame_needed = 0, uses_anonymous_args = 0
  60              		@ link register save eliminated.
 228:Generated_Source\PSoC5/isr_DRDY.c ****     cyisraddress * ramVectorTable;
 229:Generated_Source\PSoC5/isr_DRDY.c **** 
 230:Generated_Source\PSoC5/isr_DRDY.c ****     ramVectorTable = (cyisraddress *) *CYINT_VECT_TABLE;
  61              		.loc 1 230 0
  62 0000 014B     		ldr	r3, .L5
  63 0002 1B68     		ldr	r3, [r3]
  64              	.LVL2:
 231:Generated_Source\PSoC5/isr_DRDY.c **** 
 232:Generated_Source\PSoC5/isr_DRDY.c ****     return ramVectorTable[CYINT_IRQ_BASE + (uint32)isr_DRDY__INTC_NUMBER];
 233:Generated_Source\PSoC5/isr_DRDY.c **** }
  65              		.loc 1 233 0
  66 0004 586D     		ldr	r0, [r3, #84]
  67 0006 7047     		bx	lr
  68              	.L6:
  69              		.align	2
  70              	.L5:
  71 0008 08ED00E0 		.word	-536810232
  72              		.cfi_endproc
  73              	.LFE5:
  74              		.size	isr_DRDY_GetVector, .-isr_DRDY_GetVector
  75              		.section	.text.isr_DRDY_SetPriority,"ax",%progbits
  76              		.align	2
  77              		.global	isr_DRDY_SetPriority
  78              		.thumb
  79              		.thumb_func
  80              		.type	isr_DRDY_SetPriority, %function
  81              	isr_DRDY_SetPriority:
  82              	.LFB6:
 234:Generated_Source\PSoC5/isr_DRDY.c **** 
 235:Generated_Source\PSoC5/isr_DRDY.c **** 
 236:Generated_Source\PSoC5/isr_DRDY.c **** /*******************************************************************************
 237:Generated_Source\PSoC5/isr_DRDY.c **** * Function Name: isr_DRDY_SetPriority
 238:Generated_Source\PSoC5/isr_DRDY.c **** ********************************************************************************
 239:Generated_Source\PSoC5/isr_DRDY.c **** *
 240:Generated_Source\PSoC5/isr_DRDY.c **** * Summary:
 241:Generated_Source\PSoC5/isr_DRDY.c **** *   Sets the Priority of the Interrupt. 
 242:Generated_Source\PSoC5/isr_DRDY.c **** *
 243:Generated_Source\PSoC5/isr_DRDY.c **** *   Note calling isr_DRDY_Start or isr_DRDY_StartEx will 
 244:Generated_Source\PSoC5/isr_DRDY.c **** *   override any effect this API would have had. This API should only be called
 245:Generated_Source\PSoC5/isr_DRDY.c **** *   after isr_DRDY_Start or isr_DRDY_StartEx has been called. 
 246:Generated_Source\PSoC5/isr_DRDY.c **** *   To set the initial priority for the component, use the Design-Wide Resources
 247:Generated_Source\PSoC5/isr_DRDY.c **** *   Interrupt Editor.
 248:Generated_Source\PSoC5/isr_DRDY.c **** *
 249:Generated_Source\PSoC5/isr_DRDY.c **** *   Note This API has no effect on Non-maskable interrupt NMI).
 250:Generated_Source\PSoC5/isr_DRDY.c **** *
 251:Generated_Source\PSoC5/isr_DRDY.c **** * Parameters:
 252:Generated_Source\PSoC5/isr_DRDY.c **** *   priority: Priority of the interrupt, 0 being the highest priority
 253:Generated_Source\PSoC5/isr_DRDY.c **** *             PSoC 3 and PSoC 5LP: Priority is from 0 to 7.
 254:Generated_Source\PSoC5/isr_DRDY.c **** *             PSoC 4: Priority is from 0 to 3.
 255:Generated_Source\PSoC5/isr_DRDY.c **** *
 256:Generated_Source\PSoC5/isr_DRDY.c **** * Return:
 257:Generated_Source\PSoC5/isr_DRDY.c **** *   None
 258:Generated_Source\PSoC5/isr_DRDY.c **** *
 259:Generated_Source\PSoC5/isr_DRDY.c **** *******************************************************************************/
 260:Generated_Source\PSoC5/isr_DRDY.c **** void isr_DRDY_SetPriority(uint8 priority)
ARM GAS  C:\Users\EA527~1.IVA\AppData\Local\Temp\ccU0wXHg.s 			page 7


 261:Generated_Source\PSoC5/isr_DRDY.c **** {
  83              		.loc 1 261 0
  84              		.cfi_startproc
  85              		@ args = 0, pretend = 0, frame = 0
  86              		@ frame_needed = 0, uses_anonymous_args = 0
  87              		@ link register save eliminated.
  88              	.LVL3:
 262:Generated_Source\PSoC5/isr_DRDY.c ****     *isr_DRDY_INTC_PRIOR = priority << 5;
  89              		.loc 1 262 0
  90 0000 4001     		lsls	r0, r0, #5
  91              	.LVL4:
  92 0002 C0B2     		uxtb	r0, r0
  93 0004 014B     		ldr	r3, .L8
  94 0006 1870     		strb	r0, [r3]
  95 0008 7047     		bx	lr
  96              	.L9:
  97 000a 00BF     		.align	2
  98              	.L8:
  99 000c 05E400E0 		.word	-536812539
 100              		.cfi_endproc
 101              	.LFE6:
 102              		.size	isr_DRDY_SetPriority, .-isr_DRDY_SetPriority
 103              		.section	.text.isr_DRDY_GetPriority,"ax",%progbits
 104              		.align	2
 105              		.global	isr_DRDY_GetPriority
 106              		.thumb
 107              		.thumb_func
 108              		.type	isr_DRDY_GetPriority, %function
 109              	isr_DRDY_GetPriority:
 110              	.LFB7:
 263:Generated_Source\PSoC5/isr_DRDY.c **** }
 264:Generated_Source\PSoC5/isr_DRDY.c **** 
 265:Generated_Source\PSoC5/isr_DRDY.c **** 
 266:Generated_Source\PSoC5/isr_DRDY.c **** /*******************************************************************************
 267:Generated_Source\PSoC5/isr_DRDY.c **** * Function Name: isr_DRDY_GetPriority
 268:Generated_Source\PSoC5/isr_DRDY.c **** ********************************************************************************
 269:Generated_Source\PSoC5/isr_DRDY.c **** *
 270:Generated_Source\PSoC5/isr_DRDY.c **** * Summary:
 271:Generated_Source\PSoC5/isr_DRDY.c **** *   Gets the Priority of the Interrupt.
 272:Generated_Source\PSoC5/isr_DRDY.c **** *
 273:Generated_Source\PSoC5/isr_DRDY.c **** * Parameters:
 274:Generated_Source\PSoC5/isr_DRDY.c **** *   None
 275:Generated_Source\PSoC5/isr_DRDY.c **** *
 276:Generated_Source\PSoC5/isr_DRDY.c **** * Return:
 277:Generated_Source\PSoC5/isr_DRDY.c **** *   Priority of the interrupt, 0 being the highest priority
 278:Generated_Source\PSoC5/isr_DRDY.c **** *    PSoC 3 and PSoC 5LP: Priority is from 0 to 7.
 279:Generated_Source\PSoC5/isr_DRDY.c **** *    PSoC 4: Priority is from 0 to 3.
 280:Generated_Source\PSoC5/isr_DRDY.c **** *
 281:Generated_Source\PSoC5/isr_DRDY.c **** *******************************************************************************/
 282:Generated_Source\PSoC5/isr_DRDY.c **** uint8 isr_DRDY_GetPriority(void)
 283:Generated_Source\PSoC5/isr_DRDY.c **** {
 111              		.loc 1 283 0
 112              		.cfi_startproc
 113              		@ args = 0, pretend = 0, frame = 0
 114              		@ frame_needed = 0, uses_anonymous_args = 0
 115              		@ link register save eliminated.
 284:Generated_Source\PSoC5/isr_DRDY.c ****     uint8 priority;
ARM GAS  C:\Users\EA527~1.IVA\AppData\Local\Temp\ccU0wXHg.s 			page 8


 285:Generated_Source\PSoC5/isr_DRDY.c **** 
 286:Generated_Source\PSoC5/isr_DRDY.c **** 
 287:Generated_Source\PSoC5/isr_DRDY.c ****     priority = *isr_DRDY_INTC_PRIOR >> 5;
 116              		.loc 1 287 0
 117 0000 014B     		ldr	r3, .L11
 118 0002 1878     		ldrb	r0, [r3]	@ zero_extendqisi2
 119              	.LVL5:
 288:Generated_Source\PSoC5/isr_DRDY.c **** 
 289:Generated_Source\PSoC5/isr_DRDY.c ****     return priority;
 290:Generated_Source\PSoC5/isr_DRDY.c **** }
 120              		.loc 1 290 0
 121 0004 4009     		lsrs	r0, r0, #5
 122              	.LVL6:
 123 0006 7047     		bx	lr
 124              	.L12:
 125              		.align	2
 126              	.L11:
 127 0008 05E400E0 		.word	-536812539
 128              		.cfi_endproc
 129              	.LFE7:
 130              		.size	isr_DRDY_GetPriority, .-isr_DRDY_GetPriority
 131              		.section	.text.isr_DRDY_Enable,"ax",%progbits
 132              		.align	2
 133              		.global	isr_DRDY_Enable
 134              		.thumb
 135              		.thumb_func
 136              		.type	isr_DRDY_Enable, %function
 137              	isr_DRDY_Enable:
 138              	.LFB8:
 291:Generated_Source\PSoC5/isr_DRDY.c **** 
 292:Generated_Source\PSoC5/isr_DRDY.c **** 
 293:Generated_Source\PSoC5/isr_DRDY.c **** /*******************************************************************************
 294:Generated_Source\PSoC5/isr_DRDY.c **** * Function Name: isr_DRDY_Enable
 295:Generated_Source\PSoC5/isr_DRDY.c **** ********************************************************************************
 296:Generated_Source\PSoC5/isr_DRDY.c **** *
 297:Generated_Source\PSoC5/isr_DRDY.c **** * Summary:
 298:Generated_Source\PSoC5/isr_DRDY.c **** *   Enables the interrupt to the interrupt controller. Do not call this function
 299:Generated_Source\PSoC5/isr_DRDY.c **** *   unless ISR_Start() has been called or the functionality of the ISR_Start() 
 300:Generated_Source\PSoC5/isr_DRDY.c **** *   function, which sets the vector and the priority, has been called.
 301:Generated_Source\PSoC5/isr_DRDY.c **** *
 302:Generated_Source\PSoC5/isr_DRDY.c **** * Parameters:
 303:Generated_Source\PSoC5/isr_DRDY.c **** *   None
 304:Generated_Source\PSoC5/isr_DRDY.c **** *
 305:Generated_Source\PSoC5/isr_DRDY.c **** * Return:
 306:Generated_Source\PSoC5/isr_DRDY.c **** *   None
 307:Generated_Source\PSoC5/isr_DRDY.c **** *
 308:Generated_Source\PSoC5/isr_DRDY.c **** *******************************************************************************/
 309:Generated_Source\PSoC5/isr_DRDY.c **** void isr_DRDY_Enable(void)
 310:Generated_Source\PSoC5/isr_DRDY.c **** {
 139              		.loc 1 310 0
 140              		.cfi_startproc
 141              		@ args = 0, pretend = 0, frame = 0
 142              		@ frame_needed = 0, uses_anonymous_args = 0
 143              		@ link register save eliminated.
 311:Generated_Source\PSoC5/isr_DRDY.c ****     /* Enable the general interrupt. */
 312:Generated_Source\PSoC5/isr_DRDY.c ****     *isr_DRDY_INTC_SET_EN = isr_DRDY__INTC_MASK;
 144              		.loc 1 312 0
ARM GAS  C:\Users\EA527~1.IVA\AppData\Local\Temp\ccU0wXHg.s 			page 9


 145 0000 2022     		movs	r2, #32
 146 0002 014B     		ldr	r3, .L14
 147 0004 1A60     		str	r2, [r3]
 148 0006 7047     		bx	lr
 149              	.L15:
 150              		.align	2
 151              	.L14:
 152 0008 00E100E0 		.word	-536813312
 153              		.cfi_endproc
 154              	.LFE8:
 155              		.size	isr_DRDY_Enable, .-isr_DRDY_Enable
 156              		.section	.text.isr_DRDY_GetState,"ax",%progbits
 157              		.align	2
 158              		.global	isr_DRDY_GetState
 159              		.thumb
 160              		.thumb_func
 161              		.type	isr_DRDY_GetState, %function
 162              	isr_DRDY_GetState:
 163              	.LFB9:
 313:Generated_Source\PSoC5/isr_DRDY.c **** }
 314:Generated_Source\PSoC5/isr_DRDY.c **** 
 315:Generated_Source\PSoC5/isr_DRDY.c **** 
 316:Generated_Source\PSoC5/isr_DRDY.c **** /*******************************************************************************
 317:Generated_Source\PSoC5/isr_DRDY.c **** * Function Name: isr_DRDY_GetState
 318:Generated_Source\PSoC5/isr_DRDY.c **** ********************************************************************************
 319:Generated_Source\PSoC5/isr_DRDY.c **** *
 320:Generated_Source\PSoC5/isr_DRDY.c **** * Summary:
 321:Generated_Source\PSoC5/isr_DRDY.c **** *   Gets the state (enabled, disabled) of the Interrupt.
 322:Generated_Source\PSoC5/isr_DRDY.c **** *
 323:Generated_Source\PSoC5/isr_DRDY.c **** * Parameters:
 324:Generated_Source\PSoC5/isr_DRDY.c **** *   None
 325:Generated_Source\PSoC5/isr_DRDY.c **** *
 326:Generated_Source\PSoC5/isr_DRDY.c **** * Return:
 327:Generated_Source\PSoC5/isr_DRDY.c **** *   1 if enabled, 0 if disabled.
 328:Generated_Source\PSoC5/isr_DRDY.c **** *
 329:Generated_Source\PSoC5/isr_DRDY.c **** *******************************************************************************/
 330:Generated_Source\PSoC5/isr_DRDY.c **** uint8 isr_DRDY_GetState(void)
 331:Generated_Source\PSoC5/isr_DRDY.c **** {
 164              		.loc 1 331 0
 165              		.cfi_startproc
 166              		@ args = 0, pretend = 0, frame = 0
 167              		@ frame_needed = 0, uses_anonymous_args = 0
 168              		@ link register save eliminated.
 332:Generated_Source\PSoC5/isr_DRDY.c ****     /* Get the state of the general interrupt. */
 333:Generated_Source\PSoC5/isr_DRDY.c ****     return ((*isr_DRDY_INTC_SET_EN & (uint32)isr_DRDY__INTC_MASK) != 0u) ? 1u:0u;
 169              		.loc 1 333 0
 170 0000 044B     		ldr	r3, .L19
 171 0002 1B68     		ldr	r3, [r3]
 172 0004 13F0200F 		tst	r3, #32
 173 0008 01D0     		beq	.L18
 174 000a 0120     		movs	r0, #1
 175 000c 7047     		bx	lr
 176              	.L18:
 177 000e 0020     		movs	r0, #0
 334:Generated_Source\PSoC5/isr_DRDY.c **** }
 178              		.loc 1 334 0
 179 0010 7047     		bx	lr
ARM GAS  C:\Users\EA527~1.IVA\AppData\Local\Temp\ccU0wXHg.s 			page 10


 180              	.L20:
 181 0012 00BF     		.align	2
 182              	.L19:
 183 0014 00E100E0 		.word	-536813312
 184              		.cfi_endproc
 185              	.LFE9:
 186              		.size	isr_DRDY_GetState, .-isr_DRDY_GetState
 187              		.section	.text.isr_DRDY_Disable,"ax",%progbits
 188              		.align	2
 189              		.global	isr_DRDY_Disable
 190              		.thumb
 191              		.thumb_func
 192              		.type	isr_DRDY_Disable, %function
 193              	isr_DRDY_Disable:
 194              	.LFB10:
 335:Generated_Source\PSoC5/isr_DRDY.c **** 
 336:Generated_Source\PSoC5/isr_DRDY.c **** 
 337:Generated_Source\PSoC5/isr_DRDY.c **** /*******************************************************************************
 338:Generated_Source\PSoC5/isr_DRDY.c **** * Function Name: isr_DRDY_Disable
 339:Generated_Source\PSoC5/isr_DRDY.c **** ********************************************************************************
 340:Generated_Source\PSoC5/isr_DRDY.c **** *
 341:Generated_Source\PSoC5/isr_DRDY.c **** * Summary:
 342:Generated_Source\PSoC5/isr_DRDY.c **** *   Disables the Interrupt in the interrupt controller.
 343:Generated_Source\PSoC5/isr_DRDY.c **** *
 344:Generated_Source\PSoC5/isr_DRDY.c **** * Parameters:
 345:Generated_Source\PSoC5/isr_DRDY.c **** *   None
 346:Generated_Source\PSoC5/isr_DRDY.c **** *
 347:Generated_Source\PSoC5/isr_DRDY.c **** * Return:
 348:Generated_Source\PSoC5/isr_DRDY.c **** *   None
 349:Generated_Source\PSoC5/isr_DRDY.c **** *
 350:Generated_Source\PSoC5/isr_DRDY.c **** *******************************************************************************/
 351:Generated_Source\PSoC5/isr_DRDY.c **** void isr_DRDY_Disable(void)
 352:Generated_Source\PSoC5/isr_DRDY.c **** {
 195              		.loc 1 352 0
 196              		.cfi_startproc
 197              		@ args = 0, pretend = 0, frame = 0
 198              		@ frame_needed = 0, uses_anonymous_args = 0
 199              		@ link register save eliminated.
 353:Generated_Source\PSoC5/isr_DRDY.c ****     /* Disable the general interrupt. */
 354:Generated_Source\PSoC5/isr_DRDY.c ****     *isr_DRDY_INTC_CLR_EN = isr_DRDY__INTC_MASK;
 200              		.loc 1 354 0
 201 0000 2022     		movs	r2, #32
 202 0002 014B     		ldr	r3, .L22
 203 0004 1A60     		str	r2, [r3]
 204 0006 7047     		bx	lr
 205              	.L23:
 206              		.align	2
 207              	.L22:
 208 0008 80E100E0 		.word	-536813184
 209              		.cfi_endproc
 210              	.LFE10:
 211              		.size	isr_DRDY_Disable, .-isr_DRDY_Disable
 212              		.section	.text.isr_DRDY_Start,"ax",%progbits
 213              		.align	2
 214              		.global	isr_DRDY_Start
 215              		.thumb
 216              		.thumb_func
ARM GAS  C:\Users\EA527~1.IVA\AppData\Local\Temp\ccU0wXHg.s 			page 11


 217              		.type	isr_DRDY_Start, %function
 218              	isr_DRDY_Start:
 219              	.LFB0:
  63:Generated_Source\PSoC5/isr_DRDY.c ****     /* For all we know the interrupt is active. */
 220              		.loc 1 63 0
 221              		.cfi_startproc
 222              		@ args = 0, pretend = 0, frame = 0
 223              		@ frame_needed = 0, uses_anonymous_args = 0
 224 0000 08B5     		push	{r3, lr}
 225              		.cfi_def_cfa_offset 8
 226              		.cfi_offset 3, -8
 227              		.cfi_offset 14, -4
  65:Generated_Source\PSoC5/isr_DRDY.c **** 
 228              		.loc 1 65 0
 229 0002 FFF7FEFF 		bl	isr_DRDY_Disable
 230              	.LVL7:
  68:Generated_Source\PSoC5/isr_DRDY.c **** 
 231              		.loc 1 68 0
 232 0006 0448     		ldr	r0, .L26
 233 0008 FFF7FEFF 		bl	isr_DRDY_SetVector
 234              	.LVL8:
  71:Generated_Source\PSoC5/isr_DRDY.c **** 
 235              		.loc 1 71 0
 236 000c 0720     		movs	r0, #7
 237 000e FFF7FEFF 		bl	isr_DRDY_SetPriority
 238              	.LVL9:
  74:Generated_Source\PSoC5/isr_DRDY.c **** }
 239              		.loc 1 74 0
 240 0012 FFF7FEFF 		bl	isr_DRDY_Enable
 241              	.LVL10:
 242 0016 08BD     		pop	{r3, pc}
 243              	.L27:
 244              		.align	2
 245              	.L26:
 246 0018 00000000 		.word	isr_DRDY_Interrupt
 247              		.cfi_endproc
 248              	.LFE0:
 249              		.size	isr_DRDY_Start, .-isr_DRDY_Start
 250              		.section	.text.isr_DRDY_StartEx,"ax",%progbits
 251              		.align	2
 252              		.global	isr_DRDY_StartEx
 253              		.thumb
 254              		.thumb_func
 255              		.type	isr_DRDY_StartEx, %function
 256              	isr_DRDY_StartEx:
 257              	.LFB1:
 106:Generated_Source\PSoC5/isr_DRDY.c ****     /* For all we know the interrupt is active. */
 258              		.loc 1 106 0
 259              		.cfi_startproc
 260              		@ args = 0, pretend = 0, frame = 0
 261              		@ frame_needed = 0, uses_anonymous_args = 0
 262              	.LVL11:
 263 0000 10B5     		push	{r4, lr}
 264              		.cfi_def_cfa_offset 8
 265              		.cfi_offset 4, -8
 266              		.cfi_offset 14, -4
 267 0002 0446     		mov	r4, r0
ARM GAS  C:\Users\EA527~1.IVA\AppData\Local\Temp\ccU0wXHg.s 			page 12


 108:Generated_Source\PSoC5/isr_DRDY.c **** 
 268              		.loc 1 108 0
 269 0004 FFF7FEFF 		bl	isr_DRDY_Disable
 270              	.LVL12:
 111:Generated_Source\PSoC5/isr_DRDY.c **** 
 271              		.loc 1 111 0
 272 0008 2046     		mov	r0, r4
 273 000a FFF7FEFF 		bl	isr_DRDY_SetVector
 274              	.LVL13:
 114:Generated_Source\PSoC5/isr_DRDY.c **** 
 275              		.loc 1 114 0
 276 000e 0720     		movs	r0, #7
 277 0010 FFF7FEFF 		bl	isr_DRDY_SetPriority
 278              	.LVL14:
 117:Generated_Source\PSoC5/isr_DRDY.c **** }
 279              		.loc 1 117 0
 280 0014 FFF7FEFF 		bl	isr_DRDY_Enable
 281              	.LVL15:
 282 0018 10BD     		pop	{r4, pc}
 283              		.cfi_endproc
 284              	.LFE1:
 285              		.size	isr_DRDY_StartEx, .-isr_DRDY_StartEx
 286 001a 00BF     		.section	.text.isr_DRDY_Stop,"ax",%progbits
 287              		.align	2
 288              		.global	isr_DRDY_Stop
 289              		.thumb
 290              		.thumb_func
 291              		.type	isr_DRDY_Stop, %function
 292              	isr_DRDY_Stop:
 293              	.LFB2:
 136:Generated_Source\PSoC5/isr_DRDY.c ****     /* Disable this interrupt. */
 294              		.loc 1 136 0
 295              		.cfi_startproc
 296              		@ args = 0, pretend = 0, frame = 0
 297              		@ frame_needed = 0, uses_anonymous_args = 0
 298 0000 08B5     		push	{r3, lr}
 299              		.cfi_def_cfa_offset 8
 300              		.cfi_offset 3, -8
 301              		.cfi_offset 14, -4
 138:Generated_Source\PSoC5/isr_DRDY.c **** 
 302              		.loc 1 138 0
 303 0002 FFF7FEFF 		bl	isr_DRDY_Disable
 304              	.LVL16:
 141:Generated_Source\PSoC5/isr_DRDY.c **** }
 305              		.loc 1 141 0
 306 0006 0248     		ldr	r0, .L32
 307 0008 FFF7FEFF 		bl	isr_DRDY_SetVector
 308              	.LVL17:
 309 000c 08BD     		pop	{r3, pc}
 310              	.L33:
 311 000e 00BF     		.align	2
 312              	.L32:
 313 0010 00000000 		.word	IntDefaultHandler
 314              		.cfi_endproc
 315              	.LFE2:
 316              		.size	isr_DRDY_Stop, .-isr_DRDY_Stop
 317              		.section	.text.isr_DRDY_SetPending,"ax",%progbits
ARM GAS  C:\Users\EA527~1.IVA\AppData\Local\Temp\ccU0wXHg.s 			page 13


 318              		.align	2
 319              		.global	isr_DRDY_SetPending
 320              		.thumb
 321              		.thumb_func
 322              		.type	isr_DRDY_SetPending, %function
 323              	isr_DRDY_SetPending:
 324              	.LFB11:
 355:Generated_Source\PSoC5/isr_DRDY.c **** }
 356:Generated_Source\PSoC5/isr_DRDY.c **** 
 357:Generated_Source\PSoC5/isr_DRDY.c **** 
 358:Generated_Source\PSoC5/isr_DRDY.c **** /*******************************************************************************
 359:Generated_Source\PSoC5/isr_DRDY.c **** * Function Name: isr_DRDY_SetPending
 360:Generated_Source\PSoC5/isr_DRDY.c **** ********************************************************************************
 361:Generated_Source\PSoC5/isr_DRDY.c **** *
 362:Generated_Source\PSoC5/isr_DRDY.c **** * Summary:
 363:Generated_Source\PSoC5/isr_DRDY.c **** *   Causes the Interrupt to enter the pending state, a software method of
 364:Generated_Source\PSoC5/isr_DRDY.c **** *   generating the interrupt.
 365:Generated_Source\PSoC5/isr_DRDY.c **** *
 366:Generated_Source\PSoC5/isr_DRDY.c **** * Parameters:
 367:Generated_Source\PSoC5/isr_DRDY.c **** *   None
 368:Generated_Source\PSoC5/isr_DRDY.c **** *
 369:Generated_Source\PSoC5/isr_DRDY.c **** * Return:
 370:Generated_Source\PSoC5/isr_DRDY.c **** *   None
 371:Generated_Source\PSoC5/isr_DRDY.c **** *
 372:Generated_Source\PSoC5/isr_DRDY.c **** * Side Effects:
 373:Generated_Source\PSoC5/isr_DRDY.c **** *   If interrupts are enabled and the interrupt is set up properly, the ISR is
 374:Generated_Source\PSoC5/isr_DRDY.c **** *   entered (depending on the priority of this interrupt and other pending 
 375:Generated_Source\PSoC5/isr_DRDY.c **** *   interrupts).
 376:Generated_Source\PSoC5/isr_DRDY.c **** *
 377:Generated_Source\PSoC5/isr_DRDY.c **** *******************************************************************************/
 378:Generated_Source\PSoC5/isr_DRDY.c **** void isr_DRDY_SetPending(void)
 379:Generated_Source\PSoC5/isr_DRDY.c **** {
 325              		.loc 1 379 0
 326              		.cfi_startproc
 327              		@ args = 0, pretend = 0, frame = 0
 328              		@ frame_needed = 0, uses_anonymous_args = 0
 329              		@ link register save eliminated.
 380:Generated_Source\PSoC5/isr_DRDY.c ****     *isr_DRDY_INTC_SET_PD = isr_DRDY__INTC_MASK;
 330              		.loc 1 380 0
 331 0000 2022     		movs	r2, #32
 332 0002 014B     		ldr	r3, .L35
 333 0004 1A60     		str	r2, [r3]
 334 0006 7047     		bx	lr
 335              	.L36:
 336              		.align	2
 337              	.L35:
 338 0008 00E200E0 		.word	-536813056
 339              		.cfi_endproc
 340              	.LFE11:
 341              		.size	isr_DRDY_SetPending, .-isr_DRDY_SetPending
 342              		.section	.text.isr_DRDY_ClearPending,"ax",%progbits
 343              		.align	2
 344              		.global	isr_DRDY_ClearPending
 345              		.thumb
 346              		.thumb_func
 347              		.type	isr_DRDY_ClearPending, %function
 348              	isr_DRDY_ClearPending:
ARM GAS  C:\Users\EA527~1.IVA\AppData\Local\Temp\ccU0wXHg.s 			page 14


 349              	.LFB12:
 381:Generated_Source\PSoC5/isr_DRDY.c **** }
 382:Generated_Source\PSoC5/isr_DRDY.c **** 
 383:Generated_Source\PSoC5/isr_DRDY.c **** 
 384:Generated_Source\PSoC5/isr_DRDY.c **** /*******************************************************************************
 385:Generated_Source\PSoC5/isr_DRDY.c **** * Function Name: isr_DRDY_ClearPending
 386:Generated_Source\PSoC5/isr_DRDY.c **** ********************************************************************************
 387:Generated_Source\PSoC5/isr_DRDY.c **** *
 388:Generated_Source\PSoC5/isr_DRDY.c **** * Summary:
 389:Generated_Source\PSoC5/isr_DRDY.c **** *   Clears a pending interrupt in the interrupt controller.
 390:Generated_Source\PSoC5/isr_DRDY.c **** *
 391:Generated_Source\PSoC5/isr_DRDY.c **** *   Note Some interrupt sources are clear-on-read and require the block 
 392:Generated_Source\PSoC5/isr_DRDY.c **** *   interrupt/status register to be read/cleared with the appropriate block API 
 393:Generated_Source\PSoC5/isr_DRDY.c **** *   (GPIO, UART, and so on). Otherwise the ISR will continue to remain in 
 394:Generated_Source\PSoC5/isr_DRDY.c **** *   pending state even though the interrupt itself is cleared using this API.
 395:Generated_Source\PSoC5/isr_DRDY.c **** *
 396:Generated_Source\PSoC5/isr_DRDY.c **** * Parameters:
 397:Generated_Source\PSoC5/isr_DRDY.c **** *   None
 398:Generated_Source\PSoC5/isr_DRDY.c **** *
 399:Generated_Source\PSoC5/isr_DRDY.c **** * Return:
 400:Generated_Source\PSoC5/isr_DRDY.c **** *   None
 401:Generated_Source\PSoC5/isr_DRDY.c **** *
 402:Generated_Source\PSoC5/isr_DRDY.c **** *******************************************************************************/
 403:Generated_Source\PSoC5/isr_DRDY.c **** void isr_DRDY_ClearPending(void)
 404:Generated_Source\PSoC5/isr_DRDY.c **** {
 350              		.loc 1 404 0
 351              		.cfi_startproc
 352              		@ args = 0, pretend = 0, frame = 0
 353              		@ frame_needed = 0, uses_anonymous_args = 0
 354              		@ link register save eliminated.
 405:Generated_Source\PSoC5/isr_DRDY.c ****     *isr_DRDY_INTC_CLR_PD = isr_DRDY__INTC_MASK;
 355              		.loc 1 405 0
 356 0000 2022     		movs	r2, #32
 357 0002 014B     		ldr	r3, .L38
 358 0004 1A60     		str	r2, [r3]
 359 0006 7047     		bx	lr
 360              	.L39:
 361              		.align	2
 362              	.L38:
 363 0008 80E200E0 		.word	-536812928
 364              		.cfi_endproc
 365              	.LFE12:
 366              		.size	isr_DRDY_ClearPending, .-isr_DRDY_ClearPending
 367              		.section	.text.isr_DRDY_Interrupt,"ax",%progbits
 368              		.align	2
 369              		.global	isr_DRDY_Interrupt
 370              		.thumb
 371              		.thumb_func
 372              		.type	isr_DRDY_Interrupt, %function
 373              	isr_DRDY_Interrupt:
 374              	.LFB3:
 162:Generated_Source\PSoC5/isr_DRDY.c ****     #ifdef isr_DRDY_INTERRUPT_INTERRUPT_CALLBACK
 375              		.loc 1 162 0
 376              		.cfi_startproc
 377              		@ args = 0, pretend = 0, frame = 0
 378              		@ frame_needed = 0, uses_anonymous_args = 0
 379 0000 08B5     		push	{r3, lr}
ARM GAS  C:\Users\EA527~1.IVA\AppData\Local\Temp\ccU0wXHg.s 			page 15


 380              		.cfi_def_cfa_offset 8
 381              		.cfi_offset 3, -8
 382              		.cfi_offset 14, -4
 169:Generated_Source\PSoC5/isr_DRDY.c ****     isr_DRDY_ClearPending();
 383              		.loc 1 169 0
 384 0002 0122     		movs	r2, #1
 385 0004 024B     		ldr	r3, .L42
 386 0006 1A60     		str	r2, [r3]
 170:Generated_Source\PSoC5/isr_DRDY.c ****     /* `#END` */
 387              		.loc 1 170 0
 388 0008 FFF7FEFF 		bl	isr_DRDY_ClearPending
 389              	.LVL18:
 390 000c 08BD     		pop	{r3, pc}
 391              	.L43:
 392 000e 00BF     		.align	2
 393              	.L42:
 394 0010 00000000 		.word	DRDY_flag
 395              		.cfi_endproc
 396              	.LFE3:
 397              		.size	isr_DRDY_Interrupt, .-isr_DRDY_Interrupt
 398              		.text
 399              	.Letext0:
 400              		.file 2 "Generated_Source\\PSoC5/cytypes.h"
 401              		.section	.debug_info,"",%progbits
 402              	.Ldebug_info0:
 403 0000 E7020000 		.4byte	0x2e7
 404 0004 0400     		.2byte	0x4
 405 0006 00000000 		.4byte	.Ldebug_abbrev0
 406 000a 04       		.byte	0x4
 407 000b 01       		.uleb128 0x1
 408 000c B4000000 		.4byte	.LASF34
 409 0010 0C       		.byte	0xc
 410 0011 34020000 		.4byte	.LASF35
 411 0015 17000000 		.4byte	.LASF36
 412 0019 00000000 		.4byte	.Ldebug_ranges0+0
 413 001d 00000000 		.4byte	0
 414 0021 00000000 		.4byte	.Ldebug_line0
 415 0025 02       		.uleb128 0x2
 416 0026 04       		.byte	0x4
 417 0027 05       		.byte	0x5
 418 0028 696E7400 		.ascii	"int\000"
 419 002c 03       		.uleb128 0x3
 420 002d 04       		.byte	0x4
 421 002e 07       		.byte	0x7
 422 002f BE010000 		.4byte	.LASF0
 423 0033 03       		.uleb128 0x3
 424 0034 08       		.byte	0x8
 425 0035 05       		.byte	0x5
 426 0036 26020000 		.4byte	.LASF1
 427 003a 03       		.uleb128 0x3
 428 003b 08       		.byte	0x8
 429 003c 04       		.byte	0x4
 430 003d 92020000 		.4byte	.LASF2
 431 0041 03       		.uleb128 0x3
 432 0042 01       		.byte	0x1
 433 0043 06       		.byte	0x6
 434 0044 9E020000 		.4byte	.LASF3
ARM GAS  C:\Users\EA527~1.IVA\AppData\Local\Temp\ccU0wXHg.s 			page 16


 435 0048 03       		.uleb128 0x3
 436 0049 01       		.byte	0x1
 437 004a 08       		.byte	0x8
 438 004b A6000000 		.4byte	.LASF4
 439 004f 03       		.uleb128 0x3
 440 0050 02       		.byte	0x2
 441 0051 05       		.byte	0x5
 442 0052 7F020000 		.4byte	.LASF5
 443 0056 03       		.uleb128 0x3
 444 0057 02       		.byte	0x2
 445 0058 07       		.byte	0x7
 446 0059 5F000000 		.4byte	.LASF6
 447 005d 03       		.uleb128 0x3
 448 005e 04       		.byte	0x4
 449 005f 05       		.byte	0x5
 450 0060 89020000 		.4byte	.LASF7
 451 0064 03       		.uleb128 0x3
 452 0065 04       		.byte	0x4
 453 0066 07       		.byte	0x7
 454 0067 5A010000 		.4byte	.LASF8
 455 006b 03       		.uleb128 0x3
 456 006c 08       		.byte	0x8
 457 006d 07       		.byte	0x7
 458 006e E3010000 		.4byte	.LASF9
 459 0072 03       		.uleb128 0x3
 460 0073 04       		.byte	0x4
 461 0074 07       		.byte	0x7
 462 0075 1D020000 		.4byte	.LASF10
 463 0079 03       		.uleb128 0x3
 464 007a 01       		.byte	0x1
 465 007b 08       		.byte	0x8
 466 007c 56020000 		.4byte	.LASF11
 467 0080 04       		.uleb128 0x4
 468 0081 04       		.byte	0x4
 469 0082 86000000 		.4byte	0x86
 470 0086 05       		.uleb128 0x5
 471 0087 06       		.uleb128 0x6
 472 0088 6C010000 		.4byte	.LASF12
 473 008c 02       		.byte	0x2
 474 008d E401     		.2byte	0x1e4
 475 008f 48000000 		.4byte	0x48
 476 0093 06       		.uleb128 0x6
 477 0094 B7010000 		.4byte	.LASF13
 478 0098 02       		.byte	0x2
 479 0099 E601     		.2byte	0x1e6
 480 009b 64000000 		.4byte	0x64
 481 009f 03       		.uleb128 0x3
 482 00a0 04       		.byte	0x4
 483 00a1 04       		.byte	0x4
 484 00a2 8D000000 		.4byte	.LASF14
 485 00a6 03       		.uleb128 0x3
 486 00a7 08       		.byte	0x8
 487 00a8 04       		.byte	0x4
 488 00a9 8F010000 		.4byte	.LASF15
 489 00ad 06       		.uleb128 0x6
 490 00ae 55010000 		.4byte	.LASF16
 491 00b2 02       		.byte	0x2
ARM GAS  C:\Users\EA527~1.IVA\AppData\Local\Temp\ccU0wXHg.s 			page 17


 492 00b3 8E02     		.2byte	0x28e
 493 00b5 B9000000 		.4byte	0xb9
 494 00b9 07       		.uleb128 0x7
 495 00ba 87000000 		.4byte	0x87
 496 00be 06       		.uleb128 0x6
 497 00bf 00000000 		.4byte	.LASF17
 498 00c3 02       		.byte	0x2
 499 00c4 9002     		.2byte	0x290
 500 00c6 CA000000 		.4byte	0xca
 501 00ca 07       		.uleb128 0x7
 502 00cb 93000000 		.4byte	0x93
 503 00cf 06       		.uleb128 0x6
 504 00d0 10020000 		.4byte	.LASF18
 505 00d4 02       		.byte	0x2
 506 00d5 A002     		.2byte	0x2a0
 507 00d7 80000000 		.4byte	0x80
 508 00db 08       		.uleb128 0x8
 509 00dc AA020000 		.4byte	.LASF20
 510 00e0 01       		.byte	0x1
 511 00e1 CA       		.byte	0xca
 512 00e2 00000000 		.4byte	.LFB4
 513 00e6 0C000000 		.4byte	.LFE4-.LFB4
 514 00ea 01       		.uleb128 0x1
 515 00eb 9C       		.byte	0x9c
 516 00ec 0B010000 		.4byte	0x10b
 517 00f0 09       		.uleb128 0x9
 518 00f1 DB010000 		.4byte	.LASF22
 519 00f5 01       		.byte	0x1
 520 00f6 CA       		.byte	0xca
 521 00f7 CF000000 		.4byte	0xcf
 522 00fb 01       		.uleb128 0x1
 523 00fc 50       		.byte	0x50
 524 00fd 0A       		.uleb128 0xa
 525 00fe 5B020000 		.4byte	.LASF19
 526 0102 01       		.byte	0x1
 527 0103 CC       		.byte	0xcc
 528 0104 0B010000 		.4byte	0x10b
 529 0108 01       		.uleb128 0x1
 530 0109 53       		.byte	0x53
 531 010a 00       		.byte	0
 532 010b 04       		.uleb128 0x4
 533 010c 04       		.byte	0x4
 534 010d CF000000 		.4byte	0xcf
 535 0111 0B       		.uleb128 0xb
 536 0112 93000000 		.4byte	.LASF24
 537 0116 01       		.byte	0x1
 538 0117 E2       		.byte	0xe2
 539 0118 CF000000 		.4byte	0xcf
 540 011c 00000000 		.4byte	.LFB5
 541 0120 0C000000 		.4byte	.LFE5-.LFB5
 542 0124 01       		.uleb128 0x1
 543 0125 9C       		.byte	0x9c
 544 0126 38010000 		.4byte	0x138
 545 012a 0A       		.uleb128 0xa
 546 012b 5B020000 		.4byte	.LASF19
 547 012f 01       		.byte	0x1
 548 0130 E4       		.byte	0xe4
ARM GAS  C:\Users\EA527~1.IVA\AppData\Local\Temp\ccU0wXHg.s 			page 18


 549 0131 0B010000 		.4byte	0x10b
 550 0135 01       		.uleb128 0x1
 551 0136 53       		.byte	0x53
 552 0137 00       		.byte	0
 553 0138 0C       		.uleb128 0xc
 554 0139 6A020000 		.4byte	.LASF21
 555 013d 01       		.byte	0x1
 556 013e 0401     		.2byte	0x104
 557 0140 00000000 		.4byte	.LFB6
 558 0144 10000000 		.4byte	.LFE6-.LFB6
 559 0148 01       		.uleb128 0x1
 560 0149 9C       		.byte	0x9c
 561 014a 5F010000 		.4byte	0x15f
 562 014e 0D       		.uleb128 0xd
 563 014f 86010000 		.4byte	.LASF23
 564 0153 01       		.byte	0x1
 565 0154 0401     		.2byte	0x104
 566 0156 87000000 		.4byte	0x87
 567 015a 00000000 		.4byte	.LLST0
 568 015e 00       		.byte	0
 569 015f 0E       		.uleb128 0xe
 570 0160 CB020000 		.4byte	.LASF25
 571 0164 01       		.byte	0x1
 572 0165 1A01     		.2byte	0x11a
 573 0167 87000000 		.4byte	0x87
 574 016b 00000000 		.4byte	.LFB7
 575 016f 0C000000 		.4byte	.LFE7-.LFB7
 576 0173 01       		.uleb128 0x1
 577 0174 9C       		.byte	0x9c
 578 0175 8A010000 		.4byte	0x18a
 579 0179 0F       		.uleb128 0xf
 580 017a 86010000 		.4byte	.LASF23
 581 017e 01       		.byte	0x1
 582 017f 1C01     		.2byte	0x11c
 583 0181 87000000 		.4byte	0x87
 584 0185 21000000 		.4byte	.LLST1
 585 0189 00       		.byte	0
 586 018a 10       		.uleb128 0x10
 587 018b CB010000 		.4byte	.LASF26
 588 018f 01       		.byte	0x1
 589 0190 3501     		.2byte	0x135
 590 0192 00000000 		.4byte	.LFB8
 591 0196 0C000000 		.4byte	.LFE8-.LFB8
 592 019a 01       		.uleb128 0x1
 593 019b 9C       		.byte	0x9c
 594 019c 11       		.uleb128 0x11
 595 019d A5010000 		.4byte	.LASF37
 596 01a1 01       		.byte	0x1
 597 01a2 4A01     		.2byte	0x14a
 598 01a4 87000000 		.4byte	0x87
 599 01a8 00000000 		.4byte	.LFB9
 600 01ac 18000000 		.4byte	.LFE9-.LFB9
 601 01b0 01       		.uleb128 0x1
 602 01b1 9C       		.byte	0x9c
 603 01b2 10       		.uleb128 0x10
 604 01b3 7C000000 		.4byte	.LASF27
 605 01b7 01       		.byte	0x1
ARM GAS  C:\Users\EA527~1.IVA\AppData\Local\Temp\ccU0wXHg.s 			page 19


 606 01b8 5F01     		.2byte	0x15f
 607 01ba 00000000 		.4byte	.LFB10
 608 01be 0C000000 		.4byte	.LFE10-.LFB10
 609 01c2 01       		.uleb128 0x1
 610 01c3 9C       		.byte	0x9c
 611 01c4 08       		.uleb128 0x8
 612 01c5 96010000 		.4byte	.LASF28
 613 01c9 01       		.byte	0x1
 614 01ca 3E       		.byte	0x3e
 615 01cb 00000000 		.4byte	.LFB0
 616 01cf 1C000000 		.4byte	.LFE0-.LFB0
 617 01d3 01       		.uleb128 0x1
 618 01d4 9C       		.byte	0x9c
 619 01d5 16020000 		.4byte	0x216
 620 01d9 12       		.uleb128 0x12
 621 01da 06000000 		.4byte	.LVL7
 622 01de B2010000 		.4byte	0x1b2
 623 01e2 13       		.uleb128 0x13
 624 01e3 0C000000 		.4byte	.LVL8
 625 01e7 DB000000 		.4byte	0xdb
 626 01eb F9010000 		.4byte	0x1f9
 627 01ef 14       		.uleb128 0x14
 628 01f0 01       		.uleb128 0x1
 629 01f1 50       		.byte	0x50
 630 01f2 05       		.uleb128 0x5
 631 01f3 03       		.byte	0x3
 632 01f4 00000000 		.4byte	isr_DRDY_Interrupt
 633 01f8 00       		.byte	0
 634 01f9 13       		.uleb128 0x13
 635 01fa 12000000 		.4byte	.LVL9
 636 01fe 38010000 		.4byte	0x138
 637 0202 0C020000 		.4byte	0x20c
 638 0206 14       		.uleb128 0x14
 639 0207 01       		.uleb128 0x1
 640 0208 50       		.byte	0x50
 641 0209 01       		.uleb128 0x1
 642 020a 37       		.byte	0x37
 643 020b 00       		.byte	0
 644 020c 12       		.uleb128 0x12
 645 020d 16000000 		.4byte	.LVL10
 646 0211 8A010000 		.4byte	0x18a
 647 0215 00       		.byte	0
 648 0216 08       		.uleb128 0x8
 649 0217 06000000 		.4byte	.LASF29
 650 021b 01       		.byte	0x1
 651 021c 69       		.byte	0x69
 652 021d 00000000 		.4byte	.LFB1
 653 0221 1A000000 		.4byte	.LFE1-.LFB1
 654 0225 01       		.uleb128 0x1
 655 0226 9C       		.byte	0x9c
 656 0227 74020000 		.4byte	0x274
 657 022b 15       		.uleb128 0x15
 658 022c DB010000 		.4byte	.LASF22
 659 0230 01       		.byte	0x1
 660 0231 69       		.byte	0x69
 661 0232 CF000000 		.4byte	0xcf
 662 0236 38000000 		.4byte	.LLST2
ARM GAS  C:\Users\EA527~1.IVA\AppData\Local\Temp\ccU0wXHg.s 			page 20


 663 023a 12       		.uleb128 0x12
 664 023b 08000000 		.4byte	.LVL12
 665 023f B2010000 		.4byte	0x1b2
 666 0243 13       		.uleb128 0x13
 667 0244 0E000000 		.4byte	.LVL13
 668 0248 DB000000 		.4byte	0xdb
 669 024c 57020000 		.4byte	0x257
 670 0250 14       		.uleb128 0x14
 671 0251 01       		.uleb128 0x1
 672 0252 50       		.byte	0x50
 673 0253 02       		.uleb128 0x2
 674 0254 74       		.byte	0x74
 675 0255 00       		.sleb128 0
 676 0256 00       		.byte	0
 677 0257 13       		.uleb128 0x13
 678 0258 14000000 		.4byte	.LVL14
 679 025c 38010000 		.4byte	0x138
 680 0260 6A020000 		.4byte	0x26a
 681 0264 14       		.uleb128 0x14
 682 0265 01       		.uleb128 0x1
 683 0266 50       		.byte	0x50
 684 0267 01       		.uleb128 0x1
 685 0268 37       		.byte	0x37
 686 0269 00       		.byte	0
 687 026a 12       		.uleb128 0x12
 688 026b 18000000 		.4byte	.LVL15
 689 026f 8A010000 		.4byte	0x18a
 690 0273 00       		.byte	0
 691 0274 08       		.uleb128 0x8
 692 0275 BD020000 		.4byte	.LASF30
 693 0279 01       		.byte	0x1
 694 027a 87       		.byte	0x87
 695 027b 00000000 		.4byte	.LFB2
 696 027f 14000000 		.4byte	.LFE2-.LFB2
 697 0283 01       		.uleb128 0x1
 698 0284 9C       		.byte	0x9c
 699 0285 9C020000 		.4byte	0x29c
 700 0289 12       		.uleb128 0x12
 701 028a 06000000 		.4byte	.LVL16
 702 028e B2010000 		.4byte	0x1b2
 703 0292 12       		.uleb128 0x12
 704 0293 0C000000 		.4byte	.LVL17
 705 0297 DB000000 		.4byte	0xdb
 706 029b 00       		.byte	0
 707 029c 10       		.uleb128 0x10
 708 029d 72010000 		.4byte	.LASF31
 709 02a1 01       		.byte	0x1
 710 02a2 7A01     		.2byte	0x17a
 711 02a4 00000000 		.4byte	.LFB11
 712 02a8 0C000000 		.4byte	.LFE11-.LFB11
 713 02ac 01       		.uleb128 0x1
 714 02ad 9C       		.byte	0x9c
 715 02ae 10       		.uleb128 0x10
 716 02af FA010000 		.4byte	.LASF32
 717 02b3 01       		.byte	0x1
 718 02b4 9301     		.2byte	0x193
 719 02b6 00000000 		.4byte	.LFB12
ARM GAS  C:\Users\EA527~1.IVA\AppData\Local\Temp\ccU0wXHg.s 			page 21


 720 02ba 0C000000 		.4byte	.LFE12-.LFB12
 721 02be 01       		.uleb128 0x1
 722 02bf 9C       		.byte	0x9c
 723 02c0 08       		.uleb128 0x8
 724 02c1 42010000 		.4byte	.LASF33
 725 02c5 01       		.byte	0x1
 726 02c6 A1       		.byte	0xa1
 727 02c7 00000000 		.4byte	.LFB3
 728 02cb 14000000 		.4byte	.LFE3-.LFB3
 729 02cf 01       		.uleb128 0x1
 730 02d0 9C       		.byte	0x9c
 731 02d1 DF020000 		.4byte	0x2df
 732 02d5 12       		.uleb128 0x12
 733 02d6 0C000000 		.4byte	.LVL18
 734 02da AE020000 		.4byte	0x2ae
 735 02de 00       		.byte	0
 736 02df 16       		.uleb128 0x16
 737 02e0 72000000 		.4byte	.LASF38
 738 02e4 01       		.byte	0x1
 739 02e5 1E       		.byte	0x1e
 740 02e6 93000000 		.4byte	0x93
 741 02ea 00       		.byte	0
 742              		.section	.debug_abbrev,"",%progbits
 743              	.Ldebug_abbrev0:
 744 0000 01       		.uleb128 0x1
 745 0001 11       		.uleb128 0x11
 746 0002 01       		.byte	0x1
 747 0003 25       		.uleb128 0x25
 748 0004 0E       		.uleb128 0xe
 749 0005 13       		.uleb128 0x13
 750 0006 0B       		.uleb128 0xb
 751 0007 03       		.uleb128 0x3
 752 0008 0E       		.uleb128 0xe
 753 0009 1B       		.uleb128 0x1b
 754 000a 0E       		.uleb128 0xe
 755 000b 55       		.uleb128 0x55
 756 000c 17       		.uleb128 0x17
 757 000d 11       		.uleb128 0x11
 758 000e 01       		.uleb128 0x1
 759 000f 10       		.uleb128 0x10
 760 0010 17       		.uleb128 0x17
 761 0011 00       		.byte	0
 762 0012 00       		.byte	0
 763 0013 02       		.uleb128 0x2
 764 0014 24       		.uleb128 0x24
 765 0015 00       		.byte	0
 766 0016 0B       		.uleb128 0xb
 767 0017 0B       		.uleb128 0xb
 768 0018 3E       		.uleb128 0x3e
 769 0019 0B       		.uleb128 0xb
 770 001a 03       		.uleb128 0x3
 771 001b 08       		.uleb128 0x8
 772 001c 00       		.byte	0
 773 001d 00       		.byte	0
 774 001e 03       		.uleb128 0x3
 775 001f 24       		.uleb128 0x24
 776 0020 00       		.byte	0
ARM GAS  C:\Users\EA527~1.IVA\AppData\Local\Temp\ccU0wXHg.s 			page 22


 777 0021 0B       		.uleb128 0xb
 778 0022 0B       		.uleb128 0xb
 779 0023 3E       		.uleb128 0x3e
 780 0024 0B       		.uleb128 0xb
 781 0025 03       		.uleb128 0x3
 782 0026 0E       		.uleb128 0xe
 783 0027 00       		.byte	0
 784 0028 00       		.byte	0
 785 0029 04       		.uleb128 0x4
 786 002a 0F       		.uleb128 0xf
 787 002b 00       		.byte	0
 788 002c 0B       		.uleb128 0xb
 789 002d 0B       		.uleb128 0xb
 790 002e 49       		.uleb128 0x49
 791 002f 13       		.uleb128 0x13
 792 0030 00       		.byte	0
 793 0031 00       		.byte	0
 794 0032 05       		.uleb128 0x5
 795 0033 15       		.uleb128 0x15
 796 0034 00       		.byte	0
 797 0035 27       		.uleb128 0x27
 798 0036 19       		.uleb128 0x19
 799 0037 00       		.byte	0
 800 0038 00       		.byte	0
 801 0039 06       		.uleb128 0x6
 802 003a 16       		.uleb128 0x16
 803 003b 00       		.byte	0
 804 003c 03       		.uleb128 0x3
 805 003d 0E       		.uleb128 0xe
 806 003e 3A       		.uleb128 0x3a
 807 003f 0B       		.uleb128 0xb
 808 0040 3B       		.uleb128 0x3b
 809 0041 05       		.uleb128 0x5
 810 0042 49       		.uleb128 0x49
 811 0043 13       		.uleb128 0x13
 812 0044 00       		.byte	0
 813 0045 00       		.byte	0
 814 0046 07       		.uleb128 0x7
 815 0047 35       		.uleb128 0x35
 816 0048 00       		.byte	0
 817 0049 49       		.uleb128 0x49
 818 004a 13       		.uleb128 0x13
 819 004b 00       		.byte	0
 820 004c 00       		.byte	0
 821 004d 08       		.uleb128 0x8
 822 004e 2E       		.uleb128 0x2e
 823 004f 01       		.byte	0x1
 824 0050 3F       		.uleb128 0x3f
 825 0051 19       		.uleb128 0x19
 826 0052 03       		.uleb128 0x3
 827 0053 0E       		.uleb128 0xe
 828 0054 3A       		.uleb128 0x3a
 829 0055 0B       		.uleb128 0xb
 830 0056 3B       		.uleb128 0x3b
 831 0057 0B       		.uleb128 0xb
 832 0058 27       		.uleb128 0x27
 833 0059 19       		.uleb128 0x19
ARM GAS  C:\Users\EA527~1.IVA\AppData\Local\Temp\ccU0wXHg.s 			page 23


 834 005a 11       		.uleb128 0x11
 835 005b 01       		.uleb128 0x1
 836 005c 12       		.uleb128 0x12
 837 005d 06       		.uleb128 0x6
 838 005e 40       		.uleb128 0x40
 839 005f 18       		.uleb128 0x18
 840 0060 9742     		.uleb128 0x2117
 841 0062 19       		.uleb128 0x19
 842 0063 01       		.uleb128 0x1
 843 0064 13       		.uleb128 0x13
 844 0065 00       		.byte	0
 845 0066 00       		.byte	0
 846 0067 09       		.uleb128 0x9
 847 0068 05       		.uleb128 0x5
 848 0069 00       		.byte	0
 849 006a 03       		.uleb128 0x3
 850 006b 0E       		.uleb128 0xe
 851 006c 3A       		.uleb128 0x3a
 852 006d 0B       		.uleb128 0xb
 853 006e 3B       		.uleb128 0x3b
 854 006f 0B       		.uleb128 0xb
 855 0070 49       		.uleb128 0x49
 856 0071 13       		.uleb128 0x13
 857 0072 02       		.uleb128 0x2
 858 0073 18       		.uleb128 0x18
 859 0074 00       		.byte	0
 860 0075 00       		.byte	0
 861 0076 0A       		.uleb128 0xa
 862 0077 34       		.uleb128 0x34
 863 0078 00       		.byte	0
 864 0079 03       		.uleb128 0x3
 865 007a 0E       		.uleb128 0xe
 866 007b 3A       		.uleb128 0x3a
 867 007c 0B       		.uleb128 0xb
 868 007d 3B       		.uleb128 0x3b
 869 007e 0B       		.uleb128 0xb
 870 007f 49       		.uleb128 0x49
 871 0080 13       		.uleb128 0x13
 872 0081 02       		.uleb128 0x2
 873 0082 18       		.uleb128 0x18
 874 0083 00       		.byte	0
 875 0084 00       		.byte	0
 876 0085 0B       		.uleb128 0xb
 877 0086 2E       		.uleb128 0x2e
 878 0087 01       		.byte	0x1
 879 0088 3F       		.uleb128 0x3f
 880 0089 19       		.uleb128 0x19
 881 008a 03       		.uleb128 0x3
 882 008b 0E       		.uleb128 0xe
 883 008c 3A       		.uleb128 0x3a
 884 008d 0B       		.uleb128 0xb
 885 008e 3B       		.uleb128 0x3b
 886 008f 0B       		.uleb128 0xb
 887 0090 27       		.uleb128 0x27
 888 0091 19       		.uleb128 0x19
 889 0092 49       		.uleb128 0x49
 890 0093 13       		.uleb128 0x13
ARM GAS  C:\Users\EA527~1.IVA\AppData\Local\Temp\ccU0wXHg.s 			page 24


 891 0094 11       		.uleb128 0x11
 892 0095 01       		.uleb128 0x1
 893 0096 12       		.uleb128 0x12
 894 0097 06       		.uleb128 0x6
 895 0098 40       		.uleb128 0x40
 896 0099 18       		.uleb128 0x18
 897 009a 9742     		.uleb128 0x2117
 898 009c 19       		.uleb128 0x19
 899 009d 01       		.uleb128 0x1
 900 009e 13       		.uleb128 0x13
 901 009f 00       		.byte	0
 902 00a0 00       		.byte	0
 903 00a1 0C       		.uleb128 0xc
 904 00a2 2E       		.uleb128 0x2e
 905 00a3 01       		.byte	0x1
 906 00a4 3F       		.uleb128 0x3f
 907 00a5 19       		.uleb128 0x19
 908 00a6 03       		.uleb128 0x3
 909 00a7 0E       		.uleb128 0xe
 910 00a8 3A       		.uleb128 0x3a
 911 00a9 0B       		.uleb128 0xb
 912 00aa 3B       		.uleb128 0x3b
 913 00ab 05       		.uleb128 0x5
 914 00ac 27       		.uleb128 0x27
 915 00ad 19       		.uleb128 0x19
 916 00ae 11       		.uleb128 0x11
 917 00af 01       		.uleb128 0x1
 918 00b0 12       		.uleb128 0x12
 919 00b1 06       		.uleb128 0x6
 920 00b2 40       		.uleb128 0x40
 921 00b3 18       		.uleb128 0x18
 922 00b4 9742     		.uleb128 0x2117
 923 00b6 19       		.uleb128 0x19
 924 00b7 01       		.uleb128 0x1
 925 00b8 13       		.uleb128 0x13
 926 00b9 00       		.byte	0
 927 00ba 00       		.byte	0
 928 00bb 0D       		.uleb128 0xd
 929 00bc 05       		.uleb128 0x5
 930 00bd 00       		.byte	0
 931 00be 03       		.uleb128 0x3
 932 00bf 0E       		.uleb128 0xe
 933 00c0 3A       		.uleb128 0x3a
 934 00c1 0B       		.uleb128 0xb
 935 00c2 3B       		.uleb128 0x3b
 936 00c3 05       		.uleb128 0x5
 937 00c4 49       		.uleb128 0x49
 938 00c5 13       		.uleb128 0x13
 939 00c6 02       		.uleb128 0x2
 940 00c7 17       		.uleb128 0x17
 941 00c8 00       		.byte	0
 942 00c9 00       		.byte	0
 943 00ca 0E       		.uleb128 0xe
 944 00cb 2E       		.uleb128 0x2e
 945 00cc 01       		.byte	0x1
 946 00cd 3F       		.uleb128 0x3f
 947 00ce 19       		.uleb128 0x19
ARM GAS  C:\Users\EA527~1.IVA\AppData\Local\Temp\ccU0wXHg.s 			page 25


 948 00cf 03       		.uleb128 0x3
 949 00d0 0E       		.uleb128 0xe
 950 00d1 3A       		.uleb128 0x3a
 951 00d2 0B       		.uleb128 0xb
 952 00d3 3B       		.uleb128 0x3b
 953 00d4 05       		.uleb128 0x5
 954 00d5 27       		.uleb128 0x27
 955 00d6 19       		.uleb128 0x19
 956 00d7 49       		.uleb128 0x49
 957 00d8 13       		.uleb128 0x13
 958 00d9 11       		.uleb128 0x11
 959 00da 01       		.uleb128 0x1
 960 00db 12       		.uleb128 0x12
 961 00dc 06       		.uleb128 0x6
 962 00dd 40       		.uleb128 0x40
 963 00de 18       		.uleb128 0x18
 964 00df 9742     		.uleb128 0x2117
 965 00e1 19       		.uleb128 0x19
 966 00e2 01       		.uleb128 0x1
 967 00e3 13       		.uleb128 0x13
 968 00e4 00       		.byte	0
 969 00e5 00       		.byte	0
 970 00e6 0F       		.uleb128 0xf
 971 00e7 34       		.uleb128 0x34
 972 00e8 00       		.byte	0
 973 00e9 03       		.uleb128 0x3
 974 00ea 0E       		.uleb128 0xe
 975 00eb 3A       		.uleb128 0x3a
 976 00ec 0B       		.uleb128 0xb
 977 00ed 3B       		.uleb128 0x3b
 978 00ee 05       		.uleb128 0x5
 979 00ef 49       		.uleb128 0x49
 980 00f0 13       		.uleb128 0x13
 981 00f1 02       		.uleb128 0x2
 982 00f2 17       		.uleb128 0x17
 983 00f3 00       		.byte	0
 984 00f4 00       		.byte	0
 985 00f5 10       		.uleb128 0x10
 986 00f6 2E       		.uleb128 0x2e
 987 00f7 00       		.byte	0
 988 00f8 3F       		.uleb128 0x3f
 989 00f9 19       		.uleb128 0x19
 990 00fa 03       		.uleb128 0x3
 991 00fb 0E       		.uleb128 0xe
 992 00fc 3A       		.uleb128 0x3a
 993 00fd 0B       		.uleb128 0xb
 994 00fe 3B       		.uleb128 0x3b
 995 00ff 05       		.uleb128 0x5
 996 0100 27       		.uleb128 0x27
 997 0101 19       		.uleb128 0x19
 998 0102 11       		.uleb128 0x11
 999 0103 01       		.uleb128 0x1
 1000 0104 12       		.uleb128 0x12
 1001 0105 06       		.uleb128 0x6
 1002 0106 40       		.uleb128 0x40
 1003 0107 18       		.uleb128 0x18
 1004 0108 9742     		.uleb128 0x2117
ARM GAS  C:\Users\EA527~1.IVA\AppData\Local\Temp\ccU0wXHg.s 			page 26


 1005 010a 19       		.uleb128 0x19
 1006 010b 00       		.byte	0
 1007 010c 00       		.byte	0
 1008 010d 11       		.uleb128 0x11
 1009 010e 2E       		.uleb128 0x2e
 1010 010f 00       		.byte	0
 1011 0110 3F       		.uleb128 0x3f
 1012 0111 19       		.uleb128 0x19
 1013 0112 03       		.uleb128 0x3
 1014 0113 0E       		.uleb128 0xe
 1015 0114 3A       		.uleb128 0x3a
 1016 0115 0B       		.uleb128 0xb
 1017 0116 3B       		.uleb128 0x3b
 1018 0117 05       		.uleb128 0x5
 1019 0118 27       		.uleb128 0x27
 1020 0119 19       		.uleb128 0x19
 1021 011a 49       		.uleb128 0x49
 1022 011b 13       		.uleb128 0x13
 1023 011c 11       		.uleb128 0x11
 1024 011d 01       		.uleb128 0x1
 1025 011e 12       		.uleb128 0x12
 1026 011f 06       		.uleb128 0x6
 1027 0120 40       		.uleb128 0x40
 1028 0121 18       		.uleb128 0x18
 1029 0122 9742     		.uleb128 0x2117
 1030 0124 19       		.uleb128 0x19
 1031 0125 00       		.byte	0
 1032 0126 00       		.byte	0
 1033 0127 12       		.uleb128 0x12
 1034 0128 898201   		.uleb128 0x4109
 1035 012b 00       		.byte	0
 1036 012c 11       		.uleb128 0x11
 1037 012d 01       		.uleb128 0x1
 1038 012e 31       		.uleb128 0x31
 1039 012f 13       		.uleb128 0x13
 1040 0130 00       		.byte	0
 1041 0131 00       		.byte	0
 1042 0132 13       		.uleb128 0x13
 1043 0133 898201   		.uleb128 0x4109
 1044 0136 01       		.byte	0x1
 1045 0137 11       		.uleb128 0x11
 1046 0138 01       		.uleb128 0x1
 1047 0139 31       		.uleb128 0x31
 1048 013a 13       		.uleb128 0x13
 1049 013b 01       		.uleb128 0x1
 1050 013c 13       		.uleb128 0x13
 1051 013d 00       		.byte	0
 1052 013e 00       		.byte	0
 1053 013f 14       		.uleb128 0x14
 1054 0140 8A8201   		.uleb128 0x410a
 1055 0143 00       		.byte	0
 1056 0144 02       		.uleb128 0x2
 1057 0145 18       		.uleb128 0x18
 1058 0146 9142     		.uleb128 0x2111
 1059 0148 18       		.uleb128 0x18
 1060 0149 00       		.byte	0
 1061 014a 00       		.byte	0
ARM GAS  C:\Users\EA527~1.IVA\AppData\Local\Temp\ccU0wXHg.s 			page 27


 1062 014b 15       		.uleb128 0x15
 1063 014c 05       		.uleb128 0x5
 1064 014d 00       		.byte	0
 1065 014e 03       		.uleb128 0x3
 1066 014f 0E       		.uleb128 0xe
 1067 0150 3A       		.uleb128 0x3a
 1068 0151 0B       		.uleb128 0xb
 1069 0152 3B       		.uleb128 0x3b
 1070 0153 0B       		.uleb128 0xb
 1071 0154 49       		.uleb128 0x49
 1072 0155 13       		.uleb128 0x13
 1073 0156 02       		.uleb128 0x2
 1074 0157 17       		.uleb128 0x17
 1075 0158 00       		.byte	0
 1076 0159 00       		.byte	0
 1077 015a 16       		.uleb128 0x16
 1078 015b 34       		.uleb128 0x34
 1079 015c 00       		.byte	0
 1080 015d 03       		.uleb128 0x3
 1081 015e 0E       		.uleb128 0xe
 1082 015f 3A       		.uleb128 0x3a
 1083 0160 0B       		.uleb128 0xb
 1084 0161 3B       		.uleb128 0x3b
 1085 0162 0B       		.uleb128 0xb
 1086 0163 49       		.uleb128 0x49
 1087 0164 13       		.uleb128 0x13
 1088 0165 3F       		.uleb128 0x3f
 1089 0166 19       		.uleb128 0x19
 1090 0167 3C       		.uleb128 0x3c
 1091 0168 19       		.uleb128 0x19
 1092 0169 00       		.byte	0
 1093 016a 00       		.byte	0
 1094 016b 00       		.byte	0
 1095              		.section	.debug_loc,"",%progbits
 1096              	.Ldebug_loc0:
 1097              	.LLST0:
 1098 0000 00000000 		.4byte	.LVL3
 1099 0004 02000000 		.4byte	.LVL4
 1100 0008 0100     		.2byte	0x1
 1101 000a 50       		.byte	0x50
 1102 000b 02000000 		.4byte	.LVL4
 1103 000f 10000000 		.4byte	.LFE6
 1104 0013 0400     		.2byte	0x4
 1105 0015 F3       		.byte	0xf3
 1106 0016 01       		.uleb128 0x1
 1107 0017 50       		.byte	0x50
 1108 0018 9F       		.byte	0x9f
 1109 0019 00000000 		.4byte	0
 1110 001d 00000000 		.4byte	0
 1111              	.LLST1:
 1112 0021 04000000 		.4byte	.LVL5
 1113 0025 06000000 		.4byte	.LVL6
 1114 0029 0500     		.2byte	0x5
 1115 002b 70       		.byte	0x70
 1116 002c 00       		.sleb128 0
 1117 002d 35       		.byte	0x35
 1118 002e 25       		.byte	0x25
ARM GAS  C:\Users\EA527~1.IVA\AppData\Local\Temp\ccU0wXHg.s 			page 28


 1119 002f 9F       		.byte	0x9f
 1120 0030 00000000 		.4byte	0
 1121 0034 00000000 		.4byte	0
 1122              	.LLST2:
 1123 0038 00000000 		.4byte	.LVL11
 1124 003c 07000000 		.4byte	.LVL12-1
 1125 0040 0100     		.2byte	0x1
 1126 0042 50       		.byte	0x50
 1127 0043 07000000 		.4byte	.LVL12-1
 1128 0047 1A000000 		.4byte	.LFE1
 1129 004b 0100     		.2byte	0x1
 1130 004d 54       		.byte	0x54
 1131 004e 00000000 		.4byte	0
 1132 0052 00000000 		.4byte	0
 1133              		.section	.debug_aranges,"",%progbits
 1134 0000 7C000000 		.4byte	0x7c
 1135 0004 0200     		.2byte	0x2
 1136 0006 00000000 		.4byte	.Ldebug_info0
 1137 000a 04       		.byte	0x4
 1138 000b 00       		.byte	0
 1139 000c 0000     		.2byte	0
 1140 000e 0000     		.2byte	0
 1141 0010 00000000 		.4byte	.LFB4
 1142 0014 0C000000 		.4byte	.LFE4-.LFB4
 1143 0018 00000000 		.4byte	.LFB5
 1144 001c 0C000000 		.4byte	.LFE5-.LFB5
 1145 0020 00000000 		.4byte	.LFB6
 1146 0024 10000000 		.4byte	.LFE6-.LFB6
 1147 0028 00000000 		.4byte	.LFB7
 1148 002c 0C000000 		.4byte	.LFE7-.LFB7
 1149 0030 00000000 		.4byte	.LFB8
 1150 0034 0C000000 		.4byte	.LFE8-.LFB8
 1151 0038 00000000 		.4byte	.LFB9
 1152 003c 18000000 		.4byte	.LFE9-.LFB9
 1153 0040 00000000 		.4byte	.LFB10
 1154 0044 0C000000 		.4byte	.LFE10-.LFB10
 1155 0048 00000000 		.4byte	.LFB0
 1156 004c 1C000000 		.4byte	.LFE0-.LFB0
 1157 0050 00000000 		.4byte	.LFB1
 1158 0054 1A000000 		.4byte	.LFE1-.LFB1
 1159 0058 00000000 		.4byte	.LFB2
 1160 005c 14000000 		.4byte	.LFE2-.LFB2
 1161 0060 00000000 		.4byte	.LFB11
 1162 0064 0C000000 		.4byte	.LFE11-.LFB11
 1163 0068 00000000 		.4byte	.LFB12
 1164 006c 0C000000 		.4byte	.LFE12-.LFB12
 1165 0070 00000000 		.4byte	.LFB3
 1166 0074 14000000 		.4byte	.LFE3-.LFB3
 1167 0078 00000000 		.4byte	0
 1168 007c 00000000 		.4byte	0
 1169              		.section	.debug_ranges,"",%progbits
 1170              	.Ldebug_ranges0:
 1171 0000 00000000 		.4byte	.LFB4
 1172 0004 0C000000 		.4byte	.LFE4
 1173 0008 00000000 		.4byte	.LFB5
 1174 000c 0C000000 		.4byte	.LFE5
 1175 0010 00000000 		.4byte	.LFB6
ARM GAS  C:\Users\EA527~1.IVA\AppData\Local\Temp\ccU0wXHg.s 			page 29


 1176 0014 10000000 		.4byte	.LFE6
 1177 0018 00000000 		.4byte	.LFB7
 1178 001c 0C000000 		.4byte	.LFE7
 1179 0020 00000000 		.4byte	.LFB8
 1180 0024 0C000000 		.4byte	.LFE8
 1181 0028 00000000 		.4byte	.LFB9
 1182 002c 18000000 		.4byte	.LFE9
 1183 0030 00000000 		.4byte	.LFB10
 1184 0034 0C000000 		.4byte	.LFE10
 1185 0038 00000000 		.4byte	.LFB0
 1186 003c 1C000000 		.4byte	.LFE0
 1187 0040 00000000 		.4byte	.LFB1
 1188 0044 1A000000 		.4byte	.LFE1
 1189 0048 00000000 		.4byte	.LFB2
 1190 004c 14000000 		.4byte	.LFE2
 1191 0050 00000000 		.4byte	.LFB11
 1192 0054 0C000000 		.4byte	.LFE11
 1193 0058 00000000 		.4byte	.LFB12
 1194 005c 0C000000 		.4byte	.LFE12
 1195 0060 00000000 		.4byte	.LFB3
 1196 0064 14000000 		.4byte	.LFE3
 1197 0068 00000000 		.4byte	0
 1198 006c 00000000 		.4byte	0
 1199              		.section	.debug_line,"",%progbits
 1200              	.Ldebug_line0:
 1201 0000 33010000 		.section	.debug_str,"MS",%progbits,1
 1201      02004500 
 1201      00000201 
 1201      FB0E0D00 
 1201      01010101 
 1202              	.LASF17:
 1203 0000 72656733 		.ascii	"reg32\000"
 1203      3200
 1204              	.LASF29:
 1205 0006 6973725F 		.ascii	"isr_DRDY_StartEx\000"
 1205      44524459 
 1205      5F537461 
 1205      72744578 
 1205      00
 1206              	.LASF36:
 1207 0017 433A5C55 		.ascii	"C:\\Users\\e.ivanov\\Documents\\GitHub\\adc\\Manche"
 1207      73657273 
 1207      5C652E69 
 1207      76616E6F 
 1207      765C446F 
 1208 0044 73746572 		.ascii	"ster encoder-decoder.cydsn\000"
 1208      20656E63 
 1208      6F646572 
 1208      2D646563 
 1208      6F646572 
 1209              	.LASF6:
 1210 005f 73686F72 		.ascii	"short unsigned int\000"
 1210      7420756E 
 1210      7369676E 
 1210      65642069 
 1210      6E7400
 1211              	.LASF38:
ARM GAS  C:\Users\EA527~1.IVA\AppData\Local\Temp\ccU0wXHg.s 			page 30


 1212 0072 44524459 		.ascii	"DRDY_flag\000"
 1212      5F666C61 
 1212      6700
 1213              	.LASF27:
 1214 007c 6973725F 		.ascii	"isr_DRDY_Disable\000"
 1214      44524459 
 1214      5F446973 
 1214      61626C65 
 1214      00
 1215              	.LASF14:
 1216 008d 666C6F61 		.ascii	"float\000"
 1216      7400
 1217              	.LASF24:
 1218 0093 6973725F 		.ascii	"isr_DRDY_GetVector\000"
 1218      44524459 
 1218      5F476574 
 1218      56656374 
 1218      6F7200
 1219              	.LASF4:
 1220 00a6 756E7369 		.ascii	"unsigned char\000"
 1220      676E6564 
 1220      20636861 
 1220      7200
 1221              	.LASF34:
 1222 00b4 474E5520 		.ascii	"GNU C11 5.4.1 20160609 (release) [ARM/embedded-5-br"
 1222      43313120 
 1222      352E342E 
 1222      31203230 
 1222      31363036 
 1223 00e7 616E6368 		.ascii	"anch revision 237715] -mcpu=cortex-m3 -mthumb -g -O"
 1223      20726576 
 1223      6973696F 
 1223      6E203233 
 1223      37373135 
 1224 011a 67202D66 		.ascii	"g -ffunction-sections -ffat-lto-objects\000"
 1224      66756E63 
 1224      74696F6E 
 1224      2D736563 
 1224      74696F6E 
 1225              	.LASF33:
 1226 0142 6973725F 		.ascii	"isr_DRDY_Interrupt\000"
 1226      44524459 
 1226      5F496E74 
 1226      65727275 
 1226      707400
 1227              	.LASF16:
 1228 0155 72656738 		.ascii	"reg8\000"
 1228      00
 1229              	.LASF8:
 1230 015a 6C6F6E67 		.ascii	"long unsigned int\000"
 1230      20756E73 
 1230      69676E65 
 1230      6420696E 
 1230      7400
 1231              	.LASF12:
 1232 016c 75696E74 		.ascii	"uint8\000"
 1232      3800
ARM GAS  C:\Users\EA527~1.IVA\AppData\Local\Temp\ccU0wXHg.s 			page 31


 1233              	.LASF31:
 1234 0172 6973725F 		.ascii	"isr_DRDY_SetPending\000"
 1234      44524459 
 1234      5F536574 
 1234      50656E64 
 1234      696E6700 
 1235              	.LASF23:
 1236 0186 7072696F 		.ascii	"priority\000"
 1236      72697479 
 1236      00
 1237              	.LASF15:
 1238 018f 646F7562 		.ascii	"double\000"
 1238      6C6500
 1239              	.LASF28:
 1240 0196 6973725F 		.ascii	"isr_DRDY_Start\000"
 1240      44524459 
 1240      5F537461 
 1240      727400
 1241              	.LASF37:
 1242 01a5 6973725F 		.ascii	"isr_DRDY_GetState\000"
 1242      44524459 
 1242      5F476574 
 1242      53746174 
 1242      6500
 1243              	.LASF13:
 1244 01b7 75696E74 		.ascii	"uint32\000"
 1244      333200
 1245              	.LASF0:
 1246 01be 756E7369 		.ascii	"unsigned int\000"
 1246      676E6564 
 1246      20696E74 
 1246      00
 1247              	.LASF26:
 1248 01cb 6973725F 		.ascii	"isr_DRDY_Enable\000"
 1248      44524459 
 1248      5F456E61 
 1248      626C6500 
 1249              	.LASF22:
 1250 01db 61646472 		.ascii	"address\000"
 1250      65737300 
 1251              	.LASF9:
 1252 01e3 6C6F6E67 		.ascii	"long long unsigned int\000"
 1252      206C6F6E 
 1252      6720756E 
 1252      7369676E 
 1252      65642069 
 1253              	.LASF32:
 1254 01fa 6973725F 		.ascii	"isr_DRDY_ClearPending\000"
 1254      44524459 
 1254      5F436C65 
 1254      61725065 
 1254      6E64696E 
 1255              	.LASF18:
 1256 0210 63796973 		.ascii	"cyisraddress\000"
 1256      72616464 
 1256      72657373 
 1256      00
ARM GAS  C:\Users\EA527~1.IVA\AppData\Local\Temp\ccU0wXHg.s 			page 32


 1257              	.LASF10:
 1258 021d 73697A65 		.ascii	"sizetype\000"
 1258      74797065 
 1258      00
 1259              	.LASF1:
 1260 0226 6C6F6E67 		.ascii	"long long int\000"
 1260      206C6F6E 
 1260      6720696E 
 1260      7400
 1261              	.LASF35:
 1262 0234 47656E65 		.ascii	"Generated_Source\\PSoC5\\isr_DRDY.c\000"
 1262      72617465 
 1262      645F536F 
 1262      75726365 
 1262      5C50536F 
 1263              	.LASF11:
 1264 0256 63686172 		.ascii	"char\000"
 1264      00
 1265              	.LASF19:
 1266 025b 72616D56 		.ascii	"ramVectorTable\000"
 1266      6563746F 
 1266      72546162 
 1266      6C6500
 1267              	.LASF21:
 1268 026a 6973725F 		.ascii	"isr_DRDY_SetPriority\000"
 1268      44524459 
 1268      5F536574 
 1268      5072696F 
 1268      72697479 
 1269              	.LASF5:
 1270 027f 73686F72 		.ascii	"short int\000"
 1270      7420696E 
 1270      7400
 1271              	.LASF7:
 1272 0289 6C6F6E67 		.ascii	"long int\000"
 1272      20696E74 
 1272      00
 1273              	.LASF2:
 1274 0292 6C6F6E67 		.ascii	"long double\000"
 1274      20646F75 
 1274      626C6500 
 1275              	.LASF3:
 1276 029e 7369676E 		.ascii	"signed char\000"
 1276      65642063 
 1276      68617200 
 1277              	.LASF20:
 1278 02aa 6973725F 		.ascii	"isr_DRDY_SetVector\000"
 1278      44524459 
 1278      5F536574 
 1278      56656374 
 1278      6F7200
 1279              	.LASF30:
 1280 02bd 6973725F 		.ascii	"isr_DRDY_Stop\000"
 1280      44524459 
 1280      5F53746F 
 1280      7000
 1281              	.LASF25:
ARM GAS  C:\Users\EA527~1.IVA\AppData\Local\Temp\ccU0wXHg.s 			page 33


 1282 02cb 6973725F 		.ascii	"isr_DRDY_GetPriority\000"
 1282      44524459 
 1282      5F476574 
 1282      5072696F 
 1282      72697479 
 1283              		.ident	"GCC: (GNU Tools for ARM Embedded Processors) 5.4.1 20160609 (release) [ARM/embedded-5-bran
