ARM GAS  C:\Users\EA527~1.IVA\AppData\Local\Temp\cc7Sr00M.s 			page 1


   1              		.syntax unified
   2              		.cpu cortex-m3
   3              		.fpu softvfp
   4              		.eabi_attribute 20, 1
   5              		.eabi_attribute 21, 1
   6              		.eabi_attribute 23, 3
   7              		.eabi_attribute 24, 1
   8              		.eabi_attribute 25, 1
   9              		.eabi_attribute 26, 1
  10              		.eabi_attribute 30, 1
  11              		.eabi_attribute 34, 1
  12              		.eabi_attribute 18, 4
  13              		.thumb
  14              		.syntax unified
  15              		.file	"isr_update_time.c"
  16              		.text
  17              	.Ltext0:
  18              		.cfi_sections	.debug_frame
  19              		.section	.text.isr_update_time_SetVector,"ax",%progbits
  20              		.align	2
  21              		.global	isr_update_time_SetVector
  22              		.thumb
  23              		.thumb_func
  24              		.type	isr_update_time_SetVector, %function
  25              	isr_update_time_SetVector:
  26              	.LFB4:
  27              		.file 1 "Generated_Source\\PSoC5\\isr_update_time.c"
   1:Generated_Source\PSoC5/isr_update_time.c **** /*******************************************************************************
   2:Generated_Source\PSoC5/isr_update_time.c **** * File Name: isr_update_time.c  
   3:Generated_Source\PSoC5/isr_update_time.c **** * Version 1.70
   4:Generated_Source\PSoC5/isr_update_time.c **** *
   5:Generated_Source\PSoC5/isr_update_time.c **** *  Description:
   6:Generated_Source\PSoC5/isr_update_time.c **** *   API for controlling the state of an interrupt.
   7:Generated_Source\PSoC5/isr_update_time.c **** *
   8:Generated_Source\PSoC5/isr_update_time.c **** *
   9:Generated_Source\PSoC5/isr_update_time.c **** *  Note:
  10:Generated_Source\PSoC5/isr_update_time.c **** *
  11:Generated_Source\PSoC5/isr_update_time.c **** ********************************************************************************
  12:Generated_Source\PSoC5/isr_update_time.c **** * Copyright 2008-2015, Cypress Semiconductor Corporation.  All rights reserved.
  13:Generated_Source\PSoC5/isr_update_time.c **** * You may use this file only in accordance with the license, terms, conditions, 
  14:Generated_Source\PSoC5/isr_update_time.c **** * disclaimers, and limitations in the end user license agreement accompanying 
  15:Generated_Source\PSoC5/isr_update_time.c **** * the software package with which this file was provided.
  16:Generated_Source\PSoC5/isr_update_time.c **** *******************************************************************************/
  17:Generated_Source\PSoC5/isr_update_time.c **** 
  18:Generated_Source\PSoC5/isr_update_time.c **** 
  19:Generated_Source\PSoC5/isr_update_time.c **** #include <cydevice_trm.h>
  20:Generated_Source\PSoC5/isr_update_time.c **** #include <CyLib.h>
  21:Generated_Source\PSoC5/isr_update_time.c **** #include <isr_update_time.h>
  22:Generated_Source\PSoC5/isr_update_time.c **** #include "cyapicallbacks.h"
  23:Generated_Source\PSoC5/isr_update_time.c **** 
  24:Generated_Source\PSoC5/isr_update_time.c **** #if !defined(isr_update_time__REMOVED) /* Check for removal by optimization */
  25:Generated_Source\PSoC5/isr_update_time.c **** 
  26:Generated_Source\PSoC5/isr_update_time.c **** /*******************************************************************************
  27:Generated_Source\PSoC5/isr_update_time.c **** *  Place your includes, defines and code here 
  28:Generated_Source\PSoC5/isr_update_time.c **** ********************************************************************************/
  29:Generated_Source\PSoC5/isr_update_time.c **** /* `#START isr_update_time_intc` */
  30:Generated_Source\PSoC5/isr_update_time.c **** #include "Counter_1.h"
ARM GAS  C:\Users\EA527~1.IVA\AppData\Local\Temp\cc7Sr00M.s 			page 2


  31:Generated_Source\PSoC5/isr_update_time.c **** /* `#END` */
  32:Generated_Source\PSoC5/isr_update_time.c **** 
  33:Generated_Source\PSoC5/isr_update_time.c **** #ifndef CYINT_IRQ_BASE
  34:Generated_Source\PSoC5/isr_update_time.c **** #define CYINT_IRQ_BASE      16
  35:Generated_Source\PSoC5/isr_update_time.c **** #endif /* CYINT_IRQ_BASE */
  36:Generated_Source\PSoC5/isr_update_time.c **** #ifndef CYINT_VECT_TABLE
  37:Generated_Source\PSoC5/isr_update_time.c **** #define CYINT_VECT_TABLE    ((cyisraddress **) CYREG_NVIC_VECT_OFFSET)
  38:Generated_Source\PSoC5/isr_update_time.c **** #endif /* CYINT_VECT_TABLE */
  39:Generated_Source\PSoC5/isr_update_time.c **** 
  40:Generated_Source\PSoC5/isr_update_time.c **** /* Declared in startup, used to set unused interrupts to. */
  41:Generated_Source\PSoC5/isr_update_time.c **** CY_ISR_PROTO(IntDefaultHandler);
  42:Generated_Source\PSoC5/isr_update_time.c **** 
  43:Generated_Source\PSoC5/isr_update_time.c **** 
  44:Generated_Source\PSoC5/isr_update_time.c **** /*******************************************************************************
  45:Generated_Source\PSoC5/isr_update_time.c **** * Function Name: isr_update_time_Start
  46:Generated_Source\PSoC5/isr_update_time.c **** ********************************************************************************
  47:Generated_Source\PSoC5/isr_update_time.c **** *
  48:Generated_Source\PSoC5/isr_update_time.c **** * Summary:
  49:Generated_Source\PSoC5/isr_update_time.c **** *  Set up the interrupt and enable it. This function disables the interrupt, 
  50:Generated_Source\PSoC5/isr_update_time.c **** *  sets the default interrupt vector, sets the priority from the value in the
  51:Generated_Source\PSoC5/isr_update_time.c **** *  Design Wide Resources Interrupt Editor, then enables the interrupt to the 
  52:Generated_Source\PSoC5/isr_update_time.c **** *  interrupt controller.
  53:Generated_Source\PSoC5/isr_update_time.c **** *
  54:Generated_Source\PSoC5/isr_update_time.c **** * Parameters:  
  55:Generated_Source\PSoC5/isr_update_time.c **** *   None
  56:Generated_Source\PSoC5/isr_update_time.c **** *
  57:Generated_Source\PSoC5/isr_update_time.c **** * Return:
  58:Generated_Source\PSoC5/isr_update_time.c **** *   None
  59:Generated_Source\PSoC5/isr_update_time.c **** *
  60:Generated_Source\PSoC5/isr_update_time.c **** *******************************************************************************/
  61:Generated_Source\PSoC5/isr_update_time.c **** void isr_update_time_Start(void)
  62:Generated_Source\PSoC5/isr_update_time.c **** {
  63:Generated_Source\PSoC5/isr_update_time.c ****     /* For all we know the interrupt is active. */
  64:Generated_Source\PSoC5/isr_update_time.c ****     isr_update_time_Disable();
  65:Generated_Source\PSoC5/isr_update_time.c **** 
  66:Generated_Source\PSoC5/isr_update_time.c ****     /* Set the ISR to point to the isr_update_time Interrupt. */
  67:Generated_Source\PSoC5/isr_update_time.c ****     isr_update_time_SetVector(&isr_update_time_Interrupt);
  68:Generated_Source\PSoC5/isr_update_time.c **** 
  69:Generated_Source\PSoC5/isr_update_time.c ****     /* Set the priority. */
  70:Generated_Source\PSoC5/isr_update_time.c ****     isr_update_time_SetPriority((uint8)isr_update_time_INTC_PRIOR_NUMBER);
  71:Generated_Source\PSoC5/isr_update_time.c **** 
  72:Generated_Source\PSoC5/isr_update_time.c ****     /* Enable it. */
  73:Generated_Source\PSoC5/isr_update_time.c ****     isr_update_time_Enable();
  74:Generated_Source\PSoC5/isr_update_time.c **** }
  75:Generated_Source\PSoC5/isr_update_time.c **** 
  76:Generated_Source\PSoC5/isr_update_time.c **** 
  77:Generated_Source\PSoC5/isr_update_time.c **** /*******************************************************************************
  78:Generated_Source\PSoC5/isr_update_time.c **** * Function Name: isr_update_time_StartEx
  79:Generated_Source\PSoC5/isr_update_time.c **** ********************************************************************************
  80:Generated_Source\PSoC5/isr_update_time.c **** *
  81:Generated_Source\PSoC5/isr_update_time.c **** * Summary:
  82:Generated_Source\PSoC5/isr_update_time.c **** *  Sets up the interrupt and enables it. This function disables the interrupt,
  83:Generated_Source\PSoC5/isr_update_time.c **** *  sets the interrupt vector based on the address passed in, sets the priority 
  84:Generated_Source\PSoC5/isr_update_time.c **** *  from the value in the Design Wide Resources Interrupt Editor, then enables 
  85:Generated_Source\PSoC5/isr_update_time.c **** *  the interrupt to the interrupt controller.
  86:Generated_Source\PSoC5/isr_update_time.c **** *  
  87:Generated_Source\PSoC5/isr_update_time.c **** *  When defining ISR functions, the CY_ISR and CY_ISR_PROTO macros should be 
ARM GAS  C:\Users\EA527~1.IVA\AppData\Local\Temp\cc7Sr00M.s 			page 3


  88:Generated_Source\PSoC5/isr_update_time.c **** *  used to provide consistent definition across compilers:
  89:Generated_Source\PSoC5/isr_update_time.c **** *  
  90:Generated_Source\PSoC5/isr_update_time.c **** *  Function definition example:
  91:Generated_Source\PSoC5/isr_update_time.c **** *   CY_ISR(MyISR)
  92:Generated_Source\PSoC5/isr_update_time.c **** *   {
  93:Generated_Source\PSoC5/isr_update_time.c **** *   }
  94:Generated_Source\PSoC5/isr_update_time.c **** *   Function prototype example:
  95:Generated_Source\PSoC5/isr_update_time.c **** *   CY_ISR_PROTO(MyISR);
  96:Generated_Source\PSoC5/isr_update_time.c **** *
  97:Generated_Source\PSoC5/isr_update_time.c **** * Parameters:  
  98:Generated_Source\PSoC5/isr_update_time.c **** *   address: Address of the ISR to set in the interrupt vector table.
  99:Generated_Source\PSoC5/isr_update_time.c **** *
 100:Generated_Source\PSoC5/isr_update_time.c **** * Return:
 101:Generated_Source\PSoC5/isr_update_time.c **** *   None
 102:Generated_Source\PSoC5/isr_update_time.c **** *
 103:Generated_Source\PSoC5/isr_update_time.c **** *******************************************************************************/
 104:Generated_Source\PSoC5/isr_update_time.c **** void isr_update_time_StartEx(cyisraddress address)
 105:Generated_Source\PSoC5/isr_update_time.c **** {
 106:Generated_Source\PSoC5/isr_update_time.c ****     /* For all we know the interrupt is active. */
 107:Generated_Source\PSoC5/isr_update_time.c ****     isr_update_time_Disable();
 108:Generated_Source\PSoC5/isr_update_time.c **** 
 109:Generated_Source\PSoC5/isr_update_time.c ****     /* Set the ISR to point to the isr_update_time Interrupt. */
 110:Generated_Source\PSoC5/isr_update_time.c ****     isr_update_time_SetVector(address);
 111:Generated_Source\PSoC5/isr_update_time.c **** 
 112:Generated_Source\PSoC5/isr_update_time.c ****     /* Set the priority. */
 113:Generated_Source\PSoC5/isr_update_time.c ****     isr_update_time_SetPriority((uint8)isr_update_time_INTC_PRIOR_NUMBER);
 114:Generated_Source\PSoC5/isr_update_time.c **** 
 115:Generated_Source\PSoC5/isr_update_time.c ****     /* Enable it. */
 116:Generated_Source\PSoC5/isr_update_time.c ****     isr_update_time_Enable();
 117:Generated_Source\PSoC5/isr_update_time.c **** }
 118:Generated_Source\PSoC5/isr_update_time.c **** 
 119:Generated_Source\PSoC5/isr_update_time.c **** 
 120:Generated_Source\PSoC5/isr_update_time.c **** /*******************************************************************************
 121:Generated_Source\PSoC5/isr_update_time.c **** * Function Name: isr_update_time_Stop
 122:Generated_Source\PSoC5/isr_update_time.c **** ********************************************************************************
 123:Generated_Source\PSoC5/isr_update_time.c **** *
 124:Generated_Source\PSoC5/isr_update_time.c **** * Summary:
 125:Generated_Source\PSoC5/isr_update_time.c **** *   Disables and removes the interrupt.
 126:Generated_Source\PSoC5/isr_update_time.c **** *
 127:Generated_Source\PSoC5/isr_update_time.c **** * Parameters:  
 128:Generated_Source\PSoC5/isr_update_time.c **** *   None
 129:Generated_Source\PSoC5/isr_update_time.c **** *
 130:Generated_Source\PSoC5/isr_update_time.c **** * Return:
 131:Generated_Source\PSoC5/isr_update_time.c **** *   None
 132:Generated_Source\PSoC5/isr_update_time.c **** *
 133:Generated_Source\PSoC5/isr_update_time.c **** *******************************************************************************/
 134:Generated_Source\PSoC5/isr_update_time.c **** void isr_update_time_Stop(void)
 135:Generated_Source\PSoC5/isr_update_time.c **** {
 136:Generated_Source\PSoC5/isr_update_time.c ****     /* Disable this interrupt. */
 137:Generated_Source\PSoC5/isr_update_time.c ****     isr_update_time_Disable();
 138:Generated_Source\PSoC5/isr_update_time.c **** 
 139:Generated_Source\PSoC5/isr_update_time.c ****     /* Set the ISR to point to the passive one. */
 140:Generated_Source\PSoC5/isr_update_time.c ****     isr_update_time_SetVector(&IntDefaultHandler);
 141:Generated_Source\PSoC5/isr_update_time.c **** }
 142:Generated_Source\PSoC5/isr_update_time.c **** 
 143:Generated_Source\PSoC5/isr_update_time.c **** 
 144:Generated_Source\PSoC5/isr_update_time.c **** /*******************************************************************************
ARM GAS  C:\Users\EA527~1.IVA\AppData\Local\Temp\cc7Sr00M.s 			page 4


 145:Generated_Source\PSoC5/isr_update_time.c **** * Function Name: isr_update_time_Interrupt
 146:Generated_Source\PSoC5/isr_update_time.c **** ********************************************************************************
 147:Generated_Source\PSoC5/isr_update_time.c **** *
 148:Generated_Source\PSoC5/isr_update_time.c **** * Summary:
 149:Generated_Source\PSoC5/isr_update_time.c **** *   The default Interrupt Service Routine for isr_update_time.
 150:Generated_Source\PSoC5/isr_update_time.c **** *
 151:Generated_Source\PSoC5/isr_update_time.c **** *   Add custom code between the coments to keep the next version of this file
 152:Generated_Source\PSoC5/isr_update_time.c **** *   from over writting your code.
 153:Generated_Source\PSoC5/isr_update_time.c **** *
 154:Generated_Source\PSoC5/isr_update_time.c **** * Parameters:  
 155:Generated_Source\PSoC5/isr_update_time.c **** *
 156:Generated_Source\PSoC5/isr_update_time.c **** * Return:
 157:Generated_Source\PSoC5/isr_update_time.c **** *   None
 158:Generated_Source\PSoC5/isr_update_time.c **** *
 159:Generated_Source\PSoC5/isr_update_time.c **** *******************************************************************************/
 160:Generated_Source\PSoC5/isr_update_time.c **** CY_ISR(isr_update_time_Interrupt)
 161:Generated_Source\PSoC5/isr_update_time.c **** {
 162:Generated_Source\PSoC5/isr_update_time.c ****     #ifdef isr_update_time_INTERRUPT_INTERRUPT_CALLBACK
 163:Generated_Source\PSoC5/isr_update_time.c ****         isr_update_time_Interrupt_InterruptCallback();
 164:Generated_Source\PSoC5/isr_update_time.c ****     #endif /* isr_update_time_INTERRUPT_INTERRUPT_CALLBACK */ 
 165:Generated_Source\PSoC5/isr_update_time.c **** 
 166:Generated_Source\PSoC5/isr_update_time.c ****     /*  Place your Interrupt code here. */
 167:Generated_Source\PSoC5/isr_update_time.c ****     /* `#START isr_update_time_Interrupt` */
 168:Generated_Source\PSoC5/isr_update_time.c **** 
 169:Generated_Source\PSoC5/isr_update_time.c ****    Counter_1_ReadStatusRegister(); 
 170:Generated_Source\PSoC5/isr_update_time.c ****     int i=0;
 171:Generated_Source\PSoC5/isr_update_time.c ****     isr_update_time_ClearPending();
 172:Generated_Source\PSoC5/isr_update_time.c **** 
 173:Generated_Source\PSoC5/isr_update_time.c ****     /* `#END` */
 174:Generated_Source\PSoC5/isr_update_time.c **** }
 175:Generated_Source\PSoC5/isr_update_time.c **** 
 176:Generated_Source\PSoC5/isr_update_time.c **** 
 177:Generated_Source\PSoC5/isr_update_time.c **** /*******************************************************************************
 178:Generated_Source\PSoC5/isr_update_time.c **** * Function Name: isr_update_time_SetVector
 179:Generated_Source\PSoC5/isr_update_time.c **** ********************************************************************************
 180:Generated_Source\PSoC5/isr_update_time.c **** *
 181:Generated_Source\PSoC5/isr_update_time.c **** * Summary:
 182:Generated_Source\PSoC5/isr_update_time.c **** *   Change the ISR vector for the Interrupt. Note calling isr_update_time_Start
 183:Generated_Source\PSoC5/isr_update_time.c **** *   will override any effect this method would have had. To set the vector 
 184:Generated_Source\PSoC5/isr_update_time.c **** *   before the component has been started use isr_update_time_StartEx instead.
 185:Generated_Source\PSoC5/isr_update_time.c **** * 
 186:Generated_Source\PSoC5/isr_update_time.c **** *   When defining ISR functions, the CY_ISR and CY_ISR_PROTO macros should be 
 187:Generated_Source\PSoC5/isr_update_time.c **** *   used to provide consistent definition across compilers:
 188:Generated_Source\PSoC5/isr_update_time.c **** *
 189:Generated_Source\PSoC5/isr_update_time.c **** *   Function definition example:
 190:Generated_Source\PSoC5/isr_update_time.c **** *   CY_ISR(MyISR)
 191:Generated_Source\PSoC5/isr_update_time.c **** *   {
 192:Generated_Source\PSoC5/isr_update_time.c **** *   }
 193:Generated_Source\PSoC5/isr_update_time.c **** *
 194:Generated_Source\PSoC5/isr_update_time.c **** *   Function prototype example:
 195:Generated_Source\PSoC5/isr_update_time.c **** *     CY_ISR_PROTO(MyISR);
 196:Generated_Source\PSoC5/isr_update_time.c **** *
 197:Generated_Source\PSoC5/isr_update_time.c **** * Parameters:
 198:Generated_Source\PSoC5/isr_update_time.c **** *   address: Address of the ISR to set in the interrupt vector table.
 199:Generated_Source\PSoC5/isr_update_time.c **** *
 200:Generated_Source\PSoC5/isr_update_time.c **** * Return:
 201:Generated_Source\PSoC5/isr_update_time.c **** *   None
ARM GAS  C:\Users\EA527~1.IVA\AppData\Local\Temp\cc7Sr00M.s 			page 5


 202:Generated_Source\PSoC5/isr_update_time.c **** *
 203:Generated_Source\PSoC5/isr_update_time.c **** *******************************************************************************/
 204:Generated_Source\PSoC5/isr_update_time.c **** void isr_update_time_SetVector(cyisraddress address)
 205:Generated_Source\PSoC5/isr_update_time.c **** {
  28              		.loc 1 205 0
  29              		.cfi_startproc
  30              		@ args = 0, pretend = 0, frame = 0
  31              		@ frame_needed = 0, uses_anonymous_args = 0
  32              		@ link register save eliminated.
  33              	.LVL0:
 206:Generated_Source\PSoC5/isr_update_time.c ****     cyisraddress * ramVectorTable;
 207:Generated_Source\PSoC5/isr_update_time.c **** 
 208:Generated_Source\PSoC5/isr_update_time.c ****     ramVectorTable = (cyisraddress *) *CYINT_VECT_TABLE;
  34              		.loc 1 208 0
  35 0000 024B     		ldr	r3, .L2
  36 0002 1B68     		ldr	r3, [r3]
  37              	.LVL1:
 209:Generated_Source\PSoC5/isr_update_time.c **** 
 210:Generated_Source\PSoC5/isr_update_time.c ****     ramVectorTable[CYINT_IRQ_BASE + (uint32)isr_update_time__INTC_NUMBER] = address;
  38              		.loc 1 210 0
  39 0004 C3F88400 		str	r0, [r3, #132]
  40 0008 7047     		bx	lr
  41              	.L3:
  42 000a 00BF     		.align	2
  43              	.L2:
  44 000c 08ED00E0 		.word	-536810232
  45              		.cfi_endproc
  46              	.LFE4:
  47              		.size	isr_update_time_SetVector, .-isr_update_time_SetVector
  48              		.section	.text.isr_update_time_GetVector,"ax",%progbits
  49              		.align	2
  50              		.global	isr_update_time_GetVector
  51              		.thumb
  52              		.thumb_func
  53              		.type	isr_update_time_GetVector, %function
  54              	isr_update_time_GetVector:
  55              	.LFB5:
 211:Generated_Source\PSoC5/isr_update_time.c **** }
 212:Generated_Source\PSoC5/isr_update_time.c **** 
 213:Generated_Source\PSoC5/isr_update_time.c **** 
 214:Generated_Source\PSoC5/isr_update_time.c **** /*******************************************************************************
 215:Generated_Source\PSoC5/isr_update_time.c **** * Function Name: isr_update_time_GetVector
 216:Generated_Source\PSoC5/isr_update_time.c **** ********************************************************************************
 217:Generated_Source\PSoC5/isr_update_time.c **** *
 218:Generated_Source\PSoC5/isr_update_time.c **** * Summary:
 219:Generated_Source\PSoC5/isr_update_time.c **** *   Gets the "address" of the current ISR vector for the Interrupt.
 220:Generated_Source\PSoC5/isr_update_time.c **** *
 221:Generated_Source\PSoC5/isr_update_time.c **** * Parameters:
 222:Generated_Source\PSoC5/isr_update_time.c **** *   None
 223:Generated_Source\PSoC5/isr_update_time.c **** *
 224:Generated_Source\PSoC5/isr_update_time.c **** * Return:
 225:Generated_Source\PSoC5/isr_update_time.c **** *   Address of the ISR in the interrupt vector table.
 226:Generated_Source\PSoC5/isr_update_time.c **** *
 227:Generated_Source\PSoC5/isr_update_time.c **** *******************************************************************************/
 228:Generated_Source\PSoC5/isr_update_time.c **** cyisraddress isr_update_time_GetVector(void)
 229:Generated_Source\PSoC5/isr_update_time.c **** {
  56              		.loc 1 229 0
ARM GAS  C:\Users\EA527~1.IVA\AppData\Local\Temp\cc7Sr00M.s 			page 6


  57              		.cfi_startproc
  58              		@ args = 0, pretend = 0, frame = 0
  59              		@ frame_needed = 0, uses_anonymous_args = 0
  60              		@ link register save eliminated.
 230:Generated_Source\PSoC5/isr_update_time.c ****     cyisraddress * ramVectorTable;
 231:Generated_Source\PSoC5/isr_update_time.c **** 
 232:Generated_Source\PSoC5/isr_update_time.c ****     ramVectorTable = (cyisraddress *) *CYINT_VECT_TABLE;
  61              		.loc 1 232 0
  62 0000 024B     		ldr	r3, .L5
  63 0002 1B68     		ldr	r3, [r3]
  64              	.LVL2:
 233:Generated_Source\PSoC5/isr_update_time.c **** 
 234:Generated_Source\PSoC5/isr_update_time.c ****     return ramVectorTable[CYINT_IRQ_BASE + (uint32)isr_update_time__INTC_NUMBER];
 235:Generated_Source\PSoC5/isr_update_time.c **** }
  65              		.loc 1 235 0
  66 0004 D3F88400 		ldr	r0, [r3, #132]
  67 0008 7047     		bx	lr
  68              	.L6:
  69 000a 00BF     		.align	2
  70              	.L5:
  71 000c 08ED00E0 		.word	-536810232
  72              		.cfi_endproc
  73              	.LFE5:
  74              		.size	isr_update_time_GetVector, .-isr_update_time_GetVector
  75              		.section	.text.isr_update_time_SetPriority,"ax",%progbits
  76              		.align	2
  77              		.global	isr_update_time_SetPriority
  78              		.thumb
  79              		.thumb_func
  80              		.type	isr_update_time_SetPriority, %function
  81              	isr_update_time_SetPriority:
  82              	.LFB6:
 236:Generated_Source\PSoC5/isr_update_time.c **** 
 237:Generated_Source\PSoC5/isr_update_time.c **** 
 238:Generated_Source\PSoC5/isr_update_time.c **** /*******************************************************************************
 239:Generated_Source\PSoC5/isr_update_time.c **** * Function Name: isr_update_time_SetPriority
 240:Generated_Source\PSoC5/isr_update_time.c **** ********************************************************************************
 241:Generated_Source\PSoC5/isr_update_time.c **** *
 242:Generated_Source\PSoC5/isr_update_time.c **** * Summary:
 243:Generated_Source\PSoC5/isr_update_time.c **** *   Sets the Priority of the Interrupt. 
 244:Generated_Source\PSoC5/isr_update_time.c **** *
 245:Generated_Source\PSoC5/isr_update_time.c **** *   Note calling isr_update_time_Start or isr_update_time_StartEx will 
 246:Generated_Source\PSoC5/isr_update_time.c **** *   override any effect this API would have had. This API should only be called
 247:Generated_Source\PSoC5/isr_update_time.c **** *   after isr_update_time_Start or isr_update_time_StartEx has been called. 
 248:Generated_Source\PSoC5/isr_update_time.c **** *   To set the initial priority for the component, use the Design-Wide Resources
 249:Generated_Source\PSoC5/isr_update_time.c **** *   Interrupt Editor.
 250:Generated_Source\PSoC5/isr_update_time.c **** *
 251:Generated_Source\PSoC5/isr_update_time.c **** *   Note This API has no effect on Non-maskable interrupt NMI).
 252:Generated_Source\PSoC5/isr_update_time.c **** *
 253:Generated_Source\PSoC5/isr_update_time.c **** * Parameters:
 254:Generated_Source\PSoC5/isr_update_time.c **** *   priority: Priority of the interrupt, 0 being the highest priority
 255:Generated_Source\PSoC5/isr_update_time.c **** *             PSoC 3 and PSoC 5LP: Priority is from 0 to 7.
 256:Generated_Source\PSoC5/isr_update_time.c **** *             PSoC 4: Priority is from 0 to 3.
 257:Generated_Source\PSoC5/isr_update_time.c **** *
 258:Generated_Source\PSoC5/isr_update_time.c **** * Return:
 259:Generated_Source\PSoC5/isr_update_time.c **** *   None
 260:Generated_Source\PSoC5/isr_update_time.c **** *
ARM GAS  C:\Users\EA527~1.IVA\AppData\Local\Temp\cc7Sr00M.s 			page 7


 261:Generated_Source\PSoC5/isr_update_time.c **** *******************************************************************************/
 262:Generated_Source\PSoC5/isr_update_time.c **** void isr_update_time_SetPriority(uint8 priority)
 263:Generated_Source\PSoC5/isr_update_time.c **** {
  83              		.loc 1 263 0
  84              		.cfi_startproc
  85              		@ args = 0, pretend = 0, frame = 0
  86              		@ frame_needed = 0, uses_anonymous_args = 0
  87              		@ link register save eliminated.
  88              	.LVL3:
 264:Generated_Source\PSoC5/isr_update_time.c ****     *isr_update_time_INTC_PRIOR = priority << 5;
  89              		.loc 1 264 0
  90 0000 4001     		lsls	r0, r0, #5
  91              	.LVL4:
  92 0002 C0B2     		uxtb	r0, r0
  93 0004 014B     		ldr	r3, .L8
  94 0006 1870     		strb	r0, [r3]
  95 0008 7047     		bx	lr
  96              	.L9:
  97 000a 00BF     		.align	2
  98              	.L8:
  99 000c 11E400E0 		.word	-536812527
 100              		.cfi_endproc
 101              	.LFE6:
 102              		.size	isr_update_time_SetPriority, .-isr_update_time_SetPriority
 103              		.section	.text.isr_update_time_GetPriority,"ax",%progbits
 104              		.align	2
 105              		.global	isr_update_time_GetPriority
 106              		.thumb
 107              		.thumb_func
 108              		.type	isr_update_time_GetPriority, %function
 109              	isr_update_time_GetPriority:
 110              	.LFB7:
 265:Generated_Source\PSoC5/isr_update_time.c **** }
 266:Generated_Source\PSoC5/isr_update_time.c **** 
 267:Generated_Source\PSoC5/isr_update_time.c **** 
 268:Generated_Source\PSoC5/isr_update_time.c **** /*******************************************************************************
 269:Generated_Source\PSoC5/isr_update_time.c **** * Function Name: isr_update_time_GetPriority
 270:Generated_Source\PSoC5/isr_update_time.c **** ********************************************************************************
 271:Generated_Source\PSoC5/isr_update_time.c **** *
 272:Generated_Source\PSoC5/isr_update_time.c **** * Summary:
 273:Generated_Source\PSoC5/isr_update_time.c **** *   Gets the Priority of the Interrupt.
 274:Generated_Source\PSoC5/isr_update_time.c **** *
 275:Generated_Source\PSoC5/isr_update_time.c **** * Parameters:
 276:Generated_Source\PSoC5/isr_update_time.c **** *   None
 277:Generated_Source\PSoC5/isr_update_time.c **** *
 278:Generated_Source\PSoC5/isr_update_time.c **** * Return:
 279:Generated_Source\PSoC5/isr_update_time.c **** *   Priority of the interrupt, 0 being the highest priority
 280:Generated_Source\PSoC5/isr_update_time.c **** *    PSoC 3 and PSoC 5LP: Priority is from 0 to 7.
 281:Generated_Source\PSoC5/isr_update_time.c **** *    PSoC 4: Priority is from 0 to 3.
 282:Generated_Source\PSoC5/isr_update_time.c **** *
 283:Generated_Source\PSoC5/isr_update_time.c **** *******************************************************************************/
 284:Generated_Source\PSoC5/isr_update_time.c **** uint8 isr_update_time_GetPriority(void)
 285:Generated_Source\PSoC5/isr_update_time.c **** {
 111              		.loc 1 285 0
 112              		.cfi_startproc
 113              		@ args = 0, pretend = 0, frame = 0
 114              		@ frame_needed = 0, uses_anonymous_args = 0
ARM GAS  C:\Users\EA527~1.IVA\AppData\Local\Temp\cc7Sr00M.s 			page 8


 115              		@ link register save eliminated.
 286:Generated_Source\PSoC5/isr_update_time.c ****     uint8 priority;
 287:Generated_Source\PSoC5/isr_update_time.c **** 
 288:Generated_Source\PSoC5/isr_update_time.c **** 
 289:Generated_Source\PSoC5/isr_update_time.c ****     priority = *isr_update_time_INTC_PRIOR >> 5;
 116              		.loc 1 289 0
 117 0000 014B     		ldr	r3, .L11
 118 0002 1878     		ldrb	r0, [r3]	@ zero_extendqisi2
 119              	.LVL5:
 290:Generated_Source\PSoC5/isr_update_time.c **** 
 291:Generated_Source\PSoC5/isr_update_time.c ****     return priority;
 292:Generated_Source\PSoC5/isr_update_time.c **** }
 120              		.loc 1 292 0
 121 0004 4009     		lsrs	r0, r0, #5
 122              	.LVL6:
 123 0006 7047     		bx	lr
 124              	.L12:
 125              		.align	2
 126              	.L11:
 127 0008 11E400E0 		.word	-536812527
 128              		.cfi_endproc
 129              	.LFE7:
 130              		.size	isr_update_time_GetPriority, .-isr_update_time_GetPriority
 131              		.section	.text.isr_update_time_Enable,"ax",%progbits
 132              		.align	2
 133              		.global	isr_update_time_Enable
 134              		.thumb
 135              		.thumb_func
 136              		.type	isr_update_time_Enable, %function
 137              	isr_update_time_Enable:
 138              	.LFB8:
 293:Generated_Source\PSoC5/isr_update_time.c **** 
 294:Generated_Source\PSoC5/isr_update_time.c **** 
 295:Generated_Source\PSoC5/isr_update_time.c **** /*******************************************************************************
 296:Generated_Source\PSoC5/isr_update_time.c **** * Function Name: isr_update_time_Enable
 297:Generated_Source\PSoC5/isr_update_time.c **** ********************************************************************************
 298:Generated_Source\PSoC5/isr_update_time.c **** *
 299:Generated_Source\PSoC5/isr_update_time.c **** * Summary:
 300:Generated_Source\PSoC5/isr_update_time.c **** *   Enables the interrupt to the interrupt controller. Do not call this function
 301:Generated_Source\PSoC5/isr_update_time.c **** *   unless ISR_Start() has been called or the functionality of the ISR_Start() 
 302:Generated_Source\PSoC5/isr_update_time.c **** *   function, which sets the vector and the priority, has been called.
 303:Generated_Source\PSoC5/isr_update_time.c **** *
 304:Generated_Source\PSoC5/isr_update_time.c **** * Parameters:
 305:Generated_Source\PSoC5/isr_update_time.c **** *   None
 306:Generated_Source\PSoC5/isr_update_time.c **** *
 307:Generated_Source\PSoC5/isr_update_time.c **** * Return:
 308:Generated_Source\PSoC5/isr_update_time.c **** *   None
 309:Generated_Source\PSoC5/isr_update_time.c **** *
 310:Generated_Source\PSoC5/isr_update_time.c **** *******************************************************************************/
 311:Generated_Source\PSoC5/isr_update_time.c **** void isr_update_time_Enable(void)
 312:Generated_Source\PSoC5/isr_update_time.c **** {
 139              		.loc 1 312 0
 140              		.cfi_startproc
 141              		@ args = 0, pretend = 0, frame = 0
 142              		@ frame_needed = 0, uses_anonymous_args = 0
 143              		@ link register save eliminated.
 313:Generated_Source\PSoC5/isr_update_time.c ****     /* Enable the general interrupt. */
ARM GAS  C:\Users\EA527~1.IVA\AppData\Local\Temp\cc7Sr00M.s 			page 9


 314:Generated_Source\PSoC5/isr_update_time.c ****     *isr_update_time_INTC_SET_EN = isr_update_time__INTC_MASK;
 144              		.loc 1 314 0
 145 0000 4FF40032 		mov	r2, #131072
 146 0004 014B     		ldr	r3, .L14
 147 0006 1A60     		str	r2, [r3]
 148 0008 7047     		bx	lr
 149              	.L15:
 150 000a 00BF     		.align	2
 151              	.L14:
 152 000c 00E100E0 		.word	-536813312
 153              		.cfi_endproc
 154              	.LFE8:
 155              		.size	isr_update_time_Enable, .-isr_update_time_Enable
 156              		.section	.text.isr_update_time_GetState,"ax",%progbits
 157              		.align	2
 158              		.global	isr_update_time_GetState
 159              		.thumb
 160              		.thumb_func
 161              		.type	isr_update_time_GetState, %function
 162              	isr_update_time_GetState:
 163              	.LFB9:
 315:Generated_Source\PSoC5/isr_update_time.c **** }
 316:Generated_Source\PSoC5/isr_update_time.c **** 
 317:Generated_Source\PSoC5/isr_update_time.c **** 
 318:Generated_Source\PSoC5/isr_update_time.c **** /*******************************************************************************
 319:Generated_Source\PSoC5/isr_update_time.c **** * Function Name: isr_update_time_GetState
 320:Generated_Source\PSoC5/isr_update_time.c **** ********************************************************************************
 321:Generated_Source\PSoC5/isr_update_time.c **** *
 322:Generated_Source\PSoC5/isr_update_time.c **** * Summary:
 323:Generated_Source\PSoC5/isr_update_time.c **** *   Gets the state (enabled, disabled) of the Interrupt.
 324:Generated_Source\PSoC5/isr_update_time.c **** *
 325:Generated_Source\PSoC5/isr_update_time.c **** * Parameters:
 326:Generated_Source\PSoC5/isr_update_time.c **** *   None
 327:Generated_Source\PSoC5/isr_update_time.c **** *
 328:Generated_Source\PSoC5/isr_update_time.c **** * Return:
 329:Generated_Source\PSoC5/isr_update_time.c **** *   1 if enabled, 0 if disabled.
 330:Generated_Source\PSoC5/isr_update_time.c **** *
 331:Generated_Source\PSoC5/isr_update_time.c **** *******************************************************************************/
 332:Generated_Source\PSoC5/isr_update_time.c **** uint8 isr_update_time_GetState(void)
 333:Generated_Source\PSoC5/isr_update_time.c **** {
 164              		.loc 1 333 0
 165              		.cfi_startproc
 166              		@ args = 0, pretend = 0, frame = 0
 167              		@ frame_needed = 0, uses_anonymous_args = 0
 168              		@ link register save eliminated.
 334:Generated_Source\PSoC5/isr_update_time.c ****     /* Get the state of the general interrupt. */
 335:Generated_Source\PSoC5/isr_update_time.c ****     return ((*isr_update_time_INTC_SET_EN & (uint32)isr_update_time__INTC_MASK) != 0u) ? 1u:0u;
 169              		.loc 1 335 0
 170 0000 044B     		ldr	r3, .L19
 171 0002 1B68     		ldr	r3, [r3]
 172 0004 13F4003F 		tst	r3, #131072
 173 0008 01D0     		beq	.L18
 174 000a 0120     		movs	r0, #1
 175 000c 7047     		bx	lr
 176              	.L18:
 177 000e 0020     		movs	r0, #0
 336:Generated_Source\PSoC5/isr_update_time.c **** }
ARM GAS  C:\Users\EA527~1.IVA\AppData\Local\Temp\cc7Sr00M.s 			page 10


 178              		.loc 1 336 0
 179 0010 7047     		bx	lr
 180              	.L20:
 181 0012 00BF     		.align	2
 182              	.L19:
 183 0014 00E100E0 		.word	-536813312
 184              		.cfi_endproc
 185              	.LFE9:
 186              		.size	isr_update_time_GetState, .-isr_update_time_GetState
 187              		.section	.text.isr_update_time_Disable,"ax",%progbits
 188              		.align	2
 189              		.global	isr_update_time_Disable
 190              		.thumb
 191              		.thumb_func
 192              		.type	isr_update_time_Disable, %function
 193              	isr_update_time_Disable:
 194              	.LFB10:
 337:Generated_Source\PSoC5/isr_update_time.c **** 
 338:Generated_Source\PSoC5/isr_update_time.c **** 
 339:Generated_Source\PSoC5/isr_update_time.c **** /*******************************************************************************
 340:Generated_Source\PSoC5/isr_update_time.c **** * Function Name: isr_update_time_Disable
 341:Generated_Source\PSoC5/isr_update_time.c **** ********************************************************************************
 342:Generated_Source\PSoC5/isr_update_time.c **** *
 343:Generated_Source\PSoC5/isr_update_time.c **** * Summary:
 344:Generated_Source\PSoC5/isr_update_time.c **** *   Disables the Interrupt in the interrupt controller.
 345:Generated_Source\PSoC5/isr_update_time.c **** *
 346:Generated_Source\PSoC5/isr_update_time.c **** * Parameters:
 347:Generated_Source\PSoC5/isr_update_time.c **** *   None
 348:Generated_Source\PSoC5/isr_update_time.c **** *
 349:Generated_Source\PSoC5/isr_update_time.c **** * Return:
 350:Generated_Source\PSoC5/isr_update_time.c **** *   None
 351:Generated_Source\PSoC5/isr_update_time.c **** *
 352:Generated_Source\PSoC5/isr_update_time.c **** *******************************************************************************/
 353:Generated_Source\PSoC5/isr_update_time.c **** void isr_update_time_Disable(void)
 354:Generated_Source\PSoC5/isr_update_time.c **** {
 195              		.loc 1 354 0
 196              		.cfi_startproc
 197              		@ args = 0, pretend = 0, frame = 0
 198              		@ frame_needed = 0, uses_anonymous_args = 0
 199              		@ link register save eliminated.
 355:Generated_Source\PSoC5/isr_update_time.c ****     /* Disable the general interrupt. */
 356:Generated_Source\PSoC5/isr_update_time.c ****     *isr_update_time_INTC_CLR_EN = isr_update_time__INTC_MASK;
 200              		.loc 1 356 0
 201 0000 4FF40032 		mov	r2, #131072
 202 0004 014B     		ldr	r3, .L22
 203 0006 1A60     		str	r2, [r3]
 204 0008 7047     		bx	lr
 205              	.L23:
 206 000a 00BF     		.align	2
 207              	.L22:
 208 000c 80E100E0 		.word	-536813184
 209              		.cfi_endproc
 210              	.LFE10:
 211              		.size	isr_update_time_Disable, .-isr_update_time_Disable
 212              		.section	.text.isr_update_time_Start,"ax",%progbits
 213              		.align	2
 214              		.global	isr_update_time_Start
ARM GAS  C:\Users\EA527~1.IVA\AppData\Local\Temp\cc7Sr00M.s 			page 11


 215              		.thumb
 216              		.thumb_func
 217              		.type	isr_update_time_Start, %function
 218              	isr_update_time_Start:
 219              	.LFB0:
  62:Generated_Source\PSoC5/isr_update_time.c ****     /* For all we know the interrupt is active. */
 220              		.loc 1 62 0
 221              		.cfi_startproc
 222              		@ args = 0, pretend = 0, frame = 0
 223              		@ frame_needed = 0, uses_anonymous_args = 0
 224 0000 08B5     		push	{r3, lr}
 225              		.cfi_def_cfa_offset 8
 226              		.cfi_offset 3, -8
 227              		.cfi_offset 14, -4
  64:Generated_Source\PSoC5/isr_update_time.c **** 
 228              		.loc 1 64 0
 229 0002 FFF7FEFF 		bl	isr_update_time_Disable
 230              	.LVL7:
  67:Generated_Source\PSoC5/isr_update_time.c **** 
 231              		.loc 1 67 0
 232 0006 0448     		ldr	r0, .L26
 233 0008 FFF7FEFF 		bl	isr_update_time_SetVector
 234              	.LVL8:
  70:Generated_Source\PSoC5/isr_update_time.c **** 
 235              		.loc 1 70 0
 236 000c 0720     		movs	r0, #7
 237 000e FFF7FEFF 		bl	isr_update_time_SetPriority
 238              	.LVL9:
  73:Generated_Source\PSoC5/isr_update_time.c **** }
 239              		.loc 1 73 0
 240 0012 FFF7FEFF 		bl	isr_update_time_Enable
 241              	.LVL10:
 242 0016 08BD     		pop	{r3, pc}
 243              	.L27:
 244              		.align	2
 245              	.L26:
 246 0018 00000000 		.word	isr_update_time_Interrupt
 247              		.cfi_endproc
 248              	.LFE0:
 249              		.size	isr_update_time_Start, .-isr_update_time_Start
 250              		.section	.text.isr_update_time_StartEx,"ax",%progbits
 251              		.align	2
 252              		.global	isr_update_time_StartEx
 253              		.thumb
 254              		.thumb_func
 255              		.type	isr_update_time_StartEx, %function
 256              	isr_update_time_StartEx:
 257              	.LFB1:
 105:Generated_Source\PSoC5/isr_update_time.c ****     /* For all we know the interrupt is active. */
 258              		.loc 1 105 0
 259              		.cfi_startproc
 260              		@ args = 0, pretend = 0, frame = 0
 261              		@ frame_needed = 0, uses_anonymous_args = 0
 262              	.LVL11:
 263 0000 10B5     		push	{r4, lr}
 264              		.cfi_def_cfa_offset 8
 265              		.cfi_offset 4, -8
ARM GAS  C:\Users\EA527~1.IVA\AppData\Local\Temp\cc7Sr00M.s 			page 12


 266              		.cfi_offset 14, -4
 267 0002 0446     		mov	r4, r0
 107:Generated_Source\PSoC5/isr_update_time.c **** 
 268              		.loc 1 107 0
 269 0004 FFF7FEFF 		bl	isr_update_time_Disable
 270              	.LVL12:
 110:Generated_Source\PSoC5/isr_update_time.c **** 
 271              		.loc 1 110 0
 272 0008 2046     		mov	r0, r4
 273 000a FFF7FEFF 		bl	isr_update_time_SetVector
 274              	.LVL13:
 113:Generated_Source\PSoC5/isr_update_time.c **** 
 275              		.loc 1 113 0
 276 000e 0720     		movs	r0, #7
 277 0010 FFF7FEFF 		bl	isr_update_time_SetPriority
 278              	.LVL14:
 116:Generated_Source\PSoC5/isr_update_time.c **** }
 279              		.loc 1 116 0
 280 0014 FFF7FEFF 		bl	isr_update_time_Enable
 281              	.LVL15:
 282 0018 10BD     		pop	{r4, pc}
 283              		.cfi_endproc
 284              	.LFE1:
 285              		.size	isr_update_time_StartEx, .-isr_update_time_StartEx
 286 001a 00BF     		.section	.text.isr_update_time_Stop,"ax",%progbits
 287              		.align	2
 288              		.global	isr_update_time_Stop
 289              		.thumb
 290              		.thumb_func
 291              		.type	isr_update_time_Stop, %function
 292              	isr_update_time_Stop:
 293              	.LFB2:
 135:Generated_Source\PSoC5/isr_update_time.c ****     /* Disable this interrupt. */
 294              		.loc 1 135 0
 295              		.cfi_startproc
 296              		@ args = 0, pretend = 0, frame = 0
 297              		@ frame_needed = 0, uses_anonymous_args = 0
 298 0000 08B5     		push	{r3, lr}
 299              		.cfi_def_cfa_offset 8
 300              		.cfi_offset 3, -8
 301              		.cfi_offset 14, -4
 137:Generated_Source\PSoC5/isr_update_time.c **** 
 302              		.loc 1 137 0
 303 0002 FFF7FEFF 		bl	isr_update_time_Disable
 304              	.LVL16:
 140:Generated_Source\PSoC5/isr_update_time.c **** }
 305              		.loc 1 140 0
 306 0006 0248     		ldr	r0, .L32
 307 0008 FFF7FEFF 		bl	isr_update_time_SetVector
 308              	.LVL17:
 309 000c 08BD     		pop	{r3, pc}
 310              	.L33:
 311 000e 00BF     		.align	2
 312              	.L32:
 313 0010 00000000 		.word	IntDefaultHandler
 314              		.cfi_endproc
 315              	.LFE2:
ARM GAS  C:\Users\EA527~1.IVA\AppData\Local\Temp\cc7Sr00M.s 			page 13


 316              		.size	isr_update_time_Stop, .-isr_update_time_Stop
 317              		.section	.text.isr_update_time_SetPending,"ax",%progbits
 318              		.align	2
 319              		.global	isr_update_time_SetPending
 320              		.thumb
 321              		.thumb_func
 322              		.type	isr_update_time_SetPending, %function
 323              	isr_update_time_SetPending:
 324              	.LFB11:
 357:Generated_Source\PSoC5/isr_update_time.c **** }
 358:Generated_Source\PSoC5/isr_update_time.c **** 
 359:Generated_Source\PSoC5/isr_update_time.c **** 
 360:Generated_Source\PSoC5/isr_update_time.c **** /*******************************************************************************
 361:Generated_Source\PSoC5/isr_update_time.c **** * Function Name: isr_update_time_SetPending
 362:Generated_Source\PSoC5/isr_update_time.c **** ********************************************************************************
 363:Generated_Source\PSoC5/isr_update_time.c **** *
 364:Generated_Source\PSoC5/isr_update_time.c **** * Summary:
 365:Generated_Source\PSoC5/isr_update_time.c **** *   Causes the Interrupt to enter the pending state, a software method of
 366:Generated_Source\PSoC5/isr_update_time.c **** *   generating the interrupt.
 367:Generated_Source\PSoC5/isr_update_time.c **** *
 368:Generated_Source\PSoC5/isr_update_time.c **** * Parameters:
 369:Generated_Source\PSoC5/isr_update_time.c **** *   None
 370:Generated_Source\PSoC5/isr_update_time.c **** *
 371:Generated_Source\PSoC5/isr_update_time.c **** * Return:
 372:Generated_Source\PSoC5/isr_update_time.c **** *   None
 373:Generated_Source\PSoC5/isr_update_time.c **** *
 374:Generated_Source\PSoC5/isr_update_time.c **** * Side Effects:
 375:Generated_Source\PSoC5/isr_update_time.c **** *   If interrupts are enabled and the interrupt is set up properly, the ISR is
 376:Generated_Source\PSoC5/isr_update_time.c **** *   entered (depending on the priority of this interrupt and other pending 
 377:Generated_Source\PSoC5/isr_update_time.c **** *   interrupts).
 378:Generated_Source\PSoC5/isr_update_time.c **** *
 379:Generated_Source\PSoC5/isr_update_time.c **** *******************************************************************************/
 380:Generated_Source\PSoC5/isr_update_time.c **** void isr_update_time_SetPending(void)
 381:Generated_Source\PSoC5/isr_update_time.c **** {
 325              		.loc 1 381 0
 326              		.cfi_startproc
 327              		@ args = 0, pretend = 0, frame = 0
 328              		@ frame_needed = 0, uses_anonymous_args = 0
 329              		@ link register save eliminated.
 382:Generated_Source\PSoC5/isr_update_time.c ****     *isr_update_time_INTC_SET_PD = isr_update_time__INTC_MASK;
 330              		.loc 1 382 0
 331 0000 4FF40032 		mov	r2, #131072
 332 0004 014B     		ldr	r3, .L35
 333 0006 1A60     		str	r2, [r3]
 334 0008 7047     		bx	lr
 335              	.L36:
 336 000a 00BF     		.align	2
 337              	.L35:
 338 000c 00E200E0 		.word	-536813056
 339              		.cfi_endproc
 340              	.LFE11:
 341              		.size	isr_update_time_SetPending, .-isr_update_time_SetPending
 342              		.section	.text.isr_update_time_ClearPending,"ax",%progbits
 343              		.align	2
 344              		.global	isr_update_time_ClearPending
 345              		.thumb
 346              		.thumb_func
ARM GAS  C:\Users\EA527~1.IVA\AppData\Local\Temp\cc7Sr00M.s 			page 14


 347              		.type	isr_update_time_ClearPending, %function
 348              	isr_update_time_ClearPending:
 349              	.LFB12:
 383:Generated_Source\PSoC5/isr_update_time.c **** }
 384:Generated_Source\PSoC5/isr_update_time.c **** 
 385:Generated_Source\PSoC5/isr_update_time.c **** 
 386:Generated_Source\PSoC5/isr_update_time.c **** /*******************************************************************************
 387:Generated_Source\PSoC5/isr_update_time.c **** * Function Name: isr_update_time_ClearPending
 388:Generated_Source\PSoC5/isr_update_time.c **** ********************************************************************************
 389:Generated_Source\PSoC5/isr_update_time.c **** *
 390:Generated_Source\PSoC5/isr_update_time.c **** * Summary:
 391:Generated_Source\PSoC5/isr_update_time.c **** *   Clears a pending interrupt in the interrupt controller.
 392:Generated_Source\PSoC5/isr_update_time.c **** *
 393:Generated_Source\PSoC5/isr_update_time.c **** *   Note Some interrupt sources are clear-on-read and require the block 
 394:Generated_Source\PSoC5/isr_update_time.c **** *   interrupt/status register to be read/cleared with the appropriate block API 
 395:Generated_Source\PSoC5/isr_update_time.c **** *   (GPIO, UART, and so on). Otherwise the ISR will continue to remain in 
 396:Generated_Source\PSoC5/isr_update_time.c **** *   pending state even though the interrupt itself is cleared using this API.
 397:Generated_Source\PSoC5/isr_update_time.c **** *
 398:Generated_Source\PSoC5/isr_update_time.c **** * Parameters:
 399:Generated_Source\PSoC5/isr_update_time.c **** *   None
 400:Generated_Source\PSoC5/isr_update_time.c **** *
 401:Generated_Source\PSoC5/isr_update_time.c **** * Return:
 402:Generated_Source\PSoC5/isr_update_time.c **** *   None
 403:Generated_Source\PSoC5/isr_update_time.c **** *
 404:Generated_Source\PSoC5/isr_update_time.c **** *******************************************************************************/
 405:Generated_Source\PSoC5/isr_update_time.c **** void isr_update_time_ClearPending(void)
 406:Generated_Source\PSoC5/isr_update_time.c **** {
 350              		.loc 1 406 0
 351              		.cfi_startproc
 352              		@ args = 0, pretend = 0, frame = 0
 353              		@ frame_needed = 0, uses_anonymous_args = 0
 354              		@ link register save eliminated.
 407:Generated_Source\PSoC5/isr_update_time.c ****     *isr_update_time_INTC_CLR_PD = isr_update_time__INTC_MASK;
 355              		.loc 1 407 0
 356 0000 4FF40032 		mov	r2, #131072
 357 0004 014B     		ldr	r3, .L38
 358 0006 1A60     		str	r2, [r3]
 359 0008 7047     		bx	lr
 360              	.L39:
 361 000a 00BF     		.align	2
 362              	.L38:
 363 000c 80E200E0 		.word	-536812928
 364              		.cfi_endproc
 365              	.LFE12:
 366              		.size	isr_update_time_ClearPending, .-isr_update_time_ClearPending
 367              		.section	.text.isr_update_time_Interrupt,"ax",%progbits
 368              		.align	2
 369              		.global	isr_update_time_Interrupt
 370              		.thumb
 371              		.thumb_func
 372              		.type	isr_update_time_Interrupt, %function
 373              	isr_update_time_Interrupt:
 374              	.LFB3:
 161:Generated_Source\PSoC5/isr_update_time.c ****     #ifdef isr_update_time_INTERRUPT_INTERRUPT_CALLBACK
 375              		.loc 1 161 0
 376              		.cfi_startproc
 377              		@ args = 0, pretend = 0, frame = 0
ARM GAS  C:\Users\EA527~1.IVA\AppData\Local\Temp\cc7Sr00M.s 			page 15


 378              		@ frame_needed = 0, uses_anonymous_args = 0
 379 0000 08B5     		push	{r3, lr}
 380              		.cfi_def_cfa_offset 8
 381              		.cfi_offset 3, -8
 382              		.cfi_offset 14, -4
 169:Generated_Source\PSoC5/isr_update_time.c ****     int i=0;
 383              		.loc 1 169 0
 384 0002 FFF7FEFF 		bl	Counter_1_ReadStatusRegister
 385              	.LVL18:
 171:Generated_Source\PSoC5/isr_update_time.c **** 
 386              		.loc 1 171 0
 387 0006 FFF7FEFF 		bl	isr_update_time_ClearPending
 388              	.LVL19:
 389 000a 08BD     		pop	{r3, pc}
 390              		.cfi_endproc
 391              	.LFE3:
 392              		.size	isr_update_time_Interrupt, .-isr_update_time_Interrupt
 393              		.text
 394              	.Letext0:
 395              		.file 2 "Generated_Source\\PSoC5/cytypes.h"
 396              		.file 3 "Generated_Source\\PSoC5\\Counter_1.h"
 397              		.section	.debug_info,"",%progbits
 398              	.Ldebug_info0:
 399 0000 FA020000 		.4byte	0x2fa
 400 0004 0400     		.2byte	0x4
 401 0006 00000000 		.4byte	.Ldebug_abbrev0
 402 000a 04       		.byte	0x4
 403 000b 01       		.uleb128 0x1
 404 000c 0C010000 		.4byte	.LASF34
 405 0010 0C       		.byte	0xc
 406 0011 00000000 		.4byte	.LASF35
 407 0015 49000000 		.4byte	.LASF36
 408 0019 00000000 		.4byte	.Ldebug_ranges0+0
 409 001d 00000000 		.4byte	0
 410 0021 00000000 		.4byte	.Ldebug_line0
 411 0025 02       		.uleb128 0x2
 412 0026 04       		.byte	0x4
 413 0027 05       		.byte	0x5
 414 0028 696E7400 		.ascii	"int\000"
 415 002c 03       		.uleb128 0x3
 416 002d 04       		.byte	0x4
 417 002e 07       		.byte	0x7
 418 002f 11020000 		.4byte	.LASF0
 419 0033 03       		.uleb128 0x3
 420 0034 08       		.byte	0x8
 421 0035 05       		.byte	0x5
 422 0036 A0020000 		.4byte	.LASF1
 423 003a 03       		.uleb128 0x3
 424 003b 08       		.byte	0x8
 425 003c 04       		.byte	0x4
 426 003d 0F030000 		.4byte	.LASF2
 427 0041 03       		.uleb128 0x3
 428 0042 01       		.byte	0x1
 429 0043 06       		.byte	0x6
 430 0044 1B030000 		.4byte	.LASF3
 431 0048 03       		.uleb128 0x3
 432 0049 01       		.byte	0x1
ARM GAS  C:\Users\EA527~1.IVA\AppData\Local\Temp\cc7Sr00M.s 			page 16


 433 004a 08       		.byte	0x8
 434 004b FE000000 		.4byte	.LASF4
 435 004f 03       		.uleb128 0x3
 436 0050 02       		.byte	0x2
 437 0051 05       		.byte	0x5
 438 0052 00020000 		.4byte	.LASF5
 439 0056 03       		.uleb128 0x3
 440 0057 02       		.byte	0x2
 441 0058 07       		.byte	0x7
 442 0059 B1000000 		.4byte	.LASF6
 443 005d 03       		.uleb128 0x3
 444 005e 04       		.byte	0x4
 445 005f 05       		.byte	0x5
 446 0060 F0020000 		.4byte	.LASF7
 447 0064 03       		.uleb128 0x3
 448 0065 04       		.byte	0x4
 449 0066 07       		.byte	0x7
 450 0067 9F010000 		.4byte	.LASF8
 451 006b 03       		.uleb128 0x3
 452 006c 08       		.byte	0x8
 453 006d 07       		.byte	0x7
 454 006e 26020000 		.4byte	.LASF9
 455 0072 03       		.uleb128 0x3
 456 0073 04       		.byte	0x4
 457 0074 07       		.byte	0x7
 458 0075 97020000 		.4byte	.LASF10
 459 0079 03       		.uleb128 0x3
 460 007a 01       		.byte	0x1
 461 007b 08       		.byte	0x8
 462 007c AE020000 		.4byte	.LASF11
 463 0080 04       		.uleb128 0x4
 464 0081 04       		.byte	0x4
 465 0082 86000000 		.4byte	0x86
 466 0086 05       		.uleb128 0x5
 467 0087 06       		.uleb128 0x6
 468 0088 B1010000 		.4byte	.LASF12
 469 008c 02       		.byte	0x2
 470 008d E401     		.2byte	0x1e4
 471 008f 48000000 		.4byte	0x48
 472 0093 06       		.uleb128 0x6
 473 0094 0A020000 		.4byte	.LASF13
 474 0098 02       		.byte	0x2
 475 0099 E601     		.2byte	0x1e6
 476 009b 64000000 		.4byte	0x64
 477 009f 03       		.uleb128 0x3
 478 00a0 04       		.byte	0x4
 479 00a1 04       		.byte	0x4
 480 00a2 F8000000 		.4byte	.LASF14
 481 00a6 03       		.uleb128 0x3
 482 00a7 08       		.byte	0x8
 483 00a8 04       		.byte	0x4
 484 00a9 F9010000 		.4byte	.LASF15
 485 00ad 06       		.uleb128 0x6
 486 00ae 9A010000 		.4byte	.LASF16
 487 00b2 02       		.byte	0x2
 488 00b3 8E02     		.2byte	0x28e
 489 00b5 B9000000 		.4byte	0xb9
ARM GAS  C:\Users\EA527~1.IVA\AppData\Local\Temp\cc7Sr00M.s 			page 17


 490 00b9 07       		.uleb128 0x7
 491 00ba 87000000 		.4byte	0x87
 492 00be 06       		.uleb128 0x6
 493 00bf 43000000 		.4byte	.LASF17
 494 00c3 02       		.byte	0x2
 495 00c4 9002     		.2byte	0x290
 496 00c6 CA000000 		.4byte	0xca
 497 00ca 07       		.uleb128 0x7
 498 00cb 93000000 		.4byte	0x93
 499 00cf 06       		.uleb128 0x6
 500 00d0 57020000 		.4byte	.LASF18
 501 00d4 02       		.byte	0x2
 502 00d5 A002     		.2byte	0x2a0
 503 00d7 80000000 		.4byte	0x80
 504 00db 08       		.uleb128 0x8
 505 00dc 3D020000 		.4byte	.LASF20
 506 00e0 01       		.byte	0x1
 507 00e1 CC       		.byte	0xcc
 508 00e2 00000000 		.4byte	.LFB4
 509 00e6 10000000 		.4byte	.LFE4-.LFB4
 510 00ea 01       		.uleb128 0x1
 511 00eb 9C       		.byte	0x9c
 512 00ec 0B010000 		.4byte	0x10b
 513 00f0 09       		.uleb128 0x9
 514 00f1 1E020000 		.4byte	.LASF22
 515 00f5 01       		.byte	0x1
 516 00f6 CC       		.byte	0xcc
 517 00f7 CF000000 		.4byte	0xcf
 518 00fb 01       		.uleb128 0x1
 519 00fc 50       		.byte	0x50
 520 00fd 0A       		.uleb128 0xa
 521 00fe B3020000 		.4byte	.LASF19
 522 0102 01       		.byte	0x1
 523 0103 CE       		.byte	0xce
 524 0104 0B010000 		.4byte	0x10b
 525 0108 01       		.uleb128 0x1
 526 0109 53       		.byte	0x53
 527 010a 00       		.byte	0
 528 010b 04       		.uleb128 0x4
 529 010c 04       		.byte	0x4
 530 010d CF000000 		.4byte	0xcf
 531 0111 0B       		.uleb128 0xb
 532 0112 3F030000 		.4byte	.LASF24
 533 0116 01       		.byte	0x1
 534 0117 E4       		.byte	0xe4
 535 0118 CF000000 		.4byte	0xcf
 536 011c 00000000 		.4byte	.LFB5
 537 0120 10000000 		.4byte	.LFE5-.LFB5
 538 0124 01       		.uleb128 0x1
 539 0125 9C       		.byte	0x9c
 540 0126 38010000 		.4byte	0x138
 541 012a 0A       		.uleb128 0xa
 542 012b B3020000 		.4byte	.LASF19
 543 012f 01       		.byte	0x1
 544 0130 E6       		.byte	0xe6
 545 0131 0B010000 		.4byte	0x10b
 546 0135 01       		.uleb128 0x1
ARM GAS  C:\Users\EA527~1.IVA\AppData\Local\Temp\cc7Sr00M.s 			page 18


 547 0136 53       		.byte	0x53
 548 0137 00       		.byte	0
 549 0138 0C       		.uleb128 0xc
 550 0139 C0010000 		.4byte	.LASF21
 551 013d 01       		.byte	0x1
 552 013e 0601     		.2byte	0x106
 553 0140 00000000 		.4byte	.LFB6
 554 0144 10000000 		.4byte	.LFE6-.LFB6
 555 0148 01       		.uleb128 0x1
 556 0149 9C       		.byte	0x9c
 557 014a 5F010000 		.4byte	0x15f
 558 014e 0D       		.uleb128 0xd
 559 014f B7010000 		.4byte	.LASF23
 560 0153 01       		.byte	0x1
 561 0154 0601     		.2byte	0x106
 562 0156 87000000 		.4byte	0x87
 563 015a 00000000 		.4byte	.LLST0
 564 015e 00       		.byte	0
 565 015f 0E       		.uleb128 0xe
 566 0160 95000000 		.4byte	.LASF25
 567 0164 01       		.byte	0x1
 568 0165 1C01     		.2byte	0x11c
 569 0167 87000000 		.4byte	0x87
 570 016b 00000000 		.4byte	.LFB7
 571 016f 0C000000 		.4byte	.LFE7-.LFB7
 572 0173 01       		.uleb128 0x1
 573 0174 9C       		.byte	0x9c
 574 0175 8A010000 		.4byte	0x18a
 575 0179 0F       		.uleb128 0xf
 576 017a B7010000 		.4byte	.LASF23
 577 017e 01       		.byte	0x1
 578 017f 1E01     		.2byte	0x11e
 579 0181 87000000 		.4byte	0x87
 580 0185 21000000 		.4byte	.LLST1
 581 0189 00       		.byte	0
 582 018a 10       		.uleb128 0x10
 583 018b C4000000 		.4byte	.LASF26
 584 018f 01       		.byte	0x1
 585 0190 3701     		.2byte	0x137
 586 0192 00000000 		.4byte	.LFB8
 587 0196 10000000 		.4byte	.LFE8-.LFB8
 588 019a 01       		.uleb128 0x1
 589 019b 9C       		.byte	0x9c
 590 019c 11       		.uleb128 0x11
 591 019d D7020000 		.4byte	.LASF37
 592 01a1 01       		.byte	0x1
 593 01a2 4C01     		.2byte	0x14c
 594 01a4 87000000 		.4byte	0x87
 595 01a8 00000000 		.4byte	.LFB9
 596 01ac 18000000 		.4byte	.LFE9-.LFB9
 597 01b0 01       		.uleb128 0x1
 598 01b1 9C       		.byte	0x9c
 599 01b2 10       		.uleb128 0x10
 600 01b3 27030000 		.4byte	.LASF27
 601 01b7 01       		.byte	0x1
 602 01b8 6101     		.2byte	0x161
 603 01ba 00000000 		.4byte	.LFB10
ARM GAS  C:\Users\EA527~1.IVA\AppData\Local\Temp\cc7Sr00M.s 			page 19


 604 01be 10000000 		.4byte	.LFE10-.LFB10
 605 01c2 01       		.uleb128 0x1
 606 01c3 9C       		.byte	0x9c
 607 01c4 08       		.uleb128 0x8
 608 01c5 F9020000 		.4byte	.LASF28
 609 01c9 01       		.byte	0x1
 610 01ca 3D       		.byte	0x3d
 611 01cb 00000000 		.4byte	.LFB0
 612 01cf 1C000000 		.4byte	.LFE0-.LFB0
 613 01d3 01       		.uleb128 0x1
 614 01d4 9C       		.byte	0x9c
 615 01d5 16020000 		.4byte	0x216
 616 01d9 12       		.uleb128 0x12
 617 01da 06000000 		.4byte	.LVL7
 618 01de B2010000 		.4byte	0x1b2
 619 01e2 13       		.uleb128 0x13
 620 01e3 0C000000 		.4byte	.LVL8
 621 01e7 DB000000 		.4byte	0xdb
 622 01eb F9010000 		.4byte	0x1f9
 623 01ef 14       		.uleb128 0x14
 624 01f0 01       		.uleb128 0x1
 625 01f1 50       		.byte	0x50
 626 01f2 05       		.uleb128 0x5
 627 01f3 03       		.byte	0x3
 628 01f4 00000000 		.4byte	isr_update_time_Interrupt
 629 01f8 00       		.byte	0
 630 01f9 13       		.uleb128 0x13
 631 01fa 12000000 		.4byte	.LVL9
 632 01fe 38010000 		.4byte	0x138
 633 0202 0C020000 		.4byte	0x20c
 634 0206 14       		.uleb128 0x14
 635 0207 01       		.uleb128 0x1
 636 0208 50       		.byte	0x50
 637 0209 01       		.uleb128 0x1
 638 020a 37       		.byte	0x37
 639 020b 00       		.byte	0
 640 020c 12       		.uleb128 0x12
 641 020d 16000000 		.4byte	.LVL10
 642 0211 8A010000 		.4byte	0x18a
 643 0215 00       		.byte	0
 644 0216 08       		.uleb128 0x8
 645 0217 7F020000 		.4byte	.LASF29
 646 021b 01       		.byte	0x1
 647 021c 68       		.byte	0x68
 648 021d 00000000 		.4byte	.LFB1
 649 0221 1A000000 		.4byte	.LFE1-.LFB1
 650 0225 01       		.uleb128 0x1
 651 0226 9C       		.byte	0x9c
 652 0227 74020000 		.4byte	0x274
 653 022b 15       		.uleb128 0x15
 654 022c 1E020000 		.4byte	.LASF22
 655 0230 01       		.byte	0x1
 656 0231 68       		.byte	0x68
 657 0232 CF000000 		.4byte	0xcf
 658 0236 38000000 		.4byte	.LLST2
 659 023a 12       		.uleb128 0x12
 660 023b 08000000 		.4byte	.LVL12
ARM GAS  C:\Users\EA527~1.IVA\AppData\Local\Temp\cc7Sr00M.s 			page 20


 661 023f B2010000 		.4byte	0x1b2
 662 0243 13       		.uleb128 0x13
 663 0244 0E000000 		.4byte	.LVL13
 664 0248 DB000000 		.4byte	0xdb
 665 024c 57020000 		.4byte	0x257
 666 0250 14       		.uleb128 0x14
 667 0251 01       		.uleb128 0x1
 668 0252 50       		.byte	0x50
 669 0253 02       		.uleb128 0x2
 670 0254 74       		.byte	0x74
 671 0255 00       		.sleb128 0
 672 0256 00       		.byte	0
 673 0257 13       		.uleb128 0x13
 674 0258 14000000 		.4byte	.LVL14
 675 025c 38010000 		.4byte	0x138
 676 0260 6A020000 		.4byte	0x26a
 677 0264 14       		.uleb128 0x14
 678 0265 01       		.uleb128 0x1
 679 0266 50       		.byte	0x50
 680 0267 01       		.uleb128 0x1
 681 0268 37       		.byte	0x37
 682 0269 00       		.byte	0
 683 026a 12       		.uleb128 0x12
 684 026b 18000000 		.4byte	.LVL15
 685 026f 8A010000 		.4byte	0x18a
 686 0273 00       		.byte	0
 687 0274 08       		.uleb128 0x8
 688 0275 C2020000 		.4byte	.LASF30
 689 0279 01       		.byte	0x1
 690 027a 86       		.byte	0x86
 691 027b 00000000 		.4byte	.LFB2
 692 027f 14000000 		.4byte	.LFE2-.LFB2
 693 0283 01       		.uleb128 0x1
 694 0284 9C       		.byte	0x9c
 695 0285 9C020000 		.4byte	0x29c
 696 0289 12       		.uleb128 0x12
 697 028a 06000000 		.4byte	.LVL16
 698 028e B2010000 		.4byte	0x1b2
 699 0292 12       		.uleb128 0x12
 700 0293 0C000000 		.4byte	.LVL17
 701 0297 DB000000 		.4byte	0xdb
 702 029b 00       		.byte	0
 703 029c 10       		.uleb128 0x10
 704 029d 64020000 		.4byte	.LASF31
 705 02a1 01       		.byte	0x1
 706 02a2 7C01     		.2byte	0x17c
 707 02a4 00000000 		.4byte	.LFB11
 708 02a8 10000000 		.4byte	.LFE11-.LFB11
 709 02ac 01       		.uleb128 0x1
 710 02ad 9C       		.byte	0x9c
 711 02ae 10       		.uleb128 0x10
 712 02af DB000000 		.4byte	.LASF32
 713 02b3 01       		.byte	0x1
 714 02b4 9501     		.2byte	0x195
 715 02b6 00000000 		.4byte	.LFB12
 716 02ba 10000000 		.4byte	.LFE12-.LFB12
 717 02be 01       		.uleb128 0x1
ARM GAS  C:\Users\EA527~1.IVA\AppData\Local\Temp\cc7Sr00M.s 			page 21


 718 02bf 9C       		.byte	0x9c
 719 02c0 08       		.uleb128 0x8
 720 02c1 29000000 		.4byte	.LASF33
 721 02c5 01       		.byte	0x1
 722 02c6 A0       		.byte	0xa0
 723 02c7 00000000 		.4byte	.LFB3
 724 02cb 0C000000 		.4byte	.LFE3-.LFB3
 725 02cf 01       		.uleb128 0x1
 726 02d0 9C       		.byte	0x9c
 727 02d1 F2020000 		.4byte	0x2f2
 728 02d5 16       		.uleb128 0x16
 729 02d6 6900     		.ascii	"i\000"
 730 02d8 01       		.byte	0x1
 731 02d9 AA       		.byte	0xaa
 732 02da 25000000 		.4byte	0x25
 733 02de 00       		.byte	0
 734 02df 12       		.uleb128 0x12
 735 02e0 06000000 		.4byte	.LVL18
 736 02e4 F2020000 		.4byte	0x2f2
 737 02e8 12       		.uleb128 0x12
 738 02e9 0A000000 		.4byte	.LVL19
 739 02ed AE020000 		.4byte	0x2ae
 740 02f1 00       		.byte	0
 741 02f2 17       		.uleb128 0x17
 742 02f3 DC010000 		.4byte	.LASF38
 743 02f7 DC010000 		.4byte	.LASF38
 744 02fb 03       		.byte	0x3
 745 02fc 52       		.byte	0x52
 746 02fd 00       		.byte	0
 747              		.section	.debug_abbrev,"",%progbits
 748              	.Ldebug_abbrev0:
 749 0000 01       		.uleb128 0x1
 750 0001 11       		.uleb128 0x11
 751 0002 01       		.byte	0x1
 752 0003 25       		.uleb128 0x25
 753 0004 0E       		.uleb128 0xe
 754 0005 13       		.uleb128 0x13
 755 0006 0B       		.uleb128 0xb
 756 0007 03       		.uleb128 0x3
 757 0008 0E       		.uleb128 0xe
 758 0009 1B       		.uleb128 0x1b
 759 000a 0E       		.uleb128 0xe
 760 000b 55       		.uleb128 0x55
 761 000c 17       		.uleb128 0x17
 762 000d 11       		.uleb128 0x11
 763 000e 01       		.uleb128 0x1
 764 000f 10       		.uleb128 0x10
 765 0010 17       		.uleb128 0x17
 766 0011 00       		.byte	0
 767 0012 00       		.byte	0
 768 0013 02       		.uleb128 0x2
 769 0014 24       		.uleb128 0x24
 770 0015 00       		.byte	0
 771 0016 0B       		.uleb128 0xb
 772 0017 0B       		.uleb128 0xb
 773 0018 3E       		.uleb128 0x3e
 774 0019 0B       		.uleb128 0xb
ARM GAS  C:\Users\EA527~1.IVA\AppData\Local\Temp\cc7Sr00M.s 			page 22


 775 001a 03       		.uleb128 0x3
 776 001b 08       		.uleb128 0x8
 777 001c 00       		.byte	0
 778 001d 00       		.byte	0
 779 001e 03       		.uleb128 0x3
 780 001f 24       		.uleb128 0x24
 781 0020 00       		.byte	0
 782 0021 0B       		.uleb128 0xb
 783 0022 0B       		.uleb128 0xb
 784 0023 3E       		.uleb128 0x3e
 785 0024 0B       		.uleb128 0xb
 786 0025 03       		.uleb128 0x3
 787 0026 0E       		.uleb128 0xe
 788 0027 00       		.byte	0
 789 0028 00       		.byte	0
 790 0029 04       		.uleb128 0x4
 791 002a 0F       		.uleb128 0xf
 792 002b 00       		.byte	0
 793 002c 0B       		.uleb128 0xb
 794 002d 0B       		.uleb128 0xb
 795 002e 49       		.uleb128 0x49
 796 002f 13       		.uleb128 0x13
 797 0030 00       		.byte	0
 798 0031 00       		.byte	0
 799 0032 05       		.uleb128 0x5
 800 0033 15       		.uleb128 0x15
 801 0034 00       		.byte	0
 802 0035 27       		.uleb128 0x27
 803 0036 19       		.uleb128 0x19
 804 0037 00       		.byte	0
 805 0038 00       		.byte	0
 806 0039 06       		.uleb128 0x6
 807 003a 16       		.uleb128 0x16
 808 003b 00       		.byte	0
 809 003c 03       		.uleb128 0x3
 810 003d 0E       		.uleb128 0xe
 811 003e 3A       		.uleb128 0x3a
 812 003f 0B       		.uleb128 0xb
 813 0040 3B       		.uleb128 0x3b
 814 0041 05       		.uleb128 0x5
 815 0042 49       		.uleb128 0x49
 816 0043 13       		.uleb128 0x13
 817 0044 00       		.byte	0
 818 0045 00       		.byte	0
 819 0046 07       		.uleb128 0x7
 820 0047 35       		.uleb128 0x35
 821 0048 00       		.byte	0
 822 0049 49       		.uleb128 0x49
 823 004a 13       		.uleb128 0x13
 824 004b 00       		.byte	0
 825 004c 00       		.byte	0
 826 004d 08       		.uleb128 0x8
 827 004e 2E       		.uleb128 0x2e
 828 004f 01       		.byte	0x1
 829 0050 3F       		.uleb128 0x3f
 830 0051 19       		.uleb128 0x19
 831 0052 03       		.uleb128 0x3
ARM GAS  C:\Users\EA527~1.IVA\AppData\Local\Temp\cc7Sr00M.s 			page 23


 832 0053 0E       		.uleb128 0xe
 833 0054 3A       		.uleb128 0x3a
 834 0055 0B       		.uleb128 0xb
 835 0056 3B       		.uleb128 0x3b
 836 0057 0B       		.uleb128 0xb
 837 0058 27       		.uleb128 0x27
 838 0059 19       		.uleb128 0x19
 839 005a 11       		.uleb128 0x11
 840 005b 01       		.uleb128 0x1
 841 005c 12       		.uleb128 0x12
 842 005d 06       		.uleb128 0x6
 843 005e 40       		.uleb128 0x40
 844 005f 18       		.uleb128 0x18
 845 0060 9742     		.uleb128 0x2117
 846 0062 19       		.uleb128 0x19
 847 0063 01       		.uleb128 0x1
 848 0064 13       		.uleb128 0x13
 849 0065 00       		.byte	0
 850 0066 00       		.byte	0
 851 0067 09       		.uleb128 0x9
 852 0068 05       		.uleb128 0x5
 853 0069 00       		.byte	0
 854 006a 03       		.uleb128 0x3
 855 006b 0E       		.uleb128 0xe
 856 006c 3A       		.uleb128 0x3a
 857 006d 0B       		.uleb128 0xb
 858 006e 3B       		.uleb128 0x3b
 859 006f 0B       		.uleb128 0xb
 860 0070 49       		.uleb128 0x49
 861 0071 13       		.uleb128 0x13
 862 0072 02       		.uleb128 0x2
 863 0073 18       		.uleb128 0x18
 864 0074 00       		.byte	0
 865 0075 00       		.byte	0
 866 0076 0A       		.uleb128 0xa
 867 0077 34       		.uleb128 0x34
 868 0078 00       		.byte	0
 869 0079 03       		.uleb128 0x3
 870 007a 0E       		.uleb128 0xe
 871 007b 3A       		.uleb128 0x3a
 872 007c 0B       		.uleb128 0xb
 873 007d 3B       		.uleb128 0x3b
 874 007e 0B       		.uleb128 0xb
 875 007f 49       		.uleb128 0x49
 876 0080 13       		.uleb128 0x13
 877 0081 02       		.uleb128 0x2
 878 0082 18       		.uleb128 0x18
 879 0083 00       		.byte	0
 880 0084 00       		.byte	0
 881 0085 0B       		.uleb128 0xb
 882 0086 2E       		.uleb128 0x2e
 883 0087 01       		.byte	0x1
 884 0088 3F       		.uleb128 0x3f
 885 0089 19       		.uleb128 0x19
 886 008a 03       		.uleb128 0x3
 887 008b 0E       		.uleb128 0xe
 888 008c 3A       		.uleb128 0x3a
ARM GAS  C:\Users\EA527~1.IVA\AppData\Local\Temp\cc7Sr00M.s 			page 24


 889 008d 0B       		.uleb128 0xb
 890 008e 3B       		.uleb128 0x3b
 891 008f 0B       		.uleb128 0xb
 892 0090 27       		.uleb128 0x27
 893 0091 19       		.uleb128 0x19
 894 0092 49       		.uleb128 0x49
 895 0093 13       		.uleb128 0x13
 896 0094 11       		.uleb128 0x11
 897 0095 01       		.uleb128 0x1
 898 0096 12       		.uleb128 0x12
 899 0097 06       		.uleb128 0x6
 900 0098 40       		.uleb128 0x40
 901 0099 18       		.uleb128 0x18
 902 009a 9742     		.uleb128 0x2117
 903 009c 19       		.uleb128 0x19
 904 009d 01       		.uleb128 0x1
 905 009e 13       		.uleb128 0x13
 906 009f 00       		.byte	0
 907 00a0 00       		.byte	0
 908 00a1 0C       		.uleb128 0xc
 909 00a2 2E       		.uleb128 0x2e
 910 00a3 01       		.byte	0x1
 911 00a4 3F       		.uleb128 0x3f
 912 00a5 19       		.uleb128 0x19
 913 00a6 03       		.uleb128 0x3
 914 00a7 0E       		.uleb128 0xe
 915 00a8 3A       		.uleb128 0x3a
 916 00a9 0B       		.uleb128 0xb
 917 00aa 3B       		.uleb128 0x3b
 918 00ab 05       		.uleb128 0x5
 919 00ac 27       		.uleb128 0x27
 920 00ad 19       		.uleb128 0x19
 921 00ae 11       		.uleb128 0x11
 922 00af 01       		.uleb128 0x1
 923 00b0 12       		.uleb128 0x12
 924 00b1 06       		.uleb128 0x6
 925 00b2 40       		.uleb128 0x40
 926 00b3 18       		.uleb128 0x18
 927 00b4 9742     		.uleb128 0x2117
 928 00b6 19       		.uleb128 0x19
 929 00b7 01       		.uleb128 0x1
 930 00b8 13       		.uleb128 0x13
 931 00b9 00       		.byte	0
 932 00ba 00       		.byte	0
 933 00bb 0D       		.uleb128 0xd
 934 00bc 05       		.uleb128 0x5
 935 00bd 00       		.byte	0
 936 00be 03       		.uleb128 0x3
 937 00bf 0E       		.uleb128 0xe
 938 00c0 3A       		.uleb128 0x3a
 939 00c1 0B       		.uleb128 0xb
 940 00c2 3B       		.uleb128 0x3b
 941 00c3 05       		.uleb128 0x5
 942 00c4 49       		.uleb128 0x49
 943 00c5 13       		.uleb128 0x13
 944 00c6 02       		.uleb128 0x2
 945 00c7 17       		.uleb128 0x17
ARM GAS  C:\Users\EA527~1.IVA\AppData\Local\Temp\cc7Sr00M.s 			page 25


 946 00c8 00       		.byte	0
 947 00c9 00       		.byte	0
 948 00ca 0E       		.uleb128 0xe
 949 00cb 2E       		.uleb128 0x2e
 950 00cc 01       		.byte	0x1
 951 00cd 3F       		.uleb128 0x3f
 952 00ce 19       		.uleb128 0x19
 953 00cf 03       		.uleb128 0x3
 954 00d0 0E       		.uleb128 0xe
 955 00d1 3A       		.uleb128 0x3a
 956 00d2 0B       		.uleb128 0xb
 957 00d3 3B       		.uleb128 0x3b
 958 00d4 05       		.uleb128 0x5
 959 00d5 27       		.uleb128 0x27
 960 00d6 19       		.uleb128 0x19
 961 00d7 49       		.uleb128 0x49
 962 00d8 13       		.uleb128 0x13
 963 00d9 11       		.uleb128 0x11
 964 00da 01       		.uleb128 0x1
 965 00db 12       		.uleb128 0x12
 966 00dc 06       		.uleb128 0x6
 967 00dd 40       		.uleb128 0x40
 968 00de 18       		.uleb128 0x18
 969 00df 9742     		.uleb128 0x2117
 970 00e1 19       		.uleb128 0x19
 971 00e2 01       		.uleb128 0x1
 972 00e3 13       		.uleb128 0x13
 973 00e4 00       		.byte	0
 974 00e5 00       		.byte	0
 975 00e6 0F       		.uleb128 0xf
 976 00e7 34       		.uleb128 0x34
 977 00e8 00       		.byte	0
 978 00e9 03       		.uleb128 0x3
 979 00ea 0E       		.uleb128 0xe
 980 00eb 3A       		.uleb128 0x3a
 981 00ec 0B       		.uleb128 0xb
 982 00ed 3B       		.uleb128 0x3b
 983 00ee 05       		.uleb128 0x5
 984 00ef 49       		.uleb128 0x49
 985 00f0 13       		.uleb128 0x13
 986 00f1 02       		.uleb128 0x2
 987 00f2 17       		.uleb128 0x17
 988 00f3 00       		.byte	0
 989 00f4 00       		.byte	0
 990 00f5 10       		.uleb128 0x10
 991 00f6 2E       		.uleb128 0x2e
 992 00f7 00       		.byte	0
 993 00f8 3F       		.uleb128 0x3f
 994 00f9 19       		.uleb128 0x19
 995 00fa 03       		.uleb128 0x3
 996 00fb 0E       		.uleb128 0xe
 997 00fc 3A       		.uleb128 0x3a
 998 00fd 0B       		.uleb128 0xb
 999 00fe 3B       		.uleb128 0x3b
 1000 00ff 05       		.uleb128 0x5
 1001 0100 27       		.uleb128 0x27
 1002 0101 19       		.uleb128 0x19
ARM GAS  C:\Users\EA527~1.IVA\AppData\Local\Temp\cc7Sr00M.s 			page 26


 1003 0102 11       		.uleb128 0x11
 1004 0103 01       		.uleb128 0x1
 1005 0104 12       		.uleb128 0x12
 1006 0105 06       		.uleb128 0x6
 1007 0106 40       		.uleb128 0x40
 1008 0107 18       		.uleb128 0x18
 1009 0108 9742     		.uleb128 0x2117
 1010 010a 19       		.uleb128 0x19
 1011 010b 00       		.byte	0
 1012 010c 00       		.byte	0
 1013 010d 11       		.uleb128 0x11
 1014 010e 2E       		.uleb128 0x2e
 1015 010f 00       		.byte	0
 1016 0110 3F       		.uleb128 0x3f
 1017 0111 19       		.uleb128 0x19
 1018 0112 03       		.uleb128 0x3
 1019 0113 0E       		.uleb128 0xe
 1020 0114 3A       		.uleb128 0x3a
 1021 0115 0B       		.uleb128 0xb
 1022 0116 3B       		.uleb128 0x3b
 1023 0117 05       		.uleb128 0x5
 1024 0118 27       		.uleb128 0x27
 1025 0119 19       		.uleb128 0x19
 1026 011a 49       		.uleb128 0x49
 1027 011b 13       		.uleb128 0x13
 1028 011c 11       		.uleb128 0x11
 1029 011d 01       		.uleb128 0x1
 1030 011e 12       		.uleb128 0x12
 1031 011f 06       		.uleb128 0x6
 1032 0120 40       		.uleb128 0x40
 1033 0121 18       		.uleb128 0x18
 1034 0122 9742     		.uleb128 0x2117
 1035 0124 19       		.uleb128 0x19
 1036 0125 00       		.byte	0
 1037 0126 00       		.byte	0
 1038 0127 12       		.uleb128 0x12
 1039 0128 898201   		.uleb128 0x4109
 1040 012b 00       		.byte	0
 1041 012c 11       		.uleb128 0x11
 1042 012d 01       		.uleb128 0x1
 1043 012e 31       		.uleb128 0x31
 1044 012f 13       		.uleb128 0x13
 1045 0130 00       		.byte	0
 1046 0131 00       		.byte	0
 1047 0132 13       		.uleb128 0x13
 1048 0133 898201   		.uleb128 0x4109
 1049 0136 01       		.byte	0x1
 1050 0137 11       		.uleb128 0x11
 1051 0138 01       		.uleb128 0x1
 1052 0139 31       		.uleb128 0x31
 1053 013a 13       		.uleb128 0x13
 1054 013b 01       		.uleb128 0x1
 1055 013c 13       		.uleb128 0x13
 1056 013d 00       		.byte	0
 1057 013e 00       		.byte	0
 1058 013f 14       		.uleb128 0x14
 1059 0140 8A8201   		.uleb128 0x410a
ARM GAS  C:\Users\EA527~1.IVA\AppData\Local\Temp\cc7Sr00M.s 			page 27


 1060 0143 00       		.byte	0
 1061 0144 02       		.uleb128 0x2
 1062 0145 18       		.uleb128 0x18
 1063 0146 9142     		.uleb128 0x2111
 1064 0148 18       		.uleb128 0x18
 1065 0149 00       		.byte	0
 1066 014a 00       		.byte	0
 1067 014b 15       		.uleb128 0x15
 1068 014c 05       		.uleb128 0x5
 1069 014d 00       		.byte	0
 1070 014e 03       		.uleb128 0x3
 1071 014f 0E       		.uleb128 0xe
 1072 0150 3A       		.uleb128 0x3a
 1073 0151 0B       		.uleb128 0xb
 1074 0152 3B       		.uleb128 0x3b
 1075 0153 0B       		.uleb128 0xb
 1076 0154 49       		.uleb128 0x49
 1077 0155 13       		.uleb128 0x13
 1078 0156 02       		.uleb128 0x2
 1079 0157 17       		.uleb128 0x17
 1080 0158 00       		.byte	0
 1081 0159 00       		.byte	0
 1082 015a 16       		.uleb128 0x16
 1083 015b 34       		.uleb128 0x34
 1084 015c 00       		.byte	0
 1085 015d 03       		.uleb128 0x3
 1086 015e 08       		.uleb128 0x8
 1087 015f 3A       		.uleb128 0x3a
 1088 0160 0B       		.uleb128 0xb
 1089 0161 3B       		.uleb128 0x3b
 1090 0162 0B       		.uleb128 0xb
 1091 0163 49       		.uleb128 0x49
 1092 0164 13       		.uleb128 0x13
 1093 0165 1C       		.uleb128 0x1c
 1094 0166 0B       		.uleb128 0xb
 1095 0167 00       		.byte	0
 1096 0168 00       		.byte	0
 1097 0169 17       		.uleb128 0x17
 1098 016a 2E       		.uleb128 0x2e
 1099 016b 00       		.byte	0
 1100 016c 3F       		.uleb128 0x3f
 1101 016d 19       		.uleb128 0x19
 1102 016e 3C       		.uleb128 0x3c
 1103 016f 19       		.uleb128 0x19
 1104 0170 6E       		.uleb128 0x6e
 1105 0171 0E       		.uleb128 0xe
 1106 0172 03       		.uleb128 0x3
 1107 0173 0E       		.uleb128 0xe
 1108 0174 3A       		.uleb128 0x3a
 1109 0175 0B       		.uleb128 0xb
 1110 0176 3B       		.uleb128 0x3b
 1111 0177 0B       		.uleb128 0xb
 1112 0178 00       		.byte	0
 1113 0179 00       		.byte	0
 1114 017a 00       		.byte	0
 1115              		.section	.debug_loc,"",%progbits
 1116              	.Ldebug_loc0:
ARM GAS  C:\Users\EA527~1.IVA\AppData\Local\Temp\cc7Sr00M.s 			page 28


 1117              	.LLST0:
 1118 0000 00000000 		.4byte	.LVL3
 1119 0004 02000000 		.4byte	.LVL4
 1120 0008 0100     		.2byte	0x1
 1121 000a 50       		.byte	0x50
 1122 000b 02000000 		.4byte	.LVL4
 1123 000f 10000000 		.4byte	.LFE6
 1124 0013 0400     		.2byte	0x4
 1125 0015 F3       		.byte	0xf3
 1126 0016 01       		.uleb128 0x1
 1127 0017 50       		.byte	0x50
 1128 0018 9F       		.byte	0x9f
 1129 0019 00000000 		.4byte	0
 1130 001d 00000000 		.4byte	0
 1131              	.LLST1:
 1132 0021 04000000 		.4byte	.LVL5
 1133 0025 06000000 		.4byte	.LVL6
 1134 0029 0500     		.2byte	0x5
 1135 002b 70       		.byte	0x70
 1136 002c 00       		.sleb128 0
 1137 002d 35       		.byte	0x35
 1138 002e 25       		.byte	0x25
 1139 002f 9F       		.byte	0x9f
 1140 0030 00000000 		.4byte	0
 1141 0034 00000000 		.4byte	0
 1142              	.LLST2:
 1143 0038 00000000 		.4byte	.LVL11
 1144 003c 07000000 		.4byte	.LVL12-1
 1145 0040 0100     		.2byte	0x1
 1146 0042 50       		.byte	0x50
 1147 0043 07000000 		.4byte	.LVL12-1
 1148 0047 1A000000 		.4byte	.LFE1
 1149 004b 0100     		.2byte	0x1
 1150 004d 54       		.byte	0x54
 1151 004e 00000000 		.4byte	0
 1152 0052 00000000 		.4byte	0
 1153              		.section	.debug_aranges,"",%progbits
 1154 0000 7C000000 		.4byte	0x7c
 1155 0004 0200     		.2byte	0x2
 1156 0006 00000000 		.4byte	.Ldebug_info0
 1157 000a 04       		.byte	0x4
 1158 000b 00       		.byte	0
 1159 000c 0000     		.2byte	0
 1160 000e 0000     		.2byte	0
 1161 0010 00000000 		.4byte	.LFB4
 1162 0014 10000000 		.4byte	.LFE4-.LFB4
 1163 0018 00000000 		.4byte	.LFB5
 1164 001c 10000000 		.4byte	.LFE5-.LFB5
 1165 0020 00000000 		.4byte	.LFB6
 1166 0024 10000000 		.4byte	.LFE6-.LFB6
 1167 0028 00000000 		.4byte	.LFB7
 1168 002c 0C000000 		.4byte	.LFE7-.LFB7
 1169 0030 00000000 		.4byte	.LFB8
 1170 0034 10000000 		.4byte	.LFE8-.LFB8
 1171 0038 00000000 		.4byte	.LFB9
 1172 003c 18000000 		.4byte	.LFE9-.LFB9
 1173 0040 00000000 		.4byte	.LFB10
ARM GAS  C:\Users\EA527~1.IVA\AppData\Local\Temp\cc7Sr00M.s 			page 29


 1174 0044 10000000 		.4byte	.LFE10-.LFB10
 1175 0048 00000000 		.4byte	.LFB0
 1176 004c 1C000000 		.4byte	.LFE0-.LFB0
 1177 0050 00000000 		.4byte	.LFB1
 1178 0054 1A000000 		.4byte	.LFE1-.LFB1
 1179 0058 00000000 		.4byte	.LFB2
 1180 005c 14000000 		.4byte	.LFE2-.LFB2
 1181 0060 00000000 		.4byte	.LFB11
 1182 0064 10000000 		.4byte	.LFE11-.LFB11
 1183 0068 00000000 		.4byte	.LFB12
 1184 006c 10000000 		.4byte	.LFE12-.LFB12
 1185 0070 00000000 		.4byte	.LFB3
 1186 0074 0C000000 		.4byte	.LFE3-.LFB3
 1187 0078 00000000 		.4byte	0
 1188 007c 00000000 		.4byte	0
 1189              		.section	.debug_ranges,"",%progbits
 1190              	.Ldebug_ranges0:
 1191 0000 00000000 		.4byte	.LFB4
 1192 0004 10000000 		.4byte	.LFE4
 1193 0008 00000000 		.4byte	.LFB5
 1194 000c 10000000 		.4byte	.LFE5
 1195 0010 00000000 		.4byte	.LFB6
 1196 0014 10000000 		.4byte	.LFE6
 1197 0018 00000000 		.4byte	.LFB7
 1198 001c 0C000000 		.4byte	.LFE7
 1199 0020 00000000 		.4byte	.LFB8
 1200 0024 10000000 		.4byte	.LFE8
 1201 0028 00000000 		.4byte	.LFB9
 1202 002c 18000000 		.4byte	.LFE9
 1203 0030 00000000 		.4byte	.LFB10
 1204 0034 10000000 		.4byte	.LFE10
 1205 0038 00000000 		.4byte	.LFB0
 1206 003c 1C000000 		.4byte	.LFE0
 1207 0040 00000000 		.4byte	.LFB1
 1208 0044 1A000000 		.4byte	.LFE1
 1209 0048 00000000 		.4byte	.LFB2
 1210 004c 14000000 		.4byte	.LFE2
 1211 0050 00000000 		.4byte	.LFB11
 1212 0054 10000000 		.4byte	.LFE11
 1213 0058 00000000 		.4byte	.LFB12
 1214 005c 10000000 		.4byte	.LFE12
 1215 0060 00000000 		.4byte	.LFB3
 1216 0064 0C000000 		.4byte	.LFE3
 1217 0068 00000000 		.4byte	0
 1218 006c 00000000 		.4byte	0
 1219              		.section	.debug_line,"",%progbits
 1220              	.Ldebug_line0:
 1221 0000 49010000 		.section	.debug_str,"MS",%progbits,1
 1221      02005B00 
 1221      00000201 
 1221      FB0E0D00 
 1221      01010101 
 1222              	.LASF35:
 1223 0000 47656E65 		.ascii	"Generated_Source\\PSoC5\\isr_update_time.c\000"
 1223      72617465 
 1223      645F536F 
 1223      75726365 
ARM GAS  C:\Users\EA527~1.IVA\AppData\Local\Temp\cc7Sr00M.s 			page 30


 1223      5C50536F 
 1224              	.LASF33:
 1225 0029 6973725F 		.ascii	"isr_update_time_Interrupt\000"
 1225      75706461 
 1225      74655F74 
 1225      696D655F 
 1225      496E7465 
 1226              	.LASF17:
 1227 0043 72656733 		.ascii	"reg32\000"
 1227      3200
 1228              	.LASF36:
 1229 0049 433A5C55 		.ascii	"C:\\Users\\e.ivanov\\Documents\\GitHub\\generic\\Ma"
 1229      73657273 
 1229      5C652E69 
 1229      76616E6F 
 1229      765C446F 
 1230 0076 6E636865 		.ascii	"nchester encoder-decoder.cydsn\000"
 1230      73746572 
 1230      20656E63 
 1230      6F646572 
 1230      2D646563 
 1231              	.LASF25:
 1232 0095 6973725F 		.ascii	"isr_update_time_GetPriority\000"
 1232      75706461 
 1232      74655F74 
 1232      696D655F 
 1232      47657450 
 1233              	.LASF6:
 1234 00b1 73686F72 		.ascii	"short unsigned int\000"
 1234      7420756E 
 1234      7369676E 
 1234      65642069 
 1234      6E7400
 1235              	.LASF26:
 1236 00c4 6973725F 		.ascii	"isr_update_time_Enable\000"
 1236      75706461 
 1236      74655F74 
 1236      696D655F 
 1236      456E6162 
 1237              	.LASF32:
 1238 00db 6973725F 		.ascii	"isr_update_time_ClearPending\000"
 1238      75706461 
 1238      74655F74 
 1238      696D655F 
 1238      436C6561 
 1239              	.LASF14:
 1240 00f8 666C6F61 		.ascii	"float\000"
 1240      7400
 1241              	.LASF4:
 1242 00fe 756E7369 		.ascii	"unsigned char\000"
 1242      676E6564 
 1242      20636861 
 1242      7200
 1243              	.LASF34:
 1244 010c 474E5520 		.ascii	"GNU C11 5.4.1 20160609 (release) [ARM/embedded-5-br"
 1244      43313120 
 1244      352E342E 
ARM GAS  C:\Users\EA527~1.IVA\AppData\Local\Temp\cc7Sr00M.s 			page 31


 1244      31203230 
 1244      31363036 
 1245 013f 616E6368 		.ascii	"anch revision 237715] -mcpu=cortex-m3 -mthumb -g -O"
 1245      20726576 
 1245      6973696F 
 1245      6E203233 
 1245      37373135 
 1246 0172 67202D66 		.ascii	"g -ffunction-sections -ffat-lto-objects\000"
 1246      66756E63 
 1246      74696F6E 
 1246      2D736563 
 1246      74696F6E 
 1247              	.LASF16:
 1248 019a 72656738 		.ascii	"reg8\000"
 1248      00
 1249              	.LASF8:
 1250 019f 6C6F6E67 		.ascii	"long unsigned int\000"
 1250      20756E73 
 1250      69676E65 
 1250      6420696E 
 1250      7400
 1251              	.LASF12:
 1252 01b1 75696E74 		.ascii	"uint8\000"
 1252      3800
 1253              	.LASF23:
 1254 01b7 7072696F 		.ascii	"priority\000"
 1254      72697479 
 1254      00
 1255              	.LASF21:
 1256 01c0 6973725F 		.ascii	"isr_update_time_SetPriority\000"
 1256      75706461 
 1256      74655F74 
 1256      696D655F 
 1256      53657450 
 1257              	.LASF38:
 1258 01dc 436F756E 		.ascii	"Counter_1_ReadStatusRegister\000"
 1258      7465725F 
 1258      315F5265 
 1258      61645374 
 1258      61747573 
 1259              	.LASF15:
 1260 01f9 646F7562 		.ascii	"double\000"
 1260      6C6500
 1261              	.LASF5:
 1262 0200 73686F72 		.ascii	"short int\000"
 1262      7420696E 
 1262      7400
 1263              	.LASF13:
 1264 020a 75696E74 		.ascii	"uint32\000"
 1264      333200
 1265              	.LASF0:
 1266 0211 756E7369 		.ascii	"unsigned int\000"
 1266      676E6564 
 1266      20696E74 
 1266      00
 1267              	.LASF22:
 1268 021e 61646472 		.ascii	"address\000"
ARM GAS  C:\Users\EA527~1.IVA\AppData\Local\Temp\cc7Sr00M.s 			page 32


 1268      65737300 
 1269              	.LASF9:
 1270 0226 6C6F6E67 		.ascii	"long long unsigned int\000"
 1270      206C6F6E 
 1270      6720756E 
 1270      7369676E 
 1270      65642069 
 1271              	.LASF20:
 1272 023d 6973725F 		.ascii	"isr_update_time_SetVector\000"
 1272      75706461 
 1272      74655F74 
 1272      696D655F 
 1272      53657456 
 1273              	.LASF18:
 1274 0257 63796973 		.ascii	"cyisraddress\000"
 1274      72616464 
 1274      72657373 
 1274      00
 1275              	.LASF31:
 1276 0264 6973725F 		.ascii	"isr_update_time_SetPending\000"
 1276      75706461 
 1276      74655F74 
 1276      696D655F 
 1276      53657450 
 1277              	.LASF29:
 1278 027f 6973725F 		.ascii	"isr_update_time_StartEx\000"
 1278      75706461 
 1278      74655F74 
 1278      696D655F 
 1278      53746172 
 1279              	.LASF10:
 1280 0297 73697A65 		.ascii	"sizetype\000"
 1280      74797065 
 1280      00
 1281              	.LASF1:
 1282 02a0 6C6F6E67 		.ascii	"long long int\000"
 1282      206C6F6E 
 1282      6720696E 
 1282      7400
 1283              	.LASF11:
 1284 02ae 63686172 		.ascii	"char\000"
 1284      00
 1285              	.LASF19:
 1286 02b3 72616D56 		.ascii	"ramVectorTable\000"
 1286      6563746F 
 1286      72546162 
 1286      6C6500
 1287              	.LASF30:
 1288 02c2 6973725F 		.ascii	"isr_update_time_Stop\000"
 1288      75706461 
 1288      74655F74 
 1288      696D655F 
 1288      53746F70 
 1289              	.LASF37:
 1290 02d7 6973725F 		.ascii	"isr_update_time_GetState\000"
 1290      75706461 
 1290      74655F74 
ARM GAS  C:\Users\EA527~1.IVA\AppData\Local\Temp\cc7Sr00M.s 			page 33


 1290      696D655F 
 1290      47657453 
 1291              	.LASF7:
 1292 02f0 6C6F6E67 		.ascii	"long int\000"
 1292      20696E74 
 1292      00
 1293              	.LASF28:
 1294 02f9 6973725F 		.ascii	"isr_update_time_Start\000"
 1294      75706461 
 1294      74655F74 
 1294      696D655F 
 1294      53746172 
 1295              	.LASF2:
 1296 030f 6C6F6E67 		.ascii	"long double\000"
 1296      20646F75 
 1296      626C6500 
 1297              	.LASF3:
 1298 031b 7369676E 		.ascii	"signed char\000"
 1298      65642063 
 1298      68617200 
 1299              	.LASF27:
 1300 0327 6973725F 		.ascii	"isr_update_time_Disable\000"
 1300      75706461 
 1300      74655F74 
 1300      696D655F 
 1300      44697361 
 1301              	.LASF24:
 1302 033f 6973725F 		.ascii	"isr_update_time_GetVector\000"
 1302      75706461 
 1302      74655F74 
 1302      696D655F 
 1302      47657456 
 1303              		.ident	"GCC: (GNU Tools for ARM Embedded Processors) 5.4.1 20160609 (release) [ARM/embedded-5-bran
