ARM GAS  C:\Users\EA527~1.IVA\AppData\Local\Temp\cc1mBASg.s 			page 1


   1              		.syntax unified
   2              		.cpu cortex-m3
   3              		.fpu softvfp
   4              		.eabi_attribute 20, 1
   5              		.eabi_attribute 21, 1
   6              		.eabi_attribute 23, 3
   7              		.eabi_attribute 24, 1
   8              		.eabi_attribute 25, 1
   9              		.eabi_attribute 26, 1
  10              		.eabi_attribute 30, 1
  11              		.eabi_attribute 34, 1
  12              		.eabi_attribute 18, 4
  13              		.thumb
  14              		.syntax unified
  15              		.file	"isr_tc.c"
  16              		.text
  17              	.Ltext0:
  18              		.cfi_sections	.debug_frame
  19              		.section	.text.isr_tc_SetVector,"ax",%progbits
  20              		.align	2
  21              		.global	isr_tc_SetVector
  22              		.thumb
  23              		.thumb_func
  24              		.type	isr_tc_SetVector, %function
  25              	isr_tc_SetVector:
  26              	.LFB4:
  27              		.file 1 "Generated_Source\\PSoC5\\isr_tc.c"
   1:Generated_Source\PSoC5/isr_tc.c **** /*******************************************************************************
   2:Generated_Source\PSoC5/isr_tc.c **** * File Name: isr_tc.c  
   3:Generated_Source\PSoC5/isr_tc.c **** * Version 1.70
   4:Generated_Source\PSoC5/isr_tc.c **** *
   5:Generated_Source\PSoC5/isr_tc.c **** *  Description:
   6:Generated_Source\PSoC5/isr_tc.c **** *   API for controlling the state of an interrupt.
   7:Generated_Source\PSoC5/isr_tc.c **** *
   8:Generated_Source\PSoC5/isr_tc.c **** *
   9:Generated_Source\PSoC5/isr_tc.c **** *  Note:
  10:Generated_Source\PSoC5/isr_tc.c **** *
  11:Generated_Source\PSoC5/isr_tc.c **** ********************************************************************************
  12:Generated_Source\PSoC5/isr_tc.c **** * Copyright 2008-2015, Cypress Semiconductor Corporation.  All rights reserved.
  13:Generated_Source\PSoC5/isr_tc.c **** * You may use this file only in accordance with the license, terms, conditions, 
  14:Generated_Source\PSoC5/isr_tc.c **** * disclaimers, and limitations in the end user license agreement accompanying 
  15:Generated_Source\PSoC5/isr_tc.c **** * the software package with which this file was provided.
  16:Generated_Source\PSoC5/isr_tc.c **** *******************************************************************************/
  17:Generated_Source\PSoC5/isr_tc.c **** 
  18:Generated_Source\PSoC5/isr_tc.c **** 
  19:Generated_Source\PSoC5/isr_tc.c **** #include <cydevice_trm.h>
  20:Generated_Source\PSoC5/isr_tc.c **** #include <CyLib.h>
  21:Generated_Source\PSoC5/isr_tc.c **** #include <isr_tc.h>
  22:Generated_Source\PSoC5/isr_tc.c **** #include "cyapicallbacks.h"
  23:Generated_Source\PSoC5/isr_tc.c **** 
  24:Generated_Source\PSoC5/isr_tc.c **** #if !defined(isr_tc__REMOVED) /* Check for removal by optimization */
  25:Generated_Source\PSoC5/isr_tc.c **** 
  26:Generated_Source\PSoC5/isr_tc.c **** /*******************************************************************************
  27:Generated_Source\PSoC5/isr_tc.c **** *  Place your includes, defines and code here 
  28:Generated_Source\PSoC5/isr_tc.c **** ********************************************************************************/
  29:Generated_Source\PSoC5/isr_tc.c **** /* `#START isr_tc_intc` */
  30:Generated_Source\PSoC5/isr_tc.c **** 
ARM GAS  C:\Users\EA527~1.IVA\AppData\Local\Temp\cc1mBASg.s 			page 2


  31:Generated_Source\PSoC5/isr_tc.c **** /* `#END` */
  32:Generated_Source\PSoC5/isr_tc.c **** 
  33:Generated_Source\PSoC5/isr_tc.c **** #ifndef CYINT_IRQ_BASE
  34:Generated_Source\PSoC5/isr_tc.c **** #define CYINT_IRQ_BASE      16
  35:Generated_Source\PSoC5/isr_tc.c **** #endif /* CYINT_IRQ_BASE */
  36:Generated_Source\PSoC5/isr_tc.c **** #ifndef CYINT_VECT_TABLE
  37:Generated_Source\PSoC5/isr_tc.c **** #define CYINT_VECT_TABLE    ((cyisraddress **) CYREG_NVIC_VECT_OFFSET)
  38:Generated_Source\PSoC5/isr_tc.c **** #endif /* CYINT_VECT_TABLE */
  39:Generated_Source\PSoC5/isr_tc.c **** 
  40:Generated_Source\PSoC5/isr_tc.c **** /* Declared in startup, used to set unused interrupts to. */
  41:Generated_Source\PSoC5/isr_tc.c **** CY_ISR_PROTO(IntDefaultHandler);
  42:Generated_Source\PSoC5/isr_tc.c **** 
  43:Generated_Source\PSoC5/isr_tc.c **** 
  44:Generated_Source\PSoC5/isr_tc.c **** /*******************************************************************************
  45:Generated_Source\PSoC5/isr_tc.c **** * Function Name: isr_tc_Start
  46:Generated_Source\PSoC5/isr_tc.c **** ********************************************************************************
  47:Generated_Source\PSoC5/isr_tc.c **** *
  48:Generated_Source\PSoC5/isr_tc.c **** * Summary:
  49:Generated_Source\PSoC5/isr_tc.c **** *  Set up the interrupt and enable it. This function disables the interrupt, 
  50:Generated_Source\PSoC5/isr_tc.c **** *  sets the default interrupt vector, sets the priority from the value in the
  51:Generated_Source\PSoC5/isr_tc.c **** *  Design Wide Resources Interrupt Editor, then enables the interrupt to the 
  52:Generated_Source\PSoC5/isr_tc.c **** *  interrupt controller.
  53:Generated_Source\PSoC5/isr_tc.c **** *
  54:Generated_Source\PSoC5/isr_tc.c **** * Parameters:  
  55:Generated_Source\PSoC5/isr_tc.c **** *   None
  56:Generated_Source\PSoC5/isr_tc.c **** *
  57:Generated_Source\PSoC5/isr_tc.c **** * Return:
  58:Generated_Source\PSoC5/isr_tc.c **** *   None
  59:Generated_Source\PSoC5/isr_tc.c **** *
  60:Generated_Source\PSoC5/isr_tc.c **** *******************************************************************************/
  61:Generated_Source\PSoC5/isr_tc.c **** void isr_tc_Start(void)
  62:Generated_Source\PSoC5/isr_tc.c **** {
  63:Generated_Source\PSoC5/isr_tc.c ****     /* For all we know the interrupt is active. */
  64:Generated_Source\PSoC5/isr_tc.c ****     isr_tc_Disable();
  65:Generated_Source\PSoC5/isr_tc.c **** 
  66:Generated_Source\PSoC5/isr_tc.c ****     /* Set the ISR to point to the isr_tc Interrupt. */
  67:Generated_Source\PSoC5/isr_tc.c ****     isr_tc_SetVector(&isr_tc_Interrupt);
  68:Generated_Source\PSoC5/isr_tc.c **** 
  69:Generated_Source\PSoC5/isr_tc.c ****     /* Set the priority. */
  70:Generated_Source\PSoC5/isr_tc.c ****     isr_tc_SetPriority((uint8)isr_tc_INTC_PRIOR_NUMBER);
  71:Generated_Source\PSoC5/isr_tc.c **** 
  72:Generated_Source\PSoC5/isr_tc.c ****     /* Enable it. */
  73:Generated_Source\PSoC5/isr_tc.c ****     isr_tc_Enable();
  74:Generated_Source\PSoC5/isr_tc.c **** }
  75:Generated_Source\PSoC5/isr_tc.c **** 
  76:Generated_Source\PSoC5/isr_tc.c **** 
  77:Generated_Source\PSoC5/isr_tc.c **** /*******************************************************************************
  78:Generated_Source\PSoC5/isr_tc.c **** * Function Name: isr_tc_StartEx
  79:Generated_Source\PSoC5/isr_tc.c **** ********************************************************************************
  80:Generated_Source\PSoC5/isr_tc.c **** *
  81:Generated_Source\PSoC5/isr_tc.c **** * Summary:
  82:Generated_Source\PSoC5/isr_tc.c **** *  Sets up the interrupt and enables it. This function disables the interrupt,
  83:Generated_Source\PSoC5/isr_tc.c **** *  sets the interrupt vector based on the address passed in, sets the priority 
  84:Generated_Source\PSoC5/isr_tc.c **** *  from the value in the Design Wide Resources Interrupt Editor, then enables 
  85:Generated_Source\PSoC5/isr_tc.c **** *  the interrupt to the interrupt controller.
  86:Generated_Source\PSoC5/isr_tc.c **** *  
  87:Generated_Source\PSoC5/isr_tc.c **** *  When defining ISR functions, the CY_ISR and CY_ISR_PROTO macros should be 
ARM GAS  C:\Users\EA527~1.IVA\AppData\Local\Temp\cc1mBASg.s 			page 3


  88:Generated_Source\PSoC5/isr_tc.c **** *  used to provide consistent definition across compilers:
  89:Generated_Source\PSoC5/isr_tc.c **** *  
  90:Generated_Source\PSoC5/isr_tc.c **** *  Function definition example:
  91:Generated_Source\PSoC5/isr_tc.c **** *   CY_ISR(MyISR)
  92:Generated_Source\PSoC5/isr_tc.c **** *   {
  93:Generated_Source\PSoC5/isr_tc.c **** *   }
  94:Generated_Source\PSoC5/isr_tc.c **** *   Function prototype example:
  95:Generated_Source\PSoC5/isr_tc.c **** *   CY_ISR_PROTO(MyISR);
  96:Generated_Source\PSoC5/isr_tc.c **** *
  97:Generated_Source\PSoC5/isr_tc.c **** * Parameters:  
  98:Generated_Source\PSoC5/isr_tc.c **** *   address: Address of the ISR to set in the interrupt vector table.
  99:Generated_Source\PSoC5/isr_tc.c **** *
 100:Generated_Source\PSoC5/isr_tc.c **** * Return:
 101:Generated_Source\PSoC5/isr_tc.c **** *   None
 102:Generated_Source\PSoC5/isr_tc.c **** *
 103:Generated_Source\PSoC5/isr_tc.c **** *******************************************************************************/
 104:Generated_Source\PSoC5/isr_tc.c **** void isr_tc_StartEx(cyisraddress address)
 105:Generated_Source\PSoC5/isr_tc.c **** {
 106:Generated_Source\PSoC5/isr_tc.c ****     /* For all we know the interrupt is active. */
 107:Generated_Source\PSoC5/isr_tc.c ****     isr_tc_Disable();
 108:Generated_Source\PSoC5/isr_tc.c **** 
 109:Generated_Source\PSoC5/isr_tc.c ****     /* Set the ISR to point to the isr_tc Interrupt. */
 110:Generated_Source\PSoC5/isr_tc.c ****     isr_tc_SetVector(address);
 111:Generated_Source\PSoC5/isr_tc.c **** 
 112:Generated_Source\PSoC5/isr_tc.c ****     /* Set the priority. */
 113:Generated_Source\PSoC5/isr_tc.c ****     isr_tc_SetPriority((uint8)isr_tc_INTC_PRIOR_NUMBER);
 114:Generated_Source\PSoC5/isr_tc.c **** 
 115:Generated_Source\PSoC5/isr_tc.c ****     /* Enable it. */
 116:Generated_Source\PSoC5/isr_tc.c ****     isr_tc_Enable();
 117:Generated_Source\PSoC5/isr_tc.c **** }
 118:Generated_Source\PSoC5/isr_tc.c **** 
 119:Generated_Source\PSoC5/isr_tc.c **** 
 120:Generated_Source\PSoC5/isr_tc.c **** /*******************************************************************************
 121:Generated_Source\PSoC5/isr_tc.c **** * Function Name: isr_tc_Stop
 122:Generated_Source\PSoC5/isr_tc.c **** ********************************************************************************
 123:Generated_Source\PSoC5/isr_tc.c **** *
 124:Generated_Source\PSoC5/isr_tc.c **** * Summary:
 125:Generated_Source\PSoC5/isr_tc.c **** *   Disables and removes the interrupt.
 126:Generated_Source\PSoC5/isr_tc.c **** *
 127:Generated_Source\PSoC5/isr_tc.c **** * Parameters:  
 128:Generated_Source\PSoC5/isr_tc.c **** *   None
 129:Generated_Source\PSoC5/isr_tc.c **** *
 130:Generated_Source\PSoC5/isr_tc.c **** * Return:
 131:Generated_Source\PSoC5/isr_tc.c **** *   None
 132:Generated_Source\PSoC5/isr_tc.c **** *
 133:Generated_Source\PSoC5/isr_tc.c **** *******************************************************************************/
 134:Generated_Source\PSoC5/isr_tc.c **** void isr_tc_Stop(void)
 135:Generated_Source\PSoC5/isr_tc.c **** {
 136:Generated_Source\PSoC5/isr_tc.c ****     /* Disable this interrupt. */
 137:Generated_Source\PSoC5/isr_tc.c ****     isr_tc_Disable();
 138:Generated_Source\PSoC5/isr_tc.c **** 
 139:Generated_Source\PSoC5/isr_tc.c ****     /* Set the ISR to point to the passive one. */
 140:Generated_Source\PSoC5/isr_tc.c ****     isr_tc_SetVector(&IntDefaultHandler);
 141:Generated_Source\PSoC5/isr_tc.c **** }
 142:Generated_Source\PSoC5/isr_tc.c **** 
 143:Generated_Source\PSoC5/isr_tc.c **** 
 144:Generated_Source\PSoC5/isr_tc.c **** /*******************************************************************************
ARM GAS  C:\Users\EA527~1.IVA\AppData\Local\Temp\cc1mBASg.s 			page 4


 145:Generated_Source\PSoC5/isr_tc.c **** * Function Name: isr_tc_Interrupt
 146:Generated_Source\PSoC5/isr_tc.c **** ********************************************************************************
 147:Generated_Source\PSoC5/isr_tc.c **** *
 148:Generated_Source\PSoC5/isr_tc.c **** * Summary:
 149:Generated_Source\PSoC5/isr_tc.c **** *   The default Interrupt Service Routine for isr_tc.
 150:Generated_Source\PSoC5/isr_tc.c **** *
 151:Generated_Source\PSoC5/isr_tc.c **** *   Add custom code between the coments to keep the next version of this file
 152:Generated_Source\PSoC5/isr_tc.c **** *   from over writting your code.
 153:Generated_Source\PSoC5/isr_tc.c **** *
 154:Generated_Source\PSoC5/isr_tc.c **** * Parameters:  
 155:Generated_Source\PSoC5/isr_tc.c **** *
 156:Generated_Source\PSoC5/isr_tc.c **** * Return:
 157:Generated_Source\PSoC5/isr_tc.c **** *   None
 158:Generated_Source\PSoC5/isr_tc.c **** *
 159:Generated_Source\PSoC5/isr_tc.c **** *******************************************************************************/
 160:Generated_Source\PSoC5/isr_tc.c **** CY_ISR(isr_tc_Interrupt)
 161:Generated_Source\PSoC5/isr_tc.c **** {
 162:Generated_Source\PSoC5/isr_tc.c ****     #ifdef isr_tc_INTERRUPT_INTERRUPT_CALLBACK
 163:Generated_Source\PSoC5/isr_tc.c ****         isr_tc_Interrupt_InterruptCallback();
 164:Generated_Source\PSoC5/isr_tc.c ****     #endif /* isr_tc_INTERRUPT_INTERRUPT_CALLBACK */ 
 165:Generated_Source\PSoC5/isr_tc.c **** 
 166:Generated_Source\PSoC5/isr_tc.c ****     /*  Place your Interrupt code here. */
 167:Generated_Source\PSoC5/isr_tc.c ****     /* `#START isr_tc_Interrupt` */
 168:Generated_Source\PSoC5/isr_tc.c ****     int a =  1;
 169:Generated_Source\PSoC5/isr_tc.c ****     isr_tc_ClearPending();
 170:Generated_Source\PSoC5/isr_tc.c ****     /* `#END` */
 171:Generated_Source\PSoC5/isr_tc.c **** }
 172:Generated_Source\PSoC5/isr_tc.c **** 
 173:Generated_Source\PSoC5/isr_tc.c **** 
 174:Generated_Source\PSoC5/isr_tc.c **** /*******************************************************************************
 175:Generated_Source\PSoC5/isr_tc.c **** * Function Name: isr_tc_SetVector
 176:Generated_Source\PSoC5/isr_tc.c **** ********************************************************************************
 177:Generated_Source\PSoC5/isr_tc.c **** *
 178:Generated_Source\PSoC5/isr_tc.c **** * Summary:
 179:Generated_Source\PSoC5/isr_tc.c **** *   Change the ISR vector for the Interrupt. Note calling isr_tc_Start
 180:Generated_Source\PSoC5/isr_tc.c **** *   will override any effect this method would have had. To set the vector 
 181:Generated_Source\PSoC5/isr_tc.c **** *   before the component has been started use isr_tc_StartEx instead.
 182:Generated_Source\PSoC5/isr_tc.c **** * 
 183:Generated_Source\PSoC5/isr_tc.c **** *   When defining ISR functions, the CY_ISR and CY_ISR_PROTO macros should be 
 184:Generated_Source\PSoC5/isr_tc.c **** *   used to provide consistent definition across compilers:
 185:Generated_Source\PSoC5/isr_tc.c **** *
 186:Generated_Source\PSoC5/isr_tc.c **** *   Function definition example:
 187:Generated_Source\PSoC5/isr_tc.c **** *   CY_ISR(MyISR)
 188:Generated_Source\PSoC5/isr_tc.c **** *   {
 189:Generated_Source\PSoC5/isr_tc.c **** *   }
 190:Generated_Source\PSoC5/isr_tc.c **** *
 191:Generated_Source\PSoC5/isr_tc.c **** *   Function prototype example:
 192:Generated_Source\PSoC5/isr_tc.c **** *     CY_ISR_PROTO(MyISR);
 193:Generated_Source\PSoC5/isr_tc.c **** *
 194:Generated_Source\PSoC5/isr_tc.c **** * Parameters:
 195:Generated_Source\PSoC5/isr_tc.c **** *   address: Address of the ISR to set in the interrupt vector table.
 196:Generated_Source\PSoC5/isr_tc.c **** *
 197:Generated_Source\PSoC5/isr_tc.c **** * Return:
 198:Generated_Source\PSoC5/isr_tc.c **** *   None
 199:Generated_Source\PSoC5/isr_tc.c **** *
 200:Generated_Source\PSoC5/isr_tc.c **** *******************************************************************************/
 201:Generated_Source\PSoC5/isr_tc.c **** void isr_tc_SetVector(cyisraddress address)
ARM GAS  C:\Users\EA527~1.IVA\AppData\Local\Temp\cc1mBASg.s 			page 5


 202:Generated_Source\PSoC5/isr_tc.c **** {
  28              		.loc 1 202 0
  29              		.cfi_startproc
  30              		@ args = 0, pretend = 0, frame = 0
  31              		@ frame_needed = 0, uses_anonymous_args = 0
  32              		@ link register save eliminated.
  33              	.LVL0:
 203:Generated_Source\PSoC5/isr_tc.c ****     cyisraddress * ramVectorTable;
 204:Generated_Source\PSoC5/isr_tc.c **** 
 205:Generated_Source\PSoC5/isr_tc.c ****     ramVectorTable = (cyisraddress *) *CYINT_VECT_TABLE;
  34              		.loc 1 205 0
  35 0000 014B     		ldr	r3, .L2
  36 0002 1B68     		ldr	r3, [r3]
  37              	.LVL1:
 206:Generated_Source\PSoC5/isr_tc.c **** 
 207:Generated_Source\PSoC5/isr_tc.c ****     ramVectorTable[CYINT_IRQ_BASE + (uint32)isr_tc__INTC_NUMBER] = address;
  38              		.loc 1 207 0
  39 0004 D865     		str	r0, [r3, #92]
  40 0006 7047     		bx	lr
  41              	.L3:
  42              		.align	2
  43              	.L2:
  44 0008 08ED00E0 		.word	-536810232
  45              		.cfi_endproc
  46              	.LFE4:
  47              		.size	isr_tc_SetVector, .-isr_tc_SetVector
  48              		.section	.text.isr_tc_GetVector,"ax",%progbits
  49              		.align	2
  50              		.global	isr_tc_GetVector
  51              		.thumb
  52              		.thumb_func
  53              		.type	isr_tc_GetVector, %function
  54              	isr_tc_GetVector:
  55              	.LFB5:
 208:Generated_Source\PSoC5/isr_tc.c **** }
 209:Generated_Source\PSoC5/isr_tc.c **** 
 210:Generated_Source\PSoC5/isr_tc.c **** 
 211:Generated_Source\PSoC5/isr_tc.c **** /*******************************************************************************
 212:Generated_Source\PSoC5/isr_tc.c **** * Function Name: isr_tc_GetVector
 213:Generated_Source\PSoC5/isr_tc.c **** ********************************************************************************
 214:Generated_Source\PSoC5/isr_tc.c **** *
 215:Generated_Source\PSoC5/isr_tc.c **** * Summary:
 216:Generated_Source\PSoC5/isr_tc.c **** *   Gets the "address" of the current ISR vector for the Interrupt.
 217:Generated_Source\PSoC5/isr_tc.c **** *
 218:Generated_Source\PSoC5/isr_tc.c **** * Parameters:
 219:Generated_Source\PSoC5/isr_tc.c **** *   None
 220:Generated_Source\PSoC5/isr_tc.c **** *
 221:Generated_Source\PSoC5/isr_tc.c **** * Return:
 222:Generated_Source\PSoC5/isr_tc.c **** *   Address of the ISR in the interrupt vector table.
 223:Generated_Source\PSoC5/isr_tc.c **** *
 224:Generated_Source\PSoC5/isr_tc.c **** *******************************************************************************/
 225:Generated_Source\PSoC5/isr_tc.c **** cyisraddress isr_tc_GetVector(void)
 226:Generated_Source\PSoC5/isr_tc.c **** {
  56              		.loc 1 226 0
  57              		.cfi_startproc
  58              		@ args = 0, pretend = 0, frame = 0
  59              		@ frame_needed = 0, uses_anonymous_args = 0
ARM GAS  C:\Users\EA527~1.IVA\AppData\Local\Temp\cc1mBASg.s 			page 6


  60              		@ link register save eliminated.
 227:Generated_Source\PSoC5/isr_tc.c ****     cyisraddress * ramVectorTable;
 228:Generated_Source\PSoC5/isr_tc.c **** 
 229:Generated_Source\PSoC5/isr_tc.c ****     ramVectorTable = (cyisraddress *) *CYINT_VECT_TABLE;
  61              		.loc 1 229 0
  62 0000 014B     		ldr	r3, .L5
  63 0002 1B68     		ldr	r3, [r3]
  64              	.LVL2:
 230:Generated_Source\PSoC5/isr_tc.c **** 
 231:Generated_Source\PSoC5/isr_tc.c ****     return ramVectorTable[CYINT_IRQ_BASE + (uint32)isr_tc__INTC_NUMBER];
 232:Generated_Source\PSoC5/isr_tc.c **** }
  65              		.loc 1 232 0
  66 0004 D86D     		ldr	r0, [r3, #92]
  67 0006 7047     		bx	lr
  68              	.L6:
  69              		.align	2
  70              	.L5:
  71 0008 08ED00E0 		.word	-536810232
  72              		.cfi_endproc
  73              	.LFE5:
  74              		.size	isr_tc_GetVector, .-isr_tc_GetVector
  75              		.section	.text.isr_tc_SetPriority,"ax",%progbits
  76              		.align	2
  77              		.global	isr_tc_SetPriority
  78              		.thumb
  79              		.thumb_func
  80              		.type	isr_tc_SetPriority, %function
  81              	isr_tc_SetPriority:
  82              	.LFB6:
 233:Generated_Source\PSoC5/isr_tc.c **** 
 234:Generated_Source\PSoC5/isr_tc.c **** 
 235:Generated_Source\PSoC5/isr_tc.c **** /*******************************************************************************
 236:Generated_Source\PSoC5/isr_tc.c **** * Function Name: isr_tc_SetPriority
 237:Generated_Source\PSoC5/isr_tc.c **** ********************************************************************************
 238:Generated_Source\PSoC5/isr_tc.c **** *
 239:Generated_Source\PSoC5/isr_tc.c **** * Summary:
 240:Generated_Source\PSoC5/isr_tc.c **** *   Sets the Priority of the Interrupt. 
 241:Generated_Source\PSoC5/isr_tc.c **** *
 242:Generated_Source\PSoC5/isr_tc.c **** *   Note calling isr_tc_Start or isr_tc_StartEx will 
 243:Generated_Source\PSoC5/isr_tc.c **** *   override any effect this API would have had. This API should only be called
 244:Generated_Source\PSoC5/isr_tc.c **** *   after isr_tc_Start or isr_tc_StartEx has been called. 
 245:Generated_Source\PSoC5/isr_tc.c **** *   To set the initial priority for the component, use the Design-Wide Resources
 246:Generated_Source\PSoC5/isr_tc.c **** *   Interrupt Editor.
 247:Generated_Source\PSoC5/isr_tc.c **** *
 248:Generated_Source\PSoC5/isr_tc.c **** *   Note This API has no effect on Non-maskable interrupt NMI).
 249:Generated_Source\PSoC5/isr_tc.c **** *
 250:Generated_Source\PSoC5/isr_tc.c **** * Parameters:
 251:Generated_Source\PSoC5/isr_tc.c **** *   priority: Priority of the interrupt, 0 being the highest priority
 252:Generated_Source\PSoC5/isr_tc.c **** *             PSoC 3 and PSoC 5LP: Priority is from 0 to 7.
 253:Generated_Source\PSoC5/isr_tc.c **** *             PSoC 4: Priority is from 0 to 3.
 254:Generated_Source\PSoC5/isr_tc.c **** *
 255:Generated_Source\PSoC5/isr_tc.c **** * Return:
 256:Generated_Source\PSoC5/isr_tc.c **** *   None
 257:Generated_Source\PSoC5/isr_tc.c **** *
 258:Generated_Source\PSoC5/isr_tc.c **** *******************************************************************************/
 259:Generated_Source\PSoC5/isr_tc.c **** void isr_tc_SetPriority(uint8 priority)
 260:Generated_Source\PSoC5/isr_tc.c **** {
ARM GAS  C:\Users\EA527~1.IVA\AppData\Local\Temp\cc1mBASg.s 			page 7


  83              		.loc 1 260 0
  84              		.cfi_startproc
  85              		@ args = 0, pretend = 0, frame = 0
  86              		@ frame_needed = 0, uses_anonymous_args = 0
  87              		@ link register save eliminated.
  88              	.LVL3:
 261:Generated_Source\PSoC5/isr_tc.c ****     *isr_tc_INTC_PRIOR = priority << 5;
  89              		.loc 1 261 0
  90 0000 4001     		lsls	r0, r0, #5
  91              	.LVL4:
  92 0002 C0B2     		uxtb	r0, r0
  93 0004 014B     		ldr	r3, .L8
  94 0006 1870     		strb	r0, [r3]
  95 0008 7047     		bx	lr
  96              	.L9:
  97 000a 00BF     		.align	2
  98              	.L8:
  99 000c 07E400E0 		.word	-536812537
 100              		.cfi_endproc
 101              	.LFE6:
 102              		.size	isr_tc_SetPriority, .-isr_tc_SetPriority
 103              		.section	.text.isr_tc_GetPriority,"ax",%progbits
 104              		.align	2
 105              		.global	isr_tc_GetPriority
 106              		.thumb
 107              		.thumb_func
 108              		.type	isr_tc_GetPriority, %function
 109              	isr_tc_GetPriority:
 110              	.LFB7:
 262:Generated_Source\PSoC5/isr_tc.c **** }
 263:Generated_Source\PSoC5/isr_tc.c **** 
 264:Generated_Source\PSoC5/isr_tc.c **** 
 265:Generated_Source\PSoC5/isr_tc.c **** /*******************************************************************************
 266:Generated_Source\PSoC5/isr_tc.c **** * Function Name: isr_tc_GetPriority
 267:Generated_Source\PSoC5/isr_tc.c **** ********************************************************************************
 268:Generated_Source\PSoC5/isr_tc.c **** *
 269:Generated_Source\PSoC5/isr_tc.c **** * Summary:
 270:Generated_Source\PSoC5/isr_tc.c **** *   Gets the Priority of the Interrupt.
 271:Generated_Source\PSoC5/isr_tc.c **** *
 272:Generated_Source\PSoC5/isr_tc.c **** * Parameters:
 273:Generated_Source\PSoC5/isr_tc.c **** *   None
 274:Generated_Source\PSoC5/isr_tc.c **** *
 275:Generated_Source\PSoC5/isr_tc.c **** * Return:
 276:Generated_Source\PSoC5/isr_tc.c **** *   Priority of the interrupt, 0 being the highest priority
 277:Generated_Source\PSoC5/isr_tc.c **** *    PSoC 3 and PSoC 5LP: Priority is from 0 to 7.
 278:Generated_Source\PSoC5/isr_tc.c **** *    PSoC 4: Priority is from 0 to 3.
 279:Generated_Source\PSoC5/isr_tc.c **** *
 280:Generated_Source\PSoC5/isr_tc.c **** *******************************************************************************/
 281:Generated_Source\PSoC5/isr_tc.c **** uint8 isr_tc_GetPriority(void)
 282:Generated_Source\PSoC5/isr_tc.c **** {
 111              		.loc 1 282 0
 112              		.cfi_startproc
 113              		@ args = 0, pretend = 0, frame = 0
 114              		@ frame_needed = 0, uses_anonymous_args = 0
 115              		@ link register save eliminated.
 283:Generated_Source\PSoC5/isr_tc.c ****     uint8 priority;
 284:Generated_Source\PSoC5/isr_tc.c **** 
ARM GAS  C:\Users\EA527~1.IVA\AppData\Local\Temp\cc1mBASg.s 			page 8


 285:Generated_Source\PSoC5/isr_tc.c **** 
 286:Generated_Source\PSoC5/isr_tc.c ****     priority = *isr_tc_INTC_PRIOR >> 5;
 116              		.loc 1 286 0
 117 0000 014B     		ldr	r3, .L11
 118 0002 1878     		ldrb	r0, [r3]	@ zero_extendqisi2
 119              	.LVL5:
 287:Generated_Source\PSoC5/isr_tc.c **** 
 288:Generated_Source\PSoC5/isr_tc.c ****     return priority;
 289:Generated_Source\PSoC5/isr_tc.c **** }
 120              		.loc 1 289 0
 121 0004 4009     		lsrs	r0, r0, #5
 122              	.LVL6:
 123 0006 7047     		bx	lr
 124              	.L12:
 125              		.align	2
 126              	.L11:
 127 0008 07E400E0 		.word	-536812537
 128              		.cfi_endproc
 129              	.LFE7:
 130              		.size	isr_tc_GetPriority, .-isr_tc_GetPriority
 131              		.section	.text.isr_tc_Enable,"ax",%progbits
 132              		.align	2
 133              		.global	isr_tc_Enable
 134              		.thumb
 135              		.thumb_func
 136              		.type	isr_tc_Enable, %function
 137              	isr_tc_Enable:
 138              	.LFB8:
 290:Generated_Source\PSoC5/isr_tc.c **** 
 291:Generated_Source\PSoC5/isr_tc.c **** 
 292:Generated_Source\PSoC5/isr_tc.c **** /*******************************************************************************
 293:Generated_Source\PSoC5/isr_tc.c **** * Function Name: isr_tc_Enable
 294:Generated_Source\PSoC5/isr_tc.c **** ********************************************************************************
 295:Generated_Source\PSoC5/isr_tc.c **** *
 296:Generated_Source\PSoC5/isr_tc.c **** * Summary:
 297:Generated_Source\PSoC5/isr_tc.c **** *   Enables the interrupt to the interrupt controller. Do not call this function
 298:Generated_Source\PSoC5/isr_tc.c **** *   unless ISR_Start() has been called or the functionality of the ISR_Start() 
 299:Generated_Source\PSoC5/isr_tc.c **** *   function, which sets the vector and the priority, has been called.
 300:Generated_Source\PSoC5/isr_tc.c **** *
 301:Generated_Source\PSoC5/isr_tc.c **** * Parameters:
 302:Generated_Source\PSoC5/isr_tc.c **** *   None
 303:Generated_Source\PSoC5/isr_tc.c **** *
 304:Generated_Source\PSoC5/isr_tc.c **** * Return:
 305:Generated_Source\PSoC5/isr_tc.c **** *   None
 306:Generated_Source\PSoC5/isr_tc.c **** *
 307:Generated_Source\PSoC5/isr_tc.c **** *******************************************************************************/
 308:Generated_Source\PSoC5/isr_tc.c **** void isr_tc_Enable(void)
 309:Generated_Source\PSoC5/isr_tc.c **** {
 139              		.loc 1 309 0
 140              		.cfi_startproc
 141              		@ args = 0, pretend = 0, frame = 0
 142              		@ frame_needed = 0, uses_anonymous_args = 0
 143              		@ link register save eliminated.
 310:Generated_Source\PSoC5/isr_tc.c ****     /* Enable the general interrupt. */
 311:Generated_Source\PSoC5/isr_tc.c ****     *isr_tc_INTC_SET_EN = isr_tc__INTC_MASK;
 144              		.loc 1 311 0
 145 0000 8022     		movs	r2, #128
ARM GAS  C:\Users\EA527~1.IVA\AppData\Local\Temp\cc1mBASg.s 			page 9


 146 0002 014B     		ldr	r3, .L14
 147 0004 1A60     		str	r2, [r3]
 148 0006 7047     		bx	lr
 149              	.L15:
 150              		.align	2
 151              	.L14:
 152 0008 00E100E0 		.word	-536813312
 153              		.cfi_endproc
 154              	.LFE8:
 155              		.size	isr_tc_Enable, .-isr_tc_Enable
 156              		.section	.text.isr_tc_GetState,"ax",%progbits
 157              		.align	2
 158              		.global	isr_tc_GetState
 159              		.thumb
 160              		.thumb_func
 161              		.type	isr_tc_GetState, %function
 162              	isr_tc_GetState:
 163              	.LFB9:
 312:Generated_Source\PSoC5/isr_tc.c **** }
 313:Generated_Source\PSoC5/isr_tc.c **** 
 314:Generated_Source\PSoC5/isr_tc.c **** 
 315:Generated_Source\PSoC5/isr_tc.c **** /*******************************************************************************
 316:Generated_Source\PSoC5/isr_tc.c **** * Function Name: isr_tc_GetState
 317:Generated_Source\PSoC5/isr_tc.c **** ********************************************************************************
 318:Generated_Source\PSoC5/isr_tc.c **** *
 319:Generated_Source\PSoC5/isr_tc.c **** * Summary:
 320:Generated_Source\PSoC5/isr_tc.c **** *   Gets the state (enabled, disabled) of the Interrupt.
 321:Generated_Source\PSoC5/isr_tc.c **** *
 322:Generated_Source\PSoC5/isr_tc.c **** * Parameters:
 323:Generated_Source\PSoC5/isr_tc.c **** *   None
 324:Generated_Source\PSoC5/isr_tc.c **** *
 325:Generated_Source\PSoC5/isr_tc.c **** * Return:
 326:Generated_Source\PSoC5/isr_tc.c **** *   1 if enabled, 0 if disabled.
 327:Generated_Source\PSoC5/isr_tc.c **** *
 328:Generated_Source\PSoC5/isr_tc.c **** *******************************************************************************/
 329:Generated_Source\PSoC5/isr_tc.c **** uint8 isr_tc_GetState(void)
 330:Generated_Source\PSoC5/isr_tc.c **** {
 164              		.loc 1 330 0
 165              		.cfi_startproc
 166              		@ args = 0, pretend = 0, frame = 0
 167              		@ frame_needed = 0, uses_anonymous_args = 0
 168              		@ link register save eliminated.
 331:Generated_Source\PSoC5/isr_tc.c ****     /* Get the state of the general interrupt. */
 332:Generated_Source\PSoC5/isr_tc.c ****     return ((*isr_tc_INTC_SET_EN & (uint32)isr_tc__INTC_MASK) != 0u) ? 1u:0u;
 169              		.loc 1 332 0
 170 0000 044B     		ldr	r3, .L19
 171 0002 1B68     		ldr	r3, [r3]
 172 0004 13F0800F 		tst	r3, #128
 173 0008 01D0     		beq	.L18
 174 000a 0120     		movs	r0, #1
 175 000c 7047     		bx	lr
 176              	.L18:
 177 000e 0020     		movs	r0, #0
 333:Generated_Source\PSoC5/isr_tc.c **** }
 178              		.loc 1 333 0
 179 0010 7047     		bx	lr
 180              	.L20:
ARM GAS  C:\Users\EA527~1.IVA\AppData\Local\Temp\cc1mBASg.s 			page 10


 181 0012 00BF     		.align	2
 182              	.L19:
 183 0014 00E100E0 		.word	-536813312
 184              		.cfi_endproc
 185              	.LFE9:
 186              		.size	isr_tc_GetState, .-isr_tc_GetState
 187              		.section	.text.isr_tc_Disable,"ax",%progbits
 188              		.align	2
 189              		.global	isr_tc_Disable
 190              		.thumb
 191              		.thumb_func
 192              		.type	isr_tc_Disable, %function
 193              	isr_tc_Disable:
 194              	.LFB10:
 334:Generated_Source\PSoC5/isr_tc.c **** 
 335:Generated_Source\PSoC5/isr_tc.c **** 
 336:Generated_Source\PSoC5/isr_tc.c **** /*******************************************************************************
 337:Generated_Source\PSoC5/isr_tc.c **** * Function Name: isr_tc_Disable
 338:Generated_Source\PSoC5/isr_tc.c **** ********************************************************************************
 339:Generated_Source\PSoC5/isr_tc.c **** *
 340:Generated_Source\PSoC5/isr_tc.c **** * Summary:
 341:Generated_Source\PSoC5/isr_tc.c **** *   Disables the Interrupt in the interrupt controller.
 342:Generated_Source\PSoC5/isr_tc.c **** *
 343:Generated_Source\PSoC5/isr_tc.c **** * Parameters:
 344:Generated_Source\PSoC5/isr_tc.c **** *   None
 345:Generated_Source\PSoC5/isr_tc.c **** *
 346:Generated_Source\PSoC5/isr_tc.c **** * Return:
 347:Generated_Source\PSoC5/isr_tc.c **** *   None
 348:Generated_Source\PSoC5/isr_tc.c **** *
 349:Generated_Source\PSoC5/isr_tc.c **** *******************************************************************************/
 350:Generated_Source\PSoC5/isr_tc.c **** void isr_tc_Disable(void)
 351:Generated_Source\PSoC5/isr_tc.c **** {
 195              		.loc 1 351 0
 196              		.cfi_startproc
 197              		@ args = 0, pretend = 0, frame = 0
 198              		@ frame_needed = 0, uses_anonymous_args = 0
 199              		@ link register save eliminated.
 352:Generated_Source\PSoC5/isr_tc.c ****     /* Disable the general interrupt. */
 353:Generated_Source\PSoC5/isr_tc.c ****     *isr_tc_INTC_CLR_EN = isr_tc__INTC_MASK;
 200              		.loc 1 353 0
 201 0000 8022     		movs	r2, #128
 202 0002 014B     		ldr	r3, .L22
 203 0004 1A60     		str	r2, [r3]
 204 0006 7047     		bx	lr
 205              	.L23:
 206              		.align	2
 207              	.L22:
 208 0008 80E100E0 		.word	-536813184
 209              		.cfi_endproc
 210              	.LFE10:
 211              		.size	isr_tc_Disable, .-isr_tc_Disable
 212              		.section	.text.isr_tc_Start,"ax",%progbits
 213              		.align	2
 214              		.global	isr_tc_Start
 215              		.thumb
 216              		.thumb_func
 217              		.type	isr_tc_Start, %function
ARM GAS  C:\Users\EA527~1.IVA\AppData\Local\Temp\cc1mBASg.s 			page 11


 218              	isr_tc_Start:
 219              	.LFB0:
  62:Generated_Source\PSoC5/isr_tc.c ****     /* For all we know the interrupt is active. */
 220              		.loc 1 62 0
 221              		.cfi_startproc
 222              		@ args = 0, pretend = 0, frame = 0
 223              		@ frame_needed = 0, uses_anonymous_args = 0
 224 0000 08B5     		push	{r3, lr}
 225              		.cfi_def_cfa_offset 8
 226              		.cfi_offset 3, -8
 227              		.cfi_offset 14, -4
  64:Generated_Source\PSoC5/isr_tc.c **** 
 228              		.loc 1 64 0
 229 0002 FFF7FEFF 		bl	isr_tc_Disable
 230              	.LVL7:
  67:Generated_Source\PSoC5/isr_tc.c **** 
 231              		.loc 1 67 0
 232 0006 0448     		ldr	r0, .L26
 233 0008 FFF7FEFF 		bl	isr_tc_SetVector
 234              	.LVL8:
  70:Generated_Source\PSoC5/isr_tc.c **** 
 235              		.loc 1 70 0
 236 000c 0720     		movs	r0, #7
 237 000e FFF7FEFF 		bl	isr_tc_SetPriority
 238              	.LVL9:
  73:Generated_Source\PSoC5/isr_tc.c **** }
 239              		.loc 1 73 0
 240 0012 FFF7FEFF 		bl	isr_tc_Enable
 241              	.LVL10:
 242 0016 08BD     		pop	{r3, pc}
 243              	.L27:
 244              		.align	2
 245              	.L26:
 246 0018 00000000 		.word	isr_tc_Interrupt
 247              		.cfi_endproc
 248              	.LFE0:
 249              		.size	isr_tc_Start, .-isr_tc_Start
 250              		.section	.text.isr_tc_StartEx,"ax",%progbits
 251              		.align	2
 252              		.global	isr_tc_StartEx
 253              		.thumb
 254              		.thumb_func
 255              		.type	isr_tc_StartEx, %function
 256              	isr_tc_StartEx:
 257              	.LFB1:
 105:Generated_Source\PSoC5/isr_tc.c ****     /* For all we know the interrupt is active. */
 258              		.loc 1 105 0
 259              		.cfi_startproc
 260              		@ args = 0, pretend = 0, frame = 0
 261              		@ frame_needed = 0, uses_anonymous_args = 0
 262              	.LVL11:
 263 0000 10B5     		push	{r4, lr}
 264              		.cfi_def_cfa_offset 8
 265              		.cfi_offset 4, -8
 266              		.cfi_offset 14, -4
 267 0002 0446     		mov	r4, r0
 107:Generated_Source\PSoC5/isr_tc.c **** 
ARM GAS  C:\Users\EA527~1.IVA\AppData\Local\Temp\cc1mBASg.s 			page 12


 268              		.loc 1 107 0
 269 0004 FFF7FEFF 		bl	isr_tc_Disable
 270              	.LVL12:
 110:Generated_Source\PSoC5/isr_tc.c **** 
 271              		.loc 1 110 0
 272 0008 2046     		mov	r0, r4
 273 000a FFF7FEFF 		bl	isr_tc_SetVector
 274              	.LVL13:
 113:Generated_Source\PSoC5/isr_tc.c **** 
 275              		.loc 1 113 0
 276 000e 0720     		movs	r0, #7
 277 0010 FFF7FEFF 		bl	isr_tc_SetPriority
 278              	.LVL14:
 116:Generated_Source\PSoC5/isr_tc.c **** }
 279              		.loc 1 116 0
 280 0014 FFF7FEFF 		bl	isr_tc_Enable
 281              	.LVL15:
 282 0018 10BD     		pop	{r4, pc}
 283              		.cfi_endproc
 284              	.LFE1:
 285              		.size	isr_tc_StartEx, .-isr_tc_StartEx
 286 001a 00BF     		.section	.text.isr_tc_Stop,"ax",%progbits
 287              		.align	2
 288              		.global	isr_tc_Stop
 289              		.thumb
 290              		.thumb_func
 291              		.type	isr_tc_Stop, %function
 292              	isr_tc_Stop:
 293              	.LFB2:
 135:Generated_Source\PSoC5/isr_tc.c ****     /* Disable this interrupt. */
 294              		.loc 1 135 0
 295              		.cfi_startproc
 296              		@ args = 0, pretend = 0, frame = 0
 297              		@ frame_needed = 0, uses_anonymous_args = 0
 298 0000 08B5     		push	{r3, lr}
 299              		.cfi_def_cfa_offset 8
 300              		.cfi_offset 3, -8
 301              		.cfi_offset 14, -4
 137:Generated_Source\PSoC5/isr_tc.c **** 
 302              		.loc 1 137 0
 303 0002 FFF7FEFF 		bl	isr_tc_Disable
 304              	.LVL16:
 140:Generated_Source\PSoC5/isr_tc.c **** }
 305              		.loc 1 140 0
 306 0006 0248     		ldr	r0, .L32
 307 0008 FFF7FEFF 		bl	isr_tc_SetVector
 308              	.LVL17:
 309 000c 08BD     		pop	{r3, pc}
 310              	.L33:
 311 000e 00BF     		.align	2
 312              	.L32:
 313 0010 00000000 		.word	IntDefaultHandler
 314              		.cfi_endproc
 315              	.LFE2:
 316              		.size	isr_tc_Stop, .-isr_tc_Stop
 317              		.section	.text.isr_tc_SetPending,"ax",%progbits
 318              		.align	2
ARM GAS  C:\Users\EA527~1.IVA\AppData\Local\Temp\cc1mBASg.s 			page 13


 319              		.global	isr_tc_SetPending
 320              		.thumb
 321              		.thumb_func
 322              		.type	isr_tc_SetPending, %function
 323              	isr_tc_SetPending:
 324              	.LFB11:
 354:Generated_Source\PSoC5/isr_tc.c **** }
 355:Generated_Source\PSoC5/isr_tc.c **** 
 356:Generated_Source\PSoC5/isr_tc.c **** 
 357:Generated_Source\PSoC5/isr_tc.c **** /*******************************************************************************
 358:Generated_Source\PSoC5/isr_tc.c **** * Function Name: isr_tc_SetPending
 359:Generated_Source\PSoC5/isr_tc.c **** ********************************************************************************
 360:Generated_Source\PSoC5/isr_tc.c **** *
 361:Generated_Source\PSoC5/isr_tc.c **** * Summary:
 362:Generated_Source\PSoC5/isr_tc.c **** *   Causes the Interrupt to enter the pending state, a software method of
 363:Generated_Source\PSoC5/isr_tc.c **** *   generating the interrupt.
 364:Generated_Source\PSoC5/isr_tc.c **** *
 365:Generated_Source\PSoC5/isr_tc.c **** * Parameters:
 366:Generated_Source\PSoC5/isr_tc.c **** *   None
 367:Generated_Source\PSoC5/isr_tc.c **** *
 368:Generated_Source\PSoC5/isr_tc.c **** * Return:
 369:Generated_Source\PSoC5/isr_tc.c **** *   None
 370:Generated_Source\PSoC5/isr_tc.c **** *
 371:Generated_Source\PSoC5/isr_tc.c **** * Side Effects:
 372:Generated_Source\PSoC5/isr_tc.c **** *   If interrupts are enabled and the interrupt is set up properly, the ISR is
 373:Generated_Source\PSoC5/isr_tc.c **** *   entered (depending on the priority of this interrupt and other pending 
 374:Generated_Source\PSoC5/isr_tc.c **** *   interrupts).
 375:Generated_Source\PSoC5/isr_tc.c **** *
 376:Generated_Source\PSoC5/isr_tc.c **** *******************************************************************************/
 377:Generated_Source\PSoC5/isr_tc.c **** void isr_tc_SetPending(void)
 378:Generated_Source\PSoC5/isr_tc.c **** {
 325              		.loc 1 378 0
 326              		.cfi_startproc
 327              		@ args = 0, pretend = 0, frame = 0
 328              		@ frame_needed = 0, uses_anonymous_args = 0
 329              		@ link register save eliminated.
 379:Generated_Source\PSoC5/isr_tc.c ****     *isr_tc_INTC_SET_PD = isr_tc__INTC_MASK;
 330              		.loc 1 379 0
 331 0000 8022     		movs	r2, #128
 332 0002 014B     		ldr	r3, .L35
 333 0004 1A60     		str	r2, [r3]
 334 0006 7047     		bx	lr
 335              	.L36:
 336              		.align	2
 337              	.L35:
 338 0008 00E200E0 		.word	-536813056
 339              		.cfi_endproc
 340              	.LFE11:
 341              		.size	isr_tc_SetPending, .-isr_tc_SetPending
 342              		.section	.text.isr_tc_ClearPending,"ax",%progbits
 343              		.align	2
 344              		.global	isr_tc_ClearPending
 345              		.thumb
 346              		.thumb_func
 347              		.type	isr_tc_ClearPending, %function
 348              	isr_tc_ClearPending:
 349              	.LFB12:
ARM GAS  C:\Users\EA527~1.IVA\AppData\Local\Temp\cc1mBASg.s 			page 14


 380:Generated_Source\PSoC5/isr_tc.c **** }
 381:Generated_Source\PSoC5/isr_tc.c **** 
 382:Generated_Source\PSoC5/isr_tc.c **** 
 383:Generated_Source\PSoC5/isr_tc.c **** /*******************************************************************************
 384:Generated_Source\PSoC5/isr_tc.c **** * Function Name: isr_tc_ClearPending
 385:Generated_Source\PSoC5/isr_tc.c **** ********************************************************************************
 386:Generated_Source\PSoC5/isr_tc.c **** *
 387:Generated_Source\PSoC5/isr_tc.c **** * Summary:
 388:Generated_Source\PSoC5/isr_tc.c **** *   Clears a pending interrupt in the interrupt controller.
 389:Generated_Source\PSoC5/isr_tc.c **** *
 390:Generated_Source\PSoC5/isr_tc.c **** *   Note Some interrupt sources are clear-on-read and require the block 
 391:Generated_Source\PSoC5/isr_tc.c **** *   interrupt/status register to be read/cleared with the appropriate block API 
 392:Generated_Source\PSoC5/isr_tc.c **** *   (GPIO, UART, and so on). Otherwise the ISR will continue to remain in 
 393:Generated_Source\PSoC5/isr_tc.c **** *   pending state even though the interrupt itself is cleared using this API.
 394:Generated_Source\PSoC5/isr_tc.c **** *
 395:Generated_Source\PSoC5/isr_tc.c **** * Parameters:
 396:Generated_Source\PSoC5/isr_tc.c **** *   None
 397:Generated_Source\PSoC5/isr_tc.c **** *
 398:Generated_Source\PSoC5/isr_tc.c **** * Return:
 399:Generated_Source\PSoC5/isr_tc.c **** *   None
 400:Generated_Source\PSoC5/isr_tc.c **** *
 401:Generated_Source\PSoC5/isr_tc.c **** *******************************************************************************/
 402:Generated_Source\PSoC5/isr_tc.c **** void isr_tc_ClearPending(void)
 403:Generated_Source\PSoC5/isr_tc.c **** {
 350              		.loc 1 403 0
 351              		.cfi_startproc
 352              		@ args = 0, pretend = 0, frame = 0
 353              		@ frame_needed = 0, uses_anonymous_args = 0
 354              		@ link register save eliminated.
 404:Generated_Source\PSoC5/isr_tc.c ****     *isr_tc_INTC_CLR_PD = isr_tc__INTC_MASK;
 355              		.loc 1 404 0
 356 0000 8022     		movs	r2, #128
 357 0002 014B     		ldr	r3, .L38
 358 0004 1A60     		str	r2, [r3]
 359 0006 7047     		bx	lr
 360              	.L39:
 361              		.align	2
 362              	.L38:
 363 0008 80E200E0 		.word	-536812928
 364              		.cfi_endproc
 365              	.LFE12:
 366              		.size	isr_tc_ClearPending, .-isr_tc_ClearPending
 367              		.section	.text.isr_tc_Interrupt,"ax",%progbits
 368              		.align	2
 369              		.global	isr_tc_Interrupt
 370              		.thumb
 371              		.thumb_func
 372              		.type	isr_tc_Interrupt, %function
 373              	isr_tc_Interrupt:
 374              	.LFB3:
 161:Generated_Source\PSoC5/isr_tc.c ****     #ifdef isr_tc_INTERRUPT_INTERRUPT_CALLBACK
 375              		.loc 1 161 0
 376              		.cfi_startproc
 377              		@ args = 0, pretend = 0, frame = 0
 378              		@ frame_needed = 0, uses_anonymous_args = 0
 379 0000 08B5     		push	{r3, lr}
 380              		.cfi_def_cfa_offset 8
ARM GAS  C:\Users\EA527~1.IVA\AppData\Local\Temp\cc1mBASg.s 			page 15


 381              		.cfi_offset 3, -8
 382              		.cfi_offset 14, -4
 383              	.LVL18:
 169:Generated_Source\PSoC5/isr_tc.c ****     /* `#END` */
 384              		.loc 1 169 0
 385 0002 FFF7FEFF 		bl	isr_tc_ClearPending
 386              	.LVL19:
 387 0006 08BD     		pop	{r3, pc}
 388              		.cfi_endproc
 389              	.LFE3:
 390              		.size	isr_tc_Interrupt, .-isr_tc_Interrupt
 391              		.text
 392              	.Letext0:
 393              		.file 2 "Generated_Source\\PSoC5/cytypes.h"
 394              		.section	.debug_info,"",%progbits
 395              	.Ldebug_info0:
 396 0000 E2020000 		.4byte	0x2e2
 397 0004 0400     		.2byte	0x4
 398 0006 00000000 		.4byte	.Ldebug_abbrev0
 399 000a 04       		.byte	0x4
 400 000b 01       		.uleb128 0x1
 401 000c BB000000 		.4byte	.LASF33
 402 0010 0C       		.byte	0xc
 403 0011 EC010000 		.4byte	.LASF34
 404 0015 59000000 		.4byte	.LASF35
 405 0019 00000000 		.4byte	.Ldebug_ranges0+0
 406 001d 00000000 		.4byte	0
 407 0021 00000000 		.4byte	.Ldebug_line0
 408 0025 02       		.uleb128 0x2
 409 0026 04       		.byte	0x4
 410 0027 05       		.byte	0x5
 411 0028 696E7400 		.ascii	"int\000"
 412 002c 03       		.uleb128 0x3
 413 002d 04       		.byte	0x4
 414 002e 07       		.byte	0x7
 415 002f C0010000 		.4byte	.LASF0
 416 0033 03       		.uleb128 0x3
 417 0034 08       		.byte	0x8
 418 0035 05       		.byte	0x5
 419 0036 22020000 		.4byte	.LASF1
 420 003a 03       		.uleb128 0x3
 421 003b 08       		.byte	0x8
 422 003c 04       		.byte	0x4
 423 003d 78020000 		.4byte	.LASF2
 424 0041 03       		.uleb128 0x3
 425 0042 01       		.byte	0x1
 426 0043 06       		.byte	0x6
 427 0044 84020000 		.4byte	.LASF3
 428 0048 03       		.uleb128 0x3
 429 0049 01       		.byte	0x1
 430 004a 08       		.byte	0x8
 431 004b AD000000 		.4byte	.LASF4
 432 004f 03       		.uleb128 0x3
 433 0050 02       		.byte	0x2
 434 0051 05       		.byte	0x5
 435 0052 65020000 		.4byte	.LASF5
 436 0056 03       		.uleb128 0x3
ARM GAS  C:\Users\EA527~1.IVA\AppData\Local\Temp\cc1mBASg.s 			page 16


 437 0057 02       		.byte	0x2
 438 0058 07       		.byte	0x7
 439 0059 90020000 		.4byte	.LASF6
 440 005d 03       		.uleb128 0x3
 441 005e 04       		.byte	0x4
 442 005f 05       		.byte	0x5
 443 0060 6F020000 		.4byte	.LASF7
 444 0064 03       		.uleb128 0x3
 445 0065 04       		.byte	0x4
 446 0066 07       		.byte	0x7
 447 0067 60010000 		.4byte	.LASF8
 448 006b 03       		.uleb128 0x3
 449 006c 08       		.byte	0x8
 450 006d 07       		.byte	0x7
 451 006e D5010000 		.4byte	.LASF9
 452 0072 03       		.uleb128 0x3
 453 0073 04       		.byte	0x4
 454 0074 07       		.byte	0x7
 455 0075 19020000 		.4byte	.LASF10
 456 0079 03       		.uleb128 0x3
 457 007a 01       		.byte	0x1
 458 007b 08       		.byte	0x8
 459 007c 44020000 		.4byte	.LASF11
 460 0080 04       		.uleb128 0x4
 461 0081 04       		.byte	0x4
 462 0082 86000000 		.4byte	0x86
 463 0086 05       		.uleb128 0x5
 464 0087 06       		.uleb128 0x6
 465 0088 72010000 		.4byte	.LASF12
 466 008c 02       		.byte	0x2
 467 008d E401     		.2byte	0x1e4
 468 008f 48000000 		.4byte	0x48
 469 0093 06       		.uleb128 0x6
 470 0094 A8010000 		.4byte	.LASF13
 471 0098 02       		.byte	0x2
 472 0099 E601     		.2byte	0x1e6
 473 009b 64000000 		.4byte	0x64
 474 009f 03       		.uleb128 0x3
 475 00a0 04       		.byte	0x4
 476 00a1 04       		.byte	0x4
 477 00a2 53000000 		.4byte	.LASF14
 478 00a6 03       		.uleb128 0x3
 479 00a7 08       		.byte	0x8
 480 00a8 04       		.byte	0x4
 481 00a9 90010000 		.4byte	.LASF15
 482 00ad 06       		.uleb128 0x6
 483 00ae 5B010000 		.4byte	.LASF16
 484 00b2 02       		.byte	0x2
 485 00b3 8E02     		.2byte	0x28e
 486 00b5 B9000000 		.4byte	0xb9
 487 00b9 07       		.uleb128 0x7
 488 00ba 87000000 		.4byte	0x87
 489 00be 06       		.uleb128 0x6
 490 00bf 00000000 		.4byte	.LASF17
 491 00c3 02       		.byte	0x2
 492 00c4 9002     		.2byte	0x290
 493 00c6 CA000000 		.4byte	0xca
ARM GAS  C:\Users\EA527~1.IVA\AppData\Local\Temp\cc1mBASg.s 			page 17


 494 00ca 07       		.uleb128 0x7
 495 00cb 93000000 		.4byte	0x93
 496 00cf 06       		.uleb128 0x6
 497 00d0 0C020000 		.4byte	.LASF18
 498 00d4 02       		.byte	0x2
 499 00d5 A002     		.2byte	0x2a0
 500 00d7 80000000 		.4byte	0x80
 501 00db 08       		.uleb128 0x8
 502 00dc 20000000 		.4byte	.LASF20
 503 00e0 01       		.byte	0x1
 504 00e1 C9       		.byte	0xc9
 505 00e2 00000000 		.4byte	.LFB4
 506 00e6 0C000000 		.4byte	.LFE4-.LFB4
 507 00ea 01       		.uleb128 0x1
 508 00eb 9C       		.byte	0x9c
 509 00ec 0B010000 		.4byte	0x10b
 510 00f0 09       		.uleb128 0x9
 511 00f1 CD010000 		.4byte	.LASF22
 512 00f5 01       		.byte	0x1
 513 00f6 C9       		.byte	0xc9
 514 00f7 CF000000 		.4byte	0xcf
 515 00fb 01       		.uleb128 0x1
 516 00fc 50       		.byte	0x50
 517 00fd 0A       		.uleb128 0xa
 518 00fe 49020000 		.4byte	.LASF19
 519 0102 01       		.byte	0x1
 520 0103 CB       		.byte	0xcb
 521 0104 0B010000 		.4byte	0x10b
 522 0108 01       		.uleb128 0x1
 523 0109 53       		.byte	0x53
 524 010a 00       		.byte	0
 525 010b 04       		.uleb128 0x4
 526 010c 04       		.byte	0x4
 527 010d CF000000 		.4byte	0xcf
 528 0111 0B       		.uleb128 0xb
 529 0112 97010000 		.4byte	.LASF24
 530 0116 01       		.byte	0x1
 531 0117 E1       		.byte	0xe1
 532 0118 CF000000 		.4byte	0xcf
 533 011c 00000000 		.4byte	.LFB5
 534 0120 0C000000 		.4byte	.LFE5-.LFB5
 535 0124 01       		.uleb128 0x1
 536 0125 9C       		.byte	0x9c
 537 0126 38010000 		.4byte	0x138
 538 012a 0A       		.uleb128 0xa
 539 012b 49020000 		.4byte	.LASF19
 540 012f 01       		.byte	0x1
 541 0130 E3       		.byte	0xe3
 542 0131 0B010000 		.4byte	0x10b
 543 0135 01       		.uleb128 0x1
 544 0136 53       		.byte	0x53
 545 0137 00       		.byte	0
 546 0138 0C       		.uleb128 0xc
 547 0139 40000000 		.4byte	.LASF21
 548 013d 01       		.byte	0x1
 549 013e 0301     		.2byte	0x103
 550 0140 00000000 		.4byte	.LFB6
ARM GAS  C:\Users\EA527~1.IVA\AppData\Local\Temp\cc1mBASg.s 			page 18


 551 0144 10000000 		.4byte	.LFE6-.LFB6
 552 0148 01       		.uleb128 0x1
 553 0149 9C       		.byte	0x9c
 554 014a 5F010000 		.4byte	0x15f
 555 014e 0D       		.uleb128 0xd
 556 014f 78010000 		.4byte	.LASF23
 557 0153 01       		.byte	0x1
 558 0154 0301     		.2byte	0x103
 559 0156 87000000 		.4byte	0x87
 560 015a 00000000 		.4byte	.LLST0
 561 015e 00       		.byte	0
 562 015f 0E       		.uleb128 0xe
 563 0160 A3020000 		.4byte	.LASF25
 564 0164 01       		.byte	0x1
 565 0165 1901     		.2byte	0x119
 566 0167 87000000 		.4byte	0x87
 567 016b 00000000 		.4byte	.LFB7
 568 016f 0C000000 		.4byte	.LFE7-.LFB7
 569 0173 01       		.uleb128 0x1
 570 0174 9C       		.byte	0x9c
 571 0175 8A010000 		.4byte	0x18a
 572 0179 0F       		.uleb128 0xf
 573 017a 78010000 		.4byte	.LASF23
 574 017e 01       		.byte	0x1
 575 017f 1B01     		.2byte	0x11b
 576 0181 87000000 		.4byte	0x87
 577 0185 21000000 		.4byte	.LLST1
 578 0189 00       		.byte	0
 579 018a 10       		.uleb128 0x10
 580 018b 06000000 		.4byte	.LASF26
 581 018f 01       		.byte	0x1
 582 0190 3401     		.2byte	0x134
 583 0192 00000000 		.4byte	.LFB8
 584 0196 0C000000 		.4byte	.LFE8-.LFB8
 585 019a 01       		.uleb128 0x1
 586 019b 9C       		.byte	0x9c
 587 019c 11       		.uleb128 0x11
 588 019d B6020000 		.4byte	.LASF36
 589 01a1 01       		.byte	0x1
 590 01a2 4901     		.2byte	0x149
 591 01a4 87000000 		.4byte	0x87
 592 01a8 00000000 		.4byte	.LFB9
 593 01ac 18000000 		.4byte	.LFE9-.LFB9
 594 01b0 01       		.uleb128 0x1
 595 01b1 9C       		.byte	0x9c
 596 01b2 10       		.uleb128 0x10
 597 01b3 81010000 		.4byte	.LASF27
 598 01b7 01       		.byte	0x1
 599 01b8 5E01     		.2byte	0x15e
 600 01ba 00000000 		.4byte	.LFB10
 601 01be 0C000000 		.4byte	.LFE10-.LFB10
 602 01c2 01       		.uleb128 0x1
 603 01c3 9C       		.byte	0x9c
 604 01c4 08       		.uleb128 0x8
 605 01c5 58020000 		.4byte	.LASF28
 606 01c9 01       		.byte	0x1
 607 01ca 3D       		.byte	0x3d
ARM GAS  C:\Users\EA527~1.IVA\AppData\Local\Temp\cc1mBASg.s 			page 19


 608 01cb 00000000 		.4byte	.LFB0
 609 01cf 1C000000 		.4byte	.LFE0-.LFB0
 610 01d3 01       		.uleb128 0x1
 611 01d4 9C       		.byte	0x9c
 612 01d5 16020000 		.4byte	0x216
 613 01d9 12       		.uleb128 0x12
 614 01da 06000000 		.4byte	.LVL7
 615 01de B2010000 		.4byte	0x1b2
 616 01e2 13       		.uleb128 0x13
 617 01e3 0C000000 		.4byte	.LVL8
 618 01e7 DB000000 		.4byte	0xdb
 619 01eb F9010000 		.4byte	0x1f9
 620 01ef 14       		.uleb128 0x14
 621 01f0 01       		.uleb128 0x1
 622 01f1 50       		.byte	0x50
 623 01f2 05       		.uleb128 0x5
 624 01f3 03       		.byte	0x3
 625 01f4 00000000 		.4byte	isr_tc_Interrupt
 626 01f8 00       		.byte	0
 627 01f9 13       		.uleb128 0x13
 628 01fa 12000000 		.4byte	.LVL9
 629 01fe 38010000 		.4byte	0x138
 630 0202 0C020000 		.4byte	0x20c
 631 0206 14       		.uleb128 0x14
 632 0207 01       		.uleb128 0x1
 633 0208 50       		.byte	0x50
 634 0209 01       		.uleb128 0x1
 635 020a 37       		.byte	0x37
 636 020b 00       		.byte	0
 637 020c 12       		.uleb128 0x12
 638 020d 16000000 		.4byte	.LVL10
 639 0211 8A010000 		.4byte	0x18a
 640 0215 00       		.byte	0
 641 0216 08       		.uleb128 0x8
 642 0217 31000000 		.4byte	.LASF29
 643 021b 01       		.byte	0x1
 644 021c 68       		.byte	0x68
 645 021d 00000000 		.4byte	.LFB1
 646 0221 1A000000 		.4byte	.LFE1-.LFB1
 647 0225 01       		.uleb128 0x1
 648 0226 9C       		.byte	0x9c
 649 0227 74020000 		.4byte	0x274
 650 022b 15       		.uleb128 0x15
 651 022c CD010000 		.4byte	.LASF22
 652 0230 01       		.byte	0x1
 653 0231 68       		.byte	0x68
 654 0232 CF000000 		.4byte	0xcf
 655 0236 38000000 		.4byte	.LLST2
 656 023a 12       		.uleb128 0x12
 657 023b 08000000 		.4byte	.LVL12
 658 023f B2010000 		.4byte	0x1b2
 659 0243 13       		.uleb128 0x13
 660 0244 0E000000 		.4byte	.LVL13
 661 0248 DB000000 		.4byte	0xdb
 662 024c 57020000 		.4byte	0x257
 663 0250 14       		.uleb128 0x14
 664 0251 01       		.uleb128 0x1
ARM GAS  C:\Users\EA527~1.IVA\AppData\Local\Temp\cc1mBASg.s 			page 20


 665 0252 50       		.byte	0x50
 666 0253 02       		.uleb128 0x2
 667 0254 74       		.byte	0x74
 668 0255 00       		.sleb128 0
 669 0256 00       		.byte	0
 670 0257 13       		.uleb128 0x13
 671 0258 14000000 		.4byte	.LVL14
 672 025c 38010000 		.4byte	0x138
 673 0260 6A020000 		.4byte	0x26a
 674 0264 14       		.uleb128 0x14
 675 0265 01       		.uleb128 0x1
 676 0266 50       		.byte	0x50
 677 0267 01       		.uleb128 0x1
 678 0268 37       		.byte	0x37
 679 0269 00       		.byte	0
 680 026a 12       		.uleb128 0x12
 681 026b 18000000 		.4byte	.LVL15
 682 026f 8A010000 		.4byte	0x18a
 683 0273 00       		.byte	0
 684 0274 08       		.uleb128 0x8
 685 0275 14000000 		.4byte	.LASF30
 686 0279 01       		.byte	0x1
 687 027a 86       		.byte	0x86
 688 027b 00000000 		.4byte	.LFB2
 689 027f 14000000 		.4byte	.LFE2-.LFB2
 690 0283 01       		.uleb128 0x1
 691 0284 9C       		.byte	0x9c
 692 0285 9C020000 		.4byte	0x29c
 693 0289 12       		.uleb128 0x12
 694 028a 06000000 		.4byte	.LVL16
 695 028e B2010000 		.4byte	0x1b2
 696 0292 12       		.uleb128 0x12
 697 0293 0C000000 		.4byte	.LVL17
 698 0297 DB000000 		.4byte	0xdb
 699 029b 00       		.byte	0
 700 029c 10       		.uleb128 0x10
 701 029d 49010000 		.4byte	.LASF31
 702 02a1 01       		.byte	0x1
 703 02a2 7901     		.2byte	0x179
 704 02a4 00000000 		.4byte	.LFB11
 705 02a8 0C000000 		.4byte	.LFE11-.LFB11
 706 02ac 01       		.uleb128 0x1
 707 02ad 9C       		.byte	0x9c
 708 02ae 10       		.uleb128 0x10
 709 02af 30020000 		.4byte	.LASF32
 710 02b3 01       		.byte	0x1
 711 02b4 9201     		.2byte	0x192
 712 02b6 00000000 		.4byte	.LFB12
 713 02ba 0C000000 		.4byte	.LFE12-.LFB12
 714 02be 01       		.uleb128 0x1
 715 02bf 9C       		.byte	0x9c
 716 02c0 16       		.uleb128 0x16
 717 02c1 AF010000 		.4byte	.LASF37
 718 02c5 01       		.byte	0x1
 719 02c6 A0       		.byte	0xa0
 720 02c7 00000000 		.4byte	.LFB3
 721 02cb 08000000 		.4byte	.LFE3-.LFB3
ARM GAS  C:\Users\EA527~1.IVA\AppData\Local\Temp\cc1mBASg.s 			page 21


 722 02cf 01       		.uleb128 0x1
 723 02d0 9C       		.byte	0x9c
 724 02d1 17       		.uleb128 0x17
 725 02d2 6100     		.ascii	"a\000"
 726 02d4 01       		.byte	0x1
 727 02d5 A8       		.byte	0xa8
 728 02d6 25000000 		.4byte	0x25
 729 02da 01       		.byte	0x1
 730 02db 12       		.uleb128 0x12
 731 02dc 06000000 		.4byte	.LVL19
 732 02e0 AE020000 		.4byte	0x2ae
 733 02e4 00       		.byte	0
 734 02e5 00       		.byte	0
 735              		.section	.debug_abbrev,"",%progbits
 736              	.Ldebug_abbrev0:
 737 0000 01       		.uleb128 0x1
 738 0001 11       		.uleb128 0x11
 739 0002 01       		.byte	0x1
 740 0003 25       		.uleb128 0x25
 741 0004 0E       		.uleb128 0xe
 742 0005 13       		.uleb128 0x13
 743 0006 0B       		.uleb128 0xb
 744 0007 03       		.uleb128 0x3
 745 0008 0E       		.uleb128 0xe
 746 0009 1B       		.uleb128 0x1b
 747 000a 0E       		.uleb128 0xe
 748 000b 55       		.uleb128 0x55
 749 000c 17       		.uleb128 0x17
 750 000d 11       		.uleb128 0x11
 751 000e 01       		.uleb128 0x1
 752 000f 10       		.uleb128 0x10
 753 0010 17       		.uleb128 0x17
 754 0011 00       		.byte	0
 755 0012 00       		.byte	0
 756 0013 02       		.uleb128 0x2
 757 0014 24       		.uleb128 0x24
 758 0015 00       		.byte	0
 759 0016 0B       		.uleb128 0xb
 760 0017 0B       		.uleb128 0xb
 761 0018 3E       		.uleb128 0x3e
 762 0019 0B       		.uleb128 0xb
 763 001a 03       		.uleb128 0x3
 764 001b 08       		.uleb128 0x8
 765 001c 00       		.byte	0
 766 001d 00       		.byte	0
 767 001e 03       		.uleb128 0x3
 768 001f 24       		.uleb128 0x24
 769 0020 00       		.byte	0
 770 0021 0B       		.uleb128 0xb
 771 0022 0B       		.uleb128 0xb
 772 0023 3E       		.uleb128 0x3e
 773 0024 0B       		.uleb128 0xb
 774 0025 03       		.uleb128 0x3
 775 0026 0E       		.uleb128 0xe
 776 0027 00       		.byte	0
 777 0028 00       		.byte	0
 778 0029 04       		.uleb128 0x4
ARM GAS  C:\Users\EA527~1.IVA\AppData\Local\Temp\cc1mBASg.s 			page 22


 779 002a 0F       		.uleb128 0xf
 780 002b 00       		.byte	0
 781 002c 0B       		.uleb128 0xb
 782 002d 0B       		.uleb128 0xb
 783 002e 49       		.uleb128 0x49
 784 002f 13       		.uleb128 0x13
 785 0030 00       		.byte	0
 786 0031 00       		.byte	0
 787 0032 05       		.uleb128 0x5
 788 0033 15       		.uleb128 0x15
 789 0034 00       		.byte	0
 790 0035 27       		.uleb128 0x27
 791 0036 19       		.uleb128 0x19
 792 0037 00       		.byte	0
 793 0038 00       		.byte	0
 794 0039 06       		.uleb128 0x6
 795 003a 16       		.uleb128 0x16
 796 003b 00       		.byte	0
 797 003c 03       		.uleb128 0x3
 798 003d 0E       		.uleb128 0xe
 799 003e 3A       		.uleb128 0x3a
 800 003f 0B       		.uleb128 0xb
 801 0040 3B       		.uleb128 0x3b
 802 0041 05       		.uleb128 0x5
 803 0042 49       		.uleb128 0x49
 804 0043 13       		.uleb128 0x13
 805 0044 00       		.byte	0
 806 0045 00       		.byte	0
 807 0046 07       		.uleb128 0x7
 808 0047 35       		.uleb128 0x35
 809 0048 00       		.byte	0
 810 0049 49       		.uleb128 0x49
 811 004a 13       		.uleb128 0x13
 812 004b 00       		.byte	0
 813 004c 00       		.byte	0
 814 004d 08       		.uleb128 0x8
 815 004e 2E       		.uleb128 0x2e
 816 004f 01       		.byte	0x1
 817 0050 3F       		.uleb128 0x3f
 818 0051 19       		.uleb128 0x19
 819 0052 03       		.uleb128 0x3
 820 0053 0E       		.uleb128 0xe
 821 0054 3A       		.uleb128 0x3a
 822 0055 0B       		.uleb128 0xb
 823 0056 3B       		.uleb128 0x3b
 824 0057 0B       		.uleb128 0xb
 825 0058 27       		.uleb128 0x27
 826 0059 19       		.uleb128 0x19
 827 005a 11       		.uleb128 0x11
 828 005b 01       		.uleb128 0x1
 829 005c 12       		.uleb128 0x12
 830 005d 06       		.uleb128 0x6
 831 005e 40       		.uleb128 0x40
 832 005f 18       		.uleb128 0x18
 833 0060 9742     		.uleb128 0x2117
 834 0062 19       		.uleb128 0x19
 835 0063 01       		.uleb128 0x1
ARM GAS  C:\Users\EA527~1.IVA\AppData\Local\Temp\cc1mBASg.s 			page 23


 836 0064 13       		.uleb128 0x13
 837 0065 00       		.byte	0
 838 0066 00       		.byte	0
 839 0067 09       		.uleb128 0x9
 840 0068 05       		.uleb128 0x5
 841 0069 00       		.byte	0
 842 006a 03       		.uleb128 0x3
 843 006b 0E       		.uleb128 0xe
 844 006c 3A       		.uleb128 0x3a
 845 006d 0B       		.uleb128 0xb
 846 006e 3B       		.uleb128 0x3b
 847 006f 0B       		.uleb128 0xb
 848 0070 49       		.uleb128 0x49
 849 0071 13       		.uleb128 0x13
 850 0072 02       		.uleb128 0x2
 851 0073 18       		.uleb128 0x18
 852 0074 00       		.byte	0
 853 0075 00       		.byte	0
 854 0076 0A       		.uleb128 0xa
 855 0077 34       		.uleb128 0x34
 856 0078 00       		.byte	0
 857 0079 03       		.uleb128 0x3
 858 007a 0E       		.uleb128 0xe
 859 007b 3A       		.uleb128 0x3a
 860 007c 0B       		.uleb128 0xb
 861 007d 3B       		.uleb128 0x3b
 862 007e 0B       		.uleb128 0xb
 863 007f 49       		.uleb128 0x49
 864 0080 13       		.uleb128 0x13
 865 0081 02       		.uleb128 0x2
 866 0082 18       		.uleb128 0x18
 867 0083 00       		.byte	0
 868 0084 00       		.byte	0
 869 0085 0B       		.uleb128 0xb
 870 0086 2E       		.uleb128 0x2e
 871 0087 01       		.byte	0x1
 872 0088 3F       		.uleb128 0x3f
 873 0089 19       		.uleb128 0x19
 874 008a 03       		.uleb128 0x3
 875 008b 0E       		.uleb128 0xe
 876 008c 3A       		.uleb128 0x3a
 877 008d 0B       		.uleb128 0xb
 878 008e 3B       		.uleb128 0x3b
 879 008f 0B       		.uleb128 0xb
 880 0090 27       		.uleb128 0x27
 881 0091 19       		.uleb128 0x19
 882 0092 49       		.uleb128 0x49
 883 0093 13       		.uleb128 0x13
 884 0094 11       		.uleb128 0x11
 885 0095 01       		.uleb128 0x1
 886 0096 12       		.uleb128 0x12
 887 0097 06       		.uleb128 0x6
 888 0098 40       		.uleb128 0x40
 889 0099 18       		.uleb128 0x18
 890 009a 9742     		.uleb128 0x2117
 891 009c 19       		.uleb128 0x19
 892 009d 01       		.uleb128 0x1
ARM GAS  C:\Users\EA527~1.IVA\AppData\Local\Temp\cc1mBASg.s 			page 24


 893 009e 13       		.uleb128 0x13
 894 009f 00       		.byte	0
 895 00a0 00       		.byte	0
 896 00a1 0C       		.uleb128 0xc
 897 00a2 2E       		.uleb128 0x2e
 898 00a3 01       		.byte	0x1
 899 00a4 3F       		.uleb128 0x3f
 900 00a5 19       		.uleb128 0x19
 901 00a6 03       		.uleb128 0x3
 902 00a7 0E       		.uleb128 0xe
 903 00a8 3A       		.uleb128 0x3a
 904 00a9 0B       		.uleb128 0xb
 905 00aa 3B       		.uleb128 0x3b
 906 00ab 05       		.uleb128 0x5
 907 00ac 27       		.uleb128 0x27
 908 00ad 19       		.uleb128 0x19
 909 00ae 11       		.uleb128 0x11
 910 00af 01       		.uleb128 0x1
 911 00b0 12       		.uleb128 0x12
 912 00b1 06       		.uleb128 0x6
 913 00b2 40       		.uleb128 0x40
 914 00b3 18       		.uleb128 0x18
 915 00b4 9742     		.uleb128 0x2117
 916 00b6 19       		.uleb128 0x19
 917 00b7 01       		.uleb128 0x1
 918 00b8 13       		.uleb128 0x13
 919 00b9 00       		.byte	0
 920 00ba 00       		.byte	0
 921 00bb 0D       		.uleb128 0xd
 922 00bc 05       		.uleb128 0x5
 923 00bd 00       		.byte	0
 924 00be 03       		.uleb128 0x3
 925 00bf 0E       		.uleb128 0xe
 926 00c0 3A       		.uleb128 0x3a
 927 00c1 0B       		.uleb128 0xb
 928 00c2 3B       		.uleb128 0x3b
 929 00c3 05       		.uleb128 0x5
 930 00c4 49       		.uleb128 0x49
 931 00c5 13       		.uleb128 0x13
 932 00c6 02       		.uleb128 0x2
 933 00c7 17       		.uleb128 0x17
 934 00c8 00       		.byte	0
 935 00c9 00       		.byte	0
 936 00ca 0E       		.uleb128 0xe
 937 00cb 2E       		.uleb128 0x2e
 938 00cc 01       		.byte	0x1
 939 00cd 3F       		.uleb128 0x3f
 940 00ce 19       		.uleb128 0x19
 941 00cf 03       		.uleb128 0x3
 942 00d0 0E       		.uleb128 0xe
 943 00d1 3A       		.uleb128 0x3a
 944 00d2 0B       		.uleb128 0xb
 945 00d3 3B       		.uleb128 0x3b
 946 00d4 05       		.uleb128 0x5
 947 00d5 27       		.uleb128 0x27
 948 00d6 19       		.uleb128 0x19
 949 00d7 49       		.uleb128 0x49
ARM GAS  C:\Users\EA527~1.IVA\AppData\Local\Temp\cc1mBASg.s 			page 25


 950 00d8 13       		.uleb128 0x13
 951 00d9 11       		.uleb128 0x11
 952 00da 01       		.uleb128 0x1
 953 00db 12       		.uleb128 0x12
 954 00dc 06       		.uleb128 0x6
 955 00dd 40       		.uleb128 0x40
 956 00de 18       		.uleb128 0x18
 957 00df 9742     		.uleb128 0x2117
 958 00e1 19       		.uleb128 0x19
 959 00e2 01       		.uleb128 0x1
 960 00e3 13       		.uleb128 0x13
 961 00e4 00       		.byte	0
 962 00e5 00       		.byte	0
 963 00e6 0F       		.uleb128 0xf
 964 00e7 34       		.uleb128 0x34
 965 00e8 00       		.byte	0
 966 00e9 03       		.uleb128 0x3
 967 00ea 0E       		.uleb128 0xe
 968 00eb 3A       		.uleb128 0x3a
 969 00ec 0B       		.uleb128 0xb
 970 00ed 3B       		.uleb128 0x3b
 971 00ee 05       		.uleb128 0x5
 972 00ef 49       		.uleb128 0x49
 973 00f0 13       		.uleb128 0x13
 974 00f1 02       		.uleb128 0x2
 975 00f2 17       		.uleb128 0x17
 976 00f3 00       		.byte	0
 977 00f4 00       		.byte	0
 978 00f5 10       		.uleb128 0x10
 979 00f6 2E       		.uleb128 0x2e
 980 00f7 00       		.byte	0
 981 00f8 3F       		.uleb128 0x3f
 982 00f9 19       		.uleb128 0x19
 983 00fa 03       		.uleb128 0x3
 984 00fb 0E       		.uleb128 0xe
 985 00fc 3A       		.uleb128 0x3a
 986 00fd 0B       		.uleb128 0xb
 987 00fe 3B       		.uleb128 0x3b
 988 00ff 05       		.uleb128 0x5
 989 0100 27       		.uleb128 0x27
 990 0101 19       		.uleb128 0x19
 991 0102 11       		.uleb128 0x11
 992 0103 01       		.uleb128 0x1
 993 0104 12       		.uleb128 0x12
 994 0105 06       		.uleb128 0x6
 995 0106 40       		.uleb128 0x40
 996 0107 18       		.uleb128 0x18
 997 0108 9742     		.uleb128 0x2117
 998 010a 19       		.uleb128 0x19
 999 010b 00       		.byte	0
 1000 010c 00       		.byte	0
 1001 010d 11       		.uleb128 0x11
 1002 010e 2E       		.uleb128 0x2e
 1003 010f 00       		.byte	0
 1004 0110 3F       		.uleb128 0x3f
 1005 0111 19       		.uleb128 0x19
 1006 0112 03       		.uleb128 0x3
ARM GAS  C:\Users\EA527~1.IVA\AppData\Local\Temp\cc1mBASg.s 			page 26


 1007 0113 0E       		.uleb128 0xe
 1008 0114 3A       		.uleb128 0x3a
 1009 0115 0B       		.uleb128 0xb
 1010 0116 3B       		.uleb128 0x3b
 1011 0117 05       		.uleb128 0x5
 1012 0118 27       		.uleb128 0x27
 1013 0119 19       		.uleb128 0x19
 1014 011a 49       		.uleb128 0x49
 1015 011b 13       		.uleb128 0x13
 1016 011c 11       		.uleb128 0x11
 1017 011d 01       		.uleb128 0x1
 1018 011e 12       		.uleb128 0x12
 1019 011f 06       		.uleb128 0x6
 1020 0120 40       		.uleb128 0x40
 1021 0121 18       		.uleb128 0x18
 1022 0122 9742     		.uleb128 0x2117
 1023 0124 19       		.uleb128 0x19
 1024 0125 00       		.byte	0
 1025 0126 00       		.byte	0
 1026 0127 12       		.uleb128 0x12
 1027 0128 898201   		.uleb128 0x4109
 1028 012b 00       		.byte	0
 1029 012c 11       		.uleb128 0x11
 1030 012d 01       		.uleb128 0x1
 1031 012e 31       		.uleb128 0x31
 1032 012f 13       		.uleb128 0x13
 1033 0130 00       		.byte	0
 1034 0131 00       		.byte	0
 1035 0132 13       		.uleb128 0x13
 1036 0133 898201   		.uleb128 0x4109
 1037 0136 01       		.byte	0x1
 1038 0137 11       		.uleb128 0x11
 1039 0138 01       		.uleb128 0x1
 1040 0139 31       		.uleb128 0x31
 1041 013a 13       		.uleb128 0x13
 1042 013b 01       		.uleb128 0x1
 1043 013c 13       		.uleb128 0x13
 1044 013d 00       		.byte	0
 1045 013e 00       		.byte	0
 1046 013f 14       		.uleb128 0x14
 1047 0140 8A8201   		.uleb128 0x410a
 1048 0143 00       		.byte	0
 1049 0144 02       		.uleb128 0x2
 1050 0145 18       		.uleb128 0x18
 1051 0146 9142     		.uleb128 0x2111
 1052 0148 18       		.uleb128 0x18
 1053 0149 00       		.byte	0
 1054 014a 00       		.byte	0
 1055 014b 15       		.uleb128 0x15
 1056 014c 05       		.uleb128 0x5
 1057 014d 00       		.byte	0
 1058 014e 03       		.uleb128 0x3
 1059 014f 0E       		.uleb128 0xe
 1060 0150 3A       		.uleb128 0x3a
 1061 0151 0B       		.uleb128 0xb
 1062 0152 3B       		.uleb128 0x3b
 1063 0153 0B       		.uleb128 0xb
ARM GAS  C:\Users\EA527~1.IVA\AppData\Local\Temp\cc1mBASg.s 			page 27


 1064 0154 49       		.uleb128 0x49
 1065 0155 13       		.uleb128 0x13
 1066 0156 02       		.uleb128 0x2
 1067 0157 17       		.uleb128 0x17
 1068 0158 00       		.byte	0
 1069 0159 00       		.byte	0
 1070 015a 16       		.uleb128 0x16
 1071 015b 2E       		.uleb128 0x2e
 1072 015c 01       		.byte	0x1
 1073 015d 3F       		.uleb128 0x3f
 1074 015e 19       		.uleb128 0x19
 1075 015f 03       		.uleb128 0x3
 1076 0160 0E       		.uleb128 0xe
 1077 0161 3A       		.uleb128 0x3a
 1078 0162 0B       		.uleb128 0xb
 1079 0163 3B       		.uleb128 0x3b
 1080 0164 0B       		.uleb128 0xb
 1081 0165 27       		.uleb128 0x27
 1082 0166 19       		.uleb128 0x19
 1083 0167 11       		.uleb128 0x11
 1084 0168 01       		.uleb128 0x1
 1085 0169 12       		.uleb128 0x12
 1086 016a 06       		.uleb128 0x6
 1087 016b 40       		.uleb128 0x40
 1088 016c 18       		.uleb128 0x18
 1089 016d 9742     		.uleb128 0x2117
 1090 016f 19       		.uleb128 0x19
 1091 0170 00       		.byte	0
 1092 0171 00       		.byte	0
 1093 0172 17       		.uleb128 0x17
 1094 0173 34       		.uleb128 0x34
 1095 0174 00       		.byte	0
 1096 0175 03       		.uleb128 0x3
 1097 0176 08       		.uleb128 0x8
 1098 0177 3A       		.uleb128 0x3a
 1099 0178 0B       		.uleb128 0xb
 1100 0179 3B       		.uleb128 0x3b
 1101 017a 0B       		.uleb128 0xb
 1102 017b 49       		.uleb128 0x49
 1103 017c 13       		.uleb128 0x13
 1104 017d 1C       		.uleb128 0x1c
 1105 017e 0B       		.uleb128 0xb
 1106 017f 00       		.byte	0
 1107 0180 00       		.byte	0
 1108 0181 00       		.byte	0
 1109              		.section	.debug_loc,"",%progbits
 1110              	.Ldebug_loc0:
 1111              	.LLST0:
 1112 0000 00000000 		.4byte	.LVL3
 1113 0004 02000000 		.4byte	.LVL4
 1114 0008 0100     		.2byte	0x1
 1115 000a 50       		.byte	0x50
 1116 000b 02000000 		.4byte	.LVL4
 1117 000f 10000000 		.4byte	.LFE6
 1118 0013 0400     		.2byte	0x4
 1119 0015 F3       		.byte	0xf3
 1120 0016 01       		.uleb128 0x1
ARM GAS  C:\Users\EA527~1.IVA\AppData\Local\Temp\cc1mBASg.s 			page 28


 1121 0017 50       		.byte	0x50
 1122 0018 9F       		.byte	0x9f
 1123 0019 00000000 		.4byte	0
 1124 001d 00000000 		.4byte	0
 1125              	.LLST1:
 1126 0021 04000000 		.4byte	.LVL5
 1127 0025 06000000 		.4byte	.LVL6
 1128 0029 0500     		.2byte	0x5
 1129 002b 70       		.byte	0x70
 1130 002c 00       		.sleb128 0
 1131 002d 35       		.byte	0x35
 1132 002e 25       		.byte	0x25
 1133 002f 9F       		.byte	0x9f
 1134 0030 00000000 		.4byte	0
 1135 0034 00000000 		.4byte	0
 1136              	.LLST2:
 1137 0038 00000000 		.4byte	.LVL11
 1138 003c 07000000 		.4byte	.LVL12-1
 1139 0040 0100     		.2byte	0x1
 1140 0042 50       		.byte	0x50
 1141 0043 07000000 		.4byte	.LVL12-1
 1142 0047 1A000000 		.4byte	.LFE1
 1143 004b 0100     		.2byte	0x1
 1144 004d 54       		.byte	0x54
 1145 004e 00000000 		.4byte	0
 1146 0052 00000000 		.4byte	0
 1147              		.section	.debug_aranges,"",%progbits
 1148 0000 7C000000 		.4byte	0x7c
 1149 0004 0200     		.2byte	0x2
 1150 0006 00000000 		.4byte	.Ldebug_info0
 1151 000a 04       		.byte	0x4
 1152 000b 00       		.byte	0
 1153 000c 0000     		.2byte	0
 1154 000e 0000     		.2byte	0
 1155 0010 00000000 		.4byte	.LFB4
 1156 0014 0C000000 		.4byte	.LFE4-.LFB4
 1157 0018 00000000 		.4byte	.LFB5
 1158 001c 0C000000 		.4byte	.LFE5-.LFB5
 1159 0020 00000000 		.4byte	.LFB6
 1160 0024 10000000 		.4byte	.LFE6-.LFB6
 1161 0028 00000000 		.4byte	.LFB7
 1162 002c 0C000000 		.4byte	.LFE7-.LFB7
 1163 0030 00000000 		.4byte	.LFB8
 1164 0034 0C000000 		.4byte	.LFE8-.LFB8
 1165 0038 00000000 		.4byte	.LFB9
 1166 003c 18000000 		.4byte	.LFE9-.LFB9
 1167 0040 00000000 		.4byte	.LFB10
 1168 0044 0C000000 		.4byte	.LFE10-.LFB10
 1169 0048 00000000 		.4byte	.LFB0
 1170 004c 1C000000 		.4byte	.LFE0-.LFB0
 1171 0050 00000000 		.4byte	.LFB1
 1172 0054 1A000000 		.4byte	.LFE1-.LFB1
 1173 0058 00000000 		.4byte	.LFB2
 1174 005c 14000000 		.4byte	.LFE2-.LFB2
 1175 0060 00000000 		.4byte	.LFB11
 1176 0064 0C000000 		.4byte	.LFE11-.LFB11
 1177 0068 00000000 		.4byte	.LFB12
ARM GAS  C:\Users\EA527~1.IVA\AppData\Local\Temp\cc1mBASg.s 			page 29


 1178 006c 0C000000 		.4byte	.LFE12-.LFB12
 1179 0070 00000000 		.4byte	.LFB3
 1180 0074 08000000 		.4byte	.LFE3-.LFB3
 1181 0078 00000000 		.4byte	0
 1182 007c 00000000 		.4byte	0
 1183              		.section	.debug_ranges,"",%progbits
 1184              	.Ldebug_ranges0:
 1185 0000 00000000 		.4byte	.LFB4
 1186 0004 0C000000 		.4byte	.LFE4
 1187 0008 00000000 		.4byte	.LFB5
 1188 000c 0C000000 		.4byte	.LFE5
 1189 0010 00000000 		.4byte	.LFB6
 1190 0014 10000000 		.4byte	.LFE6
 1191 0018 00000000 		.4byte	.LFB7
 1192 001c 0C000000 		.4byte	.LFE7
 1193 0020 00000000 		.4byte	.LFB8
 1194 0024 0C000000 		.4byte	.LFE8
 1195 0028 00000000 		.4byte	.LFB9
 1196 002c 18000000 		.4byte	.LFE9
 1197 0030 00000000 		.4byte	.LFB10
 1198 0034 0C000000 		.4byte	.LFE10
 1199 0038 00000000 		.4byte	.LFB0
 1200 003c 1C000000 		.4byte	.LFE0
 1201 0040 00000000 		.4byte	.LFB1
 1202 0044 1A000000 		.4byte	.LFE1
 1203 0048 00000000 		.4byte	.LFB2
 1204 004c 14000000 		.4byte	.LFE2
 1205 0050 00000000 		.4byte	.LFB11
 1206 0054 0C000000 		.4byte	.LFE11
 1207 0058 00000000 		.4byte	.LFB12
 1208 005c 0C000000 		.4byte	.LFE12
 1209 0060 00000000 		.4byte	.LFB3
 1210 0064 08000000 		.4byte	.LFE3
 1211 0068 00000000 		.4byte	0
 1212 006c 00000000 		.4byte	0
 1213              		.section	.debug_line,"",%progbits
 1214              	.Ldebug_line0:
 1215 0000 30010000 		.section	.debug_str,"MS",%progbits,1
 1215      02004300 
 1215      00000201 
 1215      FB0E0D00 
 1215      01010101 
 1216              	.LASF17:
 1217 0000 72656733 		.ascii	"reg32\000"
 1217      3200
 1218              	.LASF26:
 1219 0006 6973725F 		.ascii	"isr_tc_Enable\000"
 1219      74635F45 
 1219      6E61626C 
 1219      6500
 1220              	.LASF30:
 1221 0014 6973725F 		.ascii	"isr_tc_Stop\000"
 1221      74635F53 
 1221      746F7000 
 1222              	.LASF20:
 1223 0020 6973725F 		.ascii	"isr_tc_SetVector\000"
 1223      74635F53 
ARM GAS  C:\Users\EA527~1.IVA\AppData\Local\Temp\cc1mBASg.s 			page 30


 1223      65745665 
 1223      63746F72 
 1223      00
 1224              	.LASF29:
 1225 0031 6973725F 		.ascii	"isr_tc_StartEx\000"
 1225      74635F53 
 1225      74617274 
 1225      457800
 1226              	.LASF21:
 1227 0040 6973725F 		.ascii	"isr_tc_SetPriority\000"
 1227      74635F53 
 1227      65745072 
 1227      696F7269 
 1227      747900
 1228              	.LASF14:
 1229 0053 666C6F61 		.ascii	"float\000"
 1229      7400
 1230              	.LASF35:
 1231 0059 433A5C55 		.ascii	"C:\\Users\\e.ivanov\\Documents\\GitHub\\time_src\\b"
 1231      73657273 
 1231      5C652E69 
 1231      76616E6F 
 1231      765C446F 
 1232 0086 72616E63 		.ascii	"ranch\\Manchester encoder-decoder.cydsn\000"
 1232      685C4D61 
 1232      6E636865 
 1232      73746572 
 1232      20656E63 
 1233              	.LASF4:
 1234 00ad 756E7369 		.ascii	"unsigned char\000"
 1234      676E6564 
 1234      20636861 
 1234      7200
 1235              	.LASF33:
 1236 00bb 474E5520 		.ascii	"GNU C11 5.4.1 20160609 (release) [ARM/embedded-5-br"
 1236      43313120 
 1236      352E342E 
 1236      31203230 
 1236      31363036 
 1237 00ee 616E6368 		.ascii	"anch revision 237715] -mcpu=cortex-m3 -mthumb -g -O"
 1237      20726576 
 1237      6973696F 
 1237      6E203233 
 1237      37373135 
 1238 0121 67202D66 		.ascii	"g -ffunction-sections -ffat-lto-objects\000"
 1238      66756E63 
 1238      74696F6E 
 1238      2D736563 
 1238      74696F6E 
 1239              	.LASF31:
 1240 0149 6973725F 		.ascii	"isr_tc_SetPending\000"
 1240      74635F53 
 1240      65745065 
 1240      6E64696E 
 1240      6700
 1241              	.LASF16:
 1242 015b 72656738 		.ascii	"reg8\000"
ARM GAS  C:\Users\EA527~1.IVA\AppData\Local\Temp\cc1mBASg.s 			page 31


 1242      00
 1243              	.LASF8:
 1244 0160 6C6F6E67 		.ascii	"long unsigned int\000"
 1244      20756E73 
 1244      69676E65 
 1244      6420696E 
 1244      7400
 1245              	.LASF12:
 1246 0172 75696E74 		.ascii	"uint8\000"
 1246      3800
 1247              	.LASF23:
 1248 0178 7072696F 		.ascii	"priority\000"
 1248      72697479 
 1248      00
 1249              	.LASF27:
 1250 0181 6973725F 		.ascii	"isr_tc_Disable\000"
 1250      74635F44 
 1250      69736162 
 1250      6C6500
 1251              	.LASF15:
 1252 0190 646F7562 		.ascii	"double\000"
 1252      6C6500
 1253              	.LASF24:
 1254 0197 6973725F 		.ascii	"isr_tc_GetVector\000"
 1254      74635F47 
 1254      65745665 
 1254      63746F72 
 1254      00
 1255              	.LASF13:
 1256 01a8 75696E74 		.ascii	"uint32\000"
 1256      333200
 1257              	.LASF37:
 1258 01af 6973725F 		.ascii	"isr_tc_Interrupt\000"
 1258      74635F49 
 1258      6E746572 
 1258      72757074 
 1258      00
 1259              	.LASF0:
 1260 01c0 756E7369 		.ascii	"unsigned int\000"
 1260      676E6564 
 1260      20696E74 
 1260      00
 1261              	.LASF22:
 1262 01cd 61646472 		.ascii	"address\000"
 1262      65737300 
 1263              	.LASF9:
 1264 01d5 6C6F6E67 		.ascii	"long long unsigned int\000"
 1264      206C6F6E 
 1264      6720756E 
 1264      7369676E 
 1264      65642069 
 1265              	.LASF34:
 1266 01ec 47656E65 		.ascii	"Generated_Source\\PSoC5\\isr_tc.c\000"
 1266      72617465 
 1266      645F536F 
 1266      75726365 
 1266      5C50536F 
ARM GAS  C:\Users\EA527~1.IVA\AppData\Local\Temp\cc1mBASg.s 			page 32


 1267              	.LASF18:
 1268 020c 63796973 		.ascii	"cyisraddress\000"
 1268      72616464 
 1268      72657373 
 1268      00
 1269              	.LASF10:
 1270 0219 73697A65 		.ascii	"sizetype\000"
 1270      74797065 
 1270      00
 1271              	.LASF1:
 1272 0222 6C6F6E67 		.ascii	"long long int\000"
 1272      206C6F6E 
 1272      6720696E 
 1272      7400
 1273              	.LASF32:
 1274 0230 6973725F 		.ascii	"isr_tc_ClearPending\000"
 1274      74635F43 
 1274      6C656172 
 1274      50656E64 
 1274      696E6700 
 1275              	.LASF11:
 1276 0244 63686172 		.ascii	"char\000"
 1276      00
 1277              	.LASF19:
 1278 0249 72616D56 		.ascii	"ramVectorTable\000"
 1278      6563746F 
 1278      72546162 
 1278      6C6500
 1279              	.LASF28:
 1280 0258 6973725F 		.ascii	"isr_tc_Start\000"
 1280      74635F53 
 1280      74617274 
 1280      00
 1281              	.LASF5:
 1282 0265 73686F72 		.ascii	"short int\000"
 1282      7420696E 
 1282      7400
 1283              	.LASF7:
 1284 026f 6C6F6E67 		.ascii	"long int\000"
 1284      20696E74 
 1284      00
 1285              	.LASF2:
 1286 0278 6C6F6E67 		.ascii	"long double\000"
 1286      20646F75 
 1286      626C6500 
 1287              	.LASF3:
 1288 0284 7369676E 		.ascii	"signed char\000"
 1288      65642063 
 1288      68617200 
 1289              	.LASF6:
 1290 0290 73686F72 		.ascii	"short unsigned int\000"
 1290      7420756E 
 1290      7369676E 
 1290      65642069 
 1290      6E7400
 1291              	.LASF25:
 1292 02a3 6973725F 		.ascii	"isr_tc_GetPriority\000"
ARM GAS  C:\Users\EA527~1.IVA\AppData\Local\Temp\cc1mBASg.s 			page 33


 1292      74635F47 
 1292      65745072 
 1292      696F7269 
 1292      747900
 1293              	.LASF36:
 1294 02b6 6973725F 		.ascii	"isr_tc_GetState\000"
 1294      74635F47 
 1294      65745374 
 1294      61746500 
 1295              		.ident	"GCC: (GNU Tools for ARM Embedded Processors) 5.4.1 20160609 (release) [ARM/embedded-5-bran
