ARM GAS  C:\Users\EA527~1.IVA\AppData\Local\Temp\ccKwdGZx.s 			page 1


   1              		.syntax unified
   2              		.cpu cortex-m3
   3              		.fpu softvfp
   4              		.eabi_attribute 20, 1
   5              		.eabi_attribute 21, 1
   6              		.eabi_attribute 23, 3
   7              		.eabi_attribute 24, 1
   8              		.eabi_attribute 25, 1
   9              		.eabi_attribute 26, 1
  10              		.eabi_attribute 30, 1
  11              		.eabi_attribute 34, 1
  12              		.eabi_attribute 18, 4
  13              		.thumb
  14              		.syntax unified
  15              		.file	"line_buf.c"
  16              		.text
  17              	.Ltext0:
  18              		.cfi_sections	.debug_frame
  19              		.global	flag_write_done
  20              		.global	flag_read_done
  21              		.global	current_read
  22              		.global	current_write
  23              		.comm	line_buf,192,4
  24              		.data
  25              		.align	2
  26              		.type	current_read, %object
  27              		.size	current_read, 4
  28              	current_read:
  29 0000 00000000 		.word	line_buf
  30              		.type	current_write, %object
  31              		.size	current_write, 4
  32              	current_write:
  33 0004 00000000 		.word	line_buf
  34              		.bss
  35              		.type	flag_write_done, %object
  36              		.size	flag_write_done, 1
  37              	flag_write_done:
  38 0000 00       		.space	1
  39              		.type	flag_read_done, %object
  40              		.size	flag_read_done, 1
  41              	flag_read_done:
  42 0001 00       		.space	1
  43              		.text
  44              	.Letext0:
  45              		.file 1 "Generated_Source\\PSoC5/cytypes.h"
  46              		.file 2 "line_buf.c"
  47              		.section	.debug_info,"",%progbits
  48              	.Ldebug_info0:
  49 0000 09010000 		.4byte	0x109
  50 0004 0400     		.2byte	0x4
  51 0006 00000000 		.4byte	.Ldebug_abbrev0
  52 000a 04       		.byte	0x4
  53 000b 01       		.uleb128 0x1
  54 000c 5C000000 		.4byte	.LASF20
  55 0010 0C       		.byte	0xc
  56 0011 26010000 		.4byte	.LASF21
  57 0015 00000000 		.4byte	.LASF22
ARM GAS  C:\Users\EA527~1.IVA\AppData\Local\Temp\ccKwdGZx.s 			page 2


  58 0019 00000000 		.4byte	.Ldebug_line0
  59 001d 02       		.uleb128 0x2
  60 001e 01       		.byte	0x1
  61 001f 06       		.byte	0x6
  62 0020 B7010000 		.4byte	.LASF0
  63 0024 02       		.uleb128 0x2
  64 0025 01       		.byte	0x1
  65 0026 08       		.byte	0x8
  66 0027 4E000000 		.4byte	.LASF1
  67 002b 02       		.uleb128 0x2
  68 002c 02       		.byte	0x2
  69 002d 05       		.byte	0x5
  70 002e 81010000 		.4byte	.LASF2
  71 0032 02       		.uleb128 0x2
  72 0033 02       		.byte	0x2
  73 0034 07       		.byte	0x7
  74 0035 FC000000 		.4byte	.LASF3
  75 0039 02       		.uleb128 0x2
  76 003a 04       		.byte	0x4
  77 003b 05       		.byte	0x5
  78 003c 9F010000 		.4byte	.LASF4
  79 0040 02       		.uleb128 0x2
  80 0041 04       		.byte	0x4
  81 0042 07       		.byte	0x7
  82 0043 EA000000 		.4byte	.LASF5
  83 0047 02       		.uleb128 0x2
  84 0048 08       		.byte	0x8
  85 0049 05       		.byte	0x5
  86 004a 6E010000 		.4byte	.LASF6
  87 004e 02       		.uleb128 0x2
  88 004f 08       		.byte	0x8
  89 0050 07       		.byte	0x7
  90 0051 4E010000 		.4byte	.LASF7
  91 0055 03       		.uleb128 0x3
  92 0056 04       		.byte	0x4
  93 0057 05       		.byte	0x5
  94 0058 696E7400 		.ascii	"int\000"
  95 005c 02       		.uleb128 0x2
  96 005d 04       		.byte	0x4
  97 005e 07       		.byte	0x7
  98 005f 41010000 		.4byte	.LASF8
  99 0063 04       		.uleb128 0x4
 100 0064 99010000 		.4byte	.LASF9
 101 0068 01       		.byte	0x1
 102 0069 E401     		.2byte	0x1e4
 103 006b 24000000 		.4byte	0x24
 104 006f 04       		.uleb128 0x4
 105 0070 3A010000 		.4byte	.LASF10
 106 0074 01       		.byte	0x1
 107 0075 E601     		.2byte	0x1e6
 108 0077 40000000 		.4byte	0x40
 109 007b 02       		.uleb128 0x2
 110 007c 04       		.byte	0x4
 111 007d 04       		.byte	0x4
 112 007e 48000000 		.4byte	.LASF11
 113 0082 02       		.uleb128 0x2
 114 0083 08       		.byte	0x8
ARM GAS  C:\Users\EA527~1.IVA\AppData\Local\Temp\ccKwdGZx.s 			page 3


 115 0084 04       		.byte	0x4
 116 0085 1F010000 		.4byte	.LASF12
 117 0089 02       		.uleb128 0x2
 118 008a 01       		.byte	0x1
 119 008b 08       		.byte	0x8
 120 008c 7C010000 		.4byte	.LASF13
 121 0090 05       		.uleb128 0x5
 122 0091 63000000 		.4byte	0x63
 123 0095 05       		.uleb128 0x5
 124 0096 6F000000 		.4byte	0x6f
 125 009a 06       		.uleb128 0x6
 126 009b 6F000000 		.4byte	0x6f
 127 009f AA000000 		.4byte	0xaa
 128 00a3 07       		.uleb128 0x7
 129 00a4 AA000000 		.4byte	0xaa
 130 00a8 2F       		.byte	0x2f
 131 00a9 00       		.byte	0
 132 00aa 02       		.uleb128 0x2
 133 00ab 04       		.byte	0x4
 134 00ac 07       		.byte	0x7
 135 00ad 65010000 		.4byte	.LASF14
 136 00b1 08       		.uleb128 0x8
 137 00b2 31010000 		.4byte	.LASF15
 138 00b6 02       		.byte	0x2
 139 00b7 0E       		.byte	0xe
 140 00b8 9A000000 		.4byte	0x9a
 141 00bc 05       		.uleb128 0x5
 142 00bd 03       		.byte	0x3
 143 00be 00000000 		.4byte	line_buf
 144 00c2 08       		.uleb128 0x8
 145 00c3 8B010000 		.4byte	.LASF16
 146 00c7 02       		.byte	0x2
 147 00c8 0F       		.byte	0xf
 148 00c9 D3000000 		.4byte	0xd3
 149 00cd 05       		.uleb128 0x5
 150 00ce 03       		.byte	0x3
 151 00cf 00000000 		.4byte	current_write
 152 00d3 09       		.uleb128 0x9
 153 00d4 04       		.byte	0x4
 154 00d5 95000000 		.4byte	0x95
 155 00d9 08       		.uleb128 0x8
 156 00da C3010000 		.4byte	.LASF17
 157 00de 02       		.byte	0x2
 158 00df 10       		.byte	0x10
 159 00e0 D3000000 		.4byte	0xd3
 160 00e4 05       		.uleb128 0x5
 161 00e5 03       		.byte	0x3
 162 00e6 00000000 		.4byte	current_read
 163 00ea 08       		.uleb128 0x8
 164 00eb A8010000 		.4byte	.LASF18
 165 00ef 02       		.byte	0x2
 166 00f0 11       		.byte	0x11
 167 00f1 90000000 		.4byte	0x90
 168 00f5 05       		.uleb128 0x5
 169 00f6 03       		.byte	0x3
 170 00f7 00000000 		.4byte	flag_read_done
 171 00fb 08       		.uleb128 0x8
ARM GAS  C:\Users\EA527~1.IVA\AppData\Local\Temp\ccKwdGZx.s 			page 4


 172 00fc 0F010000 		.4byte	.LASF19
 173 0100 02       		.byte	0x2
 174 0101 11       		.byte	0x11
 175 0102 90000000 		.4byte	0x90
 176 0106 05       		.uleb128 0x5
 177 0107 03       		.byte	0x3
 178 0108 00000000 		.4byte	flag_write_done
 179 010c 00       		.byte	0
 180              		.section	.debug_abbrev,"",%progbits
 181              	.Ldebug_abbrev0:
 182 0000 01       		.uleb128 0x1
 183 0001 11       		.uleb128 0x11
 184 0002 01       		.byte	0x1
 185 0003 25       		.uleb128 0x25
 186 0004 0E       		.uleb128 0xe
 187 0005 13       		.uleb128 0x13
 188 0006 0B       		.uleb128 0xb
 189 0007 03       		.uleb128 0x3
 190 0008 0E       		.uleb128 0xe
 191 0009 1B       		.uleb128 0x1b
 192 000a 0E       		.uleb128 0xe
 193 000b 10       		.uleb128 0x10
 194 000c 17       		.uleb128 0x17
 195 000d 00       		.byte	0
 196 000e 00       		.byte	0
 197 000f 02       		.uleb128 0x2
 198 0010 24       		.uleb128 0x24
 199 0011 00       		.byte	0
 200 0012 0B       		.uleb128 0xb
 201 0013 0B       		.uleb128 0xb
 202 0014 3E       		.uleb128 0x3e
 203 0015 0B       		.uleb128 0xb
 204 0016 03       		.uleb128 0x3
 205 0017 0E       		.uleb128 0xe
 206 0018 00       		.byte	0
 207 0019 00       		.byte	0
 208 001a 03       		.uleb128 0x3
 209 001b 24       		.uleb128 0x24
 210 001c 00       		.byte	0
 211 001d 0B       		.uleb128 0xb
 212 001e 0B       		.uleb128 0xb
 213 001f 3E       		.uleb128 0x3e
 214 0020 0B       		.uleb128 0xb
 215 0021 03       		.uleb128 0x3
 216 0022 08       		.uleb128 0x8
 217 0023 00       		.byte	0
 218 0024 00       		.byte	0
 219 0025 04       		.uleb128 0x4
 220 0026 16       		.uleb128 0x16
 221 0027 00       		.byte	0
 222 0028 03       		.uleb128 0x3
 223 0029 0E       		.uleb128 0xe
 224 002a 3A       		.uleb128 0x3a
 225 002b 0B       		.uleb128 0xb
 226 002c 3B       		.uleb128 0x3b
 227 002d 05       		.uleb128 0x5
 228 002e 49       		.uleb128 0x49
ARM GAS  C:\Users\EA527~1.IVA\AppData\Local\Temp\ccKwdGZx.s 			page 5


 229 002f 13       		.uleb128 0x13
 230 0030 00       		.byte	0
 231 0031 00       		.byte	0
 232 0032 05       		.uleb128 0x5
 233 0033 35       		.uleb128 0x35
 234 0034 00       		.byte	0
 235 0035 49       		.uleb128 0x49
 236 0036 13       		.uleb128 0x13
 237 0037 00       		.byte	0
 238 0038 00       		.byte	0
 239 0039 06       		.uleb128 0x6
 240 003a 01       		.uleb128 0x1
 241 003b 01       		.byte	0x1
 242 003c 49       		.uleb128 0x49
 243 003d 13       		.uleb128 0x13
 244 003e 01       		.uleb128 0x1
 245 003f 13       		.uleb128 0x13
 246 0040 00       		.byte	0
 247 0041 00       		.byte	0
 248 0042 07       		.uleb128 0x7
 249 0043 21       		.uleb128 0x21
 250 0044 00       		.byte	0
 251 0045 49       		.uleb128 0x49
 252 0046 13       		.uleb128 0x13
 253 0047 2F       		.uleb128 0x2f
 254 0048 0B       		.uleb128 0xb
 255 0049 00       		.byte	0
 256 004a 00       		.byte	0
 257 004b 08       		.uleb128 0x8
 258 004c 34       		.uleb128 0x34
 259 004d 00       		.byte	0
 260 004e 03       		.uleb128 0x3
 261 004f 0E       		.uleb128 0xe
 262 0050 3A       		.uleb128 0x3a
 263 0051 0B       		.uleb128 0xb
 264 0052 3B       		.uleb128 0x3b
 265 0053 0B       		.uleb128 0xb
 266 0054 49       		.uleb128 0x49
 267 0055 13       		.uleb128 0x13
 268 0056 3F       		.uleb128 0x3f
 269 0057 19       		.uleb128 0x19
 270 0058 02       		.uleb128 0x2
 271 0059 18       		.uleb128 0x18
 272 005a 00       		.byte	0
 273 005b 00       		.byte	0
 274 005c 09       		.uleb128 0x9
 275 005d 0F       		.uleb128 0xf
 276 005e 00       		.byte	0
 277 005f 0B       		.uleb128 0xb
 278 0060 0B       		.uleb128 0xb
 279 0061 49       		.uleb128 0x49
 280 0062 13       		.uleb128 0x13
 281 0063 00       		.byte	0
 282 0064 00       		.byte	0
 283 0065 00       		.byte	0
 284              		.section	.debug_aranges,"",%progbits
 285 0000 14000000 		.4byte	0x14
ARM GAS  C:\Users\EA527~1.IVA\AppData\Local\Temp\ccKwdGZx.s 			page 6


 286 0004 0200     		.2byte	0x2
 287 0006 00000000 		.4byte	.Ldebug_info0
 288 000a 04       		.byte	0x4
 289 000b 00       		.byte	0
 290 000c 0000     		.2byte	0
 291 000e 0000     		.2byte	0
 292 0010 00000000 		.4byte	0
 293 0014 00000000 		.4byte	0
 294              		.section	.debug_line,"",%progbits
 295              	.Ldebug_line0:
 296 0000 4B000000 		.section	.debug_str,"MS",%progbits,1
 296      02004500 
 296      00000201 
 296      FB0E0D00 
 296      01010101 
 297              	.LASF22:
 298 0000 433A5C55 		.ascii	"C:\\Users\\e.ivanov\\Documents\\GitHub\\adc\\Manche"
 298      73657273 
 298      5C652E69 
 298      76616E6F 
 298      765C446F 
 299 002d 73746572 		.ascii	"ster encoder-decoder.cydsn\000"
 299      20656E63 
 299      6F646572 
 299      2D646563 
 299      6F646572 
 300              	.LASF11:
 301 0048 666C6F61 		.ascii	"float\000"
 301      7400
 302              	.LASF1:
 303 004e 756E7369 		.ascii	"unsigned char\000"
 303      676E6564 
 303      20636861 
 303      7200
 304              	.LASF20:
 305 005c 474E5520 		.ascii	"GNU C11 5.4.1 20160609 (release) [ARM/embedded-5-br"
 305      43313120 
 305      352E342E 
 305      31203230 
 305      31363036 
 306 008f 616E6368 		.ascii	"anch revision 237715] -mcpu=cortex-m3 -mthumb -g -O"
 306      20726576 
 306      6973696F 
 306      6E203233 
 306      37373135 
 307 00c2 67202D66 		.ascii	"g -ffunction-sections -ffat-lto-objects\000"
 307      66756E63 
 307      74696F6E 
 307      2D736563 
 307      74696F6E 
 308              	.LASF5:
 309 00ea 6C6F6E67 		.ascii	"long unsigned int\000"
 309      20756E73 
 309      69676E65 
 309      6420696E 
 309      7400
 310              	.LASF3:
ARM GAS  C:\Users\EA527~1.IVA\AppData\Local\Temp\ccKwdGZx.s 			page 7


 311 00fc 73686F72 		.ascii	"short unsigned int\000"
 311      7420756E 
 311      7369676E 
 311      65642069 
 311      6E7400
 312              	.LASF19:
 313 010f 666C6167 		.ascii	"flag_write_done\000"
 313      5F777269 
 313      74655F64 
 313      6F6E6500 
 314              	.LASF12:
 315 011f 646F7562 		.ascii	"double\000"
 315      6C6500
 316              	.LASF21:
 317 0126 6C696E65 		.ascii	"line_buf.c\000"
 317      5F627566 
 317      2E6300
 318              	.LASF15:
 319 0131 6C696E65 		.ascii	"line_buf\000"
 319      5F627566 
 319      00
 320              	.LASF10:
 321 013a 75696E74 		.ascii	"uint32\000"
 321      333200
 322              	.LASF8:
 323 0141 756E7369 		.ascii	"unsigned int\000"
 323      676E6564 
 323      20696E74 
 323      00
 324              	.LASF7:
 325 014e 6C6F6E67 		.ascii	"long long unsigned int\000"
 325      206C6F6E 
 325      6720756E 
 325      7369676E 
 325      65642069 
 326              	.LASF14:
 327 0165 73697A65 		.ascii	"sizetype\000"
 327      74797065 
 327      00
 328              	.LASF6:
 329 016e 6C6F6E67 		.ascii	"long long int\000"
 329      206C6F6E 
 329      6720696E 
 329      7400
 330              	.LASF13:
 331 017c 63686172 		.ascii	"char\000"
 331      00
 332              	.LASF2:
 333 0181 73686F72 		.ascii	"short int\000"
 333      7420696E 
 333      7400
 334              	.LASF16:
 335 018b 63757272 		.ascii	"current_write\000"
 335      656E745F 
 335      77726974 
 335      6500
 336              	.LASF9:
ARM GAS  C:\Users\EA527~1.IVA\AppData\Local\Temp\ccKwdGZx.s 			page 8


 337 0199 75696E74 		.ascii	"uint8\000"
 337      3800
 338              	.LASF4:
 339 019f 6C6F6E67 		.ascii	"long int\000"
 339      20696E74 
 339      00
 340              	.LASF18:
 341 01a8 666C6167 		.ascii	"flag_read_done\000"
 341      5F726561 
 341      645F646F 
 341      6E6500
 342              	.LASF0:
 343 01b7 7369676E 		.ascii	"signed char\000"
 343      65642063 
 343      68617200 
 344              	.LASF17:
 345 01c3 63757272 		.ascii	"current_read\000"
 345      656E745F 
 345      72656164 
 345      00
 346              		.ident	"GCC: (GNU Tools for ARM Embedded Processors) 5.4.1 20160609 (release) [ARM/embedded-5-bran
