ARM GAS  C:\Users\EA527~1.IVA\AppData\Local\Temp\ccAD8IWB.s 			page 1


   1              		.syntax unified
   2              		.cpu cortex-m3
   3              		.fpu softvfp
   4              		.eabi_attribute 20, 1
   5              		.eabi_attribute 21, 1
   6              		.eabi_attribute 23, 3
   7              		.eabi_attribute 24, 1
   8              		.eabi_attribute 25, 1
   9              		.eabi_attribute 26, 1
  10              		.eabi_attribute 30, 1
  11              		.eabi_attribute 34, 1
  12              		.eabi_attribute 18, 4
  13              		.thumb
  14              		.syntax unified
  15              		.file	"main.c"
  16              		.text
  17              	.Ltext0:
  18              		.cfi_sections	.debug_frame
  19              		.section	.text.main,"ax",%progbits
  20              		.align	2
  21              		.global	main
  22              		.thumb
  23              		.thumb_func
  24              		.type	main, %function
  25              	main:
  26              	.LFB63:
  27              		.file 1 "main.c"
   1:main.c        **** /* ========================================
   2:main.c        ****  *
   3:main.c        ****  * Copyright YOUR COMPANY, THE YEAR
   4:main.c        ****  * All Rights Reserved
   5:main.c        ****  * UNPUBLISHED, LICENSED SOFTWARE.
   6:main.c        ****  *
   7:main.c        ****  * CONFIDENTIAL AND PROPRIETARY INFORMATION
   8:main.c        ****  * WHICH IS THE PROPERTY OF your company.
   9:main.c        ****  *
  10:main.c        ****  * ========================================
  11:main.c        **** */
  12:main.c        **** 
  13:main.c        **** #include "global.h"
  14:main.c        **** #include "sender.h"
  15:main.c        **** #include "reciver.h"
  16:main.c        **** #include <Clock.h>
  17:main.c        **** #include <BitCounterDec.h>
  18:main.c        **** #include <line_buf.h>
  19:main.c        **** #include <SPI_ADC_ADS131E08.h>
  20:main.c        **** #include <FirstFrame.h>
  21:main.c        **** 
  22:main.c        **** uint32 incr_compare = 512; // –∑–∞–≤–∏—Å–∏—Ç –æ—Ç —Ç–æ–π —á–∞—Å—Ç–æ—Ç—ã, –∫–æ—Ç–æ—Ä—É—é –º—ã —Ö–æ—Ç
  23:main.c        **** 
  24:main.c        **** uint32 massage[1] = { 0xFAAAAAAF };
  25:main.c        **** 
  26:main.c        **** const uint32 main_freq =  72000000LL;
  27:main.c        **** const uint32 desired_freq  = 4096000LL;
  28:main.c        **** const uint32 low_freq  = 3400000LL;
  29:main.c        **** const uint32 high_freq  = 4500000LL;
  30:main.c        **** const uint32 divider_freq = (8LL);
ARM GAS  C:\Users\EA527~1.IVA\AppData\Local\Temp\ccAD8IWB.s 			page 2


  31:main.c        **** const uint32 capacity = (0xffLL);  //capacity battery
  32:main.c        **** 
  33:main.c        **** 
  34:main.c        **** #define LENGTH_OF(Array) (sizeof(Array)/sizeof(Array[0]))
  35:main.c        **** 
  36:main.c        **** volatile long   NewFrequency;
  37:main.c        **** long   LowFrequency;
  38:main.c        **** long   HighFrequency;
  39:main.c        **** uint32 DRDY_flag = 0;
  40:main.c        **** 
  41:main.c        **** int main(void)
  42:main.c        **** {
  28              		.loc 1 42 0
  29              		.cfi_startproc
  30              		@ args = 0, pretend = 0, frame = 0
  31              		@ frame_needed = 0, uses_anonymous_args = 0
  32 0000 08B5     		push	{r3, lr}
  33              		.cfi_def_cfa_offset 8
  34              		.cfi_offset 3, -8
  35              		.cfi_offset 14, -4
  43:main.c        ****     
  44:main.c        ****     incr_compare = desired_freq / 1L; 
  36              		.loc 1 44 0
  37 0002 4FF47A12 		mov	r2, #4096000
  38 0006 484B     		ldr	r3, .L11
  39 0008 1A60     		str	r2, [r3]
  45:main.c        ****     NewFrequency = ( long long ) capacity * divider_freq * desired_freq / (1 * main_freq);    //977
  40              		.loc 1 45 0
  41 000a 7422     		movs	r2, #116
  42 000c 474B     		ldr	r3, .L11+4
  43 000e 1A60     		str	r2, [r3]
  46:main.c        ****     LowFrequency = ( long long ) capacity * low_freq * divider_freq / (1 * main_freq);
  44              		.loc 1 46 0
  45 0010 6022     		movs	r2, #96
  46 0012 474B     		ldr	r3, .L11+8
  47 0014 1A60     		str	r2, [r3]
  47:main.c        ****     HighFrequency = ( long long ) capacity * high_freq * divider_freq / (1 * main_freq);
  48              		.loc 1 47 0
  49 0016 7F22     		movs	r2, #127
  50 0018 464B     		ldr	r3, .L11+12
  51 001a 1A60     		str	r2, [r3]
  48:main.c        ****     
  49:main.c        ****     CyGlobalIntDisable; /* Enable global interrupts. */
  52              		.loc 1 49 0
  53              		.syntax unified
  54              	@ 49 "main.c" 1
  55 001c 72B6     		CPSID   i
  56              	@ 0 "" 2
  50:main.c        ****     /* Place your initialization/startup code here (e.g. MyInst_Start()) */
  51:main.c        ****     
  52:main.c        ****     // Init Encoder devices
  53:main.c        ****     TransmitShiftReg_Start( );
  57              		.loc 1 53 0
  58              		.thumb
  59              		.syntax unified
  60 001e FFF7FEFF 		bl	TransmitShiftReg_Start
  61              	.LVL0:
ARM GAS  C:\Users\EA527~1.IVA\AppData\Local\Temp\ccAD8IWB.s 			page 3


  54:main.c        ****     BitCounterEnc_Start( );
  62              		.loc 1 54 0
  63 0022 FFF7FEFF 		bl	BitCounterEnc_Start
  64              	.LVL1:
  55:main.c        ****     
  56:main.c        **** 	// Init Decoder devices
  57:main.c        **** 	RecieveShiftReg_Start() ;
  65              		.loc 1 57 0
  66 0026 FFF7FEFF 		bl	RecieveShiftReg_Start
  67              	.LVL2:
  58:main.c        **** 	Waiter_Start() ;
  68              		.loc 1 58 0
  69 002a FFF7FEFF 		bl	Waiter_Start
  70              	.LVL3:
  59:main.c        ****     BitCounterDec_Start() ;
  71              		.loc 1 59 0
  72 002e FFF7FEFF 		bl	BitCounterDec_Start
  73              	.LVL4:
  60:main.c        ****     VDAC8_1_Start();
  74              		.loc 1 60 0
  75 0032 FFF7FEFF 		bl	VDAC8_1_Start
  76              	.LVL5:
  61:main.c        ****     Comp_1_Start();
  77              		.loc 1 61 0
  78 0036 FFF7FEFF 		bl	Comp_1_Start
  79              	.LVL6:
  62:main.c        ****     Comp_2_Start();
  80              		.loc 1 62 0
  81 003a FFF7FEFF 		bl	Comp_2_Start
  82              	.LVL7:
  63:main.c        ****     Opamp_1_Start();
  83              		.loc 1 63 0
  84 003e FFF7FEFF 		bl	Opamp_1_Start
  85              	.LVL8:
  64:main.c        ****     
  65:main.c        ****     // Init Clock devices
  66:main.c        ****     Period_Start();
  86              		.loc 1 66 0
  87 0042 FFF7FEFF 		bl	Period_Start
  88              	.LVL9:
  67:main.c        ****     SigmaReg_Start();
  89              		.loc 1 67 0
  90 0046 FFF7FEFF 		bl	SigmaReg_Start
  91              	.LVL10:
  68:main.c        ****     Boundary8bit_Start();
  92              		.loc 1 68 0
  93 004a FFF7FEFF 		bl	Boundary8bit_Start
  94              	.LVL11:
  69:main.c        **** 
  70:main.c        **** 
  71:main.c        ****     
  72:main.c        ****     // Init Interrupte
  73:main.c        ****     
  74:main.c        ****     cap_comp_tc_Start();
  95              		.loc 1 74 0
  96 004e FFF7FEFF 		bl	cap_comp_tc_Start
  97              	.LVL12:
ARM GAS  C:\Users\EA527~1.IVA\AppData\Local\Temp\ccAD8IWB.s 			page 4


  75:main.c        ****     EndFrame_Start();
  98              		.loc 1 75 0
  99 0052 FFF7FEFF 		bl	EndFrame_Start
 100              	.LVL13:
  76:main.c        ****     isr_Load_TrShReg_Start();
 101              		.loc 1 76 0
 102 0056 FFF7FEFF 		bl	isr_Load_TrShReg_Start
 103              	.LVL14:
  77:main.c        **** 	WordShifted_Start();
 104              		.loc 1 77 0
 105 005a FFF7FEFF 		bl	WordShifted_Start
 106              	.LVL15:
  78:main.c        ****     isr_TransmitWordShift_Start( );
 107              		.loc 1 78 0
 108 005e FFF7FEFF 		bl	isr_TransmitWordShift_Start
 109              	.LVL16:
  79:main.c        ****     isr_TransmitWordShift_Disable( );
 110              		.loc 1 79 0
 111 0062 FFF7FEFF 		bl	isr_TransmitWordShift_Disable
 112              	.LVL17:
  80:main.c        ****     Capture_low_InterruptEnable();
 113              		.loc 1 80 0
 114 0066 FFF7FEFF 		bl	Capture_low_InterruptEnable
 115              	.LVL18:
  81:main.c        ****     
  82:main.c        ****     CyGlobalIntEnable; /* Enable global interrupts. */
 116              		.loc 1 82 0
 117              		.syntax unified
 118              	@ 82 "main.c" 1
 119 006a 62B6     		CPSIE   i
 120              	@ 0 "" 2
  83:main.c        ****     
  84:main.c        ****     
  85:main.c        ****     PrepareToSend();
 121              		.loc 1 85 0
 122              		.thumb
 123              		.syntax unified
 124 006c FFF7FEFF 		bl	PrepareToSend
 125              	.LVL19:
  86:main.c        ****     Send();
 126              		.loc 1 86 0
 127 0070 FFF7FEFF 		bl	Send
 128              	.LVL20:
  87:main.c        ****     FrameAllow_Write(0);
 129              		.loc 1 87 0
 130 0074 0020     		movs	r0, #0
 131 0076 FFF7FEFF 		bl	FrameAllow_Write
 132              	.LVL21:
 133              	.L2:
  88:main.c        ****     
  89:main.c        ****     while(status==TRBUSY);
 134              		.loc 1 89 0 discriminator 1
 135 007a 2F4B     		ldr	r3, .L11+16
 136 007c 1B68     		ldr	r3, [r3]
 137 007e 002B     		cmp	r3, #0
 138 0080 FBD0     		beq	.L2
  90:main.c        ****     
ARM GAS  C:\Users\EA527~1.IVA\AppData\Local\Temp\ccAD8IWB.s 			page 5


  91:main.c        ****     FrameAllow_Write(1);
 139              		.loc 1 91 0
 140 0082 0120     		movs	r0, #1
 141 0084 FFF7FEFF 		bl	FrameAllow_Write
 142              	.LVL22:
  92:main.c        ****            
  93:main.c        ****     UpdateFrequency(NewFrequency); 
 143              		.loc 1 93 0
 144 0088 284B     		ldr	r3, .L11+4
 145 008a 1868     		ldr	r0, [r3]
 146 008c FFF7FEFF 		bl	UpdateFrequency
 147              	.LVL23:
  94:main.c        ****     
  95:main.c        ****     /*Call func PrepareToStore until initialisation*/
  96:main.c        ****     PrepareToStore();
 148              		.loc 1 96 0
 149 0090 FFF7FEFF 		bl	PrepareToStore
 150              	.LVL24:
 151              	.L3:
  97:main.c        ****     
  98:main.c        **** 
  99:main.c        ****     
 100:main.c        **** 
 101:main.c        ****     while(1) 
 102:main.c        ****     {
 103:main.c        ****         
 104:main.c        ****         if (UpdateFrequencyFlag != 0){
 152              		.loc 1 104 0
 153 0094 294B     		ldr	r3, .L11+20
 154 0096 1B68     		ldr	r3, [r3]
 155 0098 5BB1     		cbz	r3, .L4
 105:main.c        ****             PrepareNewFrequency();
 156              		.loc 1 105 0
 157 009a FFF7FEFF 		bl	PrepareNewFrequency
 158              	.LVL25:
 106:main.c        ****             if(UpdateFrequencyFlag != 0){
 159              		.loc 1 106 0
 160 009e 274B     		ldr	r3, .L11+20
 161 00a0 1B68     		ldr	r3, [r3]
 162 00a2 33B1     		cbz	r3, .L4
 107:main.c        ****                 UpdateFrequency(NewFrequency);
 163              		.loc 1 107 0
 164 00a4 214B     		ldr	r3, .L11+4
 165 00a6 1868     		ldr	r0, [r3]
 166 00a8 FFF7FEFF 		bl	UpdateFrequency
 167              	.LVL26:
 108:main.c        ****                 UpdateFrequencyFlag = 0;
 168              		.loc 1 108 0
 169 00ac 0022     		movs	r2, #0
 170 00ae 234B     		ldr	r3, .L11+20
 171 00b0 1A60     		str	r2, [r3]
 172              	.L4:
 109:main.c        ****             }
 110:main.c        ****         }
 111:main.c        ****         
 112:main.c        ****         if (DRDY_flag){
 173              		.loc 1 112 0
ARM GAS  C:\Users\EA527~1.IVA\AppData\Local\Temp\ccAD8IWB.s 			page 6


 174 00b2 234B     		ldr	r3, .L11+24
 175 00b4 1B68     		ldr	r3, [r3]
 176 00b6 53B1     		cbz	r3, .L5
 113:main.c        ****             DRDY_flag=0;
 177              		.loc 1 113 0
 178 00b8 0022     		movs	r2, #0
 179 00ba 214B     		ldr	r3, .L11+24
 180 00bc 1A60     		str	r2, [r3]
 114:main.c        ****             SPI_ADC_ClearTxBuffer();
 181              		.loc 1 114 0
 182 00be FFF7FEFF 		bl	SPI_ADC_ClearTxBuffer
 183              	.LVL27:
 115:main.c        ****             SPI_ADC_ClearRxBuffer();
 184              		.loc 1 115 0
 185 00c2 FFF7FEFF 		bl	SPI_ADC_ClearRxBuffer
 186              	.LVL28:
 116:main.c        ****             SPI_ADC_PutArray((uint8*) Data_ADS131E08.array, sizeof(Data_ADS131E08.array));
 187              		.loc 1 116 0
 188 00c6 1B21     		movs	r1, #27
 189 00c8 1E48     		ldr	r0, .L11+28
 190 00ca FFF7FEFF 		bl	SPI_ADC_PutArray
 191              	.LVL29:
 192              	.L5:
 117:main.c        ****         }
 118:main.c        ****         /*TO DO     ===============================================
 119:main.c        ****          *   1 –ü—Ä–æ–∞–Ω–∞–ª–∏–∑–∏—Ä–æ–≤—Ç—å —Ñ–ª–∞–≥ –≥–æ—Ç–æ–≤–Ω–æ—Å—Ç–∏ –ê–¶–ü –∏ –ø—Ä–æ—á–∏—Ç–
 120:main.c        ****          *   2 –æ–ø—Ä–æ—Å–∏—Ç—å –∞–∫—Å–µ–ª–µ—Ä–æ–º–µ—Ç—Ä –∏ –ø–æ–¥–≥–æ—Ç–æ–≤–∏—Ç—å —É—Å—Ä–µ–¥–Ω–µ–Ω
 121:main.c        ****          *   ======================================================
 122:main.c        ****         */
 123:main.c        ****         
 124:main.c        ****         /*  ======================================================
 125:main.c        ****          *   flag_write_done set 1 in EndFrame interrupte
 126:main.c        ****          *   flag_read_done set 1 in isr_Load_TrShReg interrupte
 127:main.c        ****          *  ======================================================
 128:main.c        ****         */
 129:main.c        ****         if ((flag_read_done == 1) && (flag_write_done == 1)){
 193              		.loc 1 129 0
 194 00ce 1E4B     		ldr	r3, .L11+32
 195 00d0 1B78     		ldrb	r3, [r3]	@ zero_extendqisi2
 196 00d2 DBB2     		uxtb	r3, r3
 197 00d4 012B     		cmp	r3, #1
 198 00d6 DDD1     		bne	.L3
 199              		.loc 1 129 0 is_stmt 0 discriminator 1
 200 00d8 1C4B     		ldr	r3, .L11+36
 201 00da 1B78     		ldrb	r3, [r3]	@ zero_extendqisi2
 202 00dc DBB2     		uxtb	r3, r3
 203 00de 012B     		cmp	r3, #1
 204 00e0 D8D1     		bne	.L3
 130:main.c        ****             flag_read_done = 0;
 205              		.loc 1 130 0 is_stmt 1
 206 00e2 0023     		movs	r3, #0
 207 00e4 184A     		ldr	r2, .L11+32
 208 00e6 1370     		strb	r3, [r2]
 131:main.c        ****             flag_write_done = 0;
 209              		.loc 1 131 0
 210 00e8 184A     		ldr	r2, .L11+36
 211 00ea 1370     		strb	r3, [r2]
ARM GAS  C:\Users\EA527~1.IVA\AppData\Local\Temp\ccAD8IWB.s 			page 7


 132:main.c        ****             /*copy least control frame*/
 133:main.c        ****             
 134:main.c        ****             /*TO DO
 135:main.c        ****             1 –ü—Ä–æ–∞–Ω–∞–ª–∏–∑–∏—Ä–æ–≤—Ç—å —Ñ—Ä–µ–π–º —É–ø—Ä–∞–≤–ª–µ–Ω–∏—è –∏ –∏—Å–ø–æ–ª–Ω–∏—Ç—å 
 136:main.c        ****             2 –ü–æ–¥–≥–æ—Ç–æ–≤–∏—Ç—å —Ñ—Ä–µ–π–º –¥–ª—è –ø–µ—Ä–µ–¥–∞—á–∏ –∏ –∑–∞–≥—Ä—É–∑–∏—Ç—å –≤ FI
 137:main.c        ****             */
 138:main.c        ****             if(27 <= SPI_ADC_GetRxBufferSize()){
 212              		.loc 1 138 0
 213 00ec FFF7FEFF 		bl	SPI_ADC_GetRxBufferSize
 214              	.LVL30:
 215 00f0 1A28     		cmp	r0, #26
 216 00f2 04D8     		bhi	.L7
 217 00f4 0AE0     		b	.L8
 218              	.L9:
 219              	.LBB2:
 139:main.c        ****                 int i = 0;
 140:main.c        ****                 while (SPI_ADC_GetRxBufferSize() != 0){
 141:main.c        ****                     Data_ADS131E08.array[i] = SPI_ADC_ReadRxData();
 220              		.loc 1 141 0
 221 00f6 FFF7FEFF 		bl	SPI_ADC_ReadRxData
 222              	.LVL31:
 223 00fa 124B     		ldr	r3, .L11+28
 224 00fc 1870     		strb	r0, [r3]
 225              	.L7:
 140:main.c        ****                     Data_ADS131E08.array[i] = SPI_ADC_ReadRxData();
 226              		.loc 1 140 0
 227 00fe FFF7FEFF 		bl	SPI_ADC_GetRxBufferSize
 228              	.LVL32:
 229 0102 0028     		cmp	r0, #0
 230 0104 F7D1     		bne	.L9
 142:main.c        ****                 }
 143:main.c        ****                 last_adc_data_sended = 0;
 231              		.loc 1 143 0
 232 0106 0022     		movs	r2, #0
 233 0108 114B     		ldr	r3, .L11+40
 234 010a 1A60     		str	r2, [r3]
 235              	.L8:
 236              	.LBE2:
 144:main.c        ****             }
 145:main.c        ****             PrepareFirstFrame();
 237              		.loc 1 145 0
 238 010c FFF7FEFF 		bl	PrepareFirstFrame
 239              	.LVL33:
 146:main.c        ****             CopyFirstFrame();
 240              		.loc 1 146 0
 241 0110 FFF7FEFF 		bl	CopyFirstFrame
 242              	.LVL34:
 147:main.c        ****             PrepareToStore();
 243              		.loc 1 147 0
 244 0114 FFF7FEFF 		bl	PrepareToStore
 245              	.LVL35:
 148:main.c        ****             PrepareToSend();
 246              		.loc 1 148 0
 247 0118 FFF7FEFF 		bl	PrepareToSend
 248              	.LVL36:
 149:main.c        ****             PrepareToStore();
 249              		.loc 1 149 0
ARM GAS  C:\Users\EA527~1.IVA\AppData\Local\Temp\ccAD8IWB.s 			page 8


 250 011c FFF7FEFF 		bl	PrepareToStore
 251              	.LVL37:
 150:main.c        ****             Send();
 252              		.loc 1 150 0
 253 0120 FFF7FEFF 		bl	Send
 254              	.LVL38:
 255 0124 B6E7     		b	.L3
 256              	.L12:
 257 0126 00BF     		.align	2
 258              	.L11:
 259 0128 00000000 		.word	.LANCHOR0
 260 012c 00000000 		.word	NewFrequency
 261 0130 00000000 		.word	LowFrequency
 262 0134 00000000 		.word	HighFrequency
 263 0138 00000000 		.word	status
 264 013c 00000000 		.word	UpdateFrequencyFlag
 265 0140 00000000 		.word	.LANCHOR1
 266 0144 00000000 		.word	Data_ADS131E08
 267 0148 00000000 		.word	flag_read_done
 268 014c 00000000 		.word	flag_write_done
 269 0150 00000000 		.word	last_adc_data_sended
 270              		.cfi_endproc
 271              	.LFE63:
 272              		.size	main, .-main
 273              		.global	DRDY_flag
 274              		.comm	HighFrequency,4,4
 275              		.comm	LowFrequency,4,4
 276              		.comm	NewFrequency,4,4
 277              		.global	capacity
 278              		.global	divider_freq
 279              		.global	high_freq
 280              		.global	low_freq
 281              		.global	desired_freq
 282              		.global	main_freq
 283              		.global	massage
 284              		.global	incr_compare
 285              		.section	.rodata
 286              		.align	2
 287              		.type	capacity, %object
 288              		.size	capacity, 4
 289              	capacity:
 290 0000 FF000000 		.word	255
 291              		.type	divider_freq, %object
 292              		.size	divider_freq, 4
 293              	divider_freq:
 294 0004 08000000 		.word	8
 295              		.type	high_freq, %object
 296              		.size	high_freq, 4
 297              	high_freq:
 298 0008 20AA4400 		.word	4500000
 299              		.type	low_freq, %object
 300              		.size	low_freq, 4
 301              	low_freq:
 302 000c 40E13300 		.word	3400000
 303              		.type	desired_freq, %object
 304              		.size	desired_freq, 4
 305              	desired_freq:
ARM GAS  C:\Users\EA527~1.IVA\AppData\Local\Temp\ccAD8IWB.s 			page 9


 306 0010 00803E00 		.word	4096000
 307              		.type	main_freq, %object
 308              		.size	main_freq, 4
 309              	main_freq:
 310 0014 00A24A04 		.word	72000000
 311              		.data
 312              		.align	2
 313              		.set	.LANCHOR0,. + 0
 314              		.type	incr_compare, %object
 315              		.size	incr_compare, 4
 316              	incr_compare:
 317 0000 00020000 		.word	512
 318              		.type	massage, %object
 319              		.size	massage, 4
 320              	massage:
 321 0004 AFAAAAFA 		.word	-89478481
 322              		.bss
 323              		.align	2
 324              		.set	.LANCHOR1,. + 0
 325              		.type	DRDY_flag, %object
 326              		.size	DRDY_flag, 4
 327              	DRDY_flag:
 328 0000 00000000 		.space	4
 329              		.text
 330              	.Letext0:
 331              		.file 2 "c:\\program files (x86)\\cypress\\psoc creator\\4.2\\psoc creator\\import\\gnu\\arm\\5.4.
 332              		.file 3 "c:\\program files (x86)\\cypress\\psoc creator\\4.2\\psoc creator\\import\\gnu\\arm\\5.4.
 333              		.file 4 "Generated_Source\\PSoC5/cytypes.h"
 334              		.file 5 "./SPI_ADC_ADS131E08.h"
 335              		.file 6 "Generated_Source\\PSoC5/core_cm3.h"
 336              		.file 7 "global.h"
 337              		.file 8 "sender.h"
 338              		.file 9 "./line_buf.h"
 339              		.file 10 "./FirstFrame.h"
 340              		.file 11 "Generated_Source\\PSoC5/SPI_ADC.h"
 341              		.file 12 "Generated_Source\\PSoC5/TransmitShiftReg.h"
 342              		.file 13 "Generated_Source\\PSoC5/BitCounterEnc.h"
 343              		.file 14 "Generated_Source\\PSoC5/RecieveShiftReg.h"
 344              		.file 15 "Generated_Source\\PSoC5/Waiter.h"
 345              		.file 16 "Generated_Source\\PSoC5/BitCounterDec.h"
 346              		.file 17 "Generated_Source\\PSoC5/VDAC8_1.h"
 347              		.file 18 "Generated_Source\\PSoC5/Comp_1.h"
 348              		.file 19 "Generated_Source\\PSoC5/Comp_2.h"
 349              		.file 20 "Generated_Source\\PSoC5/Opamp_1.h"
 350              		.file 21 "Generated_Source\\PSoC5/Period.h"
 351              		.file 22 "Generated_Source\\PSoC5/SigmaReg.h"
 352              		.file 23 "Generated_Source\\PSoC5/Boundary8bit.h"
 353              		.file 24 "Generated_Source\\PSoC5/cap_comp_tc.h"
 354              		.file 25 "Generated_Source\\PSoC5/EndFrame.h"
 355              		.file 26 "Generated_Source\\PSoC5/isr_Load_TrShReg.h"
 356              		.file 27 "Generated_Source\\PSoC5/WordShifted.h"
 357              		.file 28 "Generated_Source\\PSoC5/isr_TransmitWordShift.h"
 358              		.file 29 "Generated_Source\\PSoC5/Capture_low.h"
 359              		.file 30 "Generated_Source\\PSoC5/FrameAllow.h"
 360              		.file 31 "./Clock.h"
 361              		.file 32 "reciver.h"
 362              		.section	.debug_info,"",%progbits
ARM GAS  C:\Users\EA527~1.IVA\AppData\Local\Temp\ccAD8IWB.s 			page 10


 363              	.Ldebug_info0:
 364 0000 F8050000 		.4byte	0x5f8
 365 0004 0400     		.2byte	0x4
 366 0006 00000000 		.4byte	.Ldebug_abbrev0
 367 000a 04       		.byte	0x4
 368 000b 01       		.uleb128 0x1
 369 000c 4D040000 		.4byte	.LASF83
 370 0010 0C       		.byte	0xc
 371 0011 68030000 		.4byte	.LASF84
 372 0015 E7040000 		.4byte	.LASF85
 373 0019 00000000 		.4byte	.Ldebug_ranges0+0
 374 001d 00000000 		.4byte	0
 375 0021 00000000 		.4byte	.Ldebug_line0
 376 0025 02       		.uleb128 0x2
 377 0026 01       		.byte	0x1
 378 0027 06       		.byte	0x6
 379 0028 45020000 		.4byte	.LASF0
 380 002c 02       		.uleb128 0x2
 381 002d 01       		.byte	0x1
 382 002e 08       		.byte	0x8
 383 002f 37020000 		.4byte	.LASF1
 384 0033 02       		.uleb128 0x2
 385 0034 02       		.byte	0x2
 386 0035 05       		.byte	0x5
 387 0036 7F000000 		.4byte	.LASF2
 388 003a 02       		.uleb128 0x2
 389 003b 02       		.byte	0x2
 390 003c 07       		.byte	0x7
 391 003d E3030000 		.4byte	.LASF3
 392 0041 03       		.uleb128 0x3
 393 0042 D9030000 		.4byte	.LASF9
 394 0046 02       		.byte	0x2
 395 0047 3F       		.byte	0x3f
 396 0048 4C000000 		.4byte	0x4c
 397 004c 02       		.uleb128 0x2
 398 004d 04       		.byte	0x4
 399 004e 05       		.byte	0x5
 400 004f 9B010000 		.4byte	.LASF4
 401 0053 02       		.uleb128 0x2
 402 0054 04       		.byte	0x4
 403 0055 07       		.byte	0x7
 404 0056 A4020000 		.4byte	.LASF5
 405 005a 02       		.uleb128 0x2
 406 005b 08       		.byte	0x8
 407 005c 05       		.byte	0x5
 408 005d 66010000 		.4byte	.LASF6
 409 0061 02       		.uleb128 0x2
 410 0062 08       		.byte	0x8
 411 0063 07       		.byte	0x7
 412 0064 5A020000 		.4byte	.LASF7
 413 0068 04       		.uleb128 0x4
 414 0069 04       		.byte	0x4
 415 006a 05       		.byte	0x5
 416 006b 696E7400 		.ascii	"int\000"
 417 006f 02       		.uleb128 0x2
 418 0070 04       		.byte	0x4
 419 0071 07       		.byte	0x7
ARM GAS  C:\Users\EA527~1.IVA\AppData\Local\Temp\ccAD8IWB.s 			page 11


 420 0072 80020000 		.4byte	.LASF8
 421 0076 03       		.uleb128 0x3
 422 0077 20030000 		.4byte	.LASF10
 423 007b 03       		.byte	0x3
 424 007c 2C       		.byte	0x2c
 425 007d 41000000 		.4byte	0x41
 426 0081 05       		.uleb128 0x5
 427 0082 18010000 		.4byte	.LASF11
 428 0086 04       		.byte	0x4
 429 0087 E401     		.2byte	0x1e4
 430 0089 2C000000 		.4byte	0x2c
 431 008d 05       		.uleb128 0x5
 432 008e A9030000 		.4byte	.LASF12
 433 0092 04       		.byte	0x4
 434 0093 E601     		.2byte	0x1e6
 435 0095 53000000 		.4byte	0x53
 436 0099 02       		.uleb128 0x2
 437 009a 04       		.byte	0x4
 438 009b 04       		.byte	0x4
 439 009c 60010000 		.4byte	.LASF13
 440 00a0 02       		.uleb128 0x2
 441 00a1 08       		.byte	0x8
 442 00a2 04       		.byte	0x4
 443 00a3 18000000 		.4byte	.LASF14
 444 00a7 02       		.uleb128 0x2
 445 00a8 01       		.byte	0x1
 446 00a9 08       		.byte	0x8
 447 00aa 82010000 		.4byte	.LASF15
 448 00ae 06       		.uleb128 0x6
 449 00af 81000000 		.4byte	0x81
 450 00b3 02       		.uleb128 0x2
 451 00b4 08       		.byte	0x8
 452 00b5 04       		.byte	0x4
 453 00b6 00020000 		.4byte	.LASF16
 454 00ba 02       		.uleb128 0x2
 455 00bb 04       		.byte	0x4
 456 00bc 07       		.byte	0x7
 457 00bd F6030000 		.4byte	.LASF17
 458 00c1 07       		.uleb128 0x7
 459 00c2 01       		.byte	0x1
 460 00c3 2C000000 		.4byte	0x2c
 461 00c7 08       		.byte	0x8
 462 00c8 1B       		.byte	0x1b
 463 00c9 DA000000 		.4byte	0xda
 464 00cd 08       		.uleb128 0x8
 465 00ce 9C030000 		.4byte	.LASF18
 466 00d2 00       		.byte	0
 467 00d3 08       		.uleb128 0x8
 468 00d4 0E000000 		.4byte	.LASF19
 469 00d8 01       		.byte	0x1
 470 00d9 00       		.byte	0
 471 00da 09       		.uleb128 0x9
 472 00db 24       		.byte	0x24
 473 00dc 05       		.byte	0x5
 474 00dd 22       		.byte	0x22
 475 00de 6A010000 		.4byte	0x16a
 476 00e2 0A       		.uleb128 0xa
ARM GAS  C:\Users\EA527~1.IVA\AppData\Local\Temp\ccAD8IWB.s 			page 12


 477 00e3 FF020000 		.4byte	.LASF20
 478 00e7 05       		.byte	0x5
 479 00e8 23       		.byte	0x23
 480 00e9 8D000000 		.4byte	0x8d
 481 00ed 04       		.byte	0x4
 482 00ee 18       		.byte	0x18
 483 00ef 08       		.byte	0x8
 484 00f0 00       		.byte	0
 485 00f1 0A       		.uleb128 0xa
 486 00f2 23040000 		.4byte	.LASF21
 487 00f6 05       		.byte	0x5
 488 00f7 24       		.byte	0x24
 489 00f8 8D000000 		.4byte	0x8d
 490 00fc 04       		.byte	0x4
 491 00fd 18       		.byte	0x18
 492 00fe 08       		.byte	0x8
 493 00ff 04       		.byte	0x4
 494 0100 0A       		.uleb128 0xa
 495 0101 C3010000 		.4byte	.LASF22
 496 0105 05       		.byte	0x5
 497 0106 25       		.byte	0x25
 498 0107 8D000000 		.4byte	0x8d
 499 010b 04       		.byte	0x4
 500 010c 18       		.byte	0x18
 501 010d 08       		.byte	0x8
 502 010e 08       		.byte	0x8
 503 010f 0A       		.uleb128 0xa
 504 0110 3B040000 		.4byte	.LASF23
 505 0114 05       		.byte	0x5
 506 0115 26       		.byte	0x26
 507 0116 8D000000 		.4byte	0x8d
 508 011a 04       		.byte	0x4
 509 011b 18       		.byte	0x18
 510 011c 08       		.byte	0x8
 511 011d 0C       		.byte	0xc
 512 011e 0A       		.uleb128 0xa
 513 011f 41040000 		.4byte	.LASF24
 514 0123 05       		.byte	0x5
 515 0124 27       		.byte	0x27
 516 0125 8D000000 		.4byte	0x8d
 517 0129 04       		.byte	0x4
 518 012a 18       		.byte	0x18
 519 012b 08       		.byte	0x8
 520 012c 10       		.byte	0x10
 521 012d 0A       		.uleb128 0xa
 522 012e 47040000 		.4byte	.LASF25
 523 0132 05       		.byte	0x5
 524 0133 28       		.byte	0x28
 525 0134 8D000000 		.4byte	0x8d
 526 0138 04       		.byte	0x4
 527 0139 18       		.byte	0x18
 528 013a 08       		.byte	0x8
 529 013b 14       		.byte	0x14
 530 013c 0A       		.uleb128 0xa
 531 013d FA010000 		.4byte	.LASF26
 532 0141 05       		.byte	0x5
 533 0142 29       		.byte	0x29
ARM GAS  C:\Users\EA527~1.IVA\AppData\Local\Temp\ccAD8IWB.s 			page 13


 534 0143 8D000000 		.4byte	0x8d
 535 0147 04       		.byte	0x4
 536 0148 18       		.byte	0x18
 537 0149 08       		.byte	0x8
 538 014a 18       		.byte	0x18
 539 014b 0A       		.uleb128 0xa
 540 014c DB040000 		.4byte	.LASF27
 541 0150 05       		.byte	0x5
 542 0151 2A       		.byte	0x2a
 543 0152 8D000000 		.4byte	0x8d
 544 0156 04       		.byte	0x4
 545 0157 18       		.byte	0x18
 546 0158 08       		.byte	0x8
 547 0159 1C       		.byte	0x1c
 548 015a 0A       		.uleb128 0xa
 549 015b E1040000 		.4byte	.LASF28
 550 015f 05       		.byte	0x5
 551 0160 2B       		.byte	0x2b
 552 0161 8D000000 		.4byte	0x8d
 553 0165 04       		.byte	0x4
 554 0166 18       		.byte	0x18
 555 0167 08       		.byte	0x8
 556 0168 20       		.byte	0x20
 557 0169 00       		.byte	0
 558 016a 03       		.uleb128 0x3
 559 016b AE000000 		.4byte	.LASF29
 560 016f 05       		.byte	0x5
 561 0170 2C       		.byte	0x2c
 562 0171 DA000000 		.4byte	0xda
 563 0175 0B       		.uleb128 0xb
 564 0176 24       		.byte	0x24
 565 0177 05       		.byte	0x5
 566 0178 2E       		.byte	0x2e
 567 0179 94010000 		.4byte	0x194
 568 017d 0C       		.uleb128 0xc
 569 017e A3030000 		.4byte	.LASF30
 570 0182 05       		.byte	0x5
 571 0183 2F       		.byte	0x2f
 572 0184 94010000 		.4byte	0x194
 573 0188 0C       		.uleb128 0xc
 574 0189 3C050000 		.4byte	.LASF31
 575 018d 05       		.byte	0x5
 576 018e 30       		.byte	0x30
 577 018f 6A010000 		.4byte	0x16a
 578 0193 00       		.byte	0
 579 0194 0D       		.uleb128 0xd
 580 0195 81000000 		.4byte	0x81
 581 0199 A4010000 		.4byte	0x1a4
 582 019d 0E       		.uleb128 0xe
 583 019e BA000000 		.4byte	0xba
 584 01a2 1A       		.byte	0x1a
 585 01a3 00       		.byte	0
 586 01a4 03       		.uleb128 0x3
 587 01a5 CC020000 		.4byte	.LASF32
 588 01a9 05       		.byte	0x5
 589 01aa 31       		.byte	0x31
 590 01ab 75010000 		.4byte	0x175
ARM GAS  C:\Users\EA527~1.IVA\AppData\Local\Temp\ccAD8IWB.s 			page 14


 591 01af 0F       		.uleb128 0xf
 592 01b0 99000000 		.4byte	.LASF86
 593 01b4 01       		.byte	0x1
 594 01b5 29       		.byte	0x29
 595 01b6 68000000 		.4byte	0x68
 596 01ba 00000000 		.4byte	.LFB63
 597 01be 54010000 		.4byte	.LFE63-.LFB63
 598 01c2 01       		.uleb128 0x1
 599 01c3 9C       		.byte	0x9c
 600 01c4 5D030000 		.4byte	0x35d
 601 01c8 10       		.uleb128 0x10
 602 01c9 F6000000 		.4byte	.LBB2
 603 01cd 16000000 		.4byte	.LBE2-.LBB2
 604 01d1 F1010000 		.4byte	0x1f1
 605 01d5 11       		.uleb128 0x11
 606 01d6 6900     		.ascii	"i\000"
 607 01d8 01       		.byte	0x1
 608 01d9 8B       		.byte	0x8b
 609 01da 68000000 		.4byte	0x68
 610 01de 12       		.uleb128 0x12
 611 01df FA000000 		.4byte	.LVL31
 612 01e3 9B040000 		.4byte	0x49b
 613 01e7 12       		.uleb128 0x12
 614 01e8 02010000 		.4byte	.LVL32
 615 01ec A6040000 		.4byte	0x4a6
 616 01f0 00       		.byte	0
 617 01f1 12       		.uleb128 0x12
 618 01f2 22000000 		.4byte	.LVL0
 619 01f6 B1040000 		.4byte	0x4b1
 620 01fa 12       		.uleb128 0x12
 621 01fb 26000000 		.4byte	.LVL1
 622 01ff BC040000 		.4byte	0x4bc
 623 0203 12       		.uleb128 0x12
 624 0204 2A000000 		.4byte	.LVL2
 625 0208 C7040000 		.4byte	0x4c7
 626 020c 12       		.uleb128 0x12
 627 020d 2E000000 		.4byte	.LVL3
 628 0211 D2040000 		.4byte	0x4d2
 629 0215 12       		.uleb128 0x12
 630 0216 32000000 		.4byte	.LVL4
 631 021a DD040000 		.4byte	0x4dd
 632 021e 12       		.uleb128 0x12
 633 021f 36000000 		.4byte	.LVL5
 634 0223 E8040000 		.4byte	0x4e8
 635 0227 12       		.uleb128 0x12
 636 0228 3A000000 		.4byte	.LVL6
 637 022c F3040000 		.4byte	0x4f3
 638 0230 12       		.uleb128 0x12
 639 0231 3E000000 		.4byte	.LVL7
 640 0235 FE040000 		.4byte	0x4fe
 641 0239 12       		.uleb128 0x12
 642 023a 42000000 		.4byte	.LVL8
 643 023e 09050000 		.4byte	0x509
 644 0242 12       		.uleb128 0x12
 645 0243 46000000 		.4byte	.LVL9
 646 0247 14050000 		.4byte	0x514
 647 024b 12       		.uleb128 0x12
ARM GAS  C:\Users\EA527~1.IVA\AppData\Local\Temp\ccAD8IWB.s 			page 15


 648 024c 4A000000 		.4byte	.LVL10
 649 0250 1F050000 		.4byte	0x51f
 650 0254 12       		.uleb128 0x12
 651 0255 4E000000 		.4byte	.LVL11
 652 0259 2A050000 		.4byte	0x52a
 653 025d 12       		.uleb128 0x12
 654 025e 52000000 		.4byte	.LVL12
 655 0262 35050000 		.4byte	0x535
 656 0266 12       		.uleb128 0x12
 657 0267 56000000 		.4byte	.LVL13
 658 026b 40050000 		.4byte	0x540
 659 026f 12       		.uleb128 0x12
 660 0270 5A000000 		.4byte	.LVL14
 661 0274 4B050000 		.4byte	0x54b
 662 0278 12       		.uleb128 0x12
 663 0279 5E000000 		.4byte	.LVL15
 664 027d 56050000 		.4byte	0x556
 665 0281 12       		.uleb128 0x12
 666 0282 62000000 		.4byte	.LVL16
 667 0286 61050000 		.4byte	0x561
 668 028a 12       		.uleb128 0x12
 669 028b 66000000 		.4byte	.LVL17
 670 028f 6C050000 		.4byte	0x56c
 671 0293 12       		.uleb128 0x12
 672 0294 6A000000 		.4byte	.LVL18
 673 0298 77050000 		.4byte	0x577
 674 029c 12       		.uleb128 0x12
 675 029d 70000000 		.4byte	.LVL19
 676 02a1 82050000 		.4byte	0x582
 677 02a5 12       		.uleb128 0x12
 678 02a6 74000000 		.4byte	.LVL20
 679 02aa 8D050000 		.4byte	0x58d
 680 02ae 13       		.uleb128 0x13
 681 02af 7A000000 		.4byte	.LVL21
 682 02b3 98050000 		.4byte	0x598
 683 02b7 C1020000 		.4byte	0x2c1
 684 02bb 14       		.uleb128 0x14
 685 02bc 01       		.uleb128 0x1
 686 02bd 50       		.byte	0x50
 687 02be 01       		.uleb128 0x1
 688 02bf 30       		.byte	0x30
 689 02c0 00       		.byte	0
 690 02c1 13       		.uleb128 0x13
 691 02c2 88000000 		.4byte	.LVL22
 692 02c6 98050000 		.4byte	0x598
 693 02ca D4020000 		.4byte	0x2d4
 694 02ce 14       		.uleb128 0x14
 695 02cf 01       		.uleb128 0x1
 696 02d0 50       		.byte	0x50
 697 02d1 01       		.uleb128 0x1
 698 02d2 31       		.byte	0x31
 699 02d3 00       		.byte	0
 700 02d4 12       		.uleb128 0x12
 701 02d5 90000000 		.4byte	.LVL23
 702 02d9 A3050000 		.4byte	0x5a3
 703 02dd 12       		.uleb128 0x12
 704 02de 94000000 		.4byte	.LVL24
ARM GAS  C:\Users\EA527~1.IVA\AppData\Local\Temp\ccAD8IWB.s 			page 16


 705 02e2 AE050000 		.4byte	0x5ae
 706 02e6 12       		.uleb128 0x12
 707 02e7 9E000000 		.4byte	.LVL25
 708 02eb B9050000 		.4byte	0x5b9
 709 02ef 12       		.uleb128 0x12
 710 02f0 AC000000 		.4byte	.LVL26
 711 02f4 A3050000 		.4byte	0x5a3
 712 02f8 12       		.uleb128 0x12
 713 02f9 C2000000 		.4byte	.LVL27
 714 02fd C4050000 		.4byte	0x5c4
 715 0301 12       		.uleb128 0x12
 716 0302 C6000000 		.4byte	.LVL28
 717 0306 CF050000 		.4byte	0x5cf
 718 030a 13       		.uleb128 0x13
 719 030b CE000000 		.4byte	.LVL29
 720 030f DA050000 		.4byte	0x5da
 721 0313 1D030000 		.4byte	0x31d
 722 0317 14       		.uleb128 0x14
 723 0318 01       		.uleb128 0x1
 724 0319 51       		.byte	0x51
 725 031a 01       		.uleb128 0x1
 726 031b 4B       		.byte	0x4b
 727 031c 00       		.byte	0
 728 031d 12       		.uleb128 0x12
 729 031e F0000000 		.4byte	.LVL30
 730 0322 A6040000 		.4byte	0x4a6
 731 0326 12       		.uleb128 0x12
 732 0327 10010000 		.4byte	.LVL33
 733 032b E5050000 		.4byte	0x5e5
 734 032f 12       		.uleb128 0x12
 735 0330 14010000 		.4byte	.LVL34
 736 0334 F0050000 		.4byte	0x5f0
 737 0338 12       		.uleb128 0x12
 738 0339 18010000 		.4byte	.LVL35
 739 033d AE050000 		.4byte	0x5ae
 740 0341 12       		.uleb128 0x12
 741 0342 1C010000 		.4byte	.LVL36
 742 0346 82050000 		.4byte	0x582
 743 034a 12       		.uleb128 0x12
 744 034b 20010000 		.4byte	.LVL37
 745 034f AE050000 		.4byte	0x5ae
 746 0353 12       		.uleb128 0x12
 747 0354 24010000 		.4byte	.LVL38
 748 0358 8D050000 		.4byte	0x58d
 749 035c 00       		.byte	0
 750 035d 15       		.uleb128 0x15
 751 035e 13030000 		.4byte	.LASF33
 752 0362 06       		.byte	0x6
 753 0363 1207     		.2byte	0x712
 754 0365 69030000 		.4byte	0x369
 755 0369 06       		.uleb128 0x6
 756 036a 76000000 		.4byte	0x76
 757 036e 16       		.uleb128 0x16
 758 036f 47000000 		.4byte	.LASF34
 759 0373 01       		.byte	0x1
 760 0374 16       		.byte	0x16
 761 0375 8D000000 		.4byte	0x8d
ARM GAS  C:\Users\EA527~1.IVA\AppData\Local\Temp\ccAD8IWB.s 			page 17


 762 0379 05       		.uleb128 0x5
 763 037a 03       		.byte	0x3
 764 037b 00000000 		.4byte	incr_compare
 765 037f 17       		.uleb128 0x17
 766 0380 6B000000 		.4byte	.LASF35
 767 0384 07       		.byte	0x7
 768 0385 44       		.byte	0x44
 769 0386 8D000000 		.4byte	0x8d
 770 038a 16       		.uleb128 0x16
 771 038b DE020000 		.4byte	.LASF36
 772 038f 01       		.byte	0x1
 773 0390 24       		.byte	0x24
 774 0391 9B030000 		.4byte	0x39b
 775 0395 05       		.uleb128 0x5
 776 0396 03       		.byte	0x3
 777 0397 00000000 		.4byte	NewFrequency
 778 039b 06       		.uleb128 0x6
 779 039c 4C000000 		.4byte	0x4c
 780 03a0 16       		.uleb128 0x16
 781 03a1 54000000 		.4byte	.LASF37
 782 03a5 01       		.byte	0x1
 783 03a6 25       		.byte	0x25
 784 03a7 4C000000 		.4byte	0x4c
 785 03ab 05       		.uleb128 0x5
 786 03ac 03       		.byte	0x3
 787 03ad 00000000 		.4byte	LowFrequency
 788 03b1 16       		.uleb128 0x16
 789 03b2 B5010000 		.4byte	.LASF38
 790 03b6 01       		.byte	0x1
 791 03b7 26       		.byte	0x26
 792 03b8 4C000000 		.4byte	0x4c
 793 03bc 05       		.uleb128 0x5
 794 03bd 03       		.byte	0x3
 795 03be 00000000 		.4byte	HighFrequency
 796 03c2 17       		.uleb128 0x17
 797 03c3 FF020000 		.4byte	.LASF20
 798 03c7 08       		.byte	0x8
 799 03c8 1A       		.byte	0x1a
 800 03c9 CD030000 		.4byte	0x3cd
 801 03cd 06       		.uleb128 0x6
 802 03ce 6F000000 		.4byte	0x6f
 803 03d2 17       		.uleb128 0x17
 804 03d3 28020000 		.4byte	.LASF39
 805 03d7 09       		.byte	0x9
 806 03d8 15       		.byte	0x15
 807 03d9 AE000000 		.4byte	0xae
 808 03dd 17       		.uleb128 0x17
 809 03de 9E000000 		.4byte	.LASF40
 810 03e2 09       		.byte	0x9
 811 03e3 15       		.byte	0x15
 812 03e4 AE000000 		.4byte	0xae
 813 03e8 17       		.uleb128 0x17
 814 03e9 71020000 		.4byte	.LASF41
 815 03ed 05       		.byte	0x5
 816 03ee 33       		.byte	0x33
 817 03ef A4010000 		.4byte	0x1a4
 818 03f3 17       		.uleb128 0x17
ARM GAS  C:\Users\EA527~1.IVA\AppData\Local\Temp\ccAD8IWB.s 			page 18


 819 03f4 E5010000 		.4byte	.LASF42
 820 03f8 0A       		.byte	0xa
 821 03f9 23       		.byte	0x23
 822 03fa 8D000000 		.4byte	0x8d
 823 03fe 0D       		.uleb128 0xd
 824 03ff 8D000000 		.4byte	0x8d
 825 0403 0E040000 		.4byte	0x40e
 826 0407 0E       		.uleb128 0xe
 827 0408 BA000000 		.4byte	0xba
 828 040c 00       		.byte	0
 829 040d 00       		.byte	0
 830 040e 16       		.uleb128 0x16
 831 040f 39010000 		.4byte	.LASF43
 832 0413 01       		.byte	0x1
 833 0414 18       		.byte	0x18
 834 0415 FE030000 		.4byte	0x3fe
 835 0419 05       		.uleb128 0x5
 836 041a 03       		.byte	0x3
 837 041b 00000000 		.4byte	massage
 838 041f 16       		.uleb128 0x16
 839 0420 3D000000 		.4byte	.LASF44
 840 0424 01       		.byte	0x1
 841 0425 1A       		.byte	0x1a
 842 0426 30040000 		.4byte	0x430
 843 042a 05       		.uleb128 0x5
 844 042b 03       		.byte	0x3
 845 042c 00000000 		.4byte	main_freq
 846 0430 18       		.uleb128 0x18
 847 0431 8D000000 		.4byte	0x8d
 848 0435 16       		.uleb128 0x16
 849 0436 28030000 		.4byte	.LASF45
 850 043a 01       		.byte	0x1
 851 043b 1B       		.byte	0x1b
 852 043c 30040000 		.4byte	0x430
 853 0440 05       		.uleb128 0x5
 854 0441 03       		.byte	0x3
 855 0442 00000000 		.4byte	desired_freq
 856 0446 16       		.uleb128 0x16
 857 0447 B9000000 		.4byte	.LASF46
 858 044b 01       		.byte	0x1
 859 044c 1C       		.byte	0x1c
 860 044d 30040000 		.4byte	0x430
 861 0451 05       		.uleb128 0x5
 862 0452 03       		.byte	0x3
 863 0453 00000000 		.4byte	low_freq
 864 0457 16       		.uleb128 0x16
 865 0458 61000000 		.4byte	.LASF47
 866 045c 01       		.byte	0x1
 867 045d 1D       		.byte	0x1d
 868 045e 30040000 		.4byte	0x430
 869 0462 05       		.uleb128 0x5
 870 0463 03       		.byte	0x3
 871 0464 00000000 		.4byte	high_freq
 872 0468 16       		.uleb128 0x16
 873 0469 53010000 		.4byte	.LASF48
 874 046d 01       		.byte	0x1
 875 046e 1E       		.byte	0x1e
ARM GAS  C:\Users\EA527~1.IVA\AppData\Local\Temp\ccAD8IWB.s 			page 19


 876 046f 30040000 		.4byte	0x430
 877 0473 05       		.uleb128 0x5
 878 0474 03       		.byte	0x3
 879 0475 00000000 		.4byte	divider_freq
 880 0479 16       		.uleb128 0x16
 881 047a 51020000 		.4byte	.LASF49
 882 047e 01       		.byte	0x1
 883 047f 1F       		.byte	0x1f
 884 0480 30040000 		.4byte	0x430
 885 0484 05       		.uleb128 0x5
 886 0485 03       		.byte	0x3
 887 0486 00000000 		.4byte	capacity
 888 048a 16       		.uleb128 0x16
 889 048b 92030000 		.4byte	.LASF50
 890 048f 01       		.byte	0x1
 891 0490 27       		.byte	0x27
 892 0491 8D000000 		.4byte	0x8d
 893 0495 05       		.uleb128 0x5
 894 0496 03       		.byte	0x3
 895 0497 00000000 		.4byte	DRDY_flag
 896 049b 19       		.uleb128 0x19
 897 049c D1000000 		.4byte	.LASF51
 898 04a0 D1000000 		.4byte	.LASF51
 899 04a4 0B       		.byte	0xb
 900 04a5 60       		.byte	0x60
 901 04a6 19       		.uleb128 0x19
 902 04a7 F3000000 		.4byte	.LASF52
 903 04ab F3000000 		.4byte	.LASF52
 904 04af 0B       		.byte	0xb
 905 04b0 62       		.byte	0x62
 906 04b1 19       		.uleb128 0x19
 907 04b2 C2030000 		.4byte	.LASF53
 908 04b6 C2030000 		.4byte	.LASF53
 909 04ba 0C       		.byte	0xc
 910 04bb 3C       		.byte	0x3c
 911 04bc 19       		.uleb128 0x19
 912 04bd 6F030000 		.4byte	.LASF54
 913 04c1 6F030000 		.4byte	.LASF54
 914 04c5 0D       		.byte	0xd
 915 04c6 4F       		.byte	0x4f
 916 04c7 19       		.uleb128 0x19
 917 04c8 23010000 		.4byte	.LASF55
 918 04cc 23010000 		.4byte	.LASF55
 919 04d0 0E       		.byte	0xe
 920 04d1 3C       		.byte	0x3c
 921 04d2 19       		.uleb128 0x19
 922 04d3 2F050000 		.4byte	.LASF56
 923 04d7 2F050000 		.4byte	.LASF56
 924 04db 0F       		.byte	0xf
 925 04dc 4F       		.byte	0x4f
 926 04dd 19       		.uleb128 0x19
 927 04de EB020000 		.4byte	.LASF57
 928 04e2 EB020000 		.4byte	.LASF57
 929 04e6 10       		.byte	0x10
 930 04e7 4F       		.byte	0x4f
 931 04e8 19       		.uleb128 0x19
 932 04e9 74010000 		.4byte	.LASF58
ARM GAS  C:\Users\EA527~1.IVA\AppData\Local\Temp\ccAD8IWB.s 			page 20


 933 04ed 74010000 		.4byte	.LASF58
 934 04f1 11       		.byte	0x11
 935 04f2 33       		.byte	0x33
 936 04f3 19       		.uleb128 0x19
 937 04f4 43050000 		.4byte	.LASF59
 938 04f8 43050000 		.4byte	.LASF59
 939 04fc 12       		.byte	0x12
 940 04fd 3F       		.byte	0x3f
 941 04fe 19       		.uleb128 0x19
 942 04ff 06030000 		.4byte	.LASF60
 943 0503 06030000 		.4byte	.LASF60
 944 0507 13       		.byte	0x13
 945 0508 3F       		.byte	0x3f
 946 0509 19       		.uleb128 0x19
 947 050a 15040000 		.4byte	.LASF61
 948 050e 15040000 		.4byte	.LASF61
 949 0512 14       		.byte	0x14
 950 0513 33       		.byte	0x33
 951 0514 19       		.uleb128 0x19
 952 0515 0B010000 		.4byte	.LASF62
 953 0519 0B010000 		.4byte	.LASF62
 954 051d 15       		.byte	0x15
 955 051e 3C       		.byte	0x3c
 956 051f 19       		.uleb128 0x19
 957 0520 C2000000 		.4byte	.LASF63
 958 0524 C2000000 		.4byte	.LASF63
 959 0528 16       		.byte	0x16
 960 0529 3C       		.byte	0x3c
 961 052a 19       		.uleb128 0x19
 962 052b 46030000 		.4byte	.LASF64
 963 052f 46030000 		.4byte	.LASF64
 964 0533 17       		.byte	0x17
 965 0534 4F       		.byte	0x4f
 966 0535 19       		.uleb128 0x19
 967 0536 41010000 		.4byte	.LASF65
 968 053a 41010000 		.4byte	.LASF65
 969 053e 18       		.byte	0x18
 970 053f 17       		.byte	0x17
 971 0540 19       		.uleb128 0x19
 972 0541 83030000 		.4byte	.LASF66
 973 0545 83030000 		.4byte	.LASF66
 974 0549 19       		.byte	0x19
 975 054a 17       		.byte	0x17
 976 054b 19       		.uleb128 0x19
 977 054c 8D020000 		.4byte	.LASF67
 978 0550 8D020000 		.4byte	.LASF67
 979 0554 1A       		.byte	0x1a
 980 0555 17       		.byte	0x17
 981 0556 19       		.uleb128 0x19
 982 0557 B0030000 		.4byte	.LASF68
 983 055b B0030000 		.4byte	.LASF68
 984 055f 1B       		.byte	0x1b
 985 0560 17       		.byte	0x17
 986 0561 19       		.uleb128 0x19
 987 0562 0C020000 		.4byte	.LASF69
 988 0566 0C020000 		.4byte	.LASF69
 989 056a 1C       		.byte	0x1c
ARM GAS  C:\Users\EA527~1.IVA\AppData\Local\Temp\ccAD8IWB.s 			page 21


 990 056b 17       		.byte	0x17
 991 056c 19       		.uleb128 0x19
 992 056d 1F000000 		.4byte	.LASF70
 993 0571 1F000000 		.4byte	.LASF70
 994 0575 1C       		.byte	0x1c
 995 0576 25       		.byte	0x25
 996 0577 19       		.uleb128 0x19
 997 0578 C9010000 		.4byte	.LASF71
 998 057c C9010000 		.4byte	.LASF71
 999 0580 1D       		.byte	0x1d
 1000 0581 31       		.byte	0x31
 1001 0582 19       		.uleb128 0x19
 1002 0583 00000000 		.4byte	.LASF72
 1003 0587 00000000 		.4byte	.LASF72
 1004 058b 08       		.byte	0x8
 1005 058c 1C       		.byte	0x1c
 1006 058d 19       		.uleb128 0x19
 1007 058e 1E010000 		.4byte	.LASF73
 1008 0592 1E010000 		.4byte	.LASF73
 1009 0596 08       		.byte	0x8
 1010 0597 1F       		.byte	0x1f
 1011 0598 19       		.uleb128 0x19
 1012 0599 35030000 		.4byte	.LASF74
 1013 059d 35030000 		.4byte	.LASF74
 1014 05a1 1E       		.byte	0x1e
 1015 05a2 2F       		.byte	0x2f
 1016 05a3 19       		.uleb128 0x19
 1017 05a4 89000000 		.4byte	.LASF75
 1018 05a8 89000000 		.4byte	.LASF75
 1019 05ac 1F       		.byte	0x1f
 1020 05ad 11       		.byte	0x11
 1021 05ae 19       		.uleb128 0x19
 1022 05af E4000000 		.4byte	.LASF76
 1023 05b3 E4000000 		.4byte	.LASF76
 1024 05b7 20       		.byte	0x20
 1025 05b8 18       		.byte	0x18
 1026 05b9 19       		.uleb128 0x19
 1027 05ba 87010000 		.4byte	.LASF77
 1028 05be 87010000 		.4byte	.LASF77
 1029 05c2 07       		.byte	0x7
 1030 05c3 56       		.byte	0x56
 1031 05c4 19       		.uleb128 0x19
 1032 05c5 B6020000 		.4byte	.LASF78
 1033 05c9 B6020000 		.4byte	.LASF78
 1034 05cd 0B       		.byte	0xb
 1035 05ce 65       		.byte	0x65
 1036 05cf 19       		.uleb128 0x19
 1037 05d0 FF030000 		.4byte	.LASF79
 1038 05d4 FF030000 		.4byte	.LASF79
 1039 05d8 0B       		.byte	0xb
 1040 05d9 64       		.byte	0x64
 1041 05da 19       		.uleb128 0x19
 1042 05db A4010000 		.4byte	.LASF80
 1043 05df A4010000 		.4byte	.LASF80
 1044 05e3 0B       		.byte	0xb
 1045 05e4 67       		.byte	0x67
 1046 05e5 19       		.uleb128 0x19
ARM GAS  C:\Users\EA527~1.IVA\AppData\Local\Temp\ccAD8IWB.s 			page 22


 1047 05e6 29040000 		.4byte	.LASF81
 1048 05ea 29040000 		.4byte	.LASF81
 1049 05ee 0A       		.byte	0xa
 1050 05ef 25       		.byte	0x25
 1051 05f0 19       		.uleb128 0x19
 1052 05f1 59030000 		.4byte	.LASF82
 1053 05f5 59030000 		.4byte	.LASF82
 1054 05f9 0A       		.byte	0xa
 1055 05fa 26       		.byte	0x26
 1056 05fb 00       		.byte	0
 1057              		.section	.debug_abbrev,"",%progbits
 1058              	.Ldebug_abbrev0:
 1059 0000 01       		.uleb128 0x1
 1060 0001 11       		.uleb128 0x11
 1061 0002 01       		.byte	0x1
 1062 0003 25       		.uleb128 0x25
 1063 0004 0E       		.uleb128 0xe
 1064 0005 13       		.uleb128 0x13
 1065 0006 0B       		.uleb128 0xb
 1066 0007 03       		.uleb128 0x3
 1067 0008 0E       		.uleb128 0xe
 1068 0009 1B       		.uleb128 0x1b
 1069 000a 0E       		.uleb128 0xe
 1070 000b 55       		.uleb128 0x55
 1071 000c 17       		.uleb128 0x17
 1072 000d 11       		.uleb128 0x11
 1073 000e 01       		.uleb128 0x1
 1074 000f 10       		.uleb128 0x10
 1075 0010 17       		.uleb128 0x17
 1076 0011 00       		.byte	0
 1077 0012 00       		.byte	0
 1078 0013 02       		.uleb128 0x2
 1079 0014 24       		.uleb128 0x24
 1080 0015 00       		.byte	0
 1081 0016 0B       		.uleb128 0xb
 1082 0017 0B       		.uleb128 0xb
 1083 0018 3E       		.uleb128 0x3e
 1084 0019 0B       		.uleb128 0xb
 1085 001a 03       		.uleb128 0x3
 1086 001b 0E       		.uleb128 0xe
 1087 001c 00       		.byte	0
 1088 001d 00       		.byte	0
 1089 001e 03       		.uleb128 0x3
 1090 001f 16       		.uleb128 0x16
 1091 0020 00       		.byte	0
 1092 0021 03       		.uleb128 0x3
 1093 0022 0E       		.uleb128 0xe
 1094 0023 3A       		.uleb128 0x3a
 1095 0024 0B       		.uleb128 0xb
 1096 0025 3B       		.uleb128 0x3b
 1097 0026 0B       		.uleb128 0xb
 1098 0027 49       		.uleb128 0x49
 1099 0028 13       		.uleb128 0x13
 1100 0029 00       		.byte	0
 1101 002a 00       		.byte	0
 1102 002b 04       		.uleb128 0x4
 1103 002c 24       		.uleb128 0x24
ARM GAS  C:\Users\EA527~1.IVA\AppData\Local\Temp\ccAD8IWB.s 			page 23


 1104 002d 00       		.byte	0
 1105 002e 0B       		.uleb128 0xb
 1106 002f 0B       		.uleb128 0xb
 1107 0030 3E       		.uleb128 0x3e
 1108 0031 0B       		.uleb128 0xb
 1109 0032 03       		.uleb128 0x3
 1110 0033 08       		.uleb128 0x8
 1111 0034 00       		.byte	0
 1112 0035 00       		.byte	0
 1113 0036 05       		.uleb128 0x5
 1114 0037 16       		.uleb128 0x16
 1115 0038 00       		.byte	0
 1116 0039 03       		.uleb128 0x3
 1117 003a 0E       		.uleb128 0xe
 1118 003b 3A       		.uleb128 0x3a
 1119 003c 0B       		.uleb128 0xb
 1120 003d 3B       		.uleb128 0x3b
 1121 003e 05       		.uleb128 0x5
 1122 003f 49       		.uleb128 0x49
 1123 0040 13       		.uleb128 0x13
 1124 0041 00       		.byte	0
 1125 0042 00       		.byte	0
 1126 0043 06       		.uleb128 0x6
 1127 0044 35       		.uleb128 0x35
 1128 0045 00       		.byte	0
 1129 0046 49       		.uleb128 0x49
 1130 0047 13       		.uleb128 0x13
 1131 0048 00       		.byte	0
 1132 0049 00       		.byte	0
 1133 004a 07       		.uleb128 0x7
 1134 004b 04       		.uleb128 0x4
 1135 004c 01       		.byte	0x1
 1136 004d 0B       		.uleb128 0xb
 1137 004e 0B       		.uleb128 0xb
 1138 004f 49       		.uleb128 0x49
 1139 0050 13       		.uleb128 0x13
 1140 0051 3A       		.uleb128 0x3a
 1141 0052 0B       		.uleb128 0xb
 1142 0053 3B       		.uleb128 0x3b
 1143 0054 0B       		.uleb128 0xb
 1144 0055 01       		.uleb128 0x1
 1145 0056 13       		.uleb128 0x13
 1146 0057 00       		.byte	0
 1147 0058 00       		.byte	0
 1148 0059 08       		.uleb128 0x8
 1149 005a 28       		.uleb128 0x28
 1150 005b 00       		.byte	0
 1151 005c 03       		.uleb128 0x3
 1152 005d 0E       		.uleb128 0xe
 1153 005e 1C       		.uleb128 0x1c
 1154 005f 0B       		.uleb128 0xb
 1155 0060 00       		.byte	0
 1156 0061 00       		.byte	0
 1157 0062 09       		.uleb128 0x9
 1158 0063 13       		.uleb128 0x13
 1159 0064 01       		.byte	0x1
 1160 0065 0B       		.uleb128 0xb
ARM GAS  C:\Users\EA527~1.IVA\AppData\Local\Temp\ccAD8IWB.s 			page 24


 1161 0066 0B       		.uleb128 0xb
 1162 0067 3A       		.uleb128 0x3a
 1163 0068 0B       		.uleb128 0xb
 1164 0069 3B       		.uleb128 0x3b
 1165 006a 0B       		.uleb128 0xb
 1166 006b 01       		.uleb128 0x1
 1167 006c 13       		.uleb128 0x13
 1168 006d 00       		.byte	0
 1169 006e 00       		.byte	0
 1170 006f 0A       		.uleb128 0xa
 1171 0070 0D       		.uleb128 0xd
 1172 0071 00       		.byte	0
 1173 0072 03       		.uleb128 0x3
 1174 0073 0E       		.uleb128 0xe
 1175 0074 3A       		.uleb128 0x3a
 1176 0075 0B       		.uleb128 0xb
 1177 0076 3B       		.uleb128 0x3b
 1178 0077 0B       		.uleb128 0xb
 1179 0078 49       		.uleb128 0x49
 1180 0079 13       		.uleb128 0x13
 1181 007a 0B       		.uleb128 0xb
 1182 007b 0B       		.uleb128 0xb
 1183 007c 0D       		.uleb128 0xd
 1184 007d 0B       		.uleb128 0xb
 1185 007e 0C       		.uleb128 0xc
 1186 007f 0B       		.uleb128 0xb
 1187 0080 38       		.uleb128 0x38
 1188 0081 0B       		.uleb128 0xb
 1189 0082 00       		.byte	0
 1190 0083 00       		.byte	0
 1191 0084 0B       		.uleb128 0xb
 1192 0085 17       		.uleb128 0x17
 1193 0086 01       		.byte	0x1
 1194 0087 0B       		.uleb128 0xb
 1195 0088 0B       		.uleb128 0xb
 1196 0089 3A       		.uleb128 0x3a
 1197 008a 0B       		.uleb128 0xb
 1198 008b 3B       		.uleb128 0x3b
 1199 008c 0B       		.uleb128 0xb
 1200 008d 01       		.uleb128 0x1
 1201 008e 13       		.uleb128 0x13
 1202 008f 00       		.byte	0
 1203 0090 00       		.byte	0
 1204 0091 0C       		.uleb128 0xc
 1205 0092 0D       		.uleb128 0xd
 1206 0093 00       		.byte	0
 1207 0094 03       		.uleb128 0x3
 1208 0095 0E       		.uleb128 0xe
 1209 0096 3A       		.uleb128 0x3a
 1210 0097 0B       		.uleb128 0xb
 1211 0098 3B       		.uleb128 0x3b
 1212 0099 0B       		.uleb128 0xb
 1213 009a 49       		.uleb128 0x49
 1214 009b 13       		.uleb128 0x13
 1215 009c 00       		.byte	0
 1216 009d 00       		.byte	0
 1217 009e 0D       		.uleb128 0xd
ARM GAS  C:\Users\EA527~1.IVA\AppData\Local\Temp\ccAD8IWB.s 			page 25


 1218 009f 01       		.uleb128 0x1
 1219 00a0 01       		.byte	0x1
 1220 00a1 49       		.uleb128 0x49
 1221 00a2 13       		.uleb128 0x13
 1222 00a3 01       		.uleb128 0x1
 1223 00a4 13       		.uleb128 0x13
 1224 00a5 00       		.byte	0
 1225 00a6 00       		.byte	0
 1226 00a7 0E       		.uleb128 0xe
 1227 00a8 21       		.uleb128 0x21
 1228 00a9 00       		.byte	0
 1229 00aa 49       		.uleb128 0x49
 1230 00ab 13       		.uleb128 0x13
 1231 00ac 2F       		.uleb128 0x2f
 1232 00ad 0B       		.uleb128 0xb
 1233 00ae 00       		.byte	0
 1234 00af 00       		.byte	0
 1235 00b0 0F       		.uleb128 0xf
 1236 00b1 2E       		.uleb128 0x2e
 1237 00b2 01       		.byte	0x1
 1238 00b3 3F       		.uleb128 0x3f
 1239 00b4 19       		.uleb128 0x19
 1240 00b5 03       		.uleb128 0x3
 1241 00b6 0E       		.uleb128 0xe
 1242 00b7 3A       		.uleb128 0x3a
 1243 00b8 0B       		.uleb128 0xb
 1244 00b9 3B       		.uleb128 0x3b
 1245 00ba 0B       		.uleb128 0xb
 1246 00bb 27       		.uleb128 0x27
 1247 00bc 19       		.uleb128 0x19
 1248 00bd 49       		.uleb128 0x49
 1249 00be 13       		.uleb128 0x13
 1250 00bf 8701     		.uleb128 0x87
 1251 00c1 19       		.uleb128 0x19
 1252 00c2 11       		.uleb128 0x11
 1253 00c3 01       		.uleb128 0x1
 1254 00c4 12       		.uleb128 0x12
 1255 00c5 06       		.uleb128 0x6
 1256 00c6 40       		.uleb128 0x40
 1257 00c7 18       		.uleb128 0x18
 1258 00c8 9742     		.uleb128 0x2117
 1259 00ca 19       		.uleb128 0x19
 1260 00cb 01       		.uleb128 0x1
 1261 00cc 13       		.uleb128 0x13
 1262 00cd 00       		.byte	0
 1263 00ce 00       		.byte	0
 1264 00cf 10       		.uleb128 0x10
 1265 00d0 0B       		.uleb128 0xb
 1266 00d1 01       		.byte	0x1
 1267 00d2 11       		.uleb128 0x11
 1268 00d3 01       		.uleb128 0x1
 1269 00d4 12       		.uleb128 0x12
 1270 00d5 06       		.uleb128 0x6
 1271 00d6 01       		.uleb128 0x1
 1272 00d7 13       		.uleb128 0x13
 1273 00d8 00       		.byte	0
 1274 00d9 00       		.byte	0
ARM GAS  C:\Users\EA527~1.IVA\AppData\Local\Temp\ccAD8IWB.s 			page 26


 1275 00da 11       		.uleb128 0x11
 1276 00db 34       		.uleb128 0x34
 1277 00dc 00       		.byte	0
 1278 00dd 03       		.uleb128 0x3
 1279 00de 08       		.uleb128 0x8
 1280 00df 3A       		.uleb128 0x3a
 1281 00e0 0B       		.uleb128 0xb
 1282 00e1 3B       		.uleb128 0x3b
 1283 00e2 0B       		.uleb128 0xb
 1284 00e3 49       		.uleb128 0x49
 1285 00e4 13       		.uleb128 0x13
 1286 00e5 00       		.byte	0
 1287 00e6 00       		.byte	0
 1288 00e7 12       		.uleb128 0x12
 1289 00e8 898201   		.uleb128 0x4109
 1290 00eb 00       		.byte	0
 1291 00ec 11       		.uleb128 0x11
 1292 00ed 01       		.uleb128 0x1
 1293 00ee 31       		.uleb128 0x31
 1294 00ef 13       		.uleb128 0x13
 1295 00f0 00       		.byte	0
 1296 00f1 00       		.byte	0
 1297 00f2 13       		.uleb128 0x13
 1298 00f3 898201   		.uleb128 0x4109
 1299 00f6 01       		.byte	0x1
 1300 00f7 11       		.uleb128 0x11
 1301 00f8 01       		.uleb128 0x1
 1302 00f9 31       		.uleb128 0x31
 1303 00fa 13       		.uleb128 0x13
 1304 00fb 01       		.uleb128 0x1
 1305 00fc 13       		.uleb128 0x13
 1306 00fd 00       		.byte	0
 1307 00fe 00       		.byte	0
 1308 00ff 14       		.uleb128 0x14
 1309 0100 8A8201   		.uleb128 0x410a
 1310 0103 00       		.byte	0
 1311 0104 02       		.uleb128 0x2
 1312 0105 18       		.uleb128 0x18
 1313 0106 9142     		.uleb128 0x2111
 1314 0108 18       		.uleb128 0x18
 1315 0109 00       		.byte	0
 1316 010a 00       		.byte	0
 1317 010b 15       		.uleb128 0x15
 1318 010c 34       		.uleb128 0x34
 1319 010d 00       		.byte	0
 1320 010e 03       		.uleb128 0x3
 1321 010f 0E       		.uleb128 0xe
 1322 0110 3A       		.uleb128 0x3a
 1323 0111 0B       		.uleb128 0xb
 1324 0112 3B       		.uleb128 0x3b
 1325 0113 05       		.uleb128 0x5
 1326 0114 49       		.uleb128 0x49
 1327 0115 13       		.uleb128 0x13
 1328 0116 3F       		.uleb128 0x3f
 1329 0117 19       		.uleb128 0x19
 1330 0118 3C       		.uleb128 0x3c
 1331 0119 19       		.uleb128 0x19
ARM GAS  C:\Users\EA527~1.IVA\AppData\Local\Temp\ccAD8IWB.s 			page 27


 1332 011a 00       		.byte	0
 1333 011b 00       		.byte	0
 1334 011c 16       		.uleb128 0x16
 1335 011d 34       		.uleb128 0x34
 1336 011e 00       		.byte	0
 1337 011f 03       		.uleb128 0x3
 1338 0120 0E       		.uleb128 0xe
 1339 0121 3A       		.uleb128 0x3a
 1340 0122 0B       		.uleb128 0xb
 1341 0123 3B       		.uleb128 0x3b
 1342 0124 0B       		.uleb128 0xb
 1343 0125 49       		.uleb128 0x49
 1344 0126 13       		.uleb128 0x13
 1345 0127 3F       		.uleb128 0x3f
 1346 0128 19       		.uleb128 0x19
 1347 0129 02       		.uleb128 0x2
 1348 012a 18       		.uleb128 0x18
 1349 012b 00       		.byte	0
 1350 012c 00       		.byte	0
 1351 012d 17       		.uleb128 0x17
 1352 012e 34       		.uleb128 0x34
 1353 012f 00       		.byte	0
 1354 0130 03       		.uleb128 0x3
 1355 0131 0E       		.uleb128 0xe
 1356 0132 3A       		.uleb128 0x3a
 1357 0133 0B       		.uleb128 0xb
 1358 0134 3B       		.uleb128 0x3b
 1359 0135 0B       		.uleb128 0xb
 1360 0136 49       		.uleb128 0x49
 1361 0137 13       		.uleb128 0x13
 1362 0138 3F       		.uleb128 0x3f
 1363 0139 19       		.uleb128 0x19
 1364 013a 3C       		.uleb128 0x3c
 1365 013b 19       		.uleb128 0x19
 1366 013c 00       		.byte	0
 1367 013d 00       		.byte	0
 1368 013e 18       		.uleb128 0x18
 1369 013f 26       		.uleb128 0x26
 1370 0140 00       		.byte	0
 1371 0141 49       		.uleb128 0x49
 1372 0142 13       		.uleb128 0x13
 1373 0143 00       		.byte	0
 1374 0144 00       		.byte	0
 1375 0145 19       		.uleb128 0x19
 1376 0146 2E       		.uleb128 0x2e
 1377 0147 00       		.byte	0
 1378 0148 3F       		.uleb128 0x3f
 1379 0149 19       		.uleb128 0x19
 1380 014a 3C       		.uleb128 0x3c
 1381 014b 19       		.uleb128 0x19
 1382 014c 6E       		.uleb128 0x6e
 1383 014d 0E       		.uleb128 0xe
 1384 014e 03       		.uleb128 0x3
 1385 014f 0E       		.uleb128 0xe
 1386 0150 3A       		.uleb128 0x3a
 1387 0151 0B       		.uleb128 0xb
 1388 0152 3B       		.uleb128 0x3b
ARM GAS  C:\Users\EA527~1.IVA\AppData\Local\Temp\ccAD8IWB.s 			page 28


 1389 0153 0B       		.uleb128 0xb
 1390 0154 00       		.byte	0
 1391 0155 00       		.byte	0
 1392 0156 00       		.byte	0
 1393              		.section	.debug_aranges,"",%progbits
 1394 0000 1C000000 		.4byte	0x1c
 1395 0004 0200     		.2byte	0x2
 1396 0006 00000000 		.4byte	.Ldebug_info0
 1397 000a 04       		.byte	0x4
 1398 000b 00       		.byte	0
 1399 000c 0000     		.2byte	0
 1400 000e 0000     		.2byte	0
 1401 0010 00000000 		.4byte	.LFB63
 1402 0014 54010000 		.4byte	.LFE63-.LFB63
 1403 0018 00000000 		.4byte	0
 1404 001c 00000000 		.4byte	0
 1405              		.section	.debug_ranges,"",%progbits
 1406              	.Ldebug_ranges0:
 1407 0000 00000000 		.4byte	.LFB63
 1408 0004 54010000 		.4byte	.LFE63
 1409 0008 00000000 		.4byte	0
 1410 000c 00000000 		.4byte	0
 1411              		.section	.debug_line,"",%progbits
 1412              	.Ldebug_line0:
 1413 0000 5C030000 		.section	.debug_str,"MS",%progbits,1
 1413      02000303 
 1413      00000201 
 1413      FB0E0D00 
 1413      01010101 
 1414              	.LASF72:
 1415 0000 50726570 		.ascii	"PrepareToSend\000"
 1415      61726554 
 1415      6F53656E 
 1415      6400
 1416              	.LASF19:
 1417 000e 54525355 		.ascii	"TRSUCCSSY\000"
 1417      43435353 
 1417      5900
 1418              	.LASF14:
 1419 0018 646F7562 		.ascii	"double\000"
 1419      6C6500
 1420              	.LASF70:
 1421 001f 6973725F 		.ascii	"isr_TransmitWordShift_Disable\000"
 1421      5472616E 
 1421      736D6974 
 1421      576F7264 
 1421      53686966 
 1422              	.LASF44:
 1423 003d 6D61696E 		.ascii	"main_freq\000"
 1423      5F667265 
 1423      7100
 1424              	.LASF34:
 1425 0047 696E6372 		.ascii	"incr_compare\000"
 1425      5F636F6D 
 1425      70617265 
 1425      00
 1426              	.LASF37:
ARM GAS  C:\Users\EA527~1.IVA\AppData\Local\Temp\ccAD8IWB.s 			page 29


 1427 0054 4C6F7746 		.ascii	"LowFrequency\000"
 1427      72657175 
 1427      656E6379 
 1427      00
 1428              	.LASF47:
 1429 0061 68696768 		.ascii	"high_freq\000"
 1429      5F667265 
 1429      7100
 1430              	.LASF35:
 1431 006b 55706461 		.ascii	"UpdateFrequencyFlag\000"
 1431      74654672 
 1431      65717565 
 1431      6E637946 
 1431      6C616700 
 1432              	.LASF2:
 1433 007f 73686F72 		.ascii	"short int\000"
 1433      7420696E 
 1433      7400
 1434              	.LASF75:
 1435 0089 55706461 		.ascii	"UpdateFrequency\000"
 1435      74654672 
 1435      65717565 
 1435      6E637900 
 1436              	.LASF86:
 1437 0099 6D61696E 		.ascii	"main\000"
 1437      00
 1438              	.LASF40:
 1439 009e 666C6167 		.ascii	"flag_write_done\000"
 1439      5F777269 
 1439      74655F64 
 1439      6F6E6500 
 1440              	.LASF29:
 1441 00ae 62757273 		.ascii	"burst_read\000"
 1441      745F7265 
 1441      616400
 1442              	.LASF46:
 1443 00b9 6C6F775F 		.ascii	"low_freq\000"
 1443      66726571 
 1443      00
 1444              	.LASF63:
 1445 00c2 5369676D 		.ascii	"SigmaReg_Start\000"
 1445      61526567 
 1445      5F537461 
 1445      727400
 1446              	.LASF51:
 1447 00d1 5350495F 		.ascii	"SPI_ADC_ReadRxData\000"
 1447      4144435F 
 1447      52656164 
 1447      52784461 
 1447      746100
 1448              	.LASF76:
 1449 00e4 50726570 		.ascii	"PrepareToStore\000"
 1449      61726554 
 1449      6F53746F 
 1449      726500
 1450              	.LASF52:
 1451 00f3 5350495F 		.ascii	"SPI_ADC_GetRxBufferSize\000"
ARM GAS  C:\Users\EA527~1.IVA\AppData\Local\Temp\ccAD8IWB.s 			page 30


 1451      4144435F 
 1451      47657452 
 1451      78427566 
 1451      66657253 
 1452              	.LASF62:
 1453 010b 50657269 		.ascii	"Period_Start\000"
 1453      6F645F53 
 1453      74617274 
 1453      00
 1454              	.LASF11:
 1455 0118 75696E74 		.ascii	"uint8\000"
 1455      3800
 1456              	.LASF73:
 1457 011e 53656E64 		.ascii	"Send\000"
 1457      00
 1458              	.LASF55:
 1459 0123 52656369 		.ascii	"RecieveShiftReg_Start\000"
 1459      65766553 
 1459      68696674 
 1459      5265675F 
 1459      53746172 
 1460              	.LASF43:
 1461 0139 6D617373 		.ascii	"massage\000"
 1461      61676500 
 1462              	.LASF65:
 1463 0141 6361705F 		.ascii	"cap_comp_tc_Start\000"
 1463      636F6D70 
 1463      5F74635F 
 1463      53746172 
 1463      7400
 1464              	.LASF48:
 1465 0153 64697669 		.ascii	"divider_freq\000"
 1465      6465725F 
 1465      66726571 
 1465      00
 1466              	.LASF13:
 1467 0160 666C6F61 		.ascii	"float\000"
 1467      7400
 1468              	.LASF6:
 1469 0166 6C6F6E67 		.ascii	"long long int\000"
 1469      206C6F6E 
 1469      6720696E 
 1469      7400
 1470              	.LASF58:
 1471 0174 56444143 		.ascii	"VDAC8_1_Start\000"
 1471      385F315F 
 1471      53746172 
 1471      7400
 1472              	.LASF15:
 1473 0182 63686172 		.ascii	"char\000"
 1473      00
 1474              	.LASF77:
 1475 0187 50726570 		.ascii	"PrepareNewFrequency\000"
 1475      6172654E 
 1475      65774672 
 1475      65717565 
 1475      6E637900 
ARM GAS  C:\Users\EA527~1.IVA\AppData\Local\Temp\ccAD8IWB.s 			page 31


 1476              	.LASF4:
 1477 019b 6C6F6E67 		.ascii	"long int\000"
 1477      20696E74 
 1477      00
 1478              	.LASF80:
 1479 01a4 5350495F 		.ascii	"SPI_ADC_PutArray\000"
 1479      4144435F 
 1479      50757441 
 1479      72726179 
 1479      00
 1480              	.LASF38:
 1481 01b5 48696768 		.ascii	"HighFrequency\000"
 1481      46726571 
 1481      75656E63 
 1481      7900
 1482              	.LASF22:
 1483 01c3 64617461 		.ascii	"data1\000"
 1483      3100
 1484              	.LASF71:
 1485 01c9 43617074 		.ascii	"Capture_low_InterruptEnable\000"
 1485      7572655F 
 1485      6C6F775F 
 1485      496E7465 
 1485      72727570 
 1486              	.LASF42:
 1487 01e5 6C617374 		.ascii	"last_adc_data_sended\000"
 1487      5F616463 
 1487      5F646174 
 1487      615F7365 
 1487      6E646564 
 1488              	.LASF26:
 1489 01fa 64617461 		.ascii	"data5\000"
 1489      3500
 1490              	.LASF16:
 1491 0200 6C6F6E67 		.ascii	"long double\000"
 1491      20646F75 
 1491      626C6500 
 1492              	.LASF69:
 1493 020c 6973725F 		.ascii	"isr_TransmitWordShift_Start\000"
 1493      5472616E 
 1493      736D6974 
 1493      576F7264 
 1493      53686966 
 1494              	.LASF39:
 1495 0228 666C6167 		.ascii	"flag_read_done\000"
 1495      5F726561 
 1495      645F646F 
 1495      6E6500
 1496              	.LASF1:
 1497 0237 756E7369 		.ascii	"unsigned char\000"
 1497      676E6564 
 1497      20636861 
 1497      7200
 1498              	.LASF0:
 1499 0245 7369676E 		.ascii	"signed char\000"
 1499      65642063 
 1499      68617200 
ARM GAS  C:\Users\EA527~1.IVA\AppData\Local\Temp\ccAD8IWB.s 			page 32


 1500              	.LASF49:
 1501 0251 63617061 		.ascii	"capacity\000"
 1501      63697479 
 1501      00
 1502              	.LASF7:
 1503 025a 6C6F6E67 		.ascii	"long long unsigned int\000"
 1503      206C6F6E 
 1503      6720756E 
 1503      7369676E 
 1503      65642069 
 1504              	.LASF41:
 1505 0271 44617461 		.ascii	"Data_ADS131E08\000"
 1505      5F414453 
 1505      31333145 
 1505      303800
 1506              	.LASF8:
 1507 0280 756E7369 		.ascii	"unsigned int\000"
 1507      676E6564 
 1507      20696E74 
 1507      00
 1508              	.LASF67:
 1509 028d 6973725F 		.ascii	"isr_Load_TrShReg_Start\000"
 1509      4C6F6164 
 1509      5F547253 
 1509      68526567 
 1509      5F537461 
 1510              	.LASF5:
 1511 02a4 6C6F6E67 		.ascii	"long unsigned int\000"
 1511      20756E73 
 1511      69676E65 
 1511      6420696E 
 1511      7400
 1512              	.LASF78:
 1513 02b6 5350495F 		.ascii	"SPI_ADC_ClearTxBuffer\000"
 1513      4144435F 
 1513      436C6561 
 1513      72547842 
 1513      75666665 
 1514              	.LASF32:
 1515 02cc 65786368 		.ascii	"exchanged_subject\000"
 1515      616E6765 
 1515      645F7375 
 1515      626A6563 
 1515      7400
 1516              	.LASF36:
 1517 02de 4E657746 		.ascii	"NewFrequency\000"
 1517      72657175 
 1517      656E6379 
 1517      00
 1518              	.LASF57:
 1519 02eb 42697443 		.ascii	"BitCounterDec_Start\000"
 1519      6F756E74 
 1519      65724465 
 1519      635F5374 
 1519      61727400 
 1520              	.LASF20:
 1521 02ff 73746174 		.ascii	"status\000"
ARM GAS  C:\Users\EA527~1.IVA\AppData\Local\Temp\ccAD8IWB.s 			page 33


 1521      757300
 1522              	.LASF60:
 1523 0306 436F6D70 		.ascii	"Comp_2_Start\000"
 1523      5F325F53 
 1523      74617274 
 1523      00
 1524              	.LASF33:
 1525 0313 49544D5F 		.ascii	"ITM_RxBuffer\000"
 1525      52784275 
 1525      66666572 
 1525      00
 1526              	.LASF10:
 1527 0320 696E7433 		.ascii	"int32_t\000"
 1527      325F7400 
 1528              	.LASF45:
 1529 0328 64657369 		.ascii	"desired_freq\000"
 1529      7265645F 
 1529      66726571 
 1529      00
 1530              	.LASF74:
 1531 0335 4672616D 		.ascii	"FrameAllow_Write\000"
 1531      65416C6C 
 1531      6F775F57 
 1531      72697465 
 1531      00
 1532              	.LASF64:
 1533 0346 426F756E 		.ascii	"Boundary8bit_Start\000"
 1533      64617279 
 1533      38626974 
 1533      5F537461 
 1533      727400
 1534              	.LASF82:
 1535 0359 436F7079 		.ascii	"CopyFirstFrame\000"
 1535      46697273 
 1535      74467261 
 1535      6D6500
 1536              	.LASF84:
 1537 0368 6D61696E 		.ascii	"main.c\000"
 1537      2E6300
 1538              	.LASF54:
 1539 036f 42697443 		.ascii	"BitCounterEnc_Start\000"
 1539      6F756E74 
 1539      6572456E 
 1539      635F5374 
 1539      61727400 
 1540              	.LASF66:
 1541 0383 456E6446 		.ascii	"EndFrame_Start\000"
 1541      72616D65 
 1541      5F537461 
 1541      727400
 1542              	.LASF50:
 1543 0392 44524459 		.ascii	"DRDY_flag\000"
 1543      5F666C61 
 1543      6700
 1544              	.LASF18:
 1545 039c 54524255 		.ascii	"TRBUSY\000"
 1545      535900
ARM GAS  C:\Users\EA527~1.IVA\AppData\Local\Temp\ccAD8IWB.s 			page 34


 1546              	.LASF30:
 1547 03a3 61727261 		.ascii	"array\000"
 1547      7900
 1548              	.LASF12:
 1549 03a9 75696E74 		.ascii	"uint32\000"
 1549      333200
 1550              	.LASF68:
 1551 03b0 576F7264 		.ascii	"WordShifted_Start\000"
 1551      53686966 
 1551      7465645F 
 1551      53746172 
 1551      7400
 1552              	.LASF53:
 1553 03c2 5472616E 		.ascii	"TransmitShiftReg_Start\000"
 1553      736D6974 
 1553      53686966 
 1553      74526567 
 1553      5F537461 
 1554              	.LASF9:
 1555 03d9 5F5F696E 		.ascii	"__int32_t\000"
 1555      7433325F 
 1555      7400
 1556              	.LASF3:
 1557 03e3 73686F72 		.ascii	"short unsigned int\000"
 1557      7420756E 
 1557      7369676E 
 1557      65642069 
 1557      6E7400
 1558              	.LASF17:
 1559 03f6 73697A65 		.ascii	"sizetype\000"
 1559      74797065 
 1559      00
 1560              	.LASF79:
 1561 03ff 5350495F 		.ascii	"SPI_ADC_ClearRxBuffer\000"
 1561      4144435F 
 1561      436C6561 
 1561      72527842 
 1561      75666665 
 1562              	.LASF61:
 1563 0415 4F70616D 		.ascii	"Opamp_1_Start\000"
 1563      705F315F 
 1563      53746172 
 1563      7400
 1564              	.LASF21:
 1565 0423 64617461 		.ascii	"data0\000"
 1565      3000
 1566              	.LASF81:
 1567 0429 50726570 		.ascii	"PrepareFirstFrame\000"
 1567      61726546 
 1567      69727374 
 1567      4672616D 
 1567      6500
 1568              	.LASF23:
 1569 043b 64617461 		.ascii	"data2\000"
 1569      3200
 1570              	.LASF24:
 1571 0441 64617461 		.ascii	"data3\000"
ARM GAS  C:\Users\EA527~1.IVA\AppData\Local\Temp\ccAD8IWB.s 			page 35


 1571      3300
 1572              	.LASF25:
 1573 0447 64617461 		.ascii	"data4\000"
 1573      3400
 1574              	.LASF83:
 1575 044d 474E5520 		.ascii	"GNU C11 5.4.1 20160609 (release) [ARM/embedded-5-br"
 1575      43313120 
 1575      352E342E 
 1575      31203230 
 1575      31363036 
 1576 0480 616E6368 		.ascii	"anch revision 237715] -mcpu=cortex-m3 -mthumb -g -O"
 1576      20726576 
 1576      6973696F 
 1576      6E203233 
 1576      37373135 
 1577 04b3 67202D66 		.ascii	"g -ffunction-sections -ffat-lto-objects\000"
 1577      66756E63 
 1577      74696F6E 
 1577      2D736563 
 1577      74696F6E 
 1578              	.LASF27:
 1579 04db 64617461 		.ascii	"data6\000"
 1579      3600
 1580              	.LASF28:
 1581 04e1 64617461 		.ascii	"data7\000"
 1581      3700
 1582              	.LASF85:
 1583 04e7 433A5C55 		.ascii	"C:\\Users\\e.ivanov\\Documents\\GitHub\\adc\\Manche"
 1583      73657273 
 1583      5C652E69 
 1583      76616E6F 
 1583      765C446F 
 1584 0514 73746572 		.ascii	"ster encoder-decoder.cydsn\000"
 1584      20656E63 
 1584      6F646572 
 1584      2D646563 
 1584      6F646572 
 1585              	.LASF56:
 1586 052f 57616974 		.ascii	"Waiter_Start\000"
 1586      65725F53 
 1586      74617274 
 1586      00
 1587              	.LASF31:
 1588 053c 4669656C 		.ascii	"Fields\000"
 1588      647300
 1589              	.LASF59:
 1590 0543 436F6D70 		.ascii	"Comp_1_Start\000"
 1590      5F315F53 
 1590      74617274 
 1590      00
 1591              		.ident	"GCC: (GNU Tools for ARM Embedded Processors) 5.4.1 20160609 (release) [ARM/embedded-5-bran
