ARM GAS  C:\Users\EA527~1.IVA\AppData\Local\Temp\ccZF4M8E.s 			page 1


   1              		.syntax unified
   2              		.cpu cortex-m3
   3              		.fpu softvfp
   4              		.eabi_attribute 20, 1
   5              		.eabi_attribute 21, 1
   6              		.eabi_attribute 23, 3
   7              		.eabi_attribute 24, 1
   8              		.eabi_attribute 25, 1
   9              		.eabi_attribute 26, 1
  10              		.eabi_attribute 30, 1
  11              		.eabi_attribute 34, 1
  12              		.eabi_attribute 18, 4
  13              		.thumb
  14              		.syntax unified
  15              		.file	"NumberReg.c"
  16              		.text
  17              	.Ltext0:
  18              		.cfi_sections	.debug_frame
  19              		.section	.text.NumberReg_EnableInt,"ax",%progbits
  20              		.align	2
  21              		.global	NumberReg_EnableInt
  22              		.thumb
  23              		.thumb_func
  24              		.type	NumberReg_EnableInt, %function
  25              	NumberReg_EnableInt:
  26              	.LFB4:
  27              		.file 1 "Generated_Source\\PSoC5\\NumberReg.c"
   1:Generated_Source\PSoC5/NumberReg.c **** /*******************************************************************************
   2:Generated_Source\PSoC5/NumberReg.c **** * File Name: NumberReg.c
   3:Generated_Source\PSoC5/NumberReg.c **** * Version 2.30
   4:Generated_Source\PSoC5/NumberReg.c **** *
   5:Generated_Source\PSoC5/NumberReg.c **** * Description:
   6:Generated_Source\PSoC5/NumberReg.c **** *  This file provides the API source code for the Shift Register component.
   7:Generated_Source\PSoC5/NumberReg.c **** *
   8:Generated_Source\PSoC5/NumberReg.c **** * Note: none
   9:Generated_Source\PSoC5/NumberReg.c **** *
  10:Generated_Source\PSoC5/NumberReg.c **** ********************************************************************************
  11:Generated_Source\PSoC5/NumberReg.c **** * Copyright 2008-2013, Cypress Semiconductor Corporation.  All rights reserved.
  12:Generated_Source\PSoC5/NumberReg.c **** * You may use this file only in accordance with the license, terms, conditions,
  13:Generated_Source\PSoC5/NumberReg.c **** * disclaimers, and limitations in the end user license agreement accompanying
  14:Generated_Source\PSoC5/NumberReg.c **** * the software package with which this file was provided.
  15:Generated_Source\PSoC5/NumberReg.c **** ********************************************************************************/
  16:Generated_Source\PSoC5/NumberReg.c **** 
  17:Generated_Source\PSoC5/NumberReg.c **** #include "NumberReg.h"
  18:Generated_Source\PSoC5/NumberReg.c **** 
  19:Generated_Source\PSoC5/NumberReg.c **** uint8 NumberReg_initVar = 0u;
  20:Generated_Source\PSoC5/NumberReg.c **** 
  21:Generated_Source\PSoC5/NumberReg.c **** 
  22:Generated_Source\PSoC5/NumberReg.c **** /*******************************************************************************
  23:Generated_Source\PSoC5/NumberReg.c **** * Function Name: NumberReg_Start
  24:Generated_Source\PSoC5/NumberReg.c **** ********************************************************************************
  25:Generated_Source\PSoC5/NumberReg.c **** *
  26:Generated_Source\PSoC5/NumberReg.c **** * Summary:
  27:Generated_Source\PSoC5/NumberReg.c **** *  Starts the Shift Register.
  28:Generated_Source\PSoC5/NumberReg.c **** *
  29:Generated_Source\PSoC5/NumberReg.c **** * Parameters:
  30:Generated_Source\PSoC5/NumberReg.c **** *  None.
ARM GAS  C:\Users\EA527~1.IVA\AppData\Local\Temp\ccZF4M8E.s 			page 2


  31:Generated_Source\PSoC5/NumberReg.c **** *
  32:Generated_Source\PSoC5/NumberReg.c **** * Return:
  33:Generated_Source\PSoC5/NumberReg.c **** *  None.
  34:Generated_Source\PSoC5/NumberReg.c **** *
  35:Generated_Source\PSoC5/NumberReg.c **** * Global Variables:
  36:Generated_Source\PSoC5/NumberReg.c **** *  NumberReg_initVar - used to check initial configuration, modified on
  37:Generated_Source\PSoC5/NumberReg.c **** *  first function call.
  38:Generated_Source\PSoC5/NumberReg.c **** *
  39:Generated_Source\PSoC5/NumberReg.c **** * Reentrant:
  40:Generated_Source\PSoC5/NumberReg.c **** *  No.
  41:Generated_Source\PSoC5/NumberReg.c **** *
  42:Generated_Source\PSoC5/NumberReg.c **** *******************************************************************************/
  43:Generated_Source\PSoC5/NumberReg.c **** void NumberReg_Start(void) 
  44:Generated_Source\PSoC5/NumberReg.c **** {
  45:Generated_Source\PSoC5/NumberReg.c ****     if(0u == NumberReg_initVar)
  46:Generated_Source\PSoC5/NumberReg.c ****     {
  47:Generated_Source\PSoC5/NumberReg.c ****         NumberReg_Init();
  48:Generated_Source\PSoC5/NumberReg.c ****         NumberReg_initVar = 1u; /* Component initialized */
  49:Generated_Source\PSoC5/NumberReg.c ****     }
  50:Generated_Source\PSoC5/NumberReg.c **** 
  51:Generated_Source\PSoC5/NumberReg.c ****     NumberReg_Enable();
  52:Generated_Source\PSoC5/NumberReg.c **** }
  53:Generated_Source\PSoC5/NumberReg.c **** 
  54:Generated_Source\PSoC5/NumberReg.c **** 
  55:Generated_Source\PSoC5/NumberReg.c **** /*******************************************************************************
  56:Generated_Source\PSoC5/NumberReg.c **** * Function Name: NumberReg_Enable
  57:Generated_Source\PSoC5/NumberReg.c **** ********************************************************************************
  58:Generated_Source\PSoC5/NumberReg.c **** *
  59:Generated_Source\PSoC5/NumberReg.c **** * Summary:
  60:Generated_Source\PSoC5/NumberReg.c **** *  Enables the Shift Register.
  61:Generated_Source\PSoC5/NumberReg.c **** *
  62:Generated_Source\PSoC5/NumberReg.c **** * Parameters:
  63:Generated_Source\PSoC5/NumberReg.c **** *  void.
  64:Generated_Source\PSoC5/NumberReg.c **** *
  65:Generated_Source\PSoC5/NumberReg.c **** * Return:
  66:Generated_Source\PSoC5/NumberReg.c **** *  void.
  67:Generated_Source\PSoC5/NumberReg.c **** *
  68:Generated_Source\PSoC5/NumberReg.c **** *******************************************************************************/
  69:Generated_Source\PSoC5/NumberReg.c **** void NumberReg_Enable(void) 
  70:Generated_Source\PSoC5/NumberReg.c **** {
  71:Generated_Source\PSoC5/NumberReg.c ****     /* Changing address in Datapath Control Store
  72:Generated_Source\PSoC5/NumberReg.c ****        from NOP to component state machine commands space */
  73:Generated_Source\PSoC5/NumberReg.c ****     NumberReg_SR_CONTROL |= NumberReg_CLK_EN;
  74:Generated_Source\PSoC5/NumberReg.c **** 
  75:Generated_Source\PSoC5/NumberReg.c ****     NumberReg_EnableInt();
  76:Generated_Source\PSoC5/NumberReg.c **** }
  77:Generated_Source\PSoC5/NumberReg.c **** 
  78:Generated_Source\PSoC5/NumberReg.c **** 
  79:Generated_Source\PSoC5/NumberReg.c **** /*******************************************************************************
  80:Generated_Source\PSoC5/NumberReg.c **** * Function Name: NumberReg_Init
  81:Generated_Source\PSoC5/NumberReg.c **** ********************************************************************************
  82:Generated_Source\PSoC5/NumberReg.c **** *
  83:Generated_Source\PSoC5/NumberReg.c **** * Summary:
  84:Generated_Source\PSoC5/NumberReg.c **** *  Initializes Tx and/or Rx interrupt sources with initial values.
  85:Generated_Source\PSoC5/NumberReg.c **** *
  86:Generated_Source\PSoC5/NumberReg.c **** * Parameters:
  87:Generated_Source\PSoC5/NumberReg.c **** *  void.
ARM GAS  C:\Users\EA527~1.IVA\AppData\Local\Temp\ccZF4M8E.s 			page 3


  88:Generated_Source\PSoC5/NumberReg.c **** *
  89:Generated_Source\PSoC5/NumberReg.c **** * Return:
  90:Generated_Source\PSoC5/NumberReg.c **** *  void.
  91:Generated_Source\PSoC5/NumberReg.c **** *
  92:Generated_Source\PSoC5/NumberReg.c **** *******************************************************************************/
  93:Generated_Source\PSoC5/NumberReg.c **** void NumberReg_Init(void) 
  94:Generated_Source\PSoC5/NumberReg.c **** {
  95:Generated_Source\PSoC5/NumberReg.c ****     NumberReg_SetIntMode(NumberReg_INT_SRC);
  96:Generated_Source\PSoC5/NumberReg.c **** }
  97:Generated_Source\PSoC5/NumberReg.c **** 
  98:Generated_Source\PSoC5/NumberReg.c **** 
  99:Generated_Source\PSoC5/NumberReg.c **** /*******************************************************************************
 100:Generated_Source\PSoC5/NumberReg.c **** * Function Name: NumberReg_Stop
 101:Generated_Source\PSoC5/NumberReg.c **** ********************************************************************************
 102:Generated_Source\PSoC5/NumberReg.c **** *
 103:Generated_Source\PSoC5/NumberReg.c **** * Summary:
 104:Generated_Source\PSoC5/NumberReg.c **** *  Disables the Shift Register
 105:Generated_Source\PSoC5/NumberReg.c **** *
 106:Generated_Source\PSoC5/NumberReg.c **** * Parameters:
 107:Generated_Source\PSoC5/NumberReg.c **** *  None.
 108:Generated_Source\PSoC5/NumberReg.c **** *
 109:Generated_Source\PSoC5/NumberReg.c **** * Return:
 110:Generated_Source\PSoC5/NumberReg.c **** *  None.
 111:Generated_Source\PSoC5/NumberReg.c **** *
 112:Generated_Source\PSoC5/NumberReg.c **** *******************************************************************************/
 113:Generated_Source\PSoC5/NumberReg.c **** void NumberReg_Stop(void) 
 114:Generated_Source\PSoC5/NumberReg.c **** {
 115:Generated_Source\PSoC5/NumberReg.c ****     /*changing Datapath Control Store address to NOP space*/
 116:Generated_Source\PSoC5/NumberReg.c ****     NumberReg_SR_CONTROL &= ((uint8) ~NumberReg_CLK_EN);
 117:Generated_Source\PSoC5/NumberReg.c ****     NumberReg_DisableInt();
 118:Generated_Source\PSoC5/NumberReg.c **** }
 119:Generated_Source\PSoC5/NumberReg.c **** 
 120:Generated_Source\PSoC5/NumberReg.c **** 
 121:Generated_Source\PSoC5/NumberReg.c **** /*******************************************************************************
 122:Generated_Source\PSoC5/NumberReg.c **** * Function Name: NumberReg_EnableInt
 123:Generated_Source\PSoC5/NumberReg.c **** ********************************************************************************
 124:Generated_Source\PSoC5/NumberReg.c **** *
 125:Generated_Source\PSoC5/NumberReg.c **** * Summary:
 126:Generated_Source\PSoC5/NumberReg.c **** *  Enables the Shift Register interrupt.
 127:Generated_Source\PSoC5/NumberReg.c **** *
 128:Generated_Source\PSoC5/NumberReg.c **** * Parameters:
 129:Generated_Source\PSoC5/NumberReg.c **** *  None.
 130:Generated_Source\PSoC5/NumberReg.c **** *
 131:Generated_Source\PSoC5/NumberReg.c **** * Return:
 132:Generated_Source\PSoC5/NumberReg.c **** *  None.
 133:Generated_Source\PSoC5/NumberReg.c **** *
 134:Generated_Source\PSoC5/NumberReg.c **** *******************************************************************************/
 135:Generated_Source\PSoC5/NumberReg.c **** void NumberReg_EnableInt(void) 
 136:Generated_Source\PSoC5/NumberReg.c **** {
  28              		.loc 1 136 0
  29              		.cfi_startproc
  30              		@ args = 0, pretend = 0, frame = 0
  31              		@ frame_needed = 0, uses_anonymous_args = 0
  32 0000 08B5     		push	{r3, lr}
  33              		.cfi_def_cfa_offset 8
  34              		.cfi_offset 3, -8
  35              		.cfi_offset 14, -4
ARM GAS  C:\Users\EA527~1.IVA\AppData\Local\Temp\ccZF4M8E.s 			page 4


 137:Generated_Source\PSoC5/NumberReg.c ****     uint8 interruptState;
 138:Generated_Source\PSoC5/NumberReg.c **** 
 139:Generated_Source\PSoC5/NumberReg.c ****     interruptState = CyEnterCriticalSection();
  36              		.loc 1 139 0
  37 0002 FFF7FEFF 		bl	CyEnterCriticalSection
  38              	.LVL0:
 140:Generated_Source\PSoC5/NumberReg.c ****     NumberReg_SR_AUX_CONTROL |= NumberReg_INTERRUPTS_ENABLE;
  39              		.loc 1 140 0
  40 0006 044A     		ldr	r2, .L3
  41 0008 1378     		ldrb	r3, [r2]	@ zero_extendqisi2
  42 000a 43F01003 		orr	r3, r3, #16
  43 000e 1370     		strb	r3, [r2]
 141:Generated_Source\PSoC5/NumberReg.c ****     CyExitCriticalSection(interruptState);
  44              		.loc 1 141 0
  45 0010 FFF7FEFF 		bl	CyExitCriticalSection
  46              	.LVL1:
  47 0014 08BD     		pop	{r3, pc}
  48              	.L4:
  49 0016 00BF     		.align	2
  50              	.L3:
  51 0018 95640040 		.word	1073767573
  52              		.cfi_endproc
  53              	.LFE4:
  54              		.size	NumberReg_EnableInt, .-NumberReg_EnableInt
  55              		.section	.text.NumberReg_Enable,"ax",%progbits
  56              		.align	2
  57              		.global	NumberReg_Enable
  58              		.thumb
  59              		.thumb_func
  60              		.type	NumberReg_Enable, %function
  61              	NumberReg_Enable:
  62              	.LFB1:
  70:Generated_Source\PSoC5/NumberReg.c ****     /* Changing address in Datapath Control Store
  63              		.loc 1 70 0
  64              		.cfi_startproc
  65              		@ args = 0, pretend = 0, frame = 0
  66              		@ frame_needed = 0, uses_anonymous_args = 0
  67 0000 08B5     		push	{r3, lr}
  68              		.cfi_def_cfa_offset 8
  69              		.cfi_offset 3, -8
  70              		.cfi_offset 14, -4
  73:Generated_Source\PSoC5/NumberReg.c **** 
  71              		.loc 1 73 0
  72 0002 044A     		ldr	r2, .L7
  73 0004 1378     		ldrb	r3, [r2]	@ zero_extendqisi2
  74 0006 43F00103 		orr	r3, r3, #1
  75 000a 1370     		strb	r3, [r2]
  75:Generated_Source\PSoC5/NumberReg.c **** }
  76              		.loc 1 75 0
  77 000c FFF7FEFF 		bl	NumberReg_EnableInt
  78              	.LVL2:
  79 0010 08BD     		pop	{r3, pc}
  80              	.L8:
  81 0012 00BF     		.align	2
  82              	.L7:
  83 0014 73640040 		.word	1073767539
  84              		.cfi_endproc
ARM GAS  C:\Users\EA527~1.IVA\AppData\Local\Temp\ccZF4M8E.s 			page 5


  85              	.LFE1:
  86              		.size	NumberReg_Enable, .-NumberReg_Enable
  87              		.section	.text.NumberReg_DisableInt,"ax",%progbits
  88              		.align	2
  89              		.global	NumberReg_DisableInt
  90              		.thumb
  91              		.thumb_func
  92              		.type	NumberReg_DisableInt, %function
  93              	NumberReg_DisableInt:
  94              	.LFB5:
 142:Generated_Source\PSoC5/NumberReg.c **** }
 143:Generated_Source\PSoC5/NumberReg.c **** 
 144:Generated_Source\PSoC5/NumberReg.c **** 
 145:Generated_Source\PSoC5/NumberReg.c **** /*******************************************************************************
 146:Generated_Source\PSoC5/NumberReg.c **** * Function Name: NumberReg_DisableInt
 147:Generated_Source\PSoC5/NumberReg.c **** ********************************************************************************
 148:Generated_Source\PSoC5/NumberReg.c **** *
 149:Generated_Source\PSoC5/NumberReg.c **** * Summary:
 150:Generated_Source\PSoC5/NumberReg.c **** *  Disables the Shift Register interrupt.
 151:Generated_Source\PSoC5/NumberReg.c **** *
 152:Generated_Source\PSoC5/NumberReg.c **** * Parameters:
 153:Generated_Source\PSoC5/NumberReg.c **** *  None.
 154:Generated_Source\PSoC5/NumberReg.c **** *
 155:Generated_Source\PSoC5/NumberReg.c **** * Return:
 156:Generated_Source\PSoC5/NumberReg.c **** *  None.
 157:Generated_Source\PSoC5/NumberReg.c **** *
 158:Generated_Source\PSoC5/NumberReg.c **** *******************************************************************************/
 159:Generated_Source\PSoC5/NumberReg.c **** void NumberReg_DisableInt(void) 
 160:Generated_Source\PSoC5/NumberReg.c **** {
  95              		.loc 1 160 0
  96              		.cfi_startproc
  97              		@ args = 0, pretend = 0, frame = 0
  98              		@ frame_needed = 0, uses_anonymous_args = 0
  99 0000 08B5     		push	{r3, lr}
 100              		.cfi_def_cfa_offset 8
 101              		.cfi_offset 3, -8
 102              		.cfi_offset 14, -4
 161:Generated_Source\PSoC5/NumberReg.c ****     uint8 interruptState;
 162:Generated_Source\PSoC5/NumberReg.c **** 
 163:Generated_Source\PSoC5/NumberReg.c ****     interruptState = CyEnterCriticalSection();
 103              		.loc 1 163 0
 104 0002 FFF7FEFF 		bl	CyEnterCriticalSection
 105              	.LVL3:
 164:Generated_Source\PSoC5/NumberReg.c ****     NumberReg_SR_AUX_CONTROL &= ((uint8) ~NumberReg_INTERRUPTS_ENABLE);
 106              		.loc 1 164 0
 107 0006 044A     		ldr	r2, .L11
 108 0008 1378     		ldrb	r3, [r2]	@ zero_extendqisi2
 109 000a 03F0EF03 		and	r3, r3, #239
 110 000e 1370     		strb	r3, [r2]
 165:Generated_Source\PSoC5/NumberReg.c ****     CyExitCriticalSection(interruptState);
 111              		.loc 1 165 0
 112 0010 FFF7FEFF 		bl	CyExitCriticalSection
 113              	.LVL4:
 114 0014 08BD     		pop	{r3, pc}
 115              	.L12:
 116 0016 00BF     		.align	2
 117              	.L11:
ARM GAS  C:\Users\EA527~1.IVA\AppData\Local\Temp\ccZF4M8E.s 			page 6


 118 0018 95640040 		.word	1073767573
 119              		.cfi_endproc
 120              	.LFE5:
 121              		.size	NumberReg_DisableInt, .-NumberReg_DisableInt
 122              		.section	.text.NumberReg_Stop,"ax",%progbits
 123              		.align	2
 124              		.global	NumberReg_Stop
 125              		.thumb
 126              		.thumb_func
 127              		.type	NumberReg_Stop, %function
 128              	NumberReg_Stop:
 129              	.LFB3:
 114:Generated_Source\PSoC5/NumberReg.c ****     /*changing Datapath Control Store address to NOP space*/
 130              		.loc 1 114 0
 131              		.cfi_startproc
 132              		@ args = 0, pretend = 0, frame = 0
 133              		@ frame_needed = 0, uses_anonymous_args = 0
 134 0000 08B5     		push	{r3, lr}
 135              		.cfi_def_cfa_offset 8
 136              		.cfi_offset 3, -8
 137              		.cfi_offset 14, -4
 116:Generated_Source\PSoC5/NumberReg.c ****     NumberReg_DisableInt();
 138              		.loc 1 116 0
 139 0002 044A     		ldr	r2, .L15
 140 0004 1378     		ldrb	r3, [r2]	@ zero_extendqisi2
 141 0006 03F0FE03 		and	r3, r3, #254
 142 000a 1370     		strb	r3, [r2]
 117:Generated_Source\PSoC5/NumberReg.c **** }
 143              		.loc 1 117 0
 144 000c FFF7FEFF 		bl	NumberReg_DisableInt
 145              	.LVL5:
 146 0010 08BD     		pop	{r3, pc}
 147              	.L16:
 148 0012 00BF     		.align	2
 149              	.L15:
 150 0014 73640040 		.word	1073767539
 151              		.cfi_endproc
 152              	.LFE3:
 153              		.size	NumberReg_Stop, .-NumberReg_Stop
 154              		.section	.text.NumberReg_GetFIFOStatus,"ax",%progbits
 155              		.align	2
 156              		.global	NumberReg_GetFIFOStatus
 157              		.thumb
 158              		.thumb_func
 159              		.type	NumberReg_GetFIFOStatus, %function
 160              	NumberReg_GetFIFOStatus:
 161              	.LFB6:
 166:Generated_Source\PSoC5/NumberReg.c **** }
 167:Generated_Source\PSoC5/NumberReg.c **** 
 168:Generated_Source\PSoC5/NumberReg.c **** 
 169:Generated_Source\PSoC5/NumberReg.c **** /*******************************************************************************
 170:Generated_Source\PSoC5/NumberReg.c **** * Function Name: NumberReg_GetFIFOStatus
 171:Generated_Source\PSoC5/NumberReg.c **** ********************************************************************************
 172:Generated_Source\PSoC5/NumberReg.c **** *
 173:Generated_Source\PSoC5/NumberReg.c **** * Summary:
 174:Generated_Source\PSoC5/NumberReg.c **** *  Returns current status of input or output FIFO.
 175:Generated_Source\PSoC5/NumberReg.c **** *
ARM GAS  C:\Users\EA527~1.IVA\AppData\Local\Temp\ccZF4M8E.s 			page 7


 176:Generated_Source\PSoC5/NumberReg.c **** * Parameters:
 177:Generated_Source\PSoC5/NumberReg.c **** *  fifoId.
 178:Generated_Source\PSoC5/NumberReg.c **** *
 179:Generated_Source\PSoC5/NumberReg.c **** * Return:
 180:Generated_Source\PSoC5/NumberReg.c **** *  FIFO status.
 181:Generated_Source\PSoC5/NumberReg.c **** *
 182:Generated_Source\PSoC5/NumberReg.c **** *******************************************************************************/
 183:Generated_Source\PSoC5/NumberReg.c **** uint8 NumberReg_GetFIFOStatus(uint8 fifoId) 
 184:Generated_Source\PSoC5/NumberReg.c **** {
 162              		.loc 1 184 0
 163              		.cfi_startproc
 164              		@ args = 0, pretend = 0, frame = 0
 165              		@ frame_needed = 0, uses_anonymous_args = 0
 166              		@ link register save eliminated.
 167              	.LVL6:
 185:Generated_Source\PSoC5/NumberReg.c ****     uint8 result;
 186:Generated_Source\PSoC5/NumberReg.c **** 
 187:Generated_Source\PSoC5/NumberReg.c ****     result = NumberReg_RET_FIFO_NOT_DEFINED;
 188:Generated_Source\PSoC5/NumberReg.c **** 
 189:Generated_Source\PSoC5/NumberReg.c ****     #if(0u != NumberReg_USE_INPUT_FIFO)
 190:Generated_Source\PSoC5/NumberReg.c ****         if(NumberReg_IN_FIFO == fifoId)
 191:Generated_Source\PSoC5/NumberReg.c ****         {
 192:Generated_Source\PSoC5/NumberReg.c ****             switch(NumberReg_GET_IN_FIFO_STS)
 193:Generated_Source\PSoC5/NumberReg.c ****             {
 194:Generated_Source\PSoC5/NumberReg.c ****                 case NumberReg_IN_FIFO_FULL :
 195:Generated_Source\PSoC5/NumberReg.c ****                     result = NumberReg_RET_FIFO_FULL;
 196:Generated_Source\PSoC5/NumberReg.c ****                     break;
 197:Generated_Source\PSoC5/NumberReg.c **** 
 198:Generated_Source\PSoC5/NumberReg.c ****                 case NumberReg_IN_FIFO_EMPTY :
 199:Generated_Source\PSoC5/NumberReg.c ****                     result = NumberReg_RET_FIFO_EMPTY;
 200:Generated_Source\PSoC5/NumberReg.c ****                     break;
 201:Generated_Source\PSoC5/NumberReg.c **** 
 202:Generated_Source\PSoC5/NumberReg.c ****                 case NumberReg_IN_FIFO_PARTIAL:
 203:Generated_Source\PSoC5/NumberReg.c ****                     result = NumberReg_RET_FIFO_PARTIAL;
 204:Generated_Source\PSoC5/NumberReg.c ****                     break;
 205:Generated_Source\PSoC5/NumberReg.c ****                     
 206:Generated_Source\PSoC5/NumberReg.c ****                 default:
 207:Generated_Source\PSoC5/NumberReg.c ****                     /* Initial result value, while 
 208:Generated_Source\PSoC5/NumberReg.c ****                        IN_FIFO_EMPTY case is false 
 209:Generated_Source\PSoC5/NumberReg.c ****                      */
 210:Generated_Source\PSoC5/NumberReg.c ****                     result = NumberReg_RET_FIFO_EMPTY;
 211:Generated_Source\PSoC5/NumberReg.c ****                     break;
 212:Generated_Source\PSoC5/NumberReg.c ****             }   
 213:Generated_Source\PSoC5/NumberReg.c ****         }
 214:Generated_Source\PSoC5/NumberReg.c ****     #endif /* (0u != NumberReg_USE_INPUT_FIFO) */
 215:Generated_Source\PSoC5/NumberReg.c **** 
 216:Generated_Source\PSoC5/NumberReg.c ****     if(NumberReg_OUT_FIFO == fifoId)
 168              		.loc 1 216 0
 169 0000 0228     		cmp	r0, #2
 170 0002 0AD1     		bne	.L21
 217:Generated_Source\PSoC5/NumberReg.c ****     {
 218:Generated_Source\PSoC5/NumberReg.c ****         switch(NumberReg_GET_OUT_FIFO_STS)
 171              		.loc 1 218 0
 172 0004 074B     		ldr	r3, .L23
 173 0006 1B78     		ldrb	r3, [r3]	@ zero_extendqisi2
 174 0008 C3F34113 		ubfx	r3, r3, #5, #2
 175 000c 3BB1     		cbz	r3, .L22
ARM GAS  C:\Users\EA527~1.IVA\AppData\Local\Temp\ccZF4M8E.s 			page 8


 176 000e 022B     		cmp	r3, #2
 177 0010 01D0     		beq	.L20
 219:Generated_Source\PSoC5/NumberReg.c ****         {
 220:Generated_Source\PSoC5/NumberReg.c ****             case NumberReg_OUT_FIFO_FULL :
 221:Generated_Source\PSoC5/NumberReg.c ****                 result = NumberReg_RET_FIFO_FULL;
 178              		.loc 1 221 0
 179 0012 0020     		movs	r0, #0
 180              	.LVL7:
 181 0014 7047     		bx	lr
 182              	.LVL8:
 183              	.L20:
 222:Generated_Source\PSoC5/NumberReg.c ****                 break;
 223:Generated_Source\PSoC5/NumberReg.c **** 
 224:Generated_Source\PSoC5/NumberReg.c ****             case NumberReg_OUT_FIFO_EMPTY :
 225:Generated_Source\PSoC5/NumberReg.c ****                 result = NumberReg_RET_FIFO_EMPTY;
 226:Generated_Source\PSoC5/NumberReg.c ****                 break;
 227:Generated_Source\PSoC5/NumberReg.c **** 
 228:Generated_Source\PSoC5/NumberReg.c ****             case NumberReg_OUT_FIFO_PARTIAL :
 229:Generated_Source\PSoC5/NumberReg.c ****                 result = NumberReg_RET_FIFO_PARTIAL;
 184              		.loc 1 229 0
 185 0016 0120     		movs	r0, #1
 186              	.LVL9:
 230:Generated_Source\PSoC5/NumberReg.c ****                 break;
 187              		.loc 1 230 0
 188 0018 7047     		bx	lr
 189              	.LVL10:
 190              	.L21:
 187:Generated_Source\PSoC5/NumberReg.c **** 
 191              		.loc 1 187 0
 192 001a FE20     		movs	r0, #254
 193              	.LVL11:
 194 001c 7047     		bx	lr
 195              	.LVL12:
 196              	.L22:
 225:Generated_Source\PSoC5/NumberReg.c ****                 break;
 197              		.loc 1 225 0
 198 001e 0220     		movs	r0, #2
 199              	.LVL13:
 231:Generated_Source\PSoC5/NumberReg.c **** 
 232:Generated_Source\PSoC5/NumberReg.c ****             default:
 233:Generated_Source\PSoC5/NumberReg.c ****                 /* Initial result value, while 
 234:Generated_Source\PSoC5/NumberReg.c ****                    OUT_FIFO_FULL case is false 
 235:Generated_Source\PSoC5/NumberReg.c ****                  */
 236:Generated_Source\PSoC5/NumberReg.c ****                 result = NumberReg_RET_FIFO_FULL;
 237:Generated_Source\PSoC5/NumberReg.c ****                 break;
 238:Generated_Source\PSoC5/NumberReg.c ****         }
 239:Generated_Source\PSoC5/NumberReg.c ****     }
 240:Generated_Source\PSoC5/NumberReg.c **** 
 241:Generated_Source\PSoC5/NumberReg.c ****     return(result);
 242:Generated_Source\PSoC5/NumberReg.c **** }
 200              		.loc 1 242 0
 201 0020 7047     		bx	lr
 202              	.L24:
 203 0022 00BF     		.align	2
 204              	.L23:
 205 0024 65640040 		.word	1073767525
 206              		.cfi_endproc
ARM GAS  C:\Users\EA527~1.IVA\AppData\Local\Temp\ccZF4M8E.s 			page 9


 207              	.LFE6:
 208              		.size	NumberReg_GetFIFOStatus, .-NumberReg_GetFIFOStatus
 209              		.section	.text.NumberReg_SetIntMode,"ax",%progbits
 210              		.align	2
 211              		.global	NumberReg_SetIntMode
 212              		.thumb
 213              		.thumb_func
 214              		.type	NumberReg_SetIntMode, %function
 215              	NumberReg_SetIntMode:
 216              	.LFB7:
 243:Generated_Source\PSoC5/NumberReg.c **** 
 244:Generated_Source\PSoC5/NumberReg.c **** 
 245:Generated_Source\PSoC5/NumberReg.c **** /*******************************************************************************
 246:Generated_Source\PSoC5/NumberReg.c **** * Function Name: NumberReg_SetIntMode
 247:Generated_Source\PSoC5/NumberReg.c **** ********************************************************************************
 248:Generated_Source\PSoC5/NumberReg.c **** *
 249:Generated_Source\PSoC5/NumberReg.c **** * Summary:
 250:Generated_Source\PSoC5/NumberReg.c **** *  Sets the Interrupt Source for the Shift Register interrupt. Multiple
 251:Generated_Source\PSoC5/NumberReg.c **** *  sources may be ORed together
 252:Generated_Source\PSoC5/NumberReg.c **** *
 253:Generated_Source\PSoC5/NumberReg.c **** * Parameters:
 254:Generated_Source\PSoC5/NumberReg.c **** *  interruptSource: Byte containing the constant for the selected interrupt
 255:Generated_Source\PSoC5/NumberReg.c **** *  source/s.
 256:Generated_Source\PSoC5/NumberReg.c **** *
 257:Generated_Source\PSoC5/NumberReg.c **** * Return:
 258:Generated_Source\PSoC5/NumberReg.c **** *  None.
 259:Generated_Source\PSoC5/NumberReg.c **** *
 260:Generated_Source\PSoC5/NumberReg.c **** *******************************************************************************/
 261:Generated_Source\PSoC5/NumberReg.c **** void NumberReg_SetIntMode(uint8 interruptSource) 
 262:Generated_Source\PSoC5/NumberReg.c **** {
 217              		.loc 1 262 0
 218              		.cfi_startproc
 219              		@ args = 0, pretend = 0, frame = 0
 220              		@ frame_needed = 0, uses_anonymous_args = 0
 221              		@ link register save eliminated.
 222              	.LVL14:
 263:Generated_Source\PSoC5/NumberReg.c ****     NumberReg_SR_STATUS_MASK &= ((uint8) ~NumberReg_INTS_EN_MASK);          /* Clear existing int *
 223              		.loc 1 263 0
 224 0000 054B     		ldr	r3, .L26
 225 0002 1A78     		ldrb	r2, [r3]	@ zero_extendqisi2
 226 0004 02F0F802 		and	r2, r2, #248
 227 0008 1A70     		strb	r2, [r3]
 264:Generated_Source\PSoC5/NumberReg.c ****     NumberReg_SR_STATUS_MASK |= (interruptSource & NumberReg_INTS_EN_MASK); /* Set int */
 228              		.loc 1 264 0
 229 000a 1A78     		ldrb	r2, [r3]	@ zero_extendqisi2
 230 000c 00F00700 		and	r0, r0, #7
 231              	.LVL15:
 232 0010 1043     		orrs	r0, r0, r2
 233 0012 1870     		strb	r0, [r3]
 234 0014 7047     		bx	lr
 235              	.L27:
 236 0016 00BF     		.align	2
 237              	.L26:
 238 0018 85640040 		.word	1073767557
 239              		.cfi_endproc
 240              	.LFE7:
 241              		.size	NumberReg_SetIntMode, .-NumberReg_SetIntMode
ARM GAS  C:\Users\EA527~1.IVA\AppData\Local\Temp\ccZF4M8E.s 			page 10


 242              		.section	.text.NumberReg_Init,"ax",%progbits
 243              		.align	2
 244              		.global	NumberReg_Init
 245              		.thumb
 246              		.thumb_func
 247              		.type	NumberReg_Init, %function
 248              	NumberReg_Init:
 249              	.LFB2:
  94:Generated_Source\PSoC5/NumberReg.c ****     NumberReg_SetIntMode(NumberReg_INT_SRC);
 250              		.loc 1 94 0
 251              		.cfi_startproc
 252              		@ args = 0, pretend = 0, frame = 0
 253              		@ frame_needed = 0, uses_anonymous_args = 0
 254 0000 08B5     		push	{r3, lr}
 255              		.cfi_def_cfa_offset 8
 256              		.cfi_offset 3, -8
 257              		.cfi_offset 14, -4
  95:Generated_Source\PSoC5/NumberReg.c **** }
 258              		.loc 1 95 0
 259 0002 0020     		movs	r0, #0
 260 0004 FFF7FEFF 		bl	NumberReg_SetIntMode
 261              	.LVL16:
 262 0008 08BD     		pop	{r3, pc}
 263              		.cfi_endproc
 264              	.LFE2:
 265              		.size	NumberReg_Init, .-NumberReg_Init
 266 000a 00BF     		.section	.text.NumberReg_Start,"ax",%progbits
 267              		.align	2
 268              		.global	NumberReg_Start
 269              		.thumb
 270              		.thumb_func
 271              		.type	NumberReg_Start, %function
 272              	NumberReg_Start:
 273              	.LFB0:
  44:Generated_Source\PSoC5/NumberReg.c ****     if(0u == NumberReg_initVar)
 274              		.loc 1 44 0
 275              		.cfi_startproc
 276              		@ args = 0, pretend = 0, frame = 0
 277              		@ frame_needed = 0, uses_anonymous_args = 0
 278 0000 08B5     		push	{r3, lr}
 279              		.cfi_def_cfa_offset 8
 280              		.cfi_offset 3, -8
 281              		.cfi_offset 14, -4
  45:Generated_Source\PSoC5/NumberReg.c ****     {
 282              		.loc 1 45 0
 283 0002 054B     		ldr	r3, .L33
 284 0004 1B78     		ldrb	r3, [r3]	@ zero_extendqisi2
 285 0006 23B9     		cbnz	r3, .L31
  47:Generated_Source\PSoC5/NumberReg.c ****         NumberReg_initVar = 1u; /* Component initialized */
 286              		.loc 1 47 0
 287 0008 FFF7FEFF 		bl	NumberReg_Init
 288              	.LVL17:
  48:Generated_Source\PSoC5/NumberReg.c ****     }
 289              		.loc 1 48 0
 290 000c 0122     		movs	r2, #1
 291 000e 024B     		ldr	r3, .L33
 292 0010 1A70     		strb	r2, [r3]
ARM GAS  C:\Users\EA527~1.IVA\AppData\Local\Temp\ccZF4M8E.s 			page 11


 293              	.L31:
  51:Generated_Source\PSoC5/NumberReg.c **** }
 294              		.loc 1 51 0
 295 0012 FFF7FEFF 		bl	NumberReg_Enable
 296              	.LVL18:
 297 0016 08BD     		pop	{r3, pc}
 298              	.L34:
 299              		.align	2
 300              	.L33:
 301 0018 00000000 		.word	.LANCHOR0
 302              		.cfi_endproc
 303              	.LFE0:
 304              		.size	NumberReg_Start, .-NumberReg_Start
 305              		.section	.text.NumberReg_GetIntStatus,"ax",%progbits
 306              		.align	2
 307              		.global	NumberReg_GetIntStatus
 308              		.thumb
 309              		.thumb_func
 310              		.type	NumberReg_GetIntStatus, %function
 311              	NumberReg_GetIntStatus:
 312              	.LFB8:
 265:Generated_Source\PSoC5/NumberReg.c **** }
 266:Generated_Source\PSoC5/NumberReg.c **** 
 267:Generated_Source\PSoC5/NumberReg.c **** 
 268:Generated_Source\PSoC5/NumberReg.c **** /*******************************************************************************
 269:Generated_Source\PSoC5/NumberReg.c **** * Function Name: NumberReg_GetIntStatus
 270:Generated_Source\PSoC5/NumberReg.c **** ********************************************************************************
 271:Generated_Source\PSoC5/NumberReg.c **** *
 272:Generated_Source\PSoC5/NumberReg.c **** * Summary:
 273:Generated_Source\PSoC5/NumberReg.c **** *  Gets the Shift Register Interrupt status.
 274:Generated_Source\PSoC5/NumberReg.c **** *
 275:Generated_Source\PSoC5/NumberReg.c **** * Parameters:
 276:Generated_Source\PSoC5/NumberReg.c **** *  None.
 277:Generated_Source\PSoC5/NumberReg.c **** *
 278:Generated_Source\PSoC5/NumberReg.c **** * Return:
 279:Generated_Source\PSoC5/NumberReg.c **** *  Byte containing the constant for the selected interrupt source/s.
 280:Generated_Source\PSoC5/NumberReg.c **** *
 281:Generated_Source\PSoC5/NumberReg.c **** *******************************************************************************/
 282:Generated_Source\PSoC5/NumberReg.c **** uint8 NumberReg_GetIntStatus(void) 
 283:Generated_Source\PSoC5/NumberReg.c **** {
 313              		.loc 1 283 0
 314              		.cfi_startproc
 315              		@ args = 0, pretend = 0, frame = 0
 316              		@ frame_needed = 0, uses_anonymous_args = 0
 317              		@ link register save eliminated.
 284:Generated_Source\PSoC5/NumberReg.c ****     return(NumberReg_SR_STATUS & NumberReg_INTS_EN_MASK);
 318              		.loc 1 284 0
 319 0000 024B     		ldr	r3, .L36
 320 0002 1878     		ldrb	r0, [r3]	@ zero_extendqisi2
 285:Generated_Source\PSoC5/NumberReg.c **** }
 321              		.loc 1 285 0
 322 0004 00F00700 		and	r0, r0, #7
 323 0008 7047     		bx	lr
 324              	.L37:
 325 000a 00BF     		.align	2
 326              	.L36:
 327 000c 65640040 		.word	1073767525
ARM GAS  C:\Users\EA527~1.IVA\AppData\Local\Temp\ccZF4M8E.s 			page 12


 328              		.cfi_endproc
 329              	.LFE8:
 330              		.size	NumberReg_GetIntStatus, .-NumberReg_GetIntStatus
 331              		.section	.text.NumberReg_WriteRegValue,"ax",%progbits
 332              		.align	2
 333              		.global	NumberReg_WriteRegValue
 334              		.thumb
 335              		.thumb_func
 336              		.type	NumberReg_WriteRegValue, %function
 337              	NumberReg_WriteRegValue:
 338              	.LFB9:
 286:Generated_Source\PSoC5/NumberReg.c **** 
 287:Generated_Source\PSoC5/NumberReg.c **** 
 288:Generated_Source\PSoC5/NumberReg.c **** /*******************************************************************************
 289:Generated_Source\PSoC5/NumberReg.c **** * Function Name: NumberReg_WriteRegValue
 290:Generated_Source\PSoC5/NumberReg.c **** ********************************************************************************
 291:Generated_Source\PSoC5/NumberReg.c **** *
 292:Generated_Source\PSoC5/NumberReg.c **** * Summary:
 293:Generated_Source\PSoC5/NumberReg.c **** *  Send state directly to shift register
 294:Generated_Source\PSoC5/NumberReg.c **** *
 295:Generated_Source\PSoC5/NumberReg.c **** * Parameters:
 296:Generated_Source\PSoC5/NumberReg.c **** *  shiftData: containing shift register state.
 297:Generated_Source\PSoC5/NumberReg.c **** *
 298:Generated_Source\PSoC5/NumberReg.c **** * Return:
 299:Generated_Source\PSoC5/NumberReg.c **** *  None.
 300:Generated_Source\PSoC5/NumberReg.c **** *
 301:Generated_Source\PSoC5/NumberReg.c **** *******************************************************************************/
 302:Generated_Source\PSoC5/NumberReg.c **** void NumberReg_WriteRegValue(uint32 shiftData)
 303:Generated_Source\PSoC5/NumberReg.c ****                                                                      
 304:Generated_Source\PSoC5/NumberReg.c **** {
 339              		.loc 1 304 0
 340              		.cfi_startproc
 341              		@ args = 0, pretend = 0, frame = 0
 342              		@ frame_needed = 0, uses_anonymous_args = 0
 343              		@ link register save eliminated.
 344              	.LVL19:
 305:Generated_Source\PSoC5/NumberReg.c ****     CY_SET_REG32(NumberReg_SHIFT_REG_LSB_PTR, shiftData);
 345              		.loc 1 305 0
 346 0000 014B     		ldr	r3, .L39
 347 0002 1860     		str	r0, [r3]	@ unaligned
 348 0004 7047     		bx	lr
 349              	.L40:
 350 0006 00BF     		.align	2
 351              	.L39:
 352 0008 02640040 		.word	1073767426
 353              		.cfi_endproc
 354              	.LFE9:
 355              		.size	NumberReg_WriteRegValue, .-NumberReg_WriteRegValue
 356              		.section	.text.NumberReg_ReadRegValue,"ax",%progbits
 357              		.align	2
 358              		.global	NumberReg_ReadRegValue
 359              		.thumb
 360              		.thumb_func
 361              		.type	NumberReg_ReadRegValue, %function
 362              	NumberReg_ReadRegValue:
 363              	.LFB10:
 306:Generated_Source\PSoC5/NumberReg.c **** }
ARM GAS  C:\Users\EA527~1.IVA\AppData\Local\Temp\ccZF4M8E.s 			page 13


 307:Generated_Source\PSoC5/NumberReg.c **** 
 308:Generated_Source\PSoC5/NumberReg.c **** 
 309:Generated_Source\PSoC5/NumberReg.c **** #if(0u != NumberReg_USE_INPUT_FIFO)
 310:Generated_Source\PSoC5/NumberReg.c ****     /*******************************************************************************
 311:Generated_Source\PSoC5/NumberReg.c ****     * Function Name: NumberReg_WriteData
 312:Generated_Source\PSoC5/NumberReg.c ****     ********************************************************************************
 313:Generated_Source\PSoC5/NumberReg.c ****     *
 314:Generated_Source\PSoC5/NumberReg.c ****     * Summary:
 315:Generated_Source\PSoC5/NumberReg.c ****     *  Send state to FIFO for later transfer to shift register based on the Load
 316:Generated_Source\PSoC5/NumberReg.c ****     *  input
 317:Generated_Source\PSoC5/NumberReg.c ****     *
 318:Generated_Source\PSoC5/NumberReg.c ****     * Parameters:
 319:Generated_Source\PSoC5/NumberReg.c ****     *  shiftData: containing shift register state.
 320:Generated_Source\PSoC5/NumberReg.c ****     *
 321:Generated_Source\PSoC5/NumberReg.c ****     * Return:
 322:Generated_Source\PSoC5/NumberReg.c ****     *  Indicates: successful execution of function
 323:Generated_Source\PSoC5/NumberReg.c ****     *  when FIFO is empty; and error when FIFO is full.
 324:Generated_Source\PSoC5/NumberReg.c ****     *
 325:Generated_Source\PSoC5/NumberReg.c ****     * Reentrant:
 326:Generated_Source\PSoC5/NumberReg.c ****     *  No.
 327:Generated_Source\PSoC5/NumberReg.c ****     *
 328:Generated_Source\PSoC5/NumberReg.c ****     *******************************************************************************/
 329:Generated_Source\PSoC5/NumberReg.c ****     cystatus NumberReg_WriteData(uint32 shiftData)
 330:Generated_Source\PSoC5/NumberReg.c ****                                                                          
 331:Generated_Source\PSoC5/NumberReg.c ****     {
 332:Generated_Source\PSoC5/NumberReg.c ****         cystatus result;
 333:Generated_Source\PSoC5/NumberReg.c **** 
 334:Generated_Source\PSoC5/NumberReg.c ****         result = CYRET_INVALID_STATE;
 335:Generated_Source\PSoC5/NumberReg.c **** 
 336:Generated_Source\PSoC5/NumberReg.c ****         /* Writes data into the input FIFO if it is not FULL */
 337:Generated_Source\PSoC5/NumberReg.c ****         if(NumberReg_RET_FIFO_FULL != (NumberReg_GetFIFOStatus(NumberReg_IN_FIFO)))
 338:Generated_Source\PSoC5/NumberReg.c ****         {
 339:Generated_Source\PSoC5/NumberReg.c ****             CY_SET_REG32(NumberReg_IN_FIFO_VAL_LSB_PTR, shiftData);
 340:Generated_Source\PSoC5/NumberReg.c ****             result = CYRET_SUCCESS;
 341:Generated_Source\PSoC5/NumberReg.c ****         }
 342:Generated_Source\PSoC5/NumberReg.c **** 
 343:Generated_Source\PSoC5/NumberReg.c ****         return(result);
 344:Generated_Source\PSoC5/NumberReg.c ****     }
 345:Generated_Source\PSoC5/NumberReg.c **** #endif /* (0u != NumberReg_USE_INPUT_FIFO) */
 346:Generated_Source\PSoC5/NumberReg.c **** 
 347:Generated_Source\PSoC5/NumberReg.c **** 
 348:Generated_Source\PSoC5/NumberReg.c **** #if(0u != NumberReg_USE_OUTPUT_FIFO)
 349:Generated_Source\PSoC5/NumberReg.c ****     /*******************************************************************************
 350:Generated_Source\PSoC5/NumberReg.c ****     * Function Name: NumberReg_ReadData
 351:Generated_Source\PSoC5/NumberReg.c ****     ********************************************************************************
 352:Generated_Source\PSoC5/NumberReg.c ****     *
 353:Generated_Source\PSoC5/NumberReg.c ****     * Summary:
 354:Generated_Source\PSoC5/NumberReg.c ****     *  Returns state in FIFO due to Store input.
 355:Generated_Source\PSoC5/NumberReg.c ****     *
 356:Generated_Source\PSoC5/NumberReg.c ****     * Parameters:
 357:Generated_Source\PSoC5/NumberReg.c ****     *  None.
 358:Generated_Source\PSoC5/NumberReg.c ****     *
 359:Generated_Source\PSoC5/NumberReg.c ****     * Return:
 360:Generated_Source\PSoC5/NumberReg.c ****     *  Shift Register state
 361:Generated_Source\PSoC5/NumberReg.c ****     *
 362:Generated_Source\PSoC5/NumberReg.c ****     * Reentrant:
 363:Generated_Source\PSoC5/NumberReg.c ****     *  No.
ARM GAS  C:\Users\EA527~1.IVA\AppData\Local\Temp\ccZF4M8E.s 			page 14


 364:Generated_Source\PSoC5/NumberReg.c ****     *
 365:Generated_Source\PSoC5/NumberReg.c ****     *******************************************************************************/
 366:Generated_Source\PSoC5/NumberReg.c ****     uint32 NumberReg_ReadData(void) 
 367:Generated_Source\PSoC5/NumberReg.c ****     {
 368:Generated_Source\PSoC5/NumberReg.c ****         return(CY_GET_REG32(NumberReg_OUT_FIFO_VAL_LSB_PTR));
 369:Generated_Source\PSoC5/NumberReg.c ****     }
 370:Generated_Source\PSoC5/NumberReg.c **** #endif /* (0u != NumberReg_USE_OUTPUT_FIFO) */
 371:Generated_Source\PSoC5/NumberReg.c **** 
 372:Generated_Source\PSoC5/NumberReg.c **** 
 373:Generated_Source\PSoC5/NumberReg.c **** /*******************************************************************************
 374:Generated_Source\PSoC5/NumberReg.c **** * Function Name: NumberReg_ReadRegValue
 375:Generated_Source\PSoC5/NumberReg.c **** ********************************************************************************
 376:Generated_Source\PSoC5/NumberReg.c **** *
 377:Generated_Source\PSoC5/NumberReg.c **** * Summary:
 378:Generated_Source\PSoC5/NumberReg.c **** *  Directly returns current state in shift register, not data in FIFO due
 379:Generated_Source\PSoC5/NumberReg.c **** *  to Store input.
 380:Generated_Source\PSoC5/NumberReg.c **** *
 381:Generated_Source\PSoC5/NumberReg.c **** * Parameters:
 382:Generated_Source\PSoC5/NumberReg.c **** *  None.
 383:Generated_Source\PSoC5/NumberReg.c **** *
 384:Generated_Source\PSoC5/NumberReg.c **** * Return:
 385:Generated_Source\PSoC5/NumberReg.c **** *  Shift Register state. Clears output FIFO.
 386:Generated_Source\PSoC5/NumberReg.c **** *
 387:Generated_Source\PSoC5/NumberReg.c **** * Reentrant:
 388:Generated_Source\PSoC5/NumberReg.c **** *  No.
 389:Generated_Source\PSoC5/NumberReg.c **** *
 390:Generated_Source\PSoC5/NumberReg.c **** *******************************************************************************/
 391:Generated_Source\PSoC5/NumberReg.c **** uint32 NumberReg_ReadRegValue(void) 
 392:Generated_Source\PSoC5/NumberReg.c **** {
 364              		.loc 1 392 0
 365              		.cfi_startproc
 366              		@ args = 0, pretend = 0, frame = 0
 367              		@ frame_needed = 0, uses_anonymous_args = 0
 368 0000 08B5     		push	{r3, lr}
 369              		.cfi_def_cfa_offset 8
 370              		.cfi_offset 3, -8
 371              		.cfi_offset 14, -4
 393:Generated_Source\PSoC5/NumberReg.c ****     uint32 result;
 394:Generated_Source\PSoC5/NumberReg.c **** 
 395:Generated_Source\PSoC5/NumberReg.c ****     /* Clear FIFO before software capture */
 396:Generated_Source\PSoC5/NumberReg.c ****     while(NumberReg_RET_FIFO_EMPTY != NumberReg_GetFIFOStatus(NumberReg_OUT_FIFO))
 372              		.loc 1 396 0
 373 0002 01E0     		b	.L42
 374              	.L43:
 397:Generated_Source\PSoC5/NumberReg.c ****     {
 398:Generated_Source\PSoC5/NumberReg.c ****         (void) CY_GET_REG32(NumberReg_OUT_FIFO_VAL_LSB_PTR);
 375              		.loc 1 398 0
 376 0004 054B     		ldr	r3, .L45
 377 0006 1B68     		ldr	r3, [r3]	@ unaligned
 378              	.L42:
 396:Generated_Source\PSoC5/NumberReg.c ****     {
 379              		.loc 1 396 0
 380 0008 0220     		movs	r0, #2
 381 000a FFF7FEFF 		bl	NumberReg_GetFIFOStatus
 382              	.LVL20:
 383 000e 0228     		cmp	r0, #2
 384 0010 F8D1     		bne	.L43
ARM GAS  C:\Users\EA527~1.IVA\AppData\Local\Temp\ccZF4M8E.s 			page 15


 399:Generated_Source\PSoC5/NumberReg.c ****     }
 400:Generated_Source\PSoC5/NumberReg.c **** 
 401:Generated_Source\PSoC5/NumberReg.c ****     /* Read of 8 bits from A1 causes capture to output FIFO */
 402:Generated_Source\PSoC5/NumberReg.c ****     (void) CY_GET_REG8(NumberReg_SHIFT_REG_CAPTURE_PTR);
 385              		.loc 1 402 0
 386 0012 034B     		ldr	r3, .L45+4
 387 0014 1B78     		ldrb	r3, [r3]	@ zero_extendqisi2
 403:Generated_Source\PSoC5/NumberReg.c **** 
 404:Generated_Source\PSoC5/NumberReg.c ****     /* Read output FIFO */
 405:Generated_Source\PSoC5/NumberReg.c ****     result  = CY_GET_REG32(NumberReg_OUT_FIFO_VAL_LSB_PTR);
 388              		.loc 1 405 0
 389 0016 014B     		ldr	r3, .L45
 390 0018 1868     		ldr	r0, [r3]	@ unaligned
 391              	.LVL21:
 406:Generated_Source\PSoC5/NumberReg.c ****     
 407:Generated_Source\PSoC5/NumberReg.c ****     #if(0u != (NumberReg_SR_SIZE % 8u))
 408:Generated_Source\PSoC5/NumberReg.c ****         result &= ((uint32) NumberReg_SR_MASK);
 409:Generated_Source\PSoC5/NumberReg.c ****     #endif /* (0u != (NumberReg_SR_SIZE % 8u)) */
 410:Generated_Source\PSoC5/NumberReg.c ****     
 411:Generated_Source\PSoC5/NumberReg.c ****     return(result);
 412:Generated_Source\PSoC5/NumberReg.c **** }
 392              		.loc 1 412 0
 393 001a 08BD     		pop	{r3, pc}
 394              	.L46:
 395              		.align	2
 396              	.L45:
 397 001c 52640040 		.word	1073767506
 398 0020 12640040 		.word	1073767442
 399              		.cfi_endproc
 400              	.LFE10:
 401              		.size	NumberReg_ReadRegValue, .-NumberReg_ReadRegValue
 402              		.global	NumberReg_initVar
 403              		.bss
 404              		.set	.LANCHOR0,. + 0
 405              		.type	NumberReg_initVar, %object
 406              		.size	NumberReg_initVar, 1
 407              	NumberReg_initVar:
 408 0000 00       		.space	1
 409              		.text
 410              	.Letext0:
 411              		.file 2 "Generated_Source\\PSoC5\\cytypes.h"
 412              		.file 3 "Generated_Source\\PSoC5\\CyLib.h"
 413              		.section	.debug_info,"",%progbits
 414              	.Ldebug_info0:
 415 0000 B7020000 		.4byte	0x2b7
 416 0004 0400     		.2byte	0x4
 417 0006 00000000 		.4byte	.Ldebug_abbrev0
 418 000a 04       		.byte	0x4
 419 000b 01       		.uleb128 0x1
 420 000c 0B010000 		.4byte	.LASF35
 421 0010 0C       		.byte	0xc
 422 0011 B8020000 		.4byte	.LASF36
 423 0015 A9000000 		.4byte	.LASF37
 424 0019 00000000 		.4byte	.Ldebug_ranges0+0
 425 001d 00000000 		.4byte	0
 426 0021 00000000 		.4byte	.Ldebug_line0
 427 0025 02       		.uleb128 0x2
ARM GAS  C:\Users\EA527~1.IVA\AppData\Local\Temp\ccZF4M8E.s 			page 16


 428 0026 01       		.byte	0x1
 429 0027 06       		.byte	0x6
 430 0028 0D030000 		.4byte	.LASF0
 431 002c 02       		.uleb128 0x2
 432 002d 01       		.byte	0x1
 433 002e 08       		.byte	0x8
 434 002f FD000000 		.4byte	.LASF1
 435 0033 02       		.uleb128 0x2
 436 0034 02       		.byte	0x2
 437 0035 05       		.byte	0x5
 438 0036 EE020000 		.4byte	.LASF2
 439 003a 02       		.uleb128 0x2
 440 003b 02       		.byte	0x2
 441 003c 07       		.byte	0x7
 442 003d 65000000 		.4byte	.LASF3
 443 0041 02       		.uleb128 0x2
 444 0042 04       		.byte	0x4
 445 0043 05       		.byte	0x5
 446 0044 F8020000 		.4byte	.LASF4
 447 0048 02       		.uleb128 0x2
 448 0049 04       		.byte	0x4
 449 004a 07       		.byte	0x7
 450 004b BC010000 		.4byte	.LASF5
 451 004f 02       		.uleb128 0x2
 452 0050 08       		.byte	0x8
 453 0051 05       		.byte	0x5
 454 0052 DB020000 		.4byte	.LASF6
 455 0056 02       		.uleb128 0x2
 456 0057 08       		.byte	0x8
 457 0058 07       		.byte	0x7
 458 0059 92000000 		.4byte	.LASF7
 459 005d 03       		.uleb128 0x3
 460 005e 04       		.byte	0x4
 461 005f 05       		.byte	0x5
 462 0060 696E7400 		.ascii	"int\000"
 463 0064 02       		.uleb128 0x2
 464 0065 04       		.byte	0x4
 465 0066 07       		.byte	0x7
 466 0067 5D020000 		.4byte	.LASF8
 467 006b 04       		.uleb128 0x4
 468 006c CE010000 		.4byte	.LASF9
 469 0070 02       		.byte	0x2
 470 0071 E401     		.2byte	0x1e4
 471 0073 2C000000 		.4byte	0x2c
 472 0077 04       		.uleb128 0x4
 473 0078 3F020000 		.4byte	.LASF10
 474 007c 02       		.byte	0x2
 475 007d E601     		.2byte	0x1e6
 476 007f 48000000 		.4byte	0x48
 477 0083 02       		.uleb128 0x2
 478 0084 04       		.byte	0x4
 479 0085 04       		.byte	0x4
 480 0086 8C000000 		.4byte	.LASF11
 481 008a 02       		.uleb128 0x2
 482 008b 08       		.byte	0x8
 483 008c 04       		.byte	0x4
 484 008d 09020000 		.4byte	.LASF12
ARM GAS  C:\Users\EA527~1.IVA\AppData\Local\Temp\ccZF4M8E.s 			page 17


 485 0091 02       		.uleb128 0x2
 486 0092 01       		.byte	0x1
 487 0093 08       		.byte	0x8
 488 0094 E9020000 		.4byte	.LASF13
 489 0098 04       		.uleb128 0x4
 490 0099 A8010000 		.4byte	.LASF14
 491 009d 02       		.byte	0x2
 492 009e 8E02     		.2byte	0x28e
 493 00a0 A4000000 		.4byte	0xa4
 494 00a4 05       		.uleb128 0x5
 495 00a5 6B000000 		.4byte	0x6b
 496 00a9 04       		.uleb128 0x4
 497 00aa 26000000 		.4byte	.LASF15
 498 00ae 02       		.byte	0x2
 499 00af 9002     		.2byte	0x290
 500 00b1 B5000000 		.4byte	0xb5
 501 00b5 05       		.uleb128 0x5
 502 00b6 77000000 		.4byte	0x77
 503 00ba 02       		.uleb128 0x2
 504 00bb 08       		.byte	0x8
 505 00bc 04       		.byte	0x4
 506 00bd 01030000 		.4byte	.LASF16
 507 00c1 02       		.uleb128 0x2
 508 00c2 04       		.byte	0x4
 509 00c3 07       		.byte	0x7
 510 00c4 AF020000 		.4byte	.LASF17
 511 00c8 06       		.uleb128 0x6
 512 00c9 78000000 		.4byte	.LASF18
 513 00cd 01       		.byte	0x1
 514 00ce 87       		.byte	0x87
 515 00cf 00000000 		.4byte	.LFB4
 516 00d3 1C000000 		.4byte	.LFE4-.LFB4
 517 00d7 01       		.uleb128 0x1
 518 00d8 9C       		.byte	0x9c
 519 00d9 FF000000 		.4byte	0xff
 520 00dd 07       		.uleb128 0x7
 521 00de AD010000 		.4byte	.LASF21
 522 00e2 01       		.byte	0x1
 523 00e3 89       		.byte	0x89
 524 00e4 6B000000 		.4byte	0x6b
 525 00e8 00000000 		.4byte	.LLST0
 526 00ec 08       		.uleb128 0x8
 527 00ed 06000000 		.4byte	.LVL0
 528 00f1 A4020000 		.4byte	0x2a4
 529 00f5 08       		.uleb128 0x8
 530 00f6 14000000 		.4byte	.LVL1
 531 00fa AF020000 		.4byte	0x2af
 532 00fe 00       		.byte	0
 533 00ff 06       		.uleb128 0x6
 534 0100 00000000 		.4byte	.LASF19
 535 0104 01       		.byte	0x1
 536 0105 45       		.byte	0x45
 537 0106 00000000 		.4byte	.LFB1
 538 010a 18000000 		.4byte	.LFE1-.LFB1
 539 010e 01       		.uleb128 0x1
 540 010f 9C       		.byte	0x9c
 541 0110 1E010000 		.4byte	0x11e
ARM GAS  C:\Users\EA527~1.IVA\AppData\Local\Temp\ccZF4M8E.s 			page 18


 542 0114 08       		.uleb128 0x8
 543 0115 10000000 		.4byte	.LVL2
 544 0119 C8000000 		.4byte	0xc8
 545 011d 00       		.byte	0
 546 011e 06       		.uleb128 0x6
 547 011f 2A020000 		.4byte	.LASF20
 548 0123 01       		.byte	0x1
 549 0124 9F       		.byte	0x9f
 550 0125 00000000 		.4byte	.LFB5
 551 0129 1C000000 		.4byte	.LFE5-.LFB5
 552 012d 01       		.uleb128 0x1
 553 012e 9C       		.byte	0x9c
 554 012f 55010000 		.4byte	0x155
 555 0133 07       		.uleb128 0x7
 556 0134 AD010000 		.4byte	.LASF21
 557 0138 01       		.byte	0x1
 558 0139 A1       		.byte	0xa1
 559 013a 6B000000 		.4byte	0x6b
 560 013e 13000000 		.4byte	.LLST1
 561 0142 08       		.uleb128 0x8
 562 0143 06000000 		.4byte	.LVL3
 563 0147 A4020000 		.4byte	0x2a4
 564 014b 08       		.uleb128 0x8
 565 014c 14000000 		.4byte	.LVL4
 566 0150 AF020000 		.4byte	0x2af
 567 0154 00       		.byte	0
 568 0155 06       		.uleb128 0x6
 569 0156 2C000000 		.4byte	.LASF22
 570 015a 01       		.byte	0x1
 571 015b 71       		.byte	0x71
 572 015c 00000000 		.4byte	.LFB3
 573 0160 18000000 		.4byte	.LFE3-.LFB3
 574 0164 01       		.uleb128 0x1
 575 0165 9C       		.byte	0x9c
 576 0166 74010000 		.4byte	0x174
 577 016a 08       		.uleb128 0x8
 578 016b 10000000 		.4byte	.LVL5
 579 016f 1E010000 		.4byte	0x11e
 580 0173 00       		.byte	0
 581 0174 09       		.uleb128 0x9
 582 0175 4D000000 		.4byte	.LASF31
 583 0179 01       		.byte	0x1
 584 017a B7       		.byte	0xb7
 585 017b 6B000000 		.4byte	0x6b
 586 017f 00000000 		.4byte	.LFB6
 587 0183 28000000 		.4byte	.LFE6-.LFB6
 588 0187 01       		.uleb128 0x1
 589 0188 9C       		.byte	0x9c
 590 0189 AC010000 		.4byte	0x1ac
 591 018d 0A       		.uleb128 0xa
 592 018e EB010000 		.4byte	.LASF25
 593 0192 01       		.byte	0x1
 594 0193 B7       		.byte	0xb7
 595 0194 6B000000 		.4byte	0x6b
 596 0198 26000000 		.4byte	.LLST2
 597 019c 07       		.uleb128 0x7
 598 019d 90020000 		.4byte	.LASF23
ARM GAS  C:\Users\EA527~1.IVA\AppData\Local\Temp\ccZF4M8E.s 			page 19


 599 01a1 01       		.byte	0x1
 600 01a2 B9       		.byte	0xb9
 601 01a3 6B000000 		.4byte	0x6b
 602 01a7 92000000 		.4byte	.LLST3
 603 01ab 00       		.byte	0
 604 01ac 0B       		.uleb128 0xb
 605 01ad 11000000 		.4byte	.LASF24
 606 01b1 01       		.byte	0x1
 607 01b2 0501     		.2byte	0x105
 608 01b4 00000000 		.4byte	.LFB7
 609 01b8 1C000000 		.4byte	.LFE7-.LFB7
 610 01bc 01       		.uleb128 0x1
 611 01bd 9C       		.byte	0x9c
 612 01be D3010000 		.4byte	0x1d3
 613 01c2 0C       		.uleb128 0xc
 614 01c3 10020000 		.4byte	.LASF26
 615 01c7 01       		.byte	0x1
 616 01c8 0501     		.2byte	0x105
 617 01ca 6B000000 		.4byte	0x6b
 618 01ce CB000000 		.4byte	.LLST4
 619 01d2 00       		.byte	0
 620 01d3 06       		.uleb128 0x6
 621 01d4 99010000 		.4byte	.LASF27
 622 01d8 01       		.byte	0x1
 623 01d9 5D       		.byte	0x5d
 624 01da 00000000 		.4byte	.LFB2
 625 01de 0A000000 		.4byte	.LFE2-.LFB2
 626 01e2 01       		.uleb128 0x1
 627 01e3 9C       		.byte	0x9c
 628 01e4 F8010000 		.4byte	0x1f8
 629 01e8 0D       		.uleb128 0xd
 630 01e9 08000000 		.4byte	.LVL16
 631 01ed AC010000 		.4byte	0x1ac
 632 01f1 0E       		.uleb128 0xe
 633 01f2 01       		.uleb128 0x1
 634 01f3 50       		.byte	0x50
 635 01f4 01       		.uleb128 0x1
 636 01f5 30       		.byte	0x30
 637 01f6 00       		.byte	0
 638 01f7 00       		.byte	0
 639 01f8 06       		.uleb128 0x6
 640 01f9 6A020000 		.4byte	.LASF28
 641 01fd 01       		.byte	0x1
 642 01fe 2B       		.byte	0x2b
 643 01ff 00000000 		.4byte	.LFB0
 644 0203 1C000000 		.4byte	.LFE0-.LFB0
 645 0207 01       		.uleb128 0x1
 646 0208 9C       		.byte	0x9c
 647 0209 20020000 		.4byte	0x220
 648 020d 08       		.uleb128 0x8
 649 020e 0C000000 		.4byte	.LVL17
 650 0212 D3010000 		.4byte	0x1d3
 651 0216 08       		.uleb128 0x8
 652 0217 16000000 		.4byte	.LVL18
 653 021b FF000000 		.4byte	0xff
 654 021f 00       		.byte	0
 655 0220 0F       		.uleb128 0xf
ARM GAS  C:\Users\EA527~1.IVA\AppData\Local\Temp\ccZF4M8E.s 			page 20


 656 0221 D4010000 		.4byte	.LASF38
 657 0225 01       		.byte	0x1
 658 0226 1A01     		.2byte	0x11a
 659 0228 6B000000 		.4byte	0x6b
 660 022c 00000000 		.4byte	.LFB8
 661 0230 10000000 		.4byte	.LFE8-.LFB8
 662 0234 01       		.uleb128 0x1
 663 0235 9C       		.byte	0x9c
 664 0236 0B       		.uleb128 0xb
 665 0237 97020000 		.4byte	.LASF29
 666 023b 01       		.byte	0x1
 667 023c 2E01     		.2byte	0x12e
 668 023e 00000000 		.4byte	.LFB9
 669 0242 0C000000 		.4byte	.LFE9-.LFB9
 670 0246 01       		.uleb128 0x1
 671 0247 9C       		.byte	0x9c
 672 0248 5B020000 		.4byte	0x25b
 673 024c 10       		.uleb128 0x10
 674 024d 20020000 		.4byte	.LASF30
 675 0251 01       		.byte	0x1
 676 0252 2E01     		.2byte	0x12e
 677 0254 77000000 		.4byte	0x77
 678 0258 01       		.uleb128 0x1
 679 0259 50       		.byte	0x50
 680 025a 00       		.byte	0
 681 025b 11       		.uleb128 0x11
 682 025c F2010000 		.4byte	.LASF32
 683 0260 01       		.byte	0x1
 684 0261 8701     		.2byte	0x187
 685 0263 77000000 		.4byte	0x77
 686 0267 00000000 		.4byte	.LFB10
 687 026b 24000000 		.4byte	.LFE10-.LFB10
 688 026f 01       		.uleb128 0x1
 689 0270 9C       		.byte	0x9c
 690 0271 93020000 		.4byte	0x293
 691 0275 12       		.uleb128 0x12
 692 0276 90020000 		.4byte	.LASF23
 693 027a 01       		.byte	0x1
 694 027b 8901     		.2byte	0x189
 695 027d 77000000 		.4byte	0x77
 696 0281 01       		.uleb128 0x1
 697 0282 50       		.byte	0x50
 698 0283 0D       		.uleb128 0xd
 699 0284 0E000000 		.4byte	.LVL20
 700 0288 74010000 		.4byte	0x174
 701 028c 0E       		.uleb128 0xe
 702 028d 01       		.uleb128 0x1
 703 028e 50       		.byte	0x50
 704 028f 01       		.uleb128 0x1
 705 0290 32       		.byte	0x32
 706 0291 00       		.byte	0
 707 0292 00       		.byte	0
 708 0293 13       		.uleb128 0x13
 709 0294 3B000000 		.4byte	.LASF39
 710 0298 01       		.byte	0x1
 711 0299 13       		.byte	0x13
 712 029a 6B000000 		.4byte	0x6b
ARM GAS  C:\Users\EA527~1.IVA\AppData\Local\Temp\ccZF4M8E.s 			page 21


 713 029e 05       		.uleb128 0x5
 714 029f 03       		.byte	0x3
 715 02a0 00000000 		.4byte	NumberReg_initVar
 716 02a4 14       		.uleb128 0x14
 717 02a5 46020000 		.4byte	.LASF33
 718 02a9 46020000 		.4byte	.LASF33
 719 02ad 03       		.byte	0x3
 720 02ae 7D       		.byte	0x7d
 721 02af 14       		.uleb128 0x14
 722 02b0 7A020000 		.4byte	.LASF34
 723 02b4 7A020000 		.4byte	.LASF34
 724 02b8 03       		.byte	0x3
 725 02b9 7E       		.byte	0x7e
 726 02ba 00       		.byte	0
 727              		.section	.debug_abbrev,"",%progbits
 728              	.Ldebug_abbrev0:
 729 0000 01       		.uleb128 0x1
 730 0001 11       		.uleb128 0x11
 731 0002 01       		.byte	0x1
 732 0003 25       		.uleb128 0x25
 733 0004 0E       		.uleb128 0xe
 734 0005 13       		.uleb128 0x13
 735 0006 0B       		.uleb128 0xb
 736 0007 03       		.uleb128 0x3
 737 0008 0E       		.uleb128 0xe
 738 0009 1B       		.uleb128 0x1b
 739 000a 0E       		.uleb128 0xe
 740 000b 55       		.uleb128 0x55
 741 000c 17       		.uleb128 0x17
 742 000d 11       		.uleb128 0x11
 743 000e 01       		.uleb128 0x1
 744 000f 10       		.uleb128 0x10
 745 0010 17       		.uleb128 0x17
 746 0011 00       		.byte	0
 747 0012 00       		.byte	0
 748 0013 02       		.uleb128 0x2
 749 0014 24       		.uleb128 0x24
 750 0015 00       		.byte	0
 751 0016 0B       		.uleb128 0xb
 752 0017 0B       		.uleb128 0xb
 753 0018 3E       		.uleb128 0x3e
 754 0019 0B       		.uleb128 0xb
 755 001a 03       		.uleb128 0x3
 756 001b 0E       		.uleb128 0xe
 757 001c 00       		.byte	0
 758 001d 00       		.byte	0
 759 001e 03       		.uleb128 0x3
 760 001f 24       		.uleb128 0x24
 761 0020 00       		.byte	0
 762 0021 0B       		.uleb128 0xb
 763 0022 0B       		.uleb128 0xb
 764 0023 3E       		.uleb128 0x3e
 765 0024 0B       		.uleb128 0xb
 766 0025 03       		.uleb128 0x3
 767 0026 08       		.uleb128 0x8
 768 0027 00       		.byte	0
 769 0028 00       		.byte	0
ARM GAS  C:\Users\EA527~1.IVA\AppData\Local\Temp\ccZF4M8E.s 			page 22


 770 0029 04       		.uleb128 0x4
 771 002a 16       		.uleb128 0x16
 772 002b 00       		.byte	0
 773 002c 03       		.uleb128 0x3
 774 002d 0E       		.uleb128 0xe
 775 002e 3A       		.uleb128 0x3a
 776 002f 0B       		.uleb128 0xb
 777 0030 3B       		.uleb128 0x3b
 778 0031 05       		.uleb128 0x5
 779 0032 49       		.uleb128 0x49
 780 0033 13       		.uleb128 0x13
 781 0034 00       		.byte	0
 782 0035 00       		.byte	0
 783 0036 05       		.uleb128 0x5
 784 0037 35       		.uleb128 0x35
 785 0038 00       		.byte	0
 786 0039 49       		.uleb128 0x49
 787 003a 13       		.uleb128 0x13
 788 003b 00       		.byte	0
 789 003c 00       		.byte	0
 790 003d 06       		.uleb128 0x6
 791 003e 2E       		.uleb128 0x2e
 792 003f 01       		.byte	0x1
 793 0040 3F       		.uleb128 0x3f
 794 0041 19       		.uleb128 0x19
 795 0042 03       		.uleb128 0x3
 796 0043 0E       		.uleb128 0xe
 797 0044 3A       		.uleb128 0x3a
 798 0045 0B       		.uleb128 0xb
 799 0046 3B       		.uleb128 0x3b
 800 0047 0B       		.uleb128 0xb
 801 0048 27       		.uleb128 0x27
 802 0049 19       		.uleb128 0x19
 803 004a 11       		.uleb128 0x11
 804 004b 01       		.uleb128 0x1
 805 004c 12       		.uleb128 0x12
 806 004d 06       		.uleb128 0x6
 807 004e 40       		.uleb128 0x40
 808 004f 18       		.uleb128 0x18
 809 0050 9742     		.uleb128 0x2117
 810 0052 19       		.uleb128 0x19
 811 0053 01       		.uleb128 0x1
 812 0054 13       		.uleb128 0x13
 813 0055 00       		.byte	0
 814 0056 00       		.byte	0
 815 0057 07       		.uleb128 0x7
 816 0058 34       		.uleb128 0x34
 817 0059 00       		.byte	0
 818 005a 03       		.uleb128 0x3
 819 005b 0E       		.uleb128 0xe
 820 005c 3A       		.uleb128 0x3a
 821 005d 0B       		.uleb128 0xb
 822 005e 3B       		.uleb128 0x3b
 823 005f 0B       		.uleb128 0xb
 824 0060 49       		.uleb128 0x49
 825 0061 13       		.uleb128 0x13
 826 0062 02       		.uleb128 0x2
ARM GAS  C:\Users\EA527~1.IVA\AppData\Local\Temp\ccZF4M8E.s 			page 23


 827 0063 17       		.uleb128 0x17
 828 0064 00       		.byte	0
 829 0065 00       		.byte	0
 830 0066 08       		.uleb128 0x8
 831 0067 898201   		.uleb128 0x4109
 832 006a 00       		.byte	0
 833 006b 11       		.uleb128 0x11
 834 006c 01       		.uleb128 0x1
 835 006d 31       		.uleb128 0x31
 836 006e 13       		.uleb128 0x13
 837 006f 00       		.byte	0
 838 0070 00       		.byte	0
 839 0071 09       		.uleb128 0x9
 840 0072 2E       		.uleb128 0x2e
 841 0073 01       		.byte	0x1
 842 0074 3F       		.uleb128 0x3f
 843 0075 19       		.uleb128 0x19
 844 0076 03       		.uleb128 0x3
 845 0077 0E       		.uleb128 0xe
 846 0078 3A       		.uleb128 0x3a
 847 0079 0B       		.uleb128 0xb
 848 007a 3B       		.uleb128 0x3b
 849 007b 0B       		.uleb128 0xb
 850 007c 27       		.uleb128 0x27
 851 007d 19       		.uleb128 0x19
 852 007e 49       		.uleb128 0x49
 853 007f 13       		.uleb128 0x13
 854 0080 11       		.uleb128 0x11
 855 0081 01       		.uleb128 0x1
 856 0082 12       		.uleb128 0x12
 857 0083 06       		.uleb128 0x6
 858 0084 40       		.uleb128 0x40
 859 0085 18       		.uleb128 0x18
 860 0086 9742     		.uleb128 0x2117
 861 0088 19       		.uleb128 0x19
 862 0089 01       		.uleb128 0x1
 863 008a 13       		.uleb128 0x13
 864 008b 00       		.byte	0
 865 008c 00       		.byte	0
 866 008d 0A       		.uleb128 0xa
 867 008e 05       		.uleb128 0x5
 868 008f 00       		.byte	0
 869 0090 03       		.uleb128 0x3
 870 0091 0E       		.uleb128 0xe
 871 0092 3A       		.uleb128 0x3a
 872 0093 0B       		.uleb128 0xb
 873 0094 3B       		.uleb128 0x3b
 874 0095 0B       		.uleb128 0xb
 875 0096 49       		.uleb128 0x49
 876 0097 13       		.uleb128 0x13
 877 0098 02       		.uleb128 0x2
 878 0099 17       		.uleb128 0x17
 879 009a 00       		.byte	0
 880 009b 00       		.byte	0
 881 009c 0B       		.uleb128 0xb
 882 009d 2E       		.uleb128 0x2e
 883 009e 01       		.byte	0x1
ARM GAS  C:\Users\EA527~1.IVA\AppData\Local\Temp\ccZF4M8E.s 			page 24


 884 009f 3F       		.uleb128 0x3f
 885 00a0 19       		.uleb128 0x19
 886 00a1 03       		.uleb128 0x3
 887 00a2 0E       		.uleb128 0xe
 888 00a3 3A       		.uleb128 0x3a
 889 00a4 0B       		.uleb128 0xb
 890 00a5 3B       		.uleb128 0x3b
 891 00a6 05       		.uleb128 0x5
 892 00a7 27       		.uleb128 0x27
 893 00a8 19       		.uleb128 0x19
 894 00a9 11       		.uleb128 0x11
 895 00aa 01       		.uleb128 0x1
 896 00ab 12       		.uleb128 0x12
 897 00ac 06       		.uleb128 0x6
 898 00ad 40       		.uleb128 0x40
 899 00ae 18       		.uleb128 0x18
 900 00af 9742     		.uleb128 0x2117
 901 00b1 19       		.uleb128 0x19
 902 00b2 01       		.uleb128 0x1
 903 00b3 13       		.uleb128 0x13
 904 00b4 00       		.byte	0
 905 00b5 00       		.byte	0
 906 00b6 0C       		.uleb128 0xc
 907 00b7 05       		.uleb128 0x5
 908 00b8 00       		.byte	0
 909 00b9 03       		.uleb128 0x3
 910 00ba 0E       		.uleb128 0xe
 911 00bb 3A       		.uleb128 0x3a
 912 00bc 0B       		.uleb128 0xb
 913 00bd 3B       		.uleb128 0x3b
 914 00be 05       		.uleb128 0x5
 915 00bf 49       		.uleb128 0x49
 916 00c0 13       		.uleb128 0x13
 917 00c1 02       		.uleb128 0x2
 918 00c2 17       		.uleb128 0x17
 919 00c3 00       		.byte	0
 920 00c4 00       		.byte	0
 921 00c5 0D       		.uleb128 0xd
 922 00c6 898201   		.uleb128 0x4109
 923 00c9 01       		.byte	0x1
 924 00ca 11       		.uleb128 0x11
 925 00cb 01       		.uleb128 0x1
 926 00cc 31       		.uleb128 0x31
 927 00cd 13       		.uleb128 0x13
 928 00ce 00       		.byte	0
 929 00cf 00       		.byte	0
 930 00d0 0E       		.uleb128 0xe
 931 00d1 8A8201   		.uleb128 0x410a
 932 00d4 00       		.byte	0
 933 00d5 02       		.uleb128 0x2
 934 00d6 18       		.uleb128 0x18
 935 00d7 9142     		.uleb128 0x2111
 936 00d9 18       		.uleb128 0x18
 937 00da 00       		.byte	0
 938 00db 00       		.byte	0
 939 00dc 0F       		.uleb128 0xf
 940 00dd 2E       		.uleb128 0x2e
ARM GAS  C:\Users\EA527~1.IVA\AppData\Local\Temp\ccZF4M8E.s 			page 25


 941 00de 00       		.byte	0
 942 00df 3F       		.uleb128 0x3f
 943 00e0 19       		.uleb128 0x19
 944 00e1 03       		.uleb128 0x3
 945 00e2 0E       		.uleb128 0xe
 946 00e3 3A       		.uleb128 0x3a
 947 00e4 0B       		.uleb128 0xb
 948 00e5 3B       		.uleb128 0x3b
 949 00e6 05       		.uleb128 0x5
 950 00e7 27       		.uleb128 0x27
 951 00e8 19       		.uleb128 0x19
 952 00e9 49       		.uleb128 0x49
 953 00ea 13       		.uleb128 0x13
 954 00eb 11       		.uleb128 0x11
 955 00ec 01       		.uleb128 0x1
 956 00ed 12       		.uleb128 0x12
 957 00ee 06       		.uleb128 0x6
 958 00ef 40       		.uleb128 0x40
 959 00f0 18       		.uleb128 0x18
 960 00f1 9742     		.uleb128 0x2117
 961 00f3 19       		.uleb128 0x19
 962 00f4 00       		.byte	0
 963 00f5 00       		.byte	0
 964 00f6 10       		.uleb128 0x10
 965 00f7 05       		.uleb128 0x5
 966 00f8 00       		.byte	0
 967 00f9 03       		.uleb128 0x3
 968 00fa 0E       		.uleb128 0xe
 969 00fb 3A       		.uleb128 0x3a
 970 00fc 0B       		.uleb128 0xb
 971 00fd 3B       		.uleb128 0x3b
 972 00fe 05       		.uleb128 0x5
 973 00ff 49       		.uleb128 0x49
 974 0100 13       		.uleb128 0x13
 975 0101 02       		.uleb128 0x2
 976 0102 18       		.uleb128 0x18
 977 0103 00       		.byte	0
 978 0104 00       		.byte	0
 979 0105 11       		.uleb128 0x11
 980 0106 2E       		.uleb128 0x2e
 981 0107 01       		.byte	0x1
 982 0108 3F       		.uleb128 0x3f
 983 0109 19       		.uleb128 0x19
 984 010a 03       		.uleb128 0x3
 985 010b 0E       		.uleb128 0xe
 986 010c 3A       		.uleb128 0x3a
 987 010d 0B       		.uleb128 0xb
 988 010e 3B       		.uleb128 0x3b
 989 010f 05       		.uleb128 0x5
 990 0110 27       		.uleb128 0x27
 991 0111 19       		.uleb128 0x19
 992 0112 49       		.uleb128 0x49
 993 0113 13       		.uleb128 0x13
 994 0114 11       		.uleb128 0x11
 995 0115 01       		.uleb128 0x1
 996 0116 12       		.uleb128 0x12
 997 0117 06       		.uleb128 0x6
ARM GAS  C:\Users\EA527~1.IVA\AppData\Local\Temp\ccZF4M8E.s 			page 26


 998 0118 40       		.uleb128 0x40
 999 0119 18       		.uleb128 0x18
 1000 011a 9742     		.uleb128 0x2117
 1001 011c 19       		.uleb128 0x19
 1002 011d 01       		.uleb128 0x1
 1003 011e 13       		.uleb128 0x13
 1004 011f 00       		.byte	0
 1005 0120 00       		.byte	0
 1006 0121 12       		.uleb128 0x12
 1007 0122 34       		.uleb128 0x34
 1008 0123 00       		.byte	0
 1009 0124 03       		.uleb128 0x3
 1010 0125 0E       		.uleb128 0xe
 1011 0126 3A       		.uleb128 0x3a
 1012 0127 0B       		.uleb128 0xb
 1013 0128 3B       		.uleb128 0x3b
 1014 0129 05       		.uleb128 0x5
 1015 012a 49       		.uleb128 0x49
 1016 012b 13       		.uleb128 0x13
 1017 012c 02       		.uleb128 0x2
 1018 012d 18       		.uleb128 0x18
 1019 012e 00       		.byte	0
 1020 012f 00       		.byte	0
 1021 0130 13       		.uleb128 0x13
 1022 0131 34       		.uleb128 0x34
 1023 0132 00       		.byte	0
 1024 0133 03       		.uleb128 0x3
 1025 0134 0E       		.uleb128 0xe
 1026 0135 3A       		.uleb128 0x3a
 1027 0136 0B       		.uleb128 0xb
 1028 0137 3B       		.uleb128 0x3b
 1029 0138 0B       		.uleb128 0xb
 1030 0139 49       		.uleb128 0x49
 1031 013a 13       		.uleb128 0x13
 1032 013b 3F       		.uleb128 0x3f
 1033 013c 19       		.uleb128 0x19
 1034 013d 02       		.uleb128 0x2
 1035 013e 18       		.uleb128 0x18
 1036 013f 00       		.byte	0
 1037 0140 00       		.byte	0
 1038 0141 14       		.uleb128 0x14
 1039 0142 2E       		.uleb128 0x2e
 1040 0143 00       		.byte	0
 1041 0144 3F       		.uleb128 0x3f
 1042 0145 19       		.uleb128 0x19
 1043 0146 3C       		.uleb128 0x3c
 1044 0147 19       		.uleb128 0x19
 1045 0148 6E       		.uleb128 0x6e
 1046 0149 0E       		.uleb128 0xe
 1047 014a 03       		.uleb128 0x3
 1048 014b 0E       		.uleb128 0xe
 1049 014c 3A       		.uleb128 0x3a
 1050 014d 0B       		.uleb128 0xb
 1051 014e 3B       		.uleb128 0x3b
 1052 014f 0B       		.uleb128 0xb
 1053 0150 00       		.byte	0
 1054 0151 00       		.byte	0
ARM GAS  C:\Users\EA527~1.IVA\AppData\Local\Temp\ccZF4M8E.s 			page 27


 1055 0152 00       		.byte	0
 1056              		.section	.debug_loc,"",%progbits
 1057              	.Ldebug_loc0:
 1058              	.LLST0:
 1059 0000 06000000 		.4byte	.LVL0
 1060 0004 13000000 		.4byte	.LVL1-1
 1061 0008 0100     		.2byte	0x1
 1062 000a 50       		.byte	0x50
 1063 000b 00000000 		.4byte	0
 1064 000f 00000000 		.4byte	0
 1065              	.LLST1:
 1066 0013 06000000 		.4byte	.LVL3
 1067 0017 13000000 		.4byte	.LVL4-1
 1068 001b 0100     		.2byte	0x1
 1069 001d 50       		.byte	0x50
 1070 001e 00000000 		.4byte	0
 1071 0022 00000000 		.4byte	0
 1072              	.LLST2:
 1073 0026 00000000 		.4byte	.LVL6
 1074 002a 14000000 		.4byte	.LVL7
 1075 002e 0100     		.2byte	0x1
 1076 0030 50       		.byte	0x50
 1077 0031 14000000 		.4byte	.LVL7
 1078 0035 16000000 		.4byte	.LVL8
 1079 0039 0400     		.2byte	0x4
 1080 003b F3       		.byte	0xf3
 1081 003c 01       		.uleb128 0x1
 1082 003d 50       		.byte	0x50
 1083 003e 9F       		.byte	0x9f
 1084 003f 16000000 		.4byte	.LVL8
 1085 0043 18000000 		.4byte	.LVL9
 1086 0047 0100     		.2byte	0x1
 1087 0049 50       		.byte	0x50
 1088 004a 18000000 		.4byte	.LVL9
 1089 004e 1A000000 		.4byte	.LVL10
 1090 0052 0400     		.2byte	0x4
 1091 0054 F3       		.byte	0xf3
 1092 0055 01       		.uleb128 0x1
 1093 0056 50       		.byte	0x50
 1094 0057 9F       		.byte	0x9f
 1095 0058 1A000000 		.4byte	.LVL10
 1096 005c 1C000000 		.4byte	.LVL11
 1097 0060 0100     		.2byte	0x1
 1098 0062 50       		.byte	0x50
 1099 0063 1C000000 		.4byte	.LVL11
 1100 0067 1E000000 		.4byte	.LVL12
 1101 006b 0400     		.2byte	0x4
 1102 006d F3       		.byte	0xf3
 1103 006e 01       		.uleb128 0x1
 1104 006f 50       		.byte	0x50
 1105 0070 9F       		.byte	0x9f
 1106 0071 1E000000 		.4byte	.LVL12
 1107 0075 20000000 		.4byte	.LVL13
 1108 0079 0100     		.2byte	0x1
 1109 007b 50       		.byte	0x50
 1110 007c 20000000 		.4byte	.LVL13
 1111 0080 28000000 		.4byte	.LFE6
ARM GAS  C:\Users\EA527~1.IVA\AppData\Local\Temp\ccZF4M8E.s 			page 28


 1112 0084 0400     		.2byte	0x4
 1113 0086 F3       		.byte	0xf3
 1114 0087 01       		.uleb128 0x1
 1115 0088 50       		.byte	0x50
 1116 0089 9F       		.byte	0x9f
 1117 008a 00000000 		.4byte	0
 1118 008e 00000000 		.4byte	0
 1119              	.LLST3:
 1120 0092 00000000 		.4byte	.LVL6
 1121 0096 16000000 		.4byte	.LVL8
 1122 009a 0300     		.2byte	0x3
 1123 009c 09       		.byte	0x9
 1124 009d FE       		.byte	0xfe
 1125 009e 9F       		.byte	0x9f
 1126 009f 16000000 		.4byte	.LVL8
 1127 00a3 1A000000 		.4byte	.LVL10
 1128 00a7 0200     		.2byte	0x2
 1129 00a9 31       		.byte	0x31
 1130 00aa 9F       		.byte	0x9f
 1131 00ab 1A000000 		.4byte	.LVL10
 1132 00af 20000000 		.4byte	.LVL13
 1133 00b3 0300     		.2byte	0x3
 1134 00b5 09       		.byte	0x9
 1135 00b6 FE       		.byte	0xfe
 1136 00b7 9F       		.byte	0x9f
 1137 00b8 20000000 		.4byte	.LVL13
 1138 00bc 28000000 		.4byte	.LFE6
 1139 00c0 0100     		.2byte	0x1
 1140 00c2 50       		.byte	0x50
 1141 00c3 00000000 		.4byte	0
 1142 00c7 00000000 		.4byte	0
 1143              	.LLST4:
 1144 00cb 00000000 		.4byte	.LVL14
 1145 00cf 10000000 		.4byte	.LVL15
 1146 00d3 0100     		.2byte	0x1
 1147 00d5 50       		.byte	0x50
 1148 00d6 10000000 		.4byte	.LVL15
 1149 00da 1C000000 		.4byte	.LFE7
 1150 00de 0400     		.2byte	0x4
 1151 00e0 F3       		.byte	0xf3
 1152 00e1 01       		.uleb128 0x1
 1153 00e2 50       		.byte	0x50
 1154 00e3 9F       		.byte	0x9f
 1155 00e4 00000000 		.4byte	0
 1156 00e8 00000000 		.4byte	0
 1157              		.section	.debug_aranges,"",%progbits
 1158 0000 6C000000 		.4byte	0x6c
 1159 0004 0200     		.2byte	0x2
 1160 0006 00000000 		.4byte	.Ldebug_info0
 1161 000a 04       		.byte	0x4
 1162 000b 00       		.byte	0
 1163 000c 0000     		.2byte	0
 1164 000e 0000     		.2byte	0
 1165 0010 00000000 		.4byte	.LFB4
 1166 0014 1C000000 		.4byte	.LFE4-.LFB4
 1167 0018 00000000 		.4byte	.LFB1
 1168 001c 18000000 		.4byte	.LFE1-.LFB1
ARM GAS  C:\Users\EA527~1.IVA\AppData\Local\Temp\ccZF4M8E.s 			page 29


 1169 0020 00000000 		.4byte	.LFB5
 1170 0024 1C000000 		.4byte	.LFE5-.LFB5
 1171 0028 00000000 		.4byte	.LFB3
 1172 002c 18000000 		.4byte	.LFE3-.LFB3
 1173 0030 00000000 		.4byte	.LFB6
 1174 0034 28000000 		.4byte	.LFE6-.LFB6
 1175 0038 00000000 		.4byte	.LFB7
 1176 003c 1C000000 		.4byte	.LFE7-.LFB7
 1177 0040 00000000 		.4byte	.LFB2
 1178 0044 0A000000 		.4byte	.LFE2-.LFB2
 1179 0048 00000000 		.4byte	.LFB0
 1180 004c 1C000000 		.4byte	.LFE0-.LFB0
 1181 0050 00000000 		.4byte	.LFB8
 1182 0054 10000000 		.4byte	.LFE8-.LFB8
 1183 0058 00000000 		.4byte	.LFB9
 1184 005c 0C000000 		.4byte	.LFE9-.LFB9
 1185 0060 00000000 		.4byte	.LFB10
 1186 0064 24000000 		.4byte	.LFE10-.LFB10
 1187 0068 00000000 		.4byte	0
 1188 006c 00000000 		.4byte	0
 1189              		.section	.debug_ranges,"",%progbits
 1190              	.Ldebug_ranges0:
 1191 0000 00000000 		.4byte	.LFB4
 1192 0004 1C000000 		.4byte	.LFE4
 1193 0008 00000000 		.4byte	.LFB1
 1194 000c 18000000 		.4byte	.LFE1
 1195 0010 00000000 		.4byte	.LFB5
 1196 0014 1C000000 		.4byte	.LFE5
 1197 0018 00000000 		.4byte	.LFB3
 1198 001c 18000000 		.4byte	.LFE3
 1199 0020 00000000 		.4byte	.LFB6
 1200 0024 28000000 		.4byte	.LFE6
 1201 0028 00000000 		.4byte	.LFB7
 1202 002c 1C000000 		.4byte	.LFE7
 1203 0030 00000000 		.4byte	.LFB2
 1204 0034 0A000000 		.4byte	.LFE2
 1205 0038 00000000 		.4byte	.LFB0
 1206 003c 1C000000 		.4byte	.LFE0
 1207 0040 00000000 		.4byte	.LFB8
 1208 0044 10000000 		.4byte	.LFE8
 1209 0048 00000000 		.4byte	.LFB9
 1210 004c 0C000000 		.4byte	.LFE9
 1211 0050 00000000 		.4byte	.LFB10
 1212 0054 24000000 		.4byte	.LFE10
 1213 0058 00000000 		.4byte	0
 1214 005c 00000000 		.4byte	0
 1215              		.section	.debug_line,"",%progbits
 1216              	.Ldebug_line0:
 1217 0000 30010000 		.section	.debug_str,"MS",%progbits,1
 1217      02005100 
 1217      00000201 
 1217      FB0E0D00 
 1217      01010101 
 1218              	.LASF19:
 1219 0000 4E756D62 		.ascii	"NumberReg_Enable\000"
 1219      65725265 
 1219      675F456E 
ARM GAS  C:\Users\EA527~1.IVA\AppData\Local\Temp\ccZF4M8E.s 			page 30


 1219      61626C65 
 1219      00
 1220              	.LASF24:
 1221 0011 4E756D62 		.ascii	"NumberReg_SetIntMode\000"
 1221      65725265 
 1221      675F5365 
 1221      74496E74 
 1221      4D6F6465 
 1222              	.LASF15:
 1223 0026 72656733 		.ascii	"reg32\000"
 1223      3200
 1224              	.LASF22:
 1225 002c 4E756D62 		.ascii	"NumberReg_Stop\000"
 1225      65725265 
 1225      675F5374 
 1225      6F7000
 1226              	.LASF39:
 1227 003b 4E756D62 		.ascii	"NumberReg_initVar\000"
 1227      65725265 
 1227      675F696E 
 1227      69745661 
 1227      7200
 1228              	.LASF31:
 1229 004d 4E756D62 		.ascii	"NumberReg_GetFIFOStatus\000"
 1229      65725265 
 1229      675F4765 
 1229      74464946 
 1229      4F537461 
 1230              	.LASF3:
 1231 0065 73686F72 		.ascii	"short unsigned int\000"
 1231      7420756E 
 1231      7369676E 
 1231      65642069 
 1231      6E7400
 1232              	.LASF18:
 1233 0078 4E756D62 		.ascii	"NumberReg_EnableInt\000"
 1233      65725265 
 1233      675F456E 
 1233      61626C65 
 1233      496E7400 
 1234              	.LASF11:
 1235 008c 666C6F61 		.ascii	"float\000"
 1235      7400
 1236              	.LASF7:
 1237 0092 6C6F6E67 		.ascii	"long long unsigned int\000"
 1237      206C6F6E 
 1237      6720756E 
 1237      7369676E 
 1237      65642069 
 1238              	.LASF37:
 1239 00a9 433A5C55 		.ascii	"C:\\Users\\e.ivanov\\Documents\\GitHub\\time_src\\b"
 1239      73657273 
 1239      5C652E69 
 1239      76616E6F 
 1239      765C446F 
 1240 00d6 72616E63 		.ascii	"ranch\\Manchester encoder-decoder.cydsn\000"
 1240      685C4D61 
ARM GAS  C:\Users\EA527~1.IVA\AppData\Local\Temp\ccZF4M8E.s 			page 31


 1240      6E636865 
 1240      73746572 
 1240      20656E63 
 1241              	.LASF1:
 1242 00fd 756E7369 		.ascii	"unsigned char\000"
 1242      676E6564 
 1242      20636861 
 1242      7200
 1243              	.LASF35:
 1244 010b 474E5520 		.ascii	"GNU C11 5.4.1 20160609 (release) [ARM/embedded-5-br"
 1244      43313120 
 1244      352E342E 
 1244      31203230 
 1244      31363036 
 1245 013e 616E6368 		.ascii	"anch revision 237715] -mcpu=cortex-m3 -mthumb -g -O"
 1245      20726576 
 1245      6973696F 
 1245      6E203233 
 1245      37373135 
 1246 0171 67202D66 		.ascii	"g -ffunction-sections -ffat-lto-objects\000"
 1246      66756E63 
 1246      74696F6E 
 1246      2D736563 
 1246      74696F6E 
 1247              	.LASF27:
 1248 0199 4E756D62 		.ascii	"NumberReg_Init\000"
 1248      65725265 
 1248      675F496E 
 1248      697400
 1249              	.LASF14:
 1250 01a8 72656738 		.ascii	"reg8\000"
 1250      00
 1251              	.LASF21:
 1252 01ad 696E7465 		.ascii	"interruptState\000"
 1252      72727570 
 1252      74537461 
 1252      746500
 1253              	.LASF5:
 1254 01bc 6C6F6E67 		.ascii	"long unsigned int\000"
 1254      20756E73 
 1254      69676E65 
 1254      6420696E 
 1254      7400
 1255              	.LASF9:
 1256 01ce 75696E74 		.ascii	"uint8\000"
 1256      3800
 1257              	.LASF38:
 1258 01d4 4E756D62 		.ascii	"NumberReg_GetIntStatus\000"
 1258      65725265 
 1258      675F4765 
 1258      74496E74 
 1258      53746174 
 1259              	.LASF25:
 1260 01eb 6669666F 		.ascii	"fifoId\000"
 1260      496400
 1261              	.LASF32:
 1262 01f2 4E756D62 		.ascii	"NumberReg_ReadRegValue\000"
ARM GAS  C:\Users\EA527~1.IVA\AppData\Local\Temp\ccZF4M8E.s 			page 32


 1262      65725265 
 1262      675F5265 
 1262      61645265 
 1262      6756616C 
 1263              	.LASF12:
 1264 0209 646F7562 		.ascii	"double\000"
 1264      6C6500
 1265              	.LASF26:
 1266 0210 696E7465 		.ascii	"interruptSource\000"
 1266      72727570 
 1266      74536F75 
 1266      72636500 
 1267              	.LASF30:
 1268 0220 73686966 		.ascii	"shiftData\000"
 1268      74446174 
 1268      6100
 1269              	.LASF20:
 1270 022a 4E756D62 		.ascii	"NumberReg_DisableInt\000"
 1270      65725265 
 1270      675F4469 
 1270      7361626C 
 1270      65496E74 
 1271              	.LASF10:
 1272 023f 75696E74 		.ascii	"uint32\000"
 1272      333200
 1273              	.LASF33:
 1274 0246 4379456E 		.ascii	"CyEnterCriticalSection\000"
 1274      74657243 
 1274      72697469 
 1274      63616C53 
 1274      65637469 
 1275              	.LASF8:
 1276 025d 756E7369 		.ascii	"unsigned int\000"
 1276      676E6564 
 1276      20696E74 
 1276      00
 1277              	.LASF28:
 1278 026a 4E756D62 		.ascii	"NumberReg_Start\000"
 1278      65725265 
 1278      675F5374 
 1278      61727400 
 1279              	.LASF34:
 1280 027a 43794578 		.ascii	"CyExitCriticalSection\000"
 1280      69744372 
 1280      69746963 
 1280      616C5365 
 1280      6374696F 
 1281              	.LASF23:
 1282 0290 72657375 		.ascii	"result\000"
 1282      6C7400
 1283              	.LASF29:
 1284 0297 4E756D62 		.ascii	"NumberReg_WriteRegValue\000"
 1284      65725265 
 1284      675F5772 
 1284      69746552 
 1284      65675661 
 1285              	.LASF17:
ARM GAS  C:\Users\EA527~1.IVA\AppData\Local\Temp\ccZF4M8E.s 			page 33


 1286 02af 73697A65 		.ascii	"sizetype\000"
 1286      74797065 
 1286      00
 1287              	.LASF36:
 1288 02b8 47656E65 		.ascii	"Generated_Source\\PSoC5\\NumberReg.c\000"
 1288      72617465 
 1288      645F536F 
 1288      75726365 
 1288      5C50536F 
 1289              	.LASF6:
 1290 02db 6C6F6E67 		.ascii	"long long int\000"
 1290      206C6F6E 
 1290      6720696E 
 1290      7400
 1291              	.LASF13:
 1292 02e9 63686172 		.ascii	"char\000"
 1292      00
 1293              	.LASF2:
 1294 02ee 73686F72 		.ascii	"short int\000"
 1294      7420696E 
 1294      7400
 1295              	.LASF4:
 1296 02f8 6C6F6E67 		.ascii	"long int\000"
 1296      20696E74 
 1296      00
 1297              	.LASF16:
 1298 0301 6C6F6E67 		.ascii	"long double\000"
 1298      20646F75 
 1298      626C6500 
 1299              	.LASF0:
 1300 030d 7369676E 		.ascii	"signed char\000"
 1300      65642063 
 1300      68617200 
 1301              		.ident	"GCC: (GNU Tools for ARM Embedded Processors) 5.4.1 20160609 (release) [ARM/embedded-5-bran
