ARM GAS  C:\Users\EA527~1.IVA\AppData\Local\Temp\ccdPQcJp.s 			page 1


   1              		.syntax unified
   2              		.cpu cortex-m3
   3              		.fpu softvfp
   4              		.eabi_attribute 20, 1
   5              		.eabi_attribute 21, 1
   6              		.eabi_attribute 23, 3
   7              		.eabi_attribute 24, 1
   8              		.eabi_attribute 25, 1
   9              		.eabi_attribute 26, 1
  10              		.eabi_attribute 30, 1
  11              		.eabi_attribute 34, 1
  12              		.eabi_attribute 18, 4
  13              		.thumb
  14              		.syntax unified
  15              		.file	"Opamp_1_PM.c"
  16              		.text
  17              	.Ltext0:
  18              		.cfi_sections	.debug_frame
  19              		.section	.text.Opamp_1_SaveConfig,"ax",%progbits
  20              		.align	2
  21              		.global	Opamp_1_SaveConfig
  22              		.thumb
  23              		.thumb_func
  24              		.type	Opamp_1_SaveConfig, %function
  25              	Opamp_1_SaveConfig:
  26              	.LFB0:
  27              		.file 1 "Generated_Source\\PSoC5\\Opamp_1_PM.c"
   1:Generated_Source\PSoC5/Opamp_1_PM.c **** /*******************************************************************************
   2:Generated_Source\PSoC5/Opamp_1_PM.c **** * File Name: Opamp_1_PM.c
   3:Generated_Source\PSoC5/Opamp_1_PM.c **** * Version 1.90
   4:Generated_Source\PSoC5/Opamp_1_PM.c **** *
   5:Generated_Source\PSoC5/Opamp_1_PM.c **** * Description:
   6:Generated_Source\PSoC5/Opamp_1_PM.c **** *  This file provides the power management source code to the API for the 
   7:Generated_Source\PSoC5/Opamp_1_PM.c **** *  OpAmp (Analog Buffer) component.
   8:Generated_Source\PSoC5/Opamp_1_PM.c **** *
   9:Generated_Source\PSoC5/Opamp_1_PM.c **** * Note:
  10:Generated_Source\PSoC5/Opamp_1_PM.c **** *
  11:Generated_Source\PSoC5/Opamp_1_PM.c **** ********************************************************************************
  12:Generated_Source\PSoC5/Opamp_1_PM.c **** * Copyright 2008-2012, Cypress Semiconductor Corporation.  All rights reserved.
  13:Generated_Source\PSoC5/Opamp_1_PM.c **** * You may use this file only in accordance with the license, terms, conditions, 
  14:Generated_Source\PSoC5/Opamp_1_PM.c **** * disclaimers, and limitations in the end user license agreement accompanying 
  15:Generated_Source\PSoC5/Opamp_1_PM.c **** * the software package with which this file was provided.
  16:Generated_Source\PSoC5/Opamp_1_PM.c **** *******************************************************************************/
  17:Generated_Source\PSoC5/Opamp_1_PM.c **** 
  18:Generated_Source\PSoC5/Opamp_1_PM.c **** #include "Opamp_1.h"
  19:Generated_Source\PSoC5/Opamp_1_PM.c **** 
  20:Generated_Source\PSoC5/Opamp_1_PM.c **** static Opamp_1_BACKUP_STRUCT  Opamp_1_backup;
  21:Generated_Source\PSoC5/Opamp_1_PM.c **** 
  22:Generated_Source\PSoC5/Opamp_1_PM.c **** 
  23:Generated_Source\PSoC5/Opamp_1_PM.c **** /*******************************************************************************  
  24:Generated_Source\PSoC5/Opamp_1_PM.c **** * Function Name: Opamp_1_SaveConfig
  25:Generated_Source\PSoC5/Opamp_1_PM.c **** ********************************************************************************
  26:Generated_Source\PSoC5/Opamp_1_PM.c **** *
  27:Generated_Source\PSoC5/Opamp_1_PM.c **** * Summary:
  28:Generated_Source\PSoC5/Opamp_1_PM.c **** *  Saves the current user configuration registers.
  29:Generated_Source\PSoC5/Opamp_1_PM.c **** * 
  30:Generated_Source\PSoC5/Opamp_1_PM.c **** * Parameters:
ARM GAS  C:\Users\EA527~1.IVA\AppData\Local\Temp\ccdPQcJp.s 			page 2


  31:Generated_Source\PSoC5/Opamp_1_PM.c **** *  void
  32:Generated_Source\PSoC5/Opamp_1_PM.c **** * 
  33:Generated_Source\PSoC5/Opamp_1_PM.c **** * Return:
  34:Generated_Source\PSoC5/Opamp_1_PM.c **** *  void
  35:Generated_Source\PSoC5/Opamp_1_PM.c **** *
  36:Generated_Source\PSoC5/Opamp_1_PM.c **** *******************************************************************************/
  37:Generated_Source\PSoC5/Opamp_1_PM.c **** void Opamp_1_SaveConfig(void) 
  38:Generated_Source\PSoC5/Opamp_1_PM.c **** {
  28              		.loc 1 38 0
  29              		.cfi_startproc
  30              		@ args = 0, pretend = 0, frame = 0
  31              		@ frame_needed = 0, uses_anonymous_args = 0
  32              		@ link register save eliminated.
  33 0000 7047     		bx	lr
  34              		.cfi_endproc
  35              	.LFE0:
  36              		.size	Opamp_1_SaveConfig, .-Opamp_1_SaveConfig
  37 0002 00BF     		.section	.text.Opamp_1_RestoreConfig,"ax",%progbits
  38              		.align	2
  39              		.global	Opamp_1_RestoreConfig
  40              		.thumb
  41              		.thumb_func
  42              		.type	Opamp_1_RestoreConfig, %function
  43              	Opamp_1_RestoreConfig:
  44              	.LFB1:
  39:Generated_Source\PSoC5/Opamp_1_PM.c ****     /* Nothing to save as registers are System reset on retention flops */
  40:Generated_Source\PSoC5/Opamp_1_PM.c **** }
  41:Generated_Source\PSoC5/Opamp_1_PM.c **** 
  42:Generated_Source\PSoC5/Opamp_1_PM.c **** 
  43:Generated_Source\PSoC5/Opamp_1_PM.c **** /*******************************************************************************  
  44:Generated_Source\PSoC5/Opamp_1_PM.c **** * Function Name: Opamp_1_RestoreConfig
  45:Generated_Source\PSoC5/Opamp_1_PM.c **** ********************************************************************************
  46:Generated_Source\PSoC5/Opamp_1_PM.c **** *
  47:Generated_Source\PSoC5/Opamp_1_PM.c **** * Summary:
  48:Generated_Source\PSoC5/Opamp_1_PM.c **** *  Restores the current user configuration registers.
  49:Generated_Source\PSoC5/Opamp_1_PM.c **** *
  50:Generated_Source\PSoC5/Opamp_1_PM.c **** * Parameters:
  51:Generated_Source\PSoC5/Opamp_1_PM.c **** *  void
  52:Generated_Source\PSoC5/Opamp_1_PM.c **** *
  53:Generated_Source\PSoC5/Opamp_1_PM.c **** * Return:
  54:Generated_Source\PSoC5/Opamp_1_PM.c **** *  void
  55:Generated_Source\PSoC5/Opamp_1_PM.c **** *
  56:Generated_Source\PSoC5/Opamp_1_PM.c **** *******************************************************************************/
  57:Generated_Source\PSoC5/Opamp_1_PM.c **** void Opamp_1_RestoreConfig(void) 
  58:Generated_Source\PSoC5/Opamp_1_PM.c **** {
  45              		.loc 1 58 0
  46              		.cfi_startproc
  47              		@ args = 0, pretend = 0, frame = 0
  48              		@ frame_needed = 0, uses_anonymous_args = 0
  49              		@ link register save eliminated.
  50 0000 7047     		bx	lr
  51              		.cfi_endproc
  52              	.LFE1:
  53              		.size	Opamp_1_RestoreConfig, .-Opamp_1_RestoreConfig
  54 0002 00BF     		.section	.text.Opamp_1_Sleep,"ax",%progbits
  55              		.align	2
  56              		.global	Opamp_1_Sleep
ARM GAS  C:\Users\EA527~1.IVA\AppData\Local\Temp\ccdPQcJp.s 			page 3


  57              		.thumb
  58              		.thumb_func
  59              		.type	Opamp_1_Sleep, %function
  60              	Opamp_1_Sleep:
  61              	.LFB2:
  59:Generated_Source\PSoC5/Opamp_1_PM.c ****     /* Nothing to restore */
  60:Generated_Source\PSoC5/Opamp_1_PM.c **** }
  61:Generated_Source\PSoC5/Opamp_1_PM.c **** 
  62:Generated_Source\PSoC5/Opamp_1_PM.c **** 
  63:Generated_Source\PSoC5/Opamp_1_PM.c **** /*******************************************************************************   
  64:Generated_Source\PSoC5/Opamp_1_PM.c **** * Function Name: Opamp_1_Sleep
  65:Generated_Source\PSoC5/Opamp_1_PM.c **** ********************************************************************************
  66:Generated_Source\PSoC5/Opamp_1_PM.c **** *
  67:Generated_Source\PSoC5/Opamp_1_PM.c **** * Summary:
  68:Generated_Source\PSoC5/Opamp_1_PM.c **** *  Disables block's operation and saves its configuration. Should be called 
  69:Generated_Source\PSoC5/Opamp_1_PM.c **** *  just prior to entering sleep.
  70:Generated_Source\PSoC5/Opamp_1_PM.c **** *
  71:Generated_Source\PSoC5/Opamp_1_PM.c **** * Parameters:
  72:Generated_Source\PSoC5/Opamp_1_PM.c **** *  void
  73:Generated_Source\PSoC5/Opamp_1_PM.c **** *
  74:Generated_Source\PSoC5/Opamp_1_PM.c **** * Return:
  75:Generated_Source\PSoC5/Opamp_1_PM.c **** *  void
  76:Generated_Source\PSoC5/Opamp_1_PM.c **** *
  77:Generated_Source\PSoC5/Opamp_1_PM.c **** * Global variables:
  78:Generated_Source\PSoC5/Opamp_1_PM.c **** *  Opamp_1_backup: The structure field 'enableState' is modified 
  79:Generated_Source\PSoC5/Opamp_1_PM.c **** *  depending on the enable state of the block before entering to sleep mode.
  80:Generated_Source\PSoC5/Opamp_1_PM.c **** *
  81:Generated_Source\PSoC5/Opamp_1_PM.c **** *******************************************************************************/
  82:Generated_Source\PSoC5/Opamp_1_PM.c **** void Opamp_1_Sleep(void) 
  83:Generated_Source\PSoC5/Opamp_1_PM.c **** {
  62              		.loc 1 83 0
  63              		.cfi_startproc
  64              		@ args = 0, pretend = 0, frame = 0
  65              		@ frame_needed = 0, uses_anonymous_args = 0
  66              		.loc 1 83 0
  67 0000 08B5     		push	{r3, lr}
  68              		.cfi_def_cfa_offset 8
  69              		.cfi_offset 3, -8
  70              		.cfi_offset 14, -4
  84:Generated_Source\PSoC5/Opamp_1_PM.c ****     /* Save OpAmp enable state */
  85:Generated_Source\PSoC5/Opamp_1_PM.c ****     if((Opamp_1_PM_ACT_CFG_REG & Opamp_1_ACT_PWR_EN) != 0u)
  71              		.loc 1 85 0
  72 0002 074B     		ldr	r3, .L7
  73 0004 1B78     		ldrb	r3, [r3]	@ zero_extendqisi2
  74 0006 13F0010F 		tst	r3, #1
  75 000a 05D0     		beq	.L4
  86:Generated_Source\PSoC5/Opamp_1_PM.c ****     {
  87:Generated_Source\PSoC5/Opamp_1_PM.c ****         /* Component is enabled */
  88:Generated_Source\PSoC5/Opamp_1_PM.c ****         Opamp_1_backup.enableState = 1u;
  76              		.loc 1 88 0
  77 000c 0122     		movs	r2, #1
  78 000e 054B     		ldr	r3, .L7+4
  79 0010 1A70     		strb	r2, [r3]
  89:Generated_Source\PSoC5/Opamp_1_PM.c ****          /* Stops the component */
  90:Generated_Source\PSoC5/Opamp_1_PM.c ****          Opamp_1_Stop();
  80              		.loc 1 90 0
  81 0012 FFF7FEFF 		bl	Opamp_1_Stop
ARM GAS  C:\Users\EA527~1.IVA\AppData\Local\Temp\ccdPQcJp.s 			page 4


  82              	.LVL0:
  83 0016 08BD     		pop	{r3, pc}
  84              	.L4:
  91:Generated_Source\PSoC5/Opamp_1_PM.c ****     }
  92:Generated_Source\PSoC5/Opamp_1_PM.c ****     else
  93:Generated_Source\PSoC5/Opamp_1_PM.c ****     {
  94:Generated_Source\PSoC5/Opamp_1_PM.c ****         /* Component is disabled */
  95:Generated_Source\PSoC5/Opamp_1_PM.c ****         Opamp_1_backup.enableState = 0u;
  85              		.loc 1 95 0
  86 0018 0022     		movs	r2, #0
  87 001a 024B     		ldr	r3, .L7+4
  88 001c 1A70     		strb	r2, [r3]
  89 001e 08BD     		pop	{r3, pc}
  90              	.L8:
  91              		.align	2
  92              	.L7:
  93 0020 A4430040 		.word	1073759140
  94 0024 00000000 		.word	.LANCHOR0
  95              		.cfi_endproc
  96              	.LFE2:
  97              		.size	Opamp_1_Sleep, .-Opamp_1_Sleep
  98              		.section	.text.Opamp_1_Wakeup,"ax",%progbits
  99              		.align	2
 100              		.global	Opamp_1_Wakeup
 101              		.thumb
 102              		.thumb_func
 103              		.type	Opamp_1_Wakeup, %function
 104              	Opamp_1_Wakeup:
 105              	.LFB3:
  96:Generated_Source\PSoC5/Opamp_1_PM.c ****     }
  97:Generated_Source\PSoC5/Opamp_1_PM.c ****     /* Saves the configuration */
  98:Generated_Source\PSoC5/Opamp_1_PM.c ****     Opamp_1_SaveConfig();
  99:Generated_Source\PSoC5/Opamp_1_PM.c **** }
 100:Generated_Source\PSoC5/Opamp_1_PM.c **** 
 101:Generated_Source\PSoC5/Opamp_1_PM.c **** 
 102:Generated_Source\PSoC5/Opamp_1_PM.c **** /*******************************************************************************  
 103:Generated_Source\PSoC5/Opamp_1_PM.c **** * Function Name: Opamp_1_Wakeup
 104:Generated_Source\PSoC5/Opamp_1_PM.c **** ********************************************************************************
 105:Generated_Source\PSoC5/Opamp_1_PM.c **** *
 106:Generated_Source\PSoC5/Opamp_1_PM.c **** * Summary:
 107:Generated_Source\PSoC5/Opamp_1_PM.c **** *  Enables block's operation and restores its configuration. Should be called
 108:Generated_Source\PSoC5/Opamp_1_PM.c **** *  just after awaking from sleep.
 109:Generated_Source\PSoC5/Opamp_1_PM.c **** *
 110:Generated_Source\PSoC5/Opamp_1_PM.c **** * Parameters:
 111:Generated_Source\PSoC5/Opamp_1_PM.c **** *  void
 112:Generated_Source\PSoC5/Opamp_1_PM.c **** *
 113:Generated_Source\PSoC5/Opamp_1_PM.c **** * Return:
 114:Generated_Source\PSoC5/Opamp_1_PM.c **** *  void
 115:Generated_Source\PSoC5/Opamp_1_PM.c **** *
 116:Generated_Source\PSoC5/Opamp_1_PM.c **** * Global variables:
 117:Generated_Source\PSoC5/Opamp_1_PM.c **** *  Opamp_1_backup: The structure field 'enableState' is used to 
 118:Generated_Source\PSoC5/Opamp_1_PM.c **** *  restore the enable state of block after wakeup from sleep mode.
 119:Generated_Source\PSoC5/Opamp_1_PM.c **** *
 120:Generated_Source\PSoC5/Opamp_1_PM.c **** *******************************************************************************/
 121:Generated_Source\PSoC5/Opamp_1_PM.c **** void Opamp_1_Wakeup(void) 
 122:Generated_Source\PSoC5/Opamp_1_PM.c **** {
 106              		.loc 1 122 0
ARM GAS  C:\Users\EA527~1.IVA\AppData\Local\Temp\ccdPQcJp.s 			page 5


 107              		.cfi_startproc
 108              		@ args = 0, pretend = 0, frame = 0
 109              		@ frame_needed = 0, uses_anonymous_args = 0
 110 0000 08B5     		push	{r3, lr}
 111              		.cfi_def_cfa_offset 8
 112              		.cfi_offset 3, -8
 113              		.cfi_offset 14, -4
 123:Generated_Source\PSoC5/Opamp_1_PM.c ****     /* Restore the user configuration */
 124:Generated_Source\PSoC5/Opamp_1_PM.c ****     Opamp_1_RestoreConfig();
 125:Generated_Source\PSoC5/Opamp_1_PM.c **** 
 126:Generated_Source\PSoC5/Opamp_1_PM.c ****     /* Enables the component operation */
 127:Generated_Source\PSoC5/Opamp_1_PM.c ****     if(Opamp_1_backup.enableState == 1u)
 114              		.loc 1 127 0
 115 0002 034B     		ldr	r3, .L12
 116 0004 1B78     		ldrb	r3, [r3]	@ zero_extendqisi2
 117 0006 012B     		cmp	r3, #1
 118 0008 01D1     		bne	.L9
 128:Generated_Source\PSoC5/Opamp_1_PM.c ****     {
 129:Generated_Source\PSoC5/Opamp_1_PM.c ****         Opamp_1_Enable();
 119              		.loc 1 129 0
 120 000a FFF7FEFF 		bl	Opamp_1_Enable
 121              	.LVL1:
 122              	.L9:
 123 000e 08BD     		pop	{r3, pc}
 124              	.L13:
 125              		.align	2
 126              	.L12:
 127 0010 00000000 		.word	.LANCHOR0
 128              		.cfi_endproc
 129              	.LFE3:
 130              		.size	Opamp_1_Wakeup, .-Opamp_1_Wakeup
 131              		.bss
 132              		.align	2
 133              		.set	.LANCHOR0,. + 0
 134              		.type	Opamp_1_backup, %object
 135              		.size	Opamp_1_backup, 1
 136              	Opamp_1_backup:
 137 0000 00       		.space	1
 138              		.text
 139              	.Letext0:
 140              		.file 2 "Generated_Source\\PSoC5\\cytypes.h"
 141              		.file 3 "Generated_Source\\PSoC5\\Opamp_1.h"
 142              		.section	.debug_info,"",%progbits
 143              	.Ldebug_info0:
 144 0000 4F010000 		.4byte	0x14f
 145 0004 0400     		.2byte	0x4
 146 0006 00000000 		.4byte	.Ldebug_abbrev0
 147 000a 04       		.byte	0x4
 148 000b 01       		.uleb128 0x1
 149 000c 34000000 		.4byte	.LASF23
 150 0010 0C       		.byte	0xc
 151 0011 56010000 		.4byte	.LASF24
 152 0015 F7000000 		.4byte	.LASF25
 153 0019 00000000 		.4byte	.Ldebug_ranges0+0
 154 001d 00000000 		.4byte	0
 155 0021 00000000 		.4byte	.Ldebug_line0
 156 0025 02       		.uleb128 0x2
ARM GAS  C:\Users\EA527~1.IVA\AppData\Local\Temp\ccdPQcJp.s 			page 6


 157 0026 01       		.byte	0x1
 158 0027 06       		.byte	0x6
 159 0028 CD010000 		.4byte	.LASF0
 160 002c 02       		.uleb128 0x2
 161 002d 01       		.byte	0x1
 162 002e 08       		.byte	0x8
 163 002f 43010000 		.4byte	.LASF1
 164 0033 02       		.uleb128 0x2
 165 0034 02       		.byte	0x2
 166 0035 05       		.byte	0x5
 167 0036 04020000 		.4byte	.LASF2
 168 003a 02       		.uleb128 0x2
 169 003b 02       		.byte	0x2
 170 003c 07       		.byte	0x7
 171 003d BA010000 		.4byte	.LASF3
 172 0041 02       		.uleb128 0x2
 173 0042 04       		.byte	0x4
 174 0043 05       		.byte	0x5
 175 0044 9E010000 		.4byte	.LASF4
 176 0048 02       		.uleb128 0x2
 177 0049 04       		.byte	0x4
 178 004a 07       		.byte	0x7
 179 004b C8000000 		.4byte	.LASF5
 180 004f 02       		.uleb128 0x2
 181 0050 08       		.byte	0x8
 182 0051 05       		.byte	0x5
 183 0052 00000000 		.4byte	.LASF6
 184 0056 02       		.uleb128 0x2
 185 0057 08       		.byte	0x8
 186 0058 07       		.byte	0x7
 187 0059 DA000000 		.4byte	.LASF7
 188 005d 03       		.uleb128 0x3
 189 005e 04       		.byte	0x4
 190 005f 05       		.byte	0x5
 191 0060 696E7400 		.ascii	"int\000"
 192 0064 02       		.uleb128 0x2
 193 0065 04       		.byte	0x4
 194 0066 07       		.byte	0x7
 195 0067 1A000000 		.4byte	.LASF8
 196 006b 04       		.uleb128 0x4
 197 006c C2000000 		.4byte	.LASF12
 198 0070 02       		.byte	0x2
 199 0071 E401     		.2byte	0x1e4
 200 0073 2C000000 		.4byte	0x2c
 201 0077 02       		.uleb128 0x2
 202 0078 04       		.byte	0x4
 203 0079 04       		.byte	0x4
 204 007a F1000000 		.4byte	.LASF9
 205 007e 02       		.uleb128 0x2
 206 007f 08       		.byte	0x8
 207 0080 04       		.byte	0x4
 208 0081 97010000 		.4byte	.LASF10
 209 0085 02       		.uleb128 0x2
 210 0086 01       		.byte	0x1
 211 0087 08       		.byte	0x8
 212 0088 51010000 		.4byte	.LASF11
 213 008c 04       		.uleb128 0x4
ARM GAS  C:\Users\EA527~1.IVA\AppData\Local\Temp\ccdPQcJp.s 			page 7


 214 008d 0E020000 		.4byte	.LASF13
 215 0091 02       		.byte	0x2
 216 0092 8E02     		.2byte	0x28e
 217 0094 98000000 		.4byte	0x98
 218 0098 05       		.uleb128 0x5
 219 0099 6B000000 		.4byte	0x6b
 220 009d 02       		.uleb128 0x2
 221 009e 08       		.byte	0x8
 222 009f 04       		.byte	0x4
 223 00a0 D9010000 		.4byte	.LASF14
 224 00a4 02       		.uleb128 0x2
 225 00a5 04       		.byte	0x4
 226 00a6 07       		.byte	0x7
 227 00a7 E5010000 		.4byte	.LASF15
 228 00ab 06       		.uleb128 0x6
 229 00ac 01       		.byte	0x1
 230 00ad 03       		.byte	0x3
 231 00ae 26       		.byte	0x26
 232 00af C0000000 		.4byte	0xc0
 233 00b3 07       		.uleb128 0x7
 234 00b4 0E000000 		.4byte	.LASF26
 235 00b8 03       		.byte	0x3
 236 00b9 28       		.byte	0x28
 237 00ba 6B000000 		.4byte	0x6b
 238 00be 00       		.byte	0
 239 00bf 00       		.byte	0
 240 00c0 08       		.uleb128 0x8
 241 00c1 22020000 		.4byte	.LASF16
 242 00c5 03       		.byte	0x3
 243 00c6 29       		.byte	0x29
 244 00c7 AB000000 		.4byte	0xab
 245 00cb 09       		.uleb128 0x9
 246 00cc A7010000 		.4byte	.LASF17
 247 00d0 01       		.byte	0x1
 248 00d1 25       		.byte	0x25
 249 00d2 00000000 		.4byte	.LFB0
 250 00d6 02000000 		.4byte	.LFE0-.LFB0
 251 00da 01       		.uleb128 0x1
 252 00db 9C       		.byte	0x9c
 253 00dc 09       		.uleb128 0x9
 254 00dd EE010000 		.4byte	.LASF18
 255 00e1 01       		.byte	0x1
 256 00e2 39       		.byte	0x39
 257 00e3 00000000 		.4byte	.LFB1
 258 00e7 02000000 		.4byte	.LFE1-.LFB1
 259 00eb 01       		.uleb128 0x1
 260 00ec 9C       		.byte	0x9c
 261 00ed 0A       		.uleb128 0xa
 262 00ee 7A010000 		.4byte	.LASF19
 263 00f2 01       		.byte	0x1
 264 00f3 52       		.byte	0x52
 265 00f4 00000000 		.4byte	.LFB2
 266 00f8 28000000 		.4byte	.LFE2-.LFB2
 267 00fc 01       		.uleb128 0x1
 268 00fd 9C       		.byte	0x9c
 269 00fe 0C010000 		.4byte	0x10c
 270 0102 0B       		.uleb128 0xb
ARM GAS  C:\Users\EA527~1.IVA\AppData\Local\Temp\ccdPQcJp.s 			page 8


 271 0103 16000000 		.4byte	.LVL0
 272 0107 3C010000 		.4byte	0x13c
 273 010b 00       		.byte	0
 274 010c 0A       		.uleb128 0xa
 275 010d 13020000 		.4byte	.LASF20
 276 0111 01       		.byte	0x1
 277 0112 79       		.byte	0x79
 278 0113 00000000 		.4byte	.LFB3
 279 0117 14000000 		.4byte	.LFE3-.LFB3
 280 011b 01       		.uleb128 0x1
 281 011c 9C       		.byte	0x9c
 282 011d 2B010000 		.4byte	0x12b
 283 0121 0B       		.uleb128 0xb
 284 0122 0E000000 		.4byte	.LVL1
 285 0126 47010000 		.4byte	0x147
 286 012a 00       		.byte	0
 287 012b 0C       		.uleb128 0xc
 288 012c 88010000 		.4byte	.LASF27
 289 0130 01       		.byte	0x1
 290 0131 14       		.byte	0x14
 291 0132 C0000000 		.4byte	0xc0
 292 0136 05       		.uleb128 0x5
 293 0137 03       		.byte	0x3
 294 0138 00000000 		.4byte	Opamp_1_backup
 295 013c 0D       		.uleb128 0xd
 296 013d 27000000 		.4byte	.LASF21
 297 0141 27000000 		.4byte	.LASF21
 298 0145 03       		.byte	0x3
 299 0146 34       		.byte	0x34
 300 0147 0D       		.uleb128 0xd
 301 0148 38020000 		.4byte	.LASF22
 302 014c 38020000 		.4byte	.LASF22
 303 0150 03       		.byte	0x3
 304 0151 3B       		.byte	0x3b
 305 0152 00       		.byte	0
 306              		.section	.debug_abbrev,"",%progbits
 307              	.Ldebug_abbrev0:
 308 0000 01       		.uleb128 0x1
 309 0001 11       		.uleb128 0x11
 310 0002 01       		.byte	0x1
 311 0003 25       		.uleb128 0x25
 312 0004 0E       		.uleb128 0xe
 313 0005 13       		.uleb128 0x13
 314 0006 0B       		.uleb128 0xb
 315 0007 03       		.uleb128 0x3
 316 0008 0E       		.uleb128 0xe
 317 0009 1B       		.uleb128 0x1b
 318 000a 0E       		.uleb128 0xe
 319 000b 55       		.uleb128 0x55
 320 000c 17       		.uleb128 0x17
 321 000d 11       		.uleb128 0x11
 322 000e 01       		.uleb128 0x1
 323 000f 10       		.uleb128 0x10
 324 0010 17       		.uleb128 0x17
 325 0011 00       		.byte	0
 326 0012 00       		.byte	0
 327 0013 02       		.uleb128 0x2
ARM GAS  C:\Users\EA527~1.IVA\AppData\Local\Temp\ccdPQcJp.s 			page 9


 328 0014 24       		.uleb128 0x24
 329 0015 00       		.byte	0
 330 0016 0B       		.uleb128 0xb
 331 0017 0B       		.uleb128 0xb
 332 0018 3E       		.uleb128 0x3e
 333 0019 0B       		.uleb128 0xb
 334 001a 03       		.uleb128 0x3
 335 001b 0E       		.uleb128 0xe
 336 001c 00       		.byte	0
 337 001d 00       		.byte	0
 338 001e 03       		.uleb128 0x3
 339 001f 24       		.uleb128 0x24
 340 0020 00       		.byte	0
 341 0021 0B       		.uleb128 0xb
 342 0022 0B       		.uleb128 0xb
 343 0023 3E       		.uleb128 0x3e
 344 0024 0B       		.uleb128 0xb
 345 0025 03       		.uleb128 0x3
 346 0026 08       		.uleb128 0x8
 347 0027 00       		.byte	0
 348 0028 00       		.byte	0
 349 0029 04       		.uleb128 0x4
 350 002a 16       		.uleb128 0x16
 351 002b 00       		.byte	0
 352 002c 03       		.uleb128 0x3
 353 002d 0E       		.uleb128 0xe
 354 002e 3A       		.uleb128 0x3a
 355 002f 0B       		.uleb128 0xb
 356 0030 3B       		.uleb128 0x3b
 357 0031 05       		.uleb128 0x5
 358 0032 49       		.uleb128 0x49
 359 0033 13       		.uleb128 0x13
 360 0034 00       		.byte	0
 361 0035 00       		.byte	0
 362 0036 05       		.uleb128 0x5
 363 0037 35       		.uleb128 0x35
 364 0038 00       		.byte	0
 365 0039 49       		.uleb128 0x49
 366 003a 13       		.uleb128 0x13
 367 003b 00       		.byte	0
 368 003c 00       		.byte	0
 369 003d 06       		.uleb128 0x6
 370 003e 13       		.uleb128 0x13
 371 003f 01       		.byte	0x1
 372 0040 0B       		.uleb128 0xb
 373 0041 0B       		.uleb128 0xb
 374 0042 3A       		.uleb128 0x3a
 375 0043 0B       		.uleb128 0xb
 376 0044 3B       		.uleb128 0x3b
 377 0045 0B       		.uleb128 0xb
 378 0046 01       		.uleb128 0x1
 379 0047 13       		.uleb128 0x13
 380 0048 00       		.byte	0
 381 0049 00       		.byte	0
 382 004a 07       		.uleb128 0x7
 383 004b 0D       		.uleb128 0xd
 384 004c 00       		.byte	0
ARM GAS  C:\Users\EA527~1.IVA\AppData\Local\Temp\ccdPQcJp.s 			page 10


 385 004d 03       		.uleb128 0x3
 386 004e 0E       		.uleb128 0xe
 387 004f 3A       		.uleb128 0x3a
 388 0050 0B       		.uleb128 0xb
 389 0051 3B       		.uleb128 0x3b
 390 0052 0B       		.uleb128 0xb
 391 0053 49       		.uleb128 0x49
 392 0054 13       		.uleb128 0x13
 393 0055 38       		.uleb128 0x38
 394 0056 0B       		.uleb128 0xb
 395 0057 00       		.byte	0
 396 0058 00       		.byte	0
 397 0059 08       		.uleb128 0x8
 398 005a 16       		.uleb128 0x16
 399 005b 00       		.byte	0
 400 005c 03       		.uleb128 0x3
 401 005d 0E       		.uleb128 0xe
 402 005e 3A       		.uleb128 0x3a
 403 005f 0B       		.uleb128 0xb
 404 0060 3B       		.uleb128 0x3b
 405 0061 0B       		.uleb128 0xb
 406 0062 49       		.uleb128 0x49
 407 0063 13       		.uleb128 0x13
 408 0064 00       		.byte	0
 409 0065 00       		.byte	0
 410 0066 09       		.uleb128 0x9
 411 0067 2E       		.uleb128 0x2e
 412 0068 00       		.byte	0
 413 0069 3F       		.uleb128 0x3f
 414 006a 19       		.uleb128 0x19
 415 006b 03       		.uleb128 0x3
 416 006c 0E       		.uleb128 0xe
 417 006d 3A       		.uleb128 0x3a
 418 006e 0B       		.uleb128 0xb
 419 006f 3B       		.uleb128 0x3b
 420 0070 0B       		.uleb128 0xb
 421 0071 27       		.uleb128 0x27
 422 0072 19       		.uleb128 0x19
 423 0073 11       		.uleb128 0x11
 424 0074 01       		.uleb128 0x1
 425 0075 12       		.uleb128 0x12
 426 0076 06       		.uleb128 0x6
 427 0077 40       		.uleb128 0x40
 428 0078 18       		.uleb128 0x18
 429 0079 9742     		.uleb128 0x2117
 430 007b 19       		.uleb128 0x19
 431 007c 00       		.byte	0
 432 007d 00       		.byte	0
 433 007e 0A       		.uleb128 0xa
 434 007f 2E       		.uleb128 0x2e
 435 0080 01       		.byte	0x1
 436 0081 3F       		.uleb128 0x3f
 437 0082 19       		.uleb128 0x19
 438 0083 03       		.uleb128 0x3
 439 0084 0E       		.uleb128 0xe
 440 0085 3A       		.uleb128 0x3a
 441 0086 0B       		.uleb128 0xb
ARM GAS  C:\Users\EA527~1.IVA\AppData\Local\Temp\ccdPQcJp.s 			page 11


 442 0087 3B       		.uleb128 0x3b
 443 0088 0B       		.uleb128 0xb
 444 0089 27       		.uleb128 0x27
 445 008a 19       		.uleb128 0x19
 446 008b 11       		.uleb128 0x11
 447 008c 01       		.uleb128 0x1
 448 008d 12       		.uleb128 0x12
 449 008e 06       		.uleb128 0x6
 450 008f 40       		.uleb128 0x40
 451 0090 18       		.uleb128 0x18
 452 0091 9742     		.uleb128 0x2117
 453 0093 19       		.uleb128 0x19
 454 0094 01       		.uleb128 0x1
 455 0095 13       		.uleb128 0x13
 456 0096 00       		.byte	0
 457 0097 00       		.byte	0
 458 0098 0B       		.uleb128 0xb
 459 0099 898201   		.uleb128 0x4109
 460 009c 00       		.byte	0
 461 009d 11       		.uleb128 0x11
 462 009e 01       		.uleb128 0x1
 463 009f 31       		.uleb128 0x31
 464 00a0 13       		.uleb128 0x13
 465 00a1 00       		.byte	0
 466 00a2 00       		.byte	0
 467 00a3 0C       		.uleb128 0xc
 468 00a4 34       		.uleb128 0x34
 469 00a5 00       		.byte	0
 470 00a6 03       		.uleb128 0x3
 471 00a7 0E       		.uleb128 0xe
 472 00a8 3A       		.uleb128 0x3a
 473 00a9 0B       		.uleb128 0xb
 474 00aa 3B       		.uleb128 0x3b
 475 00ab 0B       		.uleb128 0xb
 476 00ac 49       		.uleb128 0x49
 477 00ad 13       		.uleb128 0x13
 478 00ae 02       		.uleb128 0x2
 479 00af 18       		.uleb128 0x18
 480 00b0 00       		.byte	0
 481 00b1 00       		.byte	0
 482 00b2 0D       		.uleb128 0xd
 483 00b3 2E       		.uleb128 0x2e
 484 00b4 00       		.byte	0
 485 00b5 3F       		.uleb128 0x3f
 486 00b6 19       		.uleb128 0x19
 487 00b7 3C       		.uleb128 0x3c
 488 00b8 19       		.uleb128 0x19
 489 00b9 6E       		.uleb128 0x6e
 490 00ba 0E       		.uleb128 0xe
 491 00bb 03       		.uleb128 0x3
 492 00bc 0E       		.uleb128 0xe
 493 00bd 3A       		.uleb128 0x3a
 494 00be 0B       		.uleb128 0xb
 495 00bf 3B       		.uleb128 0x3b
 496 00c0 0B       		.uleb128 0xb
 497 00c1 00       		.byte	0
 498 00c2 00       		.byte	0
ARM GAS  C:\Users\EA527~1.IVA\AppData\Local\Temp\ccdPQcJp.s 			page 12


 499 00c3 00       		.byte	0
 500              		.section	.debug_aranges,"",%progbits
 501 0000 34000000 		.4byte	0x34
 502 0004 0200     		.2byte	0x2
 503 0006 00000000 		.4byte	.Ldebug_info0
 504 000a 04       		.byte	0x4
 505 000b 00       		.byte	0
 506 000c 0000     		.2byte	0
 507 000e 0000     		.2byte	0
 508 0010 00000000 		.4byte	.LFB0
 509 0014 02000000 		.4byte	.LFE0-.LFB0
 510 0018 00000000 		.4byte	.LFB1
 511 001c 02000000 		.4byte	.LFE1-.LFB1
 512 0020 00000000 		.4byte	.LFB2
 513 0024 28000000 		.4byte	.LFE2-.LFB2
 514 0028 00000000 		.4byte	.LFB3
 515 002c 14000000 		.4byte	.LFE3-.LFB3
 516 0030 00000000 		.4byte	0
 517 0034 00000000 		.4byte	0
 518              		.section	.debug_ranges,"",%progbits
 519              	.Ldebug_ranges0:
 520 0000 00000000 		.4byte	.LFB0
 521 0004 02000000 		.4byte	.LFE0
 522 0008 00000000 		.4byte	.LFB1
 523 000c 02000000 		.4byte	.LFE1
 524 0010 00000000 		.4byte	.LFB2
 525 0014 28000000 		.4byte	.LFE2
 526 0018 00000000 		.4byte	.LFB3
 527 001c 14000000 		.4byte	.LFE3
 528 0020 00000000 		.4byte	0
 529 0024 00000000 		.4byte	0
 530              		.section	.debug_line,"",%progbits
 531              	.Ldebug_line0:
 532 0000 9F000000 		.section	.debug_str,"MS",%progbits,1
 532      02005400 
 532      00000201 
 532      FB0E0D00 
 532      01010101 
 533              	.LASF6:
 534 0000 6C6F6E67 		.ascii	"long long int\000"
 534      206C6F6E 
 534      6720696E 
 534      7400
 535              	.LASF26:
 536 000e 656E6162 		.ascii	"enableState\000"
 536      6C655374 
 536      61746500 
 537              	.LASF8:
 538 001a 756E7369 		.ascii	"unsigned int\000"
 538      676E6564 
 538      20696E74 
 538      00
 539              	.LASF21:
 540 0027 4F70616D 		.ascii	"Opamp_1_Stop\000"
 540      705F315F 
 540      53746F70 
 540      00
ARM GAS  C:\Users\EA527~1.IVA\AppData\Local\Temp\ccdPQcJp.s 			page 13


 541              	.LASF23:
 542 0034 474E5520 		.ascii	"GNU C11 5.4.1 20160609 (release) [ARM/embedded-5-br"
 542      43313120 
 542      352E342E 
 542      31203230 
 542      31363036 
 543 0067 616E6368 		.ascii	"anch revision 237715] -mcpu=cortex-m3 -mthumb -g -O"
 543      20726576 
 543      6973696F 
 543      6E203233 
 543      37373135 
 544 009a 67202D66 		.ascii	"g -ffunction-sections -ffat-lto-objects\000"
 544      66756E63 
 544      74696F6E 
 544      2D736563 
 544      74696F6E 
 545              	.LASF12:
 546 00c2 75696E74 		.ascii	"uint8\000"
 546      3800
 547              	.LASF5:
 548 00c8 6C6F6E67 		.ascii	"long unsigned int\000"
 548      20756E73 
 548      69676E65 
 548      6420696E 
 548      7400
 549              	.LASF7:
 550 00da 6C6F6E67 		.ascii	"long long unsigned int\000"
 550      206C6F6E 
 550      6720756E 
 550      7369676E 
 550      65642069 
 551              	.LASF9:
 552 00f1 666C6F61 		.ascii	"float\000"
 552      7400
 553              	.LASF25:
 554 00f7 433A5C55 		.ascii	"C:\\Users\\e.ivanov\\Documents\\GitHub\\generic\\Ma"
 554      73657273 
 554      5C652E69 
 554      76616E6F 
 554      765C446F 
 555 0124 6E636865 		.ascii	"nchester encoder-decoder.cydsn\000"
 555      73746572 
 555      20656E63 
 555      6F646572 
 555      2D646563 
 556              	.LASF1:
 557 0143 756E7369 		.ascii	"unsigned char\000"
 557      676E6564 
 557      20636861 
 557      7200
 558              	.LASF11:
 559 0151 63686172 		.ascii	"char\000"
 559      00
 560              	.LASF24:
 561 0156 47656E65 		.ascii	"Generated_Source\\PSoC5\\Opamp_1_PM.c\000"
 561      72617465 
 561      645F536F 
ARM GAS  C:\Users\EA527~1.IVA\AppData\Local\Temp\ccdPQcJp.s 			page 14


 561      75726365 
 561      5C50536F 
 562              	.LASF19:
 563 017a 4F70616D 		.ascii	"Opamp_1_Sleep\000"
 563      705F315F 
 563      536C6565 
 563      7000
 564              	.LASF27:
 565 0188 4F70616D 		.ascii	"Opamp_1_backup\000"
 565      705F315F 
 565      6261636B 
 565      757000
 566              	.LASF10:
 567 0197 646F7562 		.ascii	"double\000"
 567      6C6500
 568              	.LASF4:
 569 019e 6C6F6E67 		.ascii	"long int\000"
 569      20696E74 
 569      00
 570              	.LASF17:
 571 01a7 4F70616D 		.ascii	"Opamp_1_SaveConfig\000"
 571      705F315F 
 571      53617665 
 571      436F6E66 
 571      696700
 572              	.LASF3:
 573 01ba 73686F72 		.ascii	"short unsigned int\000"
 573      7420756E 
 573      7369676E 
 573      65642069 
 573      6E7400
 574              	.LASF0:
 575 01cd 7369676E 		.ascii	"signed char\000"
 575      65642063 
 575      68617200 
 576              	.LASF14:
 577 01d9 6C6F6E67 		.ascii	"long double\000"
 577      20646F75 
 577      626C6500 
 578              	.LASF15:
 579 01e5 73697A65 		.ascii	"sizetype\000"
 579      74797065 
 579      00
 580              	.LASF18:
 581 01ee 4F70616D 		.ascii	"Opamp_1_RestoreConfig\000"
 581      705F315F 
 581      52657374 
 581      6F726543 
 581      6F6E6669 
 582              	.LASF2:
 583 0204 73686F72 		.ascii	"short int\000"
 583      7420696E 
 583      7400
 584              	.LASF13:
 585 020e 72656738 		.ascii	"reg8\000"
 585      00
 586              	.LASF20:
ARM GAS  C:\Users\EA527~1.IVA\AppData\Local\Temp\ccdPQcJp.s 			page 15


 587 0213 4F70616D 		.ascii	"Opamp_1_Wakeup\000"
 587      705F315F 
 587      57616B65 
 587      757000
 588              	.LASF16:
 589 0222 4F70616D 		.ascii	"Opamp_1_BACKUP_STRUCT\000"
 589      705F315F 
 589      4241434B 
 589      55505F53 
 589      54525543 
 590              	.LASF22:
 591 0238 4F70616D 		.ascii	"Opamp_1_Enable\000"
 591      705F315F 
 591      456E6162 
 591      6C6500
 592              		.ident	"GCC: (GNU Tools for ARM Embedded Processors) 5.4.1 20160609 (release) [ARM/embedded-5-bran
