ARM GAS  C:\Users\EA527~1.IVA\AppData\Local\Temp\cczuxF2z.s 			page 1


   1              		.syntax unified
   2              		.cpu cortex-m3
   3              		.fpu softvfp
   4              		.eabi_attribute 20, 1
   5              		.eabi_attribute 21, 1
   6              		.eabi_attribute 23, 3
   7              		.eabi_attribute 24, 1
   8              		.eabi_attribute 25, 1
   9              		.eabi_attribute 26, 1
  10              		.eabi_attribute 30, 1
  11              		.eabi_attribute 34, 1
  12              		.eabi_attribute 18, 4
  13              		.thumb
  14              		.syntax unified
  15              		.file	"Period.c"
  16              		.text
  17              	.Ltext0:
  18              		.cfi_sections	.debug_frame
  19              		.section	.text.Period_EnableInt,"ax",%progbits
  20              		.align	2
  21              		.global	Period_EnableInt
  22              		.thumb
  23              		.thumb_func
  24              		.type	Period_EnableInt, %function
  25              	Period_EnableInt:
  26              	.LFB4:
  27              		.file 1 "Generated_Source\\PSoC5\\Period.c"
   1:Generated_Source\PSoC5/Period.c **** /*******************************************************************************
   2:Generated_Source\PSoC5/Period.c **** * File Name: Period.c
   3:Generated_Source\PSoC5/Period.c **** * Version 2.30
   4:Generated_Source\PSoC5/Period.c **** *
   5:Generated_Source\PSoC5/Period.c **** * Description:
   6:Generated_Source\PSoC5/Period.c **** *  This file provides the API source code for the Shift Register component.
   7:Generated_Source\PSoC5/Period.c **** *
   8:Generated_Source\PSoC5/Period.c **** * Note: none
   9:Generated_Source\PSoC5/Period.c **** *
  10:Generated_Source\PSoC5/Period.c **** ********************************************************************************
  11:Generated_Source\PSoC5/Period.c **** * Copyright 2008-2013, Cypress Semiconductor Corporation.  All rights reserved.
  12:Generated_Source\PSoC5/Period.c **** * You may use this file only in accordance with the license, terms, conditions,
  13:Generated_Source\PSoC5/Period.c **** * disclaimers, and limitations in the end user license agreement accompanying
  14:Generated_Source\PSoC5/Period.c **** * the software package with which this file was provided.
  15:Generated_Source\PSoC5/Period.c **** ********************************************************************************/
  16:Generated_Source\PSoC5/Period.c **** 
  17:Generated_Source\PSoC5/Period.c **** #include "Period.h"
  18:Generated_Source\PSoC5/Period.c **** 
  19:Generated_Source\PSoC5/Period.c **** uint8 Period_initVar = 0u;
  20:Generated_Source\PSoC5/Period.c **** 
  21:Generated_Source\PSoC5/Period.c **** 
  22:Generated_Source\PSoC5/Period.c **** /*******************************************************************************
  23:Generated_Source\PSoC5/Period.c **** * Function Name: Period_Start
  24:Generated_Source\PSoC5/Period.c **** ********************************************************************************
  25:Generated_Source\PSoC5/Period.c **** *
  26:Generated_Source\PSoC5/Period.c **** * Summary:
  27:Generated_Source\PSoC5/Period.c **** *  Starts the Shift Register.
  28:Generated_Source\PSoC5/Period.c **** *
  29:Generated_Source\PSoC5/Period.c **** * Parameters:
  30:Generated_Source\PSoC5/Period.c **** *  None.
ARM GAS  C:\Users\EA527~1.IVA\AppData\Local\Temp\cczuxF2z.s 			page 2


  31:Generated_Source\PSoC5/Period.c **** *
  32:Generated_Source\PSoC5/Period.c **** * Return:
  33:Generated_Source\PSoC5/Period.c **** *  None.
  34:Generated_Source\PSoC5/Period.c **** *
  35:Generated_Source\PSoC5/Period.c **** * Global Variables:
  36:Generated_Source\PSoC5/Period.c **** *  Period_initVar - used to check initial configuration, modified on
  37:Generated_Source\PSoC5/Period.c **** *  first function call.
  38:Generated_Source\PSoC5/Period.c **** *
  39:Generated_Source\PSoC5/Period.c **** * Reentrant:
  40:Generated_Source\PSoC5/Period.c **** *  No.
  41:Generated_Source\PSoC5/Period.c **** *
  42:Generated_Source\PSoC5/Period.c **** *******************************************************************************/
  43:Generated_Source\PSoC5/Period.c **** void Period_Start(void) 
  44:Generated_Source\PSoC5/Period.c **** {
  45:Generated_Source\PSoC5/Period.c ****     if(0u == Period_initVar)
  46:Generated_Source\PSoC5/Period.c ****     {
  47:Generated_Source\PSoC5/Period.c ****         Period_Init();
  48:Generated_Source\PSoC5/Period.c ****         Period_initVar = 1u; /* Component initialized */
  49:Generated_Source\PSoC5/Period.c ****     }
  50:Generated_Source\PSoC5/Period.c **** 
  51:Generated_Source\PSoC5/Period.c ****     Period_Enable();
  52:Generated_Source\PSoC5/Period.c **** }
  53:Generated_Source\PSoC5/Period.c **** 
  54:Generated_Source\PSoC5/Period.c **** 
  55:Generated_Source\PSoC5/Period.c **** /*******************************************************************************
  56:Generated_Source\PSoC5/Period.c **** * Function Name: Period_Enable
  57:Generated_Source\PSoC5/Period.c **** ********************************************************************************
  58:Generated_Source\PSoC5/Period.c **** *
  59:Generated_Source\PSoC5/Period.c **** * Summary:
  60:Generated_Source\PSoC5/Period.c **** *  Enables the Shift Register.
  61:Generated_Source\PSoC5/Period.c **** *
  62:Generated_Source\PSoC5/Period.c **** * Parameters:
  63:Generated_Source\PSoC5/Period.c **** *  void.
  64:Generated_Source\PSoC5/Period.c **** *
  65:Generated_Source\PSoC5/Period.c **** * Return:
  66:Generated_Source\PSoC5/Period.c **** *  void.
  67:Generated_Source\PSoC5/Period.c **** *
  68:Generated_Source\PSoC5/Period.c **** *******************************************************************************/
  69:Generated_Source\PSoC5/Period.c **** void Period_Enable(void) 
  70:Generated_Source\PSoC5/Period.c **** {
  71:Generated_Source\PSoC5/Period.c ****     /* Changing address in Datapath Control Store
  72:Generated_Source\PSoC5/Period.c ****        from NOP to component state machine commands space */
  73:Generated_Source\PSoC5/Period.c ****     Period_SR_CONTROL |= Period_CLK_EN;
  74:Generated_Source\PSoC5/Period.c **** 
  75:Generated_Source\PSoC5/Period.c ****     Period_EnableInt();
  76:Generated_Source\PSoC5/Period.c **** }
  77:Generated_Source\PSoC5/Period.c **** 
  78:Generated_Source\PSoC5/Period.c **** 
  79:Generated_Source\PSoC5/Period.c **** /*******************************************************************************
  80:Generated_Source\PSoC5/Period.c **** * Function Name: Period_Init
  81:Generated_Source\PSoC5/Period.c **** ********************************************************************************
  82:Generated_Source\PSoC5/Period.c **** *
  83:Generated_Source\PSoC5/Period.c **** * Summary:
  84:Generated_Source\PSoC5/Period.c **** *  Initializes Tx and/or Rx interrupt sources with initial values.
  85:Generated_Source\PSoC5/Period.c **** *
  86:Generated_Source\PSoC5/Period.c **** * Parameters:
  87:Generated_Source\PSoC5/Period.c **** *  void.
ARM GAS  C:\Users\EA527~1.IVA\AppData\Local\Temp\cczuxF2z.s 			page 3


  88:Generated_Source\PSoC5/Period.c **** *
  89:Generated_Source\PSoC5/Period.c **** * Return:
  90:Generated_Source\PSoC5/Period.c **** *  void.
  91:Generated_Source\PSoC5/Period.c **** *
  92:Generated_Source\PSoC5/Period.c **** *******************************************************************************/
  93:Generated_Source\PSoC5/Period.c **** void Period_Init(void) 
  94:Generated_Source\PSoC5/Period.c **** {
  95:Generated_Source\PSoC5/Period.c ****     Period_SetIntMode(Period_INT_SRC);
  96:Generated_Source\PSoC5/Period.c **** }
  97:Generated_Source\PSoC5/Period.c **** 
  98:Generated_Source\PSoC5/Period.c **** 
  99:Generated_Source\PSoC5/Period.c **** /*******************************************************************************
 100:Generated_Source\PSoC5/Period.c **** * Function Name: Period_Stop
 101:Generated_Source\PSoC5/Period.c **** ********************************************************************************
 102:Generated_Source\PSoC5/Period.c **** *
 103:Generated_Source\PSoC5/Period.c **** * Summary:
 104:Generated_Source\PSoC5/Period.c **** *  Disables the Shift Register
 105:Generated_Source\PSoC5/Period.c **** *
 106:Generated_Source\PSoC5/Period.c **** * Parameters:
 107:Generated_Source\PSoC5/Period.c **** *  None.
 108:Generated_Source\PSoC5/Period.c **** *
 109:Generated_Source\PSoC5/Period.c **** * Return:
 110:Generated_Source\PSoC5/Period.c **** *  None.
 111:Generated_Source\PSoC5/Period.c **** *
 112:Generated_Source\PSoC5/Period.c **** *******************************************************************************/
 113:Generated_Source\PSoC5/Period.c **** void Period_Stop(void) 
 114:Generated_Source\PSoC5/Period.c **** {
 115:Generated_Source\PSoC5/Period.c ****     /*changing Datapath Control Store address to NOP space*/
 116:Generated_Source\PSoC5/Period.c ****     Period_SR_CONTROL &= ((uint8) ~Period_CLK_EN);
 117:Generated_Source\PSoC5/Period.c ****     Period_DisableInt();
 118:Generated_Source\PSoC5/Period.c **** }
 119:Generated_Source\PSoC5/Period.c **** 
 120:Generated_Source\PSoC5/Period.c **** 
 121:Generated_Source\PSoC5/Period.c **** /*******************************************************************************
 122:Generated_Source\PSoC5/Period.c **** * Function Name: Period_EnableInt
 123:Generated_Source\PSoC5/Period.c **** ********************************************************************************
 124:Generated_Source\PSoC5/Period.c **** *
 125:Generated_Source\PSoC5/Period.c **** * Summary:
 126:Generated_Source\PSoC5/Period.c **** *  Enables the Shift Register interrupt.
 127:Generated_Source\PSoC5/Period.c **** *
 128:Generated_Source\PSoC5/Period.c **** * Parameters:
 129:Generated_Source\PSoC5/Period.c **** *  None.
 130:Generated_Source\PSoC5/Period.c **** *
 131:Generated_Source\PSoC5/Period.c **** * Return:
 132:Generated_Source\PSoC5/Period.c **** *  None.
 133:Generated_Source\PSoC5/Period.c **** *
 134:Generated_Source\PSoC5/Period.c **** *******************************************************************************/
 135:Generated_Source\PSoC5/Period.c **** void Period_EnableInt(void) 
 136:Generated_Source\PSoC5/Period.c **** {
  28              		.loc 1 136 0
  29              		.cfi_startproc
  30              		@ args = 0, pretend = 0, frame = 0
  31              		@ frame_needed = 0, uses_anonymous_args = 0
  32 0000 08B5     		push	{r3, lr}
  33              		.cfi_def_cfa_offset 8
  34              		.cfi_offset 3, -8
  35              		.cfi_offset 14, -4
ARM GAS  C:\Users\EA527~1.IVA\AppData\Local\Temp\cczuxF2z.s 			page 4


 137:Generated_Source\PSoC5/Period.c ****     uint8 interruptState;
 138:Generated_Source\PSoC5/Period.c **** 
 139:Generated_Source\PSoC5/Period.c ****     interruptState = CyEnterCriticalSection();
  36              		.loc 1 139 0
  37 0002 FFF7FEFF 		bl	CyEnterCriticalSection
  38              	.LVL0:
 140:Generated_Source\PSoC5/Period.c ****     Period_SR_AUX_CONTROL |= Period_INTERRUPTS_ENABLE;
  39              		.loc 1 140 0
  40 0006 044A     		ldr	r2, .L3
  41 0008 1378     		ldrb	r3, [r2]	@ zero_extendqisi2
  42 000a 43F01003 		orr	r3, r3, #16
  43 000e 1370     		strb	r3, [r2]
 141:Generated_Source\PSoC5/Period.c ****     CyExitCriticalSection(interruptState);
  44              		.loc 1 141 0
  45 0010 FFF7FEFF 		bl	CyExitCriticalSection
  46              	.LVL1:
  47 0014 08BD     		pop	{r3, pc}
  48              	.L4:
  49 0016 00BF     		.align	2
  50              	.L3:
  51 0018 9F640040 		.word	1073767583
  52              		.cfi_endproc
  53              	.LFE4:
  54              		.size	Period_EnableInt, .-Period_EnableInt
  55              		.section	.text.Period_Enable,"ax",%progbits
  56              		.align	2
  57              		.global	Period_Enable
  58              		.thumb
  59              		.thumb_func
  60              		.type	Period_Enable, %function
  61              	Period_Enable:
  62              	.LFB1:
  70:Generated_Source\PSoC5/Period.c ****     /* Changing address in Datapath Control Store
  63              		.loc 1 70 0
  64              		.cfi_startproc
  65              		@ args = 0, pretend = 0, frame = 0
  66              		@ frame_needed = 0, uses_anonymous_args = 0
  67 0000 08B5     		push	{r3, lr}
  68              		.cfi_def_cfa_offset 8
  69              		.cfi_offset 3, -8
  70              		.cfi_offset 14, -4
  73:Generated_Source\PSoC5/Period.c **** 
  71              		.loc 1 73 0
  72 0002 044A     		ldr	r2, .L7
  73 0004 1378     		ldrb	r3, [r2]	@ zero_extendqisi2
  74 0006 43F00103 		orr	r3, r3, #1
  75 000a 1370     		strb	r3, [r2]
  75:Generated_Source\PSoC5/Period.c **** }
  76              		.loc 1 75 0
  77 000c FFF7FEFF 		bl	Period_EnableInt
  78              	.LVL2:
  79 0010 08BD     		pop	{r3, pc}
  80              	.L8:
  81 0012 00BF     		.align	2
  82              	.L7:
  83 0014 7F640040 		.word	1073767551
  84              		.cfi_endproc
ARM GAS  C:\Users\EA527~1.IVA\AppData\Local\Temp\cczuxF2z.s 			page 5


  85              	.LFE1:
  86              		.size	Period_Enable, .-Period_Enable
  87              		.section	.text.Period_DisableInt,"ax",%progbits
  88              		.align	2
  89              		.global	Period_DisableInt
  90              		.thumb
  91              		.thumb_func
  92              		.type	Period_DisableInt, %function
  93              	Period_DisableInt:
  94              	.LFB5:
 142:Generated_Source\PSoC5/Period.c **** }
 143:Generated_Source\PSoC5/Period.c **** 
 144:Generated_Source\PSoC5/Period.c **** 
 145:Generated_Source\PSoC5/Period.c **** /*******************************************************************************
 146:Generated_Source\PSoC5/Period.c **** * Function Name: Period_DisableInt
 147:Generated_Source\PSoC5/Period.c **** ********************************************************************************
 148:Generated_Source\PSoC5/Period.c **** *
 149:Generated_Source\PSoC5/Period.c **** * Summary:
 150:Generated_Source\PSoC5/Period.c **** *  Disables the Shift Register interrupt.
 151:Generated_Source\PSoC5/Period.c **** *
 152:Generated_Source\PSoC5/Period.c **** * Parameters:
 153:Generated_Source\PSoC5/Period.c **** *  None.
 154:Generated_Source\PSoC5/Period.c **** *
 155:Generated_Source\PSoC5/Period.c **** * Return:
 156:Generated_Source\PSoC5/Period.c **** *  None.
 157:Generated_Source\PSoC5/Period.c **** *
 158:Generated_Source\PSoC5/Period.c **** *******************************************************************************/
 159:Generated_Source\PSoC5/Period.c **** void Period_DisableInt(void) 
 160:Generated_Source\PSoC5/Period.c **** {
  95              		.loc 1 160 0
  96              		.cfi_startproc
  97              		@ args = 0, pretend = 0, frame = 0
  98              		@ frame_needed = 0, uses_anonymous_args = 0
  99 0000 08B5     		push	{r3, lr}
 100              		.cfi_def_cfa_offset 8
 101              		.cfi_offset 3, -8
 102              		.cfi_offset 14, -4
 161:Generated_Source\PSoC5/Period.c ****     uint8 interruptState;
 162:Generated_Source\PSoC5/Period.c **** 
 163:Generated_Source\PSoC5/Period.c ****     interruptState = CyEnterCriticalSection();
 103              		.loc 1 163 0
 104 0002 FFF7FEFF 		bl	CyEnterCriticalSection
 105              	.LVL3:
 164:Generated_Source\PSoC5/Period.c ****     Period_SR_AUX_CONTROL &= ((uint8) ~Period_INTERRUPTS_ENABLE);
 106              		.loc 1 164 0
 107 0006 044A     		ldr	r2, .L11
 108 0008 1378     		ldrb	r3, [r2]	@ zero_extendqisi2
 109 000a 03F0EF03 		and	r3, r3, #239
 110 000e 1370     		strb	r3, [r2]
 165:Generated_Source\PSoC5/Period.c ****     CyExitCriticalSection(interruptState);
 111              		.loc 1 165 0
 112 0010 FFF7FEFF 		bl	CyExitCriticalSection
 113              	.LVL4:
 114 0014 08BD     		pop	{r3, pc}
 115              	.L12:
 116 0016 00BF     		.align	2
 117              	.L11:
ARM GAS  C:\Users\EA527~1.IVA\AppData\Local\Temp\cczuxF2z.s 			page 6


 118 0018 9F640040 		.word	1073767583
 119              		.cfi_endproc
 120              	.LFE5:
 121              		.size	Period_DisableInt, .-Period_DisableInt
 122              		.section	.text.Period_Stop,"ax",%progbits
 123              		.align	2
 124              		.global	Period_Stop
 125              		.thumb
 126              		.thumb_func
 127              		.type	Period_Stop, %function
 128              	Period_Stop:
 129              	.LFB3:
 114:Generated_Source\PSoC5/Period.c ****     /*changing Datapath Control Store address to NOP space*/
 130              		.loc 1 114 0
 131              		.cfi_startproc
 132              		@ args = 0, pretend = 0, frame = 0
 133              		@ frame_needed = 0, uses_anonymous_args = 0
 134 0000 08B5     		push	{r3, lr}
 135              		.cfi_def_cfa_offset 8
 136              		.cfi_offset 3, -8
 137              		.cfi_offset 14, -4
 116:Generated_Source\PSoC5/Period.c ****     Period_DisableInt();
 138              		.loc 1 116 0
 139 0002 044A     		ldr	r2, .L15
 140 0004 1378     		ldrb	r3, [r2]	@ zero_extendqisi2
 141 0006 03F0FE03 		and	r3, r3, #254
 142 000a 1370     		strb	r3, [r2]
 117:Generated_Source\PSoC5/Period.c **** }
 143              		.loc 1 117 0
 144 000c FFF7FEFF 		bl	Period_DisableInt
 145              	.LVL5:
 146 0010 08BD     		pop	{r3, pc}
 147              	.L16:
 148 0012 00BF     		.align	2
 149              	.L15:
 150 0014 7F640040 		.word	1073767551
 151              		.cfi_endproc
 152              	.LFE3:
 153              		.size	Period_Stop, .-Period_Stop
 154              		.section	.text.Period_GetFIFOStatus,"ax",%progbits
 155              		.align	2
 156              		.global	Period_GetFIFOStatus
 157              		.thumb
 158              		.thumb_func
 159              		.type	Period_GetFIFOStatus, %function
 160              	Period_GetFIFOStatus:
 161              	.LFB6:
 166:Generated_Source\PSoC5/Period.c **** }
 167:Generated_Source\PSoC5/Period.c **** 
 168:Generated_Source\PSoC5/Period.c **** 
 169:Generated_Source\PSoC5/Period.c **** /*******************************************************************************
 170:Generated_Source\PSoC5/Period.c **** * Function Name: Period_GetFIFOStatus
 171:Generated_Source\PSoC5/Period.c **** ********************************************************************************
 172:Generated_Source\PSoC5/Period.c **** *
 173:Generated_Source\PSoC5/Period.c **** * Summary:
 174:Generated_Source\PSoC5/Period.c **** *  Returns current status of input or output FIFO.
 175:Generated_Source\PSoC5/Period.c **** *
ARM GAS  C:\Users\EA527~1.IVA\AppData\Local\Temp\cczuxF2z.s 			page 7


 176:Generated_Source\PSoC5/Period.c **** * Parameters:
 177:Generated_Source\PSoC5/Period.c **** *  fifoId.
 178:Generated_Source\PSoC5/Period.c **** *
 179:Generated_Source\PSoC5/Period.c **** * Return:
 180:Generated_Source\PSoC5/Period.c **** *  FIFO status.
 181:Generated_Source\PSoC5/Period.c **** *
 182:Generated_Source\PSoC5/Period.c **** *******************************************************************************/
 183:Generated_Source\PSoC5/Period.c **** uint8 Period_GetFIFOStatus(uint8 fifoId) 
 184:Generated_Source\PSoC5/Period.c **** {
 162              		.loc 1 184 0
 163              		.cfi_startproc
 164              		@ args = 0, pretend = 0, frame = 0
 165              		@ frame_needed = 0, uses_anonymous_args = 0
 166              		@ link register save eliminated.
 167              	.LVL6:
 168 0000 0346     		mov	r3, r0
 169              	.LVL7:
 185:Generated_Source\PSoC5/Period.c ****     uint8 result;
 186:Generated_Source\PSoC5/Period.c **** 
 187:Generated_Source\PSoC5/Period.c ****     result = Period_RET_FIFO_NOT_DEFINED;
 188:Generated_Source\PSoC5/Period.c **** 
 189:Generated_Source\PSoC5/Period.c ****     #if(0u != Period_USE_INPUT_FIFO)
 190:Generated_Source\PSoC5/Period.c ****         if(Period_IN_FIFO == fifoId)
 170              		.loc 1 190 0
 171 0002 0128     		cmp	r0, #1
 172 0004 0BD1     		bne	.L24
 191:Generated_Source\PSoC5/Period.c ****         {
 192:Generated_Source\PSoC5/Period.c ****             switch(Period_GET_IN_FIFO_STS)
 173              		.loc 1 192 0
 174 0006 0F4A     		ldr	r2, .L28
 175 0008 1278     		ldrb	r2, [r2]	@ zero_extendqisi2
 176 000a C2F3C102 		ubfx	r2, r2, #3, #2
 177 000e 12B1     		cbz	r2, .L19
 178 0010 022A     		cmp	r2, #2
 179 0012 02D0     		beq	.L20
 180 0014 05E0     		b	.L27
 181              	.L19:
 193:Generated_Source\PSoC5/Period.c ****             {
 194:Generated_Source\PSoC5/Period.c ****                 case Period_IN_FIFO_FULL :
 195:Generated_Source\PSoC5/Period.c ****                     result = Period_RET_FIFO_FULL;
 182              		.loc 1 195 0
 183 0016 0020     		movs	r0, #0
 184              	.LVL8:
 185 0018 04E0     		b	.L18
 186              	.LVL9:
 187              	.L20:
 196:Generated_Source\PSoC5/Period.c ****                     break;
 197:Generated_Source\PSoC5/Period.c **** 
 198:Generated_Source\PSoC5/Period.c ****                 case Period_IN_FIFO_EMPTY :
 199:Generated_Source\PSoC5/Period.c ****                     result = Period_RET_FIFO_EMPTY;
 200:Generated_Source\PSoC5/Period.c ****                     break;
 201:Generated_Source\PSoC5/Period.c **** 
 202:Generated_Source\PSoC5/Period.c ****                 case Period_IN_FIFO_PARTIAL:
 203:Generated_Source\PSoC5/Period.c ****                     result = Period_RET_FIFO_PARTIAL;
 188              		.loc 1 203 0
 189 001a 0120     		movs	r0, #1
 190              	.LVL10:
ARM GAS  C:\Users\EA527~1.IVA\AppData\Local\Temp\cczuxF2z.s 			page 8


 204:Generated_Source\PSoC5/Period.c ****                     break;
 191              		.loc 1 204 0
 192 001c 02E0     		b	.L18
 193              	.LVL11:
 194              	.L24:
 187:Generated_Source\PSoC5/Period.c **** 
 195              		.loc 1 187 0
 196 001e FE20     		movs	r0, #254
 197              	.LVL12:
 198 0020 00E0     		b	.L18
 199              	.LVL13:
 200              	.L27:
 199:Generated_Source\PSoC5/Period.c ****                     break;
 201              		.loc 1 199 0
 202 0022 0220     		movs	r0, #2
 203              	.LVL14:
 204              	.L18:
 205:Generated_Source\PSoC5/Period.c ****                     
 206:Generated_Source\PSoC5/Period.c ****                 default:
 207:Generated_Source\PSoC5/Period.c ****                     /* Initial result value, while 
 208:Generated_Source\PSoC5/Period.c ****                        IN_FIFO_EMPTY case is false 
 209:Generated_Source\PSoC5/Period.c ****                      */
 210:Generated_Source\PSoC5/Period.c ****                     result = Period_RET_FIFO_EMPTY;
 211:Generated_Source\PSoC5/Period.c ****                     break;
 212:Generated_Source\PSoC5/Period.c ****             }   
 213:Generated_Source\PSoC5/Period.c ****         }
 214:Generated_Source\PSoC5/Period.c ****     #endif /* (0u != Period_USE_INPUT_FIFO) */
 215:Generated_Source\PSoC5/Period.c **** 
 216:Generated_Source\PSoC5/Period.c ****     if(Period_OUT_FIFO == fifoId)
 205              		.loc 1 216 0
 206 0024 022B     		cmp	r3, #2
 207 0026 0BD1     		bne	.L21
 217:Generated_Source\PSoC5/Period.c ****     {
 218:Generated_Source\PSoC5/Period.c ****         switch(Period_GET_OUT_FIFO_STS)
 208              		.loc 1 218 0
 209 0028 064B     		ldr	r3, .L28
 210 002a 1B78     		ldrb	r3, [r3]	@ zero_extendqisi2
 211 002c C3F34113 		ubfx	r3, r3, #5, #2
 212 0030 2BB1     		cbz	r3, .L26
 213 0032 022B     		cmp	r3, #2
 214 0034 01D0     		beq	.L23
 219:Generated_Source\PSoC5/Period.c ****         {
 220:Generated_Source\PSoC5/Period.c ****             case Period_OUT_FIFO_FULL :
 221:Generated_Source\PSoC5/Period.c ****                 result = Period_RET_FIFO_FULL;
 215              		.loc 1 221 0
 216 0036 0020     		movs	r0, #0
 217              	.LVL15:
 218 0038 7047     		bx	lr
 219              	.LVL16:
 220              	.L23:
 222:Generated_Source\PSoC5/Period.c ****                 break;
 223:Generated_Source\PSoC5/Period.c **** 
 224:Generated_Source\PSoC5/Period.c ****             case Period_OUT_FIFO_EMPTY :
 225:Generated_Source\PSoC5/Period.c ****                 result = Period_RET_FIFO_EMPTY;
 226:Generated_Source\PSoC5/Period.c ****                 break;
 227:Generated_Source\PSoC5/Period.c **** 
 228:Generated_Source\PSoC5/Period.c ****             case Period_OUT_FIFO_PARTIAL :
ARM GAS  C:\Users\EA527~1.IVA\AppData\Local\Temp\cczuxF2z.s 			page 9


 229:Generated_Source\PSoC5/Period.c ****                 result = Period_RET_FIFO_PARTIAL;
 221              		.loc 1 229 0
 222 003a 0120     		movs	r0, #1
 230:Generated_Source\PSoC5/Period.c ****                 break;
 223              		.loc 1 230 0
 224 003c 7047     		bx	lr
 225              	.LVL17:
 226              	.L26:
 225:Generated_Source\PSoC5/Period.c ****                 break;
 227              		.loc 1 225 0
 228 003e 0220     		movs	r0, #2
 229              	.LVL18:
 230              	.L21:
 231:Generated_Source\PSoC5/Period.c **** 
 232:Generated_Source\PSoC5/Period.c ****             default:
 233:Generated_Source\PSoC5/Period.c ****                 /* Initial result value, while 
 234:Generated_Source\PSoC5/Period.c ****                    OUT_FIFO_FULL case is false 
 235:Generated_Source\PSoC5/Period.c ****                  */
 236:Generated_Source\PSoC5/Period.c ****                 result = Period_RET_FIFO_FULL;
 237:Generated_Source\PSoC5/Period.c ****                 break;
 238:Generated_Source\PSoC5/Period.c ****         }
 239:Generated_Source\PSoC5/Period.c ****     }
 240:Generated_Source\PSoC5/Period.c **** 
 241:Generated_Source\PSoC5/Period.c ****     return(result);
 242:Generated_Source\PSoC5/Period.c **** }
 231              		.loc 1 242 0
 232 0040 7047     		bx	lr
 233              	.L29:
 234 0042 00BF     		.align	2
 235              	.L28:
 236 0044 6F640040 		.word	1073767535
 237              		.cfi_endproc
 238              	.LFE6:
 239              		.size	Period_GetFIFOStatus, .-Period_GetFIFOStatus
 240              		.section	.text.Period_SetIntMode,"ax",%progbits
 241              		.align	2
 242              		.global	Period_SetIntMode
 243              		.thumb
 244              		.thumb_func
 245              		.type	Period_SetIntMode, %function
 246              	Period_SetIntMode:
 247              	.LFB7:
 243:Generated_Source\PSoC5/Period.c **** 
 244:Generated_Source\PSoC5/Period.c **** 
 245:Generated_Source\PSoC5/Period.c **** /*******************************************************************************
 246:Generated_Source\PSoC5/Period.c **** * Function Name: Period_SetIntMode
 247:Generated_Source\PSoC5/Period.c **** ********************************************************************************
 248:Generated_Source\PSoC5/Period.c **** *
 249:Generated_Source\PSoC5/Period.c **** * Summary:
 250:Generated_Source\PSoC5/Period.c **** *  Sets the Interrupt Source for the Shift Register interrupt. Multiple
 251:Generated_Source\PSoC5/Period.c **** *  sources may be ORed together
 252:Generated_Source\PSoC5/Period.c **** *
 253:Generated_Source\PSoC5/Period.c **** * Parameters:
 254:Generated_Source\PSoC5/Period.c **** *  interruptSource: Byte containing the constant for the selected interrupt
 255:Generated_Source\PSoC5/Period.c **** *  source/s.
 256:Generated_Source\PSoC5/Period.c **** *
 257:Generated_Source\PSoC5/Period.c **** * Return:
ARM GAS  C:\Users\EA527~1.IVA\AppData\Local\Temp\cczuxF2z.s 			page 10


 258:Generated_Source\PSoC5/Period.c **** *  None.
 259:Generated_Source\PSoC5/Period.c **** *
 260:Generated_Source\PSoC5/Period.c **** *******************************************************************************/
 261:Generated_Source\PSoC5/Period.c **** void Period_SetIntMode(uint8 interruptSource) 
 262:Generated_Source\PSoC5/Period.c **** {
 248              		.loc 1 262 0
 249              		.cfi_startproc
 250              		@ args = 0, pretend = 0, frame = 0
 251              		@ frame_needed = 0, uses_anonymous_args = 0
 252              		@ link register save eliminated.
 253              	.LVL19:
 263:Generated_Source\PSoC5/Period.c ****     Period_SR_STATUS_MASK &= ((uint8) ~Period_INTS_EN_MASK);          /* Clear existing int */
 254              		.loc 1 263 0
 255 0000 054B     		ldr	r3, .L31
 256 0002 1A78     		ldrb	r2, [r3]	@ zero_extendqisi2
 257 0004 02F0F802 		and	r2, r2, #248
 258 0008 1A70     		strb	r2, [r3]
 264:Generated_Source\PSoC5/Period.c ****     Period_SR_STATUS_MASK |= (interruptSource & Period_INTS_EN_MASK); /* Set int */
 259              		.loc 1 264 0
 260 000a 1A78     		ldrb	r2, [r3]	@ zero_extendqisi2
 261 000c 00F00700 		and	r0, r0, #7
 262              	.LVL20:
 263 0010 1043     		orrs	r0, r0, r2
 264 0012 1870     		strb	r0, [r3]
 265 0014 7047     		bx	lr
 266              	.L32:
 267 0016 00BF     		.align	2
 268              	.L31:
 269 0018 8F640040 		.word	1073767567
 270              		.cfi_endproc
 271              	.LFE7:
 272              		.size	Period_SetIntMode, .-Period_SetIntMode
 273              		.section	.text.Period_Init,"ax",%progbits
 274              		.align	2
 275              		.global	Period_Init
 276              		.thumb
 277              		.thumb_func
 278              		.type	Period_Init, %function
 279              	Period_Init:
 280              	.LFB2:
  94:Generated_Source\PSoC5/Period.c ****     Period_SetIntMode(Period_INT_SRC);
 281              		.loc 1 94 0
 282              		.cfi_startproc
 283              		@ args = 0, pretend = 0, frame = 0
 284              		@ frame_needed = 0, uses_anonymous_args = 0
 285 0000 08B5     		push	{r3, lr}
 286              		.cfi_def_cfa_offset 8
 287              		.cfi_offset 3, -8
 288              		.cfi_offset 14, -4
  95:Generated_Source\PSoC5/Period.c **** }
 289              		.loc 1 95 0
 290 0002 0120     		movs	r0, #1
 291 0004 FFF7FEFF 		bl	Period_SetIntMode
 292              	.LVL21:
 293 0008 08BD     		pop	{r3, pc}
 294              		.cfi_endproc
 295              	.LFE2:
ARM GAS  C:\Users\EA527~1.IVA\AppData\Local\Temp\cczuxF2z.s 			page 11


 296              		.size	Period_Init, .-Period_Init
 297 000a 00BF     		.section	.text.Period_Start,"ax",%progbits
 298              		.align	2
 299              		.global	Period_Start
 300              		.thumb
 301              		.thumb_func
 302              		.type	Period_Start, %function
 303              	Period_Start:
 304              	.LFB0:
  44:Generated_Source\PSoC5/Period.c ****     if(0u == Period_initVar)
 305              		.loc 1 44 0
 306              		.cfi_startproc
 307              		@ args = 0, pretend = 0, frame = 0
 308              		@ frame_needed = 0, uses_anonymous_args = 0
 309 0000 08B5     		push	{r3, lr}
 310              		.cfi_def_cfa_offset 8
 311              		.cfi_offset 3, -8
 312              		.cfi_offset 14, -4
  45:Generated_Source\PSoC5/Period.c ****     {
 313              		.loc 1 45 0
 314 0002 054B     		ldr	r3, .L38
 315 0004 1B78     		ldrb	r3, [r3]	@ zero_extendqisi2
 316 0006 23B9     		cbnz	r3, .L36
  47:Generated_Source\PSoC5/Period.c ****         Period_initVar = 1u; /* Component initialized */
 317              		.loc 1 47 0
 318 0008 FFF7FEFF 		bl	Period_Init
 319              	.LVL22:
  48:Generated_Source\PSoC5/Period.c ****     }
 320              		.loc 1 48 0
 321 000c 0122     		movs	r2, #1
 322 000e 024B     		ldr	r3, .L38
 323 0010 1A70     		strb	r2, [r3]
 324              	.L36:
  51:Generated_Source\PSoC5/Period.c **** }
 325              		.loc 1 51 0
 326 0012 FFF7FEFF 		bl	Period_Enable
 327              	.LVL23:
 328 0016 08BD     		pop	{r3, pc}
 329              	.L39:
 330              		.align	2
 331              	.L38:
 332 0018 00000000 		.word	.LANCHOR0
 333              		.cfi_endproc
 334              	.LFE0:
 335              		.size	Period_Start, .-Period_Start
 336              		.section	.text.Period_GetIntStatus,"ax",%progbits
 337              		.align	2
 338              		.global	Period_GetIntStatus
 339              		.thumb
 340              		.thumb_func
 341              		.type	Period_GetIntStatus, %function
 342              	Period_GetIntStatus:
 343              	.LFB8:
 265:Generated_Source\PSoC5/Period.c **** }
 266:Generated_Source\PSoC5/Period.c **** 
 267:Generated_Source\PSoC5/Period.c **** 
 268:Generated_Source\PSoC5/Period.c **** /*******************************************************************************
ARM GAS  C:\Users\EA527~1.IVA\AppData\Local\Temp\cczuxF2z.s 			page 12


 269:Generated_Source\PSoC5/Period.c **** * Function Name: Period_GetIntStatus
 270:Generated_Source\PSoC5/Period.c **** ********************************************************************************
 271:Generated_Source\PSoC5/Period.c **** *
 272:Generated_Source\PSoC5/Period.c **** * Summary:
 273:Generated_Source\PSoC5/Period.c **** *  Gets the Shift Register Interrupt status.
 274:Generated_Source\PSoC5/Period.c **** *
 275:Generated_Source\PSoC5/Period.c **** * Parameters:
 276:Generated_Source\PSoC5/Period.c **** *  None.
 277:Generated_Source\PSoC5/Period.c **** *
 278:Generated_Source\PSoC5/Period.c **** * Return:
 279:Generated_Source\PSoC5/Period.c **** *  Byte containing the constant for the selected interrupt source/s.
 280:Generated_Source\PSoC5/Period.c **** *
 281:Generated_Source\PSoC5/Period.c **** *******************************************************************************/
 282:Generated_Source\PSoC5/Period.c **** uint8 Period_GetIntStatus(void) 
 283:Generated_Source\PSoC5/Period.c **** {
 344              		.loc 1 283 0
 345              		.cfi_startproc
 346              		@ args = 0, pretend = 0, frame = 0
 347              		@ frame_needed = 0, uses_anonymous_args = 0
 348              		@ link register save eliminated.
 284:Generated_Source\PSoC5/Period.c ****     return(Period_SR_STATUS & Period_INTS_EN_MASK);
 349              		.loc 1 284 0
 350 0000 024B     		ldr	r3, .L41
 351 0002 1878     		ldrb	r0, [r3]	@ zero_extendqisi2
 285:Generated_Source\PSoC5/Period.c **** }
 352              		.loc 1 285 0
 353 0004 00F00700 		and	r0, r0, #7
 354 0008 7047     		bx	lr
 355              	.L42:
 356 000a 00BF     		.align	2
 357              	.L41:
 358 000c 6F640040 		.word	1073767535
 359              		.cfi_endproc
 360              	.LFE8:
 361              		.size	Period_GetIntStatus, .-Period_GetIntStatus
 362              		.section	.text.Period_WriteRegValue,"ax",%progbits
 363              		.align	2
 364              		.global	Period_WriteRegValue
 365              		.thumb
 366              		.thumb_func
 367              		.type	Period_WriteRegValue, %function
 368              	Period_WriteRegValue:
 369              	.LFB9:
 286:Generated_Source\PSoC5/Period.c **** 
 287:Generated_Source\PSoC5/Period.c **** 
 288:Generated_Source\PSoC5/Period.c **** /*******************************************************************************
 289:Generated_Source\PSoC5/Period.c **** * Function Name: Period_WriteRegValue
 290:Generated_Source\PSoC5/Period.c **** ********************************************************************************
 291:Generated_Source\PSoC5/Period.c **** *
 292:Generated_Source\PSoC5/Period.c **** * Summary:
 293:Generated_Source\PSoC5/Period.c **** *  Send state directly to shift register
 294:Generated_Source\PSoC5/Period.c **** *
 295:Generated_Source\PSoC5/Period.c **** * Parameters:
 296:Generated_Source\PSoC5/Period.c **** *  shiftData: containing shift register state.
 297:Generated_Source\PSoC5/Period.c **** *
 298:Generated_Source\PSoC5/Period.c **** * Return:
 299:Generated_Source\PSoC5/Period.c **** *  None.
ARM GAS  C:\Users\EA527~1.IVA\AppData\Local\Temp\cczuxF2z.s 			page 13


 300:Generated_Source\PSoC5/Period.c **** *
 301:Generated_Source\PSoC5/Period.c **** *******************************************************************************/
 302:Generated_Source\PSoC5/Period.c **** void Period_WriteRegValue(uint16 shiftData)
 303:Generated_Source\PSoC5/Period.c ****                                                                      
 304:Generated_Source\PSoC5/Period.c **** {
 370              		.loc 1 304 0
 371              		.cfi_startproc
 372              		@ args = 0, pretend = 0, frame = 0
 373              		@ frame_needed = 0, uses_anonymous_args = 0
 374              		@ link register save eliminated.
 375              	.LVL24:
 305:Generated_Source\PSoC5/Period.c ****     CY_SET_REG16(Period_SHIFT_REG_LSB_PTR, shiftData);
 376              		.loc 1 305 0
 377 0000 014B     		ldr	r3, .L44
 378 0002 1880     		strh	r0, [r3]	@ movhi
 379 0004 7047     		bx	lr
 380              	.L45:
 381 0006 00BF     		.align	2
 382              	.L44:
 383 0008 0E640040 		.word	1073767438
 384              		.cfi_endproc
 385              	.LFE9:
 386              		.size	Period_WriteRegValue, .-Period_WriteRegValue
 387              		.section	.text.Period_WriteData,"ax",%progbits
 388              		.align	2
 389              		.global	Period_WriteData
 390              		.thumb
 391              		.thumb_func
 392              		.type	Period_WriteData, %function
 393              	Period_WriteData:
 394              	.LFB10:
 306:Generated_Source\PSoC5/Period.c **** }
 307:Generated_Source\PSoC5/Period.c **** 
 308:Generated_Source\PSoC5/Period.c **** 
 309:Generated_Source\PSoC5/Period.c **** #if(0u != Period_USE_INPUT_FIFO)
 310:Generated_Source\PSoC5/Period.c ****     /*******************************************************************************
 311:Generated_Source\PSoC5/Period.c ****     * Function Name: Period_WriteData
 312:Generated_Source\PSoC5/Period.c ****     ********************************************************************************
 313:Generated_Source\PSoC5/Period.c ****     *
 314:Generated_Source\PSoC5/Period.c ****     * Summary:
 315:Generated_Source\PSoC5/Period.c ****     *  Send state to FIFO for later transfer to shift register based on the Load
 316:Generated_Source\PSoC5/Period.c ****     *  input
 317:Generated_Source\PSoC5/Period.c ****     *
 318:Generated_Source\PSoC5/Period.c ****     * Parameters:
 319:Generated_Source\PSoC5/Period.c ****     *  shiftData: containing shift register state.
 320:Generated_Source\PSoC5/Period.c ****     *
 321:Generated_Source\PSoC5/Period.c ****     * Return:
 322:Generated_Source\PSoC5/Period.c ****     *  Indicates: successful execution of function
 323:Generated_Source\PSoC5/Period.c ****     *  when FIFO is empty; and error when FIFO is full.
 324:Generated_Source\PSoC5/Period.c ****     *
 325:Generated_Source\PSoC5/Period.c ****     * Reentrant:
 326:Generated_Source\PSoC5/Period.c ****     *  No.
 327:Generated_Source\PSoC5/Period.c ****     *
 328:Generated_Source\PSoC5/Period.c ****     *******************************************************************************/
 329:Generated_Source\PSoC5/Period.c ****     cystatus Period_WriteData(uint16 shiftData)
 330:Generated_Source\PSoC5/Period.c ****                                                                          
 331:Generated_Source\PSoC5/Period.c ****     {
ARM GAS  C:\Users\EA527~1.IVA\AppData\Local\Temp\cczuxF2z.s 			page 14


 395              		.loc 1 331 0
 396              		.cfi_startproc
 397              		@ args = 0, pretend = 0, frame = 0
 398              		@ frame_needed = 0, uses_anonymous_args = 0
 399              	.LVL25:
 400 0000 10B5     		push	{r4, lr}
 401              		.cfi_def_cfa_offset 8
 402              		.cfi_offset 4, -8
 403              		.cfi_offset 14, -4
 404 0002 0446     		mov	r4, r0
 405              	.LVL26:
 332:Generated_Source\PSoC5/Period.c ****         cystatus result;
 333:Generated_Source\PSoC5/Period.c **** 
 334:Generated_Source\PSoC5/Period.c ****         result = CYRET_INVALID_STATE;
 335:Generated_Source\PSoC5/Period.c **** 
 336:Generated_Source\PSoC5/Period.c ****         /* Writes data into the input FIFO if it is not FULL */
 337:Generated_Source\PSoC5/Period.c ****         if(Period_RET_FIFO_FULL != (Period_GetFIFOStatus(Period_IN_FIFO)))
 406              		.loc 1 337 0
 407 0004 0120     		movs	r0, #1
 408              	.LVL27:
 409 0006 FFF7FEFF 		bl	Period_GetFIFOStatus
 410              	.LVL28:
 411 000a 18B1     		cbz	r0, .L48
 338:Generated_Source\PSoC5/Period.c ****         {
 339:Generated_Source\PSoC5/Period.c ****             CY_SET_REG16(Period_IN_FIFO_VAL_LSB_PTR, shiftData);
 412              		.loc 1 339 0
 413 000c 024B     		ldr	r3, .L50
 414 000e 1C80     		strh	r4, [r3]	@ movhi
 415              	.LVL29:
 340:Generated_Source\PSoC5/Period.c ****             result = CYRET_SUCCESS;
 416              		.loc 1 340 0
 417 0010 0020     		movs	r0, #0
 418 0012 10BD     		pop	{r4, pc}
 419              	.LVL30:
 420              	.L48:
 334:Generated_Source\PSoC5/Period.c **** 
 421              		.loc 1 334 0
 422 0014 1120     		movs	r0, #17
 423              	.LVL31:
 341:Generated_Source\PSoC5/Period.c ****         }
 342:Generated_Source\PSoC5/Period.c **** 
 343:Generated_Source\PSoC5/Period.c ****         return(result);
 344:Generated_Source\PSoC5/Period.c ****     }
 424              		.loc 1 344 0
 425 0016 10BD     		pop	{r4, pc}
 426              	.L51:
 427              		.align	2
 428              	.L50:
 429 0018 4E640040 		.word	1073767502
 430              		.cfi_endproc
 431              	.LFE10:
 432              		.size	Period_WriteData, .-Period_WriteData
 433              		.section	.text.Period_ReadRegValue,"ax",%progbits
 434              		.align	2
 435              		.global	Period_ReadRegValue
 436              		.thumb
 437              		.thumb_func
ARM GAS  C:\Users\EA527~1.IVA\AppData\Local\Temp\cczuxF2z.s 			page 15


 438              		.type	Period_ReadRegValue, %function
 439              	Period_ReadRegValue:
 440              	.LFB11:
 345:Generated_Source\PSoC5/Period.c **** #endif /* (0u != Period_USE_INPUT_FIFO) */
 346:Generated_Source\PSoC5/Period.c **** 
 347:Generated_Source\PSoC5/Period.c **** 
 348:Generated_Source\PSoC5/Period.c **** #if(0u != Period_USE_OUTPUT_FIFO)
 349:Generated_Source\PSoC5/Period.c ****     /*******************************************************************************
 350:Generated_Source\PSoC5/Period.c ****     * Function Name: Period_ReadData
 351:Generated_Source\PSoC5/Period.c ****     ********************************************************************************
 352:Generated_Source\PSoC5/Period.c ****     *
 353:Generated_Source\PSoC5/Period.c ****     * Summary:
 354:Generated_Source\PSoC5/Period.c ****     *  Returns state in FIFO due to Store input.
 355:Generated_Source\PSoC5/Period.c ****     *
 356:Generated_Source\PSoC5/Period.c ****     * Parameters:
 357:Generated_Source\PSoC5/Period.c ****     *  None.
 358:Generated_Source\PSoC5/Period.c ****     *
 359:Generated_Source\PSoC5/Period.c ****     * Return:
 360:Generated_Source\PSoC5/Period.c ****     *  Shift Register state
 361:Generated_Source\PSoC5/Period.c ****     *
 362:Generated_Source\PSoC5/Period.c ****     * Reentrant:
 363:Generated_Source\PSoC5/Period.c ****     *  No.
 364:Generated_Source\PSoC5/Period.c ****     *
 365:Generated_Source\PSoC5/Period.c ****     *******************************************************************************/
 366:Generated_Source\PSoC5/Period.c ****     uint16 Period_ReadData(void) 
 367:Generated_Source\PSoC5/Period.c ****     {
 368:Generated_Source\PSoC5/Period.c ****         return(CY_GET_REG16(Period_OUT_FIFO_VAL_LSB_PTR));
 369:Generated_Source\PSoC5/Period.c ****     }
 370:Generated_Source\PSoC5/Period.c **** #endif /* (0u != Period_USE_OUTPUT_FIFO) */
 371:Generated_Source\PSoC5/Period.c **** 
 372:Generated_Source\PSoC5/Period.c **** 
 373:Generated_Source\PSoC5/Period.c **** /*******************************************************************************
 374:Generated_Source\PSoC5/Period.c **** * Function Name: Period_ReadRegValue
 375:Generated_Source\PSoC5/Period.c **** ********************************************************************************
 376:Generated_Source\PSoC5/Period.c **** *
 377:Generated_Source\PSoC5/Period.c **** * Summary:
 378:Generated_Source\PSoC5/Period.c **** *  Directly returns current state in shift register, not data in FIFO due
 379:Generated_Source\PSoC5/Period.c **** *  to Store input.
 380:Generated_Source\PSoC5/Period.c **** *
 381:Generated_Source\PSoC5/Period.c **** * Parameters:
 382:Generated_Source\PSoC5/Period.c **** *  None.
 383:Generated_Source\PSoC5/Period.c **** *
 384:Generated_Source\PSoC5/Period.c **** * Return:
 385:Generated_Source\PSoC5/Period.c **** *  Shift Register state. Clears output FIFO.
 386:Generated_Source\PSoC5/Period.c **** *
 387:Generated_Source\PSoC5/Period.c **** * Reentrant:
 388:Generated_Source\PSoC5/Period.c **** *  No.
 389:Generated_Source\PSoC5/Period.c **** *
 390:Generated_Source\PSoC5/Period.c **** *******************************************************************************/
 391:Generated_Source\PSoC5/Period.c **** uint16 Period_ReadRegValue(void) 
 392:Generated_Source\PSoC5/Period.c **** {
 441              		.loc 1 392 0
 442              		.cfi_startproc
 443              		@ args = 0, pretend = 0, frame = 0
 444              		@ frame_needed = 0, uses_anonymous_args = 0
 445 0000 08B5     		push	{r3, lr}
 446              		.cfi_def_cfa_offset 8
ARM GAS  C:\Users\EA527~1.IVA\AppData\Local\Temp\cczuxF2z.s 			page 16


 447              		.cfi_offset 3, -8
 448              		.cfi_offset 14, -4
 393:Generated_Source\PSoC5/Period.c ****     uint16 result;
 394:Generated_Source\PSoC5/Period.c **** 
 395:Generated_Source\PSoC5/Period.c ****     /* Clear FIFO before software capture */
 396:Generated_Source\PSoC5/Period.c ****     while(Period_RET_FIFO_EMPTY != Period_GetFIFOStatus(Period_OUT_FIFO))
 449              		.loc 1 396 0
 450 0002 01E0     		b	.L53
 451              	.L54:
 397:Generated_Source\PSoC5/Period.c ****     {
 398:Generated_Source\PSoC5/Period.c ****         (void) CY_GET_REG16(Period_OUT_FIFO_VAL_LSB_PTR);
 452              		.loc 1 398 0
 453 0004 064B     		ldr	r3, .L56
 454 0006 1B88     		ldrh	r3, [r3]
 455              	.L53:
 396:Generated_Source\PSoC5/Period.c ****     {
 456              		.loc 1 396 0
 457 0008 0220     		movs	r0, #2
 458 000a FFF7FEFF 		bl	Period_GetFIFOStatus
 459              	.LVL32:
 460 000e 0228     		cmp	r0, #2
 461 0010 F8D1     		bne	.L54
 399:Generated_Source\PSoC5/Period.c ****     }
 400:Generated_Source\PSoC5/Period.c **** 
 401:Generated_Source\PSoC5/Period.c ****     /* Read of 8 bits from A1 causes capture to output FIFO */
 402:Generated_Source\PSoC5/Period.c ****     (void) CY_GET_REG8(Period_SHIFT_REG_CAPTURE_PTR);
 462              		.loc 1 402 0
 463 0012 044B     		ldr	r3, .L56+4
 464 0014 1B78     		ldrb	r3, [r3]	@ zero_extendqisi2
 403:Generated_Source\PSoC5/Period.c **** 
 404:Generated_Source\PSoC5/Period.c ****     /* Read output FIFO */
 405:Generated_Source\PSoC5/Period.c ****     result  = CY_GET_REG16(Period_OUT_FIFO_VAL_LSB_PTR);
 465              		.loc 1 405 0
 466 0016 024B     		ldr	r3, .L56
 467 0018 1888     		ldrh	r0, [r3]
 468              	.LVL33:
 406:Generated_Source\PSoC5/Period.c ****     
 407:Generated_Source\PSoC5/Period.c ****     #if(0u != (Period_SR_SIZE % 8u))
 408:Generated_Source\PSoC5/Period.c ****         result &= ((uint16) Period_SR_MASK);
 409:Generated_Source\PSoC5/Period.c ****     #endif /* (0u != (Period_SR_SIZE % 8u)) */
 410:Generated_Source\PSoC5/Period.c ****     
 411:Generated_Source\PSoC5/Period.c ****     return(result);
 412:Generated_Source\PSoC5/Period.c **** }
 469              		.loc 1 412 0
 470 001a C0F30800 		ubfx	r0, r0, #0, #9
 471              	.LVL34:
 472 001e 08BD     		pop	{r3, pc}
 473              	.L57:
 474              		.align	2
 475              	.L56:
 476 0020 5E640040 		.word	1073767518
 477 0024 1E640040 		.word	1073767454
 478              		.cfi_endproc
 479              	.LFE11:
 480              		.size	Period_ReadRegValue, .-Period_ReadRegValue
 481              		.global	Period_initVar
 482              		.bss
ARM GAS  C:\Users\EA527~1.IVA\AppData\Local\Temp\cczuxF2z.s 			page 17


 483              		.set	.LANCHOR0,. + 0
 484              		.type	Period_initVar, %object
 485              		.size	Period_initVar, 1
 486              	Period_initVar:
 487 0000 00       		.space	1
 488              		.text
 489              	.Letext0:
 490              		.file 2 "Generated_Source\\PSoC5\\cytypes.h"
 491              		.file 3 "Generated_Source\\PSoC5\\CyLib.h"
 492              		.section	.debug_info,"",%progbits
 493              	.Ldebug_info0:
 494 0000 0F030000 		.4byte	0x30f
 495 0004 0400     		.2byte	0x4
 496 0006 00000000 		.4byte	.Ldebug_abbrev0
 497 000a 04       		.byte	0x4
 498 000b 01       		.uleb128 0x1
 499 000c E0000000 		.4byte	.LASF37
 500 0010 0C       		.byte	0xc
 501 0011 B4020000 		.4byte	.LASF38
 502 0015 0F000000 		.4byte	.LASF39
 503 0019 00000000 		.4byte	.Ldebug_ranges0+0
 504 001d 00000000 		.4byte	0
 505 0021 00000000 		.4byte	.Ldebug_line0
 506 0025 02       		.uleb128 0x2
 507 0026 01       		.byte	0x1
 508 0027 06       		.byte	0x6
 509 0028 E9020000 		.4byte	.LASF0
 510 002c 02       		.uleb128 0x2
 511 002d 01       		.byte	0x1
 512 002e 08       		.byte	0x8
 513 002f D2000000 		.4byte	.LASF1
 514 0033 02       		.uleb128 0x2
 515 0034 02       		.byte	0x2
 516 0035 05       		.byte	0x5
 517 0036 AA020000 		.4byte	.LASF2
 518 003a 02       		.uleb128 0x2
 519 003b 02       		.byte	0x2
 520 003c 07       		.byte	0x7
 521 003d 7F000000 		.4byte	.LASF3
 522 0041 02       		.uleb128 0x2
 523 0042 04       		.byte	0x4
 524 0043 05       		.byte	0x5
 525 0044 D4020000 		.4byte	.LASF4
 526 0048 02       		.uleb128 0x2
 527 0049 04       		.byte	0x4
 528 004a 07       		.byte	0x7
 529 004b A8010000 		.4byte	.LASF5
 530 004f 02       		.uleb128 0x2
 531 0050 08       		.byte	0x8
 532 0051 05       		.byte	0x5
 533 0052 8A020000 		.4byte	.LASF6
 534 0056 02       		.uleb128 0x2
 535 0057 08       		.byte	0x8
 536 0058 07       		.byte	0x7
 537 0059 AD000000 		.4byte	.LASF7
 538 005d 03       		.uleb128 0x3
 539 005e 04       		.byte	0x4
ARM GAS  C:\Users\EA527~1.IVA\AppData\Local\Temp\cczuxF2z.s 			page 18


 540 005f 05       		.byte	0x5
 541 0060 696E7400 		.ascii	"int\000"
 542 0064 02       		.uleb128 0x2
 543 0065 04       		.byte	0x4
 544 0066 07       		.byte	0x7
 545 0067 4B020000 		.4byte	.LASF8
 546 006b 04       		.uleb128 0x4
 547 006c C6010000 		.4byte	.LASF9
 548 0070 02       		.byte	0x2
 549 0071 E401     		.2byte	0x1e4
 550 0073 2C000000 		.4byte	0x2c
 551 0077 04       		.uleb128 0x4
 552 0078 FB010000 		.4byte	.LASF10
 553 007c 02       		.byte	0x2
 554 007d E501     		.2byte	0x1e5
 555 007f 3A000000 		.4byte	0x3a
 556 0083 02       		.uleb128 0x2
 557 0084 04       		.byte	0x4
 558 0085 04       		.byte	0x4
 559 0086 A7000000 		.4byte	.LASF11
 560 008a 02       		.uleb128 0x2
 561 008b 08       		.byte	0x8
 562 008c 04       		.byte	0x4
 563 008d E4010000 		.4byte	.LASF12
 564 0091 02       		.uleb128 0x2
 565 0092 01       		.byte	0x1
 566 0093 08       		.byte	0x8
 567 0094 98020000 		.4byte	.LASF13
 568 0098 04       		.uleb128 0x4
 569 0099 06000000 		.4byte	.LASF14
 570 009d 02       		.byte	0x2
 571 009e 8602     		.2byte	0x286
 572 00a0 48000000 		.4byte	0x48
 573 00a4 04       		.uleb128 0x4
 574 00a5 83010000 		.4byte	.LASF15
 575 00a9 02       		.byte	0x2
 576 00aa 8E02     		.2byte	0x28e
 577 00ac B0000000 		.4byte	0xb0
 578 00b0 05       		.uleb128 0x5
 579 00b1 6B000000 		.4byte	0x6b
 580 00b5 04       		.uleb128 0x4
 581 00b6 00000000 		.4byte	.LASF16
 582 00ba 02       		.byte	0x2
 583 00bb 8F02     		.2byte	0x28f
 584 00bd C1000000 		.4byte	0xc1
 585 00c1 05       		.uleb128 0x5
 586 00c2 77000000 		.4byte	0x77
 587 00c6 02       		.uleb128 0x2
 588 00c7 08       		.byte	0x8
 589 00c8 04       		.byte	0x4
 590 00c9 DD020000 		.4byte	.LASF17
 591 00cd 02       		.uleb128 0x2
 592 00ce 04       		.byte	0x4
 593 00cf 07       		.byte	0x7
 594 00d0 75020000 		.4byte	.LASF18
 595 00d4 06       		.uleb128 0x6
 596 00d5 88010000 		.4byte	.LASF19
ARM GAS  C:\Users\EA527~1.IVA\AppData\Local\Temp\cczuxF2z.s 			page 19


 597 00d9 01       		.byte	0x1
 598 00da 87       		.byte	0x87
 599 00db 00000000 		.4byte	.LFB4
 600 00df 1C000000 		.4byte	.LFE4-.LFB4
 601 00e3 01       		.uleb128 0x1
 602 00e4 9C       		.byte	0x9c
 603 00e5 0B010000 		.4byte	0x10b
 604 00e9 07       		.uleb128 0x7
 605 00ea 99010000 		.4byte	.LASF22
 606 00ee 01       		.byte	0x1
 607 00ef 89       		.byte	0x89
 608 00f0 6B000000 		.4byte	0x6b
 609 00f4 00000000 		.4byte	.LLST0
 610 00f8 08       		.uleb128 0x8
 611 00f9 06000000 		.4byte	.LVL0
 612 00fd FC020000 		.4byte	0x2fc
 613 0101 08       		.uleb128 0x8
 614 0102 14000000 		.4byte	.LVL1
 615 0106 07030000 		.4byte	0x307
 616 010a 00       		.byte	0
 617 010b 06       		.uleb128 0x6
 618 010c C4000000 		.4byte	.LASF20
 619 0110 01       		.byte	0x1
 620 0111 45       		.byte	0x45
 621 0112 00000000 		.4byte	.LFB1
 622 0116 18000000 		.4byte	.LFE1-.LFB1
 623 011a 01       		.uleb128 0x1
 624 011b 9C       		.byte	0x9c
 625 011c 2A010000 		.4byte	0x12a
 626 0120 08       		.uleb128 0x8
 627 0121 10000000 		.4byte	.LVL2
 628 0125 D4000000 		.4byte	0xd4
 629 0129 00       		.byte	0
 630 012a 06       		.uleb128 0x6
 631 012b 5B000000 		.4byte	.LASF21
 632 012f 01       		.byte	0x1
 633 0130 9F       		.byte	0x9f
 634 0131 00000000 		.4byte	.LFB5
 635 0135 1C000000 		.4byte	.LFE5-.LFB5
 636 0139 01       		.uleb128 0x1
 637 013a 9C       		.byte	0x9c
 638 013b 61010000 		.4byte	0x161
 639 013f 07       		.uleb128 0x7
 640 0140 99010000 		.4byte	.LASF22
 641 0144 01       		.byte	0x1
 642 0145 A1       		.byte	0xa1
 643 0146 6B000000 		.4byte	0x6b
 644 014a 13000000 		.4byte	.LLST1
 645 014e 08       		.uleb128 0x8
 646 014f 06000000 		.4byte	.LVL3
 647 0153 FC020000 		.4byte	0x2fc
 648 0157 08       		.uleb128 0x8
 649 0158 14000000 		.4byte	.LVL4
 650 015c 07030000 		.4byte	0x307
 651 0160 00       		.byte	0
 652 0161 06       		.uleb128 0x6
 653 0162 7E020000 		.4byte	.LASF23
ARM GAS  C:\Users\EA527~1.IVA\AppData\Local\Temp\cczuxF2z.s 			page 20


 654 0166 01       		.byte	0x1
 655 0167 71       		.byte	0x71
 656 0168 00000000 		.4byte	.LFB3
 657 016c 18000000 		.4byte	.LFE3-.LFB3
 658 0170 01       		.uleb128 0x1
 659 0171 9C       		.byte	0x9c
 660 0172 80010000 		.4byte	0x180
 661 0176 08       		.uleb128 0x8
 662 0177 10000000 		.4byte	.LVL5
 663 017b 2A010000 		.4byte	0x12a
 664 017f 00       		.byte	0
 665 0180 09       		.uleb128 0x9
 666 0181 92000000 		.4byte	.LASF32
 667 0185 01       		.byte	0x1
 668 0186 B7       		.byte	0xb7
 669 0187 6B000000 		.4byte	0x6b
 670 018b 00000000 		.4byte	.LFB6
 671 018f 48000000 		.4byte	.LFE6-.LFB6
 672 0193 01       		.uleb128 0x1
 673 0194 9C       		.byte	0x9c
 674 0195 B8010000 		.4byte	0x1b8
 675 0199 0A       		.uleb128 0xa
 676 019a CC010000 		.4byte	.LASF26
 677 019e 01       		.byte	0x1
 678 019f B7       		.byte	0xb7
 679 01a0 6B000000 		.4byte	0x6b
 680 01a4 26000000 		.4byte	.LLST2
 681 01a8 07       		.uleb128 0x7
 682 01a9 6E020000 		.4byte	.LASF24
 683 01ad 01       		.byte	0x1
 684 01ae B9       		.byte	0xb9
 685 01af 6B000000 		.4byte	0x6b
 686 01b3 92000000 		.4byte	.LLST3
 687 01b7 00       		.byte	0
 688 01b8 0B       		.uleb128 0xb
 689 01b9 6D000000 		.4byte	.LASF25
 690 01bd 01       		.byte	0x1
 691 01be 0501     		.2byte	0x105
 692 01c0 00000000 		.4byte	.LFB7
 693 01c4 1C000000 		.4byte	.LFE7-.LFB7
 694 01c8 01       		.uleb128 0x1
 695 01c9 9C       		.byte	0x9c
 696 01ca DF010000 		.4byte	0x1df
 697 01ce 0C       		.uleb128 0xc
 698 01cf EB010000 		.4byte	.LASF27
 699 01d3 01       		.byte	0x1
 700 01d4 0501     		.2byte	0x105
 701 01d6 6B000000 		.4byte	0x6b
 702 01da E2000000 		.4byte	.LLST4
 703 01de 00       		.byte	0
 704 01df 06       		.uleb128 0x6
 705 01e0 BA010000 		.4byte	.LASF28
 706 01e4 01       		.byte	0x1
 707 01e5 5D       		.byte	0x5d
 708 01e6 00000000 		.4byte	.LFB2
 709 01ea 0A000000 		.4byte	.LFE2-.LFB2
 710 01ee 01       		.uleb128 0x1
ARM GAS  C:\Users\EA527~1.IVA\AppData\Local\Temp\cczuxF2z.s 			page 21


 711 01ef 9C       		.byte	0x9c
 712 01f0 04020000 		.4byte	0x204
 713 01f4 0D       		.uleb128 0xd
 714 01f5 08000000 		.4byte	.LVL21
 715 01f9 B8010000 		.4byte	0x1b8
 716 01fd 0E       		.uleb128 0xe
 717 01fe 01       		.uleb128 0x1
 718 01ff 50       		.byte	0x50
 719 0200 01       		.uleb128 0x1
 720 0201 31       		.byte	0x31
 721 0202 00       		.byte	0
 722 0203 00       		.byte	0
 723 0204 06       		.uleb128 0x6
 724 0205 9D020000 		.4byte	.LASF29
 725 0209 01       		.byte	0x1
 726 020a 2B       		.byte	0x2b
 727 020b 00000000 		.4byte	.LFB0
 728 020f 1C000000 		.4byte	.LFE0-.LFB0
 729 0213 01       		.uleb128 0x1
 730 0214 9C       		.byte	0x9c
 731 0215 2C020000 		.4byte	0x22c
 732 0219 08       		.uleb128 0x8
 733 021a 0C000000 		.4byte	.LVL22
 734 021e DF010000 		.4byte	0x1df
 735 0222 08       		.uleb128 0x8
 736 0223 16000000 		.4byte	.LVL23
 737 0227 0B010000 		.4byte	0x10b
 738 022b 00       		.byte	0
 739 022c 0F       		.uleb128 0xf
 740 022d 02020000 		.4byte	.LASF40
 741 0231 01       		.byte	0x1
 742 0232 1A01     		.2byte	0x11a
 743 0234 6B000000 		.4byte	0x6b
 744 0238 00000000 		.4byte	.LFB8
 745 023c 10000000 		.4byte	.LFE8-.LFB8
 746 0240 01       		.uleb128 0x1
 747 0241 9C       		.byte	0x9c
 748 0242 0B       		.uleb128 0xb
 749 0243 6E010000 		.4byte	.LASF30
 750 0247 01       		.byte	0x1
 751 0248 2E01     		.2byte	0x12e
 752 024a 00000000 		.4byte	.LFB9
 753 024e 0C000000 		.4byte	.LFE9-.LFB9
 754 0252 01       		.uleb128 0x1
 755 0253 9C       		.byte	0x9c
 756 0254 67020000 		.4byte	0x267
 757 0258 10       		.uleb128 0x10
 758 0259 16020000 		.4byte	.LASF31
 759 025d 01       		.byte	0x1
 760 025e 2E01     		.2byte	0x12e
 761 0260 77000000 		.4byte	0x77
 762 0264 01       		.uleb128 0x1
 763 0265 50       		.byte	0x50
 764 0266 00       		.byte	0
 765 0267 11       		.uleb128 0x11
 766 0268 D3010000 		.4byte	.LASF33
 767 026c 01       		.byte	0x1
ARM GAS  C:\Users\EA527~1.IVA\AppData\Local\Temp\cczuxF2z.s 			page 22


 768 026d 4901     		.2byte	0x149
 769 026f 98000000 		.4byte	0x98
 770 0273 00000000 		.4byte	.LFB10
 771 0277 1C000000 		.4byte	.LFE10-.LFB10
 772 027b 01       		.uleb128 0x1
 773 027c 9C       		.byte	0x9c
 774 027d B1020000 		.4byte	0x2b1
 775 0281 0C       		.uleb128 0xc
 776 0282 16020000 		.4byte	.LASF31
 777 0286 01       		.byte	0x1
 778 0287 4901     		.2byte	0x149
 779 0289 77000000 		.4byte	0x77
 780 028d 03010000 		.4byte	.LLST5
 781 0291 12       		.uleb128 0x12
 782 0292 6E020000 		.4byte	.LASF24
 783 0296 01       		.byte	0x1
 784 0297 4C01     		.2byte	0x14c
 785 0299 98000000 		.4byte	0x98
 786 029d 24010000 		.4byte	.LLST6
 787 02a1 0D       		.uleb128 0xd
 788 02a2 0A000000 		.4byte	.LVL28
 789 02a6 80010000 		.4byte	0x180
 790 02aa 0E       		.uleb128 0xe
 791 02ab 01       		.uleb128 0x1
 792 02ac 50       		.byte	0x50
 793 02ad 01       		.uleb128 0x1
 794 02ae 31       		.byte	0x31
 795 02af 00       		.byte	0
 796 02b0 00       		.byte	0
 797 02b1 11       		.uleb128 0x11
 798 02b2 37020000 		.4byte	.LASF34
 799 02b6 01       		.byte	0x1
 800 02b7 8701     		.2byte	0x187
 801 02b9 77000000 		.4byte	0x77
 802 02bd 00000000 		.4byte	.LFB11
 803 02c1 28000000 		.4byte	.LFE11-.LFB11
 804 02c5 01       		.uleb128 0x1
 805 02c6 9C       		.byte	0x9c
 806 02c7 EB020000 		.4byte	0x2eb
 807 02cb 12       		.uleb128 0x12
 808 02cc 6E020000 		.4byte	.LASF24
 809 02d0 01       		.byte	0x1
 810 02d1 8901     		.2byte	0x189
 811 02d3 77000000 		.4byte	0x77
 812 02d7 5B010000 		.4byte	.LLST7
 813 02db 0D       		.uleb128 0xd
 814 02dc 0E000000 		.4byte	.LVL32
 815 02e0 80010000 		.4byte	0x180
 816 02e4 0E       		.uleb128 0xe
 817 02e5 01       		.uleb128 0x1
 818 02e6 50       		.byte	0x50
 819 02e7 01       		.uleb128 0x1
 820 02e8 32       		.byte	0x32
 821 02e9 00       		.byte	0
 822 02ea 00       		.byte	0
 823 02eb 13       		.uleb128 0x13
 824 02ec F5020000 		.4byte	.LASF41
ARM GAS  C:\Users\EA527~1.IVA\AppData\Local\Temp\cczuxF2z.s 			page 23


 825 02f0 01       		.byte	0x1
 826 02f1 13       		.byte	0x13
 827 02f2 6B000000 		.4byte	0x6b
 828 02f6 05       		.uleb128 0x5
 829 02f7 03       		.byte	0x3
 830 02f8 00000000 		.4byte	Period_initVar
 831 02fc 14       		.uleb128 0x14
 832 02fd 20020000 		.4byte	.LASF35
 833 0301 20020000 		.4byte	.LASF35
 834 0305 03       		.byte	0x3
 835 0306 7D       		.byte	0x7d
 836 0307 14       		.uleb128 0x14
 837 0308 58020000 		.4byte	.LASF36
 838 030c 58020000 		.4byte	.LASF36
 839 0310 03       		.byte	0x3
 840 0311 7E       		.byte	0x7e
 841 0312 00       		.byte	0
 842              		.section	.debug_abbrev,"",%progbits
 843              	.Ldebug_abbrev0:
 844 0000 01       		.uleb128 0x1
 845 0001 11       		.uleb128 0x11
 846 0002 01       		.byte	0x1
 847 0003 25       		.uleb128 0x25
 848 0004 0E       		.uleb128 0xe
 849 0005 13       		.uleb128 0x13
 850 0006 0B       		.uleb128 0xb
 851 0007 03       		.uleb128 0x3
 852 0008 0E       		.uleb128 0xe
 853 0009 1B       		.uleb128 0x1b
 854 000a 0E       		.uleb128 0xe
 855 000b 55       		.uleb128 0x55
 856 000c 17       		.uleb128 0x17
 857 000d 11       		.uleb128 0x11
 858 000e 01       		.uleb128 0x1
 859 000f 10       		.uleb128 0x10
 860 0010 17       		.uleb128 0x17
 861 0011 00       		.byte	0
 862 0012 00       		.byte	0
 863 0013 02       		.uleb128 0x2
 864 0014 24       		.uleb128 0x24
 865 0015 00       		.byte	0
 866 0016 0B       		.uleb128 0xb
 867 0017 0B       		.uleb128 0xb
 868 0018 3E       		.uleb128 0x3e
 869 0019 0B       		.uleb128 0xb
 870 001a 03       		.uleb128 0x3
 871 001b 0E       		.uleb128 0xe
 872 001c 00       		.byte	0
 873 001d 00       		.byte	0
 874 001e 03       		.uleb128 0x3
 875 001f 24       		.uleb128 0x24
 876 0020 00       		.byte	0
 877 0021 0B       		.uleb128 0xb
 878 0022 0B       		.uleb128 0xb
 879 0023 3E       		.uleb128 0x3e
 880 0024 0B       		.uleb128 0xb
 881 0025 03       		.uleb128 0x3
ARM GAS  C:\Users\EA527~1.IVA\AppData\Local\Temp\cczuxF2z.s 			page 24


 882 0026 08       		.uleb128 0x8
 883 0027 00       		.byte	0
 884 0028 00       		.byte	0
 885 0029 04       		.uleb128 0x4
 886 002a 16       		.uleb128 0x16
 887 002b 00       		.byte	0
 888 002c 03       		.uleb128 0x3
 889 002d 0E       		.uleb128 0xe
 890 002e 3A       		.uleb128 0x3a
 891 002f 0B       		.uleb128 0xb
 892 0030 3B       		.uleb128 0x3b
 893 0031 05       		.uleb128 0x5
 894 0032 49       		.uleb128 0x49
 895 0033 13       		.uleb128 0x13
 896 0034 00       		.byte	0
 897 0035 00       		.byte	0
 898 0036 05       		.uleb128 0x5
 899 0037 35       		.uleb128 0x35
 900 0038 00       		.byte	0
 901 0039 49       		.uleb128 0x49
 902 003a 13       		.uleb128 0x13
 903 003b 00       		.byte	0
 904 003c 00       		.byte	0
 905 003d 06       		.uleb128 0x6
 906 003e 2E       		.uleb128 0x2e
 907 003f 01       		.byte	0x1
 908 0040 3F       		.uleb128 0x3f
 909 0041 19       		.uleb128 0x19
 910 0042 03       		.uleb128 0x3
 911 0043 0E       		.uleb128 0xe
 912 0044 3A       		.uleb128 0x3a
 913 0045 0B       		.uleb128 0xb
 914 0046 3B       		.uleb128 0x3b
 915 0047 0B       		.uleb128 0xb
 916 0048 27       		.uleb128 0x27
 917 0049 19       		.uleb128 0x19
 918 004a 11       		.uleb128 0x11
 919 004b 01       		.uleb128 0x1
 920 004c 12       		.uleb128 0x12
 921 004d 06       		.uleb128 0x6
 922 004e 40       		.uleb128 0x40
 923 004f 18       		.uleb128 0x18
 924 0050 9742     		.uleb128 0x2117
 925 0052 19       		.uleb128 0x19
 926 0053 01       		.uleb128 0x1
 927 0054 13       		.uleb128 0x13
 928 0055 00       		.byte	0
 929 0056 00       		.byte	0
 930 0057 07       		.uleb128 0x7
 931 0058 34       		.uleb128 0x34
 932 0059 00       		.byte	0
 933 005a 03       		.uleb128 0x3
 934 005b 0E       		.uleb128 0xe
 935 005c 3A       		.uleb128 0x3a
 936 005d 0B       		.uleb128 0xb
 937 005e 3B       		.uleb128 0x3b
 938 005f 0B       		.uleb128 0xb
ARM GAS  C:\Users\EA527~1.IVA\AppData\Local\Temp\cczuxF2z.s 			page 25


 939 0060 49       		.uleb128 0x49
 940 0061 13       		.uleb128 0x13
 941 0062 02       		.uleb128 0x2
 942 0063 17       		.uleb128 0x17
 943 0064 00       		.byte	0
 944 0065 00       		.byte	0
 945 0066 08       		.uleb128 0x8
 946 0067 898201   		.uleb128 0x4109
 947 006a 00       		.byte	0
 948 006b 11       		.uleb128 0x11
 949 006c 01       		.uleb128 0x1
 950 006d 31       		.uleb128 0x31
 951 006e 13       		.uleb128 0x13
 952 006f 00       		.byte	0
 953 0070 00       		.byte	0
 954 0071 09       		.uleb128 0x9
 955 0072 2E       		.uleb128 0x2e
 956 0073 01       		.byte	0x1
 957 0074 3F       		.uleb128 0x3f
 958 0075 19       		.uleb128 0x19
 959 0076 03       		.uleb128 0x3
 960 0077 0E       		.uleb128 0xe
 961 0078 3A       		.uleb128 0x3a
 962 0079 0B       		.uleb128 0xb
 963 007a 3B       		.uleb128 0x3b
 964 007b 0B       		.uleb128 0xb
 965 007c 27       		.uleb128 0x27
 966 007d 19       		.uleb128 0x19
 967 007e 49       		.uleb128 0x49
 968 007f 13       		.uleb128 0x13
 969 0080 11       		.uleb128 0x11
 970 0081 01       		.uleb128 0x1
 971 0082 12       		.uleb128 0x12
 972 0083 06       		.uleb128 0x6
 973 0084 40       		.uleb128 0x40
 974 0085 18       		.uleb128 0x18
 975 0086 9742     		.uleb128 0x2117
 976 0088 19       		.uleb128 0x19
 977 0089 01       		.uleb128 0x1
 978 008a 13       		.uleb128 0x13
 979 008b 00       		.byte	0
 980 008c 00       		.byte	0
 981 008d 0A       		.uleb128 0xa
 982 008e 05       		.uleb128 0x5
 983 008f 00       		.byte	0
 984 0090 03       		.uleb128 0x3
 985 0091 0E       		.uleb128 0xe
 986 0092 3A       		.uleb128 0x3a
 987 0093 0B       		.uleb128 0xb
 988 0094 3B       		.uleb128 0x3b
 989 0095 0B       		.uleb128 0xb
 990 0096 49       		.uleb128 0x49
 991 0097 13       		.uleb128 0x13
 992 0098 02       		.uleb128 0x2
 993 0099 17       		.uleb128 0x17
 994 009a 00       		.byte	0
 995 009b 00       		.byte	0
ARM GAS  C:\Users\EA527~1.IVA\AppData\Local\Temp\cczuxF2z.s 			page 26


 996 009c 0B       		.uleb128 0xb
 997 009d 2E       		.uleb128 0x2e
 998 009e 01       		.byte	0x1
 999 009f 3F       		.uleb128 0x3f
 1000 00a0 19       		.uleb128 0x19
 1001 00a1 03       		.uleb128 0x3
 1002 00a2 0E       		.uleb128 0xe
 1003 00a3 3A       		.uleb128 0x3a
 1004 00a4 0B       		.uleb128 0xb
 1005 00a5 3B       		.uleb128 0x3b
 1006 00a6 05       		.uleb128 0x5
 1007 00a7 27       		.uleb128 0x27
 1008 00a8 19       		.uleb128 0x19
 1009 00a9 11       		.uleb128 0x11
 1010 00aa 01       		.uleb128 0x1
 1011 00ab 12       		.uleb128 0x12
 1012 00ac 06       		.uleb128 0x6
 1013 00ad 40       		.uleb128 0x40
 1014 00ae 18       		.uleb128 0x18
 1015 00af 9742     		.uleb128 0x2117
 1016 00b1 19       		.uleb128 0x19
 1017 00b2 01       		.uleb128 0x1
 1018 00b3 13       		.uleb128 0x13
 1019 00b4 00       		.byte	0
 1020 00b5 00       		.byte	0
 1021 00b6 0C       		.uleb128 0xc
 1022 00b7 05       		.uleb128 0x5
 1023 00b8 00       		.byte	0
 1024 00b9 03       		.uleb128 0x3
 1025 00ba 0E       		.uleb128 0xe
 1026 00bb 3A       		.uleb128 0x3a
 1027 00bc 0B       		.uleb128 0xb
 1028 00bd 3B       		.uleb128 0x3b
 1029 00be 05       		.uleb128 0x5
 1030 00bf 49       		.uleb128 0x49
 1031 00c0 13       		.uleb128 0x13
 1032 00c1 02       		.uleb128 0x2
 1033 00c2 17       		.uleb128 0x17
 1034 00c3 00       		.byte	0
 1035 00c4 00       		.byte	0
 1036 00c5 0D       		.uleb128 0xd
 1037 00c6 898201   		.uleb128 0x4109
 1038 00c9 01       		.byte	0x1
 1039 00ca 11       		.uleb128 0x11
 1040 00cb 01       		.uleb128 0x1
 1041 00cc 31       		.uleb128 0x31
 1042 00cd 13       		.uleb128 0x13
 1043 00ce 00       		.byte	0
 1044 00cf 00       		.byte	0
 1045 00d0 0E       		.uleb128 0xe
 1046 00d1 8A8201   		.uleb128 0x410a
 1047 00d4 00       		.byte	0
 1048 00d5 02       		.uleb128 0x2
 1049 00d6 18       		.uleb128 0x18
 1050 00d7 9142     		.uleb128 0x2111
 1051 00d9 18       		.uleb128 0x18
 1052 00da 00       		.byte	0
ARM GAS  C:\Users\EA527~1.IVA\AppData\Local\Temp\cczuxF2z.s 			page 27


 1053 00db 00       		.byte	0
 1054 00dc 0F       		.uleb128 0xf
 1055 00dd 2E       		.uleb128 0x2e
 1056 00de 00       		.byte	0
 1057 00df 3F       		.uleb128 0x3f
 1058 00e0 19       		.uleb128 0x19
 1059 00e1 03       		.uleb128 0x3
 1060 00e2 0E       		.uleb128 0xe
 1061 00e3 3A       		.uleb128 0x3a
 1062 00e4 0B       		.uleb128 0xb
 1063 00e5 3B       		.uleb128 0x3b
 1064 00e6 05       		.uleb128 0x5
 1065 00e7 27       		.uleb128 0x27
 1066 00e8 19       		.uleb128 0x19
 1067 00e9 49       		.uleb128 0x49
 1068 00ea 13       		.uleb128 0x13
 1069 00eb 11       		.uleb128 0x11
 1070 00ec 01       		.uleb128 0x1
 1071 00ed 12       		.uleb128 0x12
 1072 00ee 06       		.uleb128 0x6
 1073 00ef 40       		.uleb128 0x40
 1074 00f0 18       		.uleb128 0x18
 1075 00f1 9742     		.uleb128 0x2117
 1076 00f3 19       		.uleb128 0x19
 1077 00f4 00       		.byte	0
 1078 00f5 00       		.byte	0
 1079 00f6 10       		.uleb128 0x10
 1080 00f7 05       		.uleb128 0x5
 1081 00f8 00       		.byte	0
 1082 00f9 03       		.uleb128 0x3
 1083 00fa 0E       		.uleb128 0xe
 1084 00fb 3A       		.uleb128 0x3a
 1085 00fc 0B       		.uleb128 0xb
 1086 00fd 3B       		.uleb128 0x3b
 1087 00fe 05       		.uleb128 0x5
 1088 00ff 49       		.uleb128 0x49
 1089 0100 13       		.uleb128 0x13
 1090 0101 02       		.uleb128 0x2
 1091 0102 18       		.uleb128 0x18
 1092 0103 00       		.byte	0
 1093 0104 00       		.byte	0
 1094 0105 11       		.uleb128 0x11
 1095 0106 2E       		.uleb128 0x2e
 1096 0107 01       		.byte	0x1
 1097 0108 3F       		.uleb128 0x3f
 1098 0109 19       		.uleb128 0x19
 1099 010a 03       		.uleb128 0x3
 1100 010b 0E       		.uleb128 0xe
 1101 010c 3A       		.uleb128 0x3a
 1102 010d 0B       		.uleb128 0xb
 1103 010e 3B       		.uleb128 0x3b
 1104 010f 05       		.uleb128 0x5
 1105 0110 27       		.uleb128 0x27
 1106 0111 19       		.uleb128 0x19
 1107 0112 49       		.uleb128 0x49
 1108 0113 13       		.uleb128 0x13
 1109 0114 11       		.uleb128 0x11
ARM GAS  C:\Users\EA527~1.IVA\AppData\Local\Temp\cczuxF2z.s 			page 28


 1110 0115 01       		.uleb128 0x1
 1111 0116 12       		.uleb128 0x12
 1112 0117 06       		.uleb128 0x6
 1113 0118 40       		.uleb128 0x40
 1114 0119 18       		.uleb128 0x18
 1115 011a 9742     		.uleb128 0x2117
 1116 011c 19       		.uleb128 0x19
 1117 011d 01       		.uleb128 0x1
 1118 011e 13       		.uleb128 0x13
 1119 011f 00       		.byte	0
 1120 0120 00       		.byte	0
 1121 0121 12       		.uleb128 0x12
 1122 0122 34       		.uleb128 0x34
 1123 0123 00       		.byte	0
 1124 0124 03       		.uleb128 0x3
 1125 0125 0E       		.uleb128 0xe
 1126 0126 3A       		.uleb128 0x3a
 1127 0127 0B       		.uleb128 0xb
 1128 0128 3B       		.uleb128 0x3b
 1129 0129 05       		.uleb128 0x5
 1130 012a 49       		.uleb128 0x49
 1131 012b 13       		.uleb128 0x13
 1132 012c 02       		.uleb128 0x2
 1133 012d 17       		.uleb128 0x17
 1134 012e 00       		.byte	0
 1135 012f 00       		.byte	0
 1136 0130 13       		.uleb128 0x13
 1137 0131 34       		.uleb128 0x34
 1138 0132 00       		.byte	0
 1139 0133 03       		.uleb128 0x3
 1140 0134 0E       		.uleb128 0xe
 1141 0135 3A       		.uleb128 0x3a
 1142 0136 0B       		.uleb128 0xb
 1143 0137 3B       		.uleb128 0x3b
 1144 0138 0B       		.uleb128 0xb
 1145 0139 49       		.uleb128 0x49
 1146 013a 13       		.uleb128 0x13
 1147 013b 3F       		.uleb128 0x3f
 1148 013c 19       		.uleb128 0x19
 1149 013d 02       		.uleb128 0x2
 1150 013e 18       		.uleb128 0x18
 1151 013f 00       		.byte	0
 1152 0140 00       		.byte	0
 1153 0141 14       		.uleb128 0x14
 1154 0142 2E       		.uleb128 0x2e
 1155 0143 00       		.byte	0
 1156 0144 3F       		.uleb128 0x3f
 1157 0145 19       		.uleb128 0x19
 1158 0146 3C       		.uleb128 0x3c
 1159 0147 19       		.uleb128 0x19
 1160 0148 6E       		.uleb128 0x6e
 1161 0149 0E       		.uleb128 0xe
 1162 014a 03       		.uleb128 0x3
 1163 014b 0E       		.uleb128 0xe
 1164 014c 3A       		.uleb128 0x3a
 1165 014d 0B       		.uleb128 0xb
 1166 014e 3B       		.uleb128 0x3b
ARM GAS  C:\Users\EA527~1.IVA\AppData\Local\Temp\cczuxF2z.s 			page 29


 1167 014f 0B       		.uleb128 0xb
 1168 0150 00       		.byte	0
 1169 0151 00       		.byte	0
 1170 0152 00       		.byte	0
 1171              		.section	.debug_loc,"",%progbits
 1172              	.Ldebug_loc0:
 1173              	.LLST0:
 1174 0000 06000000 		.4byte	.LVL0
 1175 0004 13000000 		.4byte	.LVL1-1
 1176 0008 0100     		.2byte	0x1
 1177 000a 50       		.byte	0x50
 1178 000b 00000000 		.4byte	0
 1179 000f 00000000 		.4byte	0
 1180              	.LLST1:
 1181 0013 06000000 		.4byte	.LVL3
 1182 0017 13000000 		.4byte	.LVL4-1
 1183 001b 0100     		.2byte	0x1
 1184 001d 50       		.byte	0x50
 1185 001e 00000000 		.4byte	0
 1186 0022 00000000 		.4byte	0
 1187              	.LLST2:
 1188 0026 00000000 		.4byte	.LVL6
 1189 002a 18000000 		.4byte	.LVL8
 1190 002e 0100     		.2byte	0x1
 1191 0030 50       		.byte	0x50
 1192 0031 18000000 		.4byte	.LVL8
 1193 0035 1A000000 		.4byte	.LVL9
 1194 0039 0400     		.2byte	0x4
 1195 003b F3       		.byte	0xf3
 1196 003c 01       		.uleb128 0x1
 1197 003d 50       		.byte	0x50
 1198 003e 9F       		.byte	0x9f
 1199 003f 1A000000 		.4byte	.LVL9
 1200 0043 1C000000 		.4byte	.LVL10
 1201 0047 0100     		.2byte	0x1
 1202 0049 50       		.byte	0x50
 1203 004a 1C000000 		.4byte	.LVL10
 1204 004e 1E000000 		.4byte	.LVL11
 1205 0052 0400     		.2byte	0x4
 1206 0054 F3       		.byte	0xf3
 1207 0055 01       		.uleb128 0x1
 1208 0056 50       		.byte	0x50
 1209 0057 9F       		.byte	0x9f
 1210 0058 1E000000 		.4byte	.LVL11
 1211 005c 20000000 		.4byte	.LVL12
 1212 0060 0100     		.2byte	0x1
 1213 0062 50       		.byte	0x50
 1214 0063 20000000 		.4byte	.LVL12
 1215 0067 22000000 		.4byte	.LVL13
 1216 006b 0400     		.2byte	0x4
 1217 006d F3       		.byte	0xf3
 1218 006e 01       		.uleb128 0x1
 1219 006f 50       		.byte	0x50
 1220 0070 9F       		.byte	0x9f
 1221 0071 22000000 		.4byte	.LVL13
 1222 0075 24000000 		.4byte	.LVL14
 1223 0079 0100     		.2byte	0x1
ARM GAS  C:\Users\EA527~1.IVA\AppData\Local\Temp\cczuxF2z.s 			page 30


 1224 007b 50       		.byte	0x50
 1225 007c 24000000 		.4byte	.LVL14
 1226 0080 48000000 		.4byte	.LFE6
 1227 0084 0400     		.2byte	0x4
 1228 0086 F3       		.byte	0xf3
 1229 0087 01       		.uleb128 0x1
 1230 0088 50       		.byte	0x50
 1231 0089 9F       		.byte	0x9f
 1232 008a 00000000 		.4byte	0
 1233 008e 00000000 		.4byte	0
 1234              	.LLST3:
 1235 0092 02000000 		.4byte	.LVL7
 1236 0096 1A000000 		.4byte	.LVL9
 1237 009a 0300     		.2byte	0x3
 1238 009c 09       		.byte	0x9
 1239 009d FE       		.byte	0xfe
 1240 009e 9F       		.byte	0x9f
 1241 009f 1A000000 		.4byte	.LVL9
 1242 00a3 1E000000 		.4byte	.LVL11
 1243 00a7 0200     		.2byte	0x2
 1244 00a9 31       		.byte	0x31
 1245 00aa 9F       		.byte	0x9f
 1246 00ab 1E000000 		.4byte	.LVL11
 1247 00af 24000000 		.4byte	.LVL14
 1248 00b3 0300     		.2byte	0x3
 1249 00b5 09       		.byte	0x9
 1250 00b6 FE       		.byte	0xfe
 1251 00b7 9F       		.byte	0x9f
 1252 00b8 24000000 		.4byte	.LVL14
 1253 00bc 38000000 		.4byte	.LVL15
 1254 00c0 0100     		.2byte	0x1
 1255 00c2 50       		.byte	0x50
 1256 00c3 3A000000 		.4byte	.LVL16
 1257 00c7 3E000000 		.4byte	.LVL17
 1258 00cb 0200     		.2byte	0x2
 1259 00cd 31       		.byte	0x31
 1260 00ce 9F       		.byte	0x9f
 1261 00cf 3E000000 		.4byte	.LVL17
 1262 00d3 48000000 		.4byte	.LFE6
 1263 00d7 0100     		.2byte	0x1
 1264 00d9 50       		.byte	0x50
 1265 00da 00000000 		.4byte	0
 1266 00de 00000000 		.4byte	0
 1267              	.LLST4:
 1268 00e2 00000000 		.4byte	.LVL19
 1269 00e6 10000000 		.4byte	.LVL20
 1270 00ea 0100     		.2byte	0x1
 1271 00ec 50       		.byte	0x50
 1272 00ed 10000000 		.4byte	.LVL20
 1273 00f1 1C000000 		.4byte	.LFE7
 1274 00f5 0400     		.2byte	0x4
 1275 00f7 F3       		.byte	0xf3
 1276 00f8 01       		.uleb128 0x1
 1277 00f9 50       		.byte	0x50
 1278 00fa 9F       		.byte	0x9f
 1279 00fb 00000000 		.4byte	0
 1280 00ff 00000000 		.4byte	0
ARM GAS  C:\Users\EA527~1.IVA\AppData\Local\Temp\cczuxF2z.s 			page 31


 1281              	.LLST5:
 1282 0103 00000000 		.4byte	.LVL25
 1283 0107 06000000 		.4byte	.LVL27
 1284 010b 0100     		.2byte	0x1
 1285 010d 50       		.byte	0x50
 1286 010e 06000000 		.4byte	.LVL27
 1287 0112 1C000000 		.4byte	.LFE10
 1288 0116 0400     		.2byte	0x4
 1289 0118 F3       		.byte	0xf3
 1290 0119 01       		.uleb128 0x1
 1291 011a 50       		.byte	0x50
 1292 011b 9F       		.byte	0x9f
 1293 011c 00000000 		.4byte	0
 1294 0120 00000000 		.4byte	0
 1295              	.LLST6:
 1296 0124 04000000 		.4byte	.LVL26
 1297 0128 10000000 		.4byte	.LVL29
 1298 012c 0200     		.2byte	0x2
 1299 012e 41       		.byte	0x41
 1300 012f 9F       		.byte	0x9f
 1301 0130 10000000 		.4byte	.LVL29
 1302 0134 14000000 		.4byte	.LVL30
 1303 0138 0200     		.2byte	0x2
 1304 013a 30       		.byte	0x30
 1305 013b 9F       		.byte	0x9f
 1306 013c 14000000 		.4byte	.LVL30
 1307 0140 16000000 		.4byte	.LVL31
 1308 0144 0200     		.2byte	0x2
 1309 0146 41       		.byte	0x41
 1310 0147 9F       		.byte	0x9f
 1311 0148 16000000 		.4byte	.LVL31
 1312 014c 1C000000 		.4byte	.LFE10
 1313 0150 0100     		.2byte	0x1
 1314 0152 50       		.byte	0x50
 1315 0153 00000000 		.4byte	0
 1316 0157 00000000 		.4byte	0
 1317              	.LLST7:
 1318 015b 1A000000 		.4byte	.LVL33
 1319 015f 1E000000 		.4byte	.LVL34
 1320 0163 0700     		.2byte	0x7
 1321 0165 70       		.byte	0x70
 1322 0166 00       		.sleb128 0
 1323 0167 0A       		.byte	0xa
 1324 0168 FF01     		.2byte	0x1ff
 1325 016a 1A       		.byte	0x1a
 1326 016b 9F       		.byte	0x9f
 1327 016c 00000000 		.4byte	0
 1328 0170 00000000 		.4byte	0
 1329              		.section	.debug_aranges,"",%progbits
 1330 0000 74000000 		.4byte	0x74
 1331 0004 0200     		.2byte	0x2
 1332 0006 00000000 		.4byte	.Ldebug_info0
 1333 000a 04       		.byte	0x4
 1334 000b 00       		.byte	0
 1335 000c 0000     		.2byte	0
 1336 000e 0000     		.2byte	0
 1337 0010 00000000 		.4byte	.LFB4
ARM GAS  C:\Users\EA527~1.IVA\AppData\Local\Temp\cczuxF2z.s 			page 32


 1338 0014 1C000000 		.4byte	.LFE4-.LFB4
 1339 0018 00000000 		.4byte	.LFB1
 1340 001c 18000000 		.4byte	.LFE1-.LFB1
 1341 0020 00000000 		.4byte	.LFB5
 1342 0024 1C000000 		.4byte	.LFE5-.LFB5
 1343 0028 00000000 		.4byte	.LFB3
 1344 002c 18000000 		.4byte	.LFE3-.LFB3
 1345 0030 00000000 		.4byte	.LFB6
 1346 0034 48000000 		.4byte	.LFE6-.LFB6
 1347 0038 00000000 		.4byte	.LFB7
 1348 003c 1C000000 		.4byte	.LFE7-.LFB7
 1349 0040 00000000 		.4byte	.LFB2
 1350 0044 0A000000 		.4byte	.LFE2-.LFB2
 1351 0048 00000000 		.4byte	.LFB0
 1352 004c 1C000000 		.4byte	.LFE0-.LFB0
 1353 0050 00000000 		.4byte	.LFB8
 1354 0054 10000000 		.4byte	.LFE8-.LFB8
 1355 0058 00000000 		.4byte	.LFB9
 1356 005c 0C000000 		.4byte	.LFE9-.LFB9
 1357 0060 00000000 		.4byte	.LFB10
 1358 0064 1C000000 		.4byte	.LFE10-.LFB10
 1359 0068 00000000 		.4byte	.LFB11
 1360 006c 28000000 		.4byte	.LFE11-.LFB11
 1361 0070 00000000 		.4byte	0
 1362 0074 00000000 		.4byte	0
 1363              		.section	.debug_ranges,"",%progbits
 1364              	.Ldebug_ranges0:
 1365 0000 00000000 		.4byte	.LFB4
 1366 0004 1C000000 		.4byte	.LFE4
 1367 0008 00000000 		.4byte	.LFB1
 1368 000c 18000000 		.4byte	.LFE1
 1369 0010 00000000 		.4byte	.LFB5
 1370 0014 1C000000 		.4byte	.LFE5
 1371 0018 00000000 		.4byte	.LFB3
 1372 001c 18000000 		.4byte	.LFE3
 1373 0020 00000000 		.4byte	.LFB6
 1374 0024 48000000 		.4byte	.LFE6
 1375 0028 00000000 		.4byte	.LFB7
 1376 002c 1C000000 		.4byte	.LFE7
 1377 0030 00000000 		.4byte	.LFB2
 1378 0034 0A000000 		.4byte	.LFE2
 1379 0038 00000000 		.4byte	.LFB0
 1380 003c 1C000000 		.4byte	.LFE0
 1381 0040 00000000 		.4byte	.LFB8
 1382 0044 10000000 		.4byte	.LFE8
 1383 0048 00000000 		.4byte	.LFB9
 1384 004c 0C000000 		.4byte	.LFE9
 1385 0050 00000000 		.4byte	.LFB10
 1386 0054 1C000000 		.4byte	.LFE10
 1387 0058 00000000 		.4byte	.LFB11
 1388 005c 28000000 		.4byte	.LFE11
 1389 0060 00000000 		.4byte	0
 1390 0064 00000000 		.4byte	0
 1391              		.section	.debug_line,"",%progbits
 1392              	.Ldebug_line0:
 1393 0000 4C010000 		.section	.debug_str,"MS",%progbits,1
 1393      02004E00 
ARM GAS  C:\Users\EA527~1.IVA\AppData\Local\Temp\cczuxF2z.s 			page 33


 1393      00000201 
 1393      FB0E0D00 
 1393      01010101 
 1394              	.LASF16:
 1395 0000 72656731 		.ascii	"reg16\000"
 1395      3600
 1396              	.LASF14:
 1397 0006 63797374 		.ascii	"cystatus\000"
 1397      61747573 
 1397      00
 1398              	.LASF39:
 1399 000f 433A5C55 		.ascii	"C:\\Users\\e.ivanov\\Documents\\GitHub\\generic\\Ma"
 1399      73657273 
 1399      5C652E69 
 1399      76616E6F 
 1399      765C446F 
 1400 003c 6E636865 		.ascii	"nchester encoder-decoder.cydsn\000"
 1400      73746572 
 1400      20656E63 
 1400      6F646572 
 1400      2D646563 
 1401              	.LASF21:
 1402 005b 50657269 		.ascii	"Period_DisableInt\000"
 1402      6F645F44 
 1402      69736162 
 1402      6C65496E 
 1402      7400
 1403              	.LASF25:
 1404 006d 50657269 		.ascii	"Period_SetIntMode\000"
 1404      6F645F53 
 1404      6574496E 
 1404      744D6F64 
 1404      6500
 1405              	.LASF3:
 1406 007f 73686F72 		.ascii	"short unsigned int\000"
 1406      7420756E 
 1406      7369676E 
 1406      65642069 
 1406      6E7400
 1407              	.LASF32:
 1408 0092 50657269 		.ascii	"Period_GetFIFOStatus\000"
 1408      6F645F47 
 1408      65744649 
 1408      464F5374 
 1408      61747573 
 1409              	.LASF11:
 1410 00a7 666C6F61 		.ascii	"float\000"
 1410      7400
 1411              	.LASF7:
 1412 00ad 6C6F6E67 		.ascii	"long long unsigned int\000"
 1412      206C6F6E 
 1412      6720756E 
 1412      7369676E 
 1412      65642069 
 1413              	.LASF20:
 1414 00c4 50657269 		.ascii	"Period_Enable\000"
 1414      6F645F45 
ARM GAS  C:\Users\EA527~1.IVA\AppData\Local\Temp\cczuxF2z.s 			page 34


 1414      6E61626C 
 1414      6500
 1415              	.LASF1:
 1416 00d2 756E7369 		.ascii	"unsigned char\000"
 1416      676E6564 
 1416      20636861 
 1416      7200
 1417              	.LASF37:
 1418 00e0 474E5520 		.ascii	"GNU C11 5.4.1 20160609 (release) [ARM/embedded-5-br"
 1418      43313120 
 1418      352E342E 
 1418      31203230 
 1418      31363036 
 1419 0113 616E6368 		.ascii	"anch revision 237715] -mcpu=cortex-m3 -mthumb -g -O"
 1419      20726576 
 1419      6973696F 
 1419      6E203233 
 1419      37373135 
 1420 0146 67202D66 		.ascii	"g -ffunction-sections -ffat-lto-objects\000"
 1420      66756E63 
 1420      74696F6E 
 1420      2D736563 
 1420      74696F6E 
 1421              	.LASF30:
 1422 016e 50657269 		.ascii	"Period_WriteRegValue\000"
 1422      6F645F57 
 1422      72697465 
 1422      52656756 
 1422      616C7565 
 1423              	.LASF15:
 1424 0183 72656738 		.ascii	"reg8\000"
 1424      00
 1425              	.LASF19:
 1426 0188 50657269 		.ascii	"Period_EnableInt\000"
 1426      6F645F45 
 1426      6E61626C 
 1426      65496E74 
 1426      00
 1427              	.LASF22:
 1428 0199 696E7465 		.ascii	"interruptState\000"
 1428      72727570 
 1428      74537461 
 1428      746500
 1429              	.LASF5:
 1430 01a8 6C6F6E67 		.ascii	"long unsigned int\000"
 1430      20756E73 
 1430      69676E65 
 1430      6420696E 
 1430      7400
 1431              	.LASF28:
 1432 01ba 50657269 		.ascii	"Period_Init\000"
 1432      6F645F49 
 1432      6E697400 
 1433              	.LASF9:
 1434 01c6 75696E74 		.ascii	"uint8\000"
 1434      3800
 1435              	.LASF26:
ARM GAS  C:\Users\EA527~1.IVA\AppData\Local\Temp\cczuxF2z.s 			page 35


 1436 01cc 6669666F 		.ascii	"fifoId\000"
 1436      496400
 1437              	.LASF33:
 1438 01d3 50657269 		.ascii	"Period_WriteData\000"
 1438      6F645F57 
 1438      72697465 
 1438      44617461 
 1438      00
 1439              	.LASF12:
 1440 01e4 646F7562 		.ascii	"double\000"
 1440      6C6500
 1441              	.LASF27:
 1442 01eb 696E7465 		.ascii	"interruptSource\000"
 1442      72727570 
 1442      74536F75 
 1442      72636500 
 1443              	.LASF10:
 1444 01fb 75696E74 		.ascii	"uint16\000"
 1444      313600
 1445              	.LASF40:
 1446 0202 50657269 		.ascii	"Period_GetIntStatus\000"
 1446      6F645F47 
 1446      6574496E 
 1446      74537461 
 1446      74757300 
 1447              	.LASF31:
 1448 0216 73686966 		.ascii	"shiftData\000"
 1448      74446174 
 1448      6100
 1449              	.LASF35:
 1450 0220 4379456E 		.ascii	"CyEnterCriticalSection\000"
 1450      74657243 
 1450      72697469 
 1450      63616C53 
 1450      65637469 
 1451              	.LASF34:
 1452 0237 50657269 		.ascii	"Period_ReadRegValue\000"
 1452      6F645F52 
 1452      65616452 
 1452      65675661 
 1452      6C756500 
 1453              	.LASF8:
 1454 024b 756E7369 		.ascii	"unsigned int\000"
 1454      676E6564 
 1454      20696E74 
 1454      00
 1455              	.LASF36:
 1456 0258 43794578 		.ascii	"CyExitCriticalSection\000"
 1456      69744372 
 1456      69746963 
 1456      616C5365 
 1456      6374696F 
 1457              	.LASF24:
 1458 026e 72657375 		.ascii	"result\000"
 1458      6C7400
 1459              	.LASF18:
 1460 0275 73697A65 		.ascii	"sizetype\000"
ARM GAS  C:\Users\EA527~1.IVA\AppData\Local\Temp\cczuxF2z.s 			page 36


 1460      74797065 
 1460      00
 1461              	.LASF23:
 1462 027e 50657269 		.ascii	"Period_Stop\000"
 1462      6F645F53 
 1462      746F7000 
 1463              	.LASF6:
 1464 028a 6C6F6E67 		.ascii	"long long int\000"
 1464      206C6F6E 
 1464      6720696E 
 1464      7400
 1465              	.LASF13:
 1466 0298 63686172 		.ascii	"char\000"
 1466      00
 1467              	.LASF29:
 1468 029d 50657269 		.ascii	"Period_Start\000"
 1468      6F645F53 
 1468      74617274 
 1468      00
 1469              	.LASF2:
 1470 02aa 73686F72 		.ascii	"short int\000"
 1470      7420696E 
 1470      7400
 1471              	.LASF38:
 1472 02b4 47656E65 		.ascii	"Generated_Source\\PSoC5\\Period.c\000"
 1472      72617465 
 1472      645F536F 
 1472      75726365 
 1472      5C50536F 
 1473              	.LASF4:
 1474 02d4 6C6F6E67 		.ascii	"long int\000"
 1474      20696E74 
 1474      00
 1475              	.LASF17:
 1476 02dd 6C6F6E67 		.ascii	"long double\000"
 1476      20646F75 
 1476      626C6500 
 1477              	.LASF0:
 1478 02e9 7369676E 		.ascii	"signed char\000"
 1478      65642063 
 1478      68617200 
 1479              	.LASF41:
 1480 02f5 50657269 		.ascii	"Period_initVar\000"
 1480      6F645F69 
 1480      6E697456 
 1480      617200
 1481              		.ident	"GCC: (GNU Tools for ARM Embedded Processors) 5.4.1 20160609 (release) [ARM/embedded-5-bran
