ARM GAS  C:\Users\EA527~1.IVA\AppData\Local\Temp\ccltsKcu.s 			page 1


   1              		.syntax unified
   2              		.cpu cortex-m3
   3              		.fpu softvfp
   4              		.eabi_attribute 20, 1
   5              		.eabi_attribute 21, 1
   6              		.eabi_attribute 23, 3
   7              		.eabi_attribute 24, 1
   8              		.eabi_attribute 25, 1
   9              		.eabi_attribute 26, 1
  10              		.eabi_attribute 30, 1
  11              		.eabi_attribute 34, 1
  12              		.eabi_attribute 18, 4
  13              		.thumb
  14              		.syntax unified
  15              		.file	"RecieveShiftReg.c"
  16              		.text
  17              	.Ltext0:
  18              		.cfi_sections	.debug_frame
  19              		.section	.text.RecieveShiftReg_EnableInt,"ax",%progbits
  20              		.align	2
  21              		.global	RecieveShiftReg_EnableInt
  22              		.thumb
  23              		.thumb_func
  24              		.type	RecieveShiftReg_EnableInt, %function
  25              	RecieveShiftReg_EnableInt:
  26              	.LFB4:
  27              		.file 1 "Generated_Source\\PSoC5\\RecieveShiftReg.c"
   1:Generated_Source\PSoC5/RecieveShiftReg.c **** /*******************************************************************************
   2:Generated_Source\PSoC5/RecieveShiftReg.c **** * File Name: RecieveShiftReg.c
   3:Generated_Source\PSoC5/RecieveShiftReg.c **** * Version 2.30
   4:Generated_Source\PSoC5/RecieveShiftReg.c **** *
   5:Generated_Source\PSoC5/RecieveShiftReg.c **** * Description:
   6:Generated_Source\PSoC5/RecieveShiftReg.c **** *  This file provides the API source code for the Shift Register component.
   7:Generated_Source\PSoC5/RecieveShiftReg.c **** *
   8:Generated_Source\PSoC5/RecieveShiftReg.c **** * Note: none
   9:Generated_Source\PSoC5/RecieveShiftReg.c **** *
  10:Generated_Source\PSoC5/RecieveShiftReg.c **** ********************************************************************************
  11:Generated_Source\PSoC5/RecieveShiftReg.c **** * Copyright 2008-2013, Cypress Semiconductor Corporation.  All rights reserved.
  12:Generated_Source\PSoC5/RecieveShiftReg.c **** * You may use this file only in accordance with the license, terms, conditions,
  13:Generated_Source\PSoC5/RecieveShiftReg.c **** * disclaimers, and limitations in the end user license agreement accompanying
  14:Generated_Source\PSoC5/RecieveShiftReg.c **** * the software package with which this file was provided.
  15:Generated_Source\PSoC5/RecieveShiftReg.c **** ********************************************************************************/
  16:Generated_Source\PSoC5/RecieveShiftReg.c **** 
  17:Generated_Source\PSoC5/RecieveShiftReg.c **** #include "RecieveShiftReg.h"
  18:Generated_Source\PSoC5/RecieveShiftReg.c **** 
  19:Generated_Source\PSoC5/RecieveShiftReg.c **** uint8 RecieveShiftReg_initVar = 0u;
  20:Generated_Source\PSoC5/RecieveShiftReg.c **** 
  21:Generated_Source\PSoC5/RecieveShiftReg.c **** 
  22:Generated_Source\PSoC5/RecieveShiftReg.c **** /*******************************************************************************
  23:Generated_Source\PSoC5/RecieveShiftReg.c **** * Function Name: RecieveShiftReg_Start
  24:Generated_Source\PSoC5/RecieveShiftReg.c **** ********************************************************************************
  25:Generated_Source\PSoC5/RecieveShiftReg.c **** *
  26:Generated_Source\PSoC5/RecieveShiftReg.c **** * Summary:
  27:Generated_Source\PSoC5/RecieveShiftReg.c **** *  Starts the Shift Register.
  28:Generated_Source\PSoC5/RecieveShiftReg.c **** *
  29:Generated_Source\PSoC5/RecieveShiftReg.c **** * Parameters:
  30:Generated_Source\PSoC5/RecieveShiftReg.c **** *  None.
ARM GAS  C:\Users\EA527~1.IVA\AppData\Local\Temp\ccltsKcu.s 			page 2


  31:Generated_Source\PSoC5/RecieveShiftReg.c **** *
  32:Generated_Source\PSoC5/RecieveShiftReg.c **** * Return:
  33:Generated_Source\PSoC5/RecieveShiftReg.c **** *  None.
  34:Generated_Source\PSoC5/RecieveShiftReg.c **** *
  35:Generated_Source\PSoC5/RecieveShiftReg.c **** * Global Variables:
  36:Generated_Source\PSoC5/RecieveShiftReg.c **** *  RecieveShiftReg_initVar - used to check initial configuration, modified on
  37:Generated_Source\PSoC5/RecieveShiftReg.c **** *  first function call.
  38:Generated_Source\PSoC5/RecieveShiftReg.c **** *
  39:Generated_Source\PSoC5/RecieveShiftReg.c **** * Reentrant:
  40:Generated_Source\PSoC5/RecieveShiftReg.c **** *  No.
  41:Generated_Source\PSoC5/RecieveShiftReg.c **** *
  42:Generated_Source\PSoC5/RecieveShiftReg.c **** *******************************************************************************/
  43:Generated_Source\PSoC5/RecieveShiftReg.c **** void RecieveShiftReg_Start(void) 
  44:Generated_Source\PSoC5/RecieveShiftReg.c **** {
  45:Generated_Source\PSoC5/RecieveShiftReg.c ****     if(0u == RecieveShiftReg_initVar)
  46:Generated_Source\PSoC5/RecieveShiftReg.c ****     {
  47:Generated_Source\PSoC5/RecieveShiftReg.c ****         RecieveShiftReg_Init();
  48:Generated_Source\PSoC5/RecieveShiftReg.c ****         RecieveShiftReg_initVar = 1u; /* Component initialized */
  49:Generated_Source\PSoC5/RecieveShiftReg.c ****     }
  50:Generated_Source\PSoC5/RecieveShiftReg.c **** 
  51:Generated_Source\PSoC5/RecieveShiftReg.c ****     RecieveShiftReg_Enable();
  52:Generated_Source\PSoC5/RecieveShiftReg.c **** }
  53:Generated_Source\PSoC5/RecieveShiftReg.c **** 
  54:Generated_Source\PSoC5/RecieveShiftReg.c **** 
  55:Generated_Source\PSoC5/RecieveShiftReg.c **** /*******************************************************************************
  56:Generated_Source\PSoC5/RecieveShiftReg.c **** * Function Name: RecieveShiftReg_Enable
  57:Generated_Source\PSoC5/RecieveShiftReg.c **** ********************************************************************************
  58:Generated_Source\PSoC5/RecieveShiftReg.c **** *
  59:Generated_Source\PSoC5/RecieveShiftReg.c **** * Summary:
  60:Generated_Source\PSoC5/RecieveShiftReg.c **** *  Enables the Shift Register.
  61:Generated_Source\PSoC5/RecieveShiftReg.c **** *
  62:Generated_Source\PSoC5/RecieveShiftReg.c **** * Parameters:
  63:Generated_Source\PSoC5/RecieveShiftReg.c **** *  void.
  64:Generated_Source\PSoC5/RecieveShiftReg.c **** *
  65:Generated_Source\PSoC5/RecieveShiftReg.c **** * Return:
  66:Generated_Source\PSoC5/RecieveShiftReg.c **** *  void.
  67:Generated_Source\PSoC5/RecieveShiftReg.c **** *
  68:Generated_Source\PSoC5/RecieveShiftReg.c **** *******************************************************************************/
  69:Generated_Source\PSoC5/RecieveShiftReg.c **** void RecieveShiftReg_Enable(void) 
  70:Generated_Source\PSoC5/RecieveShiftReg.c **** {
  71:Generated_Source\PSoC5/RecieveShiftReg.c ****     /* Changing address in Datapath Control Store
  72:Generated_Source\PSoC5/RecieveShiftReg.c ****        from NOP to component state machine commands space */
  73:Generated_Source\PSoC5/RecieveShiftReg.c ****     RecieveShiftReg_SR_CONTROL |= RecieveShiftReg_CLK_EN;
  74:Generated_Source\PSoC5/RecieveShiftReg.c **** 
  75:Generated_Source\PSoC5/RecieveShiftReg.c ****     RecieveShiftReg_EnableInt();
  76:Generated_Source\PSoC5/RecieveShiftReg.c **** }
  77:Generated_Source\PSoC5/RecieveShiftReg.c **** 
  78:Generated_Source\PSoC5/RecieveShiftReg.c **** 
  79:Generated_Source\PSoC5/RecieveShiftReg.c **** /*******************************************************************************
  80:Generated_Source\PSoC5/RecieveShiftReg.c **** * Function Name: RecieveShiftReg_Init
  81:Generated_Source\PSoC5/RecieveShiftReg.c **** ********************************************************************************
  82:Generated_Source\PSoC5/RecieveShiftReg.c **** *
  83:Generated_Source\PSoC5/RecieveShiftReg.c **** * Summary:
  84:Generated_Source\PSoC5/RecieveShiftReg.c **** *  Initializes Tx and/or Rx interrupt sources with initial values.
  85:Generated_Source\PSoC5/RecieveShiftReg.c **** *
  86:Generated_Source\PSoC5/RecieveShiftReg.c **** * Parameters:
  87:Generated_Source\PSoC5/RecieveShiftReg.c **** *  void.
ARM GAS  C:\Users\EA527~1.IVA\AppData\Local\Temp\ccltsKcu.s 			page 3


  88:Generated_Source\PSoC5/RecieveShiftReg.c **** *
  89:Generated_Source\PSoC5/RecieveShiftReg.c **** * Return:
  90:Generated_Source\PSoC5/RecieveShiftReg.c **** *  void.
  91:Generated_Source\PSoC5/RecieveShiftReg.c **** *
  92:Generated_Source\PSoC5/RecieveShiftReg.c **** *******************************************************************************/
  93:Generated_Source\PSoC5/RecieveShiftReg.c **** void RecieveShiftReg_Init(void) 
  94:Generated_Source\PSoC5/RecieveShiftReg.c **** {
  95:Generated_Source\PSoC5/RecieveShiftReg.c ****     RecieveShiftReg_SetIntMode(RecieveShiftReg_INT_SRC);
  96:Generated_Source\PSoC5/RecieveShiftReg.c **** }
  97:Generated_Source\PSoC5/RecieveShiftReg.c **** 
  98:Generated_Source\PSoC5/RecieveShiftReg.c **** 
  99:Generated_Source\PSoC5/RecieveShiftReg.c **** /*******************************************************************************
 100:Generated_Source\PSoC5/RecieveShiftReg.c **** * Function Name: RecieveShiftReg_Stop
 101:Generated_Source\PSoC5/RecieveShiftReg.c **** ********************************************************************************
 102:Generated_Source\PSoC5/RecieveShiftReg.c **** *
 103:Generated_Source\PSoC5/RecieveShiftReg.c **** * Summary:
 104:Generated_Source\PSoC5/RecieveShiftReg.c **** *  Disables the Shift Register
 105:Generated_Source\PSoC5/RecieveShiftReg.c **** *
 106:Generated_Source\PSoC5/RecieveShiftReg.c **** * Parameters:
 107:Generated_Source\PSoC5/RecieveShiftReg.c **** *  None.
 108:Generated_Source\PSoC5/RecieveShiftReg.c **** *
 109:Generated_Source\PSoC5/RecieveShiftReg.c **** * Return:
 110:Generated_Source\PSoC5/RecieveShiftReg.c **** *  None.
 111:Generated_Source\PSoC5/RecieveShiftReg.c **** *
 112:Generated_Source\PSoC5/RecieveShiftReg.c **** *******************************************************************************/
 113:Generated_Source\PSoC5/RecieveShiftReg.c **** void RecieveShiftReg_Stop(void) 
 114:Generated_Source\PSoC5/RecieveShiftReg.c **** {
 115:Generated_Source\PSoC5/RecieveShiftReg.c ****     /*changing Datapath Control Store address to NOP space*/
 116:Generated_Source\PSoC5/RecieveShiftReg.c ****     RecieveShiftReg_SR_CONTROL &= ((uint8) ~RecieveShiftReg_CLK_EN);
 117:Generated_Source\PSoC5/RecieveShiftReg.c ****     RecieveShiftReg_DisableInt();
 118:Generated_Source\PSoC5/RecieveShiftReg.c **** }
 119:Generated_Source\PSoC5/RecieveShiftReg.c **** 
 120:Generated_Source\PSoC5/RecieveShiftReg.c **** 
 121:Generated_Source\PSoC5/RecieveShiftReg.c **** /*******************************************************************************
 122:Generated_Source\PSoC5/RecieveShiftReg.c **** * Function Name: RecieveShiftReg_EnableInt
 123:Generated_Source\PSoC5/RecieveShiftReg.c **** ********************************************************************************
 124:Generated_Source\PSoC5/RecieveShiftReg.c **** *
 125:Generated_Source\PSoC5/RecieveShiftReg.c **** * Summary:
 126:Generated_Source\PSoC5/RecieveShiftReg.c **** *  Enables the Shift Register interrupt.
 127:Generated_Source\PSoC5/RecieveShiftReg.c **** *
 128:Generated_Source\PSoC5/RecieveShiftReg.c **** * Parameters:
 129:Generated_Source\PSoC5/RecieveShiftReg.c **** *  None.
 130:Generated_Source\PSoC5/RecieveShiftReg.c **** *
 131:Generated_Source\PSoC5/RecieveShiftReg.c **** * Return:
 132:Generated_Source\PSoC5/RecieveShiftReg.c **** *  None.
 133:Generated_Source\PSoC5/RecieveShiftReg.c **** *
 134:Generated_Source\PSoC5/RecieveShiftReg.c **** *******************************************************************************/
 135:Generated_Source\PSoC5/RecieveShiftReg.c **** void RecieveShiftReg_EnableInt(void) 
 136:Generated_Source\PSoC5/RecieveShiftReg.c **** {
  28              		.loc 1 136 0
  29              		.cfi_startproc
  30              		@ args = 0, pretend = 0, frame = 0
  31              		@ frame_needed = 0, uses_anonymous_args = 0
  32 0000 08B5     		push	{r3, lr}
  33              		.cfi_def_cfa_offset 8
  34              		.cfi_offset 3, -8
  35              		.cfi_offset 14, -4
ARM GAS  C:\Users\EA527~1.IVA\AppData\Local\Temp\ccltsKcu.s 			page 4


 137:Generated_Source\PSoC5/RecieveShiftReg.c ****     uint8 interruptState;
 138:Generated_Source\PSoC5/RecieveShiftReg.c **** 
 139:Generated_Source\PSoC5/RecieveShiftReg.c ****     interruptState = CyEnterCriticalSection();
  36              		.loc 1 139 0
  37 0002 FFF7FEFF 		bl	CyEnterCriticalSection
  38              	.LVL0:
 140:Generated_Source\PSoC5/RecieveShiftReg.c ****     RecieveShiftReg_SR_AUX_CONTROL |= RecieveShiftReg_INTERRUPTS_ENABLE;
  39              		.loc 1 140 0
  40 0006 044A     		ldr	r2, .L3
  41 0008 1378     		ldrb	r3, [r2]	@ zero_extendqisi2
  42 000a 43F01003 		orr	r3, r3, #16
  43 000e 1370     		strb	r3, [r2]
 141:Generated_Source\PSoC5/RecieveShiftReg.c ****     CyExitCriticalSection(interruptState);
  44              		.loc 1 141 0
  45 0010 FFF7FEFF 		bl	CyExitCriticalSection
  46              	.LVL1:
  47 0014 08BD     		pop	{r3, pc}
  48              	.L4:
  49 0016 00BF     		.align	2
  50              	.L3:
  51 0018 97650040 		.word	1073767831
  52              		.cfi_endproc
  53              	.LFE4:
  54              		.size	RecieveShiftReg_EnableInt, .-RecieveShiftReg_EnableInt
  55              		.section	.text.RecieveShiftReg_Enable,"ax",%progbits
  56              		.align	2
  57              		.global	RecieveShiftReg_Enable
  58              		.thumb
  59              		.thumb_func
  60              		.type	RecieveShiftReg_Enable, %function
  61              	RecieveShiftReg_Enable:
  62              	.LFB1:
  70:Generated_Source\PSoC5/RecieveShiftReg.c ****     /* Changing address in Datapath Control Store
  63              		.loc 1 70 0
  64              		.cfi_startproc
  65              		@ args = 0, pretend = 0, frame = 0
  66              		@ frame_needed = 0, uses_anonymous_args = 0
  67 0000 08B5     		push	{r3, lr}
  68              		.cfi_def_cfa_offset 8
  69              		.cfi_offset 3, -8
  70              		.cfi_offset 14, -4
  73:Generated_Source\PSoC5/RecieveShiftReg.c **** 
  71              		.loc 1 73 0
  72 0002 044A     		ldr	r2, .L7
  73 0004 1378     		ldrb	r3, [r2]	@ zero_extendqisi2
  74 0006 43F00103 		orr	r3, r3, #1
  75 000a 1370     		strb	r3, [r2]
  75:Generated_Source\PSoC5/RecieveShiftReg.c **** }
  76              		.loc 1 75 0
  77 000c FFF7FEFF 		bl	RecieveShiftReg_EnableInt
  78              	.LVL2:
  79 0010 08BD     		pop	{r3, pc}
  80              	.L8:
  81 0012 00BF     		.align	2
  82              	.L7:
  83 0014 77650040 		.word	1073767799
  84              		.cfi_endproc
ARM GAS  C:\Users\EA527~1.IVA\AppData\Local\Temp\ccltsKcu.s 			page 5


  85              	.LFE1:
  86              		.size	RecieveShiftReg_Enable, .-RecieveShiftReg_Enable
  87              		.section	.text.RecieveShiftReg_DisableInt,"ax",%progbits
  88              		.align	2
  89              		.global	RecieveShiftReg_DisableInt
  90              		.thumb
  91              		.thumb_func
  92              		.type	RecieveShiftReg_DisableInt, %function
  93              	RecieveShiftReg_DisableInt:
  94              	.LFB5:
 142:Generated_Source\PSoC5/RecieveShiftReg.c **** }
 143:Generated_Source\PSoC5/RecieveShiftReg.c **** 
 144:Generated_Source\PSoC5/RecieveShiftReg.c **** 
 145:Generated_Source\PSoC5/RecieveShiftReg.c **** /*******************************************************************************
 146:Generated_Source\PSoC5/RecieveShiftReg.c **** * Function Name: RecieveShiftReg_DisableInt
 147:Generated_Source\PSoC5/RecieveShiftReg.c **** ********************************************************************************
 148:Generated_Source\PSoC5/RecieveShiftReg.c **** *
 149:Generated_Source\PSoC5/RecieveShiftReg.c **** * Summary:
 150:Generated_Source\PSoC5/RecieveShiftReg.c **** *  Disables the Shift Register interrupt.
 151:Generated_Source\PSoC5/RecieveShiftReg.c **** *
 152:Generated_Source\PSoC5/RecieveShiftReg.c **** * Parameters:
 153:Generated_Source\PSoC5/RecieveShiftReg.c **** *  None.
 154:Generated_Source\PSoC5/RecieveShiftReg.c **** *
 155:Generated_Source\PSoC5/RecieveShiftReg.c **** * Return:
 156:Generated_Source\PSoC5/RecieveShiftReg.c **** *  None.
 157:Generated_Source\PSoC5/RecieveShiftReg.c **** *
 158:Generated_Source\PSoC5/RecieveShiftReg.c **** *******************************************************************************/
 159:Generated_Source\PSoC5/RecieveShiftReg.c **** void RecieveShiftReg_DisableInt(void) 
 160:Generated_Source\PSoC5/RecieveShiftReg.c **** {
  95              		.loc 1 160 0
  96              		.cfi_startproc
  97              		@ args = 0, pretend = 0, frame = 0
  98              		@ frame_needed = 0, uses_anonymous_args = 0
  99 0000 08B5     		push	{r3, lr}
 100              		.cfi_def_cfa_offset 8
 101              		.cfi_offset 3, -8
 102              		.cfi_offset 14, -4
 161:Generated_Source\PSoC5/RecieveShiftReg.c ****     uint8 interruptState;
 162:Generated_Source\PSoC5/RecieveShiftReg.c **** 
 163:Generated_Source\PSoC5/RecieveShiftReg.c ****     interruptState = CyEnterCriticalSection();
 103              		.loc 1 163 0
 104 0002 FFF7FEFF 		bl	CyEnterCriticalSection
 105              	.LVL3:
 164:Generated_Source\PSoC5/RecieveShiftReg.c ****     RecieveShiftReg_SR_AUX_CONTROL &= ((uint8) ~RecieveShiftReg_INTERRUPTS_ENABLE);
 106              		.loc 1 164 0
 107 0006 044A     		ldr	r2, .L11
 108 0008 1378     		ldrb	r3, [r2]	@ zero_extendqisi2
 109 000a 03F0EF03 		and	r3, r3, #239
 110 000e 1370     		strb	r3, [r2]
 165:Generated_Source\PSoC5/RecieveShiftReg.c ****     CyExitCriticalSection(interruptState);
 111              		.loc 1 165 0
 112 0010 FFF7FEFF 		bl	CyExitCriticalSection
 113              	.LVL4:
 114 0014 08BD     		pop	{r3, pc}
 115              	.L12:
 116 0016 00BF     		.align	2
 117              	.L11:
ARM GAS  C:\Users\EA527~1.IVA\AppData\Local\Temp\ccltsKcu.s 			page 6


 118 0018 97650040 		.word	1073767831
 119              		.cfi_endproc
 120              	.LFE5:
 121              		.size	RecieveShiftReg_DisableInt, .-RecieveShiftReg_DisableInt
 122              		.section	.text.RecieveShiftReg_Stop,"ax",%progbits
 123              		.align	2
 124              		.global	RecieveShiftReg_Stop
 125              		.thumb
 126              		.thumb_func
 127              		.type	RecieveShiftReg_Stop, %function
 128              	RecieveShiftReg_Stop:
 129              	.LFB3:
 114:Generated_Source\PSoC5/RecieveShiftReg.c ****     /*changing Datapath Control Store address to NOP space*/
 130              		.loc 1 114 0
 131              		.cfi_startproc
 132              		@ args = 0, pretend = 0, frame = 0
 133              		@ frame_needed = 0, uses_anonymous_args = 0
 134 0000 08B5     		push	{r3, lr}
 135              		.cfi_def_cfa_offset 8
 136              		.cfi_offset 3, -8
 137              		.cfi_offset 14, -4
 116:Generated_Source\PSoC5/RecieveShiftReg.c ****     RecieveShiftReg_DisableInt();
 138              		.loc 1 116 0
 139 0002 044A     		ldr	r2, .L15
 140 0004 1378     		ldrb	r3, [r2]	@ zero_extendqisi2
 141 0006 03F0FE03 		and	r3, r3, #254
 142 000a 1370     		strb	r3, [r2]
 117:Generated_Source\PSoC5/RecieveShiftReg.c **** }
 143              		.loc 1 117 0
 144 000c FFF7FEFF 		bl	RecieveShiftReg_DisableInt
 145              	.LVL5:
 146 0010 08BD     		pop	{r3, pc}
 147              	.L16:
 148 0012 00BF     		.align	2
 149              	.L15:
 150 0014 77650040 		.word	1073767799
 151              		.cfi_endproc
 152              	.LFE3:
 153              		.size	RecieveShiftReg_Stop, .-RecieveShiftReg_Stop
 154              		.section	.text.RecieveShiftReg_GetFIFOStatus,"ax",%progbits
 155              		.align	2
 156              		.global	RecieveShiftReg_GetFIFOStatus
 157              		.thumb
 158              		.thumb_func
 159              		.type	RecieveShiftReg_GetFIFOStatus, %function
 160              	RecieveShiftReg_GetFIFOStatus:
 161              	.LFB6:
 166:Generated_Source\PSoC5/RecieveShiftReg.c **** }
 167:Generated_Source\PSoC5/RecieveShiftReg.c **** 
 168:Generated_Source\PSoC5/RecieveShiftReg.c **** 
 169:Generated_Source\PSoC5/RecieveShiftReg.c **** /*******************************************************************************
 170:Generated_Source\PSoC5/RecieveShiftReg.c **** * Function Name: RecieveShiftReg_GetFIFOStatus
 171:Generated_Source\PSoC5/RecieveShiftReg.c **** ********************************************************************************
 172:Generated_Source\PSoC5/RecieveShiftReg.c **** *
 173:Generated_Source\PSoC5/RecieveShiftReg.c **** * Summary:
 174:Generated_Source\PSoC5/RecieveShiftReg.c **** *  Returns current status of input or output FIFO.
 175:Generated_Source\PSoC5/RecieveShiftReg.c **** *
ARM GAS  C:\Users\EA527~1.IVA\AppData\Local\Temp\ccltsKcu.s 			page 7


 176:Generated_Source\PSoC5/RecieveShiftReg.c **** * Parameters:
 177:Generated_Source\PSoC5/RecieveShiftReg.c **** *  fifoId.
 178:Generated_Source\PSoC5/RecieveShiftReg.c **** *
 179:Generated_Source\PSoC5/RecieveShiftReg.c **** * Return:
 180:Generated_Source\PSoC5/RecieveShiftReg.c **** *  FIFO status.
 181:Generated_Source\PSoC5/RecieveShiftReg.c **** *
 182:Generated_Source\PSoC5/RecieveShiftReg.c **** *******************************************************************************/
 183:Generated_Source\PSoC5/RecieveShiftReg.c **** uint8 RecieveShiftReg_GetFIFOStatus(uint8 fifoId) 
 184:Generated_Source\PSoC5/RecieveShiftReg.c **** {
 162              		.loc 1 184 0
 163              		.cfi_startproc
 164              		@ args = 0, pretend = 0, frame = 0
 165              		@ frame_needed = 0, uses_anonymous_args = 0
 166              		@ link register save eliminated.
 167              	.LVL6:
 185:Generated_Source\PSoC5/RecieveShiftReg.c ****     uint8 result;
 186:Generated_Source\PSoC5/RecieveShiftReg.c **** 
 187:Generated_Source\PSoC5/RecieveShiftReg.c ****     result = RecieveShiftReg_RET_FIFO_NOT_DEFINED;
 188:Generated_Source\PSoC5/RecieveShiftReg.c **** 
 189:Generated_Source\PSoC5/RecieveShiftReg.c ****     #if(0u != RecieveShiftReg_USE_INPUT_FIFO)
 190:Generated_Source\PSoC5/RecieveShiftReg.c ****         if(RecieveShiftReg_IN_FIFO == fifoId)
 191:Generated_Source\PSoC5/RecieveShiftReg.c ****         {
 192:Generated_Source\PSoC5/RecieveShiftReg.c ****             switch(RecieveShiftReg_GET_IN_FIFO_STS)
 193:Generated_Source\PSoC5/RecieveShiftReg.c ****             {
 194:Generated_Source\PSoC5/RecieveShiftReg.c ****                 case RecieveShiftReg_IN_FIFO_FULL :
 195:Generated_Source\PSoC5/RecieveShiftReg.c ****                     result = RecieveShiftReg_RET_FIFO_FULL;
 196:Generated_Source\PSoC5/RecieveShiftReg.c ****                     break;
 197:Generated_Source\PSoC5/RecieveShiftReg.c **** 
 198:Generated_Source\PSoC5/RecieveShiftReg.c ****                 case RecieveShiftReg_IN_FIFO_EMPTY :
 199:Generated_Source\PSoC5/RecieveShiftReg.c ****                     result = RecieveShiftReg_RET_FIFO_EMPTY;
 200:Generated_Source\PSoC5/RecieveShiftReg.c ****                     break;
 201:Generated_Source\PSoC5/RecieveShiftReg.c **** 
 202:Generated_Source\PSoC5/RecieveShiftReg.c ****                 case RecieveShiftReg_IN_FIFO_PARTIAL:
 203:Generated_Source\PSoC5/RecieveShiftReg.c ****                     result = RecieveShiftReg_RET_FIFO_PARTIAL;
 204:Generated_Source\PSoC5/RecieveShiftReg.c ****                     break;
 205:Generated_Source\PSoC5/RecieveShiftReg.c ****                     
 206:Generated_Source\PSoC5/RecieveShiftReg.c ****                 default:
 207:Generated_Source\PSoC5/RecieveShiftReg.c ****                     /* Initial result value, while 
 208:Generated_Source\PSoC5/RecieveShiftReg.c ****                        IN_FIFO_EMPTY case is false 
 209:Generated_Source\PSoC5/RecieveShiftReg.c ****                      */
 210:Generated_Source\PSoC5/RecieveShiftReg.c ****                     result = RecieveShiftReg_RET_FIFO_EMPTY;
 211:Generated_Source\PSoC5/RecieveShiftReg.c ****                     break;
 212:Generated_Source\PSoC5/RecieveShiftReg.c ****             }   
 213:Generated_Source\PSoC5/RecieveShiftReg.c ****         }
 214:Generated_Source\PSoC5/RecieveShiftReg.c ****     #endif /* (0u != RecieveShiftReg_USE_INPUT_FIFO) */
 215:Generated_Source\PSoC5/RecieveShiftReg.c **** 
 216:Generated_Source\PSoC5/RecieveShiftReg.c ****     if(RecieveShiftReg_OUT_FIFO == fifoId)
 168              		.loc 1 216 0
 169 0000 0228     		cmp	r0, #2
 170 0002 0AD1     		bne	.L21
 217:Generated_Source\PSoC5/RecieveShiftReg.c ****     {
 218:Generated_Source\PSoC5/RecieveShiftReg.c ****         switch(RecieveShiftReg_GET_OUT_FIFO_STS)
 171              		.loc 1 218 0
 172 0004 074B     		ldr	r3, .L23
 173 0006 1B78     		ldrb	r3, [r3]	@ zero_extendqisi2
 174 0008 C3F34113 		ubfx	r3, r3, #5, #2
 175 000c 3BB1     		cbz	r3, .L22
ARM GAS  C:\Users\EA527~1.IVA\AppData\Local\Temp\ccltsKcu.s 			page 8


 176 000e 022B     		cmp	r3, #2
 177 0010 01D0     		beq	.L20
 219:Generated_Source\PSoC5/RecieveShiftReg.c ****         {
 220:Generated_Source\PSoC5/RecieveShiftReg.c ****             case RecieveShiftReg_OUT_FIFO_FULL :
 221:Generated_Source\PSoC5/RecieveShiftReg.c ****                 result = RecieveShiftReg_RET_FIFO_FULL;
 178              		.loc 1 221 0
 179 0012 0020     		movs	r0, #0
 180              	.LVL7:
 181 0014 7047     		bx	lr
 182              	.LVL8:
 183              	.L20:
 222:Generated_Source\PSoC5/RecieveShiftReg.c ****                 break;
 223:Generated_Source\PSoC5/RecieveShiftReg.c **** 
 224:Generated_Source\PSoC5/RecieveShiftReg.c ****             case RecieveShiftReg_OUT_FIFO_EMPTY :
 225:Generated_Source\PSoC5/RecieveShiftReg.c ****                 result = RecieveShiftReg_RET_FIFO_EMPTY;
 226:Generated_Source\PSoC5/RecieveShiftReg.c ****                 break;
 227:Generated_Source\PSoC5/RecieveShiftReg.c **** 
 228:Generated_Source\PSoC5/RecieveShiftReg.c ****             case RecieveShiftReg_OUT_FIFO_PARTIAL :
 229:Generated_Source\PSoC5/RecieveShiftReg.c ****                 result = RecieveShiftReg_RET_FIFO_PARTIAL;
 184              		.loc 1 229 0
 185 0016 0120     		movs	r0, #1
 186              	.LVL9:
 230:Generated_Source\PSoC5/RecieveShiftReg.c ****                 break;
 187              		.loc 1 230 0
 188 0018 7047     		bx	lr
 189              	.LVL10:
 190              	.L21:
 187:Generated_Source\PSoC5/RecieveShiftReg.c **** 
 191              		.loc 1 187 0
 192 001a FE20     		movs	r0, #254
 193              	.LVL11:
 194 001c 7047     		bx	lr
 195              	.LVL12:
 196              	.L22:
 225:Generated_Source\PSoC5/RecieveShiftReg.c ****                 break;
 197              		.loc 1 225 0
 198 001e 0220     		movs	r0, #2
 199              	.LVL13:
 231:Generated_Source\PSoC5/RecieveShiftReg.c **** 
 232:Generated_Source\PSoC5/RecieveShiftReg.c ****             default:
 233:Generated_Source\PSoC5/RecieveShiftReg.c ****                 /* Initial result value, while 
 234:Generated_Source\PSoC5/RecieveShiftReg.c ****                    OUT_FIFO_FULL case is false 
 235:Generated_Source\PSoC5/RecieveShiftReg.c ****                  */
 236:Generated_Source\PSoC5/RecieveShiftReg.c ****                 result = RecieveShiftReg_RET_FIFO_FULL;
 237:Generated_Source\PSoC5/RecieveShiftReg.c ****                 break;
 238:Generated_Source\PSoC5/RecieveShiftReg.c ****         }
 239:Generated_Source\PSoC5/RecieveShiftReg.c ****     }
 240:Generated_Source\PSoC5/RecieveShiftReg.c **** 
 241:Generated_Source\PSoC5/RecieveShiftReg.c ****     return(result);
 242:Generated_Source\PSoC5/RecieveShiftReg.c **** }
 200              		.loc 1 242 0
 201 0020 7047     		bx	lr
 202              	.L24:
 203 0022 00BF     		.align	2
 204              	.L23:
 205 0024 67650040 		.word	1073767783
 206              		.cfi_endproc
ARM GAS  C:\Users\EA527~1.IVA\AppData\Local\Temp\ccltsKcu.s 			page 9


 207              	.LFE6:
 208              		.size	RecieveShiftReg_GetFIFOStatus, .-RecieveShiftReg_GetFIFOStatus
 209              		.section	.text.RecieveShiftReg_SetIntMode,"ax",%progbits
 210              		.align	2
 211              		.global	RecieveShiftReg_SetIntMode
 212              		.thumb
 213              		.thumb_func
 214              		.type	RecieveShiftReg_SetIntMode, %function
 215              	RecieveShiftReg_SetIntMode:
 216              	.LFB7:
 243:Generated_Source\PSoC5/RecieveShiftReg.c **** 
 244:Generated_Source\PSoC5/RecieveShiftReg.c **** 
 245:Generated_Source\PSoC5/RecieveShiftReg.c **** /*******************************************************************************
 246:Generated_Source\PSoC5/RecieveShiftReg.c **** * Function Name: RecieveShiftReg_SetIntMode
 247:Generated_Source\PSoC5/RecieveShiftReg.c **** ********************************************************************************
 248:Generated_Source\PSoC5/RecieveShiftReg.c **** *
 249:Generated_Source\PSoC5/RecieveShiftReg.c **** * Summary:
 250:Generated_Source\PSoC5/RecieveShiftReg.c **** *  Sets the Interrupt Source for the Shift Register interrupt. Multiple
 251:Generated_Source\PSoC5/RecieveShiftReg.c **** *  sources may be ORed together
 252:Generated_Source\PSoC5/RecieveShiftReg.c **** *
 253:Generated_Source\PSoC5/RecieveShiftReg.c **** * Parameters:
 254:Generated_Source\PSoC5/RecieveShiftReg.c **** *  interruptSource: Byte containing the constant for the selected interrupt
 255:Generated_Source\PSoC5/RecieveShiftReg.c **** *  source/s.
 256:Generated_Source\PSoC5/RecieveShiftReg.c **** *
 257:Generated_Source\PSoC5/RecieveShiftReg.c **** * Return:
 258:Generated_Source\PSoC5/RecieveShiftReg.c **** *  None.
 259:Generated_Source\PSoC5/RecieveShiftReg.c **** *
 260:Generated_Source\PSoC5/RecieveShiftReg.c **** *******************************************************************************/
 261:Generated_Source\PSoC5/RecieveShiftReg.c **** void RecieveShiftReg_SetIntMode(uint8 interruptSource) 
 262:Generated_Source\PSoC5/RecieveShiftReg.c **** {
 217              		.loc 1 262 0
 218              		.cfi_startproc
 219              		@ args = 0, pretend = 0, frame = 0
 220              		@ frame_needed = 0, uses_anonymous_args = 0
 221              		@ link register save eliminated.
 222              	.LVL14:
 263:Generated_Source\PSoC5/RecieveShiftReg.c ****     RecieveShiftReg_SR_STATUS_MASK &= ((uint8) ~RecieveShiftReg_INTS_EN_MASK);          /* Clear ex
 223              		.loc 1 263 0
 224 0000 054B     		ldr	r3, .L26
 225 0002 1A78     		ldrb	r2, [r3]	@ zero_extendqisi2
 226 0004 02F0F802 		and	r2, r2, #248
 227 0008 1A70     		strb	r2, [r3]
 264:Generated_Source\PSoC5/RecieveShiftReg.c ****     RecieveShiftReg_SR_STATUS_MASK |= (interruptSource & RecieveShiftReg_INTS_EN_MASK); /* Set int 
 228              		.loc 1 264 0
 229 000a 1A78     		ldrb	r2, [r3]	@ zero_extendqisi2
 230 000c 00F00700 		and	r0, r0, #7
 231              	.LVL15:
 232 0010 1043     		orrs	r0, r0, r2
 233 0012 1870     		strb	r0, [r3]
 234 0014 7047     		bx	lr
 235              	.L27:
 236 0016 00BF     		.align	2
 237              	.L26:
 238 0018 87650040 		.word	1073767815
 239              		.cfi_endproc
 240              	.LFE7:
 241              		.size	RecieveShiftReg_SetIntMode, .-RecieveShiftReg_SetIntMode
ARM GAS  C:\Users\EA527~1.IVA\AppData\Local\Temp\ccltsKcu.s 			page 10


 242              		.section	.text.RecieveShiftReg_Init,"ax",%progbits
 243              		.align	2
 244              		.global	RecieveShiftReg_Init
 245              		.thumb
 246              		.thumb_func
 247              		.type	RecieveShiftReg_Init, %function
 248              	RecieveShiftReg_Init:
 249              	.LFB2:
  94:Generated_Source\PSoC5/RecieveShiftReg.c ****     RecieveShiftReg_SetIntMode(RecieveShiftReg_INT_SRC);
 250              		.loc 1 94 0
 251              		.cfi_startproc
 252              		@ args = 0, pretend = 0, frame = 0
 253              		@ frame_needed = 0, uses_anonymous_args = 0
 254 0000 08B5     		push	{r3, lr}
 255              		.cfi_def_cfa_offset 8
 256              		.cfi_offset 3, -8
 257              		.cfi_offset 14, -4
  95:Generated_Source\PSoC5/RecieveShiftReg.c **** }
 258              		.loc 1 95 0
 259 0002 0220     		movs	r0, #2
 260 0004 FFF7FEFF 		bl	RecieveShiftReg_SetIntMode
 261              	.LVL16:
 262 0008 08BD     		pop	{r3, pc}
 263              		.cfi_endproc
 264              	.LFE2:
 265              		.size	RecieveShiftReg_Init, .-RecieveShiftReg_Init
 266 000a 00BF     		.section	.text.RecieveShiftReg_Start,"ax",%progbits
 267              		.align	2
 268              		.global	RecieveShiftReg_Start
 269              		.thumb
 270              		.thumb_func
 271              		.type	RecieveShiftReg_Start, %function
 272              	RecieveShiftReg_Start:
 273              	.LFB0:
  44:Generated_Source\PSoC5/RecieveShiftReg.c ****     if(0u == RecieveShiftReg_initVar)
 274              		.loc 1 44 0
 275              		.cfi_startproc
 276              		@ args = 0, pretend = 0, frame = 0
 277              		@ frame_needed = 0, uses_anonymous_args = 0
 278 0000 08B5     		push	{r3, lr}
 279              		.cfi_def_cfa_offset 8
 280              		.cfi_offset 3, -8
 281              		.cfi_offset 14, -4
  45:Generated_Source\PSoC5/RecieveShiftReg.c ****     {
 282              		.loc 1 45 0
 283 0002 054B     		ldr	r3, .L33
 284 0004 1B78     		ldrb	r3, [r3]	@ zero_extendqisi2
 285 0006 23B9     		cbnz	r3, .L31
  47:Generated_Source\PSoC5/RecieveShiftReg.c ****         RecieveShiftReg_initVar = 1u; /* Component initialized */
 286              		.loc 1 47 0
 287 0008 FFF7FEFF 		bl	RecieveShiftReg_Init
 288              	.LVL17:
  48:Generated_Source\PSoC5/RecieveShiftReg.c ****     }
 289              		.loc 1 48 0
 290 000c 0122     		movs	r2, #1
 291 000e 024B     		ldr	r3, .L33
 292 0010 1A70     		strb	r2, [r3]
ARM GAS  C:\Users\EA527~1.IVA\AppData\Local\Temp\ccltsKcu.s 			page 11


 293              	.L31:
  51:Generated_Source\PSoC5/RecieveShiftReg.c **** }
 294              		.loc 1 51 0
 295 0012 FFF7FEFF 		bl	RecieveShiftReg_Enable
 296              	.LVL18:
 297 0016 08BD     		pop	{r3, pc}
 298              	.L34:
 299              		.align	2
 300              	.L33:
 301 0018 00000000 		.word	.LANCHOR0
 302              		.cfi_endproc
 303              	.LFE0:
 304              		.size	RecieveShiftReg_Start, .-RecieveShiftReg_Start
 305              		.section	.text.RecieveShiftReg_GetIntStatus,"ax",%progbits
 306              		.align	2
 307              		.global	RecieveShiftReg_GetIntStatus
 308              		.thumb
 309              		.thumb_func
 310              		.type	RecieveShiftReg_GetIntStatus, %function
 311              	RecieveShiftReg_GetIntStatus:
 312              	.LFB8:
 265:Generated_Source\PSoC5/RecieveShiftReg.c **** }
 266:Generated_Source\PSoC5/RecieveShiftReg.c **** 
 267:Generated_Source\PSoC5/RecieveShiftReg.c **** 
 268:Generated_Source\PSoC5/RecieveShiftReg.c **** /*******************************************************************************
 269:Generated_Source\PSoC5/RecieveShiftReg.c **** * Function Name: RecieveShiftReg_GetIntStatus
 270:Generated_Source\PSoC5/RecieveShiftReg.c **** ********************************************************************************
 271:Generated_Source\PSoC5/RecieveShiftReg.c **** *
 272:Generated_Source\PSoC5/RecieveShiftReg.c **** * Summary:
 273:Generated_Source\PSoC5/RecieveShiftReg.c **** *  Gets the Shift Register Interrupt status.
 274:Generated_Source\PSoC5/RecieveShiftReg.c **** *
 275:Generated_Source\PSoC5/RecieveShiftReg.c **** * Parameters:
 276:Generated_Source\PSoC5/RecieveShiftReg.c **** *  None.
 277:Generated_Source\PSoC5/RecieveShiftReg.c **** *
 278:Generated_Source\PSoC5/RecieveShiftReg.c **** * Return:
 279:Generated_Source\PSoC5/RecieveShiftReg.c **** *  Byte containing the constant for the selected interrupt source/s.
 280:Generated_Source\PSoC5/RecieveShiftReg.c **** *
 281:Generated_Source\PSoC5/RecieveShiftReg.c **** *******************************************************************************/
 282:Generated_Source\PSoC5/RecieveShiftReg.c **** uint8 RecieveShiftReg_GetIntStatus(void) 
 283:Generated_Source\PSoC5/RecieveShiftReg.c **** {
 313              		.loc 1 283 0
 314              		.cfi_startproc
 315              		@ args = 0, pretend = 0, frame = 0
 316              		@ frame_needed = 0, uses_anonymous_args = 0
 317              		@ link register save eliminated.
 284:Generated_Source\PSoC5/RecieveShiftReg.c ****     return(RecieveShiftReg_SR_STATUS & RecieveShiftReg_INTS_EN_MASK);
 318              		.loc 1 284 0
 319 0000 024B     		ldr	r3, .L36
 320 0002 1878     		ldrb	r0, [r3]	@ zero_extendqisi2
 285:Generated_Source\PSoC5/RecieveShiftReg.c **** }
 321              		.loc 1 285 0
 322 0004 00F00700 		and	r0, r0, #7
 323 0008 7047     		bx	lr
 324              	.L37:
 325 000a 00BF     		.align	2
 326              	.L36:
 327 000c 67650040 		.word	1073767783
ARM GAS  C:\Users\EA527~1.IVA\AppData\Local\Temp\ccltsKcu.s 			page 12


 328              		.cfi_endproc
 329              	.LFE8:
 330              		.size	RecieveShiftReg_GetIntStatus, .-RecieveShiftReg_GetIntStatus
 331              		.section	.text.RecieveShiftReg_WriteRegValue,"ax",%progbits
 332              		.align	2
 333              		.global	RecieveShiftReg_WriteRegValue
 334              		.thumb
 335              		.thumb_func
 336              		.type	RecieveShiftReg_WriteRegValue, %function
 337              	RecieveShiftReg_WriteRegValue:
 338              	.LFB9:
 286:Generated_Source\PSoC5/RecieveShiftReg.c **** 
 287:Generated_Source\PSoC5/RecieveShiftReg.c **** 
 288:Generated_Source\PSoC5/RecieveShiftReg.c **** /*******************************************************************************
 289:Generated_Source\PSoC5/RecieveShiftReg.c **** * Function Name: RecieveShiftReg_WriteRegValue
 290:Generated_Source\PSoC5/RecieveShiftReg.c **** ********************************************************************************
 291:Generated_Source\PSoC5/RecieveShiftReg.c **** *
 292:Generated_Source\PSoC5/RecieveShiftReg.c **** * Summary:
 293:Generated_Source\PSoC5/RecieveShiftReg.c **** *  Send state directly to shift register
 294:Generated_Source\PSoC5/RecieveShiftReg.c **** *
 295:Generated_Source\PSoC5/RecieveShiftReg.c **** * Parameters:
 296:Generated_Source\PSoC5/RecieveShiftReg.c **** *  shiftData: containing shift register state.
 297:Generated_Source\PSoC5/RecieveShiftReg.c **** *
 298:Generated_Source\PSoC5/RecieveShiftReg.c **** * Return:
 299:Generated_Source\PSoC5/RecieveShiftReg.c **** *  None.
 300:Generated_Source\PSoC5/RecieveShiftReg.c **** *
 301:Generated_Source\PSoC5/RecieveShiftReg.c **** *******************************************************************************/
 302:Generated_Source\PSoC5/RecieveShiftReg.c **** void RecieveShiftReg_WriteRegValue(uint32 shiftData)
 303:Generated_Source\PSoC5/RecieveShiftReg.c ****                                                                      
 304:Generated_Source\PSoC5/RecieveShiftReg.c **** {
 339              		.loc 1 304 0
 340              		.cfi_startproc
 341              		@ args = 0, pretend = 0, frame = 0
 342              		@ frame_needed = 0, uses_anonymous_args = 0
 343              		@ link register save eliminated.
 344              	.LVL19:
 305:Generated_Source\PSoC5/RecieveShiftReg.c ****     CY_SET_REG32(RecieveShiftReg_SHIFT_REG_LSB_PTR, shiftData);
 345              		.loc 1 305 0
 346 0000 014B     		ldr	r3, .L39
 347 0002 1860     		str	r0, [r3]
 348 0004 7047     		bx	lr
 349              	.L40:
 350 0006 00BF     		.align	2
 351              	.L39:
 352 0008 04640040 		.word	1073767428
 353              		.cfi_endproc
 354              	.LFE9:
 355              		.size	RecieveShiftReg_WriteRegValue, .-RecieveShiftReg_WriteRegValue
 356              		.section	.text.RecieveShiftReg_ReadData,"ax",%progbits
 357              		.align	2
 358              		.global	RecieveShiftReg_ReadData
 359              		.thumb
 360              		.thumb_func
 361              		.type	RecieveShiftReg_ReadData, %function
 362              	RecieveShiftReg_ReadData:
 363              	.LFB10:
 306:Generated_Source\PSoC5/RecieveShiftReg.c **** }
ARM GAS  C:\Users\EA527~1.IVA\AppData\Local\Temp\ccltsKcu.s 			page 13


 307:Generated_Source\PSoC5/RecieveShiftReg.c **** 
 308:Generated_Source\PSoC5/RecieveShiftReg.c **** 
 309:Generated_Source\PSoC5/RecieveShiftReg.c **** #if(0u != RecieveShiftReg_USE_INPUT_FIFO)
 310:Generated_Source\PSoC5/RecieveShiftReg.c ****     /*******************************************************************************
 311:Generated_Source\PSoC5/RecieveShiftReg.c ****     * Function Name: RecieveShiftReg_WriteData
 312:Generated_Source\PSoC5/RecieveShiftReg.c ****     ********************************************************************************
 313:Generated_Source\PSoC5/RecieveShiftReg.c ****     *
 314:Generated_Source\PSoC5/RecieveShiftReg.c ****     * Summary:
 315:Generated_Source\PSoC5/RecieveShiftReg.c ****     *  Send state to FIFO for later transfer to shift register based on the Load
 316:Generated_Source\PSoC5/RecieveShiftReg.c ****     *  input
 317:Generated_Source\PSoC5/RecieveShiftReg.c ****     *
 318:Generated_Source\PSoC5/RecieveShiftReg.c ****     * Parameters:
 319:Generated_Source\PSoC5/RecieveShiftReg.c ****     *  shiftData: containing shift register state.
 320:Generated_Source\PSoC5/RecieveShiftReg.c ****     *
 321:Generated_Source\PSoC5/RecieveShiftReg.c ****     * Return:
 322:Generated_Source\PSoC5/RecieveShiftReg.c ****     *  Indicates: successful execution of function
 323:Generated_Source\PSoC5/RecieveShiftReg.c ****     *  when FIFO is empty; and error when FIFO is full.
 324:Generated_Source\PSoC5/RecieveShiftReg.c ****     *
 325:Generated_Source\PSoC5/RecieveShiftReg.c ****     * Reentrant:
 326:Generated_Source\PSoC5/RecieveShiftReg.c ****     *  No.
 327:Generated_Source\PSoC5/RecieveShiftReg.c ****     *
 328:Generated_Source\PSoC5/RecieveShiftReg.c ****     *******************************************************************************/
 329:Generated_Source\PSoC5/RecieveShiftReg.c ****     cystatus RecieveShiftReg_WriteData(uint32 shiftData)
 330:Generated_Source\PSoC5/RecieveShiftReg.c ****                                                                          
 331:Generated_Source\PSoC5/RecieveShiftReg.c ****     {
 332:Generated_Source\PSoC5/RecieveShiftReg.c ****         cystatus result;
 333:Generated_Source\PSoC5/RecieveShiftReg.c **** 
 334:Generated_Source\PSoC5/RecieveShiftReg.c ****         result = CYRET_INVALID_STATE;
 335:Generated_Source\PSoC5/RecieveShiftReg.c **** 
 336:Generated_Source\PSoC5/RecieveShiftReg.c ****         /* Writes data into the input FIFO if it is not FULL */
 337:Generated_Source\PSoC5/RecieveShiftReg.c ****         if(RecieveShiftReg_RET_FIFO_FULL != (RecieveShiftReg_GetFIFOStatus(RecieveShiftReg_IN_FIFO)
 338:Generated_Source\PSoC5/RecieveShiftReg.c ****         {
 339:Generated_Source\PSoC5/RecieveShiftReg.c ****             CY_SET_REG32(RecieveShiftReg_IN_FIFO_VAL_LSB_PTR, shiftData);
 340:Generated_Source\PSoC5/RecieveShiftReg.c ****             result = CYRET_SUCCESS;
 341:Generated_Source\PSoC5/RecieveShiftReg.c ****         }
 342:Generated_Source\PSoC5/RecieveShiftReg.c **** 
 343:Generated_Source\PSoC5/RecieveShiftReg.c ****         return(result);
 344:Generated_Source\PSoC5/RecieveShiftReg.c ****     }
 345:Generated_Source\PSoC5/RecieveShiftReg.c **** #endif /* (0u != RecieveShiftReg_USE_INPUT_FIFO) */
 346:Generated_Source\PSoC5/RecieveShiftReg.c **** 
 347:Generated_Source\PSoC5/RecieveShiftReg.c **** 
 348:Generated_Source\PSoC5/RecieveShiftReg.c **** #if(0u != RecieveShiftReg_USE_OUTPUT_FIFO)
 349:Generated_Source\PSoC5/RecieveShiftReg.c ****     /*******************************************************************************
 350:Generated_Source\PSoC5/RecieveShiftReg.c ****     * Function Name: RecieveShiftReg_ReadData
 351:Generated_Source\PSoC5/RecieveShiftReg.c ****     ********************************************************************************
 352:Generated_Source\PSoC5/RecieveShiftReg.c ****     *
 353:Generated_Source\PSoC5/RecieveShiftReg.c ****     * Summary:
 354:Generated_Source\PSoC5/RecieveShiftReg.c ****     *  Returns state in FIFO due to Store input.
 355:Generated_Source\PSoC5/RecieveShiftReg.c ****     *
 356:Generated_Source\PSoC5/RecieveShiftReg.c ****     * Parameters:
 357:Generated_Source\PSoC5/RecieveShiftReg.c ****     *  None.
 358:Generated_Source\PSoC5/RecieveShiftReg.c ****     *
 359:Generated_Source\PSoC5/RecieveShiftReg.c ****     * Return:
 360:Generated_Source\PSoC5/RecieveShiftReg.c ****     *  Shift Register state
 361:Generated_Source\PSoC5/RecieveShiftReg.c ****     *
 362:Generated_Source\PSoC5/RecieveShiftReg.c ****     * Reentrant:
 363:Generated_Source\PSoC5/RecieveShiftReg.c ****     *  No.
ARM GAS  C:\Users\EA527~1.IVA\AppData\Local\Temp\ccltsKcu.s 			page 14


 364:Generated_Source\PSoC5/RecieveShiftReg.c ****     *
 365:Generated_Source\PSoC5/RecieveShiftReg.c ****     *******************************************************************************/
 366:Generated_Source\PSoC5/RecieveShiftReg.c ****     uint32 RecieveShiftReg_ReadData(void) 
 367:Generated_Source\PSoC5/RecieveShiftReg.c ****     {
 364              		.loc 1 367 0
 365              		.cfi_startproc
 366              		@ args = 0, pretend = 0, frame = 0
 367              		@ frame_needed = 0, uses_anonymous_args = 0
 368              		@ link register save eliminated.
 368:Generated_Source\PSoC5/RecieveShiftReg.c ****         return(CY_GET_REG32(RecieveShiftReg_OUT_FIFO_VAL_LSB_PTR));
 369              		.loc 1 368 0
 370 0000 014B     		ldr	r3, .L42
 371 0002 1868     		ldr	r0, [r3]
 369:Generated_Source\PSoC5/RecieveShiftReg.c ****     }
 372              		.loc 1 369 0
 373 0004 7047     		bx	lr
 374              	.L43:
 375 0006 00BF     		.align	2
 376              	.L42:
 377 0008 54640040 		.word	1073767508
 378              		.cfi_endproc
 379              	.LFE10:
 380              		.size	RecieveShiftReg_ReadData, .-RecieveShiftReg_ReadData
 381              		.section	.text.RecieveShiftReg_ReadRegValue,"ax",%progbits
 382              		.align	2
 383              		.global	RecieveShiftReg_ReadRegValue
 384              		.thumb
 385              		.thumb_func
 386              		.type	RecieveShiftReg_ReadRegValue, %function
 387              	RecieveShiftReg_ReadRegValue:
 388              	.LFB11:
 370:Generated_Source\PSoC5/RecieveShiftReg.c **** #endif /* (0u != RecieveShiftReg_USE_OUTPUT_FIFO) */
 371:Generated_Source\PSoC5/RecieveShiftReg.c **** 
 372:Generated_Source\PSoC5/RecieveShiftReg.c **** 
 373:Generated_Source\PSoC5/RecieveShiftReg.c **** /*******************************************************************************
 374:Generated_Source\PSoC5/RecieveShiftReg.c **** * Function Name: RecieveShiftReg_ReadRegValue
 375:Generated_Source\PSoC5/RecieveShiftReg.c **** ********************************************************************************
 376:Generated_Source\PSoC5/RecieveShiftReg.c **** *
 377:Generated_Source\PSoC5/RecieveShiftReg.c **** * Summary:
 378:Generated_Source\PSoC5/RecieveShiftReg.c **** *  Directly returns current state in shift register, not data in FIFO due
 379:Generated_Source\PSoC5/RecieveShiftReg.c **** *  to Store input.
 380:Generated_Source\PSoC5/RecieveShiftReg.c **** *
 381:Generated_Source\PSoC5/RecieveShiftReg.c **** * Parameters:
 382:Generated_Source\PSoC5/RecieveShiftReg.c **** *  None.
 383:Generated_Source\PSoC5/RecieveShiftReg.c **** *
 384:Generated_Source\PSoC5/RecieveShiftReg.c **** * Return:
 385:Generated_Source\PSoC5/RecieveShiftReg.c **** *  Shift Register state. Clears output FIFO.
 386:Generated_Source\PSoC5/RecieveShiftReg.c **** *
 387:Generated_Source\PSoC5/RecieveShiftReg.c **** * Reentrant:
 388:Generated_Source\PSoC5/RecieveShiftReg.c **** *  No.
 389:Generated_Source\PSoC5/RecieveShiftReg.c **** *
 390:Generated_Source\PSoC5/RecieveShiftReg.c **** *******************************************************************************/
 391:Generated_Source\PSoC5/RecieveShiftReg.c **** uint32 RecieveShiftReg_ReadRegValue(void) 
 392:Generated_Source\PSoC5/RecieveShiftReg.c **** {
 389              		.loc 1 392 0
 390              		.cfi_startproc
 391              		@ args = 0, pretend = 0, frame = 0
ARM GAS  C:\Users\EA527~1.IVA\AppData\Local\Temp\ccltsKcu.s 			page 15


 392              		@ frame_needed = 0, uses_anonymous_args = 0
 393 0000 08B5     		push	{r3, lr}
 394              		.cfi_def_cfa_offset 8
 395              		.cfi_offset 3, -8
 396              		.cfi_offset 14, -4
 393:Generated_Source\PSoC5/RecieveShiftReg.c ****     uint32 result;
 394:Generated_Source\PSoC5/RecieveShiftReg.c **** 
 395:Generated_Source\PSoC5/RecieveShiftReg.c ****     /* Clear FIFO before software capture */
 396:Generated_Source\PSoC5/RecieveShiftReg.c ****     while(RecieveShiftReg_RET_FIFO_EMPTY != RecieveShiftReg_GetFIFOStatus(RecieveShiftReg_OUT_FIFO)
 397              		.loc 1 396 0
 398 0002 01E0     		b	.L45
 399              	.L46:
 397:Generated_Source\PSoC5/RecieveShiftReg.c ****     {
 398:Generated_Source\PSoC5/RecieveShiftReg.c ****         (void) CY_GET_REG32(RecieveShiftReg_OUT_FIFO_VAL_LSB_PTR);
 400              		.loc 1 398 0
 401 0004 054B     		ldr	r3, .L48
 402 0006 1B68     		ldr	r3, [r3]
 403              	.L45:
 396:Generated_Source\PSoC5/RecieveShiftReg.c ****     {
 404              		.loc 1 396 0
 405 0008 0220     		movs	r0, #2
 406 000a FFF7FEFF 		bl	RecieveShiftReg_GetFIFOStatus
 407              	.LVL20:
 408 000e 0228     		cmp	r0, #2
 409 0010 F8D1     		bne	.L46
 399:Generated_Source\PSoC5/RecieveShiftReg.c ****     }
 400:Generated_Source\PSoC5/RecieveShiftReg.c **** 
 401:Generated_Source\PSoC5/RecieveShiftReg.c ****     /* Read of 8 bits from A1 causes capture to output FIFO */
 402:Generated_Source\PSoC5/RecieveShiftReg.c ****     (void) CY_GET_REG8(RecieveShiftReg_SHIFT_REG_CAPTURE_PTR);
 410              		.loc 1 402 0
 411 0012 034B     		ldr	r3, .L48+4
 412 0014 1B78     		ldrb	r3, [r3]	@ zero_extendqisi2
 403:Generated_Source\PSoC5/RecieveShiftReg.c **** 
 404:Generated_Source\PSoC5/RecieveShiftReg.c ****     /* Read output FIFO */
 405:Generated_Source\PSoC5/RecieveShiftReg.c ****     result  = CY_GET_REG32(RecieveShiftReg_OUT_FIFO_VAL_LSB_PTR);
 413              		.loc 1 405 0
 414 0016 014B     		ldr	r3, .L48
 415 0018 1868     		ldr	r0, [r3]
 416              	.LVL21:
 406:Generated_Source\PSoC5/RecieveShiftReg.c ****     
 407:Generated_Source\PSoC5/RecieveShiftReg.c ****     #if(0u != (RecieveShiftReg_SR_SIZE % 8u))
 408:Generated_Source\PSoC5/RecieveShiftReg.c ****         result &= ((uint32) RecieveShiftReg_SR_MASK);
 409:Generated_Source\PSoC5/RecieveShiftReg.c ****     #endif /* (0u != (RecieveShiftReg_SR_SIZE % 8u)) */
 410:Generated_Source\PSoC5/RecieveShiftReg.c ****     
 411:Generated_Source\PSoC5/RecieveShiftReg.c ****     return(result);
 412:Generated_Source\PSoC5/RecieveShiftReg.c **** }
 417              		.loc 1 412 0
 418 001a 08BD     		pop	{r3, pc}
 419              	.L49:
 420              		.align	2
 421              	.L48:
 422 001c 54640040 		.word	1073767508
 423 0020 14640040 		.word	1073767444
 424              		.cfi_endproc
 425              	.LFE11:
 426              		.size	RecieveShiftReg_ReadRegValue, .-RecieveShiftReg_ReadRegValue
 427              		.global	RecieveShiftReg_initVar
ARM GAS  C:\Users\EA527~1.IVA\AppData\Local\Temp\ccltsKcu.s 			page 16


 428              		.bss
 429              		.set	.LANCHOR0,. + 0
 430              		.type	RecieveShiftReg_initVar, %object
 431              		.size	RecieveShiftReg_initVar, 1
 432              	RecieveShiftReg_initVar:
 433 0000 00       		.space	1
 434              		.text
 435              	.Letext0:
 436              		.file 2 "Generated_Source\\PSoC5\\cytypes.h"
 437              		.file 3 "Generated_Source\\PSoC5\\CyLib.h"
 438              		.section	.debug_info,"",%progbits
 439              	.Ldebug_info0:
 440 0000 CD020000 		.4byte	0x2cd
 441 0004 0400     		.2byte	0x4
 442 0006 00000000 		.4byte	.Ldebug_abbrev0
 443 000a 04       		.byte	0x4
 444 000b 01       		.uleb128 0x1
 445 000c E3000000 		.4byte	.LASF37
 446 0010 0C       		.byte	0xc
 447 0011 1F020000 		.4byte	.LASF38
 448 0015 06000000 		.4byte	.LASF39
 449 0019 00000000 		.4byte	.Ldebug_ranges0+0
 450 001d 00000000 		.4byte	0
 451 0021 00000000 		.4byte	.Ldebug_line0
 452 0025 02       		.uleb128 0x2
 453 0026 01       		.byte	0x1
 454 0027 06       		.byte	0x6
 455 0028 53030000 		.4byte	.LASF0
 456 002c 02       		.uleb128 0x2
 457 002d 01       		.byte	0x1
 458 002e 08       		.byte	0x8
 459 002f D5000000 		.4byte	.LASF1
 460 0033 02       		.uleb128 0x2
 461 0034 02       		.byte	0x2
 462 0035 05       		.byte	0x5
 463 0036 DF020000 		.4byte	.LASF2
 464 003a 02       		.uleb128 0x2
 465 003b 02       		.byte	0x2
 466 003c 07       		.byte	0x7
 467 003d 8D000000 		.4byte	.LASF3
 468 0041 02       		.uleb128 0x2
 469 0042 04       		.byte	0x4
 470 0043 05       		.byte	0x5
 471 0044 21030000 		.4byte	.LASF4
 472 0048 02       		.uleb128 0x2
 473 0049 04       		.byte	0x4
 474 004a 07       		.byte	0x7
 475 004b 85010000 		.4byte	.LASF5
 476 004f 02       		.uleb128 0x2
 477 0050 08       		.byte	0x8
 478 0051 05       		.byte	0x5
 479 0052 B7020000 		.4byte	.LASF6
 480 0056 02       		.uleb128 0x2
 481 0057 08       		.byte	0x8
 482 0058 07       		.byte	0x7
 483 0059 BE000000 		.4byte	.LASF7
 484 005d 03       		.uleb128 0x3
ARM GAS  C:\Users\EA527~1.IVA\AppData\Local\Temp\ccltsKcu.s 			page 17


 485 005e 04       		.byte	0x4
 486 005f 05       		.byte	0x5
 487 0060 696E7400 		.ascii	"int\000"
 488 0064 02       		.uleb128 0x2
 489 0065 04       		.byte	0x4
 490 0066 07       		.byte	0x7
 491 0067 66020000 		.4byte	.LASF8
 492 006b 04       		.uleb128 0x4
 493 006c 97010000 		.4byte	.LASF9
 494 0070 02       		.byte	0x2
 495 0071 E401     		.2byte	0x1e4
 496 0073 2C000000 		.4byte	0x2c
 497 0077 04       		.uleb128 0x4
 498 0078 48020000 		.4byte	.LASF10
 499 007c 02       		.byte	0x2
 500 007d E601     		.2byte	0x1e6
 501 007f 48000000 		.4byte	0x48
 502 0083 02       		.uleb128 0x2
 503 0084 04       		.byte	0x4
 504 0085 04       		.byte	0x4
 505 0086 B8000000 		.4byte	.LASF11
 506 008a 02       		.uleb128 0x2
 507 008b 08       		.byte	0x8
 508 008c 04       		.byte	0x4
 509 008d D6010000 		.4byte	.LASF12
 510 0091 02       		.uleb128 0x2
 511 0092 01       		.byte	0x1
 512 0093 08       		.byte	0x8
 513 0094 C5020000 		.4byte	.LASF13
 514 0098 04       		.uleb128 0x4
 515 0099 71010000 		.4byte	.LASF14
 516 009d 02       		.byte	0x2
 517 009e 8E02     		.2byte	0x28e
 518 00a0 A4000000 		.4byte	0xa4
 519 00a4 05       		.uleb128 0x5
 520 00a5 6B000000 		.4byte	0x6b
 521 00a9 04       		.uleb128 0x4
 522 00aa 00000000 		.4byte	.LASF15
 523 00ae 02       		.byte	0x2
 524 00af 9002     		.2byte	0x290
 525 00b1 B5000000 		.4byte	0xb5
 526 00b5 05       		.uleb128 0x5
 527 00b6 77000000 		.4byte	0x77
 528 00ba 02       		.uleb128 0x2
 529 00bb 08       		.byte	0x8
 530 00bc 04       		.byte	0x4
 531 00bd 47030000 		.4byte	.LASF16
 532 00c1 02       		.uleb128 0x2
 533 00c2 04       		.byte	0x4
 534 00c3 07       		.byte	0x7
 535 00c4 AE020000 		.4byte	.LASF17
 536 00c8 06       		.uleb128 0x6
 537 00c9 DD010000 		.4byte	.LASF18
 538 00cd 01       		.byte	0x1
 539 00ce 87       		.byte	0x87
 540 00cf 00000000 		.4byte	.LFB4
 541 00d3 1C000000 		.4byte	.LFE4-.LFB4
ARM GAS  C:\Users\EA527~1.IVA\AppData\Local\Temp\ccltsKcu.s 			page 18


 542 00d7 01       		.uleb128 0x1
 543 00d8 9C       		.byte	0x9c
 544 00d9 FF000000 		.4byte	0xff
 545 00dd 07       		.uleb128 0x7
 546 00de 76010000 		.4byte	.LASF21
 547 00e2 01       		.byte	0x1
 548 00e3 89       		.byte	0x89
 549 00e4 6B000000 		.4byte	0x6b
 550 00e8 00000000 		.4byte	.LLST0
 551 00ec 08       		.uleb128 0x8
 552 00ed 06000000 		.4byte	.LVL0
 553 00f1 BA020000 		.4byte	0x2ba
 554 00f5 08       		.uleb128 0x8
 555 00f6 14000000 		.4byte	.LVL1
 556 00fa C5020000 		.4byte	0x2c5
 557 00fe 00       		.byte	0
 558 00ff 06       		.uleb128 0x6
 559 0100 9D010000 		.4byte	.LASF19
 560 0104 01       		.byte	0x1
 561 0105 45       		.byte	0x45
 562 0106 00000000 		.4byte	.LFB1
 563 010a 18000000 		.4byte	.LFE1-.LFB1
 564 010e 01       		.uleb128 0x1
 565 010f 9C       		.byte	0x9c
 566 0110 1E010000 		.4byte	0x11e
 567 0114 08       		.uleb128 0x8
 568 0115 10000000 		.4byte	.LVL2
 569 0119 C8000000 		.4byte	0xc8
 570 011d 00       		.byte	0
 571 011e 06       		.uleb128 0x6
 572 011f E9020000 		.4byte	.LASF20
 573 0123 01       		.byte	0x1
 574 0124 9F       		.byte	0x9f
 575 0125 00000000 		.4byte	.LFB5
 576 0129 1C000000 		.4byte	.LFE5-.LFB5
 577 012d 01       		.uleb128 0x1
 578 012e 9C       		.byte	0x9c
 579 012f 55010000 		.4byte	0x155
 580 0133 07       		.uleb128 0x7
 581 0134 76010000 		.4byte	.LASF21
 582 0138 01       		.byte	0x1
 583 0139 A1       		.byte	0xa1
 584 013a 6B000000 		.4byte	0x6b
 585 013e 13000000 		.4byte	.LLST1
 586 0142 08       		.uleb128 0x8
 587 0143 06000000 		.4byte	.LVL3
 588 0147 BA020000 		.4byte	0x2ba
 589 014b 08       		.uleb128 0x8
 590 014c 14000000 		.4byte	.LVL4
 591 0150 C5020000 		.4byte	0x2c5
 592 0154 00       		.byte	0
 593 0155 06       		.uleb128 0x6
 594 0156 78000000 		.4byte	.LASF22
 595 015a 01       		.byte	0x1
 596 015b 71       		.byte	0x71
 597 015c 00000000 		.4byte	.LFB3
 598 0160 18000000 		.4byte	.LFE3-.LFB3
ARM GAS  C:\Users\EA527~1.IVA\AppData\Local\Temp\ccltsKcu.s 			page 19


 599 0164 01       		.uleb128 0x1
 600 0165 9C       		.byte	0x9c
 601 0166 74010000 		.4byte	0x174
 602 016a 08       		.uleb128 0x8
 603 016b 10000000 		.4byte	.LVL5
 604 016f 1E010000 		.4byte	0x11e
 605 0173 00       		.byte	0
 606 0174 09       		.uleb128 0x9
 607 0175 F7010000 		.4byte	.LASF33
 608 0179 01       		.byte	0x1
 609 017a B7       		.byte	0xb7
 610 017b 6B000000 		.4byte	0x6b
 611 017f 00000000 		.4byte	.LFB6
 612 0183 28000000 		.4byte	.LFE6-.LFB6
 613 0187 01       		.uleb128 0x1
 614 0188 9C       		.byte	0x9c
 615 0189 AC010000 		.4byte	0x1ac
 616 018d 0A       		.uleb128 0xa
 617 018e CF010000 		.4byte	.LASF25
 618 0192 01       		.byte	0x1
 619 0193 B7       		.byte	0xb7
 620 0194 6B000000 		.4byte	0x6b
 621 0198 26000000 		.4byte	.LLST2
 622 019c 07       		.uleb128 0x7
 623 019d 89020000 		.4byte	.LASF23
 624 01a1 01       		.byte	0x1
 625 01a2 B9       		.byte	0xb9
 626 01a3 6B000000 		.4byte	0x6b
 627 01a7 92000000 		.4byte	.LLST3
 628 01ab 00       		.byte	0
 629 01ac 0B       		.uleb128 0xb
 630 01ad B4010000 		.4byte	.LASF24
 631 01b1 01       		.byte	0x1
 632 01b2 0501     		.2byte	0x105
 633 01b4 00000000 		.4byte	.LFB7
 634 01b8 1C000000 		.4byte	.LFE7-.LFB7
 635 01bc 01       		.uleb128 0x1
 636 01bd 9C       		.byte	0x9c
 637 01be D3010000 		.4byte	0x1d3
 638 01c2 0C       		.uleb128 0xc
 639 01c3 68000000 		.4byte	.LASF26
 640 01c7 01       		.byte	0x1
 641 01c8 0501     		.2byte	0x105
 642 01ca 6B000000 		.4byte	0x6b
 643 01ce CB000000 		.4byte	.LLST4
 644 01d2 00       		.byte	0
 645 01d3 06       		.uleb128 0x6
 646 01d4 CA020000 		.4byte	.LASF27
 647 01d8 01       		.byte	0x1
 648 01d9 5D       		.byte	0x5d
 649 01da 00000000 		.4byte	.LFB2
 650 01de 0A000000 		.4byte	.LFE2-.LFB2
 651 01e2 01       		.uleb128 0x1
 652 01e3 9C       		.byte	0x9c
 653 01e4 F8010000 		.4byte	0x1f8
 654 01e8 0D       		.uleb128 0xd
 655 01e9 08000000 		.4byte	.LVL16
ARM GAS  C:\Users\EA527~1.IVA\AppData\Local\Temp\ccltsKcu.s 			page 20


 656 01ed AC010000 		.4byte	0x1ac
 657 01f1 0E       		.uleb128 0xe
 658 01f2 01       		.uleb128 0x1
 659 01f3 50       		.byte	0x50
 660 01f4 01       		.uleb128 0x1
 661 01f5 32       		.byte	0x32
 662 01f6 00       		.byte	0
 663 01f7 00       		.byte	0
 664 01f8 06       		.uleb128 0x6
 665 01f9 52000000 		.4byte	.LASF28
 666 01fd 01       		.byte	0x1
 667 01fe 2B       		.byte	0x2b
 668 01ff 00000000 		.4byte	.LFB0
 669 0203 1C000000 		.4byte	.LFE0-.LFB0
 670 0207 01       		.uleb128 0x1
 671 0208 9C       		.byte	0x9c
 672 0209 20020000 		.4byte	0x220
 673 020d 08       		.uleb128 0x8
 674 020e 0C000000 		.4byte	.LVL17
 675 0212 D3010000 		.4byte	0x1d3
 676 0216 08       		.uleb128 0x8
 677 0217 16000000 		.4byte	.LVL18
 678 021b FF000000 		.4byte	0xff
 679 021f 00       		.byte	0
 680 0220 0F       		.uleb128 0xf
 681 0221 04030000 		.4byte	.LASF31
 682 0225 01       		.byte	0x1
 683 0226 1A01     		.2byte	0x11a
 684 0228 6B000000 		.4byte	0x6b
 685 022c 00000000 		.4byte	.LFB8
 686 0230 10000000 		.4byte	.LFE8-.LFB8
 687 0234 01       		.uleb128 0x1
 688 0235 9C       		.byte	0x9c
 689 0236 0B       		.uleb128 0xb
 690 0237 90020000 		.4byte	.LASF29
 691 023b 01       		.byte	0x1
 692 023c 2E01     		.2byte	0x12e
 693 023e 00000000 		.4byte	.LFB9
 694 0242 0C000000 		.4byte	.LFE9-.LFB9
 695 0246 01       		.uleb128 0x1
 696 0247 9C       		.byte	0x9c
 697 0248 5B020000 		.4byte	0x25b
 698 024c 10       		.uleb128 0x10
 699 024d 15020000 		.4byte	.LASF30
 700 0251 01       		.byte	0x1
 701 0252 2E01     		.2byte	0x12e
 702 0254 77000000 		.4byte	0x77
 703 0258 01       		.uleb128 0x1
 704 0259 50       		.byte	0x50
 705 025a 00       		.byte	0
 706 025b 0F       		.uleb128 0xf
 707 025c 5F030000 		.4byte	.LASF32
 708 0260 01       		.byte	0x1
 709 0261 6E01     		.2byte	0x16e
 710 0263 77000000 		.4byte	0x77
 711 0267 00000000 		.4byte	.LFB10
 712 026b 0C000000 		.4byte	.LFE10-.LFB10
ARM GAS  C:\Users\EA527~1.IVA\AppData\Local\Temp\ccltsKcu.s 			page 21


 713 026f 01       		.uleb128 0x1
 714 0270 9C       		.byte	0x9c
 715 0271 11       		.uleb128 0x11
 716 0272 2A030000 		.4byte	.LASF34
 717 0276 01       		.byte	0x1
 718 0277 8701     		.2byte	0x187
 719 0279 77000000 		.4byte	0x77
 720 027d 00000000 		.4byte	.LFB11
 721 0281 24000000 		.4byte	.LFE11-.LFB11
 722 0285 01       		.uleb128 0x1
 723 0286 9C       		.byte	0x9c
 724 0287 A9020000 		.4byte	0x2a9
 725 028b 12       		.uleb128 0x12
 726 028c 89020000 		.4byte	.LASF23
 727 0290 01       		.byte	0x1
 728 0291 8901     		.2byte	0x189
 729 0293 77000000 		.4byte	0x77
 730 0297 01       		.uleb128 0x1
 731 0298 50       		.byte	0x50
 732 0299 0D       		.uleb128 0xd
 733 029a 0E000000 		.4byte	.LVL20
 734 029e 74010000 		.4byte	0x174
 735 02a2 0E       		.uleb128 0xe
 736 02a3 01       		.uleb128 0x1
 737 02a4 50       		.byte	0x50
 738 02a5 01       		.uleb128 0x1
 739 02a6 32       		.byte	0x32
 740 02a7 00       		.byte	0
 741 02a8 00       		.byte	0
 742 02a9 13       		.uleb128 0x13
 743 02aa A0000000 		.4byte	.LASF40
 744 02ae 01       		.byte	0x1
 745 02af 13       		.byte	0x13
 746 02b0 6B000000 		.4byte	0x6b
 747 02b4 05       		.uleb128 0x5
 748 02b5 03       		.byte	0x3
 749 02b6 00000000 		.4byte	RecieveShiftReg_initVar
 750 02ba 14       		.uleb128 0x14
 751 02bb 4F020000 		.4byte	.LASF35
 752 02bf 4F020000 		.4byte	.LASF35
 753 02c3 03       		.byte	0x3
 754 02c4 7D       		.byte	0x7d
 755 02c5 14       		.uleb128 0x14
 756 02c6 73020000 		.4byte	.LASF36
 757 02ca 73020000 		.4byte	.LASF36
 758 02ce 03       		.byte	0x3
 759 02cf 7E       		.byte	0x7e
 760 02d0 00       		.byte	0
 761              		.section	.debug_abbrev,"",%progbits
 762              	.Ldebug_abbrev0:
 763 0000 01       		.uleb128 0x1
 764 0001 11       		.uleb128 0x11
 765 0002 01       		.byte	0x1
 766 0003 25       		.uleb128 0x25
 767 0004 0E       		.uleb128 0xe
 768 0005 13       		.uleb128 0x13
 769 0006 0B       		.uleb128 0xb
ARM GAS  C:\Users\EA527~1.IVA\AppData\Local\Temp\ccltsKcu.s 			page 22


 770 0007 03       		.uleb128 0x3
 771 0008 0E       		.uleb128 0xe
 772 0009 1B       		.uleb128 0x1b
 773 000a 0E       		.uleb128 0xe
 774 000b 55       		.uleb128 0x55
 775 000c 17       		.uleb128 0x17
 776 000d 11       		.uleb128 0x11
 777 000e 01       		.uleb128 0x1
 778 000f 10       		.uleb128 0x10
 779 0010 17       		.uleb128 0x17
 780 0011 00       		.byte	0
 781 0012 00       		.byte	0
 782 0013 02       		.uleb128 0x2
 783 0014 24       		.uleb128 0x24
 784 0015 00       		.byte	0
 785 0016 0B       		.uleb128 0xb
 786 0017 0B       		.uleb128 0xb
 787 0018 3E       		.uleb128 0x3e
 788 0019 0B       		.uleb128 0xb
 789 001a 03       		.uleb128 0x3
 790 001b 0E       		.uleb128 0xe
 791 001c 00       		.byte	0
 792 001d 00       		.byte	0
 793 001e 03       		.uleb128 0x3
 794 001f 24       		.uleb128 0x24
 795 0020 00       		.byte	0
 796 0021 0B       		.uleb128 0xb
 797 0022 0B       		.uleb128 0xb
 798 0023 3E       		.uleb128 0x3e
 799 0024 0B       		.uleb128 0xb
 800 0025 03       		.uleb128 0x3
 801 0026 08       		.uleb128 0x8
 802 0027 00       		.byte	0
 803 0028 00       		.byte	0
 804 0029 04       		.uleb128 0x4
 805 002a 16       		.uleb128 0x16
 806 002b 00       		.byte	0
 807 002c 03       		.uleb128 0x3
 808 002d 0E       		.uleb128 0xe
 809 002e 3A       		.uleb128 0x3a
 810 002f 0B       		.uleb128 0xb
 811 0030 3B       		.uleb128 0x3b
 812 0031 05       		.uleb128 0x5
 813 0032 49       		.uleb128 0x49
 814 0033 13       		.uleb128 0x13
 815 0034 00       		.byte	0
 816 0035 00       		.byte	0
 817 0036 05       		.uleb128 0x5
 818 0037 35       		.uleb128 0x35
 819 0038 00       		.byte	0
 820 0039 49       		.uleb128 0x49
 821 003a 13       		.uleb128 0x13
 822 003b 00       		.byte	0
 823 003c 00       		.byte	0
 824 003d 06       		.uleb128 0x6
 825 003e 2E       		.uleb128 0x2e
 826 003f 01       		.byte	0x1
ARM GAS  C:\Users\EA527~1.IVA\AppData\Local\Temp\ccltsKcu.s 			page 23


 827 0040 3F       		.uleb128 0x3f
 828 0041 19       		.uleb128 0x19
 829 0042 03       		.uleb128 0x3
 830 0043 0E       		.uleb128 0xe
 831 0044 3A       		.uleb128 0x3a
 832 0045 0B       		.uleb128 0xb
 833 0046 3B       		.uleb128 0x3b
 834 0047 0B       		.uleb128 0xb
 835 0048 27       		.uleb128 0x27
 836 0049 19       		.uleb128 0x19
 837 004a 11       		.uleb128 0x11
 838 004b 01       		.uleb128 0x1
 839 004c 12       		.uleb128 0x12
 840 004d 06       		.uleb128 0x6
 841 004e 40       		.uleb128 0x40
 842 004f 18       		.uleb128 0x18
 843 0050 9742     		.uleb128 0x2117
 844 0052 19       		.uleb128 0x19
 845 0053 01       		.uleb128 0x1
 846 0054 13       		.uleb128 0x13
 847 0055 00       		.byte	0
 848 0056 00       		.byte	0
 849 0057 07       		.uleb128 0x7
 850 0058 34       		.uleb128 0x34
 851 0059 00       		.byte	0
 852 005a 03       		.uleb128 0x3
 853 005b 0E       		.uleb128 0xe
 854 005c 3A       		.uleb128 0x3a
 855 005d 0B       		.uleb128 0xb
 856 005e 3B       		.uleb128 0x3b
 857 005f 0B       		.uleb128 0xb
 858 0060 49       		.uleb128 0x49
 859 0061 13       		.uleb128 0x13
 860 0062 02       		.uleb128 0x2
 861 0063 17       		.uleb128 0x17
 862 0064 00       		.byte	0
 863 0065 00       		.byte	0
 864 0066 08       		.uleb128 0x8
 865 0067 898201   		.uleb128 0x4109
 866 006a 00       		.byte	0
 867 006b 11       		.uleb128 0x11
 868 006c 01       		.uleb128 0x1
 869 006d 31       		.uleb128 0x31
 870 006e 13       		.uleb128 0x13
 871 006f 00       		.byte	0
 872 0070 00       		.byte	0
 873 0071 09       		.uleb128 0x9
 874 0072 2E       		.uleb128 0x2e
 875 0073 01       		.byte	0x1
 876 0074 3F       		.uleb128 0x3f
 877 0075 19       		.uleb128 0x19
 878 0076 03       		.uleb128 0x3
 879 0077 0E       		.uleb128 0xe
 880 0078 3A       		.uleb128 0x3a
 881 0079 0B       		.uleb128 0xb
 882 007a 3B       		.uleb128 0x3b
 883 007b 0B       		.uleb128 0xb
ARM GAS  C:\Users\EA527~1.IVA\AppData\Local\Temp\ccltsKcu.s 			page 24


 884 007c 27       		.uleb128 0x27
 885 007d 19       		.uleb128 0x19
 886 007e 49       		.uleb128 0x49
 887 007f 13       		.uleb128 0x13
 888 0080 11       		.uleb128 0x11
 889 0081 01       		.uleb128 0x1
 890 0082 12       		.uleb128 0x12
 891 0083 06       		.uleb128 0x6
 892 0084 40       		.uleb128 0x40
 893 0085 18       		.uleb128 0x18
 894 0086 9742     		.uleb128 0x2117
 895 0088 19       		.uleb128 0x19
 896 0089 01       		.uleb128 0x1
 897 008a 13       		.uleb128 0x13
 898 008b 00       		.byte	0
 899 008c 00       		.byte	0
 900 008d 0A       		.uleb128 0xa
 901 008e 05       		.uleb128 0x5
 902 008f 00       		.byte	0
 903 0090 03       		.uleb128 0x3
 904 0091 0E       		.uleb128 0xe
 905 0092 3A       		.uleb128 0x3a
 906 0093 0B       		.uleb128 0xb
 907 0094 3B       		.uleb128 0x3b
 908 0095 0B       		.uleb128 0xb
 909 0096 49       		.uleb128 0x49
 910 0097 13       		.uleb128 0x13
 911 0098 02       		.uleb128 0x2
 912 0099 17       		.uleb128 0x17
 913 009a 00       		.byte	0
 914 009b 00       		.byte	0
 915 009c 0B       		.uleb128 0xb
 916 009d 2E       		.uleb128 0x2e
 917 009e 01       		.byte	0x1
 918 009f 3F       		.uleb128 0x3f
 919 00a0 19       		.uleb128 0x19
 920 00a1 03       		.uleb128 0x3
 921 00a2 0E       		.uleb128 0xe
 922 00a3 3A       		.uleb128 0x3a
 923 00a4 0B       		.uleb128 0xb
 924 00a5 3B       		.uleb128 0x3b
 925 00a6 05       		.uleb128 0x5
 926 00a7 27       		.uleb128 0x27
 927 00a8 19       		.uleb128 0x19
 928 00a9 11       		.uleb128 0x11
 929 00aa 01       		.uleb128 0x1
 930 00ab 12       		.uleb128 0x12
 931 00ac 06       		.uleb128 0x6
 932 00ad 40       		.uleb128 0x40
 933 00ae 18       		.uleb128 0x18
 934 00af 9742     		.uleb128 0x2117
 935 00b1 19       		.uleb128 0x19
 936 00b2 01       		.uleb128 0x1
 937 00b3 13       		.uleb128 0x13
 938 00b4 00       		.byte	0
 939 00b5 00       		.byte	0
 940 00b6 0C       		.uleb128 0xc
ARM GAS  C:\Users\EA527~1.IVA\AppData\Local\Temp\ccltsKcu.s 			page 25


 941 00b7 05       		.uleb128 0x5
 942 00b8 00       		.byte	0
 943 00b9 03       		.uleb128 0x3
 944 00ba 0E       		.uleb128 0xe
 945 00bb 3A       		.uleb128 0x3a
 946 00bc 0B       		.uleb128 0xb
 947 00bd 3B       		.uleb128 0x3b
 948 00be 05       		.uleb128 0x5
 949 00bf 49       		.uleb128 0x49
 950 00c0 13       		.uleb128 0x13
 951 00c1 02       		.uleb128 0x2
 952 00c2 17       		.uleb128 0x17
 953 00c3 00       		.byte	0
 954 00c4 00       		.byte	0
 955 00c5 0D       		.uleb128 0xd
 956 00c6 898201   		.uleb128 0x4109
 957 00c9 01       		.byte	0x1
 958 00ca 11       		.uleb128 0x11
 959 00cb 01       		.uleb128 0x1
 960 00cc 31       		.uleb128 0x31
 961 00cd 13       		.uleb128 0x13
 962 00ce 00       		.byte	0
 963 00cf 00       		.byte	0
 964 00d0 0E       		.uleb128 0xe
 965 00d1 8A8201   		.uleb128 0x410a
 966 00d4 00       		.byte	0
 967 00d5 02       		.uleb128 0x2
 968 00d6 18       		.uleb128 0x18
 969 00d7 9142     		.uleb128 0x2111
 970 00d9 18       		.uleb128 0x18
 971 00da 00       		.byte	0
 972 00db 00       		.byte	0
 973 00dc 0F       		.uleb128 0xf
 974 00dd 2E       		.uleb128 0x2e
 975 00de 00       		.byte	0
 976 00df 3F       		.uleb128 0x3f
 977 00e0 19       		.uleb128 0x19
 978 00e1 03       		.uleb128 0x3
 979 00e2 0E       		.uleb128 0xe
 980 00e3 3A       		.uleb128 0x3a
 981 00e4 0B       		.uleb128 0xb
 982 00e5 3B       		.uleb128 0x3b
 983 00e6 05       		.uleb128 0x5
 984 00e7 27       		.uleb128 0x27
 985 00e8 19       		.uleb128 0x19
 986 00e9 49       		.uleb128 0x49
 987 00ea 13       		.uleb128 0x13
 988 00eb 11       		.uleb128 0x11
 989 00ec 01       		.uleb128 0x1
 990 00ed 12       		.uleb128 0x12
 991 00ee 06       		.uleb128 0x6
 992 00ef 40       		.uleb128 0x40
 993 00f0 18       		.uleb128 0x18
 994 00f1 9742     		.uleb128 0x2117
 995 00f3 19       		.uleb128 0x19
 996 00f4 00       		.byte	0
 997 00f5 00       		.byte	0
ARM GAS  C:\Users\EA527~1.IVA\AppData\Local\Temp\ccltsKcu.s 			page 26


 998 00f6 10       		.uleb128 0x10
 999 00f7 05       		.uleb128 0x5
 1000 00f8 00       		.byte	0
 1001 00f9 03       		.uleb128 0x3
 1002 00fa 0E       		.uleb128 0xe
 1003 00fb 3A       		.uleb128 0x3a
 1004 00fc 0B       		.uleb128 0xb
 1005 00fd 3B       		.uleb128 0x3b
 1006 00fe 05       		.uleb128 0x5
 1007 00ff 49       		.uleb128 0x49
 1008 0100 13       		.uleb128 0x13
 1009 0101 02       		.uleb128 0x2
 1010 0102 18       		.uleb128 0x18
 1011 0103 00       		.byte	0
 1012 0104 00       		.byte	0
 1013 0105 11       		.uleb128 0x11
 1014 0106 2E       		.uleb128 0x2e
 1015 0107 01       		.byte	0x1
 1016 0108 3F       		.uleb128 0x3f
 1017 0109 19       		.uleb128 0x19
 1018 010a 03       		.uleb128 0x3
 1019 010b 0E       		.uleb128 0xe
 1020 010c 3A       		.uleb128 0x3a
 1021 010d 0B       		.uleb128 0xb
 1022 010e 3B       		.uleb128 0x3b
 1023 010f 05       		.uleb128 0x5
 1024 0110 27       		.uleb128 0x27
 1025 0111 19       		.uleb128 0x19
 1026 0112 49       		.uleb128 0x49
 1027 0113 13       		.uleb128 0x13
 1028 0114 11       		.uleb128 0x11
 1029 0115 01       		.uleb128 0x1
 1030 0116 12       		.uleb128 0x12
 1031 0117 06       		.uleb128 0x6
 1032 0118 40       		.uleb128 0x40
 1033 0119 18       		.uleb128 0x18
 1034 011a 9742     		.uleb128 0x2117
 1035 011c 19       		.uleb128 0x19
 1036 011d 01       		.uleb128 0x1
 1037 011e 13       		.uleb128 0x13
 1038 011f 00       		.byte	0
 1039 0120 00       		.byte	0
 1040 0121 12       		.uleb128 0x12
 1041 0122 34       		.uleb128 0x34
 1042 0123 00       		.byte	0
 1043 0124 03       		.uleb128 0x3
 1044 0125 0E       		.uleb128 0xe
 1045 0126 3A       		.uleb128 0x3a
 1046 0127 0B       		.uleb128 0xb
 1047 0128 3B       		.uleb128 0x3b
 1048 0129 05       		.uleb128 0x5
 1049 012a 49       		.uleb128 0x49
 1050 012b 13       		.uleb128 0x13
 1051 012c 02       		.uleb128 0x2
 1052 012d 18       		.uleb128 0x18
 1053 012e 00       		.byte	0
 1054 012f 00       		.byte	0
ARM GAS  C:\Users\EA527~1.IVA\AppData\Local\Temp\ccltsKcu.s 			page 27


 1055 0130 13       		.uleb128 0x13
 1056 0131 34       		.uleb128 0x34
 1057 0132 00       		.byte	0
 1058 0133 03       		.uleb128 0x3
 1059 0134 0E       		.uleb128 0xe
 1060 0135 3A       		.uleb128 0x3a
 1061 0136 0B       		.uleb128 0xb
 1062 0137 3B       		.uleb128 0x3b
 1063 0138 0B       		.uleb128 0xb
 1064 0139 49       		.uleb128 0x49
 1065 013a 13       		.uleb128 0x13
 1066 013b 3F       		.uleb128 0x3f
 1067 013c 19       		.uleb128 0x19
 1068 013d 02       		.uleb128 0x2
 1069 013e 18       		.uleb128 0x18
 1070 013f 00       		.byte	0
 1071 0140 00       		.byte	0
 1072 0141 14       		.uleb128 0x14
 1073 0142 2E       		.uleb128 0x2e
 1074 0143 00       		.byte	0
 1075 0144 3F       		.uleb128 0x3f
 1076 0145 19       		.uleb128 0x19
 1077 0146 3C       		.uleb128 0x3c
 1078 0147 19       		.uleb128 0x19
 1079 0148 6E       		.uleb128 0x6e
 1080 0149 0E       		.uleb128 0xe
 1081 014a 03       		.uleb128 0x3
 1082 014b 0E       		.uleb128 0xe
 1083 014c 3A       		.uleb128 0x3a
 1084 014d 0B       		.uleb128 0xb
 1085 014e 3B       		.uleb128 0x3b
 1086 014f 0B       		.uleb128 0xb
 1087 0150 00       		.byte	0
 1088 0151 00       		.byte	0
 1089 0152 00       		.byte	0
 1090              		.section	.debug_loc,"",%progbits
 1091              	.Ldebug_loc0:
 1092              	.LLST0:
 1093 0000 06000000 		.4byte	.LVL0
 1094 0004 13000000 		.4byte	.LVL1-1
 1095 0008 0100     		.2byte	0x1
 1096 000a 50       		.byte	0x50
 1097 000b 00000000 		.4byte	0
 1098 000f 00000000 		.4byte	0
 1099              	.LLST1:
 1100 0013 06000000 		.4byte	.LVL3
 1101 0017 13000000 		.4byte	.LVL4-1
 1102 001b 0100     		.2byte	0x1
 1103 001d 50       		.byte	0x50
 1104 001e 00000000 		.4byte	0
 1105 0022 00000000 		.4byte	0
 1106              	.LLST2:
 1107 0026 00000000 		.4byte	.LVL6
 1108 002a 14000000 		.4byte	.LVL7
 1109 002e 0100     		.2byte	0x1
 1110 0030 50       		.byte	0x50
 1111 0031 14000000 		.4byte	.LVL7
ARM GAS  C:\Users\EA527~1.IVA\AppData\Local\Temp\ccltsKcu.s 			page 28


 1112 0035 16000000 		.4byte	.LVL8
 1113 0039 0400     		.2byte	0x4
 1114 003b F3       		.byte	0xf3
 1115 003c 01       		.uleb128 0x1
 1116 003d 50       		.byte	0x50
 1117 003e 9F       		.byte	0x9f
 1118 003f 16000000 		.4byte	.LVL8
 1119 0043 18000000 		.4byte	.LVL9
 1120 0047 0100     		.2byte	0x1
 1121 0049 50       		.byte	0x50
 1122 004a 18000000 		.4byte	.LVL9
 1123 004e 1A000000 		.4byte	.LVL10
 1124 0052 0400     		.2byte	0x4
 1125 0054 F3       		.byte	0xf3
 1126 0055 01       		.uleb128 0x1
 1127 0056 50       		.byte	0x50
 1128 0057 9F       		.byte	0x9f
 1129 0058 1A000000 		.4byte	.LVL10
 1130 005c 1C000000 		.4byte	.LVL11
 1131 0060 0100     		.2byte	0x1
 1132 0062 50       		.byte	0x50
 1133 0063 1C000000 		.4byte	.LVL11
 1134 0067 1E000000 		.4byte	.LVL12
 1135 006b 0400     		.2byte	0x4
 1136 006d F3       		.byte	0xf3
 1137 006e 01       		.uleb128 0x1
 1138 006f 50       		.byte	0x50
 1139 0070 9F       		.byte	0x9f
 1140 0071 1E000000 		.4byte	.LVL12
 1141 0075 20000000 		.4byte	.LVL13
 1142 0079 0100     		.2byte	0x1
 1143 007b 50       		.byte	0x50
 1144 007c 20000000 		.4byte	.LVL13
 1145 0080 28000000 		.4byte	.LFE6
 1146 0084 0400     		.2byte	0x4
 1147 0086 F3       		.byte	0xf3
 1148 0087 01       		.uleb128 0x1
 1149 0088 50       		.byte	0x50
 1150 0089 9F       		.byte	0x9f
 1151 008a 00000000 		.4byte	0
 1152 008e 00000000 		.4byte	0
 1153              	.LLST3:
 1154 0092 00000000 		.4byte	.LVL6
 1155 0096 16000000 		.4byte	.LVL8
 1156 009a 0300     		.2byte	0x3
 1157 009c 09       		.byte	0x9
 1158 009d FE       		.byte	0xfe
 1159 009e 9F       		.byte	0x9f
 1160 009f 16000000 		.4byte	.LVL8
 1161 00a3 1A000000 		.4byte	.LVL10
 1162 00a7 0200     		.2byte	0x2
 1163 00a9 31       		.byte	0x31
 1164 00aa 9F       		.byte	0x9f
 1165 00ab 1A000000 		.4byte	.LVL10
 1166 00af 20000000 		.4byte	.LVL13
 1167 00b3 0300     		.2byte	0x3
 1168 00b5 09       		.byte	0x9
ARM GAS  C:\Users\EA527~1.IVA\AppData\Local\Temp\ccltsKcu.s 			page 29


 1169 00b6 FE       		.byte	0xfe
 1170 00b7 9F       		.byte	0x9f
 1171 00b8 20000000 		.4byte	.LVL13
 1172 00bc 28000000 		.4byte	.LFE6
 1173 00c0 0100     		.2byte	0x1
 1174 00c2 50       		.byte	0x50
 1175 00c3 00000000 		.4byte	0
 1176 00c7 00000000 		.4byte	0
 1177              	.LLST4:
 1178 00cb 00000000 		.4byte	.LVL14
 1179 00cf 10000000 		.4byte	.LVL15
 1180 00d3 0100     		.2byte	0x1
 1181 00d5 50       		.byte	0x50
 1182 00d6 10000000 		.4byte	.LVL15
 1183 00da 1C000000 		.4byte	.LFE7
 1184 00de 0400     		.2byte	0x4
 1185 00e0 F3       		.byte	0xf3
 1186 00e1 01       		.uleb128 0x1
 1187 00e2 50       		.byte	0x50
 1188 00e3 9F       		.byte	0x9f
 1189 00e4 00000000 		.4byte	0
 1190 00e8 00000000 		.4byte	0
 1191              		.section	.debug_aranges,"",%progbits
 1192 0000 74000000 		.4byte	0x74
 1193 0004 0200     		.2byte	0x2
 1194 0006 00000000 		.4byte	.Ldebug_info0
 1195 000a 04       		.byte	0x4
 1196 000b 00       		.byte	0
 1197 000c 0000     		.2byte	0
 1198 000e 0000     		.2byte	0
 1199 0010 00000000 		.4byte	.LFB4
 1200 0014 1C000000 		.4byte	.LFE4-.LFB4
 1201 0018 00000000 		.4byte	.LFB1
 1202 001c 18000000 		.4byte	.LFE1-.LFB1
 1203 0020 00000000 		.4byte	.LFB5
 1204 0024 1C000000 		.4byte	.LFE5-.LFB5
 1205 0028 00000000 		.4byte	.LFB3
 1206 002c 18000000 		.4byte	.LFE3-.LFB3
 1207 0030 00000000 		.4byte	.LFB6
 1208 0034 28000000 		.4byte	.LFE6-.LFB6
 1209 0038 00000000 		.4byte	.LFB7
 1210 003c 1C000000 		.4byte	.LFE7-.LFB7
 1211 0040 00000000 		.4byte	.LFB2
 1212 0044 0A000000 		.4byte	.LFE2-.LFB2
 1213 0048 00000000 		.4byte	.LFB0
 1214 004c 1C000000 		.4byte	.LFE0-.LFB0
 1215 0050 00000000 		.4byte	.LFB8
 1216 0054 10000000 		.4byte	.LFE8-.LFB8
 1217 0058 00000000 		.4byte	.LFB9
 1218 005c 0C000000 		.4byte	.LFE9-.LFB9
 1219 0060 00000000 		.4byte	.LFB10
 1220 0064 0C000000 		.4byte	.LFE10-.LFB10
 1221 0068 00000000 		.4byte	.LFB11
 1222 006c 24000000 		.4byte	.LFE11-.LFB11
 1223 0070 00000000 		.4byte	0
 1224 0074 00000000 		.4byte	0
 1225              		.section	.debug_ranges,"",%progbits
ARM GAS  C:\Users\EA527~1.IVA\AppData\Local\Temp\ccltsKcu.s 			page 30


 1226              	.Ldebug_ranges0:
 1227 0000 00000000 		.4byte	.LFB4
 1228 0004 1C000000 		.4byte	.LFE4
 1229 0008 00000000 		.4byte	.LFB1
 1230 000c 18000000 		.4byte	.LFE1
 1231 0010 00000000 		.4byte	.LFB5
 1232 0014 1C000000 		.4byte	.LFE5
 1233 0018 00000000 		.4byte	.LFB3
 1234 001c 18000000 		.4byte	.LFE3
 1235 0020 00000000 		.4byte	.LFB6
 1236 0024 28000000 		.4byte	.LFE6
 1237 0028 00000000 		.4byte	.LFB7
 1238 002c 1C000000 		.4byte	.LFE7
 1239 0030 00000000 		.4byte	.LFB2
 1240 0034 0A000000 		.4byte	.LFE2
 1241 0038 00000000 		.4byte	.LFB0
 1242 003c 1C000000 		.4byte	.LFE0
 1243 0040 00000000 		.4byte	.LFB8
 1244 0044 10000000 		.4byte	.LFE8
 1245 0048 00000000 		.4byte	.LFB9
 1246 004c 0C000000 		.4byte	.LFE9
 1247 0050 00000000 		.4byte	.LFB10
 1248 0054 0C000000 		.4byte	.LFE10
 1249 0058 00000000 		.4byte	.LFB11
 1250 005c 24000000 		.4byte	.LFE11
 1251 0060 00000000 		.4byte	0
 1252 0064 00000000 		.4byte	0
 1253              		.section	.debug_line,"",%progbits
 1254              	.Ldebug_line0:
 1255 0000 48010000 		.section	.debug_str,"MS",%progbits,1
 1255      02005700 
 1255      00000201 
 1255      FB0E0D00 
 1255      01010101 
 1256              	.LASF15:
 1257 0000 72656733 		.ascii	"reg32\000"
 1257      3200
 1258              	.LASF39:
 1259 0006 433A5C55 		.ascii	"C:\\Users\\e.ivanov\\Documents\\GitHub\\generic\\Ma"
 1259      73657273 
 1259      5C652E69 
 1259      76616E6F 
 1259      765C446F 
 1260 0033 6E636865 		.ascii	"nchester encoder-decoder.cydsn\000"
 1260      73746572 
 1260      20656E63 
 1260      6F646572 
 1260      2D646563 
 1261              	.LASF28:
 1262 0052 52656369 		.ascii	"RecieveShiftReg_Start\000"
 1262      65766553 
 1262      68696674 
 1262      5265675F 
 1262      53746172 
 1263              	.LASF26:
 1264 0068 696E7465 		.ascii	"interruptSource\000"
 1264      72727570 
ARM GAS  C:\Users\EA527~1.IVA\AppData\Local\Temp\ccltsKcu.s 			page 31


 1264      74536F75 
 1264      72636500 
 1265              	.LASF22:
 1266 0078 52656369 		.ascii	"RecieveShiftReg_Stop\000"
 1266      65766553 
 1266      68696674 
 1266      5265675F 
 1266      53746F70 
 1267              	.LASF3:
 1268 008d 73686F72 		.ascii	"short unsigned int\000"
 1268      7420756E 
 1268      7369676E 
 1268      65642069 
 1268      6E7400
 1269              	.LASF40:
 1270 00a0 52656369 		.ascii	"RecieveShiftReg_initVar\000"
 1270      65766553 
 1270      68696674 
 1270      5265675F 
 1270      696E6974 
 1271              	.LASF11:
 1272 00b8 666C6F61 		.ascii	"float\000"
 1272      7400
 1273              	.LASF7:
 1274 00be 6C6F6E67 		.ascii	"long long unsigned int\000"
 1274      206C6F6E 
 1274      6720756E 
 1274      7369676E 
 1274      65642069 
 1275              	.LASF1:
 1276 00d5 756E7369 		.ascii	"unsigned char\000"
 1276      676E6564 
 1276      20636861 
 1276      7200
 1277              	.LASF37:
 1278 00e3 474E5520 		.ascii	"GNU C11 5.4.1 20160609 (release) [ARM/embedded-5-br"
 1278      43313120 
 1278      352E342E 
 1278      31203230 
 1278      31363036 
 1279 0116 616E6368 		.ascii	"anch revision 237715] -mcpu=cortex-m3 -mthumb -g -O"
 1279      20726576 
 1279      6973696F 
 1279      6E203233 
 1279      37373135 
 1280 0149 67202D66 		.ascii	"g -ffunction-sections -ffat-lto-objects\000"
 1280      66756E63 
 1280      74696F6E 
 1280      2D736563 
 1280      74696F6E 
 1281              	.LASF14:
 1282 0171 72656738 		.ascii	"reg8\000"
 1282      00
 1283              	.LASF21:
 1284 0176 696E7465 		.ascii	"interruptState\000"
 1284      72727570 
 1284      74537461 
ARM GAS  C:\Users\EA527~1.IVA\AppData\Local\Temp\ccltsKcu.s 			page 32


 1284      746500
 1285              	.LASF5:
 1286 0185 6C6F6E67 		.ascii	"long unsigned int\000"
 1286      20756E73 
 1286      69676E65 
 1286      6420696E 
 1286      7400
 1287              	.LASF9:
 1288 0197 75696E74 		.ascii	"uint8\000"
 1288      3800
 1289              	.LASF19:
 1290 019d 52656369 		.ascii	"RecieveShiftReg_Enable\000"
 1290      65766553 
 1290      68696674 
 1290      5265675F 
 1290      456E6162 
 1291              	.LASF24:
 1292 01b4 52656369 		.ascii	"RecieveShiftReg_SetIntMode\000"
 1292      65766553 
 1292      68696674 
 1292      5265675F 
 1292      53657449 
 1293              	.LASF25:
 1294 01cf 6669666F 		.ascii	"fifoId\000"
 1294      496400
 1295              	.LASF12:
 1296 01d6 646F7562 		.ascii	"double\000"
 1296      6C6500
 1297              	.LASF18:
 1298 01dd 52656369 		.ascii	"RecieveShiftReg_EnableInt\000"
 1298      65766553 
 1298      68696674 
 1298      5265675F 
 1298      456E6162 
 1299              	.LASF33:
 1300 01f7 52656369 		.ascii	"RecieveShiftReg_GetFIFOStatus\000"
 1300      65766553 
 1300      68696674 
 1300      5265675F 
 1300      47657446 
 1301              	.LASF30:
 1302 0215 73686966 		.ascii	"shiftData\000"
 1302      74446174 
 1302      6100
 1303              	.LASF38:
 1304 021f 47656E65 		.ascii	"Generated_Source\\PSoC5\\RecieveShiftReg.c\000"
 1304      72617465 
 1304      645F536F 
 1304      75726365 
 1304      5C50536F 
 1305              	.LASF10:
 1306 0248 75696E74 		.ascii	"uint32\000"
 1306      333200
 1307              	.LASF35:
 1308 024f 4379456E 		.ascii	"CyEnterCriticalSection\000"
 1308      74657243 
 1308      72697469 
ARM GAS  C:\Users\EA527~1.IVA\AppData\Local\Temp\ccltsKcu.s 			page 33


 1308      63616C53 
 1308      65637469 
 1309              	.LASF8:
 1310 0266 756E7369 		.ascii	"unsigned int\000"
 1310      676E6564 
 1310      20696E74 
 1310      00
 1311              	.LASF36:
 1312 0273 43794578 		.ascii	"CyExitCriticalSection\000"
 1312      69744372 
 1312      69746963 
 1312      616C5365 
 1312      6374696F 
 1313              	.LASF23:
 1314 0289 72657375 		.ascii	"result\000"
 1314      6C7400
 1315              	.LASF29:
 1316 0290 52656369 		.ascii	"RecieveShiftReg_WriteRegValue\000"
 1316      65766553 
 1316      68696674 
 1316      5265675F 
 1316      57726974 
 1317              	.LASF17:
 1318 02ae 73697A65 		.ascii	"sizetype\000"
 1318      74797065 
 1318      00
 1319              	.LASF6:
 1320 02b7 6C6F6E67 		.ascii	"long long int\000"
 1320      206C6F6E 
 1320      6720696E 
 1320      7400
 1321              	.LASF13:
 1322 02c5 63686172 		.ascii	"char\000"
 1322      00
 1323              	.LASF27:
 1324 02ca 52656369 		.ascii	"RecieveShiftReg_Init\000"
 1324      65766553 
 1324      68696674 
 1324      5265675F 
 1324      496E6974 
 1325              	.LASF2:
 1326 02df 73686F72 		.ascii	"short int\000"
 1326      7420696E 
 1326      7400
 1327              	.LASF20:
 1328 02e9 52656369 		.ascii	"RecieveShiftReg_DisableInt\000"
 1328      65766553 
 1328      68696674 
 1328      5265675F 
 1328      44697361 
 1329              	.LASF31:
 1330 0304 52656369 		.ascii	"RecieveShiftReg_GetIntStatus\000"
 1330      65766553 
 1330      68696674 
 1330      5265675F 
 1330      47657449 
 1331              	.LASF4:
ARM GAS  C:\Users\EA527~1.IVA\AppData\Local\Temp\ccltsKcu.s 			page 34


 1332 0321 6C6F6E67 		.ascii	"long int\000"
 1332      20696E74 
 1332      00
 1333              	.LASF34:
 1334 032a 52656369 		.ascii	"RecieveShiftReg_ReadRegValue\000"
 1334      65766553 
 1334      68696674 
 1334      5265675F 
 1334      52656164 
 1335              	.LASF16:
 1336 0347 6C6F6E67 		.ascii	"long double\000"
 1336      20646F75 
 1336      626C6500 
 1337              	.LASF0:
 1338 0353 7369676E 		.ascii	"signed char\000"
 1338      65642063 
 1338      68617200 
 1339              	.LASF32:
 1340 035f 52656369 		.ascii	"RecieveShiftReg_ReadData\000"
 1340      65766553 
 1340      68696674 
 1340      5265675F 
 1340      52656164 
 1341              		.ident	"GCC: (GNU Tools for ARM Embedded Processors) 5.4.1 20160609 (release) [ARM/embedded-5-bran
