ARM GAS  C:\Users\EA527~1.IVA\AppData\Local\Temp\ccjTtl1F.s 			page 1


   1              		.syntax unified
   2              		.cpu cortex-m3
   3              		.fpu softvfp
   4              		.eabi_attribute 20, 1
   5              		.eabi_attribute 21, 1
   6              		.eabi_attribute 23, 3
   7              		.eabi_attribute 24, 1
   8              		.eabi_attribute 25, 1
   9              		.eabi_attribute 26, 1
  10              		.eabi_attribute 30, 1
  11              		.eabi_attribute 34, 1
  12              		.eabi_attribute 18, 4
  13              		.thumb
  14              		.syntax unified
  15              		.file	"reciver.c"
  16              		.text
  17              	.Ltext0:
  18              		.cfi_sections	.debug_frame
  19              		.section	.text.Store,"ax",%progbits
  20              		.align	2
  21              		.global	Store
  22              		.thumb
  23              		.thumb_func
  24              		.type	Store, %function
  25              	Store:
  26              	.LFB0:
  27              		.file 1 "reciver.c"
   1:reciver.c     **** /* ========================================
   2:reciver.c     ****  *
   3:reciver.c     ****  * Copyright YOUR COMPANY, THE YEAR
   4:reciver.c     ****  * All Rights Reserved
   5:reciver.c     ****  * UNPUBLISHED, LICENSED SOFTWARE.
   6:reciver.c     ****  *
   7:reciver.c     ****  * CONFIDENTIAL AND PROPRIETARY INFORMATION
   8:reciver.c     ****  * WHICH IS THE PROPERTY OF your company.
   9:reciver.c     ****  *
  10:reciver.c     ****  * ========================================
  11:reciver.c     **** */
  12:reciver.c     **** #include "reciver.h"
  13:reciver.c     **** #include <RecieveShiftReg.h>
  14:reciver.c     **** #include <BitCounterDec.h>
  15:reciver.c     **** #include <StartTransmit.h>
  16:reciver.c     **** exchange_unit RecivedData;
  17:reciver.c     **** RecieveStatReg curStatRecive;
  18:reciver.c     **** 
  19:reciver.c     **** static volatile unsigned int AllowStoreFlag = 0, AllowPrepareToStoreFlag = 0, first = 0,data_recive
  20:reciver.c     **** static volatile unsigned int CountToRecieve, rcstatus=0, tmp;
  21:reciver.c     **** static uint32 *current_word  = NULL;
  22:reciver.c     **** 
  23:reciver.c     **** 
  24:reciver.c     **** void Store(void){
  28              		.loc 1 24 0
  29              		.cfi_startproc
  30              		@ args = 0, pretend = 0, frame = 0
  31              		@ frame_needed = 0, uses_anonymous_args = 0
  32 0000 08B5     		push	{r3, lr}
  33              		.cfi_def_cfa_offset 8
ARM GAS  C:\Users\EA527~1.IVA\AppData\Local\Temp\ccjTtl1F.s 			page 2


  34              		.cfi_offset 3, -8
  35              		.cfi_offset 14, -4
  25:reciver.c     ****     tmp = RecieveShiftReg_SR_STATUS;
  36              		.loc 1 25 0
  37 0002 134B     		ldr	r3, .L7
  38 0004 1B78     		ldrb	r3, [r3]	@ zero_extendqisi2
  39 0006 DBB2     		uxtb	r3, r3
  40 0008 124A     		ldr	r2, .L7+4
  41 000a 1360     		str	r3, [r2]
  26:reciver.c     ****     while ( tmp & 0x40)// FULL or NOT_EMPTY
  42              		.loc 1 26 0
  43 000c 1AE0     		b	.L2
  44              	.L5:
  27:reciver.c     ****     {
  28:reciver.c     ****         tmp = RecieveShiftReg_ReadData();
  45              		.loc 1 28 0
  46 000e FFF7FEFF 		bl	RecieveShiftReg_ReadData
  47              	.LVL0:
  48 0012 104B     		ldr	r3, .L7+4
  49 0014 1860     		str	r0, [r3]
  29:reciver.c     ****         if(first == 0)                 first = 1;
  50              		.loc 1 29 0
  51 0016 5B68     		ldr	r3, [r3, #4]
  52 0018 1BB9     		cbnz	r3, .L3
  53              		.loc 1 29 0 is_stmt 0 discriminator 1
  54 001a 0122     		movs	r2, #1
  55 001c 0D4B     		ldr	r3, .L7+4
  56 001e 5A60     		str	r2, [r3, #4]
  57 0020 10E0     		b	.L2
  58              	.L3:
  30:reciver.c     ****         else {
  31:reciver.c     ****             if(CountToRecieve){
  59              		.loc 1 31 0 is_stmt 1
  60 0022 0C4B     		ldr	r3, .L7+4
  61 0024 9B68     		ldr	r3, [r3, #8]
  62 0026 6BB1     		cbz	r3, .L2
  32:reciver.c     ****                 *current_word = tmp;
  63              		.loc 1 32 0
  64 0028 0A4B     		ldr	r3, .L7+4
  65 002a 1968     		ldr	r1, [r3]
  66 002c DA68     		ldr	r2, [r3, #12]
  67 002e 42F8041B 		str	r1, [r2], #4
  33:reciver.c     ****                 current_word++;
  68              		.loc 1 33 0
  69 0032 DA60     		str	r2, [r3, #12]
  34:reciver.c     ****                 CountToRecieve--;
  70              		.loc 1 34 0
  71 0034 9A68     		ldr	r2, [r3, #8]
  72 0036 013A     		subs	r2, r2, #1
  73 0038 9A60     		str	r2, [r3, #8]
  35:reciver.c     ****                 if(CountToRecieve==0)data_recived= 1;
  74              		.loc 1 35 0
  75 003a 9B68     		ldr	r3, [r3, #8]
  76 003c 13B9     		cbnz	r3, .L2
  77              		.loc 1 35 0 is_stmt 0 discriminator 1
  78 003e 0122     		movs	r2, #1
  79 0040 044B     		ldr	r3, .L7+4
ARM GAS  C:\Users\EA527~1.IVA\AppData\Local\Temp\ccjTtl1F.s 			page 3


  80 0042 1A61     		str	r2, [r3, #16]
  81              	.L2:
  26:reciver.c     ****     {
  82              		.loc 1 26 0 is_stmt 1
  83 0044 034B     		ldr	r3, .L7+4
  84 0046 1B68     		ldr	r3, [r3]
  85 0048 13F0400F 		tst	r3, #64
  86 004c DFD1     		bne	.L5
  36:reciver.c     ****             }
  37:reciver.c     ****         }
  38:reciver.c     ****     }
  39:reciver.c     **** }
  87              		.loc 1 39 0
  88 004e 08BD     		pop	{r3, pc}
  89              	.L8:
  90              		.align	2
  91              	.L7:
  92 0050 62640040 		.word	1073767522
  93 0054 00000000 		.word	.LANCHOR0
  94              		.cfi_endproc
  95              	.LFE0:
  96              		.size	Store, .-Store
  97              		.section	.text.SetAllowPrepareToStoreFlag,"ax",%progbits
  98              		.align	2
  99              		.global	SetAllowPrepareToStoreFlag
 100              		.thumb
 101              		.thumb_func
 102              		.type	SetAllowPrepareToStoreFlag, %function
 103              	SetAllowPrepareToStoreFlag:
 104              	.LFB1:
  40:reciver.c     **** 
  41:reciver.c     **** void SetAllowPrepareToStoreFlag(void){
 105              		.loc 1 41 0
 106              		.cfi_startproc
 107              		@ args = 0, pretend = 0, frame = 0
 108              		@ frame_needed = 0, uses_anonymous_args = 0
 109              		@ link register save eliminated.
  42:reciver.c     ****     AllowPrepareToStoreFlag = 1;
 110              		.loc 1 42 0
 111 0000 0122     		movs	r2, #1
 112 0002 014B     		ldr	r3, .L10
 113 0004 5A61     		str	r2, [r3, #20]
 114 0006 7047     		bx	lr
 115              	.L11:
 116              		.align	2
 117              	.L10:
 118 0008 00000000 		.word	.LANCHOR0
 119              		.cfi_endproc
 120              	.LFE1:
 121              		.size	SetAllowPrepareToStoreFlag, .-SetAllowPrepareToStoreFlag
 122              		.section	.text.CheckAllowPrepareToStoreFlag,"ax",%progbits
 123              		.align	2
 124              		.global	CheckAllowPrepareToStoreFlag
 125              		.thumb
 126              		.thumb_func
 127              		.type	CheckAllowPrepareToStoreFlag, %function
 128              	CheckAllowPrepareToStoreFlag:
ARM GAS  C:\Users\EA527~1.IVA\AppData\Local\Temp\ccjTtl1F.s 			page 4


 129              	.LFB2:
  43:reciver.c     **** }
  44:reciver.c     **** 
  45:reciver.c     **** int CheckAllowPrepareToStoreFlag(void){
 130              		.loc 1 45 0
 131              		.cfi_startproc
 132              		@ args = 0, pretend = 0, frame = 0
 133              		@ frame_needed = 0, uses_anonymous_args = 0
 134              		@ link register save eliminated.
  46:reciver.c     ****     return AllowPrepareToStoreFlag;
 135              		.loc 1 46 0
 136 0000 014B     		ldr	r3, .L13
 137 0002 5869     		ldr	r0, [r3, #20]
  47:reciver.c     **** }
 138              		.loc 1 47 0
 139 0004 7047     		bx	lr
 140              	.L14:
 141 0006 00BF     		.align	2
 142              	.L13:
 143 0008 00000000 		.word	.LANCHOR0
 144              		.cfi_endproc
 145              	.LFE2:
 146              		.size	CheckAllowPrepareToStoreFlag, .-CheckAllowPrepareToStoreFlag
 147              		.section	.text.ClearAllowPrepareToStoreFlag,"ax",%progbits
 148              		.align	2
 149              		.global	ClearAllowPrepareToStoreFlag
 150              		.thumb
 151              		.thumb_func
 152              		.type	ClearAllowPrepareToStoreFlag, %function
 153              	ClearAllowPrepareToStoreFlag:
 154              	.LFB3:
  48:reciver.c     **** 
  49:reciver.c     **** void ClearAllowPrepareToStoreFlag(void){
 155              		.loc 1 49 0
 156              		.cfi_startproc
 157              		@ args = 0, pretend = 0, frame = 0
 158              		@ frame_needed = 0, uses_anonymous_args = 0
 159              		@ link register save eliminated.
  50:reciver.c     ****     AllowPrepareToStoreFlag = 0;
 160              		.loc 1 50 0
 161 0000 0022     		movs	r2, #0
 162 0002 014B     		ldr	r3, .L16
 163 0004 5A61     		str	r2, [r3, #20]
 164 0006 7047     		bx	lr
 165              	.L17:
 166              		.align	2
 167              	.L16:
 168 0008 00000000 		.word	.LANCHOR0
 169              		.cfi_endproc
 170              	.LFE3:
 171              		.size	ClearAllowPrepareToStoreFlag, .-ClearAllowPrepareToStoreFlag
 172              		.section	.text.SetAllowStoreFlag,"ax",%progbits
 173              		.align	2
 174              		.global	SetAllowStoreFlag
 175              		.thumb
 176              		.thumb_func
 177              		.type	SetAllowStoreFlag, %function
ARM GAS  C:\Users\EA527~1.IVA\AppData\Local\Temp\ccjTtl1F.s 			page 5


 178              	SetAllowStoreFlag:
 179              	.LFB4:
  51:reciver.c     **** }
  52:reciver.c     **** 
  53:reciver.c     **** void SetAllowStoreFlag(void){
 180              		.loc 1 53 0
 181              		.cfi_startproc
 182              		@ args = 0, pretend = 0, frame = 0
 183              		@ frame_needed = 0, uses_anonymous_args = 0
 184              		@ link register save eliminated.
  54:reciver.c     ****     AllowStoreFlag = 1;
 185              		.loc 1 54 0
 186 0000 0122     		movs	r2, #1
 187 0002 014B     		ldr	r3, .L19
 188 0004 9A61     		str	r2, [r3, #24]
 189 0006 7047     		bx	lr
 190              	.L20:
 191              		.align	2
 192              	.L19:
 193 0008 00000000 		.word	.LANCHOR0
 194              		.cfi_endproc
 195              	.LFE4:
 196              		.size	SetAllowStoreFlag, .-SetAllowStoreFlag
 197              		.section	.text.CheckAllowStoreFlag,"ax",%progbits
 198              		.align	2
 199              		.global	CheckAllowStoreFlag
 200              		.thumb
 201              		.thumb_func
 202              		.type	CheckAllowStoreFlag, %function
 203              	CheckAllowStoreFlag:
 204              	.LFB5:
  55:reciver.c     **** }
  56:reciver.c     **** 
  57:reciver.c     **** int CheckAllowStoreFlag(void){
 205              		.loc 1 57 0
 206              		.cfi_startproc
 207              		@ args = 0, pretend = 0, frame = 0
 208              		@ frame_needed = 0, uses_anonymous_args = 0
 209              		@ link register save eliminated.
  58:reciver.c     ****     return AllowStoreFlag;
 210              		.loc 1 58 0
 211 0000 014B     		ldr	r3, .L22
 212 0002 9869     		ldr	r0, [r3, #24]
  59:reciver.c     **** }
 213              		.loc 1 59 0
 214 0004 7047     		bx	lr
 215              	.L23:
 216 0006 00BF     		.align	2
 217              	.L22:
 218 0008 00000000 		.word	.LANCHOR0
 219              		.cfi_endproc
 220              	.LFE5:
 221              		.size	CheckAllowStoreFlag, .-CheckAllowStoreFlag
 222              		.section	.text.ClearAllowStoreFlag,"ax",%progbits
 223              		.align	2
 224              		.global	ClearAllowStoreFlag
 225              		.thumb
ARM GAS  C:\Users\EA527~1.IVA\AppData\Local\Temp\ccjTtl1F.s 			page 6


 226              		.thumb_func
 227              		.type	ClearAllowStoreFlag, %function
 228              	ClearAllowStoreFlag:
 229              	.LFB6:
  60:reciver.c     **** 
  61:reciver.c     **** void ClearAllowStoreFlag(void){
 230              		.loc 1 61 0
 231              		.cfi_startproc
 232              		@ args = 0, pretend = 0, frame = 0
 233              		@ frame_needed = 0, uses_anonymous_args = 0
 234              		@ link register save eliminated.
  62:reciver.c     ****     AllowStoreFlag = 0;
 235              		.loc 1 62 0
 236 0000 0022     		movs	r2, #0
 237 0002 014B     		ldr	r3, .L25
 238 0004 9A61     		str	r2, [r3, #24]
 239 0006 7047     		bx	lr
 240              	.L26:
 241              		.align	2
 242              	.L25:
 243 0008 00000000 		.word	.LANCHOR0
 244              		.cfi_endproc
 245              	.LFE6:
 246              		.size	ClearAllowStoreFlag, .-ClearAllowStoreFlag
 247              		.section	.text.CheckNumberOfWords,"ax",%progbits
 248              		.align	2
 249              		.global	CheckNumberOfWords
 250              		.thumb
 251              		.thumb_func
 252              		.type	CheckNumberOfWords, %function
 253              	CheckNumberOfWords:
 254              	.LFB7:
  63:reciver.c     **** }
  64:reciver.c     **** 
  65:reciver.c     **** int CheckNumberOfWords(void){
 255              		.loc 1 65 0
 256              		.cfi_startproc
 257              		@ args = 0, pretend = 0, frame = 0
 258              		@ frame_needed = 0, uses_anonymous_args = 0
 259              		@ link register save eliminated.
  66:reciver.c     ****     return CountToRecieve;
 260              		.loc 1 66 0
 261 0000 014B     		ldr	r3, .L28
 262 0002 9868     		ldr	r0, [r3, #8]
  67:reciver.c     **** }
 263              		.loc 1 67 0
 264 0004 7047     		bx	lr
 265              	.L29:
 266 0006 00BF     		.align	2
 267              	.L28:
 268 0008 00000000 		.word	.LANCHOR0
 269              		.cfi_endproc
 270              	.LFE7:
 271              		.size	CheckNumberOfWords, .-CheckNumberOfWords
 272              		.section	.text.ClearRcStatus,"ax",%progbits
 273              		.align	2
 274              		.global	ClearRcStatus
ARM GAS  C:\Users\EA527~1.IVA\AppData\Local\Temp\ccjTtl1F.s 			page 7


 275              		.thumb
 276              		.thumb_func
 277              		.type	ClearRcStatus, %function
 278              	ClearRcStatus:
 279              	.LFB8:
  68:reciver.c     **** 
  69:reciver.c     **** void ClearRcStatus(void){
 280              		.loc 1 69 0
 281              		.cfi_startproc
 282              		@ args = 0, pretend = 0, frame = 0
 283              		@ frame_needed = 0, uses_anonymous_args = 0
 284              		@ link register save eliminated.
  70:reciver.c     ****     rcstatus = 0;
 285              		.loc 1 70 0
 286 0000 0022     		movs	r2, #0
 287 0002 014B     		ldr	r3, .L31
 288 0004 DA61     		str	r2, [r3, #28]
 289 0006 7047     		bx	lr
 290              	.L32:
 291              		.align	2
 292              	.L31:
 293 0008 00000000 		.word	.LANCHOR0
 294              		.cfi_endproc
 295              	.LFE8:
 296              		.size	ClearRcStatus, .-ClearRcStatus
 297              		.section	.text.isRecived,"ax",%progbits
 298              		.align	2
 299              		.global	isRecived
 300              		.thumb
 301              		.thumb_func
 302              		.type	isRecived, %function
 303              	isRecived:
 304              	.LFB9:
  71:reciver.c     **** }
  72:reciver.c     **** unsigned int isRecived(void){return data_recived;}
 305              		.loc 1 72 0
 306              		.cfi_startproc
 307              		@ args = 0, pretend = 0, frame = 0
 308              		@ frame_needed = 0, uses_anonymous_args = 0
 309              		@ link register save eliminated.
 310              		.loc 1 72 0
 311 0000 014B     		ldr	r3, .L34
 312 0002 1869     		ldr	r0, [r3, #16]
 313 0004 7047     		bx	lr
 314              	.L35:
 315 0006 00BF     		.align	2
 316              	.L34:
 317 0008 00000000 		.word	.LANCHOR0
 318              		.cfi_endproc
 319              	.LFE9:
 320              		.size	isRecived, .-isRecived
 321              		.section	.text.ClearRecived,"ax",%progbits
 322              		.align	2
 323              		.global	ClearRecived
 324              		.thumb
 325              		.thumb_func
 326              		.type	ClearRecived, %function
ARM GAS  C:\Users\EA527~1.IVA\AppData\Local\Temp\ccjTtl1F.s 			page 8


 327              	ClearRecived:
 328              	.LFB10:
  73:reciver.c     **** void ClearRecived(void){data_recived=0;}
 329              		.loc 1 73 0
 330              		.cfi_startproc
 331              		@ args = 0, pretend = 0, frame = 0
 332              		@ frame_needed = 0, uses_anonymous_args = 0
 333              		@ link register save eliminated.
 334              		.loc 1 73 0
 335 0000 0022     		movs	r2, #0
 336 0002 014B     		ldr	r3, .L37
 337 0004 1A61     		str	r2, [r3, #16]
 338 0006 7047     		bx	lr
 339              	.L38:
 340              		.align	2
 341              	.L37:
 342 0008 00000000 		.word	.LANCHOR0
 343              		.cfi_endproc
 344              	.LFE10:
 345              		.size	ClearRecived, .-ClearRecived
 346              		.section	.text.SetRecived,"ax",%progbits
 347              		.align	2
 348              		.global	SetRecived
 349              		.thumb
 350              		.thumb_func
 351              		.type	SetRecived, %function
 352              	SetRecived:
 353              	.LFB11:
  74:reciver.c     **** void SetRecived(void){data_recived=1;}
 354              		.loc 1 74 0
 355              		.cfi_startproc
 356              		@ args = 0, pretend = 0, frame = 0
 357              		@ frame_needed = 0, uses_anonymous_args = 0
 358              		@ link register save eliminated.
 359              		.loc 1 74 0
 360 0000 0122     		movs	r2, #1
 361 0002 014B     		ldr	r3, .L40
 362 0004 1A61     		str	r2, [r3, #16]
 363 0006 7047     		bx	lr
 364              	.L41:
 365              		.align	2
 366              	.L40:
 367 0008 00000000 		.word	.LANCHOR0
 368              		.cfi_endproc
 369              	.LFE11:
 370              		.size	SetRecived, .-SetRecived
 371              		.section	.text.PrepareToStore,"ax",%progbits
 372              		.align	2
 373              		.global	PrepareToStore
 374              		.thumb
 375              		.thumb_func
 376              		.type	PrepareToStore, %function
 377              	PrepareToStore:
 378              	.LFB12:
  75:reciver.c     **** 
  76:reciver.c     **** RcResult PrepareToStore(uint32* recieve_buf, int LENGTH){
 379              		.loc 1 76 0
ARM GAS  C:\Users\EA527~1.IVA\AppData\Local\Temp\ccjTtl1F.s 			page 9


 380              		.cfi_startproc
 381              		@ args = 0, pretend = 0, frame = 0
 382              		@ frame_needed = 0, uses_anonymous_args = 0
 383              	.LVL1:
  77:reciver.c     ****     if (rcstatus)
 384              		.loc 1 77 0
 385 0000 084B     		ldr	r3, .L47
 386 0002 DB69     		ldr	r3, [r3, #28]
 387 0004 5BB9     		cbnz	r3, .L44
  76:reciver.c     ****     if (rcstatus)
 388              		.loc 1 76 0
 389 0006 10B5     		push	{r4, lr}
 390              		.cfi_def_cfa_offset 8
 391              		.cfi_offset 4, -8
 392              		.cfi_offset 14, -4
  78:reciver.c     ****         return RCBUSY;
  79:reciver.c     ****     rcstatus = 1;
 393              		.loc 1 79 0
 394 0008 064B     		ldr	r3, .L47
 395 000a 0124     		movs	r4, #1
 396 000c DC61     		str	r4, [r3, #28]
  80:reciver.c     ****     CountToRecieve = LENGTH;
 397              		.loc 1 80 0
 398 000e 9960     		str	r1, [r3, #8]
  81:reciver.c     ****     current_word = recieve_buf;
 399              		.loc 1 81 0
 400 0010 D860     		str	r0, [r3, #12]
  82:reciver.c     ****     first = 1;
 401              		.loc 1 82 0
 402 0012 5C60     		str	r4, [r3, #4]
  83:reciver.c     ****     BitCounterDec_WriteCounter(31);
 403              		.loc 1 83 0
 404 0014 1F20     		movs	r0, #31
 405              	.LVL2:
 406 0016 FFF7FEFF 		bl	BitCounterDec_WriteCounter
 407              	.LVL3:
  84:reciver.c     ****     return RCSUCCSSY;
 408              		.loc 1 84 0
 409 001a 2046     		mov	r0, r4
 410 001c 10BD     		pop	{r4, pc}
 411              	.LVL4:
 412              	.L44:
 413              		.cfi_def_cfa_offset 0
 414              		.cfi_restore 4
 415              		.cfi_restore 14
  78:reciver.c     ****     rcstatus = 1;
 416              		.loc 1 78 0
 417 001e 0020     		movs	r0, #0
 418              	.LVL5:
 419 0020 7047     		bx	lr
 420              	.L48:
 421 0022 00BF     		.align	2
 422              	.L47:
 423 0024 00000000 		.word	.LANCHOR0
 424              		.cfi_endproc
 425              	.LFE12:
 426              		.size	PrepareToStore, .-PrepareToStore
ARM GAS  C:\Users\EA527~1.IVA\AppData\Local\Temp\ccjTtl1F.s 			page 10


 427              		.comm	curStatRecive,4,4
 428              		.comm	RecivedData,176,4
 429              		.bss
 430              		.align	2
 431              		.set	.LANCHOR0,. + 0
 432              		.type	tmp, %object
 433              		.size	tmp, 4
 434              	tmp:
 435 0000 00000000 		.space	4
 436              		.type	first, %object
 437              		.size	first, 4
 438              	first:
 439 0004 00000000 		.space	4
 440              		.type	CountToRecieve, %object
 441              		.size	CountToRecieve, 4
 442              	CountToRecieve:
 443 0008 00000000 		.space	4
 444              		.type	current_word, %object
 445              		.size	current_word, 4
 446              	current_word:
 447 000c 00000000 		.space	4
 448              		.type	data_recived, %object
 449              		.size	data_recived, 4
 450              	data_recived:
 451 0010 00000000 		.space	4
 452              		.type	AllowPrepareToStoreFlag, %object
 453              		.size	AllowPrepareToStoreFlag, 4
 454              	AllowPrepareToStoreFlag:
 455 0014 00000000 		.space	4
 456              		.type	AllowStoreFlag, %object
 457              		.size	AllowStoreFlag, 4
 458              	AllowStoreFlag:
 459 0018 00000000 		.space	4
 460              		.type	rcstatus, %object
 461              		.size	rcstatus, 4
 462              	rcstatus:
 463 001c 00000000 		.space	4
 464              		.text
 465              	.Letext0:
 466              		.file 2 "Generated_Source\\PSoC5/cytypes.h"
 467              		.file 3 "./frame.h"
 468              		.file 4 "reciver.h"
 469              		.file 5 "Generated_Source\\PSoC5/RecieveShiftReg.h"
 470              		.file 6 "Generated_Source\\PSoC5/BitCounterDec.h"
 471              		.section	.debug_info,"",%progbits
 472              	.Ldebug_info0:
 473 0000 CB030000 		.4byte	0x3cb
 474 0004 0400     		.2byte	0x4
 475 0006 00000000 		.4byte	.Ldebug_abbrev0
 476 000a 04       		.byte	0x4
 477 000b 01       		.uleb128 0x1
 478 000c 6D020000 		.4byte	.LASF56
 479 0010 0C       		.byte	0xc
 480 0011 E2010000 		.4byte	.LASF57
 481 0015 74010000 		.4byte	.LASF58
 482 0019 00000000 		.4byte	.Ldebug_ranges0+0
 483 001d 00000000 		.4byte	0
ARM GAS  C:\Users\EA527~1.IVA\AppData\Local\Temp\ccjTtl1F.s 			page 11


 484 0021 00000000 		.4byte	.Ldebug_line0
 485 0025 02       		.uleb128 0x2
 486 0026 01       		.byte	0x1
 487 0027 06       		.byte	0x6
 488 0028 8D000000 		.4byte	.LASF0
 489 002c 02       		.uleb128 0x2
 490 002d 01       		.byte	0x1
 491 002e 08       		.byte	0x8
 492 002f 3D020000 		.4byte	.LASF1
 493 0033 02       		.uleb128 0x2
 494 0034 02       		.byte	0x2
 495 0035 05       		.byte	0x5
 496 0036 4B020000 		.4byte	.LASF2
 497 003a 02       		.uleb128 0x2
 498 003b 02       		.byte	0x2
 499 003c 07       		.byte	0x7
 500 003d 11010000 		.4byte	.LASF3
 501 0041 02       		.uleb128 0x2
 502 0042 04       		.byte	0x4
 503 0043 05       		.byte	0x5
 504 0044 B4000000 		.4byte	.LASF4
 505 0048 02       		.uleb128 0x2
 506 0049 04       		.byte	0x4
 507 004a 07       		.byte	0x7
 508 004b FF000000 		.4byte	.LASF5
 509 004f 02       		.uleb128 0x2
 510 0050 08       		.byte	0x8
 511 0051 05       		.byte	0x5
 512 0052 7F000000 		.4byte	.LASF6
 513 0056 02       		.uleb128 0x2
 514 0057 08       		.byte	0x8
 515 0058 07       		.byte	0x7
 516 0059 34000000 		.4byte	.LASF7
 517 005d 03       		.uleb128 0x3
 518 005e 04       		.byte	0x4
 519 005f 05       		.byte	0x5
 520 0060 696E7400 		.ascii	"int\000"
 521 0064 02       		.uleb128 0x2
 522 0065 04       		.byte	0x4
 523 0066 07       		.byte	0x7
 524 0067 EA000000 		.4byte	.LASF8
 525 006b 04       		.uleb128 0x4
 526 006c BD000000 		.4byte	.LASF9
 527 0070 02       		.byte	0x2
 528 0071 E401     		.2byte	0x1e4
 529 0073 2C000000 		.4byte	0x2c
 530 0077 04       		.uleb128 0x4
 531 0078 CA000000 		.4byte	.LASF10
 532 007c 02       		.byte	0x2
 533 007d E601     		.2byte	0x1e6
 534 007f 48000000 		.4byte	0x48
 535 0083 02       		.uleb128 0x2
 536 0084 04       		.byte	0x4
 537 0085 04       		.byte	0x4
 538 0086 0F020000 		.4byte	.LASF11
 539 008a 02       		.uleb128 0x2
 540 008b 08       		.byte	0x8
ARM GAS  C:\Users\EA527~1.IVA\AppData\Local\Temp\ccjTtl1F.s 			page 12


 541 008c 04       		.byte	0x4
 542 008d C3000000 		.4byte	.LASF12
 543 0091 02       		.uleb128 0x2
 544 0092 01       		.byte	0x1
 545 0093 08       		.byte	0x8
 546 0094 29030000 		.4byte	.LASF13
 547 0098 04       		.uleb128 0x4
 548 0099 1D020000 		.4byte	.LASF14
 549 009d 02       		.byte	0x2
 550 009e 8E02     		.2byte	0x28e
 551 00a0 A4000000 		.4byte	0xa4
 552 00a4 05       		.uleb128 0x5
 553 00a5 6B000000 		.4byte	0x6b
 554 00a9 02       		.uleb128 0x2
 555 00aa 08       		.byte	0x8
 556 00ab 04       		.byte	0x4
 557 00ac CF010000 		.4byte	.LASF15
 558 00b0 02       		.uleb128 0x2
 559 00b1 04       		.byte	0x4
 560 00b2 07       		.byte	0x7
 561 00b3 6B010000 		.4byte	.LASF16
 562 00b7 06       		.uleb128 0x6
 563 00b8 10       		.byte	0x10
 564 00b9 03       		.byte	0x3
 565 00ba 10       		.byte	0x10
 566 00bb CC000000 		.4byte	0xcc
 567 00bf 07       		.uleb128 0x7
 568 00c0 AC030000 		.4byte	.LASF59
 569 00c4 03       		.byte	0x3
 570 00c5 11       		.byte	0x11
 571 00c6 CC000000 		.4byte	0xcc
 572 00ca 00       		.byte	0
 573 00cb 00       		.byte	0
 574 00cc 08       		.uleb128 0x8
 575 00cd 77000000 		.4byte	0x77
 576 00d1 DC000000 		.4byte	0xdc
 577 00d5 09       		.uleb128 0x9
 578 00d6 B0000000 		.4byte	0xb0
 579 00da 03       		.byte	0x3
 580 00db 00       		.byte	0
 581 00dc 0A       		.uleb128 0xa
 582 00dd F7000000 		.4byte	.LASF17
 583 00e1 03       		.byte	0x3
 584 00e2 12       		.byte	0x12
 585 00e3 B7000000 		.4byte	0xb7
 586 00e7 0B       		.uleb128 0xb
 587 00e8 B0       		.byte	0xb0
 588 00e9 03       		.byte	0x3
 589 00ea 14       		.byte	0x14
 590 00eb 06010000 		.4byte	0x106
 591 00ef 0C       		.uleb128 0xc
 592 00f0 4B000000 		.4byte	.LASF18
 593 00f4 03       		.byte	0x3
 594 00f5 15       		.byte	0x15
 595 00f6 06010000 		.4byte	0x106
 596 00fa 0C       		.uleb128 0xc
 597 00fb B2030000 		.4byte	.LASF19
ARM GAS  C:\Users\EA527~1.IVA\AppData\Local\Temp\ccjTtl1F.s 			page 13


 598 00ff 03       		.byte	0x3
 599 0100 16       		.byte	0x16
 600 0101 16010000 		.4byte	0x116
 601 0105 00       		.byte	0
 602 0106 08       		.uleb128 0x8
 603 0107 77000000 		.4byte	0x77
 604 010b 16010000 		.4byte	0x116
 605 010f 09       		.uleb128 0x9
 606 0110 B0000000 		.4byte	0xb0
 607 0114 2B       		.byte	0x2b
 608 0115 00       		.byte	0
 609 0116 08       		.uleb128 0x8
 610 0117 DC000000 		.4byte	0xdc
 611 011b 26010000 		.4byte	0x126
 612 011f 09       		.uleb128 0x9
 613 0120 B0000000 		.4byte	0xb0
 614 0124 0A       		.byte	0xa
 615 0125 00       		.byte	0
 616 0126 0A       		.uleb128 0xa
 617 0127 24010000 		.4byte	.LASF20
 618 012b 03       		.byte	0x3
 619 012c 17       		.byte	0x17
 620 012d E7000000 		.4byte	0xe7
 621 0131 06       		.uleb128 0x6
 622 0132 04       		.byte	0x4
 623 0133 04       		.byte	0x4
 624 0134 14       		.byte	0x14
 625 0135 A3010000 		.4byte	0x1a3
 626 0139 0D       		.uleb128 0xd
 627 013a 66010000 		.4byte	.LASF21
 628 013e 04       		.byte	0x4
 629 013f 15       		.byte	0x15
 630 0140 5D000000 		.4byte	0x5d
 631 0144 04       		.byte	0x4
 632 0145 01       		.byte	0x1
 633 0146 1F       		.byte	0x1f
 634 0147 00       		.byte	0
 635 0148 0D       		.uleb128 0xd
 636 0149 32010000 		.4byte	.LASF22
 637 014d 04       		.byte	0x4
 638 014e 16       		.byte	0x16
 639 014f 5D000000 		.4byte	0x5d
 640 0153 04       		.byte	0x4
 641 0154 01       		.byte	0x1
 642 0155 1E       		.byte	0x1e
 643 0156 00       		.byte	0
 644 0157 0D       		.uleb128 0xd
 645 0158 0C000000 		.4byte	.LASF23
 646 015c 04       		.byte	0x4
 647 015d 17       		.byte	0x17
 648 015e 5D000000 		.4byte	0x5d
 649 0162 04       		.byte	0x4
 650 0163 01       		.byte	0x1
 651 0164 1D       		.byte	0x1d
 652 0165 00       		.byte	0
 653 0166 0D       		.uleb128 0xd
 654 0167 00000000 		.4byte	.LASF24
ARM GAS  C:\Users\EA527~1.IVA\AppData\Local\Temp\ccjTtl1F.s 			page 14


 655 016b 04       		.byte	0x4
 656 016c 18       		.byte	0x18
 657 016d 5D000000 		.4byte	0x5d
 658 0171 04       		.byte	0x4
 659 0172 01       		.byte	0x1
 660 0173 1C       		.byte	0x1c
 661 0174 00       		.byte	0
 662 0175 0D       		.uleb128 0xd
 663 0176 73000000 		.4byte	.LASF25
 664 017a 04       		.byte	0x4
 665 017b 19       		.byte	0x19
 666 017c 5D000000 		.4byte	0x5d
 667 0180 04       		.byte	0x4
 668 0181 01       		.byte	0x1
 669 0182 1B       		.byte	0x1b
 670 0183 00       		.byte	0
 671 0184 0D       		.uleb128 0xd
 672 0185 15020000 		.4byte	.LASF26
 673 0189 04       		.byte	0x4
 674 018a 1A       		.byte	0x1a
 675 018b 5D000000 		.4byte	0x5d
 676 018f 04       		.byte	0x4
 677 0190 01       		.byte	0x1
 678 0191 1A       		.byte	0x1a
 679 0192 00       		.byte	0
 680 0193 0D       		.uleb128 0xd
 681 0194 55020000 		.4byte	.LASF27
 682 0198 04       		.byte	0x4
 683 0199 1B       		.byte	0x1b
 684 019a 5D000000 		.4byte	0x5d
 685 019e 04       		.byte	0x4
 686 019f 01       		.byte	0x1
 687 01a0 19       		.byte	0x19
 688 01a1 00       		.byte	0
 689 01a2 00       		.byte	0
 690 01a3 0A       		.uleb128 0xa
 691 01a4 77030000 		.4byte	.LASF28
 692 01a8 04       		.byte	0x4
 693 01a9 1D       		.byte	0x1d
 694 01aa 31010000 		.4byte	0x131
 695 01ae 0E       		.uleb128 0xe
 696 01af 01       		.byte	0x1
 697 01b0 2C000000 		.4byte	0x2c
 698 01b4 04       		.byte	0x4
 699 01b5 20       		.byte	0x20
 700 01b6 C7010000 		.4byte	0x1c7
 701 01ba 0F       		.uleb128 0xf
 702 01bb DB010000 		.4byte	.LASF29
 703 01bf 00       		.byte	0
 704 01c0 0F       		.uleb128 0xf
 705 01c1 5F030000 		.4byte	.LASF30
 706 01c5 01       		.byte	0x1
 707 01c6 00       		.byte	0
 708 01c7 0A       		.uleb128 0xa
 709 01c8 FB020000 		.4byte	.LASF31
 710 01cc 04       		.byte	0x4
 711 01cd 20       		.byte	0x20
ARM GAS  C:\Users\EA527~1.IVA\AppData\Local\Temp\ccjTtl1F.s 			page 15


 712 01ce AE010000 		.4byte	0x1ae
 713 01d2 10       		.uleb128 0x10
 714 01d3 A6030000 		.4byte	.LASF60
 715 01d7 01       		.byte	0x1
 716 01d8 18       		.byte	0x18
 717 01d9 00000000 		.4byte	.LFB0
 718 01dd 58000000 		.4byte	.LFE0-.LFB0
 719 01e1 01       		.uleb128 0x1
 720 01e2 9C       		.byte	0x9c
 721 01e3 F1010000 		.4byte	0x1f1
 722 01e7 11       		.uleb128 0x11
 723 01e8 12000000 		.4byte	.LVL0
 724 01ec B8030000 		.4byte	0x3b8
 725 01f0 00       		.byte	0
 726 01f1 12       		.uleb128 0x12
 727 01f2 99000000 		.4byte	.LASF32
 728 01f6 01       		.byte	0x1
 729 01f7 29       		.byte	0x29
 730 01f8 00000000 		.4byte	.LFB1
 731 01fc 0C000000 		.4byte	.LFE1-.LFB1
 732 0200 01       		.uleb128 0x1
 733 0201 9C       		.byte	0x9c
 734 0202 13       		.uleb128 0x13
 735 0203 42030000 		.4byte	.LASF35
 736 0207 01       		.byte	0x1
 737 0208 2D       		.byte	0x2d
 738 0209 5D000000 		.4byte	0x5d
 739 020d 00000000 		.4byte	.LFB2
 740 0211 0C000000 		.4byte	.LFE2-.LFB2
 741 0215 01       		.uleb128 0x1
 742 0216 9C       		.byte	0x9c
 743 0217 12       		.uleb128 0x12
 744 0218 B9030000 		.4byte	.LASF33
 745 021c 01       		.byte	0x1
 746 021d 31       		.byte	0x31
 747 021e 00000000 		.4byte	.LFB3
 748 0222 0C000000 		.4byte	.LFE3-.LFB3
 749 0226 01       		.uleb128 0x1
 750 0227 9C       		.byte	0x9c
 751 0228 12       		.uleb128 0x12
 752 0229 94030000 		.4byte	.LASF34
 753 022d 01       		.byte	0x1
 754 022e 35       		.byte	0x35
 755 022f 00000000 		.4byte	.LFB4
 756 0233 0C000000 		.4byte	.LFE4-.LFB4
 757 0237 01       		.uleb128 0x1
 758 0238 9C       		.byte	0x9c
 759 0239 13       		.uleb128 0x13
 760 023a 52010000 		.4byte	.LASF36
 761 023e 01       		.byte	0x1
 762 023f 39       		.byte	0x39
 763 0240 5D000000 		.4byte	0x5d
 764 0244 00000000 		.4byte	.LFB5
 765 0248 0C000000 		.4byte	.LFE5-.LFB5
 766 024c 01       		.uleb128 0x1
 767 024d 9C       		.byte	0x9c
 768 024e 12       		.uleb128 0x12
ARM GAS  C:\Users\EA527~1.IVA\AppData\Local\Temp\ccjTtl1F.s 			page 16


 769 024f 2E030000 		.4byte	.LASF37
 770 0253 01       		.byte	0x1
 771 0254 3D       		.byte	0x3d
 772 0255 00000000 		.4byte	.LFB6
 773 0259 0C000000 		.4byte	.LFE6-.LFB6
 774 025d 01       		.uleb128 0x1
 775 025e 9C       		.byte	0x9c
 776 025f 13       		.uleb128 0x13
 777 0260 60000000 		.4byte	.LASF38
 778 0264 01       		.byte	0x1
 779 0265 41       		.byte	0x41
 780 0266 5D000000 		.4byte	0x5d
 781 026a 00000000 		.4byte	.LFB7
 782 026e 0C000000 		.4byte	.LFE7-.LFB7
 783 0272 01       		.uleb128 0x1
 784 0273 9C       		.byte	0x9c
 785 0274 12       		.uleb128 0x12
 786 0275 86030000 		.4byte	.LASF39
 787 0279 01       		.byte	0x1
 788 027a 45       		.byte	0x45
 789 027b 00000000 		.4byte	.LFB8
 790 027f 0C000000 		.4byte	.LFE8-.LFB8
 791 0283 01       		.uleb128 0x1
 792 0284 9C       		.byte	0x9c
 793 0285 13       		.uleb128 0x13
 794 0286 EC010000 		.4byte	.LASF40
 795 028a 01       		.byte	0x1
 796 028b 48       		.byte	0x48
 797 028c 64000000 		.4byte	0x64
 798 0290 00000000 		.4byte	.LFB9
 799 0294 0C000000 		.4byte	.LFE9-.LFB9
 800 0298 01       		.uleb128 0x1
 801 0299 9C       		.byte	0x9c
 802 029a 12       		.uleb128 0x12
 803 029b D1000000 		.4byte	.LASF41
 804 029f 01       		.byte	0x1
 805 02a0 49       		.byte	0x49
 806 02a1 00000000 		.4byte	.LFB10
 807 02a5 0C000000 		.4byte	.LFE10-.LFB10
 808 02a9 01       		.uleb128 0x1
 809 02aa 9C       		.byte	0x9c
 810 02ab 12       		.uleb128 0x12
 811 02ac 47010000 		.4byte	.LASF42
 812 02b0 01       		.byte	0x1
 813 02b1 4A       		.byte	0x4a
 814 02b2 00000000 		.4byte	.LFB11
 815 02b6 0C000000 		.4byte	.LFE11-.LFB11
 816 02ba 01       		.uleb128 0x1
 817 02bb 9C       		.byte	0x9c
 818 02bc 14       		.uleb128 0x14
 819 02bd 51000000 		.4byte	.LASF61
 820 02c1 01       		.byte	0x1
 821 02c2 4C       		.byte	0x4c
 822 02c3 C7010000 		.4byte	0x1c7
 823 02c7 00000000 		.4byte	.LFB12
 824 02cb 28000000 		.4byte	.LFE12-.LFB12
 825 02cf 01       		.uleb128 0x1
ARM GAS  C:\Users\EA527~1.IVA\AppData\Local\Temp\ccjTtl1F.s 			page 17


 826 02d0 9C       		.byte	0x9c
 827 02d1 03030000 		.4byte	0x303
 828 02d5 15       		.uleb128 0x15
 829 02d6 28000000 		.4byte	.LASF43
 830 02da 01       		.byte	0x1
 831 02db 4C       		.byte	0x4c
 832 02dc 03030000 		.4byte	0x303
 833 02e0 00000000 		.4byte	.LLST0
 834 02e4 15       		.uleb128 0x15
 835 02e5 04030000 		.4byte	.LASF44
 836 02e9 01       		.byte	0x1
 837 02ea 4C       		.byte	0x4c
 838 02eb 5D000000 		.4byte	0x5d
 839 02ef 49000000 		.4byte	.LLST1
 840 02f3 16       		.uleb128 0x16
 841 02f4 1A000000 		.4byte	.LVL3
 842 02f8 C3030000 		.4byte	0x3c3
 843 02fc 17       		.uleb128 0x17
 844 02fd 01       		.uleb128 0x1
 845 02fe 50       		.byte	0x50
 846 02ff 01       		.uleb128 0x1
 847 0300 4F       		.byte	0x4f
 848 0301 00       		.byte	0
 849 0302 00       		.byte	0
 850 0303 18       		.uleb128 0x18
 851 0304 04       		.byte	0x4
 852 0305 77000000 		.4byte	0x77
 853 0309 19       		.uleb128 0x19
 854 030a C0010000 		.4byte	.LASF45
 855 030e 01       		.byte	0x1
 856 030f 13       		.byte	0x13
 857 0310 1A030000 		.4byte	0x31a
 858 0314 05       		.uleb128 0x5
 859 0315 03       		.byte	0x3
 860 0316 18000000 		.4byte	AllowStoreFlag
 861 031a 05       		.uleb128 0x5
 862 031b 64000000 		.4byte	0x64
 863 031f 19       		.uleb128 0x19
 864 0320 11030000 		.4byte	.LASF46
 865 0324 01       		.byte	0x1
 866 0325 13       		.byte	0x13
 867 0326 1A030000 		.4byte	0x31a
 868 032a 05       		.uleb128 0x5
 869 032b 03       		.byte	0x3
 870 032c 14000000 		.4byte	AllowPrepareToStoreFlag
 871 0330 19       		.uleb128 0x19
 872 0331 0B030000 		.4byte	.LASF47
 873 0335 01       		.byte	0x1
 874 0336 13       		.byte	0x13
 875 0337 1A030000 		.4byte	0x31a
 876 033b 05       		.uleb128 0x5
 877 033c 03       		.byte	0x3
 878 033d 04000000 		.4byte	first
 879 0341 19       		.uleb128 0x19
 880 0342 12000000 		.4byte	.LASF48
 881 0346 01       		.byte	0x1
 882 0347 13       		.byte	0x13
ARM GAS  C:\Users\EA527~1.IVA\AppData\Local\Temp\ccjTtl1F.s 			page 18


 883 0348 1A030000 		.4byte	0x31a
 884 034c 05       		.uleb128 0x5
 885 034d 03       		.byte	0x3
 886 034e 10000000 		.4byte	data_recived
 887 0352 19       		.uleb128 0x19
 888 0353 38010000 		.4byte	.LASF49
 889 0357 01       		.byte	0x1
 890 0358 14       		.byte	0x14
 891 0359 1A030000 		.4byte	0x31a
 892 035d 05       		.uleb128 0x5
 893 035e 03       		.byte	0x3
 894 035f 08000000 		.4byte	CountToRecieve
 895 0363 19       		.uleb128 0x19
 896 0364 1F000000 		.4byte	.LASF50
 897 0368 01       		.byte	0x1
 898 0369 14       		.byte	0x14
 899 036a 1A030000 		.4byte	0x31a
 900 036e 05       		.uleb128 0x5
 901 036f 03       		.byte	0x3
 902 0370 1C000000 		.4byte	rcstatus
 903 0374 1A       		.uleb128 0x1a
 904 0375 746D7000 		.ascii	"tmp\000"
 905 0379 01       		.byte	0x1
 906 037a 14       		.byte	0x14
 907 037b 1A030000 		.4byte	0x31a
 908 037f 05       		.uleb128 0x5
 909 0380 03       		.byte	0x3
 910 0381 00000000 		.4byte	tmp
 911 0385 19       		.uleb128 0x19
 912 0386 60020000 		.4byte	.LASF51
 913 038a 01       		.byte	0x1
 914 038b 15       		.byte	0x15
 915 038c 03030000 		.4byte	0x303
 916 0390 05       		.uleb128 0x5
 917 0391 03       		.byte	0x3
 918 0392 0C000000 		.4byte	current_word
 919 0396 1B       		.uleb128 0x1b
 920 0397 DE000000 		.4byte	.LASF52
 921 039b 01       		.byte	0x1
 922 039c 10       		.byte	0x10
 923 039d 26010000 		.4byte	0x126
 924 03a1 05       		.uleb128 0x5
 925 03a2 03       		.byte	0x3
 926 03a3 00000000 		.4byte	RecivedData
 927 03a7 1B       		.uleb128 0x1b
 928 03a8 69030000 		.4byte	.LASF53
 929 03ac 01       		.byte	0x1
 930 03ad 11       		.byte	0x11
 931 03ae A3010000 		.4byte	0x1a3
 932 03b2 05       		.uleb128 0x5
 933 03b3 03       		.byte	0x3
 934 03b4 00000000 		.4byte	curStatRecive
 935 03b8 1C       		.uleb128 0x1c
 936 03b9 F6010000 		.4byte	.LASF54
 937 03bd F6010000 		.4byte	.LASF54
 938 03c1 05       		.byte	0x5
 939 03c2 53       		.byte	0x53
ARM GAS  C:\Users\EA527~1.IVA\AppData\Local\Temp\ccjTtl1F.s 			page 19


 940 03c3 1C       		.uleb128 0x1c
 941 03c4 22020000 		.4byte	.LASF55
 942 03c8 22020000 		.4byte	.LASF55
 943 03cc 06       		.byte	0x6
 944 03cd 5A       		.byte	0x5a
 945 03ce 00       		.byte	0
 946              		.section	.debug_abbrev,"",%progbits
 947              	.Ldebug_abbrev0:
 948 0000 01       		.uleb128 0x1
 949 0001 11       		.uleb128 0x11
 950 0002 01       		.byte	0x1
 951 0003 25       		.uleb128 0x25
 952 0004 0E       		.uleb128 0xe
 953 0005 13       		.uleb128 0x13
 954 0006 0B       		.uleb128 0xb
 955 0007 03       		.uleb128 0x3
 956 0008 0E       		.uleb128 0xe
 957 0009 1B       		.uleb128 0x1b
 958 000a 0E       		.uleb128 0xe
 959 000b 55       		.uleb128 0x55
 960 000c 17       		.uleb128 0x17
 961 000d 11       		.uleb128 0x11
 962 000e 01       		.uleb128 0x1
 963 000f 10       		.uleb128 0x10
 964 0010 17       		.uleb128 0x17
 965 0011 00       		.byte	0
 966 0012 00       		.byte	0
 967 0013 02       		.uleb128 0x2
 968 0014 24       		.uleb128 0x24
 969 0015 00       		.byte	0
 970 0016 0B       		.uleb128 0xb
 971 0017 0B       		.uleb128 0xb
 972 0018 3E       		.uleb128 0x3e
 973 0019 0B       		.uleb128 0xb
 974 001a 03       		.uleb128 0x3
 975 001b 0E       		.uleb128 0xe
 976 001c 00       		.byte	0
 977 001d 00       		.byte	0
 978 001e 03       		.uleb128 0x3
 979 001f 24       		.uleb128 0x24
 980 0020 00       		.byte	0
 981 0021 0B       		.uleb128 0xb
 982 0022 0B       		.uleb128 0xb
 983 0023 3E       		.uleb128 0x3e
 984 0024 0B       		.uleb128 0xb
 985 0025 03       		.uleb128 0x3
 986 0026 08       		.uleb128 0x8
 987 0027 00       		.byte	0
 988 0028 00       		.byte	0
 989 0029 04       		.uleb128 0x4
 990 002a 16       		.uleb128 0x16
 991 002b 00       		.byte	0
 992 002c 03       		.uleb128 0x3
 993 002d 0E       		.uleb128 0xe
 994 002e 3A       		.uleb128 0x3a
 995 002f 0B       		.uleb128 0xb
 996 0030 3B       		.uleb128 0x3b
ARM GAS  C:\Users\EA527~1.IVA\AppData\Local\Temp\ccjTtl1F.s 			page 20


 997 0031 05       		.uleb128 0x5
 998 0032 49       		.uleb128 0x49
 999 0033 13       		.uleb128 0x13
 1000 0034 00       		.byte	0
 1001 0035 00       		.byte	0
 1002 0036 05       		.uleb128 0x5
 1003 0037 35       		.uleb128 0x35
 1004 0038 00       		.byte	0
 1005 0039 49       		.uleb128 0x49
 1006 003a 13       		.uleb128 0x13
 1007 003b 00       		.byte	0
 1008 003c 00       		.byte	0
 1009 003d 06       		.uleb128 0x6
 1010 003e 13       		.uleb128 0x13
 1011 003f 01       		.byte	0x1
 1012 0040 0B       		.uleb128 0xb
 1013 0041 0B       		.uleb128 0xb
 1014 0042 3A       		.uleb128 0x3a
 1015 0043 0B       		.uleb128 0xb
 1016 0044 3B       		.uleb128 0x3b
 1017 0045 0B       		.uleb128 0xb
 1018 0046 01       		.uleb128 0x1
 1019 0047 13       		.uleb128 0x13
 1020 0048 00       		.byte	0
 1021 0049 00       		.byte	0
 1022 004a 07       		.uleb128 0x7
 1023 004b 0D       		.uleb128 0xd
 1024 004c 00       		.byte	0
 1025 004d 03       		.uleb128 0x3
 1026 004e 0E       		.uleb128 0xe
 1027 004f 3A       		.uleb128 0x3a
 1028 0050 0B       		.uleb128 0xb
 1029 0051 3B       		.uleb128 0x3b
 1030 0052 0B       		.uleb128 0xb
 1031 0053 49       		.uleb128 0x49
 1032 0054 13       		.uleb128 0x13
 1033 0055 38       		.uleb128 0x38
 1034 0056 0B       		.uleb128 0xb
 1035 0057 00       		.byte	0
 1036 0058 00       		.byte	0
 1037 0059 08       		.uleb128 0x8
 1038 005a 01       		.uleb128 0x1
 1039 005b 01       		.byte	0x1
 1040 005c 49       		.uleb128 0x49
 1041 005d 13       		.uleb128 0x13
 1042 005e 01       		.uleb128 0x1
 1043 005f 13       		.uleb128 0x13
 1044 0060 00       		.byte	0
 1045 0061 00       		.byte	0
 1046 0062 09       		.uleb128 0x9
 1047 0063 21       		.uleb128 0x21
 1048 0064 00       		.byte	0
 1049 0065 49       		.uleb128 0x49
 1050 0066 13       		.uleb128 0x13
 1051 0067 2F       		.uleb128 0x2f
 1052 0068 0B       		.uleb128 0xb
 1053 0069 00       		.byte	0
ARM GAS  C:\Users\EA527~1.IVA\AppData\Local\Temp\ccjTtl1F.s 			page 21


 1054 006a 00       		.byte	0
 1055 006b 0A       		.uleb128 0xa
 1056 006c 16       		.uleb128 0x16
 1057 006d 00       		.byte	0
 1058 006e 03       		.uleb128 0x3
 1059 006f 0E       		.uleb128 0xe
 1060 0070 3A       		.uleb128 0x3a
 1061 0071 0B       		.uleb128 0xb
 1062 0072 3B       		.uleb128 0x3b
 1063 0073 0B       		.uleb128 0xb
 1064 0074 49       		.uleb128 0x49
 1065 0075 13       		.uleb128 0x13
 1066 0076 00       		.byte	0
 1067 0077 00       		.byte	0
 1068 0078 0B       		.uleb128 0xb
 1069 0079 17       		.uleb128 0x17
 1070 007a 01       		.byte	0x1
 1071 007b 0B       		.uleb128 0xb
 1072 007c 0B       		.uleb128 0xb
 1073 007d 3A       		.uleb128 0x3a
 1074 007e 0B       		.uleb128 0xb
 1075 007f 3B       		.uleb128 0x3b
 1076 0080 0B       		.uleb128 0xb
 1077 0081 01       		.uleb128 0x1
 1078 0082 13       		.uleb128 0x13
 1079 0083 00       		.byte	0
 1080 0084 00       		.byte	0
 1081 0085 0C       		.uleb128 0xc
 1082 0086 0D       		.uleb128 0xd
 1083 0087 00       		.byte	0
 1084 0088 03       		.uleb128 0x3
 1085 0089 0E       		.uleb128 0xe
 1086 008a 3A       		.uleb128 0x3a
 1087 008b 0B       		.uleb128 0xb
 1088 008c 3B       		.uleb128 0x3b
 1089 008d 0B       		.uleb128 0xb
 1090 008e 49       		.uleb128 0x49
 1091 008f 13       		.uleb128 0x13
 1092 0090 00       		.byte	0
 1093 0091 00       		.byte	0
 1094 0092 0D       		.uleb128 0xd
 1095 0093 0D       		.uleb128 0xd
 1096 0094 00       		.byte	0
 1097 0095 03       		.uleb128 0x3
 1098 0096 0E       		.uleb128 0xe
 1099 0097 3A       		.uleb128 0x3a
 1100 0098 0B       		.uleb128 0xb
 1101 0099 3B       		.uleb128 0x3b
 1102 009a 0B       		.uleb128 0xb
 1103 009b 49       		.uleb128 0x49
 1104 009c 13       		.uleb128 0x13
 1105 009d 0B       		.uleb128 0xb
 1106 009e 0B       		.uleb128 0xb
 1107 009f 0D       		.uleb128 0xd
 1108 00a0 0B       		.uleb128 0xb
 1109 00a1 0C       		.uleb128 0xc
 1110 00a2 0B       		.uleb128 0xb
ARM GAS  C:\Users\EA527~1.IVA\AppData\Local\Temp\ccjTtl1F.s 			page 22


 1111 00a3 38       		.uleb128 0x38
 1112 00a4 0B       		.uleb128 0xb
 1113 00a5 00       		.byte	0
 1114 00a6 00       		.byte	0
 1115 00a7 0E       		.uleb128 0xe
 1116 00a8 04       		.uleb128 0x4
 1117 00a9 01       		.byte	0x1
 1118 00aa 0B       		.uleb128 0xb
 1119 00ab 0B       		.uleb128 0xb
 1120 00ac 49       		.uleb128 0x49
 1121 00ad 13       		.uleb128 0x13
 1122 00ae 3A       		.uleb128 0x3a
 1123 00af 0B       		.uleb128 0xb
 1124 00b0 3B       		.uleb128 0x3b
 1125 00b1 0B       		.uleb128 0xb
 1126 00b2 01       		.uleb128 0x1
 1127 00b3 13       		.uleb128 0x13
 1128 00b4 00       		.byte	0
 1129 00b5 00       		.byte	0
 1130 00b6 0F       		.uleb128 0xf
 1131 00b7 28       		.uleb128 0x28
 1132 00b8 00       		.byte	0
 1133 00b9 03       		.uleb128 0x3
 1134 00ba 0E       		.uleb128 0xe
 1135 00bb 1C       		.uleb128 0x1c
 1136 00bc 0B       		.uleb128 0xb
 1137 00bd 00       		.byte	0
 1138 00be 00       		.byte	0
 1139 00bf 10       		.uleb128 0x10
 1140 00c0 2E       		.uleb128 0x2e
 1141 00c1 01       		.byte	0x1
 1142 00c2 3F       		.uleb128 0x3f
 1143 00c3 19       		.uleb128 0x19
 1144 00c4 03       		.uleb128 0x3
 1145 00c5 0E       		.uleb128 0xe
 1146 00c6 3A       		.uleb128 0x3a
 1147 00c7 0B       		.uleb128 0xb
 1148 00c8 3B       		.uleb128 0x3b
 1149 00c9 0B       		.uleb128 0xb
 1150 00ca 27       		.uleb128 0x27
 1151 00cb 19       		.uleb128 0x19
 1152 00cc 11       		.uleb128 0x11
 1153 00cd 01       		.uleb128 0x1
 1154 00ce 12       		.uleb128 0x12
 1155 00cf 06       		.uleb128 0x6
 1156 00d0 40       		.uleb128 0x40
 1157 00d1 18       		.uleb128 0x18
 1158 00d2 9742     		.uleb128 0x2117
 1159 00d4 19       		.uleb128 0x19
 1160 00d5 01       		.uleb128 0x1
 1161 00d6 13       		.uleb128 0x13
 1162 00d7 00       		.byte	0
 1163 00d8 00       		.byte	0
 1164 00d9 11       		.uleb128 0x11
 1165 00da 898201   		.uleb128 0x4109
 1166 00dd 00       		.byte	0
 1167 00de 11       		.uleb128 0x11
ARM GAS  C:\Users\EA527~1.IVA\AppData\Local\Temp\ccjTtl1F.s 			page 23


 1168 00df 01       		.uleb128 0x1
 1169 00e0 31       		.uleb128 0x31
 1170 00e1 13       		.uleb128 0x13
 1171 00e2 00       		.byte	0
 1172 00e3 00       		.byte	0
 1173 00e4 12       		.uleb128 0x12
 1174 00e5 2E       		.uleb128 0x2e
 1175 00e6 00       		.byte	0
 1176 00e7 3F       		.uleb128 0x3f
 1177 00e8 19       		.uleb128 0x19
 1178 00e9 03       		.uleb128 0x3
 1179 00ea 0E       		.uleb128 0xe
 1180 00eb 3A       		.uleb128 0x3a
 1181 00ec 0B       		.uleb128 0xb
 1182 00ed 3B       		.uleb128 0x3b
 1183 00ee 0B       		.uleb128 0xb
 1184 00ef 27       		.uleb128 0x27
 1185 00f0 19       		.uleb128 0x19
 1186 00f1 11       		.uleb128 0x11
 1187 00f2 01       		.uleb128 0x1
 1188 00f3 12       		.uleb128 0x12
 1189 00f4 06       		.uleb128 0x6
 1190 00f5 40       		.uleb128 0x40
 1191 00f6 18       		.uleb128 0x18
 1192 00f7 9742     		.uleb128 0x2117
 1193 00f9 19       		.uleb128 0x19
 1194 00fa 00       		.byte	0
 1195 00fb 00       		.byte	0
 1196 00fc 13       		.uleb128 0x13
 1197 00fd 2E       		.uleb128 0x2e
 1198 00fe 00       		.byte	0
 1199 00ff 3F       		.uleb128 0x3f
 1200 0100 19       		.uleb128 0x19
 1201 0101 03       		.uleb128 0x3
 1202 0102 0E       		.uleb128 0xe
 1203 0103 3A       		.uleb128 0x3a
 1204 0104 0B       		.uleb128 0xb
 1205 0105 3B       		.uleb128 0x3b
 1206 0106 0B       		.uleb128 0xb
 1207 0107 27       		.uleb128 0x27
 1208 0108 19       		.uleb128 0x19
 1209 0109 49       		.uleb128 0x49
 1210 010a 13       		.uleb128 0x13
 1211 010b 11       		.uleb128 0x11
 1212 010c 01       		.uleb128 0x1
 1213 010d 12       		.uleb128 0x12
 1214 010e 06       		.uleb128 0x6
 1215 010f 40       		.uleb128 0x40
 1216 0110 18       		.uleb128 0x18
 1217 0111 9742     		.uleb128 0x2117
 1218 0113 19       		.uleb128 0x19
 1219 0114 00       		.byte	0
 1220 0115 00       		.byte	0
 1221 0116 14       		.uleb128 0x14
 1222 0117 2E       		.uleb128 0x2e
 1223 0118 01       		.byte	0x1
 1224 0119 3F       		.uleb128 0x3f
ARM GAS  C:\Users\EA527~1.IVA\AppData\Local\Temp\ccjTtl1F.s 			page 24


 1225 011a 19       		.uleb128 0x19
 1226 011b 03       		.uleb128 0x3
 1227 011c 0E       		.uleb128 0xe
 1228 011d 3A       		.uleb128 0x3a
 1229 011e 0B       		.uleb128 0xb
 1230 011f 3B       		.uleb128 0x3b
 1231 0120 0B       		.uleb128 0xb
 1232 0121 27       		.uleb128 0x27
 1233 0122 19       		.uleb128 0x19
 1234 0123 49       		.uleb128 0x49
 1235 0124 13       		.uleb128 0x13
 1236 0125 11       		.uleb128 0x11
 1237 0126 01       		.uleb128 0x1
 1238 0127 12       		.uleb128 0x12
 1239 0128 06       		.uleb128 0x6
 1240 0129 40       		.uleb128 0x40
 1241 012a 18       		.uleb128 0x18
 1242 012b 9742     		.uleb128 0x2117
 1243 012d 19       		.uleb128 0x19
 1244 012e 01       		.uleb128 0x1
 1245 012f 13       		.uleb128 0x13
 1246 0130 00       		.byte	0
 1247 0131 00       		.byte	0
 1248 0132 15       		.uleb128 0x15
 1249 0133 05       		.uleb128 0x5
 1250 0134 00       		.byte	0
 1251 0135 03       		.uleb128 0x3
 1252 0136 0E       		.uleb128 0xe
 1253 0137 3A       		.uleb128 0x3a
 1254 0138 0B       		.uleb128 0xb
 1255 0139 3B       		.uleb128 0x3b
 1256 013a 0B       		.uleb128 0xb
 1257 013b 49       		.uleb128 0x49
 1258 013c 13       		.uleb128 0x13
 1259 013d 02       		.uleb128 0x2
 1260 013e 17       		.uleb128 0x17
 1261 013f 00       		.byte	0
 1262 0140 00       		.byte	0
 1263 0141 16       		.uleb128 0x16
 1264 0142 898201   		.uleb128 0x4109
 1265 0145 01       		.byte	0x1
 1266 0146 11       		.uleb128 0x11
 1267 0147 01       		.uleb128 0x1
 1268 0148 31       		.uleb128 0x31
 1269 0149 13       		.uleb128 0x13
 1270 014a 00       		.byte	0
 1271 014b 00       		.byte	0
 1272 014c 17       		.uleb128 0x17
 1273 014d 8A8201   		.uleb128 0x410a
 1274 0150 00       		.byte	0
 1275 0151 02       		.uleb128 0x2
 1276 0152 18       		.uleb128 0x18
 1277 0153 9142     		.uleb128 0x2111
 1278 0155 18       		.uleb128 0x18
 1279 0156 00       		.byte	0
 1280 0157 00       		.byte	0
 1281 0158 18       		.uleb128 0x18
ARM GAS  C:\Users\EA527~1.IVA\AppData\Local\Temp\ccjTtl1F.s 			page 25


 1282 0159 0F       		.uleb128 0xf
 1283 015a 00       		.byte	0
 1284 015b 0B       		.uleb128 0xb
 1285 015c 0B       		.uleb128 0xb
 1286 015d 49       		.uleb128 0x49
 1287 015e 13       		.uleb128 0x13
 1288 015f 00       		.byte	0
 1289 0160 00       		.byte	0
 1290 0161 19       		.uleb128 0x19
 1291 0162 34       		.uleb128 0x34
 1292 0163 00       		.byte	0
 1293 0164 03       		.uleb128 0x3
 1294 0165 0E       		.uleb128 0xe
 1295 0166 3A       		.uleb128 0x3a
 1296 0167 0B       		.uleb128 0xb
 1297 0168 3B       		.uleb128 0x3b
 1298 0169 0B       		.uleb128 0xb
 1299 016a 49       		.uleb128 0x49
 1300 016b 13       		.uleb128 0x13
 1301 016c 02       		.uleb128 0x2
 1302 016d 18       		.uleb128 0x18
 1303 016e 00       		.byte	0
 1304 016f 00       		.byte	0
 1305 0170 1A       		.uleb128 0x1a
 1306 0171 34       		.uleb128 0x34
 1307 0172 00       		.byte	0
 1308 0173 03       		.uleb128 0x3
 1309 0174 08       		.uleb128 0x8
 1310 0175 3A       		.uleb128 0x3a
 1311 0176 0B       		.uleb128 0xb
 1312 0177 3B       		.uleb128 0x3b
 1313 0178 0B       		.uleb128 0xb
 1314 0179 49       		.uleb128 0x49
 1315 017a 13       		.uleb128 0x13
 1316 017b 02       		.uleb128 0x2
 1317 017c 18       		.uleb128 0x18
 1318 017d 00       		.byte	0
 1319 017e 00       		.byte	0
 1320 017f 1B       		.uleb128 0x1b
 1321 0180 34       		.uleb128 0x34
 1322 0181 00       		.byte	0
 1323 0182 03       		.uleb128 0x3
 1324 0183 0E       		.uleb128 0xe
 1325 0184 3A       		.uleb128 0x3a
 1326 0185 0B       		.uleb128 0xb
 1327 0186 3B       		.uleb128 0x3b
 1328 0187 0B       		.uleb128 0xb
 1329 0188 49       		.uleb128 0x49
 1330 0189 13       		.uleb128 0x13
 1331 018a 3F       		.uleb128 0x3f
 1332 018b 19       		.uleb128 0x19
 1333 018c 02       		.uleb128 0x2
 1334 018d 18       		.uleb128 0x18
 1335 018e 00       		.byte	0
 1336 018f 00       		.byte	0
 1337 0190 1C       		.uleb128 0x1c
 1338 0191 2E       		.uleb128 0x2e
ARM GAS  C:\Users\EA527~1.IVA\AppData\Local\Temp\ccjTtl1F.s 			page 26


 1339 0192 00       		.byte	0
 1340 0193 3F       		.uleb128 0x3f
 1341 0194 19       		.uleb128 0x19
 1342 0195 3C       		.uleb128 0x3c
 1343 0196 19       		.uleb128 0x19
 1344 0197 6E       		.uleb128 0x6e
 1345 0198 0E       		.uleb128 0xe
 1346 0199 03       		.uleb128 0x3
 1347 019a 0E       		.uleb128 0xe
 1348 019b 3A       		.uleb128 0x3a
 1349 019c 0B       		.uleb128 0xb
 1350 019d 3B       		.uleb128 0x3b
 1351 019e 0B       		.uleb128 0xb
 1352 019f 00       		.byte	0
 1353 01a0 00       		.byte	0
 1354 01a1 00       		.byte	0
 1355              		.section	.debug_loc,"",%progbits
 1356              	.Ldebug_loc0:
 1357              	.LLST0:
 1358 0000 00000000 		.4byte	.LVL1
 1359 0004 16000000 		.4byte	.LVL2
 1360 0008 0100     		.2byte	0x1
 1361 000a 50       		.byte	0x50
 1362 000b 16000000 		.4byte	.LVL2
 1363 000f 19000000 		.4byte	.LVL3-1
 1364 0013 0500     		.2byte	0x5
 1365 0015 03       		.byte	0x3
 1366 0016 0C000000 		.4byte	current_word
 1367 001a 19000000 		.4byte	.LVL3-1
 1368 001e 1E000000 		.4byte	.LVL4
 1369 0022 0400     		.2byte	0x4
 1370 0024 F3       		.byte	0xf3
 1371 0025 01       		.uleb128 0x1
 1372 0026 50       		.byte	0x50
 1373 0027 9F       		.byte	0x9f
 1374 0028 1E000000 		.4byte	.LVL4
 1375 002c 20000000 		.4byte	.LVL5
 1376 0030 0100     		.2byte	0x1
 1377 0032 50       		.byte	0x50
 1378 0033 20000000 		.4byte	.LVL5
 1379 0037 28000000 		.4byte	.LFE12
 1380 003b 0400     		.2byte	0x4
 1381 003d F3       		.byte	0xf3
 1382 003e 01       		.uleb128 0x1
 1383 003f 50       		.byte	0x50
 1384 0040 9F       		.byte	0x9f
 1385 0041 00000000 		.4byte	0
 1386 0045 00000000 		.4byte	0
 1387              	.LLST1:
 1388 0049 00000000 		.4byte	.LVL1
 1389 004d 19000000 		.4byte	.LVL3-1
 1390 0051 0100     		.2byte	0x1
 1391 0053 51       		.byte	0x51
 1392 0054 19000000 		.4byte	.LVL3-1
 1393 0058 1E000000 		.4byte	.LVL4
 1394 005c 0400     		.2byte	0x4
 1395 005e F3       		.byte	0xf3
ARM GAS  C:\Users\EA527~1.IVA\AppData\Local\Temp\ccjTtl1F.s 			page 27


 1396 005f 01       		.uleb128 0x1
 1397 0060 51       		.byte	0x51
 1398 0061 9F       		.byte	0x9f
 1399 0062 1E000000 		.4byte	.LVL4
 1400 0066 28000000 		.4byte	.LFE12
 1401 006a 0100     		.2byte	0x1
 1402 006c 51       		.byte	0x51
 1403 006d 00000000 		.4byte	0
 1404 0071 00000000 		.4byte	0
 1405              		.section	.debug_aranges,"",%progbits
 1406 0000 7C000000 		.4byte	0x7c
 1407 0004 0200     		.2byte	0x2
 1408 0006 00000000 		.4byte	.Ldebug_info0
 1409 000a 04       		.byte	0x4
 1410 000b 00       		.byte	0
 1411 000c 0000     		.2byte	0
 1412 000e 0000     		.2byte	0
 1413 0010 00000000 		.4byte	.LFB0
 1414 0014 58000000 		.4byte	.LFE0-.LFB0
 1415 0018 00000000 		.4byte	.LFB1
 1416 001c 0C000000 		.4byte	.LFE1-.LFB1
 1417 0020 00000000 		.4byte	.LFB2
 1418 0024 0C000000 		.4byte	.LFE2-.LFB2
 1419 0028 00000000 		.4byte	.LFB3
 1420 002c 0C000000 		.4byte	.LFE3-.LFB3
 1421 0030 00000000 		.4byte	.LFB4
 1422 0034 0C000000 		.4byte	.LFE4-.LFB4
 1423 0038 00000000 		.4byte	.LFB5
 1424 003c 0C000000 		.4byte	.LFE5-.LFB5
 1425 0040 00000000 		.4byte	.LFB6
 1426 0044 0C000000 		.4byte	.LFE6-.LFB6
 1427 0048 00000000 		.4byte	.LFB7
 1428 004c 0C000000 		.4byte	.LFE7-.LFB7
 1429 0050 00000000 		.4byte	.LFB8
 1430 0054 0C000000 		.4byte	.LFE8-.LFB8
 1431 0058 00000000 		.4byte	.LFB9
 1432 005c 0C000000 		.4byte	.LFE9-.LFB9
 1433 0060 00000000 		.4byte	.LFB10
 1434 0064 0C000000 		.4byte	.LFE10-.LFB10
 1435 0068 00000000 		.4byte	.LFB11
 1436 006c 0C000000 		.4byte	.LFE11-.LFB11
 1437 0070 00000000 		.4byte	.LFB12
 1438 0074 28000000 		.4byte	.LFE12-.LFB12
 1439 0078 00000000 		.4byte	0
 1440 007c 00000000 		.4byte	0
 1441              		.section	.debug_ranges,"",%progbits
 1442              	.Ldebug_ranges0:
 1443 0000 00000000 		.4byte	.LFB0
 1444 0004 58000000 		.4byte	.LFE0
 1445 0008 00000000 		.4byte	.LFB1
 1446 000c 0C000000 		.4byte	.LFE1
 1447 0010 00000000 		.4byte	.LFB2
 1448 0014 0C000000 		.4byte	.LFE2
 1449 0018 00000000 		.4byte	.LFB3
 1450 001c 0C000000 		.4byte	.LFE3
 1451 0020 00000000 		.4byte	.LFB4
 1452 0024 0C000000 		.4byte	.LFE4
ARM GAS  C:\Users\EA527~1.IVA\AppData\Local\Temp\ccjTtl1F.s 			page 28


 1453 0028 00000000 		.4byte	.LFB5
 1454 002c 0C000000 		.4byte	.LFE5
 1455 0030 00000000 		.4byte	.LFB6
 1456 0034 0C000000 		.4byte	.LFE6
 1457 0038 00000000 		.4byte	.LFB7
 1458 003c 0C000000 		.4byte	.LFE7
 1459 0040 00000000 		.4byte	.LFB8
 1460 0044 0C000000 		.4byte	.LFE8
 1461 0048 00000000 		.4byte	.LFB9
 1462 004c 0C000000 		.4byte	.LFE9
 1463 0050 00000000 		.4byte	.LFB10
 1464 0054 0C000000 		.4byte	.LFE10
 1465 0058 00000000 		.4byte	.LFB11
 1466 005c 0C000000 		.4byte	.LFE11
 1467 0060 00000000 		.4byte	.LFB12
 1468 0064 28000000 		.4byte	.LFE12
 1469 0068 00000000 		.4byte	0
 1470 006c 00000000 		.4byte	0
 1471              		.section	.debug_line,"",%progbits
 1472              	.Ldebug_line0:
 1473 0000 8B010000 		.section	.debug_str,"MS",%progbits,1
 1473      02008600 
 1473      00000201 
 1473      FB0E0D00 
 1473      01010101 
 1474              	.LASF24:
 1475 0000 46305F69 		.ascii	"F0_is_empty\000"
 1475      735F656D 
 1475      70747900 
 1476              	.LASF23:
 1477 000c 72657365 		.ascii	"reset\000"
 1477      7400
 1478              	.LASF48:
 1479 0012 64617461 		.ascii	"data_recived\000"
 1479      5F726563 
 1479      69766564 
 1479      00
 1480              	.LASF50:
 1481 001f 72637374 		.ascii	"rcstatus\000"
 1481      61747573 
 1481      00
 1482              	.LASF43:
 1483 0028 72656369 		.ascii	"recieve_buf\000"
 1483      6576655F 
 1483      62756600 
 1484              	.LASF7:
 1485 0034 6C6F6E67 		.ascii	"long long unsigned int\000"
 1485      206C6F6E 
 1485      6720756E 
 1485      7369676E 
 1485      65642069 
 1486              	.LASF18:
 1487 004b 776F7264 		.ascii	"words\000"
 1487      7300
 1488              	.LASF61:
 1489 0051 50726570 		.ascii	"PrepareToStore\000"
 1489      61726554 
ARM GAS  C:\Users\EA527~1.IVA\AppData\Local\Temp\ccjTtl1F.s 			page 29


 1489      6F53746F 
 1489      726500
 1490              	.LASF38:
 1491 0060 43686563 		.ascii	"CheckNumberOfWords\000"
 1491      6B4E756D 
 1491      6265724F 
 1491      66576F72 
 1491      647300
 1492              	.LASF25:
 1493 0073 46305F6E 		.ascii	"F0_not_full\000"
 1493      6F745F66 
 1493      756C6C00 
 1494              	.LASF6:
 1495 007f 6C6F6E67 		.ascii	"long long int\000"
 1495      206C6F6E 
 1495      6720696E 
 1495      7400
 1496              	.LASF0:
 1497 008d 7369676E 		.ascii	"signed char\000"
 1497      65642063 
 1497      68617200 
 1498              	.LASF32:
 1499 0099 53657441 		.ascii	"SetAllowPrepareToStoreFlag\000"
 1499      6C6C6F77 
 1499      50726570 
 1499      61726554 
 1499      6F53746F 
 1500              	.LASF4:
 1501 00b4 6C6F6E67 		.ascii	"long int\000"
 1501      20696E74 
 1501      00
 1502              	.LASF9:
 1503 00bd 75696E74 		.ascii	"uint8\000"
 1503      3800
 1504              	.LASF12:
 1505 00c3 646F7562 		.ascii	"double\000"
 1505      6C6500
 1506              	.LASF10:
 1507 00ca 75696E74 		.ascii	"uint32\000"
 1507      333200
 1508              	.LASF41:
 1509 00d1 436C6561 		.ascii	"ClearRecived\000"
 1509      72526563 
 1509      69766564 
 1509      00
 1510              	.LASF52:
 1511 00de 52656369 		.ascii	"RecivedData\000"
 1511      76656444 
 1511      61746100 
 1512              	.LASF8:
 1513 00ea 756E7369 		.ascii	"unsigned int\000"
 1513      676E6564 
 1513      20696E74 
 1513      00
 1514              	.LASF17:
 1515 00f7 6672616D 		.ascii	"frame_t\000"
 1515      655F7400 
ARM GAS  C:\Users\EA527~1.IVA\AppData\Local\Temp\ccjTtl1F.s 			page 30


 1516              	.LASF5:
 1517 00ff 6C6F6E67 		.ascii	"long unsigned int\000"
 1517      20756E73 
 1517      69676E65 
 1517      6420696E 
 1517      7400
 1518              	.LASF3:
 1519 0111 73686F72 		.ascii	"short unsigned int\000"
 1519      7420756E 
 1519      7369676E 
 1519      65642069 
 1519      6E7400
 1520              	.LASF20:
 1521 0124 65786368 		.ascii	"exchange_unit\000"
 1521      616E6765 
 1521      5F756E69 
 1521      7400
 1522              	.LASF22:
 1523 0132 73746F72 		.ascii	"store\000"
 1523      6500
 1524              	.LASF49:
 1525 0138 436F756E 		.ascii	"CountToRecieve\000"
 1525      74546F52 
 1525      65636965 
 1525      766500
 1526              	.LASF42:
 1527 0147 53657452 		.ascii	"SetRecived\000"
 1527      65636976 
 1527      656400
 1528              	.LASF36:
 1529 0152 43686563 		.ascii	"CheckAllowStoreFlag\000"
 1529      6B416C6C 
 1529      6F775374 
 1529      6F726546 
 1529      6C616700 
 1530              	.LASF21:
 1531 0166 6C6F6164 		.ascii	"load\000"
 1531      00
 1532              	.LASF16:
 1533 016b 73697A65 		.ascii	"sizetype\000"
 1533      74797065 
 1533      00
 1534              	.LASF58:
 1535 0174 433A5C55 		.ascii	"C:\\Users\\e.ivanov\\Documents\\GitHub\\generic\\Ma"
 1535      73657273 
 1535      5C652E69 
 1535      76616E6F 
 1535      765C446F 
 1536 01a1 6E636865 		.ascii	"nchester encoder-decoder.cydsn\000"
 1536      73746572 
 1536      20656E63 
 1536      6F646572 
 1536      2D646563 
 1537              	.LASF45:
 1538 01c0 416C6C6F 		.ascii	"AllowStoreFlag\000"
 1538      7753746F 
 1538      7265466C 
ARM GAS  C:\Users\EA527~1.IVA\AppData\Local\Temp\ccjTtl1F.s 			page 31


 1538      616700
 1539              	.LASF15:
 1540 01cf 6C6F6E67 		.ascii	"long double\000"
 1540      20646F75 
 1540      626C6500 
 1541              	.LASF29:
 1542 01db 52434255 		.ascii	"RCBUSY\000"
 1542      535900
 1543              	.LASF57:
 1544 01e2 72656369 		.ascii	"reciver.c\000"
 1544      7665722E 
 1544      6300
 1545              	.LASF40:
 1546 01ec 69735265 		.ascii	"isRecived\000"
 1546      63697665 
 1546      6400
 1547              	.LASF54:
 1548 01f6 52656369 		.ascii	"RecieveShiftReg_ReadData\000"
 1548      65766553 
 1548      68696674 
 1548      5265675F 
 1548      52656164 
 1549              	.LASF11:
 1550 020f 666C6F61 		.ascii	"float\000"
 1550      7400
 1551              	.LASF26:
 1552 0215 46315F66 		.ascii	"F1_full\000"
 1552      756C6C00 
 1553              	.LASF14:
 1554 021d 72656738 		.ascii	"reg8\000"
 1554      00
 1555              	.LASF55:
 1556 0222 42697443 		.ascii	"BitCounterDec_WriteCounter\000"
 1556      6F756E74 
 1556      65724465 
 1556      635F5772 
 1556      69746543 
 1557              	.LASF1:
 1558 023d 756E7369 		.ascii	"unsigned char\000"
 1558      676E6564 
 1558      20636861 
 1558      7200
 1559              	.LASF2:
 1560 024b 73686F72 		.ascii	"short int\000"
 1560      7420696E 
 1560      7400
 1561              	.LASF27:
 1562 0255 46315F70 		.ascii	"F1_partial\000"
 1562      61727469 
 1562      616C00
 1563              	.LASF51:
 1564 0260 63757272 		.ascii	"current_word\000"
 1564      656E745F 
 1564      776F7264 
 1564      00
 1565              	.LASF56:
 1566 026d 474E5520 		.ascii	"GNU C11 5.4.1 20160609 (release) [ARM/embedded-5-br"
ARM GAS  C:\Users\EA527~1.IVA\AppData\Local\Temp\ccjTtl1F.s 			page 32


 1566      43313120 
 1566      352E342E 
 1566      31203230 
 1566      31363036 
 1567 02a0 616E6368 		.ascii	"anch revision 237715] -mcpu=cortex-m3 -mthumb -g -O"
 1567      20726576 
 1567      6973696F 
 1567      6E203233 
 1567      37373135 
 1568 02d3 67202D66 		.ascii	"g -ffunction-sections -ffat-lto-objects\000"
 1568      66756E63 
 1568      74696F6E 
 1568      2D736563 
 1568      74696F6E 
 1569              	.LASF31:
 1570 02fb 52635265 		.ascii	"RcResult\000"
 1570      73756C74 
 1570      00
 1571              	.LASF44:
 1572 0304 4C454E47 		.ascii	"LENGTH\000"
 1572      544800
 1573              	.LASF47:
 1574 030b 66697273 		.ascii	"first\000"
 1574      7400
 1575              	.LASF46:
 1576 0311 416C6C6F 		.ascii	"AllowPrepareToStoreFlag\000"
 1576      77507265 
 1576      70617265 
 1576      546F5374 
 1576      6F726546 
 1577              	.LASF13:
 1578 0329 63686172 		.ascii	"char\000"
 1578      00
 1579              	.LASF37:
 1580 032e 436C6561 		.ascii	"ClearAllowStoreFlag\000"
 1580      72416C6C 
 1580      6F775374 
 1580      6F726546 
 1580      6C616700 
 1581              	.LASF35:
 1582 0342 43686563 		.ascii	"CheckAllowPrepareToStoreFlag\000"
 1582      6B416C6C 
 1582      6F775072 
 1582      65706172 
 1582      65546F53 
 1583              	.LASF30:
 1584 035f 52435355 		.ascii	"RCSUCCSSY\000"
 1584      43435353 
 1584      5900
 1585              	.LASF53:
 1586 0369 63757253 		.ascii	"curStatRecive\000"
 1586      74617452 
 1586      65636976 
 1586      6500
 1587              	.LASF28:
 1588 0377 52656369 		.ascii	"RecieveStatReg\000"
 1588      65766553 
ARM GAS  C:\Users\EA527~1.IVA\AppData\Local\Temp\ccjTtl1F.s 			page 33


 1588      74617452 
 1588      656700
 1589              	.LASF39:
 1590 0386 436C6561 		.ascii	"ClearRcStatus\000"
 1590      72526353 
 1590      74617475 
 1590      7300
 1591              	.LASF34:
 1592 0394 53657441 		.ascii	"SetAllowStoreFlag\000"
 1592      6C6C6F77 
 1592      53746F72 
 1592      65466C61 
 1592      6700
 1593              	.LASF60:
 1594 03a6 53746F72 		.ascii	"Store\000"
 1594      6500
 1595              	.LASF59:
 1596 03ac 6974656D 		.ascii	"items\000"
 1596      7300
 1597              	.LASF19:
 1598 03b2 6672616D 		.ascii	"frames\000"
 1598      657300
 1599              	.LASF33:
 1600 03b9 436C6561 		.ascii	"ClearAllowPrepareToStoreFlag\000"
 1600      72416C6C 
 1600      6F775072 
 1600      65706172 
 1600      65546F53 
 1601              		.ident	"GCC: (GNU Tools for ARM Embedded Processors) 5.4.1 20160609 (release) [ARM/embedded-5-bran
