ARM GAS  C:\Users\EA527~1.IVA\AppData\Local\Temp\ccLS5CIv.s 			page 1


   1              		.syntax unified
   2              		.cpu cortex-m3
   3              		.fpu softvfp
   4              		.eabi_attribute 20, 1
   5              		.eabi_attribute 21, 1
   6              		.eabi_attribute 23, 3
   7              		.eabi_attribute 24, 1
   8              		.eabi_attribute 25, 1
   9              		.eabi_attribute 26, 1
  10              		.eabi_attribute 30, 1
  11              		.eabi_attribute 34, 1
  12              		.eabi_attribute 18, 4
  13              		.thumb
  14              		.syntax unified
  15              		.file	"sender.c"
  16              		.text
  17              	.Ltext0:
  18              		.cfi_sections	.debug_frame
  19              		.section	.text.Load,"ax",%progbits
  20              		.align	2
  21              		.global	Load
  22              		.thumb
  23              		.thumb_func
  24              		.type	Load, %function
  25              	Load:
  26              	.LFB0:
  27              		.file 1 "sender.c"
   1:sender.c      **** /* ========================================
   2:sender.c      ****  *
   3:sender.c      ****  * Copyright YOUR COMPANY, THE YEAR
   4:sender.c      ****  * All Rights Reserved
   5:sender.c      ****  * UNPUBLISHED, LICENSED SOFTWARE.
   6:sender.c      ****  *
   7:sender.c      ****  * CONFIDENTIAL AND PROPRIETARY INFORMATION
   8:sender.c      ****  * WHICH IS THE PROPERTY OF your company.
   9:sender.c      ****  *
  10:sender.c      ****  * ========================================
  11:sender.c      **** */
  12:sender.c      **** #include "sender.h"
  13:sender.c      **** #include <TransmitShiftReg.h>
  14:sender.c      **** #include <BitCounterEnc.h>
  15:sender.c      **** #include <StartTransmit.h>
  16:sender.c      **** #include <FrameAllow.h>
  17:sender.c      **** #include <line_buf.h>
  18:sender.c      **** 
  19:sender.c      **** 
  20:sender.c      **** statReg curStat;
  21:sender.c      **** static volatile unsigned int count_to_send=0;
  22:sender.c      **** volatile unsigned int status=0, tmp_tr;
  23:sender.c      **** int stsh;
  24:sender.c      **** 
  25:sender.c      **** void Load(void){
  28              		.loc 1 25 0
  29              		.cfi_startproc
  30              		@ args = 0, pretend = 0, frame = 0
  31              		@ frame_needed = 0, uses_anonymous_args = 0
  32              		@ link register save eliminated.
ARM GAS  C:\Users\EA527~1.IVA\AppData\Local\Temp\ccLS5CIv.s 			page 2


  26:sender.c      ****     while(count_to_send){
  33              		.loc 1 26 0
  34 0000 19E0     		b	.L2
  35              	.L4:
  27:sender.c      ****       
  28:sender.c      ****         if(current_read < current_write){
  36              		.loc 1 28 0
  37 0002 0F4B     		ldr	r3, .L5
  38 0004 1A68     		ldr	r2, [r3]
  39 0006 0F4B     		ldr	r3, .L5+4
  40 0008 1B68     		ldr	r3, [r3]
  41 000a 9A42     		cmp	r2, r3
  42 000c 17D2     		bcs	.L1
  29:sender.c      ****             tmp_tr = TransmitShiftReg_SR_STATUS;
  43              		.loc 1 29 0
  44 000e 0E4B     		ldr	r3, .L5+8
  45 0010 1B78     		ldrb	r3, [r3]	@ zero_extendqisi2
  46 0012 DBB2     		uxtb	r3, r3
  47 0014 0D49     		ldr	r1, .L5+12
  48 0016 0B60     		str	r3, [r1]
  30:sender.c      ****             if((tmp_tr & 0x10)/*|(!(tmp_tr & 0x8))*/) {
  49              		.loc 1 30 0
  50 0018 0B68     		ldr	r3, [r1]
  51 001a 13F0100F 		tst	r3, #16
  52 001e 0ED0     		beq	.L1
  31:sender.c      ****                 CY_SET_REG32(TransmitShiftReg_IN_FIFO_VAL_LSB_PTR, *current_read);
  53              		.loc 1 31 0
  54 0020 1268     		ldr	r2, [r2]
  55 0022 0B4B     		ldr	r3, .L5+16
  56 0024 1A60     		str	r2, [r3]
  32:sender.c      ****                 current_read++;
  57              		.loc 1 32 0
  58 0026 064A     		ldr	r2, .L5
  59 0028 1368     		ldr	r3, [r2]
  60 002a 0433     		adds	r3, r3, #4
  61 002c 1360     		str	r3, [r2]
  33:sender.c      ****                 count_to_send--;
  62              		.loc 1 33 0
  63 002e 094A     		ldr	r2, .L5+20
  64 0030 1368     		ldr	r3, [r2]
  65 0032 013B     		subs	r3, r3, #1
  66 0034 1360     		str	r3, [r2]
  67              	.L2:
  26:sender.c      ****       
  68              		.loc 1 26 0
  69 0036 074B     		ldr	r3, .L5+20
  70 0038 1B68     		ldr	r3, [r3]
  71 003a 002B     		cmp	r3, #0
  72 003c E1D1     		bne	.L4
  73              	.L1:
  74 003e 7047     		bx	lr
  75              	.L6:
  76              		.align	2
  77              	.L5:
  78 0040 00000000 		.word	current_read
  79 0044 00000000 		.word	current_write
  80 0048 6B640040 		.word	1073767531
ARM GAS  C:\Users\EA527~1.IVA\AppData\Local\Temp\ccLS5CIv.s 			page 3


  81 004c 00000000 		.word	tmp_tr
  82 0050 48640040 		.word	1073767496
  83 0054 00000000 		.word	.LANCHOR0
  84              		.cfi_endproc
  85              	.LFE0:
  86              		.size	Load, .-Load
  87              		.section	.text.PrepareToSend,"ax",%progbits
  88              		.align	2
  89              		.global	PrepareToSend
  90              		.thumb
  91              		.thumb_func
  92              		.type	PrepareToSend, %function
  93              	PrepareToSend:
  94              	.LFB1:
  34:sender.c      ****             }else{
  35:sender.c      ****                 break;
  36:sender.c      ****             }
  37:sender.c      ****         }else          break;
  38:sender.c      ****     }
  39:sender.c      **** }
  40:sender.c      **** 
  41:sender.c      **** 
  42:sender.c      **** TrResult  PrepareToSend(void){
  95              		.loc 1 42 0
  96              		.cfi_startproc
  97              		@ args = 0, pretend = 0, frame = 0
  98              		@ frame_needed = 0, uses_anonymous_args = 0
  99 0000 08B5     		push	{r3, lr}
 100              		.cfi_def_cfa_offset 8
 101              		.cfi_offset 3, -8
 102              		.cfi_offset 14, -4
  43:sender.c      ****     if (status)
 103              		.loc 1 43 0
 104 0002 094B     		ldr	r3, .L11
 105 0004 5B68     		ldr	r3, [r3, #4]
 106 0006 6BB9     		cbnz	r3, .L9
  44:sender.c      ****         return TRBUSY;
  45:sender.c      ****     *line_buf |= 0x80000000;
 107              		.loc 1 45 0
 108 0008 084B     		ldr	r3, .L11+4
 109 000a 1A68     		ldr	r2, [r3]
 110 000c 42F00042 		orr	r2, r2, #-2147483648
 111 0010 1A60     		str	r2, [r3]
  46:sender.c      ****     count_to_send  = PACKET_LENGTH;
 112              		.loc 1 46 0
 113 0012 2C21     		movs	r1, #44
 114 0014 044A     		ldr	r2, .L11
 115 0016 1160     		str	r1, [r2]
  47:sender.c      ****     current_read = line_buf;    
 116              		.loc 1 47 0
 117 0018 054A     		ldr	r2, .L11+8
 118 001a 1360     		str	r3, [r2]
  48:sender.c      ****     Load();
 119              		.loc 1 48 0
 120 001c FFF7FEFF 		bl	Load
 121              	.LVL0:
  49:sender.c      ****     return TRSUCCSSY;
ARM GAS  C:\Users\EA527~1.IVA\AppData\Local\Temp\ccLS5CIv.s 			page 4


 122              		.loc 1 49 0
 123 0020 0120     		movs	r0, #1
 124 0022 08BD     		pop	{r3, pc}
 125              	.L9:
  44:sender.c      ****     *line_buf |= 0x80000000;
 126              		.loc 1 44 0
 127 0024 0020     		movs	r0, #0
  50:sender.c      **** }
 128              		.loc 1 50 0
 129 0026 08BD     		pop	{r3, pc}
 130              	.L12:
 131              		.align	2
 132              	.L11:
 133 0028 00000000 		.word	.LANCHOR0
 134 002c 00000000 		.word	line_buf
 135 0030 00000000 		.word	current_read
 136              		.cfi_endproc
 137              	.LFE1:
 138              		.size	PrepareToSend, .-PrepareToSend
 139              		.section	.text.Send,"ax",%progbits
 140              		.align	2
 141              		.global	Send
 142              		.thumb
 143              		.thumb_func
 144              		.type	Send, %function
 145              	Send:
 146              	.LFB2:
  51:sender.c      **** 
  52:sender.c      **** 
  53:sender.c      **** void   Send(){
 147              		.loc 1 53 0
 148              		.cfi_startproc
 149              		@ args = 0, pretend = 0, frame = 0
 150              		@ frame_needed = 0, uses_anonymous_args = 0
 151 0000 10B5     		push	{r4, lr}
 152              		.cfi_def_cfa_offset 8
 153              		.cfi_offset 4, -8
 154              		.cfi_offset 14, -4
  54:sender.c      ****     status=1;    
 155              		.loc 1 54 0
 156 0002 0124     		movs	r4, #1
 157 0004 044B     		ldr	r3, .L15
 158 0006 5C60     		str	r4, [r3, #4]
  55:sender.c      ****     BitCounterEnc_WriteCounter(BitCounterEnc_ReadCompare());
 159              		.loc 1 55 0
 160 0008 FFF7FEFF 		bl	BitCounterEnc_ReadCompare
 161              	.LVL1:
 162 000c FFF7FEFF 		bl	BitCounterEnc_WriteCounter
 163              	.LVL2:
  56:sender.c      ****     StartTransmit_Write(1);
 164              		.loc 1 56 0
 165 0010 2046     		mov	r0, r4
 166 0012 FFF7FEFF 		bl	StartTransmit_Write
 167              	.LVL3:
 168 0016 10BD     		pop	{r4, pc}
 169              	.L16:
 170              		.align	2
ARM GAS  C:\Users\EA527~1.IVA\AppData\Local\Temp\ccLS5CIv.s 			page 5


 171              	.L15:
 172 0018 00000000 		.word	.LANCHOR0
 173              		.cfi_endproc
 174              	.LFE2:
 175              		.size	Send, .-Send
 176              		.section	.text.ClearStatus,"ax",%progbits
 177              		.align	2
 178              		.global	ClearStatus
 179              		.thumb
 180              		.thumb_func
 181              		.type	ClearStatus, %function
 182              	ClearStatus:
 183              	.LFB3:
  57:sender.c      **** }
  58:sender.c      **** 
  59:sender.c      **** void   ClearStatus(void){   //должна быть вызвана из прерывания bitcou
 184              		.loc 1 59 0
 185              		.cfi_startproc
 186              		@ args = 0, pretend = 0, frame = 0
 187              		@ frame_needed = 0, uses_anonymous_args = 0
 188              		@ link register save eliminated.
  60:sender.c      ****     status=0;        
 189              		.loc 1 60 0
 190 0000 0022     		movs	r2, #0
 191 0002 014B     		ldr	r3, .L18
 192 0004 5A60     		str	r2, [r3, #4]
 193 0006 7047     		bx	lr
 194              	.L19:
 195              		.align	2
 196              	.L18:
 197 0008 00000000 		.word	.LANCHOR0
 198              		.cfi_endproc
 199              	.LFE3:
 200              		.size	ClearStatus, .-ClearStatus
 201              		.comm	stsh,4,4
 202              		.comm	tmp_tr,4,4
 203              		.global	status
 204              		.comm	curStat,4,4
 205              		.bss
 206              		.align	2
 207              		.set	.LANCHOR0,. + 0
 208              		.type	count_to_send, %object
 209              		.size	count_to_send, 4
 210              	count_to_send:
 211 0000 00000000 		.space	4
 212              		.type	status, %object
 213              		.size	status, 4
 214              	status:
 215 0004 00000000 		.space	4
 216              		.text
 217              	.Letext0:
 218              		.file 2 "Generated_Source\\PSoC5/cytypes.h"
 219              		.file 3 "sender.h"
 220              		.file 4 "./line_buf.h"
 221              		.file 5 "Generated_Source\\PSoC5/BitCounterEnc.h"
 222              		.file 6 "Generated_Source\\PSoC5/StartTransmit.h"
 223              		.section	.debug_info,"",%progbits
ARM GAS  C:\Users\EA527~1.IVA\AppData\Local\Temp\ccLS5CIv.s 			page 6


 224              	.Ldebug_info0:
 225 0000 90020000 		.4byte	0x290
 226 0004 0400     		.2byte	0x4
 227 0006 00000000 		.4byte	.Ldebug_abbrev0
 228 000a 04       		.byte	0x4
 229 000b 01       		.uleb128 0x1
 230 000c B6000000 		.4byte	.LASF41
 231 0010 0C       		.byte	0xc
 232 0011 9F000000 		.4byte	.LASF42
 233 0015 11000000 		.4byte	.LASF43
 234 0019 00000000 		.4byte	.Ldebug_ranges0+0
 235 001d 00000000 		.4byte	0
 236 0021 00000000 		.4byte	.Ldebug_line0
 237 0025 02       		.uleb128 0x2
 238 0026 01       		.byte	0x1
 239 0027 06       		.byte	0x6
 240 0028 7F020000 		.4byte	.LASF0
 241 002c 02       		.uleb128 0x2
 242 002d 01       		.byte	0x1
 243 002e 08       		.byte	0x8
 244 002f A8000000 		.4byte	.LASF1
 245 0033 02       		.uleb128 0x2
 246 0034 02       		.byte	0x2
 247 0035 05       		.byte	0x5
 248 0036 3C020000 		.4byte	.LASF2
 249 003a 02       		.uleb128 0x2
 250 003b 02       		.byte	0x2
 251 003c 07       		.byte	0x7
 252 003d 61000000 		.4byte	.LASF3
 253 0041 02       		.uleb128 0x2
 254 0042 04       		.byte	0x4
 255 0043 05       		.byte	0x5
 256 0044 67020000 		.4byte	.LASF4
 257 0048 02       		.uleb128 0x2
 258 0049 04       		.byte	0x4
 259 004a 07       		.byte	0x7
 260 004b 52010000 		.4byte	.LASF5
 261 004f 02       		.uleb128 0x2
 262 0050 08       		.byte	0x8
 263 0051 05       		.byte	0x5
 264 0052 0F020000 		.4byte	.LASF6
 265 0056 02       		.uleb128 0x2
 266 0057 08       		.byte	0x8
 267 0058 07       		.byte	0x7
 268 0059 CE010000 		.4byte	.LASF7
 269 005d 03       		.uleb128 0x3
 270 005e 04       		.byte	0x4
 271 005f 05       		.byte	0x5
 272 0060 696E7400 		.ascii	"int\000"
 273 0064 02       		.uleb128 0x2
 274 0065 04       		.byte	0x4
 275 0066 07       		.byte	0x7
 276 0067 B9010000 		.4byte	.LASF8
 277 006b 04       		.uleb128 0x4
 278 006c 64010000 		.4byte	.LASF9
 279 0070 02       		.byte	0x2
 280 0071 E401     		.2byte	0x1e4
ARM GAS  C:\Users\EA527~1.IVA\AppData\Local\Temp\ccLS5CIv.s 			page 7


 281 0073 2C000000 		.4byte	0x2c
 282 0077 04       		.uleb128 0x4
 283 0078 B2010000 		.4byte	.LASF10
 284 007c 02       		.byte	0x2
 285 007d E601     		.2byte	0x1e6
 286 007f 48000000 		.4byte	0x48
 287 0083 02       		.uleb128 0x2
 288 0084 04       		.byte	0x4
 289 0085 04       		.byte	0x4
 290 0086 99000000 		.4byte	.LASF11
 291 008a 02       		.uleb128 0x2
 292 008b 08       		.byte	0x8
 293 008c 04       		.byte	0x4
 294 008d 96010000 		.4byte	.LASF12
 295 0091 02       		.uleb128 0x2
 296 0092 01       		.byte	0x1
 297 0093 08       		.byte	0x8
 298 0094 1D020000 		.4byte	.LASF13
 299 0098 04       		.uleb128 0x4
 300 0099 44010000 		.4byte	.LASF14
 301 009d 02       		.byte	0x2
 302 009e 8E02     		.2byte	0x28e
 303 00a0 A4000000 		.4byte	0xa4
 304 00a4 05       		.uleb128 0x5
 305 00a5 6B000000 		.4byte	0x6b
 306 00a9 04       		.uleb128 0x4
 307 00aa 00000000 		.4byte	.LASF15
 308 00ae 02       		.byte	0x2
 309 00af 9002     		.2byte	0x290
 310 00b1 B5000000 		.4byte	0xb5
 311 00b5 05       		.uleb128 0x5
 312 00b6 77000000 		.4byte	0x77
 313 00ba 02       		.uleb128 0x2
 314 00bb 08       		.byte	0x8
 315 00bc 04       		.byte	0x4
 316 00bd 9D010000 		.4byte	.LASF16
 317 00c1 02       		.uleb128 0x2
 318 00c2 04       		.byte	0x4
 319 00c3 07       		.byte	0x7
 320 00c4 FF010000 		.4byte	.LASF17
 321 00c8 06       		.uleb128 0x6
 322 00c9 04       		.byte	0x4
 323 00ca 03       		.byte	0x3
 324 00cb 0F       		.byte	0xf
 325 00cc 3A010000 		.4byte	0x13a
 326 00d0 07       		.uleb128 0x7
 327 00d1 54020000 		.4byte	.LASF18
 328 00d5 03       		.byte	0x3
 329 00d6 10       		.byte	0x10
 330 00d7 5D000000 		.4byte	0x5d
 331 00db 04       		.byte	0x4
 332 00dc 01       		.byte	0x1
 333 00dd 1F       		.byte	0x1f
 334 00de 00       		.byte	0
 335 00df 07       		.uleb128 0x7
 336 00e0 61020000 		.4byte	.LASF19
 337 00e4 03       		.byte	0x3
ARM GAS  C:\Users\EA527~1.IVA\AppData\Local\Temp\ccLS5CIv.s 			page 8


 338 00e5 11       		.byte	0x11
 339 00e6 5D000000 		.4byte	0x5d
 340 00ea 04       		.byte	0x4
 341 00eb 01       		.byte	0x1
 342 00ec 1E       		.byte	0x1e
 343 00ed 00       		.byte	0
 344 00ee 07       		.uleb128 0x7
 345 00ef 0B000000 		.4byte	.LASF20
 346 00f3 03       		.byte	0x3
 347 00f4 12       		.byte	0x12
 348 00f5 5D000000 		.4byte	0x5d
 349 00f9 04       		.byte	0x4
 350 00fa 01       		.byte	0x1
 351 00fb 1D       		.byte	0x1d
 352 00fc 00       		.byte	0
 353 00fd 07       		.uleb128 0x7
 354 00fe 49010000 		.4byte	.LASF21
 355 0102 03       		.byte	0x3
 356 0103 13       		.byte	0x13
 357 0104 5D000000 		.4byte	0x5d
 358 0108 04       		.byte	0x4
 359 0109 01       		.byte	0x1
 360 010a 1C       		.byte	0x1c
 361 010b 00       		.byte	0
 362 010c 07       		.uleb128 0x7
 363 010d E5010000 		.4byte	.LASF22
 364 0111 03       		.byte	0x3
 365 0112 14       		.byte	0x14
 366 0113 5D000000 		.4byte	0x5d
 367 0117 04       		.byte	0x4
 368 0118 01       		.byte	0x1
 369 0119 1B       		.byte	0x1b
 370 011a 00       		.byte	0
 371 011b 07       		.uleb128 0x7
 372 011c 59000000 		.4byte	.LASF23
 373 0120 03       		.byte	0x3
 374 0121 15       		.byte	0x15
 375 0122 5D000000 		.4byte	0x5d
 376 0126 04       		.byte	0x4
 377 0127 01       		.byte	0x1
 378 0128 1A       		.byte	0x1a
 379 0129 00       		.byte	0
 380 012a 07       		.uleb128 0x7
 381 012b 98020000 		.4byte	.LASF24
 382 012f 03       		.byte	0x3
 383 0130 16       		.byte	0x16
 384 0131 5D000000 		.4byte	0x5d
 385 0135 04       		.byte	0x4
 386 0136 01       		.byte	0x1
 387 0137 19       		.byte	0x19
 388 0138 00       		.byte	0
 389 0139 00       		.byte	0
 390 013a 08       		.uleb128 0x8
 391 013b 59020000 		.4byte	.LASF25
 392 013f 03       		.byte	0x3
 393 0140 18       		.byte	0x18
 394 0141 C8000000 		.4byte	0xc8
ARM GAS  C:\Users\EA527~1.IVA\AppData\Local\Temp\ccLS5CIv.s 			page 9


 395 0145 09       		.uleb128 0x9
 396 0146 01       		.byte	0x1
 397 0147 2C000000 		.4byte	0x2c
 398 014b 03       		.byte	0x3
 399 014c 1B       		.byte	0x1b
 400 014d 5E010000 		.4byte	0x15e
 401 0151 0A       		.uleb128 0xa
 402 0152 08020000 		.4byte	.LASF26
 403 0156 00       		.byte	0
 404 0157 0A       		.uleb128 0xa
 405 0158 70020000 		.4byte	.LASF27
 406 015c 01       		.byte	0x1
 407 015d 00       		.byte	0
 408 015e 08       		.uleb128 0x8
 409 015f 74000000 		.4byte	.LASF28
 410 0163 03       		.byte	0x3
 411 0164 1B       		.byte	0x1b
 412 0165 45010000 		.4byte	0x145
 413 0169 0B       		.uleb128 0xb
 414 016a 06000000 		.4byte	.LASF29
 415 016e 01       		.byte	0x1
 416 016f 19       		.byte	0x19
 417 0170 00000000 		.4byte	.LFB0
 418 0174 58000000 		.4byte	.LFE0-.LFB0
 419 0178 01       		.uleb128 0x1
 420 0179 9C       		.byte	0x9c
 421 017a 0C       		.uleb128 0xc
 422 017b F1010000 		.4byte	.LASF44
 423 017f 01       		.byte	0x1
 424 0180 2A       		.byte	0x2a
 425 0181 5E010000 		.4byte	0x15e
 426 0185 00000000 		.4byte	.LFB1
 427 0189 34000000 		.4byte	.LFE1-.LFB1
 428 018d 01       		.uleb128 0x1
 429 018e 9C       		.byte	0x9c
 430 018f 9D010000 		.4byte	0x19d
 431 0193 0D       		.uleb128 0xd
 432 0194 20000000 		.4byte	.LVL0
 433 0198 69010000 		.4byte	0x169
 434 019c 00       		.byte	0
 435 019d 0E       		.uleb128 0xe
 436 019e 7A020000 		.4byte	.LASF45
 437 01a2 01       		.byte	0x1
 438 01a3 35       		.byte	0x35
 439 01a4 00000000 		.4byte	.LFB2
 440 01a8 1C000000 		.4byte	.LFE2-.LFB2
 441 01ac 01       		.uleb128 0x1
 442 01ad 9C       		.byte	0x9c
 443 01ae D5010000 		.4byte	0x1d5
 444 01b2 0D       		.uleb128 0xd
 445 01b3 0C000000 		.4byte	.LVL1
 446 01b7 72020000 		.4byte	0x272
 447 01bb 0D       		.uleb128 0xd
 448 01bc 10000000 		.4byte	.LVL2
 449 01c0 7D020000 		.4byte	0x27d
 450 01c4 0F       		.uleb128 0xf
 451 01c5 16000000 		.4byte	.LVL3
ARM GAS  C:\Users\EA527~1.IVA\AppData\Local\Temp\ccLS5CIv.s 			page 10


 452 01c9 88020000 		.4byte	0x288
 453 01cd 10       		.uleb128 0x10
 454 01ce 01       		.uleb128 0x1
 455 01cf 50       		.byte	0x50
 456 01d0 02       		.uleb128 0x2
 457 01d1 74       		.byte	0x74
 458 01d2 00       		.sleb128 0
 459 01d3 00       		.byte	0
 460 01d4 00       		.byte	0
 461 01d5 0B       		.uleb128 0xb
 462 01d6 85010000 		.4byte	.LASF30
 463 01da 01       		.byte	0x1
 464 01db 3B       		.byte	0x3b
 465 01dc 00000000 		.4byte	.LFB3
 466 01e0 0C000000 		.4byte	.LFE3-.LFB3
 467 01e4 01       		.uleb128 0x1
 468 01e5 9C       		.byte	0x9c
 469 01e6 11       		.uleb128 0x11
 470 01e7 7D000000 		.4byte	.LASF46
 471 01eb 01       		.byte	0x1
 472 01ec 15       		.byte	0x15
 473 01ed F7010000 		.4byte	0x1f7
 474 01f1 05       		.uleb128 0x5
 475 01f2 03       		.byte	0x3
 476 01f3 00000000 		.4byte	count_to_send
 477 01f7 05       		.uleb128 0x5
 478 01f8 64000000 		.4byte	0x64
 479 01fc 12       		.uleb128 0x12
 480 01fd C6010000 		.4byte	.LASF31
 481 0201 01       		.byte	0x1
 482 0202 14       		.byte	0x14
 483 0203 3A010000 		.4byte	0x13a
 484 0207 05       		.uleb128 0x5
 485 0208 03       		.byte	0x3
 486 0209 00000000 		.4byte	curStat
 487 020d 12       		.uleb128 0x12
 488 020e 8B000000 		.4byte	.LASF32
 489 0212 01       		.byte	0x1
 490 0213 16       		.byte	0x16
 491 0214 F7010000 		.4byte	0x1f7
 492 0218 05       		.uleb128 0x5
 493 0219 03       		.byte	0x3
 494 021a 00000000 		.4byte	status
 495 021e 13       		.uleb128 0x13
 496 021f 77000000 		.4byte	0x77
 497 0223 29020000 		.4byte	0x229
 498 0227 14       		.uleb128 0x14
 499 0228 00       		.byte	0
 500 0229 15       		.uleb128 0x15
 501 022a A9010000 		.4byte	.LASF33
 502 022e 04       		.byte	0x4
 503 022f 12       		.byte	0x12
 504 0230 1E020000 		.4byte	0x21e
 505 0234 15       		.uleb128 0x15
 506 0235 46020000 		.4byte	.LASF34
 507 0239 04       		.byte	0x4
 508 023a 13       		.byte	0x13
ARM GAS  C:\Users\EA527~1.IVA\AppData\Local\Temp\ccLS5CIv.s 			page 11


 509 023b 3F020000 		.4byte	0x23f
 510 023f 16       		.uleb128 0x16
 511 0240 04       		.byte	0x4
 512 0241 B5000000 		.4byte	0xb5
 513 0245 15       		.uleb128 0x15
 514 0246 8B020000 		.4byte	.LASF35
 515 024a 04       		.byte	0x4
 516 024b 14       		.byte	0x14
 517 024c 3F020000 		.4byte	0x23f
 518 0250 12       		.uleb128 0x12
 519 0251 92000000 		.4byte	.LASF36
 520 0255 01       		.byte	0x1
 521 0256 16       		.byte	0x16
 522 0257 F7010000 		.4byte	0x1f7
 523 025b 05       		.uleb128 0x5
 524 025c 03       		.byte	0x3
 525 025d 00000000 		.4byte	tmp_tr
 526 0261 12       		.uleb128 0x12
 527 0262 91010000 		.4byte	.LASF37
 528 0266 01       		.byte	0x1
 529 0267 17       		.byte	0x17
 530 0268 5D000000 		.4byte	0x5d
 531 026c 05       		.uleb128 0x5
 532 026d 03       		.byte	0x3
 533 026e 00000000 		.4byte	stsh
 534 0272 17       		.uleb128 0x17
 535 0273 22020000 		.4byte	.LASF38
 536 0277 22020000 		.4byte	.LASF38
 537 027b 05       		.byte	0x5
 538 027c 65       		.byte	0x65
 539 027d 17       		.uleb128 0x17
 540 027e 6A010000 		.4byte	.LASF39
 541 0282 6A010000 		.4byte	.LASF39
 542 0286 05       		.byte	0x5
 543 0287 5A       		.byte	0x5a
 544 0288 17       		.uleb128 0x17
 545 0289 A3020000 		.4byte	.LASF40
 546 028d A3020000 		.4byte	.LASF40
 547 0291 06       		.byte	0x6
 548 0292 2F       		.byte	0x2f
 549 0293 00       		.byte	0
 550              		.section	.debug_abbrev,"",%progbits
 551              	.Ldebug_abbrev0:
 552 0000 01       		.uleb128 0x1
 553 0001 11       		.uleb128 0x11
 554 0002 01       		.byte	0x1
 555 0003 25       		.uleb128 0x25
 556 0004 0E       		.uleb128 0xe
 557 0005 13       		.uleb128 0x13
 558 0006 0B       		.uleb128 0xb
 559 0007 03       		.uleb128 0x3
 560 0008 0E       		.uleb128 0xe
 561 0009 1B       		.uleb128 0x1b
 562 000a 0E       		.uleb128 0xe
 563 000b 55       		.uleb128 0x55
 564 000c 17       		.uleb128 0x17
 565 000d 11       		.uleb128 0x11
ARM GAS  C:\Users\EA527~1.IVA\AppData\Local\Temp\ccLS5CIv.s 			page 12


 566 000e 01       		.uleb128 0x1
 567 000f 10       		.uleb128 0x10
 568 0010 17       		.uleb128 0x17
 569 0011 00       		.byte	0
 570 0012 00       		.byte	0
 571 0013 02       		.uleb128 0x2
 572 0014 24       		.uleb128 0x24
 573 0015 00       		.byte	0
 574 0016 0B       		.uleb128 0xb
 575 0017 0B       		.uleb128 0xb
 576 0018 3E       		.uleb128 0x3e
 577 0019 0B       		.uleb128 0xb
 578 001a 03       		.uleb128 0x3
 579 001b 0E       		.uleb128 0xe
 580 001c 00       		.byte	0
 581 001d 00       		.byte	0
 582 001e 03       		.uleb128 0x3
 583 001f 24       		.uleb128 0x24
 584 0020 00       		.byte	0
 585 0021 0B       		.uleb128 0xb
 586 0022 0B       		.uleb128 0xb
 587 0023 3E       		.uleb128 0x3e
 588 0024 0B       		.uleb128 0xb
 589 0025 03       		.uleb128 0x3
 590 0026 08       		.uleb128 0x8
 591 0027 00       		.byte	0
 592 0028 00       		.byte	0
 593 0029 04       		.uleb128 0x4
 594 002a 16       		.uleb128 0x16
 595 002b 00       		.byte	0
 596 002c 03       		.uleb128 0x3
 597 002d 0E       		.uleb128 0xe
 598 002e 3A       		.uleb128 0x3a
 599 002f 0B       		.uleb128 0xb
 600 0030 3B       		.uleb128 0x3b
 601 0031 05       		.uleb128 0x5
 602 0032 49       		.uleb128 0x49
 603 0033 13       		.uleb128 0x13
 604 0034 00       		.byte	0
 605 0035 00       		.byte	0
 606 0036 05       		.uleb128 0x5
 607 0037 35       		.uleb128 0x35
 608 0038 00       		.byte	0
 609 0039 49       		.uleb128 0x49
 610 003a 13       		.uleb128 0x13
 611 003b 00       		.byte	0
 612 003c 00       		.byte	0
 613 003d 06       		.uleb128 0x6
 614 003e 13       		.uleb128 0x13
 615 003f 01       		.byte	0x1
 616 0040 0B       		.uleb128 0xb
 617 0041 0B       		.uleb128 0xb
 618 0042 3A       		.uleb128 0x3a
 619 0043 0B       		.uleb128 0xb
 620 0044 3B       		.uleb128 0x3b
 621 0045 0B       		.uleb128 0xb
 622 0046 01       		.uleb128 0x1
ARM GAS  C:\Users\EA527~1.IVA\AppData\Local\Temp\ccLS5CIv.s 			page 13


 623 0047 13       		.uleb128 0x13
 624 0048 00       		.byte	0
 625 0049 00       		.byte	0
 626 004a 07       		.uleb128 0x7
 627 004b 0D       		.uleb128 0xd
 628 004c 00       		.byte	0
 629 004d 03       		.uleb128 0x3
 630 004e 0E       		.uleb128 0xe
 631 004f 3A       		.uleb128 0x3a
 632 0050 0B       		.uleb128 0xb
 633 0051 3B       		.uleb128 0x3b
 634 0052 0B       		.uleb128 0xb
 635 0053 49       		.uleb128 0x49
 636 0054 13       		.uleb128 0x13
 637 0055 0B       		.uleb128 0xb
 638 0056 0B       		.uleb128 0xb
 639 0057 0D       		.uleb128 0xd
 640 0058 0B       		.uleb128 0xb
 641 0059 0C       		.uleb128 0xc
 642 005a 0B       		.uleb128 0xb
 643 005b 38       		.uleb128 0x38
 644 005c 0B       		.uleb128 0xb
 645 005d 00       		.byte	0
 646 005e 00       		.byte	0
 647 005f 08       		.uleb128 0x8
 648 0060 16       		.uleb128 0x16
 649 0061 00       		.byte	0
 650 0062 03       		.uleb128 0x3
 651 0063 0E       		.uleb128 0xe
 652 0064 3A       		.uleb128 0x3a
 653 0065 0B       		.uleb128 0xb
 654 0066 3B       		.uleb128 0x3b
 655 0067 0B       		.uleb128 0xb
 656 0068 49       		.uleb128 0x49
 657 0069 13       		.uleb128 0x13
 658 006a 00       		.byte	0
 659 006b 00       		.byte	0
 660 006c 09       		.uleb128 0x9
 661 006d 04       		.uleb128 0x4
 662 006e 01       		.byte	0x1
 663 006f 0B       		.uleb128 0xb
 664 0070 0B       		.uleb128 0xb
 665 0071 49       		.uleb128 0x49
 666 0072 13       		.uleb128 0x13
 667 0073 3A       		.uleb128 0x3a
 668 0074 0B       		.uleb128 0xb
 669 0075 3B       		.uleb128 0x3b
 670 0076 0B       		.uleb128 0xb
 671 0077 01       		.uleb128 0x1
 672 0078 13       		.uleb128 0x13
 673 0079 00       		.byte	0
 674 007a 00       		.byte	0
 675 007b 0A       		.uleb128 0xa
 676 007c 28       		.uleb128 0x28
 677 007d 00       		.byte	0
 678 007e 03       		.uleb128 0x3
 679 007f 0E       		.uleb128 0xe
ARM GAS  C:\Users\EA527~1.IVA\AppData\Local\Temp\ccLS5CIv.s 			page 14


 680 0080 1C       		.uleb128 0x1c
 681 0081 0B       		.uleb128 0xb
 682 0082 00       		.byte	0
 683 0083 00       		.byte	0
 684 0084 0B       		.uleb128 0xb
 685 0085 2E       		.uleb128 0x2e
 686 0086 00       		.byte	0
 687 0087 3F       		.uleb128 0x3f
 688 0088 19       		.uleb128 0x19
 689 0089 03       		.uleb128 0x3
 690 008a 0E       		.uleb128 0xe
 691 008b 3A       		.uleb128 0x3a
 692 008c 0B       		.uleb128 0xb
 693 008d 3B       		.uleb128 0x3b
 694 008e 0B       		.uleb128 0xb
 695 008f 27       		.uleb128 0x27
 696 0090 19       		.uleb128 0x19
 697 0091 11       		.uleb128 0x11
 698 0092 01       		.uleb128 0x1
 699 0093 12       		.uleb128 0x12
 700 0094 06       		.uleb128 0x6
 701 0095 40       		.uleb128 0x40
 702 0096 18       		.uleb128 0x18
 703 0097 9742     		.uleb128 0x2117
 704 0099 19       		.uleb128 0x19
 705 009a 00       		.byte	0
 706 009b 00       		.byte	0
 707 009c 0C       		.uleb128 0xc
 708 009d 2E       		.uleb128 0x2e
 709 009e 01       		.byte	0x1
 710 009f 3F       		.uleb128 0x3f
 711 00a0 19       		.uleb128 0x19
 712 00a1 03       		.uleb128 0x3
 713 00a2 0E       		.uleb128 0xe
 714 00a3 3A       		.uleb128 0x3a
 715 00a4 0B       		.uleb128 0xb
 716 00a5 3B       		.uleb128 0x3b
 717 00a6 0B       		.uleb128 0xb
 718 00a7 27       		.uleb128 0x27
 719 00a8 19       		.uleb128 0x19
 720 00a9 49       		.uleb128 0x49
 721 00aa 13       		.uleb128 0x13
 722 00ab 11       		.uleb128 0x11
 723 00ac 01       		.uleb128 0x1
 724 00ad 12       		.uleb128 0x12
 725 00ae 06       		.uleb128 0x6
 726 00af 40       		.uleb128 0x40
 727 00b0 18       		.uleb128 0x18
 728 00b1 9742     		.uleb128 0x2117
 729 00b3 19       		.uleb128 0x19
 730 00b4 01       		.uleb128 0x1
 731 00b5 13       		.uleb128 0x13
 732 00b6 00       		.byte	0
 733 00b7 00       		.byte	0
 734 00b8 0D       		.uleb128 0xd
 735 00b9 898201   		.uleb128 0x4109
 736 00bc 00       		.byte	0
ARM GAS  C:\Users\EA527~1.IVA\AppData\Local\Temp\ccLS5CIv.s 			page 15


 737 00bd 11       		.uleb128 0x11
 738 00be 01       		.uleb128 0x1
 739 00bf 31       		.uleb128 0x31
 740 00c0 13       		.uleb128 0x13
 741 00c1 00       		.byte	0
 742 00c2 00       		.byte	0
 743 00c3 0E       		.uleb128 0xe
 744 00c4 2E       		.uleb128 0x2e
 745 00c5 01       		.byte	0x1
 746 00c6 3F       		.uleb128 0x3f
 747 00c7 19       		.uleb128 0x19
 748 00c8 03       		.uleb128 0x3
 749 00c9 0E       		.uleb128 0xe
 750 00ca 3A       		.uleb128 0x3a
 751 00cb 0B       		.uleb128 0xb
 752 00cc 3B       		.uleb128 0x3b
 753 00cd 0B       		.uleb128 0xb
 754 00ce 27       		.uleb128 0x27
 755 00cf 19       		.uleb128 0x19
 756 00d0 11       		.uleb128 0x11
 757 00d1 01       		.uleb128 0x1
 758 00d2 12       		.uleb128 0x12
 759 00d3 06       		.uleb128 0x6
 760 00d4 40       		.uleb128 0x40
 761 00d5 18       		.uleb128 0x18
 762 00d6 9742     		.uleb128 0x2117
 763 00d8 19       		.uleb128 0x19
 764 00d9 01       		.uleb128 0x1
 765 00da 13       		.uleb128 0x13
 766 00db 00       		.byte	0
 767 00dc 00       		.byte	0
 768 00dd 0F       		.uleb128 0xf
 769 00de 898201   		.uleb128 0x4109
 770 00e1 01       		.byte	0x1
 771 00e2 11       		.uleb128 0x11
 772 00e3 01       		.uleb128 0x1
 773 00e4 31       		.uleb128 0x31
 774 00e5 13       		.uleb128 0x13
 775 00e6 00       		.byte	0
 776 00e7 00       		.byte	0
 777 00e8 10       		.uleb128 0x10
 778 00e9 8A8201   		.uleb128 0x410a
 779 00ec 00       		.byte	0
 780 00ed 02       		.uleb128 0x2
 781 00ee 18       		.uleb128 0x18
 782 00ef 9142     		.uleb128 0x2111
 783 00f1 18       		.uleb128 0x18
 784 00f2 00       		.byte	0
 785 00f3 00       		.byte	0
 786 00f4 11       		.uleb128 0x11
 787 00f5 34       		.uleb128 0x34
 788 00f6 00       		.byte	0
 789 00f7 03       		.uleb128 0x3
 790 00f8 0E       		.uleb128 0xe
 791 00f9 3A       		.uleb128 0x3a
 792 00fa 0B       		.uleb128 0xb
 793 00fb 3B       		.uleb128 0x3b
ARM GAS  C:\Users\EA527~1.IVA\AppData\Local\Temp\ccLS5CIv.s 			page 16


 794 00fc 0B       		.uleb128 0xb
 795 00fd 49       		.uleb128 0x49
 796 00fe 13       		.uleb128 0x13
 797 00ff 02       		.uleb128 0x2
 798 0100 18       		.uleb128 0x18
 799 0101 00       		.byte	0
 800 0102 00       		.byte	0
 801 0103 12       		.uleb128 0x12
 802 0104 34       		.uleb128 0x34
 803 0105 00       		.byte	0
 804 0106 03       		.uleb128 0x3
 805 0107 0E       		.uleb128 0xe
 806 0108 3A       		.uleb128 0x3a
 807 0109 0B       		.uleb128 0xb
 808 010a 3B       		.uleb128 0x3b
 809 010b 0B       		.uleb128 0xb
 810 010c 49       		.uleb128 0x49
 811 010d 13       		.uleb128 0x13
 812 010e 3F       		.uleb128 0x3f
 813 010f 19       		.uleb128 0x19
 814 0110 02       		.uleb128 0x2
 815 0111 18       		.uleb128 0x18
 816 0112 00       		.byte	0
 817 0113 00       		.byte	0
 818 0114 13       		.uleb128 0x13
 819 0115 01       		.uleb128 0x1
 820 0116 01       		.byte	0x1
 821 0117 49       		.uleb128 0x49
 822 0118 13       		.uleb128 0x13
 823 0119 01       		.uleb128 0x1
 824 011a 13       		.uleb128 0x13
 825 011b 00       		.byte	0
 826 011c 00       		.byte	0
 827 011d 14       		.uleb128 0x14
 828 011e 21       		.uleb128 0x21
 829 011f 00       		.byte	0
 830 0120 00       		.byte	0
 831 0121 00       		.byte	0
 832 0122 15       		.uleb128 0x15
 833 0123 34       		.uleb128 0x34
 834 0124 00       		.byte	0
 835 0125 03       		.uleb128 0x3
 836 0126 0E       		.uleb128 0xe
 837 0127 3A       		.uleb128 0x3a
 838 0128 0B       		.uleb128 0xb
 839 0129 3B       		.uleb128 0x3b
 840 012a 0B       		.uleb128 0xb
 841 012b 49       		.uleb128 0x49
 842 012c 13       		.uleb128 0x13
 843 012d 3F       		.uleb128 0x3f
 844 012e 19       		.uleb128 0x19
 845 012f 3C       		.uleb128 0x3c
 846 0130 19       		.uleb128 0x19
 847 0131 00       		.byte	0
 848 0132 00       		.byte	0
 849 0133 16       		.uleb128 0x16
 850 0134 0F       		.uleb128 0xf
ARM GAS  C:\Users\EA527~1.IVA\AppData\Local\Temp\ccLS5CIv.s 			page 17


 851 0135 00       		.byte	0
 852 0136 0B       		.uleb128 0xb
 853 0137 0B       		.uleb128 0xb
 854 0138 49       		.uleb128 0x49
 855 0139 13       		.uleb128 0x13
 856 013a 00       		.byte	0
 857 013b 00       		.byte	0
 858 013c 17       		.uleb128 0x17
 859 013d 2E       		.uleb128 0x2e
 860 013e 00       		.byte	0
 861 013f 3F       		.uleb128 0x3f
 862 0140 19       		.uleb128 0x19
 863 0141 3C       		.uleb128 0x3c
 864 0142 19       		.uleb128 0x19
 865 0143 6E       		.uleb128 0x6e
 866 0144 0E       		.uleb128 0xe
 867 0145 03       		.uleb128 0x3
 868 0146 0E       		.uleb128 0xe
 869 0147 3A       		.uleb128 0x3a
 870 0148 0B       		.uleb128 0xb
 871 0149 3B       		.uleb128 0x3b
 872 014a 0B       		.uleb128 0xb
 873 014b 00       		.byte	0
 874 014c 00       		.byte	0
 875 014d 00       		.byte	0
 876              		.section	.debug_aranges,"",%progbits
 877 0000 34000000 		.4byte	0x34
 878 0004 0200     		.2byte	0x2
 879 0006 00000000 		.4byte	.Ldebug_info0
 880 000a 04       		.byte	0x4
 881 000b 00       		.byte	0
 882 000c 0000     		.2byte	0
 883 000e 0000     		.2byte	0
 884 0010 00000000 		.4byte	.LFB0
 885 0014 58000000 		.4byte	.LFE0-.LFB0
 886 0018 00000000 		.4byte	.LFB1
 887 001c 34000000 		.4byte	.LFE1-.LFB1
 888 0020 00000000 		.4byte	.LFB2
 889 0024 1C000000 		.4byte	.LFE2-.LFB2
 890 0028 00000000 		.4byte	.LFB3
 891 002c 0C000000 		.4byte	.LFE3-.LFB3
 892 0030 00000000 		.4byte	0
 893 0034 00000000 		.4byte	0
 894              		.section	.debug_ranges,"",%progbits
 895              	.Ldebug_ranges0:
 896 0000 00000000 		.4byte	.LFB0
 897 0004 58000000 		.4byte	.LFE0
 898 0008 00000000 		.4byte	.LFB1
 899 000c 34000000 		.4byte	.LFE1
 900 0010 00000000 		.4byte	.LFB2
 901 0014 1C000000 		.4byte	.LFE2
 902 0018 00000000 		.4byte	.LFB3
 903 001c 0C000000 		.4byte	.LFE3
 904 0020 00000000 		.4byte	0
 905 0024 00000000 		.4byte	0
 906              		.section	.debug_line,"",%progbits
 907              	.Ldebug_line0:
ARM GAS  C:\Users\EA527~1.IVA\AppData\Local\Temp\ccLS5CIv.s 			page 18


 908 0000 DC000000 		.section	.debug_str,"MS",%progbits,1
 908      02008500 
 908      00000201 
 908      FB0E0D00 
 908      01010101 
 909              	.LASF15:
 910 0000 72656733 		.ascii	"reg32\000"
 910      3200
 911              	.LASF29:
 912 0006 4C6F6164 		.ascii	"Load\000"
 912      00
 913              	.LASF20:
 914 000b 72657365 		.ascii	"reset\000"
 914      7400
 915              	.LASF43:
 916 0011 433A5C55 		.ascii	"C:\\Users\\e.ivanov\\Documents\\GitHub\\adc\\Manche"
 916      73657273 
 916      5C652E69 
 916      76616E6F 
 916      765C446F 
 917 003e 73746572 		.ascii	"ster encoder-decoder.cydsn\000"
 917      20656E63 
 917      6F646572 
 917      2D646563 
 917      6F646572 
 918              	.LASF23:
 919 0059 46315F66 		.ascii	"F1_full\000"
 919      756C6C00 
 920              	.LASF3:
 921 0061 73686F72 		.ascii	"short unsigned int\000"
 921      7420756E 
 921      7369676E 
 921      65642069 
 921      6E7400
 922              	.LASF28:
 923 0074 54725265 		.ascii	"TrResult\000"
 923      73756C74 
 923      00
 924              	.LASF46:
 925 007d 636F756E 		.ascii	"count_to_send\000"
 925      745F746F 
 925      5F73656E 
 925      6400
 926              	.LASF32:
 927 008b 73746174 		.ascii	"status\000"
 927      757300
 928              	.LASF36:
 929 0092 746D705F 		.ascii	"tmp_tr\000"
 929      747200
 930              	.LASF11:
 931 0099 666C6F61 		.ascii	"float\000"
 931      7400
 932              	.LASF42:
 933 009f 73656E64 		.ascii	"sender.c\000"
 933      65722E63 
 933      00
 934              	.LASF1:
ARM GAS  C:\Users\EA527~1.IVA\AppData\Local\Temp\ccLS5CIv.s 			page 19


 935 00a8 756E7369 		.ascii	"unsigned char\000"
 935      676E6564 
 935      20636861 
 935      7200
 936              	.LASF41:
 937 00b6 474E5520 		.ascii	"GNU C11 5.4.1 20160609 (release) [ARM/embedded-5-br"
 937      43313120 
 937      352E342E 
 937      31203230 
 937      31363036 
 938 00e9 616E6368 		.ascii	"anch revision 237715] -mcpu=cortex-m3 -mthumb -g -O"
 938      20726576 
 938      6973696F 
 938      6E203233 
 938      37373135 
 939 011c 67202D66 		.ascii	"g -ffunction-sections -ffat-lto-objects\000"
 939      66756E63 
 939      74696F6E 
 939      2D736563 
 939      74696F6E 
 940              	.LASF14:
 941 0144 72656738 		.ascii	"reg8\000"
 941      00
 942              	.LASF21:
 943 0149 46305F65 		.ascii	"F0_empty\000"
 943      6D707479 
 943      00
 944              	.LASF5:
 945 0152 6C6F6E67 		.ascii	"long unsigned int\000"
 945      20756E73 
 945      69676E65 
 945      6420696E 
 945      7400
 946              	.LASF9:
 947 0164 75696E74 		.ascii	"uint8\000"
 947      3800
 948              	.LASF39:
 949 016a 42697443 		.ascii	"BitCounterEnc_WriteCounter\000"
 949      6F756E74 
 949      6572456E 
 949      635F5772 
 949      69746543 
 950              	.LASF30:
 951 0185 436C6561 		.ascii	"ClearStatus\000"
 951      72537461 
 951      74757300 
 952              	.LASF37:
 953 0191 73747368 		.ascii	"stsh\000"
 953      00
 954              	.LASF12:
 955 0196 646F7562 		.ascii	"double\000"
 955      6C6500
 956              	.LASF16:
 957 019d 6C6F6E67 		.ascii	"long double\000"
 957      20646F75 
 957      626C6500 
 958              	.LASF33:
ARM GAS  C:\Users\EA527~1.IVA\AppData\Local\Temp\ccLS5CIv.s 			page 20


 959 01a9 6C696E65 		.ascii	"line_buf\000"
 959      5F627566 
 959      00
 960              	.LASF10:
 961 01b2 75696E74 		.ascii	"uint32\000"
 961      333200
 962              	.LASF8:
 963 01b9 756E7369 		.ascii	"unsigned int\000"
 963      676E6564 
 963      20696E74 
 963      00
 964              	.LASF31:
 965 01c6 63757253 		.ascii	"curStat\000"
 965      74617400 
 966              	.LASF7:
 967 01ce 6C6F6E67 		.ascii	"long long unsigned int\000"
 967      206C6F6E 
 967      6720756E 
 967      7369676E 
 967      65642069 
 968              	.LASF22:
 969 01e5 46305F6E 		.ascii	"F0_not_full\000"
 969      6F745F66 
 969      756C6C00 
 970              	.LASF44:
 971 01f1 50726570 		.ascii	"PrepareToSend\000"
 971      61726554 
 971      6F53656E 
 971      6400
 972              	.LASF17:
 973 01ff 73697A65 		.ascii	"sizetype\000"
 973      74797065 
 973      00
 974              	.LASF26:
 975 0208 54524255 		.ascii	"TRBUSY\000"
 975      535900
 976              	.LASF6:
 977 020f 6C6F6E67 		.ascii	"long long int\000"
 977      206C6F6E 
 977      6720696E 
 977      7400
 978              	.LASF13:
 979 021d 63686172 		.ascii	"char\000"
 979      00
 980              	.LASF38:
 981 0222 42697443 		.ascii	"BitCounterEnc_ReadCompare\000"
 981      6F756E74 
 981      6572456E 
 981      635F5265 
 981      6164436F 
 982              	.LASF2:
 983 023c 73686F72 		.ascii	"short int\000"
 983      7420696E 
 983      7400
 984              	.LASF34:
 985 0246 63757272 		.ascii	"current_write\000"
 985      656E745F 
ARM GAS  C:\Users\EA527~1.IVA\AppData\Local\Temp\ccLS5CIv.s 			page 21


 985      77726974 
 985      6500
 986              	.LASF18:
 987 0254 6C6F6164 		.ascii	"load\000"
 987      00
 988              	.LASF25:
 989 0259 73746174 		.ascii	"statReg\000"
 989      52656700 
 990              	.LASF19:
 991 0261 73746F72 		.ascii	"store\000"
 991      6500
 992              	.LASF4:
 993 0267 6C6F6E67 		.ascii	"long int\000"
 993      20696E74 
 993      00
 994              	.LASF27:
 995 0270 54525355 		.ascii	"TRSUCCSSY\000"
 995      43435353 
 995      5900
 996              	.LASF45:
 997 027a 53656E64 		.ascii	"Send\000"
 997      00
 998              	.LASF0:
 999 027f 7369676E 		.ascii	"signed char\000"
 999      65642063 
 999      68617200 
 1000              	.LASF35:
 1001 028b 63757272 		.ascii	"current_read\000"
 1001      656E745F 
 1001      72656164 
 1001      00
 1002              	.LASF24:
 1003 0298 46315F70 		.ascii	"F1_partial\000"
 1003      61727469 
 1003      616C00
 1004              	.LASF40:
 1005 02a3 53746172 		.ascii	"StartTransmit_Write\000"
 1005      74547261 
 1005      6E736D69 
 1005      745F5772 
 1005      69746500 
 1006              		.ident	"GCC: (GNU Tools for ARM Embedded Processors) 5.4.1 20160609 (release) [ARM/embedded-5-bran
