ARM GAS  C:\Users\EA527~1.IVA\AppData\Local\Temp\ccWDpGcv.s 			page 1


   1              		.syntax unified
   2              		.cpu cortex-m3
   3              		.fpu softvfp
   4              		.eabi_attribute 20, 1
   5              		.eabi_attribute 21, 1
   6              		.eabi_attribute 23, 3
   7              		.eabi_attribute 24, 1
   8              		.eabi_attribute 25, 1
   9              		.eabi_attribute 26, 1
  10              		.eabi_attribute 30, 1
  11              		.eabi_attribute 34, 1
  12              		.eabi_attribute 18, 4
  13              		.thumb
  14              		.syntax unified
  15              		.file	"ShiftReg_6_PM.c"
  16              		.text
  17              	.Ltext0:
  18              		.cfi_sections	.debug_frame
  19              		.section	.text.ShiftReg_6_SaveConfig,"ax",%progbits
  20              		.align	2
  21              		.global	ShiftReg_6_SaveConfig
  22              		.thumb
  23              		.thumb_func
  24              		.type	ShiftReg_6_SaveConfig, %function
  25              	ShiftReg_6_SaveConfig:
  26              	.LFB0:
  27              		.file 1 "Generated_Source\\PSoC5\\ShiftReg_6_PM.c"
   1:Generated_Source\PSoC5/ShiftReg_6_PM.c **** /*******************************************************************************
   2:Generated_Source\PSoC5/ShiftReg_6_PM.c **** * File Name: ShiftReg_6_PM.c
   3:Generated_Source\PSoC5/ShiftReg_6_PM.c **** * Version 2.30
   4:Generated_Source\PSoC5/ShiftReg_6_PM.c **** *
   5:Generated_Source\PSoC5/ShiftReg_6_PM.c **** * Description:
   6:Generated_Source\PSoC5/ShiftReg_6_PM.c **** *  This file provides the API source code for sleep mode support for Shift
   7:Generated_Source\PSoC5/ShiftReg_6_PM.c **** *  Register component.
   8:Generated_Source\PSoC5/ShiftReg_6_PM.c **** *
   9:Generated_Source\PSoC5/ShiftReg_6_PM.c **** * Note:
  10:Generated_Source\PSoC5/ShiftReg_6_PM.c **** *
  11:Generated_Source\PSoC5/ShiftReg_6_PM.c **** ********************************************************************************
  12:Generated_Source\PSoC5/ShiftReg_6_PM.c **** * Copyright 2008-2013, Cypress Semiconductor Corporation.  All rights reserved.
  13:Generated_Source\PSoC5/ShiftReg_6_PM.c **** * You may use this file only in accordance with the license, terms, conditions,
  14:Generated_Source\PSoC5/ShiftReg_6_PM.c **** * disclaimers, and limitations in the end user license agreement accompanying
  15:Generated_Source\PSoC5/ShiftReg_6_PM.c **** * the software package with which this file was provided.
  16:Generated_Source\PSoC5/ShiftReg_6_PM.c **** *******************************************************************************/
  17:Generated_Source\PSoC5/ShiftReg_6_PM.c **** 
  18:Generated_Source\PSoC5/ShiftReg_6_PM.c **** #include "ShiftReg_6.h"
  19:Generated_Source\PSoC5/ShiftReg_6_PM.c **** 
  20:Generated_Source\PSoC5/ShiftReg_6_PM.c **** static ShiftReg_6_BACKUP_STRUCT ShiftReg_6_backup =
  21:Generated_Source\PSoC5/ShiftReg_6_PM.c **** {
  22:Generated_Source\PSoC5/ShiftReg_6_PM.c ****     ShiftReg_6_DISABLED,
  23:Generated_Source\PSoC5/ShiftReg_6_PM.c **** 
  24:Generated_Source\PSoC5/ShiftReg_6_PM.c ****     ((uint32) ShiftReg_6_DEFAULT_A0),
  25:Generated_Source\PSoC5/ShiftReg_6_PM.c ****     ((uint32) ShiftReg_6_DEFAULT_A1),
  26:Generated_Source\PSoC5/ShiftReg_6_PM.c **** 
  27:Generated_Source\PSoC5/ShiftReg_6_PM.c ****     #if(CY_UDB_V0)
  28:Generated_Source\PSoC5/ShiftReg_6_PM.c ****         ((uint32) ShiftReg_6_INT_SRC),
  29:Generated_Source\PSoC5/ShiftReg_6_PM.c ****     #endif /* (CY_UDB_V0) */
  30:Generated_Source\PSoC5/ShiftReg_6_PM.c **** };
ARM GAS  C:\Users\EA527~1.IVA\AppData\Local\Temp\ccWDpGcv.s 			page 2


  31:Generated_Source\PSoC5/ShiftReg_6_PM.c **** 
  32:Generated_Source\PSoC5/ShiftReg_6_PM.c **** 
  33:Generated_Source\PSoC5/ShiftReg_6_PM.c **** /*******************************************************************************
  34:Generated_Source\PSoC5/ShiftReg_6_PM.c **** * Function Name: ShiftReg_6_SaveConfig
  35:Generated_Source\PSoC5/ShiftReg_6_PM.c **** ********************************************************************************
  36:Generated_Source\PSoC5/ShiftReg_6_PM.c **** *
  37:Generated_Source\PSoC5/ShiftReg_6_PM.c **** * Summary:
  38:Generated_Source\PSoC5/ShiftReg_6_PM.c **** *  Saves Shift Register configuration.
  39:Generated_Source\PSoC5/ShiftReg_6_PM.c **** *
  40:Generated_Source\PSoC5/ShiftReg_6_PM.c **** * Parameters:
  41:Generated_Source\PSoC5/ShiftReg_6_PM.c **** *  None.
  42:Generated_Source\PSoC5/ShiftReg_6_PM.c **** *
  43:Generated_Source\PSoC5/ShiftReg_6_PM.c **** * Return:
  44:Generated_Source\PSoC5/ShiftReg_6_PM.c **** *  None.
  45:Generated_Source\PSoC5/ShiftReg_6_PM.c **** *
  46:Generated_Source\PSoC5/ShiftReg_6_PM.c **** * Reentrant:
  47:Generated_Source\PSoC5/ShiftReg_6_PM.c **** *  No.
  48:Generated_Source\PSoC5/ShiftReg_6_PM.c **** *
  49:Generated_Source\PSoC5/ShiftReg_6_PM.c **** *******************************************************************************/
  50:Generated_Source\PSoC5/ShiftReg_6_PM.c **** void ShiftReg_6_SaveConfig(void) 
  51:Generated_Source\PSoC5/ShiftReg_6_PM.c **** {
  28              		.loc 1 51 0
  29              		.cfi_startproc
  30              		@ args = 0, pretend = 0, frame = 0
  31              		@ frame_needed = 0, uses_anonymous_args = 0
  32              		@ link register save eliminated.
  52:Generated_Source\PSoC5/ShiftReg_6_PM.c ****     /* Store working registers A0 and A1 */
  53:Generated_Source\PSoC5/ShiftReg_6_PM.c ****     ShiftReg_6_backup.saveSrA0Reg   = CY_GET_REG32(ShiftReg_6_SHIFT_REG_LSB_PTR);
  33              		.loc 1 53 0
  34 0000 034B     		ldr	r3, .L2
  35 0002 1A68     		ldr	r2, [r3]
  36 0004 034B     		ldr	r3, .L2+4
  37 0006 5A60     		str	r2, [r3, #4]
  54:Generated_Source\PSoC5/ShiftReg_6_PM.c ****     ShiftReg_6_backup.saveSrA1Reg   = CY_GET_REG32(ShiftReg_6_SHIFT_REG_VALUE_LSB_PTR);
  38              		.loc 1 54 0
  39 0008 034A     		ldr	r2, .L2+8
  40 000a 1268     		ldr	r2, [r2]
  41 000c 9A60     		str	r2, [r3, #8]
  42 000e 7047     		bx	lr
  43              	.L3:
  44              		.align	2
  45              	.L2:
  46 0010 04650040 		.word	1073767684
  47 0014 00000000 		.word	.LANCHOR0
  48 0018 14650040 		.word	1073767700
  49              		.cfi_endproc
  50              	.LFE0:
  51              		.size	ShiftReg_6_SaveConfig, .-ShiftReg_6_SaveConfig
  52              		.section	.text.ShiftReg_6_RestoreConfig,"ax",%progbits
  53              		.align	2
  54              		.global	ShiftReg_6_RestoreConfig
  55              		.thumb
  56              		.thumb_func
  57              		.type	ShiftReg_6_RestoreConfig, %function
  58              	ShiftReg_6_RestoreConfig:
  59              	.LFB1:
  55:Generated_Source\PSoC5/ShiftReg_6_PM.c **** 
ARM GAS  C:\Users\EA527~1.IVA\AppData\Local\Temp\ccWDpGcv.s 			page 3


  56:Generated_Source\PSoC5/ShiftReg_6_PM.c ****     #if(CY_UDB_V0)
  57:Generated_Source\PSoC5/ShiftReg_6_PM.c ****         ShiftReg_6_backup.saveSrIntMask = ShiftReg_6_SR_STATUS_MASK;
  58:Generated_Source\PSoC5/ShiftReg_6_PM.c ****     #endif /* (CY_UDB_V0) */
  59:Generated_Source\PSoC5/ShiftReg_6_PM.c **** }
  60:Generated_Source\PSoC5/ShiftReg_6_PM.c **** 
  61:Generated_Source\PSoC5/ShiftReg_6_PM.c **** 
  62:Generated_Source\PSoC5/ShiftReg_6_PM.c **** /*******************************************************************************
  63:Generated_Source\PSoC5/ShiftReg_6_PM.c **** * Function Name: ShiftReg_6_RestoreConfig
  64:Generated_Source\PSoC5/ShiftReg_6_PM.c **** ********************************************************************************
  65:Generated_Source\PSoC5/ShiftReg_6_PM.c **** *
  66:Generated_Source\PSoC5/ShiftReg_6_PM.c **** * Summary:
  67:Generated_Source\PSoC5/ShiftReg_6_PM.c **** *  Restores Shift Register configuration.
  68:Generated_Source\PSoC5/ShiftReg_6_PM.c **** *
  69:Generated_Source\PSoC5/ShiftReg_6_PM.c **** * Parameters:
  70:Generated_Source\PSoC5/ShiftReg_6_PM.c **** *  None.
  71:Generated_Source\PSoC5/ShiftReg_6_PM.c **** *
  72:Generated_Source\PSoC5/ShiftReg_6_PM.c **** * Return:
  73:Generated_Source\PSoC5/ShiftReg_6_PM.c **** *  None.
  74:Generated_Source\PSoC5/ShiftReg_6_PM.c **** *
  75:Generated_Source\PSoC5/ShiftReg_6_PM.c **** *******************************************************************************/
  76:Generated_Source\PSoC5/ShiftReg_6_PM.c **** void ShiftReg_6_RestoreConfig(void) 
  77:Generated_Source\PSoC5/ShiftReg_6_PM.c **** {
  60              		.loc 1 77 0
  61              		.cfi_startproc
  62              		@ args = 0, pretend = 0, frame = 0
  63              		@ frame_needed = 0, uses_anonymous_args = 0
  64              		@ link register save eliminated.
  78:Generated_Source\PSoC5/ShiftReg_6_PM.c ****     /* Restore working registers A0 and A1 */
  79:Generated_Source\PSoC5/ShiftReg_6_PM.c ****     CY_SET_REG32(ShiftReg_6_SHIFT_REG_LSB_PTR, ShiftReg_6_backup.saveSrA0Reg);
  65              		.loc 1 79 0
  66 0000 034B     		ldr	r3, .L5
  67 0002 5968     		ldr	r1, [r3, #4]
  68 0004 034A     		ldr	r2, .L5+4
  69 0006 1160     		str	r1, [r2]
  80:Generated_Source\PSoC5/ShiftReg_6_PM.c ****     CY_SET_REG32(ShiftReg_6_SHIFT_REG_VALUE_LSB_PTR, ShiftReg_6_backup.saveSrA1Reg);
  70              		.loc 1 80 0
  71 0008 9A68     		ldr	r2, [r3, #8]
  72 000a 034B     		ldr	r3, .L5+8
  73 000c 1A60     		str	r2, [r3]
  74 000e 7047     		bx	lr
  75              	.L6:
  76              		.align	2
  77              	.L5:
  78 0010 00000000 		.word	.LANCHOR0
  79 0014 04650040 		.word	1073767684
  80 0018 14650040 		.word	1073767700
  81              		.cfi_endproc
  82              	.LFE1:
  83              		.size	ShiftReg_6_RestoreConfig, .-ShiftReg_6_RestoreConfig
  84              		.section	.text.ShiftReg_6_Sleep,"ax",%progbits
  85              		.align	2
  86              		.global	ShiftReg_6_Sleep
  87              		.thumb
  88              		.thumb_func
  89              		.type	ShiftReg_6_Sleep, %function
  90              	ShiftReg_6_Sleep:
  91              	.LFB2:
ARM GAS  C:\Users\EA527~1.IVA\AppData\Local\Temp\ccWDpGcv.s 			page 4


  81:Generated_Source\PSoC5/ShiftReg_6_PM.c **** 
  82:Generated_Source\PSoC5/ShiftReg_6_PM.c ****     #if(CY_UDB_V0)
  83:Generated_Source\PSoC5/ShiftReg_6_PM.c ****         ShiftReg_6_SR_STATUS_MASK = ((uint8) ShiftReg_6_backup.saveSrIntMask);
  84:Generated_Source\PSoC5/ShiftReg_6_PM.c ****     #endif /* (CY_UDB_V0) */
  85:Generated_Source\PSoC5/ShiftReg_6_PM.c **** }
  86:Generated_Source\PSoC5/ShiftReg_6_PM.c **** 
  87:Generated_Source\PSoC5/ShiftReg_6_PM.c **** 
  88:Generated_Source\PSoC5/ShiftReg_6_PM.c **** /*******************************************************************************
  89:Generated_Source\PSoC5/ShiftReg_6_PM.c **** * Function Name: ShiftReg_6_Sleep
  90:Generated_Source\PSoC5/ShiftReg_6_PM.c **** ********************************************************************************
  91:Generated_Source\PSoC5/ShiftReg_6_PM.c **** *
  92:Generated_Source\PSoC5/ShiftReg_6_PM.c **** * Summary:
  93:Generated_Source\PSoC5/ShiftReg_6_PM.c **** *  Prepare the component to enter a Sleep mode.
  94:Generated_Source\PSoC5/ShiftReg_6_PM.c **** *
  95:Generated_Source\PSoC5/ShiftReg_6_PM.c **** * Parameters:
  96:Generated_Source\PSoC5/ShiftReg_6_PM.c **** *  None.
  97:Generated_Source\PSoC5/ShiftReg_6_PM.c **** *
  98:Generated_Source\PSoC5/ShiftReg_6_PM.c **** * Return:
  99:Generated_Source\PSoC5/ShiftReg_6_PM.c **** *  None.
 100:Generated_Source\PSoC5/ShiftReg_6_PM.c **** *
 101:Generated_Source\PSoC5/ShiftReg_6_PM.c **** * Reentrant:
 102:Generated_Source\PSoC5/ShiftReg_6_PM.c **** *  No.
 103:Generated_Source\PSoC5/ShiftReg_6_PM.c **** *
 104:Generated_Source\PSoC5/ShiftReg_6_PM.c **** *******************************************************************************/
 105:Generated_Source\PSoC5/ShiftReg_6_PM.c **** void ShiftReg_6_Sleep(void) 
 106:Generated_Source\PSoC5/ShiftReg_6_PM.c **** {
  92              		.loc 1 106 0
  93              		.cfi_startproc
  94              		@ args = 0, pretend = 0, frame = 0
  95              		@ frame_needed = 0, uses_anonymous_args = 0
  96 0000 08B5     		push	{r3, lr}
  97              		.cfi_def_cfa_offset 8
  98              		.cfi_offset 3, -8
  99              		.cfi_offset 14, -4
 107:Generated_Source\PSoC5/ShiftReg_6_PM.c ****     ShiftReg_6_backup.enableState = ((uint8) ShiftReg_6_IS_ENABLED);
 100              		.loc 1 107 0
 101 0002 054B     		ldr	r3, .L9
 102 0004 1B78     		ldrb	r3, [r3]	@ zero_extendqisi2
 103 0006 03F00103 		and	r3, r3, #1
 104 000a 044A     		ldr	r2, .L9+4
 105 000c 1370     		strb	r3, [r2]
 108:Generated_Source\PSoC5/ShiftReg_6_PM.c **** 
 109:Generated_Source\PSoC5/ShiftReg_6_PM.c ****     ShiftReg_6_Stop();
 106              		.loc 1 109 0
 107 000e FFF7FEFF 		bl	ShiftReg_6_Stop
 108              	.LVL0:
 110:Generated_Source\PSoC5/ShiftReg_6_PM.c ****     ShiftReg_6_SaveConfig();
 109              		.loc 1 110 0
 110 0012 FFF7FEFF 		bl	ShiftReg_6_SaveConfig
 111              	.LVL1:
 112 0016 08BD     		pop	{r3, pc}
 113              	.L10:
 114              		.align	2
 115              	.L9:
 116 0018 75650040 		.word	1073767797
 117 001c 00000000 		.word	.LANCHOR0
 118              		.cfi_endproc
ARM GAS  C:\Users\EA527~1.IVA\AppData\Local\Temp\ccWDpGcv.s 			page 5


 119              	.LFE2:
 120              		.size	ShiftReg_6_Sleep, .-ShiftReg_6_Sleep
 121              		.section	.text.ShiftReg_6_Wakeup,"ax",%progbits
 122              		.align	2
 123              		.global	ShiftReg_6_Wakeup
 124              		.thumb
 125              		.thumb_func
 126              		.type	ShiftReg_6_Wakeup, %function
 127              	ShiftReg_6_Wakeup:
 128              	.LFB3:
 111:Generated_Source\PSoC5/ShiftReg_6_PM.c **** }
 112:Generated_Source\PSoC5/ShiftReg_6_PM.c **** 
 113:Generated_Source\PSoC5/ShiftReg_6_PM.c **** 
 114:Generated_Source\PSoC5/ShiftReg_6_PM.c **** /*******************************************************************************
 115:Generated_Source\PSoC5/ShiftReg_6_PM.c **** * Function Name: ShiftReg_6_Wakeup
 116:Generated_Source\PSoC5/ShiftReg_6_PM.c **** ********************************************************************************
 117:Generated_Source\PSoC5/ShiftReg_6_PM.c **** *
 118:Generated_Source\PSoC5/ShiftReg_6_PM.c **** * Summary:
 119:Generated_Source\PSoC5/ShiftReg_6_PM.c **** *  Restores and enables the user configuration.
 120:Generated_Source\PSoC5/ShiftReg_6_PM.c **** *
 121:Generated_Source\PSoC5/ShiftReg_6_PM.c **** * Parameters:
 122:Generated_Source\PSoC5/ShiftReg_6_PM.c **** *  None.
 123:Generated_Source\PSoC5/ShiftReg_6_PM.c **** *
 124:Generated_Source\PSoC5/ShiftReg_6_PM.c **** * Return:
 125:Generated_Source\PSoC5/ShiftReg_6_PM.c **** *  None.
 126:Generated_Source\PSoC5/ShiftReg_6_PM.c **** *
 127:Generated_Source\PSoC5/ShiftReg_6_PM.c **** *******************************************************************************/
 128:Generated_Source\PSoC5/ShiftReg_6_PM.c **** void ShiftReg_6_Wakeup(void) 
 129:Generated_Source\PSoC5/ShiftReg_6_PM.c **** {
 129              		.loc 1 129 0
 130              		.cfi_startproc
 131              		@ args = 0, pretend = 0, frame = 0
 132              		@ frame_needed = 0, uses_anonymous_args = 0
 133 0000 08B5     		push	{r3, lr}
 134              		.cfi_def_cfa_offset 8
 135              		.cfi_offset 3, -8
 136              		.cfi_offset 14, -4
 130:Generated_Source\PSoC5/ShiftReg_6_PM.c ****     ShiftReg_6_RestoreConfig();
 137              		.loc 1 130 0
 138 0002 FFF7FEFF 		bl	ShiftReg_6_RestoreConfig
 139              	.LVL2:
 131:Generated_Source\PSoC5/ShiftReg_6_PM.c **** 
 132:Generated_Source\PSoC5/ShiftReg_6_PM.c ****     if(0u != ShiftReg_6_backup.enableState)
 140              		.loc 1 132 0
 141 0006 034B     		ldr	r3, .L14
 142 0008 1B78     		ldrb	r3, [r3]	@ zero_extendqisi2
 143 000a 0BB1     		cbz	r3, .L11
 133:Generated_Source\PSoC5/ShiftReg_6_PM.c ****     {
 134:Generated_Source\PSoC5/ShiftReg_6_PM.c ****         ShiftReg_6_Enable();
 144              		.loc 1 134 0
 145 000c FFF7FEFF 		bl	ShiftReg_6_Enable
 146              	.LVL3:
 147              	.L11:
 148 0010 08BD     		pop	{r3, pc}
 149              	.L15:
 150 0012 00BF     		.align	2
 151              	.L14:
ARM GAS  C:\Users\EA527~1.IVA\AppData\Local\Temp\ccWDpGcv.s 			page 6


 152 0014 00000000 		.word	.LANCHOR0
 153              		.cfi_endproc
 154              	.LFE3:
 155              		.size	ShiftReg_6_Wakeup, .-ShiftReg_6_Wakeup
 156              		.bss
 157              		.align	2
 158              		.set	.LANCHOR0,. + 0
 159              		.type	ShiftReg_6_backup, %object
 160              		.size	ShiftReg_6_backup, 12
 161              	ShiftReg_6_backup:
 162 0000 00000000 		.space	12
 162      00000000 
 162      00000000 
 163              		.text
 164              	.Letext0:
 165              		.file 2 "Generated_Source\\PSoC5\\cytypes.h"
 166              		.file 3 "Generated_Source\\PSoC5\\ShiftReg_6.h"
 167              		.section	.debug_info,"",%progbits
 168              	.Ldebug_info0:
 169 0000 96010000 		.4byte	0x196
 170 0004 0400     		.2byte	0x4
 171 0006 00000000 		.4byte	.Ldebug_abbrev0
 172 000a 04       		.byte	0x4
 173 000b 01       		.uleb128 0x1
 174 000c 9F000000 		.4byte	.LASF28
 175 0010 0C       		.byte	0xc
 176 0011 50020000 		.4byte	.LASF29
 177 0015 3D000000 		.4byte	.LASF30
 178 0019 00000000 		.4byte	.Ldebug_ranges0+0
 179 001d 00000000 		.4byte	0
 180 0021 00000000 		.4byte	.Ldebug_line0
 181 0025 02       		.uleb128 0x2
 182 0026 01       		.byte	0x1
 183 0027 06       		.byte	0x6
 184 0028 77020000 		.4byte	.LASF0
 185 002c 02       		.uleb128 0x2
 186 002d 01       		.byte	0x1
 187 002e 08       		.byte	0x8
 188 002f 91000000 		.4byte	.LASF1
 189 0033 02       		.uleb128 0x2
 190 0034 02       		.byte	0x2
 191 0035 05       		.byte	0x5
 192 0036 5D010000 		.4byte	.LASF2
 193 003a 02       		.uleb128 0x2
 194 003b 02       		.byte	0x2
 195 003c 07       		.byte	0x7
 196 003d 06000000 		.4byte	.LASF3
 197 0041 02       		.uleb128 0x2
 198 0042 04       		.byte	0x4
 199 0043 05       		.byte	0x5
 200 0044 3B020000 		.4byte	.LASF4
 201 0048 02       		.uleb128 0x2
 202 0049 04       		.byte	0x4
 203 004a 07       		.byte	0x7
 204 004b 32010000 		.4byte	.LASF5
 205 004f 02       		.uleb128 0x2
 206 0050 08       		.byte	0x8
ARM GAS  C:\Users\EA527~1.IVA\AppData\Local\Temp\ccWDpGcv.s 			page 7


 207 0051 05       		.byte	0x5
 208 0052 12020000 		.4byte	.LASF6
 209 0056 02       		.uleb128 0x2
 210 0057 08       		.byte	0x8
 211 0058 07       		.byte	0x7
 212 0059 A4010000 		.4byte	.LASF7
 213 005d 03       		.uleb128 0x3
 214 005e 04       		.byte	0x4
 215 005f 05       		.byte	0x5
 216 0060 696E7400 		.ascii	"int\000"
 217 0064 02       		.uleb128 0x2
 218 0065 04       		.byte	0x4
 219 0066 07       		.byte	0x7
 220 0067 97010000 		.4byte	.LASF8
 221 006b 04       		.uleb128 0x4
 222 006c 44010000 		.4byte	.LASF9
 223 0070 02       		.byte	0x2
 224 0071 E401     		.2byte	0x1e4
 225 0073 2C000000 		.4byte	0x2c
 226 0077 04       		.uleb128 0x4
 227 0078 80010000 		.4byte	.LASF10
 228 007c 02       		.byte	0x2
 229 007d E601     		.2byte	0x1e6
 230 007f 48000000 		.4byte	0x48
 231 0083 02       		.uleb128 0x2
 232 0084 04       		.byte	0x4
 233 0085 04       		.byte	0x4
 234 0086 37000000 		.4byte	.LASF11
 235 008a 02       		.uleb128 0x2
 236 008b 08       		.byte	0x8
 237 008c 04       		.byte	0x4
 238 008d 4A010000 		.4byte	.LASF12
 239 0091 02       		.uleb128 0x2
 240 0092 01       		.byte	0x1
 241 0093 08       		.byte	0x8
 242 0094 20020000 		.4byte	.LASF13
 243 0098 04       		.uleb128 0x4
 244 0099 2D010000 		.4byte	.LASF14
 245 009d 02       		.byte	0x2
 246 009e 8E02     		.2byte	0x28e
 247 00a0 A4000000 		.4byte	0xa4
 248 00a4 05       		.uleb128 0x5
 249 00a5 6B000000 		.4byte	0x6b
 250 00a9 04       		.uleb128 0x4
 251 00aa 00000000 		.4byte	.LASF15
 252 00ae 02       		.byte	0x2
 253 00af 9002     		.2byte	0x290
 254 00b1 B5000000 		.4byte	0xb5
 255 00b5 05       		.uleb128 0x5
 256 00b6 77000000 		.4byte	0x77
 257 00ba 02       		.uleb128 0x2
 258 00bb 08       		.byte	0x8
 259 00bc 04       		.byte	0x4
 260 00bd 51010000 		.4byte	.LASF16
 261 00c1 02       		.uleb128 0x2
 262 00c2 04       		.byte	0x4
 263 00c3 07       		.byte	0x7
ARM GAS  C:\Users\EA527~1.IVA\AppData\Local\Temp\ccWDpGcv.s 			page 8


 264 00c4 F7010000 		.4byte	.LASF17
 265 00c8 06       		.uleb128 0x6
 266 00c9 0C       		.byte	0xc
 267 00ca 03       		.byte	0x3
 268 00cb 2A       		.byte	0x2a
 269 00cc F5000000 		.4byte	0xf5
 270 00d0 07       		.uleb128 0x7
 271 00d1 44020000 		.4byte	.LASF18
 272 00d5 03       		.byte	0x3
 273 00d6 2C       		.byte	0x2c
 274 00d7 6B000000 		.4byte	0x6b
 275 00db 00       		.byte	0
 276 00dc 07       		.uleb128 0x7
 277 00dd 83020000 		.4byte	.LASF19
 278 00e1 03       		.byte	0x3
 279 00e2 2E       		.byte	0x2e
 280 00e3 77000000 		.4byte	0x77
 281 00e7 04       		.byte	0x4
 282 00e8 07       		.uleb128 0x7
 283 00e9 19000000 		.4byte	.LASF20
 284 00ed 03       		.byte	0x3
 285 00ee 2F       		.byte	0x2f
 286 00ef 77000000 		.4byte	0x77
 287 00f3 08       		.byte	0x8
 288 00f4 00       		.byte	0
 289 00f5 08       		.uleb128 0x8
 290 00f6 67010000 		.4byte	.LASF21
 291 00fa 03       		.byte	0x3
 292 00fb 35       		.byte	0x35
 293 00fc C8000000 		.4byte	0xc8
 294 0100 09       		.uleb128 0x9
 295 0101 25020000 		.4byte	.LASF22
 296 0105 01       		.byte	0x1
 297 0106 32       		.byte	0x32
 298 0107 00000000 		.4byte	.LFB0
 299 010b 1C000000 		.4byte	.LFE0-.LFB0
 300 010f 01       		.uleb128 0x1
 301 0110 9C       		.byte	0x9c
 302 0111 09       		.uleb128 0x9
 303 0112 DE010000 		.4byte	.LASF23
 304 0116 01       		.byte	0x1
 305 0117 4C       		.byte	0x4c
 306 0118 00000000 		.4byte	.LFB1
 307 011c 1C000000 		.4byte	.LFE1-.LFB1
 308 0120 01       		.uleb128 0x1
 309 0121 9C       		.byte	0x9c
 310 0122 0A       		.uleb128 0xa
 311 0123 CD010000 		.4byte	.LASF24
 312 0127 01       		.byte	0x1
 313 0128 69       		.byte	0x69
 314 0129 00000000 		.4byte	.LFB2
 315 012d 20000000 		.4byte	.LFE2-.LFB2
 316 0131 01       		.uleb128 0x1
 317 0132 9C       		.byte	0x9c
 318 0133 4A010000 		.4byte	0x14a
 319 0137 0B       		.uleb128 0xb
 320 0138 12000000 		.4byte	.LVL0
ARM GAS  C:\Users\EA527~1.IVA\AppData\Local\Temp\ccWDpGcv.s 			page 9


 321 013c 83010000 		.4byte	0x183
 322 0140 0B       		.uleb128 0xb
 323 0141 16000000 		.4byte	.LVL1
 324 0145 00010000 		.4byte	0x100
 325 0149 00       		.byte	0
 326 014a 0A       		.uleb128 0xa
 327 014b 00020000 		.4byte	.LASF25
 328 014f 01       		.byte	0x1
 329 0150 80       		.byte	0x80
 330 0151 00000000 		.4byte	.LFB3
 331 0155 18000000 		.4byte	.LFE3-.LFB3
 332 0159 01       		.uleb128 0x1
 333 015a 9C       		.byte	0x9c
 334 015b 72010000 		.4byte	0x172
 335 015f 0B       		.uleb128 0xb
 336 0160 06000000 		.4byte	.LVL2
 337 0164 11010000 		.4byte	0x111
 338 0168 0B       		.uleb128 0xb
 339 0169 10000000 		.4byte	.LVL3
 340 016d 8E010000 		.4byte	0x18e
 341 0171 00       		.byte	0
 342 0172 0C       		.uleb128 0xc
 343 0173 BB010000 		.4byte	.LASF31
 344 0177 01       		.byte	0x1
 345 0178 14       		.byte	0x14
 346 0179 F5000000 		.4byte	0xf5
 347 017d 05       		.uleb128 0x5
 348 017e 03       		.byte	0x3
 349 017f 00000000 		.4byte	ShiftReg_6_backup
 350 0183 0D       		.uleb128 0xd
 351 0184 87010000 		.4byte	.LASF26
 352 0188 87010000 		.4byte	.LASF26
 353 018c 03       		.byte	0x3
 354 018d 3D       		.byte	0x3d
 355 018e 0D       		.uleb128 0xd
 356 018f 25000000 		.4byte	.LASF27
 357 0193 25000000 		.4byte	.LASF27
 358 0197 03       		.byte	0x3
 359 0198 3F       		.byte	0x3f
 360 0199 00       		.byte	0
 361              		.section	.debug_abbrev,"",%progbits
 362              	.Ldebug_abbrev0:
 363 0000 01       		.uleb128 0x1
 364 0001 11       		.uleb128 0x11
 365 0002 01       		.byte	0x1
 366 0003 25       		.uleb128 0x25
 367 0004 0E       		.uleb128 0xe
 368 0005 13       		.uleb128 0x13
 369 0006 0B       		.uleb128 0xb
 370 0007 03       		.uleb128 0x3
 371 0008 0E       		.uleb128 0xe
 372 0009 1B       		.uleb128 0x1b
 373 000a 0E       		.uleb128 0xe
 374 000b 55       		.uleb128 0x55
 375 000c 17       		.uleb128 0x17
 376 000d 11       		.uleb128 0x11
 377 000e 01       		.uleb128 0x1
ARM GAS  C:\Users\EA527~1.IVA\AppData\Local\Temp\ccWDpGcv.s 			page 10


 378 000f 10       		.uleb128 0x10
 379 0010 17       		.uleb128 0x17
 380 0011 00       		.byte	0
 381 0012 00       		.byte	0
 382 0013 02       		.uleb128 0x2
 383 0014 24       		.uleb128 0x24
 384 0015 00       		.byte	0
 385 0016 0B       		.uleb128 0xb
 386 0017 0B       		.uleb128 0xb
 387 0018 3E       		.uleb128 0x3e
 388 0019 0B       		.uleb128 0xb
 389 001a 03       		.uleb128 0x3
 390 001b 0E       		.uleb128 0xe
 391 001c 00       		.byte	0
 392 001d 00       		.byte	0
 393 001e 03       		.uleb128 0x3
 394 001f 24       		.uleb128 0x24
 395 0020 00       		.byte	0
 396 0021 0B       		.uleb128 0xb
 397 0022 0B       		.uleb128 0xb
 398 0023 3E       		.uleb128 0x3e
 399 0024 0B       		.uleb128 0xb
 400 0025 03       		.uleb128 0x3
 401 0026 08       		.uleb128 0x8
 402 0027 00       		.byte	0
 403 0028 00       		.byte	0
 404 0029 04       		.uleb128 0x4
 405 002a 16       		.uleb128 0x16
 406 002b 00       		.byte	0
 407 002c 03       		.uleb128 0x3
 408 002d 0E       		.uleb128 0xe
 409 002e 3A       		.uleb128 0x3a
 410 002f 0B       		.uleb128 0xb
 411 0030 3B       		.uleb128 0x3b
 412 0031 05       		.uleb128 0x5
 413 0032 49       		.uleb128 0x49
 414 0033 13       		.uleb128 0x13
 415 0034 00       		.byte	0
 416 0035 00       		.byte	0
 417 0036 05       		.uleb128 0x5
 418 0037 35       		.uleb128 0x35
 419 0038 00       		.byte	0
 420 0039 49       		.uleb128 0x49
 421 003a 13       		.uleb128 0x13
 422 003b 00       		.byte	0
 423 003c 00       		.byte	0
 424 003d 06       		.uleb128 0x6
 425 003e 13       		.uleb128 0x13
 426 003f 01       		.byte	0x1
 427 0040 0B       		.uleb128 0xb
 428 0041 0B       		.uleb128 0xb
 429 0042 3A       		.uleb128 0x3a
 430 0043 0B       		.uleb128 0xb
 431 0044 3B       		.uleb128 0x3b
 432 0045 0B       		.uleb128 0xb
 433 0046 01       		.uleb128 0x1
 434 0047 13       		.uleb128 0x13
ARM GAS  C:\Users\EA527~1.IVA\AppData\Local\Temp\ccWDpGcv.s 			page 11


 435 0048 00       		.byte	0
 436 0049 00       		.byte	0
 437 004a 07       		.uleb128 0x7
 438 004b 0D       		.uleb128 0xd
 439 004c 00       		.byte	0
 440 004d 03       		.uleb128 0x3
 441 004e 0E       		.uleb128 0xe
 442 004f 3A       		.uleb128 0x3a
 443 0050 0B       		.uleb128 0xb
 444 0051 3B       		.uleb128 0x3b
 445 0052 0B       		.uleb128 0xb
 446 0053 49       		.uleb128 0x49
 447 0054 13       		.uleb128 0x13
 448 0055 38       		.uleb128 0x38
 449 0056 0B       		.uleb128 0xb
 450 0057 00       		.byte	0
 451 0058 00       		.byte	0
 452 0059 08       		.uleb128 0x8
 453 005a 16       		.uleb128 0x16
 454 005b 00       		.byte	0
 455 005c 03       		.uleb128 0x3
 456 005d 0E       		.uleb128 0xe
 457 005e 3A       		.uleb128 0x3a
 458 005f 0B       		.uleb128 0xb
 459 0060 3B       		.uleb128 0x3b
 460 0061 0B       		.uleb128 0xb
 461 0062 49       		.uleb128 0x49
 462 0063 13       		.uleb128 0x13
 463 0064 00       		.byte	0
 464 0065 00       		.byte	0
 465 0066 09       		.uleb128 0x9
 466 0067 2E       		.uleb128 0x2e
 467 0068 00       		.byte	0
 468 0069 3F       		.uleb128 0x3f
 469 006a 19       		.uleb128 0x19
 470 006b 03       		.uleb128 0x3
 471 006c 0E       		.uleb128 0xe
 472 006d 3A       		.uleb128 0x3a
 473 006e 0B       		.uleb128 0xb
 474 006f 3B       		.uleb128 0x3b
 475 0070 0B       		.uleb128 0xb
 476 0071 27       		.uleb128 0x27
 477 0072 19       		.uleb128 0x19
 478 0073 11       		.uleb128 0x11
 479 0074 01       		.uleb128 0x1
 480 0075 12       		.uleb128 0x12
 481 0076 06       		.uleb128 0x6
 482 0077 40       		.uleb128 0x40
 483 0078 18       		.uleb128 0x18
 484 0079 9742     		.uleb128 0x2117
 485 007b 19       		.uleb128 0x19
 486 007c 00       		.byte	0
 487 007d 00       		.byte	0
 488 007e 0A       		.uleb128 0xa
 489 007f 2E       		.uleb128 0x2e
 490 0080 01       		.byte	0x1
 491 0081 3F       		.uleb128 0x3f
ARM GAS  C:\Users\EA527~1.IVA\AppData\Local\Temp\ccWDpGcv.s 			page 12


 492 0082 19       		.uleb128 0x19
 493 0083 03       		.uleb128 0x3
 494 0084 0E       		.uleb128 0xe
 495 0085 3A       		.uleb128 0x3a
 496 0086 0B       		.uleb128 0xb
 497 0087 3B       		.uleb128 0x3b
 498 0088 0B       		.uleb128 0xb
 499 0089 27       		.uleb128 0x27
 500 008a 19       		.uleb128 0x19
 501 008b 11       		.uleb128 0x11
 502 008c 01       		.uleb128 0x1
 503 008d 12       		.uleb128 0x12
 504 008e 06       		.uleb128 0x6
 505 008f 40       		.uleb128 0x40
 506 0090 18       		.uleb128 0x18
 507 0091 9742     		.uleb128 0x2117
 508 0093 19       		.uleb128 0x19
 509 0094 01       		.uleb128 0x1
 510 0095 13       		.uleb128 0x13
 511 0096 00       		.byte	0
 512 0097 00       		.byte	0
 513 0098 0B       		.uleb128 0xb
 514 0099 898201   		.uleb128 0x4109
 515 009c 00       		.byte	0
 516 009d 11       		.uleb128 0x11
 517 009e 01       		.uleb128 0x1
 518 009f 31       		.uleb128 0x31
 519 00a0 13       		.uleb128 0x13
 520 00a1 00       		.byte	0
 521 00a2 00       		.byte	0
 522 00a3 0C       		.uleb128 0xc
 523 00a4 34       		.uleb128 0x34
 524 00a5 00       		.byte	0
 525 00a6 03       		.uleb128 0x3
 526 00a7 0E       		.uleb128 0xe
 527 00a8 3A       		.uleb128 0x3a
 528 00a9 0B       		.uleb128 0xb
 529 00aa 3B       		.uleb128 0x3b
 530 00ab 0B       		.uleb128 0xb
 531 00ac 49       		.uleb128 0x49
 532 00ad 13       		.uleb128 0x13
 533 00ae 02       		.uleb128 0x2
 534 00af 18       		.uleb128 0x18
 535 00b0 00       		.byte	0
 536 00b1 00       		.byte	0
 537 00b2 0D       		.uleb128 0xd
 538 00b3 2E       		.uleb128 0x2e
 539 00b4 00       		.byte	0
 540 00b5 3F       		.uleb128 0x3f
 541 00b6 19       		.uleb128 0x19
 542 00b7 3C       		.uleb128 0x3c
 543 00b8 19       		.uleb128 0x19
 544 00b9 6E       		.uleb128 0x6e
 545 00ba 0E       		.uleb128 0xe
 546 00bb 03       		.uleb128 0x3
 547 00bc 0E       		.uleb128 0xe
 548 00bd 3A       		.uleb128 0x3a
ARM GAS  C:\Users\EA527~1.IVA\AppData\Local\Temp\ccWDpGcv.s 			page 13


 549 00be 0B       		.uleb128 0xb
 550 00bf 3B       		.uleb128 0x3b
 551 00c0 0B       		.uleb128 0xb
 552 00c1 00       		.byte	0
 553 00c2 00       		.byte	0
 554 00c3 00       		.byte	0
 555              		.section	.debug_aranges,"",%progbits
 556 0000 34000000 		.4byte	0x34
 557 0004 0200     		.2byte	0x2
 558 0006 00000000 		.4byte	.Ldebug_info0
 559 000a 04       		.byte	0x4
 560 000b 00       		.byte	0
 561 000c 0000     		.2byte	0
 562 000e 0000     		.2byte	0
 563 0010 00000000 		.4byte	.LFB0
 564 0014 1C000000 		.4byte	.LFE0-.LFB0
 565 0018 00000000 		.4byte	.LFB1
 566 001c 1C000000 		.4byte	.LFE1-.LFB1
 567 0020 00000000 		.4byte	.LFB2
 568 0024 20000000 		.4byte	.LFE2-.LFB2
 569 0028 00000000 		.4byte	.LFB3
 570 002c 18000000 		.4byte	.LFE3-.LFB3
 571 0030 00000000 		.4byte	0
 572 0034 00000000 		.4byte	0
 573              		.section	.debug_ranges,"",%progbits
 574              	.Ldebug_ranges0:
 575 0000 00000000 		.4byte	.LFB0
 576 0004 1C000000 		.4byte	.LFE0
 577 0008 00000000 		.4byte	.LFB1
 578 000c 1C000000 		.4byte	.LFE1
 579 0010 00000000 		.4byte	.LFB2
 580 0014 20000000 		.4byte	.LFE2
 581 0018 00000000 		.4byte	.LFB3
 582 001c 18000000 		.4byte	.LFE3
 583 0020 00000000 		.4byte	0
 584 0024 00000000 		.4byte	0
 585              		.section	.debug_line,"",%progbits
 586              	.Ldebug_line0:
 587 0000 A9000000 		.section	.debug_str,"MS",%progbits,1
 587      02005A00 
 587      00000201 
 587      FB0E0D00 
 587      01010101 
 588              	.LASF15:
 589 0000 72656733 		.ascii	"reg32\000"
 589      3200
 590              	.LASF3:
 591 0006 73686F72 		.ascii	"short unsigned int\000"
 591      7420756E 
 591      7369676E 
 591      65642069 
 591      6E7400
 592              	.LASF20:
 593 0019 73617665 		.ascii	"saveSrA1Reg\000"
 593      53724131 
 593      52656700 
 594              	.LASF27:
ARM GAS  C:\Users\EA527~1.IVA\AppData\Local\Temp\ccWDpGcv.s 			page 14


 595 0025 53686966 		.ascii	"ShiftReg_6_Enable\000"
 595      74526567 
 595      5F365F45 
 595      6E61626C 
 595      6500
 596              	.LASF11:
 597 0037 666C6F61 		.ascii	"float\000"
 597      7400
 598              	.LASF30:
 599 003d 433A5C55 		.ascii	"C:\\Users\\e.ivanov\\Documents\\GitHub\\time_src\\b"
 599      73657273 
 599      5C652E69 
 599      76616E6F 
 599      765C446F 
 600 006a 72616E63 		.ascii	"ranch\\Manchester encoder-decoder.cydsn\000"
 600      685C4D61 
 600      6E636865 
 600      73746572 
 600      20656E63 
 601              	.LASF1:
 602 0091 756E7369 		.ascii	"unsigned char\000"
 602      676E6564 
 602      20636861 
 602      7200
 603              	.LASF28:
 604 009f 474E5520 		.ascii	"GNU C11 5.4.1 20160609 (release) [ARM/embedded-5-br"
 604      43313120 
 604      352E342E 
 604      31203230 
 604      31363036 
 605 00d2 616E6368 		.ascii	"anch revision 237715] -mcpu=cortex-m3 -mthumb -g -O"
 605      20726576 
 605      6973696F 
 605      6E203233 
 605      37373135 
 606 0105 67202D66 		.ascii	"g -ffunction-sections -ffat-lto-objects\000"
 606      66756E63 
 606      74696F6E 
 606      2D736563 
 606      74696F6E 
 607              	.LASF14:
 608 012d 72656738 		.ascii	"reg8\000"
 608      00
 609              	.LASF5:
 610 0132 6C6F6E67 		.ascii	"long unsigned int\000"
 610      20756E73 
 610      69676E65 
 610      6420696E 
 610      7400
 611              	.LASF9:
 612 0144 75696E74 		.ascii	"uint8\000"
 612      3800
 613              	.LASF12:
 614 014a 646F7562 		.ascii	"double\000"
 614      6C6500
 615              	.LASF16:
 616 0151 6C6F6E67 		.ascii	"long double\000"
ARM GAS  C:\Users\EA527~1.IVA\AppData\Local\Temp\ccWDpGcv.s 			page 15


 616      20646F75 
 616      626C6500 
 617              	.LASF2:
 618 015d 73686F72 		.ascii	"short int\000"
 618      7420696E 
 618      7400
 619              	.LASF21:
 620 0167 53686966 		.ascii	"ShiftReg_6_BACKUP_STRUCT\000"
 620      74526567 
 620      5F365F42 
 620      41434B55 
 620      505F5354 
 621              	.LASF10:
 622 0180 75696E74 		.ascii	"uint32\000"
 622      333200
 623              	.LASF26:
 624 0187 53686966 		.ascii	"ShiftReg_6_Stop\000"
 624      74526567 
 624      5F365F53 
 624      746F7000 
 625              	.LASF8:
 626 0197 756E7369 		.ascii	"unsigned int\000"
 626      676E6564 
 626      20696E74 
 626      00
 627              	.LASF7:
 628 01a4 6C6F6E67 		.ascii	"long long unsigned int\000"
 628      206C6F6E 
 628      6720756E 
 628      7369676E 
 628      65642069 
 629              	.LASF31:
 630 01bb 53686966 		.ascii	"ShiftReg_6_backup\000"
 630      74526567 
 630      5F365F62 
 630      61636B75 
 630      7000
 631              	.LASF24:
 632 01cd 53686966 		.ascii	"ShiftReg_6_Sleep\000"
 632      74526567 
 632      5F365F53 
 632      6C656570 
 632      00
 633              	.LASF23:
 634 01de 53686966 		.ascii	"ShiftReg_6_RestoreConfig\000"
 634      74526567 
 634      5F365F52 
 634      6573746F 
 634      7265436F 
 635              	.LASF17:
 636 01f7 73697A65 		.ascii	"sizetype\000"
 636      74797065 
 636      00
 637              	.LASF25:
 638 0200 53686966 		.ascii	"ShiftReg_6_Wakeup\000"
 638      74526567 
 638      5F365F57 
ARM GAS  C:\Users\EA527~1.IVA\AppData\Local\Temp\ccWDpGcv.s 			page 16


 638      616B6575 
 638      7000
 639              	.LASF6:
 640 0212 6C6F6E67 		.ascii	"long long int\000"
 640      206C6F6E 
 640      6720696E 
 640      7400
 641              	.LASF13:
 642 0220 63686172 		.ascii	"char\000"
 642      00
 643              	.LASF22:
 644 0225 53686966 		.ascii	"ShiftReg_6_SaveConfig\000"
 644      74526567 
 644      5F365F53 
 644      61766543 
 644      6F6E6669 
 645              	.LASF4:
 646 023b 6C6F6E67 		.ascii	"long int\000"
 646      20696E74 
 646      00
 647              	.LASF18:
 648 0244 656E6162 		.ascii	"enableState\000"
 648      6C655374 
 648      61746500 
 649              	.LASF29:
 650 0250 47656E65 		.ascii	"Generated_Source\\PSoC5\\ShiftReg_6_PM.c\000"
 650      72617465 
 650      645F536F 
 650      75726365 
 650      5C50536F 
 651              	.LASF0:
 652 0277 7369676E 		.ascii	"signed char\000"
 652      65642063 
 652      68617200 
 653              	.LASF19:
 654 0283 73617665 		.ascii	"saveSrA0Reg\000"
 654      53724130 
 654      52656700 
 655              		.ident	"GCC: (GNU Tools for ARM Embedded Processors) 5.4.1 20160609 (release) [ARM/embedded-5-bran
