ARM GAS  C:\Users\EA527~1.IVA\AppData\Local\Temp\ccZVUOnO.s 			page 1


   1              		.syntax unified
   2              		.cpu cortex-m3
   3              		.fpu softvfp
   4              		.eabi_attribute 20, 1
   5              		.eabi_attribute 21, 1
   6              		.eabi_attribute 23, 3
   7              		.eabi_attribute 24, 1
   8              		.eabi_attribute 25, 1
   9              		.eabi_attribute 26, 1
  10              		.eabi_attribute 30, 1
  11              		.eabi_attribute 34, 1
  12              		.eabi_attribute 18, 4
  13              		.thumb
  14              		.syntax unified
  15              		.file	"SigmaReg.c"
  16              		.text
  17              	.Ltext0:
  18              		.cfi_sections	.debug_frame
  19              		.section	.text.SigmaReg_EnableInt,"ax",%progbits
  20              		.align	2
  21              		.global	SigmaReg_EnableInt
  22              		.thumb
  23              		.thumb_func
  24              		.type	SigmaReg_EnableInt, %function
  25              	SigmaReg_EnableInt:
  26              	.LFB4:
  27              		.file 1 "Generated_Source\\PSoC5\\SigmaReg.c"
   1:Generated_Source\PSoC5/SigmaReg.c **** /*******************************************************************************
   2:Generated_Source\PSoC5/SigmaReg.c **** * File Name: SigmaReg.c
   3:Generated_Source\PSoC5/SigmaReg.c **** * Version 2.30
   4:Generated_Source\PSoC5/SigmaReg.c **** *
   5:Generated_Source\PSoC5/SigmaReg.c **** * Description:
   6:Generated_Source\PSoC5/SigmaReg.c **** *  This file provides the API source code for the Shift Register component.
   7:Generated_Source\PSoC5/SigmaReg.c **** *
   8:Generated_Source\PSoC5/SigmaReg.c **** * Note: none
   9:Generated_Source\PSoC5/SigmaReg.c **** *
  10:Generated_Source\PSoC5/SigmaReg.c **** ********************************************************************************
  11:Generated_Source\PSoC5/SigmaReg.c **** * Copyright 2008-2013, Cypress Semiconductor Corporation.  All rights reserved.
  12:Generated_Source\PSoC5/SigmaReg.c **** * You may use this file only in accordance with the license, terms, conditions,
  13:Generated_Source\PSoC5/SigmaReg.c **** * disclaimers, and limitations in the end user license agreement accompanying
  14:Generated_Source\PSoC5/SigmaReg.c **** * the software package with which this file was provided.
  15:Generated_Source\PSoC5/SigmaReg.c **** ********************************************************************************/
  16:Generated_Source\PSoC5/SigmaReg.c **** 
  17:Generated_Source\PSoC5/SigmaReg.c **** #include "SigmaReg.h"
  18:Generated_Source\PSoC5/SigmaReg.c **** 
  19:Generated_Source\PSoC5/SigmaReg.c **** uint8 SigmaReg_initVar = 0u;
  20:Generated_Source\PSoC5/SigmaReg.c **** 
  21:Generated_Source\PSoC5/SigmaReg.c **** 
  22:Generated_Source\PSoC5/SigmaReg.c **** /*******************************************************************************
  23:Generated_Source\PSoC5/SigmaReg.c **** * Function Name: SigmaReg_Start
  24:Generated_Source\PSoC5/SigmaReg.c **** ********************************************************************************
  25:Generated_Source\PSoC5/SigmaReg.c **** *
  26:Generated_Source\PSoC5/SigmaReg.c **** * Summary:
  27:Generated_Source\PSoC5/SigmaReg.c **** *  Starts the Shift Register.
  28:Generated_Source\PSoC5/SigmaReg.c **** *
  29:Generated_Source\PSoC5/SigmaReg.c **** * Parameters:
  30:Generated_Source\PSoC5/SigmaReg.c **** *  None.
ARM GAS  C:\Users\EA527~1.IVA\AppData\Local\Temp\ccZVUOnO.s 			page 2


  31:Generated_Source\PSoC5/SigmaReg.c **** *
  32:Generated_Source\PSoC5/SigmaReg.c **** * Return:
  33:Generated_Source\PSoC5/SigmaReg.c **** *  None.
  34:Generated_Source\PSoC5/SigmaReg.c **** *
  35:Generated_Source\PSoC5/SigmaReg.c **** * Global Variables:
  36:Generated_Source\PSoC5/SigmaReg.c **** *  SigmaReg_initVar - used to check initial configuration, modified on
  37:Generated_Source\PSoC5/SigmaReg.c **** *  first function call.
  38:Generated_Source\PSoC5/SigmaReg.c **** *
  39:Generated_Source\PSoC5/SigmaReg.c **** * Reentrant:
  40:Generated_Source\PSoC5/SigmaReg.c **** *  No.
  41:Generated_Source\PSoC5/SigmaReg.c **** *
  42:Generated_Source\PSoC5/SigmaReg.c **** *******************************************************************************/
  43:Generated_Source\PSoC5/SigmaReg.c **** void SigmaReg_Start(void) 
  44:Generated_Source\PSoC5/SigmaReg.c **** {
  45:Generated_Source\PSoC5/SigmaReg.c ****     if(0u == SigmaReg_initVar)
  46:Generated_Source\PSoC5/SigmaReg.c ****     {
  47:Generated_Source\PSoC5/SigmaReg.c ****         SigmaReg_Init();
  48:Generated_Source\PSoC5/SigmaReg.c ****         SigmaReg_initVar = 1u; /* Component initialized */
  49:Generated_Source\PSoC5/SigmaReg.c ****     }
  50:Generated_Source\PSoC5/SigmaReg.c **** 
  51:Generated_Source\PSoC5/SigmaReg.c ****     SigmaReg_Enable();
  52:Generated_Source\PSoC5/SigmaReg.c **** }
  53:Generated_Source\PSoC5/SigmaReg.c **** 
  54:Generated_Source\PSoC5/SigmaReg.c **** 
  55:Generated_Source\PSoC5/SigmaReg.c **** /*******************************************************************************
  56:Generated_Source\PSoC5/SigmaReg.c **** * Function Name: SigmaReg_Enable
  57:Generated_Source\PSoC5/SigmaReg.c **** ********************************************************************************
  58:Generated_Source\PSoC5/SigmaReg.c **** *
  59:Generated_Source\PSoC5/SigmaReg.c **** * Summary:
  60:Generated_Source\PSoC5/SigmaReg.c **** *  Enables the Shift Register.
  61:Generated_Source\PSoC5/SigmaReg.c **** *
  62:Generated_Source\PSoC5/SigmaReg.c **** * Parameters:
  63:Generated_Source\PSoC5/SigmaReg.c **** *  void.
  64:Generated_Source\PSoC5/SigmaReg.c **** *
  65:Generated_Source\PSoC5/SigmaReg.c **** * Return:
  66:Generated_Source\PSoC5/SigmaReg.c **** *  void.
  67:Generated_Source\PSoC5/SigmaReg.c **** *
  68:Generated_Source\PSoC5/SigmaReg.c **** *******************************************************************************/
  69:Generated_Source\PSoC5/SigmaReg.c **** void SigmaReg_Enable(void) 
  70:Generated_Source\PSoC5/SigmaReg.c **** {
  71:Generated_Source\PSoC5/SigmaReg.c ****     /* Changing address in Datapath Control Store
  72:Generated_Source\PSoC5/SigmaReg.c ****        from NOP to component state machine commands space */
  73:Generated_Source\PSoC5/SigmaReg.c ****     SigmaReg_SR_CONTROL |= SigmaReg_CLK_EN;
  74:Generated_Source\PSoC5/SigmaReg.c **** 
  75:Generated_Source\PSoC5/SigmaReg.c ****     SigmaReg_EnableInt();
  76:Generated_Source\PSoC5/SigmaReg.c **** }
  77:Generated_Source\PSoC5/SigmaReg.c **** 
  78:Generated_Source\PSoC5/SigmaReg.c **** 
  79:Generated_Source\PSoC5/SigmaReg.c **** /*******************************************************************************
  80:Generated_Source\PSoC5/SigmaReg.c **** * Function Name: SigmaReg_Init
  81:Generated_Source\PSoC5/SigmaReg.c **** ********************************************************************************
  82:Generated_Source\PSoC5/SigmaReg.c **** *
  83:Generated_Source\PSoC5/SigmaReg.c **** * Summary:
  84:Generated_Source\PSoC5/SigmaReg.c **** *  Initializes Tx and/or Rx interrupt sources with initial values.
  85:Generated_Source\PSoC5/SigmaReg.c **** *
  86:Generated_Source\PSoC5/SigmaReg.c **** * Parameters:
  87:Generated_Source\PSoC5/SigmaReg.c **** *  void.
ARM GAS  C:\Users\EA527~1.IVA\AppData\Local\Temp\ccZVUOnO.s 			page 3


  88:Generated_Source\PSoC5/SigmaReg.c **** *
  89:Generated_Source\PSoC5/SigmaReg.c **** * Return:
  90:Generated_Source\PSoC5/SigmaReg.c **** *  void.
  91:Generated_Source\PSoC5/SigmaReg.c **** *
  92:Generated_Source\PSoC5/SigmaReg.c **** *******************************************************************************/
  93:Generated_Source\PSoC5/SigmaReg.c **** void SigmaReg_Init(void) 
  94:Generated_Source\PSoC5/SigmaReg.c **** {
  95:Generated_Source\PSoC5/SigmaReg.c ****     SigmaReg_SetIntMode(SigmaReg_INT_SRC);
  96:Generated_Source\PSoC5/SigmaReg.c **** }
  97:Generated_Source\PSoC5/SigmaReg.c **** 
  98:Generated_Source\PSoC5/SigmaReg.c **** 
  99:Generated_Source\PSoC5/SigmaReg.c **** /*******************************************************************************
 100:Generated_Source\PSoC5/SigmaReg.c **** * Function Name: SigmaReg_Stop
 101:Generated_Source\PSoC5/SigmaReg.c **** ********************************************************************************
 102:Generated_Source\PSoC5/SigmaReg.c **** *
 103:Generated_Source\PSoC5/SigmaReg.c **** * Summary:
 104:Generated_Source\PSoC5/SigmaReg.c **** *  Disables the Shift Register
 105:Generated_Source\PSoC5/SigmaReg.c **** *
 106:Generated_Source\PSoC5/SigmaReg.c **** * Parameters:
 107:Generated_Source\PSoC5/SigmaReg.c **** *  None.
 108:Generated_Source\PSoC5/SigmaReg.c **** *
 109:Generated_Source\PSoC5/SigmaReg.c **** * Return:
 110:Generated_Source\PSoC5/SigmaReg.c **** *  None.
 111:Generated_Source\PSoC5/SigmaReg.c **** *
 112:Generated_Source\PSoC5/SigmaReg.c **** *******************************************************************************/
 113:Generated_Source\PSoC5/SigmaReg.c **** void SigmaReg_Stop(void) 
 114:Generated_Source\PSoC5/SigmaReg.c **** {
 115:Generated_Source\PSoC5/SigmaReg.c ****     /*changing Datapath Control Store address to NOP space*/
 116:Generated_Source\PSoC5/SigmaReg.c ****     SigmaReg_SR_CONTROL &= ((uint8) ~SigmaReg_CLK_EN);
 117:Generated_Source\PSoC5/SigmaReg.c ****     SigmaReg_DisableInt();
 118:Generated_Source\PSoC5/SigmaReg.c **** }
 119:Generated_Source\PSoC5/SigmaReg.c **** 
 120:Generated_Source\PSoC5/SigmaReg.c **** 
 121:Generated_Source\PSoC5/SigmaReg.c **** /*******************************************************************************
 122:Generated_Source\PSoC5/SigmaReg.c **** * Function Name: SigmaReg_EnableInt
 123:Generated_Source\PSoC5/SigmaReg.c **** ********************************************************************************
 124:Generated_Source\PSoC5/SigmaReg.c **** *
 125:Generated_Source\PSoC5/SigmaReg.c **** * Summary:
 126:Generated_Source\PSoC5/SigmaReg.c **** *  Enables the Shift Register interrupt.
 127:Generated_Source\PSoC5/SigmaReg.c **** *
 128:Generated_Source\PSoC5/SigmaReg.c **** * Parameters:
 129:Generated_Source\PSoC5/SigmaReg.c **** *  None.
 130:Generated_Source\PSoC5/SigmaReg.c **** *
 131:Generated_Source\PSoC5/SigmaReg.c **** * Return:
 132:Generated_Source\PSoC5/SigmaReg.c **** *  None.
 133:Generated_Source\PSoC5/SigmaReg.c **** *
 134:Generated_Source\PSoC5/SigmaReg.c **** *******************************************************************************/
 135:Generated_Source\PSoC5/SigmaReg.c **** void SigmaReg_EnableInt(void) 
 136:Generated_Source\PSoC5/SigmaReg.c **** {
  28              		.loc 1 136 0
  29              		.cfi_startproc
  30              		@ args = 0, pretend = 0, frame = 0
  31              		@ frame_needed = 0, uses_anonymous_args = 0
  32 0000 08B5     		push	{r3, lr}
  33              		.cfi_def_cfa_offset 8
  34              		.cfi_offset 3, -8
  35              		.cfi_offset 14, -4
ARM GAS  C:\Users\EA527~1.IVA\AppData\Local\Temp\ccZVUOnO.s 			page 4


 137:Generated_Source\PSoC5/SigmaReg.c ****     uint8 interruptState;
 138:Generated_Source\PSoC5/SigmaReg.c **** 
 139:Generated_Source\PSoC5/SigmaReg.c ****     interruptState = CyEnterCriticalSection();
  36              		.loc 1 139 0
  37 0002 FFF7FEFF 		bl	CyEnterCriticalSection
  38              	.LVL0:
 140:Generated_Source\PSoC5/SigmaReg.c ****     SigmaReg_SR_AUX_CONTROL |= SigmaReg_INTERRUPTS_ENABLE;
  39              		.loc 1 140 0
  40 0006 044A     		ldr	r2, .L3
  41 0008 1378     		ldrb	r3, [r2]	@ zero_extendqisi2
  42 000a 43F01003 		orr	r3, r3, #16
  43 000e 1370     		strb	r3, [r2]
 141:Generated_Source\PSoC5/SigmaReg.c ****     CyExitCriticalSection(interruptState);
  44              		.loc 1 141 0
  45 0010 FFF7FEFF 		bl	CyExitCriticalSection
  46              	.LVL1:
  47 0014 08BD     		pop	{r3, pc}
  48              	.L4:
  49 0016 00BF     		.align	2
  50              	.L3:
  51 0018 9D640040 		.word	1073767581
  52              		.cfi_endproc
  53              	.LFE4:
  54              		.size	SigmaReg_EnableInt, .-SigmaReg_EnableInt
  55              		.section	.text.SigmaReg_Enable,"ax",%progbits
  56              		.align	2
  57              		.global	SigmaReg_Enable
  58              		.thumb
  59              		.thumb_func
  60              		.type	SigmaReg_Enable, %function
  61              	SigmaReg_Enable:
  62              	.LFB1:
  70:Generated_Source\PSoC5/SigmaReg.c ****     /* Changing address in Datapath Control Store
  63              		.loc 1 70 0
  64              		.cfi_startproc
  65              		@ args = 0, pretend = 0, frame = 0
  66              		@ frame_needed = 0, uses_anonymous_args = 0
  67 0000 08B5     		push	{r3, lr}
  68              		.cfi_def_cfa_offset 8
  69              		.cfi_offset 3, -8
  70              		.cfi_offset 14, -4
  73:Generated_Source\PSoC5/SigmaReg.c **** 
  71              		.loc 1 73 0
  72 0002 044A     		ldr	r2, .L7
  73 0004 1378     		ldrb	r3, [r2]	@ zero_extendqisi2
  74 0006 43F00103 		orr	r3, r3, #1
  75 000a 1370     		strb	r3, [r2]
  75:Generated_Source\PSoC5/SigmaReg.c **** }
  76              		.loc 1 75 0
  77 000c FFF7FEFF 		bl	SigmaReg_EnableInt
  78              	.LVL2:
  79 0010 08BD     		pop	{r3, pc}
  80              	.L8:
  81 0012 00BF     		.align	2
  82              	.L7:
  83 0014 7C640040 		.word	1073767548
  84              		.cfi_endproc
ARM GAS  C:\Users\EA527~1.IVA\AppData\Local\Temp\ccZVUOnO.s 			page 5


  85              	.LFE1:
  86              		.size	SigmaReg_Enable, .-SigmaReg_Enable
  87              		.section	.text.SigmaReg_DisableInt,"ax",%progbits
  88              		.align	2
  89              		.global	SigmaReg_DisableInt
  90              		.thumb
  91              		.thumb_func
  92              		.type	SigmaReg_DisableInt, %function
  93              	SigmaReg_DisableInt:
  94              	.LFB5:
 142:Generated_Source\PSoC5/SigmaReg.c **** }
 143:Generated_Source\PSoC5/SigmaReg.c **** 
 144:Generated_Source\PSoC5/SigmaReg.c **** 
 145:Generated_Source\PSoC5/SigmaReg.c **** /*******************************************************************************
 146:Generated_Source\PSoC5/SigmaReg.c **** * Function Name: SigmaReg_DisableInt
 147:Generated_Source\PSoC5/SigmaReg.c **** ********************************************************************************
 148:Generated_Source\PSoC5/SigmaReg.c **** *
 149:Generated_Source\PSoC5/SigmaReg.c **** * Summary:
 150:Generated_Source\PSoC5/SigmaReg.c **** *  Disables the Shift Register interrupt.
 151:Generated_Source\PSoC5/SigmaReg.c **** *
 152:Generated_Source\PSoC5/SigmaReg.c **** * Parameters:
 153:Generated_Source\PSoC5/SigmaReg.c **** *  None.
 154:Generated_Source\PSoC5/SigmaReg.c **** *
 155:Generated_Source\PSoC5/SigmaReg.c **** * Return:
 156:Generated_Source\PSoC5/SigmaReg.c **** *  None.
 157:Generated_Source\PSoC5/SigmaReg.c **** *
 158:Generated_Source\PSoC5/SigmaReg.c **** *******************************************************************************/
 159:Generated_Source\PSoC5/SigmaReg.c **** void SigmaReg_DisableInt(void) 
 160:Generated_Source\PSoC5/SigmaReg.c **** {
  95              		.loc 1 160 0
  96              		.cfi_startproc
  97              		@ args = 0, pretend = 0, frame = 0
  98              		@ frame_needed = 0, uses_anonymous_args = 0
  99 0000 08B5     		push	{r3, lr}
 100              		.cfi_def_cfa_offset 8
 101              		.cfi_offset 3, -8
 102              		.cfi_offset 14, -4
 161:Generated_Source\PSoC5/SigmaReg.c ****     uint8 interruptState;
 162:Generated_Source\PSoC5/SigmaReg.c **** 
 163:Generated_Source\PSoC5/SigmaReg.c ****     interruptState = CyEnterCriticalSection();
 103              		.loc 1 163 0
 104 0002 FFF7FEFF 		bl	CyEnterCriticalSection
 105              	.LVL3:
 164:Generated_Source\PSoC5/SigmaReg.c ****     SigmaReg_SR_AUX_CONTROL &= ((uint8) ~SigmaReg_INTERRUPTS_ENABLE);
 106              		.loc 1 164 0
 107 0006 044A     		ldr	r2, .L11
 108 0008 1378     		ldrb	r3, [r2]	@ zero_extendqisi2
 109 000a 03F0EF03 		and	r3, r3, #239
 110 000e 1370     		strb	r3, [r2]
 165:Generated_Source\PSoC5/SigmaReg.c ****     CyExitCriticalSection(interruptState);
 111              		.loc 1 165 0
 112 0010 FFF7FEFF 		bl	CyExitCriticalSection
 113              	.LVL4:
 114 0014 08BD     		pop	{r3, pc}
 115              	.L12:
 116 0016 00BF     		.align	2
 117              	.L11:
ARM GAS  C:\Users\EA527~1.IVA\AppData\Local\Temp\ccZVUOnO.s 			page 6


 118 0018 9D640040 		.word	1073767581
 119              		.cfi_endproc
 120              	.LFE5:
 121              		.size	SigmaReg_DisableInt, .-SigmaReg_DisableInt
 122              		.section	.text.SigmaReg_Stop,"ax",%progbits
 123              		.align	2
 124              		.global	SigmaReg_Stop
 125              		.thumb
 126              		.thumb_func
 127              		.type	SigmaReg_Stop, %function
 128              	SigmaReg_Stop:
 129              	.LFB3:
 114:Generated_Source\PSoC5/SigmaReg.c ****     /*changing Datapath Control Store address to NOP space*/
 130              		.loc 1 114 0
 131              		.cfi_startproc
 132              		@ args = 0, pretend = 0, frame = 0
 133              		@ frame_needed = 0, uses_anonymous_args = 0
 134 0000 08B5     		push	{r3, lr}
 135              		.cfi_def_cfa_offset 8
 136              		.cfi_offset 3, -8
 137              		.cfi_offset 14, -4
 116:Generated_Source\PSoC5/SigmaReg.c ****     SigmaReg_DisableInt();
 138              		.loc 1 116 0
 139 0002 044A     		ldr	r2, .L15
 140 0004 1378     		ldrb	r3, [r2]	@ zero_extendqisi2
 141 0006 03F0FE03 		and	r3, r3, #254
 142 000a 1370     		strb	r3, [r2]
 117:Generated_Source\PSoC5/SigmaReg.c **** }
 143              		.loc 1 117 0
 144 000c FFF7FEFF 		bl	SigmaReg_DisableInt
 145              	.LVL5:
 146 0010 08BD     		pop	{r3, pc}
 147              	.L16:
 148 0012 00BF     		.align	2
 149              	.L15:
 150 0014 7C640040 		.word	1073767548
 151              		.cfi_endproc
 152              	.LFE3:
 153              		.size	SigmaReg_Stop, .-SigmaReg_Stop
 154              		.section	.text.SigmaReg_GetFIFOStatus,"ax",%progbits
 155              		.align	2
 156              		.global	SigmaReg_GetFIFOStatus
 157              		.thumb
 158              		.thumb_func
 159              		.type	SigmaReg_GetFIFOStatus, %function
 160              	SigmaReg_GetFIFOStatus:
 161              	.LFB6:
 166:Generated_Source\PSoC5/SigmaReg.c **** }
 167:Generated_Source\PSoC5/SigmaReg.c **** 
 168:Generated_Source\PSoC5/SigmaReg.c **** 
 169:Generated_Source\PSoC5/SigmaReg.c **** /*******************************************************************************
 170:Generated_Source\PSoC5/SigmaReg.c **** * Function Name: SigmaReg_GetFIFOStatus
 171:Generated_Source\PSoC5/SigmaReg.c **** ********************************************************************************
 172:Generated_Source\PSoC5/SigmaReg.c **** *
 173:Generated_Source\PSoC5/SigmaReg.c **** * Summary:
 174:Generated_Source\PSoC5/SigmaReg.c **** *  Returns current status of input or output FIFO.
 175:Generated_Source\PSoC5/SigmaReg.c **** *
ARM GAS  C:\Users\EA527~1.IVA\AppData\Local\Temp\ccZVUOnO.s 			page 7


 176:Generated_Source\PSoC5/SigmaReg.c **** * Parameters:
 177:Generated_Source\PSoC5/SigmaReg.c **** *  fifoId.
 178:Generated_Source\PSoC5/SigmaReg.c **** *
 179:Generated_Source\PSoC5/SigmaReg.c **** * Return:
 180:Generated_Source\PSoC5/SigmaReg.c **** *  FIFO status.
 181:Generated_Source\PSoC5/SigmaReg.c **** *
 182:Generated_Source\PSoC5/SigmaReg.c **** *******************************************************************************/
 183:Generated_Source\PSoC5/SigmaReg.c **** uint8 SigmaReg_GetFIFOStatus(uint8 fifoId) 
 184:Generated_Source\PSoC5/SigmaReg.c **** {
 162              		.loc 1 184 0
 163              		.cfi_startproc
 164              		@ args = 0, pretend = 0, frame = 0
 165              		@ frame_needed = 0, uses_anonymous_args = 0
 166              		@ link register save eliminated.
 167              	.LVL6:
 185:Generated_Source\PSoC5/SigmaReg.c ****     uint8 result;
 186:Generated_Source\PSoC5/SigmaReg.c **** 
 187:Generated_Source\PSoC5/SigmaReg.c ****     result = SigmaReg_RET_FIFO_NOT_DEFINED;
 188:Generated_Source\PSoC5/SigmaReg.c **** 
 189:Generated_Source\PSoC5/SigmaReg.c ****     #if(0u != SigmaReg_USE_INPUT_FIFO)
 190:Generated_Source\PSoC5/SigmaReg.c ****         if(SigmaReg_IN_FIFO == fifoId)
 191:Generated_Source\PSoC5/SigmaReg.c ****         {
 192:Generated_Source\PSoC5/SigmaReg.c ****             switch(SigmaReg_GET_IN_FIFO_STS)
 193:Generated_Source\PSoC5/SigmaReg.c ****             {
 194:Generated_Source\PSoC5/SigmaReg.c ****                 case SigmaReg_IN_FIFO_FULL :
 195:Generated_Source\PSoC5/SigmaReg.c ****                     result = SigmaReg_RET_FIFO_FULL;
 196:Generated_Source\PSoC5/SigmaReg.c ****                     break;
 197:Generated_Source\PSoC5/SigmaReg.c **** 
 198:Generated_Source\PSoC5/SigmaReg.c ****                 case SigmaReg_IN_FIFO_EMPTY :
 199:Generated_Source\PSoC5/SigmaReg.c ****                     result = SigmaReg_RET_FIFO_EMPTY;
 200:Generated_Source\PSoC5/SigmaReg.c ****                     break;
 201:Generated_Source\PSoC5/SigmaReg.c **** 
 202:Generated_Source\PSoC5/SigmaReg.c ****                 case SigmaReg_IN_FIFO_PARTIAL:
 203:Generated_Source\PSoC5/SigmaReg.c ****                     result = SigmaReg_RET_FIFO_PARTIAL;
 204:Generated_Source\PSoC5/SigmaReg.c ****                     break;
 205:Generated_Source\PSoC5/SigmaReg.c ****                     
 206:Generated_Source\PSoC5/SigmaReg.c ****                 default:
 207:Generated_Source\PSoC5/SigmaReg.c ****                     /* Initial result value, while 
 208:Generated_Source\PSoC5/SigmaReg.c ****                        IN_FIFO_EMPTY case is false 
 209:Generated_Source\PSoC5/SigmaReg.c ****                      */
 210:Generated_Source\PSoC5/SigmaReg.c ****                     result = SigmaReg_RET_FIFO_EMPTY;
 211:Generated_Source\PSoC5/SigmaReg.c ****                     break;
 212:Generated_Source\PSoC5/SigmaReg.c ****             }   
 213:Generated_Source\PSoC5/SigmaReg.c ****         }
 214:Generated_Source\PSoC5/SigmaReg.c ****     #endif /* (0u != SigmaReg_USE_INPUT_FIFO) */
 215:Generated_Source\PSoC5/SigmaReg.c **** 
 216:Generated_Source\PSoC5/SigmaReg.c ****     if(SigmaReg_OUT_FIFO == fifoId)
 168              		.loc 1 216 0
 169 0000 0228     		cmp	r0, #2
 170 0002 0AD1     		bne	.L21
 217:Generated_Source\PSoC5/SigmaReg.c ****     {
 218:Generated_Source\PSoC5/SigmaReg.c ****         switch(SigmaReg_GET_OUT_FIFO_STS)
 171              		.loc 1 218 0
 172 0004 074B     		ldr	r3, .L23
 173 0006 1B78     		ldrb	r3, [r3]	@ zero_extendqisi2
 174 0008 C3F34113 		ubfx	r3, r3, #5, #2
 175 000c 3BB1     		cbz	r3, .L22
ARM GAS  C:\Users\EA527~1.IVA\AppData\Local\Temp\ccZVUOnO.s 			page 8


 176 000e 022B     		cmp	r3, #2
 177 0010 01D0     		beq	.L20
 219:Generated_Source\PSoC5/SigmaReg.c ****         {
 220:Generated_Source\PSoC5/SigmaReg.c ****             case SigmaReg_OUT_FIFO_FULL :
 221:Generated_Source\PSoC5/SigmaReg.c ****                 result = SigmaReg_RET_FIFO_FULL;
 178              		.loc 1 221 0
 179 0012 0020     		movs	r0, #0
 180              	.LVL7:
 181 0014 7047     		bx	lr
 182              	.LVL8:
 183              	.L20:
 222:Generated_Source\PSoC5/SigmaReg.c ****                 break;
 223:Generated_Source\PSoC5/SigmaReg.c **** 
 224:Generated_Source\PSoC5/SigmaReg.c ****             case SigmaReg_OUT_FIFO_EMPTY :
 225:Generated_Source\PSoC5/SigmaReg.c ****                 result = SigmaReg_RET_FIFO_EMPTY;
 226:Generated_Source\PSoC5/SigmaReg.c ****                 break;
 227:Generated_Source\PSoC5/SigmaReg.c **** 
 228:Generated_Source\PSoC5/SigmaReg.c ****             case SigmaReg_OUT_FIFO_PARTIAL :
 229:Generated_Source\PSoC5/SigmaReg.c ****                 result = SigmaReg_RET_FIFO_PARTIAL;
 184              		.loc 1 229 0
 185 0016 0120     		movs	r0, #1
 186              	.LVL9:
 230:Generated_Source\PSoC5/SigmaReg.c ****                 break;
 187              		.loc 1 230 0
 188 0018 7047     		bx	lr
 189              	.LVL10:
 190              	.L21:
 187:Generated_Source\PSoC5/SigmaReg.c **** 
 191              		.loc 1 187 0
 192 001a FE20     		movs	r0, #254
 193              	.LVL11:
 194 001c 7047     		bx	lr
 195              	.LVL12:
 196              	.L22:
 225:Generated_Source\PSoC5/SigmaReg.c ****                 break;
 197              		.loc 1 225 0
 198 001e 0220     		movs	r0, #2
 199              	.LVL13:
 231:Generated_Source\PSoC5/SigmaReg.c **** 
 232:Generated_Source\PSoC5/SigmaReg.c ****             default:
 233:Generated_Source\PSoC5/SigmaReg.c ****                 /* Initial result value, while 
 234:Generated_Source\PSoC5/SigmaReg.c ****                    OUT_FIFO_FULL case is false 
 235:Generated_Source\PSoC5/SigmaReg.c ****                  */
 236:Generated_Source\PSoC5/SigmaReg.c ****                 result = SigmaReg_RET_FIFO_FULL;
 237:Generated_Source\PSoC5/SigmaReg.c ****                 break;
 238:Generated_Source\PSoC5/SigmaReg.c ****         }
 239:Generated_Source\PSoC5/SigmaReg.c ****     }
 240:Generated_Source\PSoC5/SigmaReg.c **** 
 241:Generated_Source\PSoC5/SigmaReg.c ****     return(result);
 242:Generated_Source\PSoC5/SigmaReg.c **** }
 200              		.loc 1 242 0
 201 0020 7047     		bx	lr
 202              	.L24:
 203 0022 00BF     		.align	2
 204              	.L23:
 205 0024 6D640040 		.word	1073767533
 206              		.cfi_endproc
ARM GAS  C:\Users\EA527~1.IVA\AppData\Local\Temp\ccZVUOnO.s 			page 9


 207              	.LFE6:
 208              		.size	SigmaReg_GetFIFOStatus, .-SigmaReg_GetFIFOStatus
 209              		.section	.text.SigmaReg_SetIntMode,"ax",%progbits
 210              		.align	2
 211              		.global	SigmaReg_SetIntMode
 212              		.thumb
 213              		.thumb_func
 214              		.type	SigmaReg_SetIntMode, %function
 215              	SigmaReg_SetIntMode:
 216              	.LFB7:
 243:Generated_Source\PSoC5/SigmaReg.c **** 
 244:Generated_Source\PSoC5/SigmaReg.c **** 
 245:Generated_Source\PSoC5/SigmaReg.c **** /*******************************************************************************
 246:Generated_Source\PSoC5/SigmaReg.c **** * Function Name: SigmaReg_SetIntMode
 247:Generated_Source\PSoC5/SigmaReg.c **** ********************************************************************************
 248:Generated_Source\PSoC5/SigmaReg.c **** *
 249:Generated_Source\PSoC5/SigmaReg.c **** * Summary:
 250:Generated_Source\PSoC5/SigmaReg.c **** *  Sets the Interrupt Source for the Shift Register interrupt. Multiple
 251:Generated_Source\PSoC5/SigmaReg.c **** *  sources may be ORed together
 252:Generated_Source\PSoC5/SigmaReg.c **** *
 253:Generated_Source\PSoC5/SigmaReg.c **** * Parameters:
 254:Generated_Source\PSoC5/SigmaReg.c **** *  interruptSource: Byte containing the constant for the selected interrupt
 255:Generated_Source\PSoC5/SigmaReg.c **** *  source/s.
 256:Generated_Source\PSoC5/SigmaReg.c **** *
 257:Generated_Source\PSoC5/SigmaReg.c **** * Return:
 258:Generated_Source\PSoC5/SigmaReg.c **** *  None.
 259:Generated_Source\PSoC5/SigmaReg.c **** *
 260:Generated_Source\PSoC5/SigmaReg.c **** *******************************************************************************/
 261:Generated_Source\PSoC5/SigmaReg.c **** void SigmaReg_SetIntMode(uint8 interruptSource) 
 262:Generated_Source\PSoC5/SigmaReg.c **** {
 217              		.loc 1 262 0
 218              		.cfi_startproc
 219              		@ args = 0, pretend = 0, frame = 0
 220              		@ frame_needed = 0, uses_anonymous_args = 0
 221              		@ link register save eliminated.
 222              	.LVL14:
 263:Generated_Source\PSoC5/SigmaReg.c ****     SigmaReg_SR_STATUS_MASK &= ((uint8) ~SigmaReg_INTS_EN_MASK);          /* Clear existing int */
 223              		.loc 1 263 0
 224 0000 054B     		ldr	r3, .L26
 225 0002 1A78     		ldrb	r2, [r3]	@ zero_extendqisi2
 226 0004 02F0F802 		and	r2, r2, #248
 227 0008 1A70     		strb	r2, [r3]
 264:Generated_Source\PSoC5/SigmaReg.c ****     SigmaReg_SR_STATUS_MASK |= (interruptSource & SigmaReg_INTS_EN_MASK); /* Set int */
 228              		.loc 1 264 0
 229 000a 1A78     		ldrb	r2, [r3]	@ zero_extendqisi2
 230 000c 00F00700 		and	r0, r0, #7
 231              	.LVL15:
 232 0010 1043     		orrs	r0, r0, r2
 233 0012 1870     		strb	r0, [r3]
 234 0014 7047     		bx	lr
 235              	.L27:
 236 0016 00BF     		.align	2
 237              	.L26:
 238 0018 8D640040 		.word	1073767565
 239              		.cfi_endproc
 240              	.LFE7:
 241              		.size	SigmaReg_SetIntMode, .-SigmaReg_SetIntMode
ARM GAS  C:\Users\EA527~1.IVA\AppData\Local\Temp\ccZVUOnO.s 			page 10


 242              		.section	.text.SigmaReg_Init,"ax",%progbits
 243              		.align	2
 244              		.global	SigmaReg_Init
 245              		.thumb
 246              		.thumb_func
 247              		.type	SigmaReg_Init, %function
 248              	SigmaReg_Init:
 249              	.LFB2:
  94:Generated_Source\PSoC5/SigmaReg.c ****     SigmaReg_SetIntMode(SigmaReg_INT_SRC);
 250              		.loc 1 94 0
 251              		.cfi_startproc
 252              		@ args = 0, pretend = 0, frame = 0
 253              		@ frame_needed = 0, uses_anonymous_args = 0
 254 0000 08B5     		push	{r3, lr}
 255              		.cfi_def_cfa_offset 8
 256              		.cfi_offset 3, -8
 257              		.cfi_offset 14, -4
  95:Generated_Source\PSoC5/SigmaReg.c **** }
 258              		.loc 1 95 0
 259 0002 0020     		movs	r0, #0
 260 0004 FFF7FEFF 		bl	SigmaReg_SetIntMode
 261              	.LVL16:
 262 0008 08BD     		pop	{r3, pc}
 263              		.cfi_endproc
 264              	.LFE2:
 265              		.size	SigmaReg_Init, .-SigmaReg_Init
 266 000a 00BF     		.section	.text.SigmaReg_Start,"ax",%progbits
 267              		.align	2
 268              		.global	SigmaReg_Start
 269              		.thumb
 270              		.thumb_func
 271              		.type	SigmaReg_Start, %function
 272              	SigmaReg_Start:
 273              	.LFB0:
  44:Generated_Source\PSoC5/SigmaReg.c ****     if(0u == SigmaReg_initVar)
 274              		.loc 1 44 0
 275              		.cfi_startproc
 276              		@ args = 0, pretend = 0, frame = 0
 277              		@ frame_needed = 0, uses_anonymous_args = 0
 278 0000 08B5     		push	{r3, lr}
 279              		.cfi_def_cfa_offset 8
 280              		.cfi_offset 3, -8
 281              		.cfi_offset 14, -4
  45:Generated_Source\PSoC5/SigmaReg.c ****     {
 282              		.loc 1 45 0
 283 0002 054B     		ldr	r3, .L33
 284 0004 1B78     		ldrb	r3, [r3]	@ zero_extendqisi2
 285 0006 23B9     		cbnz	r3, .L31
  47:Generated_Source\PSoC5/SigmaReg.c ****         SigmaReg_initVar = 1u; /* Component initialized */
 286              		.loc 1 47 0
 287 0008 FFF7FEFF 		bl	SigmaReg_Init
 288              	.LVL17:
  48:Generated_Source\PSoC5/SigmaReg.c ****     }
 289              		.loc 1 48 0
 290 000c 0122     		movs	r2, #1
 291 000e 024B     		ldr	r3, .L33
 292 0010 1A70     		strb	r2, [r3]
ARM GAS  C:\Users\EA527~1.IVA\AppData\Local\Temp\ccZVUOnO.s 			page 11


 293              	.L31:
  51:Generated_Source\PSoC5/SigmaReg.c **** }
 294              		.loc 1 51 0
 295 0012 FFF7FEFF 		bl	SigmaReg_Enable
 296              	.LVL18:
 297 0016 08BD     		pop	{r3, pc}
 298              	.L34:
 299              		.align	2
 300              	.L33:
 301 0018 00000000 		.word	.LANCHOR0
 302              		.cfi_endproc
 303              	.LFE0:
 304              		.size	SigmaReg_Start, .-SigmaReg_Start
 305              		.section	.text.SigmaReg_GetIntStatus,"ax",%progbits
 306              		.align	2
 307              		.global	SigmaReg_GetIntStatus
 308              		.thumb
 309              		.thumb_func
 310              		.type	SigmaReg_GetIntStatus, %function
 311              	SigmaReg_GetIntStatus:
 312              	.LFB8:
 265:Generated_Source\PSoC5/SigmaReg.c **** }
 266:Generated_Source\PSoC5/SigmaReg.c **** 
 267:Generated_Source\PSoC5/SigmaReg.c **** 
 268:Generated_Source\PSoC5/SigmaReg.c **** /*******************************************************************************
 269:Generated_Source\PSoC5/SigmaReg.c **** * Function Name: SigmaReg_GetIntStatus
 270:Generated_Source\PSoC5/SigmaReg.c **** ********************************************************************************
 271:Generated_Source\PSoC5/SigmaReg.c **** *
 272:Generated_Source\PSoC5/SigmaReg.c **** * Summary:
 273:Generated_Source\PSoC5/SigmaReg.c **** *  Gets the Shift Register Interrupt status.
 274:Generated_Source\PSoC5/SigmaReg.c **** *
 275:Generated_Source\PSoC5/SigmaReg.c **** * Parameters:
 276:Generated_Source\PSoC5/SigmaReg.c **** *  None.
 277:Generated_Source\PSoC5/SigmaReg.c **** *
 278:Generated_Source\PSoC5/SigmaReg.c **** * Return:
 279:Generated_Source\PSoC5/SigmaReg.c **** *  Byte containing the constant for the selected interrupt source/s.
 280:Generated_Source\PSoC5/SigmaReg.c **** *
 281:Generated_Source\PSoC5/SigmaReg.c **** *******************************************************************************/
 282:Generated_Source\PSoC5/SigmaReg.c **** uint8 SigmaReg_GetIntStatus(void) 
 283:Generated_Source\PSoC5/SigmaReg.c **** {
 313              		.loc 1 283 0
 314              		.cfi_startproc
 315              		@ args = 0, pretend = 0, frame = 0
 316              		@ frame_needed = 0, uses_anonymous_args = 0
 317              		@ link register save eliminated.
 284:Generated_Source\PSoC5/SigmaReg.c ****     return(SigmaReg_SR_STATUS & SigmaReg_INTS_EN_MASK);
 318              		.loc 1 284 0
 319 0000 024B     		ldr	r3, .L36
 320 0002 1878     		ldrb	r0, [r3]	@ zero_extendqisi2
 285:Generated_Source\PSoC5/SigmaReg.c **** }
 321              		.loc 1 285 0
 322 0004 00F00700 		and	r0, r0, #7
 323 0008 7047     		bx	lr
 324              	.L37:
 325 000a 00BF     		.align	2
 326              	.L36:
 327 000c 6D640040 		.word	1073767533
ARM GAS  C:\Users\EA527~1.IVA\AppData\Local\Temp\ccZVUOnO.s 			page 12


 328              		.cfi_endproc
 329              	.LFE8:
 330              		.size	SigmaReg_GetIntStatus, .-SigmaReg_GetIntStatus
 331              		.section	.text.SigmaReg_WriteRegValue,"ax",%progbits
 332              		.align	2
 333              		.global	SigmaReg_WriteRegValue
 334              		.thumb
 335              		.thumb_func
 336              		.type	SigmaReg_WriteRegValue, %function
 337              	SigmaReg_WriteRegValue:
 338              	.LFB9:
 286:Generated_Source\PSoC5/SigmaReg.c **** 
 287:Generated_Source\PSoC5/SigmaReg.c **** 
 288:Generated_Source\PSoC5/SigmaReg.c **** /*******************************************************************************
 289:Generated_Source\PSoC5/SigmaReg.c **** * Function Name: SigmaReg_WriteRegValue
 290:Generated_Source\PSoC5/SigmaReg.c **** ********************************************************************************
 291:Generated_Source\PSoC5/SigmaReg.c **** *
 292:Generated_Source\PSoC5/SigmaReg.c **** * Summary:
 293:Generated_Source\PSoC5/SigmaReg.c **** *  Send state directly to shift register
 294:Generated_Source\PSoC5/SigmaReg.c **** *
 295:Generated_Source\PSoC5/SigmaReg.c **** * Parameters:
 296:Generated_Source\PSoC5/SigmaReg.c **** *  shiftData: containing shift register state.
 297:Generated_Source\PSoC5/SigmaReg.c **** *
 298:Generated_Source\PSoC5/SigmaReg.c **** * Return:
 299:Generated_Source\PSoC5/SigmaReg.c **** *  None.
 300:Generated_Source\PSoC5/SigmaReg.c **** *
 301:Generated_Source\PSoC5/SigmaReg.c **** *******************************************************************************/
 302:Generated_Source\PSoC5/SigmaReg.c **** void SigmaReg_WriteRegValue(uint16 shiftData)
 303:Generated_Source\PSoC5/SigmaReg.c ****                                                                      
 304:Generated_Source\PSoC5/SigmaReg.c **** {
 339              		.loc 1 304 0
 340              		.cfi_startproc
 341              		@ args = 0, pretend = 0, frame = 0
 342              		@ frame_needed = 0, uses_anonymous_args = 0
 343              		@ link register save eliminated.
 344              	.LVL19:
 305:Generated_Source\PSoC5/SigmaReg.c ****     CY_SET_REG16(SigmaReg_SHIFT_REG_LSB_PTR, shiftData);
 345              		.loc 1 305 0
 346 0000 014B     		ldr	r3, .L39
 347 0002 1880     		strh	r0, [r3]	@ movhi
 348 0004 7047     		bx	lr
 349              	.L40:
 350 0006 00BF     		.align	2
 351              	.L39:
 352 0008 0C640040 		.word	1073767436
 353              		.cfi_endproc
 354              	.LFE9:
 355              		.size	SigmaReg_WriteRegValue, .-SigmaReg_WriteRegValue
 356              		.section	.text.SigmaReg_ReadRegValue,"ax",%progbits
 357              		.align	2
 358              		.global	SigmaReg_ReadRegValue
 359              		.thumb
 360              		.thumb_func
 361              		.type	SigmaReg_ReadRegValue, %function
 362              	SigmaReg_ReadRegValue:
 363              	.LFB10:
 306:Generated_Source\PSoC5/SigmaReg.c **** }
ARM GAS  C:\Users\EA527~1.IVA\AppData\Local\Temp\ccZVUOnO.s 			page 13


 307:Generated_Source\PSoC5/SigmaReg.c **** 
 308:Generated_Source\PSoC5/SigmaReg.c **** 
 309:Generated_Source\PSoC5/SigmaReg.c **** #if(0u != SigmaReg_USE_INPUT_FIFO)
 310:Generated_Source\PSoC5/SigmaReg.c ****     /*******************************************************************************
 311:Generated_Source\PSoC5/SigmaReg.c ****     * Function Name: SigmaReg_WriteData
 312:Generated_Source\PSoC5/SigmaReg.c ****     ********************************************************************************
 313:Generated_Source\PSoC5/SigmaReg.c ****     *
 314:Generated_Source\PSoC5/SigmaReg.c ****     * Summary:
 315:Generated_Source\PSoC5/SigmaReg.c ****     *  Send state to FIFO for later transfer to shift register based on the Load
 316:Generated_Source\PSoC5/SigmaReg.c ****     *  input
 317:Generated_Source\PSoC5/SigmaReg.c ****     *
 318:Generated_Source\PSoC5/SigmaReg.c ****     * Parameters:
 319:Generated_Source\PSoC5/SigmaReg.c ****     *  shiftData: containing shift register state.
 320:Generated_Source\PSoC5/SigmaReg.c ****     *
 321:Generated_Source\PSoC5/SigmaReg.c ****     * Return:
 322:Generated_Source\PSoC5/SigmaReg.c ****     *  Indicates: successful execution of function
 323:Generated_Source\PSoC5/SigmaReg.c ****     *  when FIFO is empty; and error when FIFO is full.
 324:Generated_Source\PSoC5/SigmaReg.c ****     *
 325:Generated_Source\PSoC5/SigmaReg.c ****     * Reentrant:
 326:Generated_Source\PSoC5/SigmaReg.c ****     *  No.
 327:Generated_Source\PSoC5/SigmaReg.c ****     *
 328:Generated_Source\PSoC5/SigmaReg.c ****     *******************************************************************************/
 329:Generated_Source\PSoC5/SigmaReg.c ****     cystatus SigmaReg_WriteData(uint16 shiftData)
 330:Generated_Source\PSoC5/SigmaReg.c ****                                                                          
 331:Generated_Source\PSoC5/SigmaReg.c ****     {
 332:Generated_Source\PSoC5/SigmaReg.c ****         cystatus result;
 333:Generated_Source\PSoC5/SigmaReg.c **** 
 334:Generated_Source\PSoC5/SigmaReg.c ****         result = CYRET_INVALID_STATE;
 335:Generated_Source\PSoC5/SigmaReg.c **** 
 336:Generated_Source\PSoC5/SigmaReg.c ****         /* Writes data into the input FIFO if it is not FULL */
 337:Generated_Source\PSoC5/SigmaReg.c ****         if(SigmaReg_RET_FIFO_FULL != (SigmaReg_GetFIFOStatus(SigmaReg_IN_FIFO)))
 338:Generated_Source\PSoC5/SigmaReg.c ****         {
 339:Generated_Source\PSoC5/SigmaReg.c ****             CY_SET_REG16(SigmaReg_IN_FIFO_VAL_LSB_PTR, shiftData);
 340:Generated_Source\PSoC5/SigmaReg.c ****             result = CYRET_SUCCESS;
 341:Generated_Source\PSoC5/SigmaReg.c ****         }
 342:Generated_Source\PSoC5/SigmaReg.c **** 
 343:Generated_Source\PSoC5/SigmaReg.c ****         return(result);
 344:Generated_Source\PSoC5/SigmaReg.c ****     }
 345:Generated_Source\PSoC5/SigmaReg.c **** #endif /* (0u != SigmaReg_USE_INPUT_FIFO) */
 346:Generated_Source\PSoC5/SigmaReg.c **** 
 347:Generated_Source\PSoC5/SigmaReg.c **** 
 348:Generated_Source\PSoC5/SigmaReg.c **** #if(0u != SigmaReg_USE_OUTPUT_FIFO)
 349:Generated_Source\PSoC5/SigmaReg.c ****     /*******************************************************************************
 350:Generated_Source\PSoC5/SigmaReg.c ****     * Function Name: SigmaReg_ReadData
 351:Generated_Source\PSoC5/SigmaReg.c ****     ********************************************************************************
 352:Generated_Source\PSoC5/SigmaReg.c ****     *
 353:Generated_Source\PSoC5/SigmaReg.c ****     * Summary:
 354:Generated_Source\PSoC5/SigmaReg.c ****     *  Returns state in FIFO due to Store input.
 355:Generated_Source\PSoC5/SigmaReg.c ****     *
 356:Generated_Source\PSoC5/SigmaReg.c ****     * Parameters:
 357:Generated_Source\PSoC5/SigmaReg.c ****     *  None.
 358:Generated_Source\PSoC5/SigmaReg.c ****     *
 359:Generated_Source\PSoC5/SigmaReg.c ****     * Return:
 360:Generated_Source\PSoC5/SigmaReg.c ****     *  Shift Register state
 361:Generated_Source\PSoC5/SigmaReg.c ****     *
 362:Generated_Source\PSoC5/SigmaReg.c ****     * Reentrant:
 363:Generated_Source\PSoC5/SigmaReg.c ****     *  No.
ARM GAS  C:\Users\EA527~1.IVA\AppData\Local\Temp\ccZVUOnO.s 			page 14


 364:Generated_Source\PSoC5/SigmaReg.c ****     *
 365:Generated_Source\PSoC5/SigmaReg.c ****     *******************************************************************************/
 366:Generated_Source\PSoC5/SigmaReg.c ****     uint16 SigmaReg_ReadData(void) 
 367:Generated_Source\PSoC5/SigmaReg.c ****     {
 368:Generated_Source\PSoC5/SigmaReg.c ****         return(CY_GET_REG16(SigmaReg_OUT_FIFO_VAL_LSB_PTR));
 369:Generated_Source\PSoC5/SigmaReg.c ****     }
 370:Generated_Source\PSoC5/SigmaReg.c **** #endif /* (0u != SigmaReg_USE_OUTPUT_FIFO) */
 371:Generated_Source\PSoC5/SigmaReg.c **** 
 372:Generated_Source\PSoC5/SigmaReg.c **** 
 373:Generated_Source\PSoC5/SigmaReg.c **** /*******************************************************************************
 374:Generated_Source\PSoC5/SigmaReg.c **** * Function Name: SigmaReg_ReadRegValue
 375:Generated_Source\PSoC5/SigmaReg.c **** ********************************************************************************
 376:Generated_Source\PSoC5/SigmaReg.c **** *
 377:Generated_Source\PSoC5/SigmaReg.c **** * Summary:
 378:Generated_Source\PSoC5/SigmaReg.c **** *  Directly returns current state in shift register, not data in FIFO due
 379:Generated_Source\PSoC5/SigmaReg.c **** *  to Store input.
 380:Generated_Source\PSoC5/SigmaReg.c **** *
 381:Generated_Source\PSoC5/SigmaReg.c **** * Parameters:
 382:Generated_Source\PSoC5/SigmaReg.c **** *  None.
 383:Generated_Source\PSoC5/SigmaReg.c **** *
 384:Generated_Source\PSoC5/SigmaReg.c **** * Return:
 385:Generated_Source\PSoC5/SigmaReg.c **** *  Shift Register state. Clears output FIFO.
 386:Generated_Source\PSoC5/SigmaReg.c **** *
 387:Generated_Source\PSoC5/SigmaReg.c **** * Reentrant:
 388:Generated_Source\PSoC5/SigmaReg.c **** *  No.
 389:Generated_Source\PSoC5/SigmaReg.c **** *
 390:Generated_Source\PSoC5/SigmaReg.c **** *******************************************************************************/
 391:Generated_Source\PSoC5/SigmaReg.c **** uint16 SigmaReg_ReadRegValue(void) 
 392:Generated_Source\PSoC5/SigmaReg.c **** {
 364              		.loc 1 392 0
 365              		.cfi_startproc
 366              		@ args = 0, pretend = 0, frame = 0
 367              		@ frame_needed = 0, uses_anonymous_args = 0
 368 0000 08B5     		push	{r3, lr}
 369              		.cfi_def_cfa_offset 8
 370              		.cfi_offset 3, -8
 371              		.cfi_offset 14, -4
 393:Generated_Source\PSoC5/SigmaReg.c ****     uint16 result;
 394:Generated_Source\PSoC5/SigmaReg.c **** 
 395:Generated_Source\PSoC5/SigmaReg.c ****     /* Clear FIFO before software capture */
 396:Generated_Source\PSoC5/SigmaReg.c ****     while(SigmaReg_RET_FIFO_EMPTY != SigmaReg_GetFIFOStatus(SigmaReg_OUT_FIFO))
 372              		.loc 1 396 0
 373 0002 01E0     		b	.L42
 374              	.L43:
 397:Generated_Source\PSoC5/SigmaReg.c ****     {
 398:Generated_Source\PSoC5/SigmaReg.c ****         (void) CY_GET_REG16(SigmaReg_OUT_FIFO_VAL_LSB_PTR);
 375              		.loc 1 398 0
 376 0004 064B     		ldr	r3, .L45
 377 0006 1B88     		ldrh	r3, [r3]
 378              	.L42:
 396:Generated_Source\PSoC5/SigmaReg.c ****     {
 379              		.loc 1 396 0
 380 0008 0220     		movs	r0, #2
 381 000a FFF7FEFF 		bl	SigmaReg_GetFIFOStatus
 382              	.LVL20:
 383 000e 0228     		cmp	r0, #2
 384 0010 F8D1     		bne	.L43
ARM GAS  C:\Users\EA527~1.IVA\AppData\Local\Temp\ccZVUOnO.s 			page 15


 399:Generated_Source\PSoC5/SigmaReg.c ****     }
 400:Generated_Source\PSoC5/SigmaReg.c **** 
 401:Generated_Source\PSoC5/SigmaReg.c ****     /* Read of 8 bits from A1 causes capture to output FIFO */
 402:Generated_Source\PSoC5/SigmaReg.c ****     (void) CY_GET_REG8(SigmaReg_SHIFT_REG_CAPTURE_PTR);
 385              		.loc 1 402 0
 386 0012 044B     		ldr	r3, .L45+4
 387 0014 1B78     		ldrb	r3, [r3]	@ zero_extendqisi2
 403:Generated_Source\PSoC5/SigmaReg.c **** 
 404:Generated_Source\PSoC5/SigmaReg.c ****     /* Read output FIFO */
 405:Generated_Source\PSoC5/SigmaReg.c ****     result  = CY_GET_REG16(SigmaReg_OUT_FIFO_VAL_LSB_PTR);
 388              		.loc 1 405 0
 389 0016 024B     		ldr	r3, .L45
 390 0018 1888     		ldrh	r0, [r3]
 391              	.LVL21:
 406:Generated_Source\PSoC5/SigmaReg.c ****     
 407:Generated_Source\PSoC5/SigmaReg.c ****     #if(0u != (SigmaReg_SR_SIZE % 8u))
 408:Generated_Source\PSoC5/SigmaReg.c ****         result &= ((uint16) SigmaReg_SR_MASK);
 409:Generated_Source\PSoC5/SigmaReg.c ****     #endif /* (0u != (SigmaReg_SR_SIZE % 8u)) */
 410:Generated_Source\PSoC5/SigmaReg.c ****     
 411:Generated_Source\PSoC5/SigmaReg.c ****     return(result);
 412:Generated_Source\PSoC5/SigmaReg.c **** }
 392              		.loc 1 412 0
 393 001a C0F30800 		ubfx	r0, r0, #0, #9
 394              	.LVL22:
 395 001e 08BD     		pop	{r3, pc}
 396              	.L46:
 397              		.align	2
 398              	.L45:
 399 0020 5C640040 		.word	1073767516
 400 0024 1C640040 		.word	1073767452
 401              		.cfi_endproc
 402              	.LFE10:
 403              		.size	SigmaReg_ReadRegValue, .-SigmaReg_ReadRegValue
 404              		.global	SigmaReg_initVar
 405              		.bss
 406              		.set	.LANCHOR0,. + 0
 407              		.type	SigmaReg_initVar, %object
 408              		.size	SigmaReg_initVar, 1
 409              	SigmaReg_initVar:
 410 0000 00       		.space	1
 411              		.text
 412              	.Letext0:
 413              		.file 2 "Generated_Source\\PSoC5\\cytypes.h"
 414              		.file 3 "Generated_Source\\PSoC5\\CyLib.h"
 415              		.section	.debug_info,"",%progbits
 416              	.Ldebug_info0:
 417 0000 B9020000 		.4byte	0x2b9
 418 0004 0400     		.2byte	0x4
 419 0006 00000000 		.4byte	.Ldebug_abbrev0
 420 000a 04       		.byte	0x4
 421 000b 01       		.uleb128 0x1
 422 000c FB000000 		.4byte	.LASF35
 423 0010 0C       		.byte	0xc
 424 0011 60000000 		.4byte	.LASF36
 425 0015 06000000 		.4byte	.LASF37
 426 0019 00000000 		.4byte	.Ldebug_ranges0+0
 427 001d 00000000 		.4byte	0
ARM GAS  C:\Users\EA527~1.IVA\AppData\Local\Temp\ccZVUOnO.s 			page 16


 428 0021 00000000 		.4byte	.Ldebug_line0
 429 0025 02       		.uleb128 0x2
 430 0026 01       		.byte	0x1
 431 0027 06       		.byte	0x6
 432 0028 F8020000 		.4byte	.LASF0
 433 002c 02       		.uleb128 0x2
 434 002d 01       		.byte	0x1
 435 002e 08       		.byte	0x8
 436 002f ED000000 		.4byte	.LASF1
 437 0033 02       		.uleb128 0x2
 438 0034 02       		.byte	0x2
 439 0035 05       		.byte	0x5
 440 0036 9C020000 		.4byte	.LASF2
 441 003a 02       		.uleb128 0x2
 442 003b 02       		.byte	0x2
 443 003c 07       		.byte	0x7
 444 003d 82000000 		.4byte	.LASF3
 445 0041 02       		.uleb128 0x2
 446 0042 04       		.byte	0x4
 447 0043 05       		.byte	0x5
 448 0044 CD020000 		.4byte	.LASF4
 449 0048 02       		.uleb128 0x2
 450 0049 04       		.byte	0x4
 451 004a 07       		.byte	0x7
 452 004b 9D010000 		.4byte	.LASF5
 453 004f 02       		.uleb128 0x2
 454 0050 08       		.byte	0x8
 455 0051 05       		.byte	0x5
 456 0052 89020000 		.4byte	.LASF6
 457 0056 02       		.uleb128 0x2
 458 0057 08       		.byte	0x8
 459 0058 07       		.byte	0x7
 460 0059 D6000000 		.4byte	.LASF7
 461 005d 03       		.uleb128 0x3
 462 005e 04       		.byte	0x4
 463 005f 05       		.byte	0x5
 464 0060 696E7400 		.ascii	"int\000"
 465 0064 02       		.uleb128 0x2
 466 0065 04       		.byte	0x4
 467 0066 07       		.byte	0x7
 468 0067 33020000 		.4byte	.LASF8
 469 006b 04       		.uleb128 0x4
 470 006c C6010000 		.4byte	.LASF9
 471 0070 02       		.byte	0x2
 472 0071 E401     		.2byte	0x1e4
 473 0073 2C000000 		.4byte	0x2c
 474 0077 04       		.uleb128 0x4
 475 0078 0B020000 		.4byte	.LASF10
 476 007c 02       		.byte	0x2
 477 007d E501     		.2byte	0x1e5
 478 007f 3A000000 		.4byte	0x3a
 479 0083 02       		.uleb128 0x2
 480 0084 04       		.byte	0x4
 481 0085 04       		.byte	0x4
 482 0086 D0000000 		.4byte	.LASF11
 483 008a 02       		.uleb128 0x2
 484 008b 08       		.byte	0x8
ARM GAS  C:\Users\EA527~1.IVA\AppData\Local\Temp\ccZVUOnO.s 			page 17


 485 008c 04       		.byte	0x4
 486 008d E1010000 		.4byte	.LASF12
 487 0091 02       		.uleb128 0x2
 488 0092 01       		.byte	0x1
 489 0093 08       		.byte	0x8
 490 0094 97020000 		.4byte	.LASF13
 491 0098 04       		.uleb128 0x4
 492 0099 89010000 		.4byte	.LASF14
 493 009d 02       		.byte	0x2
 494 009e 8E02     		.2byte	0x28e
 495 00a0 A4000000 		.4byte	0xa4
 496 00a4 05       		.uleb128 0x5
 497 00a5 6B000000 		.4byte	0x6b
 498 00a9 04       		.uleb128 0x4
 499 00aa 00000000 		.4byte	.LASF15
 500 00ae 02       		.byte	0x2
 501 00af 8F02     		.2byte	0x28f
 502 00b1 B5000000 		.4byte	0xb5
 503 00b5 05       		.uleb128 0x5
 504 00b6 77000000 		.4byte	0x77
 505 00ba 02       		.uleb128 0x2
 506 00bb 08       		.byte	0x8
 507 00bc 04       		.byte	0x4
 508 00bd EC020000 		.4byte	.LASF16
 509 00c1 02       		.uleb128 0x2
 510 00c2 04       		.byte	0x4
 511 00c3 07       		.byte	0x7
 512 00c4 80020000 		.4byte	.LASF17
 513 00c8 06       		.uleb128 0x6
 514 00c9 E8010000 		.4byte	.LASF18
 515 00cd 01       		.byte	0x1
 516 00ce 87       		.byte	0x87
 517 00cf 00000000 		.4byte	.LFB4
 518 00d3 1C000000 		.4byte	.LFE4-.LFB4
 519 00d7 01       		.uleb128 0x1
 520 00d8 9C       		.byte	0x9c
 521 00d9 FF000000 		.4byte	0xff
 522 00dd 07       		.uleb128 0x7
 523 00de 8E010000 		.4byte	.LASF21
 524 00e2 01       		.byte	0x1
 525 00e3 89       		.byte	0x89
 526 00e4 6B000000 		.4byte	0x6b
 527 00e8 00000000 		.4byte	.LLST0
 528 00ec 08       		.uleb128 0x8
 529 00ed 06000000 		.4byte	.LVL0
 530 00f1 A6020000 		.4byte	0x2a6
 531 00f5 08       		.uleb128 0x8
 532 00f6 14000000 		.4byte	.LVL1
 533 00fa B1020000 		.4byte	0x2b1
 534 00fe 00       		.byte	0
 535 00ff 06       		.uleb128 0x6
 536 0100 95000000 		.4byte	.LASF19
 537 0104 01       		.byte	0x1
 538 0105 45       		.byte	0x45
 539 0106 00000000 		.4byte	.LFB1
 540 010a 18000000 		.4byte	.LFE1-.LFB1
 541 010e 01       		.uleb128 0x1
ARM GAS  C:\Users\EA527~1.IVA\AppData\Local\Temp\ccZVUOnO.s 			page 18


 542 010f 9C       		.byte	0x9c
 543 0110 1E010000 		.4byte	0x11e
 544 0114 08       		.uleb128 0x8
 545 0115 10000000 		.4byte	.LVL2
 546 0119 C8000000 		.4byte	0xc8
 547 011d 00       		.byte	0
 548 011e 06       		.uleb128 0x6
 549 011f 6C020000 		.4byte	.LASF20
 550 0123 01       		.byte	0x1
 551 0124 9F       		.byte	0x9f
 552 0125 00000000 		.4byte	.LFB5
 553 0129 1C000000 		.4byte	.LFE5-.LFB5
 554 012d 01       		.uleb128 0x1
 555 012e 9C       		.byte	0x9c
 556 012f 55010000 		.4byte	0x155
 557 0133 07       		.uleb128 0x7
 558 0134 8E010000 		.4byte	.LASF21
 559 0138 01       		.byte	0x1
 560 0139 A1       		.byte	0xa1
 561 013a 6B000000 		.4byte	0x6b
 562 013e 13000000 		.4byte	.LLST1
 563 0142 08       		.uleb128 0x8
 564 0143 06000000 		.4byte	.LVL3
 565 0147 A6020000 		.4byte	0x2a6
 566 014b 08       		.uleb128 0x8
 567 014c 14000000 		.4byte	.LVL4
 568 0150 B1020000 		.4byte	0x2b1
 569 0154 00       		.byte	0
 570 0155 06       		.uleb128 0x6
 571 0156 D3010000 		.4byte	.LASF22
 572 015a 01       		.byte	0x1
 573 015b 71       		.byte	0x71
 574 015c 00000000 		.4byte	.LFB3
 575 0160 18000000 		.4byte	.LFE3-.LFB3
 576 0164 01       		.uleb128 0x1
 577 0165 9C       		.byte	0x9c
 578 0166 74010000 		.4byte	0x174
 579 016a 08       		.uleb128 0x8
 580 016b 10000000 		.4byte	.LVL5
 581 016f 1E010000 		.4byte	0x11e
 582 0173 00       		.byte	0
 583 0174 09       		.uleb128 0x9
 584 0175 B9000000 		.4byte	.LASF31
 585 0179 01       		.byte	0x1
 586 017a B7       		.byte	0xb7
 587 017b 6B000000 		.4byte	0x6b
 588 017f 00000000 		.4byte	.LFB6
 589 0183 28000000 		.4byte	.LFE6-.LFB6
 590 0187 01       		.uleb128 0x1
 591 0188 9C       		.byte	0x9c
 592 0189 AC010000 		.4byte	0x1ac
 593 018d 0A       		.uleb128 0xa
 594 018e CC010000 		.4byte	.LASF25
 595 0192 01       		.byte	0x1
 596 0193 B7       		.byte	0xb7
 597 0194 6B000000 		.4byte	0x6b
 598 0198 26000000 		.4byte	.LLST2
ARM GAS  C:\Users\EA527~1.IVA\AppData\Local\Temp\ccZVUOnO.s 			page 19


 599 019c 07       		.uleb128 0x7
 600 019d 56020000 		.4byte	.LASF23
 601 01a1 01       		.byte	0x1
 602 01a2 B9       		.byte	0xb9
 603 01a3 6B000000 		.4byte	0x6b
 604 01a7 92000000 		.4byte	.LLST3
 605 01ab 00       		.byte	0
 606 01ac 0B       		.uleb128 0xb
 607 01ad A5000000 		.4byte	.LASF24
 608 01b1 01       		.byte	0x1
 609 01b2 0501     		.2byte	0x105
 610 01b4 00000000 		.4byte	.LFB7
 611 01b8 1C000000 		.4byte	.LFE7-.LFB7
 612 01bc 01       		.uleb128 0x1
 613 01bd 9C       		.byte	0x9c
 614 01be D3010000 		.4byte	0x1d3
 615 01c2 0C       		.uleb128 0xc
 616 01c3 FB010000 		.4byte	.LASF26
 617 01c7 01       		.byte	0x1
 618 01c8 0501     		.2byte	0x105
 619 01ca 6B000000 		.4byte	0x6b
 620 01ce CB000000 		.4byte	.LLST4
 621 01d2 00       		.byte	0
 622 01d3 06       		.uleb128 0x6
 623 01d4 52000000 		.4byte	.LASF27
 624 01d8 01       		.byte	0x1
 625 01d9 5D       		.byte	0x5d
 626 01da 00000000 		.4byte	.LFB2
 627 01de 0A000000 		.4byte	.LFE2-.LFB2
 628 01e2 01       		.uleb128 0x1
 629 01e3 9C       		.byte	0x9c
 630 01e4 F8010000 		.4byte	0x1f8
 631 01e8 0D       		.uleb128 0xd
 632 01e9 08000000 		.4byte	.LVL16
 633 01ed AC010000 		.4byte	0x1ac
 634 01f1 0E       		.uleb128 0xe
 635 01f2 01       		.uleb128 0x1
 636 01f3 50       		.byte	0x50
 637 01f4 01       		.uleb128 0x1
 638 01f5 30       		.byte	0x30
 639 01f6 00       		.byte	0
 640 01f7 00       		.byte	0
 641 01f8 06       		.uleb128 0x6
 642 01f9 5D020000 		.4byte	.LASF28
 643 01fd 01       		.byte	0x1
 644 01fe 2B       		.byte	0x2b
 645 01ff 00000000 		.4byte	.LFB0
 646 0203 1C000000 		.4byte	.LFE0-.LFB0
 647 0207 01       		.uleb128 0x1
 648 0208 9C       		.byte	0x9c
 649 0209 20020000 		.4byte	0x220
 650 020d 08       		.uleb128 0x8
 651 020e 0C000000 		.4byte	.LVL17
 652 0212 D3010000 		.4byte	0x1d3
 653 0216 08       		.uleb128 0x8
 654 0217 16000000 		.4byte	.LVL18
 655 021b FF000000 		.4byte	0xff
ARM GAS  C:\Users\EA527~1.IVA\AppData\Local\Temp\ccZVUOnO.s 			page 20


 656 021f 00       		.byte	0
 657 0220 0F       		.uleb128 0xf
 658 0221 B7020000 		.4byte	.LASF38
 659 0225 01       		.byte	0x1
 660 0226 1A01     		.2byte	0x11a
 661 0228 6B000000 		.4byte	0x6b
 662 022c 00000000 		.4byte	.LFB8
 663 0230 10000000 		.4byte	.LFE8-.LFB8
 664 0234 01       		.uleb128 0x1
 665 0235 9C       		.byte	0x9c
 666 0236 0B       		.uleb128 0xb
 667 0237 AF010000 		.4byte	.LASF29
 668 023b 01       		.byte	0x1
 669 023c 2E01     		.2byte	0x12e
 670 023e 00000000 		.4byte	.LFB9
 671 0242 0C000000 		.4byte	.LFE9-.LFB9
 672 0246 01       		.uleb128 0x1
 673 0247 9C       		.byte	0x9c
 674 0248 5B020000 		.4byte	0x25b
 675 024c 10       		.uleb128 0x10
 676 024d 12020000 		.4byte	.LASF30
 677 0251 01       		.byte	0x1
 678 0252 2E01     		.2byte	0x12e
 679 0254 77000000 		.4byte	0x77
 680 0258 01       		.uleb128 0x1
 681 0259 50       		.byte	0x50
 682 025a 00       		.byte	0
 683 025b 11       		.uleb128 0x11
 684 025c D6020000 		.4byte	.LASF32
 685 0260 01       		.byte	0x1
 686 0261 8701     		.2byte	0x187
 687 0263 77000000 		.4byte	0x77
 688 0267 00000000 		.4byte	.LFB10
 689 026b 28000000 		.4byte	.LFE10-.LFB10
 690 026f 01       		.uleb128 0x1
 691 0270 9C       		.byte	0x9c
 692 0271 95020000 		.4byte	0x295
 693 0275 12       		.uleb128 0x12
 694 0276 56020000 		.4byte	.LASF23
 695 027a 01       		.byte	0x1
 696 027b 8901     		.2byte	0x189
 697 027d 77000000 		.4byte	0x77
 698 0281 EC000000 		.4byte	.LLST5
 699 0285 0D       		.uleb128 0xd
 700 0286 0E000000 		.4byte	.LVL20
 701 028a 74010000 		.4byte	0x174
 702 028e 0E       		.uleb128 0xe
 703 028f 01       		.uleb128 0x1
 704 0290 50       		.byte	0x50
 705 0291 01       		.uleb128 0x1
 706 0292 32       		.byte	0x32
 707 0293 00       		.byte	0
 708 0294 00       		.byte	0
 709 0295 13       		.uleb128 0x13
 710 0296 A6020000 		.4byte	.LASF39
 711 029a 01       		.byte	0x1
 712 029b 13       		.byte	0x13
ARM GAS  C:\Users\EA527~1.IVA\AppData\Local\Temp\ccZVUOnO.s 			page 21


 713 029c 6B000000 		.4byte	0x6b
 714 02a0 05       		.uleb128 0x5
 715 02a1 03       		.byte	0x3
 716 02a2 00000000 		.4byte	SigmaReg_initVar
 717 02a6 14       		.uleb128 0x14
 718 02a7 1C020000 		.4byte	.LASF33
 719 02ab 1C020000 		.4byte	.LASF33
 720 02af 03       		.byte	0x3
 721 02b0 7D       		.byte	0x7d
 722 02b1 14       		.uleb128 0x14
 723 02b2 40020000 		.4byte	.LASF34
 724 02b6 40020000 		.4byte	.LASF34
 725 02ba 03       		.byte	0x3
 726 02bb 7E       		.byte	0x7e
 727 02bc 00       		.byte	0
 728              		.section	.debug_abbrev,"",%progbits
 729              	.Ldebug_abbrev0:
 730 0000 01       		.uleb128 0x1
 731 0001 11       		.uleb128 0x11
 732 0002 01       		.byte	0x1
 733 0003 25       		.uleb128 0x25
 734 0004 0E       		.uleb128 0xe
 735 0005 13       		.uleb128 0x13
 736 0006 0B       		.uleb128 0xb
 737 0007 03       		.uleb128 0x3
 738 0008 0E       		.uleb128 0xe
 739 0009 1B       		.uleb128 0x1b
 740 000a 0E       		.uleb128 0xe
 741 000b 55       		.uleb128 0x55
 742 000c 17       		.uleb128 0x17
 743 000d 11       		.uleb128 0x11
 744 000e 01       		.uleb128 0x1
 745 000f 10       		.uleb128 0x10
 746 0010 17       		.uleb128 0x17
 747 0011 00       		.byte	0
 748 0012 00       		.byte	0
 749 0013 02       		.uleb128 0x2
 750 0014 24       		.uleb128 0x24
 751 0015 00       		.byte	0
 752 0016 0B       		.uleb128 0xb
 753 0017 0B       		.uleb128 0xb
 754 0018 3E       		.uleb128 0x3e
 755 0019 0B       		.uleb128 0xb
 756 001a 03       		.uleb128 0x3
 757 001b 0E       		.uleb128 0xe
 758 001c 00       		.byte	0
 759 001d 00       		.byte	0
 760 001e 03       		.uleb128 0x3
 761 001f 24       		.uleb128 0x24
 762 0020 00       		.byte	0
 763 0021 0B       		.uleb128 0xb
 764 0022 0B       		.uleb128 0xb
 765 0023 3E       		.uleb128 0x3e
 766 0024 0B       		.uleb128 0xb
 767 0025 03       		.uleb128 0x3
 768 0026 08       		.uleb128 0x8
 769 0027 00       		.byte	0
ARM GAS  C:\Users\EA527~1.IVA\AppData\Local\Temp\ccZVUOnO.s 			page 22


 770 0028 00       		.byte	0
 771 0029 04       		.uleb128 0x4
 772 002a 16       		.uleb128 0x16
 773 002b 00       		.byte	0
 774 002c 03       		.uleb128 0x3
 775 002d 0E       		.uleb128 0xe
 776 002e 3A       		.uleb128 0x3a
 777 002f 0B       		.uleb128 0xb
 778 0030 3B       		.uleb128 0x3b
 779 0031 05       		.uleb128 0x5
 780 0032 49       		.uleb128 0x49
 781 0033 13       		.uleb128 0x13
 782 0034 00       		.byte	0
 783 0035 00       		.byte	0
 784 0036 05       		.uleb128 0x5
 785 0037 35       		.uleb128 0x35
 786 0038 00       		.byte	0
 787 0039 49       		.uleb128 0x49
 788 003a 13       		.uleb128 0x13
 789 003b 00       		.byte	0
 790 003c 00       		.byte	0
 791 003d 06       		.uleb128 0x6
 792 003e 2E       		.uleb128 0x2e
 793 003f 01       		.byte	0x1
 794 0040 3F       		.uleb128 0x3f
 795 0041 19       		.uleb128 0x19
 796 0042 03       		.uleb128 0x3
 797 0043 0E       		.uleb128 0xe
 798 0044 3A       		.uleb128 0x3a
 799 0045 0B       		.uleb128 0xb
 800 0046 3B       		.uleb128 0x3b
 801 0047 0B       		.uleb128 0xb
 802 0048 27       		.uleb128 0x27
 803 0049 19       		.uleb128 0x19
 804 004a 11       		.uleb128 0x11
 805 004b 01       		.uleb128 0x1
 806 004c 12       		.uleb128 0x12
 807 004d 06       		.uleb128 0x6
 808 004e 40       		.uleb128 0x40
 809 004f 18       		.uleb128 0x18
 810 0050 9742     		.uleb128 0x2117
 811 0052 19       		.uleb128 0x19
 812 0053 01       		.uleb128 0x1
 813 0054 13       		.uleb128 0x13
 814 0055 00       		.byte	0
 815 0056 00       		.byte	0
 816 0057 07       		.uleb128 0x7
 817 0058 34       		.uleb128 0x34
 818 0059 00       		.byte	0
 819 005a 03       		.uleb128 0x3
 820 005b 0E       		.uleb128 0xe
 821 005c 3A       		.uleb128 0x3a
 822 005d 0B       		.uleb128 0xb
 823 005e 3B       		.uleb128 0x3b
 824 005f 0B       		.uleb128 0xb
 825 0060 49       		.uleb128 0x49
 826 0061 13       		.uleb128 0x13
ARM GAS  C:\Users\EA527~1.IVA\AppData\Local\Temp\ccZVUOnO.s 			page 23


 827 0062 02       		.uleb128 0x2
 828 0063 17       		.uleb128 0x17
 829 0064 00       		.byte	0
 830 0065 00       		.byte	0
 831 0066 08       		.uleb128 0x8
 832 0067 898201   		.uleb128 0x4109
 833 006a 00       		.byte	0
 834 006b 11       		.uleb128 0x11
 835 006c 01       		.uleb128 0x1
 836 006d 31       		.uleb128 0x31
 837 006e 13       		.uleb128 0x13
 838 006f 00       		.byte	0
 839 0070 00       		.byte	0
 840 0071 09       		.uleb128 0x9
 841 0072 2E       		.uleb128 0x2e
 842 0073 01       		.byte	0x1
 843 0074 3F       		.uleb128 0x3f
 844 0075 19       		.uleb128 0x19
 845 0076 03       		.uleb128 0x3
 846 0077 0E       		.uleb128 0xe
 847 0078 3A       		.uleb128 0x3a
 848 0079 0B       		.uleb128 0xb
 849 007a 3B       		.uleb128 0x3b
 850 007b 0B       		.uleb128 0xb
 851 007c 27       		.uleb128 0x27
 852 007d 19       		.uleb128 0x19
 853 007e 49       		.uleb128 0x49
 854 007f 13       		.uleb128 0x13
 855 0080 11       		.uleb128 0x11
 856 0081 01       		.uleb128 0x1
 857 0082 12       		.uleb128 0x12
 858 0083 06       		.uleb128 0x6
 859 0084 40       		.uleb128 0x40
 860 0085 18       		.uleb128 0x18
 861 0086 9742     		.uleb128 0x2117
 862 0088 19       		.uleb128 0x19
 863 0089 01       		.uleb128 0x1
 864 008a 13       		.uleb128 0x13
 865 008b 00       		.byte	0
 866 008c 00       		.byte	0
 867 008d 0A       		.uleb128 0xa
 868 008e 05       		.uleb128 0x5
 869 008f 00       		.byte	0
 870 0090 03       		.uleb128 0x3
 871 0091 0E       		.uleb128 0xe
 872 0092 3A       		.uleb128 0x3a
 873 0093 0B       		.uleb128 0xb
 874 0094 3B       		.uleb128 0x3b
 875 0095 0B       		.uleb128 0xb
 876 0096 49       		.uleb128 0x49
 877 0097 13       		.uleb128 0x13
 878 0098 02       		.uleb128 0x2
 879 0099 17       		.uleb128 0x17
 880 009a 00       		.byte	0
 881 009b 00       		.byte	0
 882 009c 0B       		.uleb128 0xb
 883 009d 2E       		.uleb128 0x2e
ARM GAS  C:\Users\EA527~1.IVA\AppData\Local\Temp\ccZVUOnO.s 			page 24


 884 009e 01       		.byte	0x1
 885 009f 3F       		.uleb128 0x3f
 886 00a0 19       		.uleb128 0x19
 887 00a1 03       		.uleb128 0x3
 888 00a2 0E       		.uleb128 0xe
 889 00a3 3A       		.uleb128 0x3a
 890 00a4 0B       		.uleb128 0xb
 891 00a5 3B       		.uleb128 0x3b
 892 00a6 05       		.uleb128 0x5
 893 00a7 27       		.uleb128 0x27
 894 00a8 19       		.uleb128 0x19
 895 00a9 11       		.uleb128 0x11
 896 00aa 01       		.uleb128 0x1
 897 00ab 12       		.uleb128 0x12
 898 00ac 06       		.uleb128 0x6
 899 00ad 40       		.uleb128 0x40
 900 00ae 18       		.uleb128 0x18
 901 00af 9742     		.uleb128 0x2117
 902 00b1 19       		.uleb128 0x19
 903 00b2 01       		.uleb128 0x1
 904 00b3 13       		.uleb128 0x13
 905 00b4 00       		.byte	0
 906 00b5 00       		.byte	0
 907 00b6 0C       		.uleb128 0xc
 908 00b7 05       		.uleb128 0x5
 909 00b8 00       		.byte	0
 910 00b9 03       		.uleb128 0x3
 911 00ba 0E       		.uleb128 0xe
 912 00bb 3A       		.uleb128 0x3a
 913 00bc 0B       		.uleb128 0xb
 914 00bd 3B       		.uleb128 0x3b
 915 00be 05       		.uleb128 0x5
 916 00bf 49       		.uleb128 0x49
 917 00c0 13       		.uleb128 0x13
 918 00c1 02       		.uleb128 0x2
 919 00c2 17       		.uleb128 0x17
 920 00c3 00       		.byte	0
 921 00c4 00       		.byte	0
 922 00c5 0D       		.uleb128 0xd
 923 00c6 898201   		.uleb128 0x4109
 924 00c9 01       		.byte	0x1
 925 00ca 11       		.uleb128 0x11
 926 00cb 01       		.uleb128 0x1
 927 00cc 31       		.uleb128 0x31
 928 00cd 13       		.uleb128 0x13
 929 00ce 00       		.byte	0
 930 00cf 00       		.byte	0
 931 00d0 0E       		.uleb128 0xe
 932 00d1 8A8201   		.uleb128 0x410a
 933 00d4 00       		.byte	0
 934 00d5 02       		.uleb128 0x2
 935 00d6 18       		.uleb128 0x18
 936 00d7 9142     		.uleb128 0x2111
 937 00d9 18       		.uleb128 0x18
 938 00da 00       		.byte	0
 939 00db 00       		.byte	0
 940 00dc 0F       		.uleb128 0xf
ARM GAS  C:\Users\EA527~1.IVA\AppData\Local\Temp\ccZVUOnO.s 			page 25


 941 00dd 2E       		.uleb128 0x2e
 942 00de 00       		.byte	0
 943 00df 3F       		.uleb128 0x3f
 944 00e0 19       		.uleb128 0x19
 945 00e1 03       		.uleb128 0x3
 946 00e2 0E       		.uleb128 0xe
 947 00e3 3A       		.uleb128 0x3a
 948 00e4 0B       		.uleb128 0xb
 949 00e5 3B       		.uleb128 0x3b
 950 00e6 05       		.uleb128 0x5
 951 00e7 27       		.uleb128 0x27
 952 00e8 19       		.uleb128 0x19
 953 00e9 49       		.uleb128 0x49
 954 00ea 13       		.uleb128 0x13
 955 00eb 11       		.uleb128 0x11
 956 00ec 01       		.uleb128 0x1
 957 00ed 12       		.uleb128 0x12
 958 00ee 06       		.uleb128 0x6
 959 00ef 40       		.uleb128 0x40
 960 00f0 18       		.uleb128 0x18
 961 00f1 9742     		.uleb128 0x2117
 962 00f3 19       		.uleb128 0x19
 963 00f4 00       		.byte	0
 964 00f5 00       		.byte	0
 965 00f6 10       		.uleb128 0x10
 966 00f7 05       		.uleb128 0x5
 967 00f8 00       		.byte	0
 968 00f9 03       		.uleb128 0x3
 969 00fa 0E       		.uleb128 0xe
 970 00fb 3A       		.uleb128 0x3a
 971 00fc 0B       		.uleb128 0xb
 972 00fd 3B       		.uleb128 0x3b
 973 00fe 05       		.uleb128 0x5
 974 00ff 49       		.uleb128 0x49
 975 0100 13       		.uleb128 0x13
 976 0101 02       		.uleb128 0x2
 977 0102 18       		.uleb128 0x18
 978 0103 00       		.byte	0
 979 0104 00       		.byte	0
 980 0105 11       		.uleb128 0x11
 981 0106 2E       		.uleb128 0x2e
 982 0107 01       		.byte	0x1
 983 0108 3F       		.uleb128 0x3f
 984 0109 19       		.uleb128 0x19
 985 010a 03       		.uleb128 0x3
 986 010b 0E       		.uleb128 0xe
 987 010c 3A       		.uleb128 0x3a
 988 010d 0B       		.uleb128 0xb
 989 010e 3B       		.uleb128 0x3b
 990 010f 05       		.uleb128 0x5
 991 0110 27       		.uleb128 0x27
 992 0111 19       		.uleb128 0x19
 993 0112 49       		.uleb128 0x49
 994 0113 13       		.uleb128 0x13
 995 0114 11       		.uleb128 0x11
 996 0115 01       		.uleb128 0x1
 997 0116 12       		.uleb128 0x12
ARM GAS  C:\Users\EA527~1.IVA\AppData\Local\Temp\ccZVUOnO.s 			page 26


 998 0117 06       		.uleb128 0x6
 999 0118 40       		.uleb128 0x40
 1000 0119 18       		.uleb128 0x18
 1001 011a 9742     		.uleb128 0x2117
 1002 011c 19       		.uleb128 0x19
 1003 011d 01       		.uleb128 0x1
 1004 011e 13       		.uleb128 0x13
 1005 011f 00       		.byte	0
 1006 0120 00       		.byte	0
 1007 0121 12       		.uleb128 0x12
 1008 0122 34       		.uleb128 0x34
 1009 0123 00       		.byte	0
 1010 0124 03       		.uleb128 0x3
 1011 0125 0E       		.uleb128 0xe
 1012 0126 3A       		.uleb128 0x3a
 1013 0127 0B       		.uleb128 0xb
 1014 0128 3B       		.uleb128 0x3b
 1015 0129 05       		.uleb128 0x5
 1016 012a 49       		.uleb128 0x49
 1017 012b 13       		.uleb128 0x13
 1018 012c 02       		.uleb128 0x2
 1019 012d 17       		.uleb128 0x17
 1020 012e 00       		.byte	0
 1021 012f 00       		.byte	0
 1022 0130 13       		.uleb128 0x13
 1023 0131 34       		.uleb128 0x34
 1024 0132 00       		.byte	0
 1025 0133 03       		.uleb128 0x3
 1026 0134 0E       		.uleb128 0xe
 1027 0135 3A       		.uleb128 0x3a
 1028 0136 0B       		.uleb128 0xb
 1029 0137 3B       		.uleb128 0x3b
 1030 0138 0B       		.uleb128 0xb
 1031 0139 49       		.uleb128 0x49
 1032 013a 13       		.uleb128 0x13
 1033 013b 3F       		.uleb128 0x3f
 1034 013c 19       		.uleb128 0x19
 1035 013d 02       		.uleb128 0x2
 1036 013e 18       		.uleb128 0x18
 1037 013f 00       		.byte	0
 1038 0140 00       		.byte	0
 1039 0141 14       		.uleb128 0x14
 1040 0142 2E       		.uleb128 0x2e
 1041 0143 00       		.byte	0
 1042 0144 3F       		.uleb128 0x3f
 1043 0145 19       		.uleb128 0x19
 1044 0146 3C       		.uleb128 0x3c
 1045 0147 19       		.uleb128 0x19
 1046 0148 6E       		.uleb128 0x6e
 1047 0149 0E       		.uleb128 0xe
 1048 014a 03       		.uleb128 0x3
 1049 014b 0E       		.uleb128 0xe
 1050 014c 3A       		.uleb128 0x3a
 1051 014d 0B       		.uleb128 0xb
 1052 014e 3B       		.uleb128 0x3b
 1053 014f 0B       		.uleb128 0xb
 1054 0150 00       		.byte	0
ARM GAS  C:\Users\EA527~1.IVA\AppData\Local\Temp\ccZVUOnO.s 			page 27


 1055 0151 00       		.byte	0
 1056 0152 00       		.byte	0
 1057              		.section	.debug_loc,"",%progbits
 1058              	.Ldebug_loc0:
 1059              	.LLST0:
 1060 0000 06000000 		.4byte	.LVL0
 1061 0004 13000000 		.4byte	.LVL1-1
 1062 0008 0100     		.2byte	0x1
 1063 000a 50       		.byte	0x50
 1064 000b 00000000 		.4byte	0
 1065 000f 00000000 		.4byte	0
 1066              	.LLST1:
 1067 0013 06000000 		.4byte	.LVL3
 1068 0017 13000000 		.4byte	.LVL4-1
 1069 001b 0100     		.2byte	0x1
 1070 001d 50       		.byte	0x50
 1071 001e 00000000 		.4byte	0
 1072 0022 00000000 		.4byte	0
 1073              	.LLST2:
 1074 0026 00000000 		.4byte	.LVL6
 1075 002a 14000000 		.4byte	.LVL7
 1076 002e 0100     		.2byte	0x1
 1077 0030 50       		.byte	0x50
 1078 0031 14000000 		.4byte	.LVL7
 1079 0035 16000000 		.4byte	.LVL8
 1080 0039 0400     		.2byte	0x4
 1081 003b F3       		.byte	0xf3
 1082 003c 01       		.uleb128 0x1
 1083 003d 50       		.byte	0x50
 1084 003e 9F       		.byte	0x9f
 1085 003f 16000000 		.4byte	.LVL8
 1086 0043 18000000 		.4byte	.LVL9
 1087 0047 0100     		.2byte	0x1
 1088 0049 50       		.byte	0x50
 1089 004a 18000000 		.4byte	.LVL9
 1090 004e 1A000000 		.4byte	.LVL10
 1091 0052 0400     		.2byte	0x4
 1092 0054 F3       		.byte	0xf3
 1093 0055 01       		.uleb128 0x1
 1094 0056 50       		.byte	0x50
 1095 0057 9F       		.byte	0x9f
 1096 0058 1A000000 		.4byte	.LVL10
 1097 005c 1C000000 		.4byte	.LVL11
 1098 0060 0100     		.2byte	0x1
 1099 0062 50       		.byte	0x50
 1100 0063 1C000000 		.4byte	.LVL11
 1101 0067 1E000000 		.4byte	.LVL12
 1102 006b 0400     		.2byte	0x4
 1103 006d F3       		.byte	0xf3
 1104 006e 01       		.uleb128 0x1
 1105 006f 50       		.byte	0x50
 1106 0070 9F       		.byte	0x9f
 1107 0071 1E000000 		.4byte	.LVL12
 1108 0075 20000000 		.4byte	.LVL13
 1109 0079 0100     		.2byte	0x1
 1110 007b 50       		.byte	0x50
 1111 007c 20000000 		.4byte	.LVL13
ARM GAS  C:\Users\EA527~1.IVA\AppData\Local\Temp\ccZVUOnO.s 			page 28


 1112 0080 28000000 		.4byte	.LFE6
 1113 0084 0400     		.2byte	0x4
 1114 0086 F3       		.byte	0xf3
 1115 0087 01       		.uleb128 0x1
 1116 0088 50       		.byte	0x50
 1117 0089 9F       		.byte	0x9f
 1118 008a 00000000 		.4byte	0
 1119 008e 00000000 		.4byte	0
 1120              	.LLST3:
 1121 0092 00000000 		.4byte	.LVL6
 1122 0096 16000000 		.4byte	.LVL8
 1123 009a 0300     		.2byte	0x3
 1124 009c 09       		.byte	0x9
 1125 009d FE       		.byte	0xfe
 1126 009e 9F       		.byte	0x9f
 1127 009f 16000000 		.4byte	.LVL8
 1128 00a3 1A000000 		.4byte	.LVL10
 1129 00a7 0200     		.2byte	0x2
 1130 00a9 31       		.byte	0x31
 1131 00aa 9F       		.byte	0x9f
 1132 00ab 1A000000 		.4byte	.LVL10
 1133 00af 20000000 		.4byte	.LVL13
 1134 00b3 0300     		.2byte	0x3
 1135 00b5 09       		.byte	0x9
 1136 00b6 FE       		.byte	0xfe
 1137 00b7 9F       		.byte	0x9f
 1138 00b8 20000000 		.4byte	.LVL13
 1139 00bc 28000000 		.4byte	.LFE6
 1140 00c0 0100     		.2byte	0x1
 1141 00c2 50       		.byte	0x50
 1142 00c3 00000000 		.4byte	0
 1143 00c7 00000000 		.4byte	0
 1144              	.LLST4:
 1145 00cb 00000000 		.4byte	.LVL14
 1146 00cf 10000000 		.4byte	.LVL15
 1147 00d3 0100     		.2byte	0x1
 1148 00d5 50       		.byte	0x50
 1149 00d6 10000000 		.4byte	.LVL15
 1150 00da 1C000000 		.4byte	.LFE7
 1151 00de 0400     		.2byte	0x4
 1152 00e0 F3       		.byte	0xf3
 1153 00e1 01       		.uleb128 0x1
 1154 00e2 50       		.byte	0x50
 1155 00e3 9F       		.byte	0x9f
 1156 00e4 00000000 		.4byte	0
 1157 00e8 00000000 		.4byte	0
 1158              	.LLST5:
 1159 00ec 1A000000 		.4byte	.LVL21
 1160 00f0 1E000000 		.4byte	.LVL22
 1161 00f4 0700     		.2byte	0x7
 1162 00f6 70       		.byte	0x70
 1163 00f7 00       		.sleb128 0
 1164 00f8 0A       		.byte	0xa
 1165 00f9 FF01     		.2byte	0x1ff
 1166 00fb 1A       		.byte	0x1a
 1167 00fc 9F       		.byte	0x9f
 1168 00fd 00000000 		.4byte	0
ARM GAS  C:\Users\EA527~1.IVA\AppData\Local\Temp\ccZVUOnO.s 			page 29


 1169 0101 00000000 		.4byte	0
 1170              		.section	.debug_aranges,"",%progbits
 1171 0000 6C000000 		.4byte	0x6c
 1172 0004 0200     		.2byte	0x2
 1173 0006 00000000 		.4byte	.Ldebug_info0
 1174 000a 04       		.byte	0x4
 1175 000b 00       		.byte	0
 1176 000c 0000     		.2byte	0
 1177 000e 0000     		.2byte	0
 1178 0010 00000000 		.4byte	.LFB4
 1179 0014 1C000000 		.4byte	.LFE4-.LFB4
 1180 0018 00000000 		.4byte	.LFB1
 1181 001c 18000000 		.4byte	.LFE1-.LFB1
 1182 0020 00000000 		.4byte	.LFB5
 1183 0024 1C000000 		.4byte	.LFE5-.LFB5
 1184 0028 00000000 		.4byte	.LFB3
 1185 002c 18000000 		.4byte	.LFE3-.LFB3
 1186 0030 00000000 		.4byte	.LFB6
 1187 0034 28000000 		.4byte	.LFE6-.LFB6
 1188 0038 00000000 		.4byte	.LFB7
 1189 003c 1C000000 		.4byte	.LFE7-.LFB7
 1190 0040 00000000 		.4byte	.LFB2
 1191 0044 0A000000 		.4byte	.LFE2-.LFB2
 1192 0048 00000000 		.4byte	.LFB0
 1193 004c 1C000000 		.4byte	.LFE0-.LFB0
 1194 0050 00000000 		.4byte	.LFB8
 1195 0054 10000000 		.4byte	.LFE8-.LFB8
 1196 0058 00000000 		.4byte	.LFB9
 1197 005c 0C000000 		.4byte	.LFE9-.LFB9
 1198 0060 00000000 		.4byte	.LFB10
 1199 0064 28000000 		.4byte	.LFE10-.LFB10
 1200 0068 00000000 		.4byte	0
 1201 006c 00000000 		.4byte	0
 1202              		.section	.debug_ranges,"",%progbits
 1203              	.Ldebug_ranges0:
 1204 0000 00000000 		.4byte	.LFB4
 1205 0004 1C000000 		.4byte	.LFE4
 1206 0008 00000000 		.4byte	.LFB1
 1207 000c 18000000 		.4byte	.LFE1
 1208 0010 00000000 		.4byte	.LFB5
 1209 0014 1C000000 		.4byte	.LFE5
 1210 0018 00000000 		.4byte	.LFB3
 1211 001c 18000000 		.4byte	.LFE3
 1212 0020 00000000 		.4byte	.LFB6
 1213 0024 28000000 		.4byte	.LFE6
 1214 0028 00000000 		.4byte	.LFB7
 1215 002c 1C000000 		.4byte	.LFE7
 1216 0030 00000000 		.4byte	.LFB2
 1217 0034 0A000000 		.4byte	.LFE2
 1218 0038 00000000 		.4byte	.LFB0
 1219 003c 1C000000 		.4byte	.LFE0
 1220 0040 00000000 		.4byte	.LFB8
 1221 0044 10000000 		.4byte	.LFE8
 1222 0048 00000000 		.4byte	.LFB9
 1223 004c 0C000000 		.4byte	.LFE9
 1224 0050 00000000 		.4byte	.LFB10
 1225 0054 28000000 		.4byte	.LFE10
ARM GAS  C:\Users\EA527~1.IVA\AppData\Local\Temp\ccZVUOnO.s 			page 30


 1226 0058 00000000 		.4byte	0
 1227 005c 00000000 		.4byte	0
 1228              		.section	.debug_line,"",%progbits
 1229              	.Ldebug_line0:
 1230 0000 2F010000 		.section	.debug_str,"MS",%progbits,1
 1230      02005000 
 1230      00000201 
 1230      FB0E0D00 
 1230      01010101 
 1231              	.LASF15:
 1232 0000 72656731 		.ascii	"reg16\000"
 1232      3600
 1233              	.LASF37:
 1234 0006 433A5C55 		.ascii	"C:\\Users\\e.ivanov\\Documents\\GitHub\\generic\\Ma"
 1234      73657273 
 1234      5C652E69 
 1234      76616E6F 
 1234      765C446F 
 1235 0033 6E636865 		.ascii	"nchester encoder-decoder.cydsn\000"
 1235      73746572 
 1235      20656E63 
 1235      6F646572 
 1235      2D646563 
 1236              	.LASF27:
 1237 0052 5369676D 		.ascii	"SigmaReg_Init\000"
 1237      61526567 
 1237      5F496E69 
 1237      7400
 1238              	.LASF36:
 1239 0060 47656E65 		.ascii	"Generated_Source\\PSoC5\\SigmaReg.c\000"
 1239      72617465 
 1239      645F536F 
 1239      75726365 
 1239      5C50536F 
 1240              	.LASF3:
 1241 0082 73686F72 		.ascii	"short unsigned int\000"
 1241      7420756E 
 1241      7369676E 
 1241      65642069 
 1241      6E7400
 1242              	.LASF19:
 1243 0095 5369676D 		.ascii	"SigmaReg_Enable\000"
 1243      61526567 
 1243      5F456E61 
 1243      626C6500 
 1244              	.LASF24:
 1245 00a5 5369676D 		.ascii	"SigmaReg_SetIntMode\000"
 1245      61526567 
 1245      5F536574 
 1245      496E744D 
 1245      6F646500 
 1246              	.LASF31:
 1247 00b9 5369676D 		.ascii	"SigmaReg_GetFIFOStatus\000"
 1247      61526567 
 1247      5F476574 
 1247      4649464F 
 1247      53746174 
ARM GAS  C:\Users\EA527~1.IVA\AppData\Local\Temp\ccZVUOnO.s 			page 31


 1248              	.LASF11:
 1249 00d0 666C6F61 		.ascii	"float\000"
 1249      7400
 1250              	.LASF7:
 1251 00d6 6C6F6E67 		.ascii	"long long unsigned int\000"
 1251      206C6F6E 
 1251      6720756E 
 1251      7369676E 
 1251      65642069 
 1252              	.LASF1:
 1253 00ed 756E7369 		.ascii	"unsigned char\000"
 1253      676E6564 
 1253      20636861 
 1253      7200
 1254              	.LASF35:
 1255 00fb 474E5520 		.ascii	"GNU C11 5.4.1 20160609 (release) [ARM/embedded-5-br"
 1255      43313120 
 1255      352E342E 
 1255      31203230 
 1255      31363036 
 1256 012e 616E6368 		.ascii	"anch revision 237715] -mcpu=cortex-m3 -mthumb -g -O"
 1256      20726576 
 1256      6973696F 
 1256      6E203233 
 1256      37373135 
 1257 0161 67202D66 		.ascii	"g -ffunction-sections -ffat-lto-objects\000"
 1257      66756E63 
 1257      74696F6E 
 1257      2D736563 
 1257      74696F6E 
 1258              	.LASF14:
 1259 0189 72656738 		.ascii	"reg8\000"
 1259      00
 1260              	.LASF21:
 1261 018e 696E7465 		.ascii	"interruptState\000"
 1261      72727570 
 1261      74537461 
 1261      746500
 1262              	.LASF5:
 1263 019d 6C6F6E67 		.ascii	"long unsigned int\000"
 1263      20756E73 
 1263      69676E65 
 1263      6420696E 
 1263      7400
 1264              	.LASF29:
 1265 01af 5369676D 		.ascii	"SigmaReg_WriteRegValue\000"
 1265      61526567 
 1265      5F577269 
 1265      74655265 
 1265      6756616C 
 1266              	.LASF9:
 1267 01c6 75696E74 		.ascii	"uint8\000"
 1267      3800
 1268              	.LASF25:
 1269 01cc 6669666F 		.ascii	"fifoId\000"
 1269      496400
 1270              	.LASF22:
ARM GAS  C:\Users\EA527~1.IVA\AppData\Local\Temp\ccZVUOnO.s 			page 32


 1271 01d3 5369676D 		.ascii	"SigmaReg_Stop\000"
 1271      61526567 
 1271      5F53746F 
 1271      7000
 1272              	.LASF12:
 1273 01e1 646F7562 		.ascii	"double\000"
 1273      6C6500
 1274              	.LASF18:
 1275 01e8 5369676D 		.ascii	"SigmaReg_EnableInt\000"
 1275      61526567 
 1275      5F456E61 
 1275      626C6549 
 1275      6E7400
 1276              	.LASF26:
 1277 01fb 696E7465 		.ascii	"interruptSource\000"
 1277      72727570 
 1277      74536F75 
 1277      72636500 
 1278              	.LASF10:
 1279 020b 75696E74 		.ascii	"uint16\000"
 1279      313600
 1280              	.LASF30:
 1281 0212 73686966 		.ascii	"shiftData\000"
 1281      74446174 
 1281      6100
 1282              	.LASF33:
 1283 021c 4379456E 		.ascii	"CyEnterCriticalSection\000"
 1283      74657243 
 1283      72697469 
 1283      63616C53 
 1283      65637469 
 1284              	.LASF8:
 1285 0233 756E7369 		.ascii	"unsigned int\000"
 1285      676E6564 
 1285      20696E74 
 1285      00
 1286              	.LASF34:
 1287 0240 43794578 		.ascii	"CyExitCriticalSection\000"
 1287      69744372 
 1287      69746963 
 1287      616C5365 
 1287      6374696F 
 1288              	.LASF23:
 1289 0256 72657375 		.ascii	"result\000"
 1289      6C7400
 1290              	.LASF28:
 1291 025d 5369676D 		.ascii	"SigmaReg_Start\000"
 1291      61526567 
 1291      5F537461 
 1291      727400
 1292              	.LASF20:
 1293 026c 5369676D 		.ascii	"SigmaReg_DisableInt\000"
 1293      61526567 
 1293      5F446973 
 1293      61626C65 
 1293      496E7400 
 1294              	.LASF17:
ARM GAS  C:\Users\EA527~1.IVA\AppData\Local\Temp\ccZVUOnO.s 			page 33


 1295 0280 73697A65 		.ascii	"sizetype\000"
 1295      74797065 
 1295      00
 1296              	.LASF6:
 1297 0289 6C6F6E67 		.ascii	"long long int\000"
 1297      206C6F6E 
 1297      6720696E 
 1297      7400
 1298              	.LASF13:
 1299 0297 63686172 		.ascii	"char\000"
 1299      00
 1300              	.LASF2:
 1301 029c 73686F72 		.ascii	"short int\000"
 1301      7420696E 
 1301      7400
 1302              	.LASF39:
 1303 02a6 5369676D 		.ascii	"SigmaReg_initVar\000"
 1303      61526567 
 1303      5F696E69 
 1303      74566172 
 1303      00
 1304              	.LASF38:
 1305 02b7 5369676D 		.ascii	"SigmaReg_GetIntStatus\000"
 1305      61526567 
 1305      5F476574 
 1305      496E7453 
 1305      74617475 
 1306              	.LASF4:
 1307 02cd 6C6F6E67 		.ascii	"long int\000"
 1307      20696E74 
 1307      00
 1308              	.LASF32:
 1309 02d6 5369676D 		.ascii	"SigmaReg_ReadRegValue\000"
 1309      61526567 
 1309      5F526561 
 1309      64526567 
 1309      56616C75 
 1310              	.LASF16:
 1311 02ec 6C6F6E67 		.ascii	"long double\000"
 1311      20646F75 
 1311      626C6500 
 1312              	.LASF0:
 1313 02f8 7369676E 		.ascii	"signed char\000"
 1313      65642063 
 1313      68617200 
 1314              		.ident	"GCC: (GNU Tools for ARM Embedded Processors) 5.4.1 20160609 (release) [ARM/embedded-5-bran
