ARM GAS  C:\Users\EA527~1.IVA\AppData\Local\Temp\ccaZpf47.s 			page 1


   1              		.syntax unified
   2              		.cpu cortex-m3
   3              		.fpu softvfp
   4              		.eabi_attribute 20, 1
   5              		.eabi_attribute 21, 1
   6              		.eabi_attribute 23, 3
   7              		.eabi_attribute 24, 1
   8              		.eabi_attribute 25, 1
   9              		.eabi_attribute 26, 1
  10              		.eabi_attribute 30, 1
  11              		.eabi_attribute 34, 1
  12              		.eabi_attribute 18, 4
  13              		.thumb
  14              		.syntax unified
  15              		.file	"SPI_ADC_PM.c"
  16              		.text
  17              	.Ltext0:
  18              		.cfi_sections	.debug_frame
  19              		.section	.text.SPI_ADC_SaveConfig,"ax",%progbits
  20              		.align	2
  21              		.global	SPI_ADC_SaveConfig
  22              		.thumb
  23              		.thumb_func
  24              		.type	SPI_ADC_SaveConfig, %function
  25              	SPI_ADC_SaveConfig:
  26              	.LFB0:
  27              		.file 1 "Generated_Source\\PSoC5\\SPI_ADC_PM.c"
   1:Generated_Source\PSoC5/SPI_ADC_PM.c **** /*******************************************************************************
   2:Generated_Source\PSoC5/SPI_ADC_PM.c **** * File Name: SPI_ADC_PM.c
   3:Generated_Source\PSoC5/SPI_ADC_PM.c **** * Version 2.50
   4:Generated_Source\PSoC5/SPI_ADC_PM.c **** *
   5:Generated_Source\PSoC5/SPI_ADC_PM.c **** * Description:
   6:Generated_Source\PSoC5/SPI_ADC_PM.c **** *  This file contains the setup, control and status commands to support
   7:Generated_Source\PSoC5/SPI_ADC_PM.c **** *  component operations in low power mode.
   8:Generated_Source\PSoC5/SPI_ADC_PM.c **** *
   9:Generated_Source\PSoC5/SPI_ADC_PM.c **** * Note:
  10:Generated_Source\PSoC5/SPI_ADC_PM.c **** *
  11:Generated_Source\PSoC5/SPI_ADC_PM.c **** ********************************************************************************
  12:Generated_Source\PSoC5/SPI_ADC_PM.c **** * Copyright 2008-2015, Cypress Semiconductor Corporation.  All rights reserved.
  13:Generated_Source\PSoC5/SPI_ADC_PM.c **** * You may use this file only in accordance with the license, terms, conditions,
  14:Generated_Source\PSoC5/SPI_ADC_PM.c **** * disclaimers, and limitations in the end user license agreement accompanying
  15:Generated_Source\PSoC5/SPI_ADC_PM.c **** * the software package with which this file was provided.
  16:Generated_Source\PSoC5/SPI_ADC_PM.c **** *******************************************************************************/
  17:Generated_Source\PSoC5/SPI_ADC_PM.c **** 
  18:Generated_Source\PSoC5/SPI_ADC_PM.c **** #include "SPI_ADC_PVT.h"
  19:Generated_Source\PSoC5/SPI_ADC_PM.c **** 
  20:Generated_Source\PSoC5/SPI_ADC_PM.c **** static SPI_ADC_BACKUP_STRUCT SPI_ADC_backup =
  21:Generated_Source\PSoC5/SPI_ADC_PM.c **** {
  22:Generated_Source\PSoC5/SPI_ADC_PM.c ****     SPI_ADC_DISABLED,
  23:Generated_Source\PSoC5/SPI_ADC_PM.c ****     SPI_ADC_BITCTR_INIT,
  24:Generated_Source\PSoC5/SPI_ADC_PM.c **** };
  25:Generated_Source\PSoC5/SPI_ADC_PM.c **** 
  26:Generated_Source\PSoC5/SPI_ADC_PM.c **** 
  27:Generated_Source\PSoC5/SPI_ADC_PM.c **** /*******************************************************************************
  28:Generated_Source\PSoC5/SPI_ADC_PM.c **** * Function Name: SPI_ADC_SaveConfig
  29:Generated_Source\PSoC5/SPI_ADC_PM.c **** ********************************************************************************
  30:Generated_Source\PSoC5/SPI_ADC_PM.c **** *
ARM GAS  C:\Users\EA527~1.IVA\AppData\Local\Temp\ccaZpf47.s 			page 2


  31:Generated_Source\PSoC5/SPI_ADC_PM.c **** * Summary:
  32:Generated_Source\PSoC5/SPI_ADC_PM.c **** *  Empty function. Included for consistency with other components.
  33:Generated_Source\PSoC5/SPI_ADC_PM.c **** *
  34:Generated_Source\PSoC5/SPI_ADC_PM.c **** * Parameters:
  35:Generated_Source\PSoC5/SPI_ADC_PM.c **** *  None.
  36:Generated_Source\PSoC5/SPI_ADC_PM.c **** *
  37:Generated_Source\PSoC5/SPI_ADC_PM.c **** * Return:
  38:Generated_Source\PSoC5/SPI_ADC_PM.c **** *  None.
  39:Generated_Source\PSoC5/SPI_ADC_PM.c **** *
  40:Generated_Source\PSoC5/SPI_ADC_PM.c **** *******************************************************************************/
  41:Generated_Source\PSoC5/SPI_ADC_PM.c **** void SPI_ADC_SaveConfig(void) 
  42:Generated_Source\PSoC5/SPI_ADC_PM.c **** {
  28              		.loc 1 42 0
  29              		.cfi_startproc
  30              		@ args = 0, pretend = 0, frame = 0
  31              		@ frame_needed = 0, uses_anonymous_args = 0
  32              		@ link register save eliminated.
  33 0000 7047     		bx	lr
  34              		.cfi_endproc
  35              	.LFE0:
  36              		.size	SPI_ADC_SaveConfig, .-SPI_ADC_SaveConfig
  37 0002 00BF     		.section	.text.SPI_ADC_RestoreConfig,"ax",%progbits
  38              		.align	2
  39              		.global	SPI_ADC_RestoreConfig
  40              		.thumb
  41              		.thumb_func
  42              		.type	SPI_ADC_RestoreConfig, %function
  43              	SPI_ADC_RestoreConfig:
  44              	.LFB1:
  43:Generated_Source\PSoC5/SPI_ADC_PM.c **** 
  44:Generated_Source\PSoC5/SPI_ADC_PM.c **** }
  45:Generated_Source\PSoC5/SPI_ADC_PM.c **** 
  46:Generated_Source\PSoC5/SPI_ADC_PM.c **** 
  47:Generated_Source\PSoC5/SPI_ADC_PM.c **** /*******************************************************************************
  48:Generated_Source\PSoC5/SPI_ADC_PM.c **** * Function Name: SPI_ADC_RestoreConfig
  49:Generated_Source\PSoC5/SPI_ADC_PM.c **** ********************************************************************************
  50:Generated_Source\PSoC5/SPI_ADC_PM.c **** *
  51:Generated_Source\PSoC5/SPI_ADC_PM.c **** * Summary:
  52:Generated_Source\PSoC5/SPI_ADC_PM.c **** *  Empty function. Included for consistency with other components.
  53:Generated_Source\PSoC5/SPI_ADC_PM.c **** *
  54:Generated_Source\PSoC5/SPI_ADC_PM.c **** * Parameters:
  55:Generated_Source\PSoC5/SPI_ADC_PM.c **** *  None.
  56:Generated_Source\PSoC5/SPI_ADC_PM.c **** *
  57:Generated_Source\PSoC5/SPI_ADC_PM.c **** * Return:
  58:Generated_Source\PSoC5/SPI_ADC_PM.c **** *  None.
  59:Generated_Source\PSoC5/SPI_ADC_PM.c **** *
  60:Generated_Source\PSoC5/SPI_ADC_PM.c **** *******************************************************************************/
  61:Generated_Source\PSoC5/SPI_ADC_PM.c **** void SPI_ADC_RestoreConfig(void) 
  62:Generated_Source\PSoC5/SPI_ADC_PM.c **** {
  45              		.loc 1 62 0
  46              		.cfi_startproc
  47              		@ args = 0, pretend = 0, frame = 0
  48              		@ frame_needed = 0, uses_anonymous_args = 0
  49              		@ link register save eliminated.
  50 0000 7047     		bx	lr
  51              		.cfi_endproc
  52              	.LFE1:
ARM GAS  C:\Users\EA527~1.IVA\AppData\Local\Temp\ccaZpf47.s 			page 3


  53              		.size	SPI_ADC_RestoreConfig, .-SPI_ADC_RestoreConfig
  54 0002 00BF     		.section	.text.SPI_ADC_Sleep,"ax",%progbits
  55              		.align	2
  56              		.global	SPI_ADC_Sleep
  57              		.thumb
  58              		.thumb_func
  59              		.type	SPI_ADC_Sleep, %function
  60              	SPI_ADC_Sleep:
  61              	.LFB2:
  63:Generated_Source\PSoC5/SPI_ADC_PM.c **** 
  64:Generated_Source\PSoC5/SPI_ADC_PM.c **** }
  65:Generated_Source\PSoC5/SPI_ADC_PM.c **** 
  66:Generated_Source\PSoC5/SPI_ADC_PM.c **** 
  67:Generated_Source\PSoC5/SPI_ADC_PM.c **** /*******************************************************************************
  68:Generated_Source\PSoC5/SPI_ADC_PM.c **** * Function Name: SPI_ADC_Sleep
  69:Generated_Source\PSoC5/SPI_ADC_PM.c **** ********************************************************************************
  70:Generated_Source\PSoC5/SPI_ADC_PM.c **** *
  71:Generated_Source\PSoC5/SPI_ADC_PM.c **** * Summary:
  72:Generated_Source\PSoC5/SPI_ADC_PM.c **** *  Prepare SPIM Component goes to sleep.
  73:Generated_Source\PSoC5/SPI_ADC_PM.c **** *
  74:Generated_Source\PSoC5/SPI_ADC_PM.c **** * Parameters:
  75:Generated_Source\PSoC5/SPI_ADC_PM.c **** *  None.
  76:Generated_Source\PSoC5/SPI_ADC_PM.c **** *
  77:Generated_Source\PSoC5/SPI_ADC_PM.c **** * Return:
  78:Generated_Source\PSoC5/SPI_ADC_PM.c **** *  None.
  79:Generated_Source\PSoC5/SPI_ADC_PM.c **** *
  80:Generated_Source\PSoC5/SPI_ADC_PM.c **** * Global Variables:
  81:Generated_Source\PSoC5/SPI_ADC_PM.c **** *  SPI_ADC_backup - modified when non-retention registers are saved.
  82:Generated_Source\PSoC5/SPI_ADC_PM.c **** *
  83:Generated_Source\PSoC5/SPI_ADC_PM.c **** * Reentrant:
  84:Generated_Source\PSoC5/SPI_ADC_PM.c **** *  No.
  85:Generated_Source\PSoC5/SPI_ADC_PM.c **** *
  86:Generated_Source\PSoC5/SPI_ADC_PM.c **** *******************************************************************************/
  87:Generated_Source\PSoC5/SPI_ADC_PM.c **** void SPI_ADC_Sleep(void) 
  88:Generated_Source\PSoC5/SPI_ADC_PM.c **** {
  62              		.loc 1 88 0
  63              		.cfi_startproc
  64              		@ args = 0, pretend = 0, frame = 0
  65              		@ frame_needed = 0, uses_anonymous_args = 0
  66              		.loc 1 88 0
  67 0000 08B5     		push	{r3, lr}
  68              		.cfi_def_cfa_offset 8
  69              		.cfi_offset 3, -8
  70              		.cfi_offset 14, -4
  89:Generated_Source\PSoC5/SPI_ADC_PM.c ****     /* Save components enable state */
  90:Generated_Source\PSoC5/SPI_ADC_PM.c ****     SPI_ADC_backup.enableState = ((uint8) SPI_ADC_IS_ENABLED);
  71              		.loc 1 90 0
  72 0002 044B     		ldr	r3, .L5
  73 0004 1B78     		ldrb	r3, [r3]	@ zero_extendqisi2
  74 0006 C3F30013 		ubfx	r3, r3, #4, #1
  75 000a 034A     		ldr	r2, .L5+4
  76 000c 1370     		strb	r3, [r2]
  91:Generated_Source\PSoC5/SPI_ADC_PM.c **** 
  92:Generated_Source\PSoC5/SPI_ADC_PM.c ****     SPI_ADC_Stop();
  77              		.loc 1 92 0
  78 000e FFF7FEFF 		bl	SPI_ADC_Stop
  79              	.LVL0:
ARM GAS  C:\Users\EA527~1.IVA\AppData\Local\Temp\ccaZpf47.s 			page 4


  80 0012 08BD     		pop	{r3, pc}
  81              	.L6:
  82              		.align	2
  83              	.L5:
  84 0014 99640040 		.word	1073767577
  85 0018 00000000 		.word	.LANCHOR0
  86              		.cfi_endproc
  87              	.LFE2:
  88              		.size	SPI_ADC_Sleep, .-SPI_ADC_Sleep
  89              		.section	.text.SPI_ADC_Wakeup,"ax",%progbits
  90              		.align	2
  91              		.global	SPI_ADC_Wakeup
  92              		.thumb
  93              		.thumb_func
  94              		.type	SPI_ADC_Wakeup, %function
  95              	SPI_ADC_Wakeup:
  96              	.LFB3:
  93:Generated_Source\PSoC5/SPI_ADC_PM.c **** }
  94:Generated_Source\PSoC5/SPI_ADC_PM.c **** 
  95:Generated_Source\PSoC5/SPI_ADC_PM.c **** 
  96:Generated_Source\PSoC5/SPI_ADC_PM.c **** /*******************************************************************************
  97:Generated_Source\PSoC5/SPI_ADC_PM.c **** * Function Name: SPI_ADC_Wakeup
  98:Generated_Source\PSoC5/SPI_ADC_PM.c **** ********************************************************************************
  99:Generated_Source\PSoC5/SPI_ADC_PM.c **** *
 100:Generated_Source\PSoC5/SPI_ADC_PM.c **** * Summary:
 101:Generated_Source\PSoC5/SPI_ADC_PM.c **** *  Prepare SPIM Component to wake up.
 102:Generated_Source\PSoC5/SPI_ADC_PM.c **** *
 103:Generated_Source\PSoC5/SPI_ADC_PM.c **** * Parameters:
 104:Generated_Source\PSoC5/SPI_ADC_PM.c **** *  None.
 105:Generated_Source\PSoC5/SPI_ADC_PM.c **** *
 106:Generated_Source\PSoC5/SPI_ADC_PM.c **** * Return:
 107:Generated_Source\PSoC5/SPI_ADC_PM.c **** *  None.
 108:Generated_Source\PSoC5/SPI_ADC_PM.c **** *
 109:Generated_Source\PSoC5/SPI_ADC_PM.c **** * Global Variables:
 110:Generated_Source\PSoC5/SPI_ADC_PM.c **** *  SPI_ADC_backup - used when non-retention registers are restored.
 111:Generated_Source\PSoC5/SPI_ADC_PM.c **** *  SPI_ADC_txBufferWrite - modified every function call - resets to
 112:Generated_Source\PSoC5/SPI_ADC_PM.c **** *  zero.
 113:Generated_Source\PSoC5/SPI_ADC_PM.c **** *  SPI_ADC_txBufferRead - modified every function call - resets to
 114:Generated_Source\PSoC5/SPI_ADC_PM.c **** *  zero.
 115:Generated_Source\PSoC5/SPI_ADC_PM.c **** *  SPI_ADC_rxBufferWrite - modified every function call - resets to
 116:Generated_Source\PSoC5/SPI_ADC_PM.c **** *  zero.
 117:Generated_Source\PSoC5/SPI_ADC_PM.c **** *  SPI_ADC_rxBufferRead - modified every function call - resets to
 118:Generated_Source\PSoC5/SPI_ADC_PM.c **** *  zero.
 119:Generated_Source\PSoC5/SPI_ADC_PM.c **** *
 120:Generated_Source\PSoC5/SPI_ADC_PM.c **** * Reentrant:
 121:Generated_Source\PSoC5/SPI_ADC_PM.c **** *  No.
 122:Generated_Source\PSoC5/SPI_ADC_PM.c **** *
 123:Generated_Source\PSoC5/SPI_ADC_PM.c **** *******************************************************************************/
 124:Generated_Source\PSoC5/SPI_ADC_PM.c **** void SPI_ADC_Wakeup(void) 
 125:Generated_Source\PSoC5/SPI_ADC_PM.c **** {
  97              		.loc 1 125 0
  98              		.cfi_startproc
  99              		@ args = 0, pretend = 0, frame = 0
 100              		@ frame_needed = 0, uses_anonymous_args = 0
 101 0000 08B5     		push	{r3, lr}
 102              		.cfi_def_cfa_offset 8
 103              		.cfi_offset 3, -8
ARM GAS  C:\Users\EA527~1.IVA\AppData\Local\Temp\ccaZpf47.s 			page 5


 104              		.cfi_offset 14, -4
 126:Generated_Source\PSoC5/SPI_ADC_PM.c ****     #if(SPI_ADC_RX_SOFTWARE_BUF_ENABLED)
 127:Generated_Source\PSoC5/SPI_ADC_PM.c ****         SPI_ADC_rxBufferFull  = 0u;
 105              		.loc 1 127 0
 106 0002 0023     		movs	r3, #0
 107 0004 094A     		ldr	r2, .L10
 108 0006 1370     		strb	r3, [r2]
 128:Generated_Source\PSoC5/SPI_ADC_PM.c ****         SPI_ADC_rxBufferRead  = 0u;
 109              		.loc 1 128 0
 110 0008 094A     		ldr	r2, .L10+4
 111 000a 1370     		strb	r3, [r2]
 129:Generated_Source\PSoC5/SPI_ADC_PM.c ****         SPI_ADC_rxBufferWrite = 0u;
 112              		.loc 1 129 0
 113 000c 094A     		ldr	r2, .L10+8
 114 000e 1370     		strb	r3, [r2]
 130:Generated_Source\PSoC5/SPI_ADC_PM.c ****     #endif /* (SPI_ADC_RX_SOFTWARE_BUF_ENABLED) */
 131:Generated_Source\PSoC5/SPI_ADC_PM.c **** 
 132:Generated_Source\PSoC5/SPI_ADC_PM.c ****     #if(SPI_ADC_TX_SOFTWARE_BUF_ENABLED)
 133:Generated_Source\PSoC5/SPI_ADC_PM.c ****         SPI_ADC_txBufferFull  = 0u;
 115              		.loc 1 133 0
 116 0010 094A     		ldr	r2, .L10+12
 117 0012 1370     		strb	r3, [r2]
 134:Generated_Source\PSoC5/SPI_ADC_PM.c ****         SPI_ADC_txBufferRead  = 0u;
 118              		.loc 1 134 0
 119 0014 094A     		ldr	r2, .L10+16
 120 0016 1370     		strb	r3, [r2]
 135:Generated_Source\PSoC5/SPI_ADC_PM.c ****         SPI_ADC_txBufferWrite = 0u;
 121              		.loc 1 135 0
 122 0018 094A     		ldr	r2, .L10+20
 123 001a 1370     		strb	r3, [r2]
 136:Generated_Source\PSoC5/SPI_ADC_PM.c ****     #endif /* (SPI_ADC_TX_SOFTWARE_BUF_ENABLED) */
 137:Generated_Source\PSoC5/SPI_ADC_PM.c **** 
 138:Generated_Source\PSoC5/SPI_ADC_PM.c ****     /* Clear any data from the RX and TX FIFO */
 139:Generated_Source\PSoC5/SPI_ADC_PM.c ****     SPI_ADC_ClearFIFO();
 124              		.loc 1 139 0
 125 001c FFF7FEFF 		bl	SPI_ADC_ClearFIFO
 126              	.LVL1:
 140:Generated_Source\PSoC5/SPI_ADC_PM.c **** 
 141:Generated_Source\PSoC5/SPI_ADC_PM.c ****     /* Restore components block enable state */
 142:Generated_Source\PSoC5/SPI_ADC_PM.c ****     if(0u != SPI_ADC_backup.enableState)
 127              		.loc 1 142 0
 128 0020 084B     		ldr	r3, .L10+24
 129 0022 1B78     		ldrb	r3, [r3]	@ zero_extendqisi2
 130 0024 0BB1     		cbz	r3, .L7
 143:Generated_Source\PSoC5/SPI_ADC_PM.c ****     {
 144:Generated_Source\PSoC5/SPI_ADC_PM.c ****         SPI_ADC_Enable();
 131              		.loc 1 144 0
 132 0026 FFF7FEFF 		bl	SPI_ADC_Enable
 133              	.LVL2:
 134              	.L7:
 135 002a 08BD     		pop	{r3, pc}
 136              	.L11:
 137              		.align	2
 138              	.L10:
 139 002c 00000000 		.word	SPI_ADC_rxBufferFull
 140 0030 00000000 		.word	SPI_ADC_rxBufferRead
 141 0034 00000000 		.word	SPI_ADC_rxBufferWrite
ARM GAS  C:\Users\EA527~1.IVA\AppData\Local\Temp\ccaZpf47.s 			page 6


 142 0038 00000000 		.word	SPI_ADC_txBufferFull
 143 003c 00000000 		.word	SPI_ADC_txBufferRead
 144 0040 00000000 		.word	SPI_ADC_txBufferWrite
 145 0044 00000000 		.word	.LANCHOR0
 146              		.cfi_endproc
 147              	.LFE3:
 148              		.size	SPI_ADC_Wakeup, .-SPI_ADC_Wakeup
 149              		.data
 150              		.align	2
 151              		.set	.LANCHOR0,. + 0
 152              		.type	SPI_ADC_backup, %object
 153              		.size	SPI_ADC_backup, 2
 154              	SPI_ADC_backup:
 155 0000 00       		.byte	0
 156 0001 0F       		.byte	15
 157              		.text
 158              	.Letext0:
 159              		.file 2 "Generated_Source\\PSoC5\\cytypes.h"
 160              		.file 3 "Generated_Source\\PSoC5\\SPI_ADC.h"
 161              		.file 4 "Generated_Source\\PSoC5\\SPI_ADC_PVT.h"
 162              		.section	.debug_info,"",%progbits
 163              	.Ldebug_info0:
 164 0000 B1010000 		.4byte	0x1b1
 165 0004 0400     		.2byte	0x4
 166 0006 00000000 		.4byte	.Ldebug_abbrev0
 167 000a 04       		.byte	0x4
 168 000b 01       		.uleb128 0x1
 169 000c 18010000 		.4byte	.LASF32
 170 0010 0C       		.byte	0xc
 171 0011 00000000 		.4byte	.LASF33
 172 0015 BA000000 		.4byte	.LASF34
 173 0019 00000000 		.4byte	.Ldebug_ranges0+0
 174 001d 00000000 		.4byte	0
 175 0021 00000000 		.4byte	.Ldebug_line0
 176 0025 02       		.uleb128 0x2
 177 0026 01       		.byte	0x1
 178 0027 06       		.byte	0x6
 179 0028 AC020000 		.4byte	.LASF0
 180 002c 02       		.uleb128 0x2
 181 002d 01       		.byte	0x1
 182 002e 08       		.byte	0x8
 183 002f D0010000 		.4byte	.LASF1
 184 0033 02       		.uleb128 0x2
 185 0034 02       		.byte	0x2
 186 0035 05       		.byte	0x5
 187 0036 5C020000 		.4byte	.LASF2
 188 003a 02       		.uleb128 0x2
 189 003b 02       		.byte	0x2
 190 003c 07       		.byte	0x7
 191 003d B8020000 		.4byte	.LASF3
 192 0041 02       		.uleb128 0x2
 193 0042 04       		.byte	0x4
 194 0043 05       		.byte	0x5
 195 0044 8B020000 		.4byte	.LASF4
 196 0048 02       		.uleb128 0x2
 197 0049 04       		.byte	0x4
 198 004a 07       		.byte	0x7
ARM GAS  C:\Users\EA527~1.IVA\AppData\Local\Temp\ccaZpf47.s 			page 7


 199 004b B8010000 		.4byte	.LASF5
 200 004f 02       		.uleb128 0x2
 201 0050 08       		.byte	0x8
 202 0051 05       		.byte	0x5
 203 0052 49020000 		.4byte	.LASF6
 204 0056 02       		.uleb128 0x2
 205 0057 08       		.byte	0x8
 206 0058 07       		.byte	0x7
 207 0059 FD010000 		.4byte	.LASF7
 208 005d 03       		.uleb128 0x3
 209 005e 04       		.byte	0x4
 210 005f 05       		.byte	0x5
 211 0060 696E7400 		.ascii	"int\000"
 212 0064 02       		.uleb128 0x2
 213 0065 04       		.byte	0x4
 214 0066 07       		.byte	0x7
 215 0067 F0010000 		.4byte	.LASF8
 216 006b 04       		.uleb128 0x4
 217 006c CA010000 		.4byte	.LASF12
 218 0070 02       		.byte	0x2
 219 0071 E401     		.2byte	0x1e4
 220 0073 2C000000 		.4byte	0x2c
 221 0077 02       		.uleb128 0x2
 222 0078 04       		.byte	0x4
 223 0079 04       		.byte	0x4
 224 007a 39000000 		.4byte	.LASF9
 225 007e 02       		.uleb128 0x2
 226 007f 08       		.byte	0x8
 227 0080 04       		.byte	0x4
 228 0081 DE010000 		.4byte	.LASF10
 229 0085 02       		.uleb128 0x2
 230 0086 01       		.byte	0x1
 231 0087 08       		.byte	0x8
 232 0088 57020000 		.4byte	.LASF11
 233 008c 04       		.uleb128 0x4
 234 008d A6010000 		.4byte	.LASF13
 235 0091 02       		.byte	0x2
 236 0092 8E02     		.2byte	0x28e
 237 0094 98000000 		.4byte	0x98
 238 0098 05       		.uleb128 0x5
 239 0099 6B000000 		.4byte	0x6b
 240 009d 02       		.uleb128 0x2
 241 009e 08       		.byte	0x8
 242 009f 04       		.byte	0x4
 243 00a0 A0020000 		.4byte	.LASF14
 244 00a4 02       		.uleb128 0x2
 245 00a5 04       		.byte	0x4
 246 00a6 07       		.byte	0x7
 247 00a7 40020000 		.4byte	.LASF15
 248 00ab 06       		.uleb128 0x6
 249 00ac 02       		.byte	0x2
 250 00ad 03       		.byte	0x3
 251 00ae 40       		.byte	0x40
 252 00af CC000000 		.4byte	0xcc
 253 00b3 07       		.uleb128 0x7
 254 00b4 94020000 		.4byte	.LASF16
 255 00b8 03       		.byte	0x3
ARM GAS  C:\Users\EA527~1.IVA\AppData\Local\Temp\ccaZpf47.s 			page 8


 256 00b9 42       		.byte	0x42
 257 00ba 6B000000 		.4byte	0x6b
 258 00be 00       		.byte	0
 259 00bf 07       		.uleb128 0x7
 260 00c0 E5010000 		.4byte	.LASF17
 261 00c4 03       		.byte	0x3
 262 00c5 43       		.byte	0x43
 263 00c6 6B000000 		.4byte	0x6b
 264 00ca 01       		.byte	0x1
 265 00cb 00       		.byte	0
 266 00cc 08       		.uleb128 0x8
 267 00cd 14020000 		.4byte	.LASF18
 268 00d1 03       		.byte	0x3
 269 00d2 44       		.byte	0x44
 270 00d3 AB000000 		.4byte	0xab
 271 00d7 09       		.uleb128 0x9
 272 00d8 54000000 		.4byte	.LASF19
 273 00dc 01       		.byte	0x1
 274 00dd 29       		.byte	0x29
 275 00de 00000000 		.4byte	.LFB0
 276 00e2 02000000 		.4byte	.LFE0-.LFB0
 277 00e6 01       		.uleb128 0x1
 278 00e7 9C       		.byte	0x9c
 279 00e8 09       		.uleb128 0x9
 280 00e9 75020000 		.4byte	.LASF20
 281 00ed 01       		.byte	0x1
 282 00ee 3D       		.byte	0x3d
 283 00ef 00000000 		.4byte	.LFB1
 284 00f3 02000000 		.4byte	.LFE1-.LFB1
 285 00f7 01       		.uleb128 0x1
 286 00f8 9C       		.byte	0x9c
 287 00f9 0A       		.uleb128 0xa
 288 00fa 88000000 		.4byte	.LASF21
 289 00fe 01       		.byte	0x1
 290 00ff 57       		.byte	0x57
 291 0100 00000000 		.4byte	.LFB2
 292 0104 1C000000 		.4byte	.LFE2-.LFB2
 293 0108 01       		.uleb128 0x1
 294 0109 9C       		.byte	0x9c
 295 010a 18010000 		.4byte	0x118
 296 010e 0B       		.uleb128 0xb
 297 010f 12000000 		.4byte	.LVL0
 298 0113 93010000 		.4byte	0x193
 299 0117 00       		.byte	0
 300 0118 0A       		.uleb128 0xa
 301 0119 AB000000 		.4byte	.LASF22
 302 011d 01       		.byte	0x1
 303 011e 7C       		.byte	0x7c
 304 011f 00000000 		.4byte	.LFB3
 305 0123 48000000 		.4byte	.LFE3-.LFB3
 306 0127 01       		.uleb128 0x1
 307 0128 9C       		.byte	0x9c
 308 0129 40010000 		.4byte	0x140
 309 012d 0B       		.uleb128 0xb
 310 012e 20000000 		.4byte	.LVL1
 311 0132 9E010000 		.4byte	0x19e
 312 0136 0B       		.uleb128 0xb
ARM GAS  C:\Users\EA527~1.IVA\AppData\Local\Temp\ccaZpf47.s 			page 9


 313 0137 2A000000 		.4byte	.LVL2
 314 013b A9010000 		.4byte	0x1a9
 315 013f 00       		.byte	0
 316 0140 0C       		.uleb128 0xc
 317 0141 79000000 		.4byte	.LASF35
 318 0145 01       		.byte	0x1
 319 0146 14       		.byte	0x14
 320 0147 CC000000 		.4byte	0xcc
 321 014b 05       		.uleb128 0x5
 322 014c 03       		.byte	0x3
 323 014d 00000000 		.4byte	SPI_ADC_backup
 324 0151 0D       		.uleb128 0xd
 325 0152 24000000 		.4byte	.LASF23
 326 0156 04       		.byte	0x4
 327 0157 26       		.byte	0x26
 328 0158 98000000 		.4byte	0x98
 329 015c 0D       		.uleb128 0xd
 330 015d 2A020000 		.4byte	.LASF24
 331 0161 04       		.byte	0x4
 332 0162 27       		.byte	0x27
 333 0163 98000000 		.4byte	0x98
 334 0167 0D       		.uleb128 0xd
 335 0168 CB020000 		.4byte	.LASF25
 336 016c 04       		.byte	0x4
 337 016d 28       		.byte	0x28
 338 016e 98000000 		.4byte	0x98
 339 0172 0D       		.uleb128 0xd
 340 0173 96000000 		.4byte	.LASF26
 341 0177 04       		.byte	0x4
 342 0178 2D       		.byte	0x2d
 343 0179 98000000 		.4byte	0x98
 344 017d 0D       		.uleb128 0xd
 345 017e 02010000 		.4byte	.LASF27
 346 0182 04       		.byte	0x4
 347 0183 2E       		.byte	0x2e
 348 0184 98000000 		.4byte	0x98
 349 0188 0D       		.uleb128 0xd
 350 0189 3F000000 		.4byte	.LASF28
 351 018d 04       		.byte	0x4
 352 018e 2F       		.byte	0x2f
 353 018f 98000000 		.4byte	0x98
 354 0193 0E       		.uleb128 0xe
 355 0194 AB010000 		.4byte	.LASF29
 356 0198 AB010000 		.4byte	.LASF29
 357 019c 03       		.byte	0x3
 358 019d 4E       		.byte	0x4e
 359 019e 0E       		.uleb128 0xe
 360 019f 67000000 		.4byte	.LASF30
 361 01a3 67000000 		.4byte	.LASF30
 362 01a7 03       		.byte	0x3
 363 01a8 66       		.byte	0x66
 364 01a9 0E       		.uleb128 0xe
 365 01aa 66020000 		.4byte	.LASF31
 366 01ae 66020000 		.4byte	.LASF31
 367 01b2 03       		.byte	0x3
 368 01b3 4C       		.byte	0x4c
 369 01b4 00       		.byte	0
ARM GAS  C:\Users\EA527~1.IVA\AppData\Local\Temp\ccaZpf47.s 			page 10


 370              		.section	.debug_abbrev,"",%progbits
 371              	.Ldebug_abbrev0:
 372 0000 01       		.uleb128 0x1
 373 0001 11       		.uleb128 0x11
 374 0002 01       		.byte	0x1
 375 0003 25       		.uleb128 0x25
 376 0004 0E       		.uleb128 0xe
 377 0005 13       		.uleb128 0x13
 378 0006 0B       		.uleb128 0xb
 379 0007 03       		.uleb128 0x3
 380 0008 0E       		.uleb128 0xe
 381 0009 1B       		.uleb128 0x1b
 382 000a 0E       		.uleb128 0xe
 383 000b 55       		.uleb128 0x55
 384 000c 17       		.uleb128 0x17
 385 000d 11       		.uleb128 0x11
 386 000e 01       		.uleb128 0x1
 387 000f 10       		.uleb128 0x10
 388 0010 17       		.uleb128 0x17
 389 0011 00       		.byte	0
 390 0012 00       		.byte	0
 391 0013 02       		.uleb128 0x2
 392 0014 24       		.uleb128 0x24
 393 0015 00       		.byte	0
 394 0016 0B       		.uleb128 0xb
 395 0017 0B       		.uleb128 0xb
 396 0018 3E       		.uleb128 0x3e
 397 0019 0B       		.uleb128 0xb
 398 001a 03       		.uleb128 0x3
 399 001b 0E       		.uleb128 0xe
 400 001c 00       		.byte	0
 401 001d 00       		.byte	0
 402 001e 03       		.uleb128 0x3
 403 001f 24       		.uleb128 0x24
 404 0020 00       		.byte	0
 405 0021 0B       		.uleb128 0xb
 406 0022 0B       		.uleb128 0xb
 407 0023 3E       		.uleb128 0x3e
 408 0024 0B       		.uleb128 0xb
 409 0025 03       		.uleb128 0x3
 410 0026 08       		.uleb128 0x8
 411 0027 00       		.byte	0
 412 0028 00       		.byte	0
 413 0029 04       		.uleb128 0x4
 414 002a 16       		.uleb128 0x16
 415 002b 00       		.byte	0
 416 002c 03       		.uleb128 0x3
 417 002d 0E       		.uleb128 0xe
 418 002e 3A       		.uleb128 0x3a
 419 002f 0B       		.uleb128 0xb
 420 0030 3B       		.uleb128 0x3b
 421 0031 05       		.uleb128 0x5
 422 0032 49       		.uleb128 0x49
 423 0033 13       		.uleb128 0x13
 424 0034 00       		.byte	0
 425 0035 00       		.byte	0
 426 0036 05       		.uleb128 0x5
ARM GAS  C:\Users\EA527~1.IVA\AppData\Local\Temp\ccaZpf47.s 			page 11


 427 0037 35       		.uleb128 0x35
 428 0038 00       		.byte	0
 429 0039 49       		.uleb128 0x49
 430 003a 13       		.uleb128 0x13
 431 003b 00       		.byte	0
 432 003c 00       		.byte	0
 433 003d 06       		.uleb128 0x6
 434 003e 13       		.uleb128 0x13
 435 003f 01       		.byte	0x1
 436 0040 0B       		.uleb128 0xb
 437 0041 0B       		.uleb128 0xb
 438 0042 3A       		.uleb128 0x3a
 439 0043 0B       		.uleb128 0xb
 440 0044 3B       		.uleb128 0x3b
 441 0045 0B       		.uleb128 0xb
 442 0046 01       		.uleb128 0x1
 443 0047 13       		.uleb128 0x13
 444 0048 00       		.byte	0
 445 0049 00       		.byte	0
 446 004a 07       		.uleb128 0x7
 447 004b 0D       		.uleb128 0xd
 448 004c 00       		.byte	0
 449 004d 03       		.uleb128 0x3
 450 004e 0E       		.uleb128 0xe
 451 004f 3A       		.uleb128 0x3a
 452 0050 0B       		.uleb128 0xb
 453 0051 3B       		.uleb128 0x3b
 454 0052 0B       		.uleb128 0xb
 455 0053 49       		.uleb128 0x49
 456 0054 13       		.uleb128 0x13
 457 0055 38       		.uleb128 0x38
 458 0056 0B       		.uleb128 0xb
 459 0057 00       		.byte	0
 460 0058 00       		.byte	0
 461 0059 08       		.uleb128 0x8
 462 005a 16       		.uleb128 0x16
 463 005b 00       		.byte	0
 464 005c 03       		.uleb128 0x3
 465 005d 0E       		.uleb128 0xe
 466 005e 3A       		.uleb128 0x3a
 467 005f 0B       		.uleb128 0xb
 468 0060 3B       		.uleb128 0x3b
 469 0061 0B       		.uleb128 0xb
 470 0062 49       		.uleb128 0x49
 471 0063 13       		.uleb128 0x13
 472 0064 00       		.byte	0
 473 0065 00       		.byte	0
 474 0066 09       		.uleb128 0x9
 475 0067 2E       		.uleb128 0x2e
 476 0068 00       		.byte	0
 477 0069 3F       		.uleb128 0x3f
 478 006a 19       		.uleb128 0x19
 479 006b 03       		.uleb128 0x3
 480 006c 0E       		.uleb128 0xe
 481 006d 3A       		.uleb128 0x3a
 482 006e 0B       		.uleb128 0xb
 483 006f 3B       		.uleb128 0x3b
ARM GAS  C:\Users\EA527~1.IVA\AppData\Local\Temp\ccaZpf47.s 			page 12


 484 0070 0B       		.uleb128 0xb
 485 0071 27       		.uleb128 0x27
 486 0072 19       		.uleb128 0x19
 487 0073 11       		.uleb128 0x11
 488 0074 01       		.uleb128 0x1
 489 0075 12       		.uleb128 0x12
 490 0076 06       		.uleb128 0x6
 491 0077 40       		.uleb128 0x40
 492 0078 18       		.uleb128 0x18
 493 0079 9742     		.uleb128 0x2117
 494 007b 19       		.uleb128 0x19
 495 007c 00       		.byte	0
 496 007d 00       		.byte	0
 497 007e 0A       		.uleb128 0xa
 498 007f 2E       		.uleb128 0x2e
 499 0080 01       		.byte	0x1
 500 0081 3F       		.uleb128 0x3f
 501 0082 19       		.uleb128 0x19
 502 0083 03       		.uleb128 0x3
 503 0084 0E       		.uleb128 0xe
 504 0085 3A       		.uleb128 0x3a
 505 0086 0B       		.uleb128 0xb
 506 0087 3B       		.uleb128 0x3b
 507 0088 0B       		.uleb128 0xb
 508 0089 27       		.uleb128 0x27
 509 008a 19       		.uleb128 0x19
 510 008b 11       		.uleb128 0x11
 511 008c 01       		.uleb128 0x1
 512 008d 12       		.uleb128 0x12
 513 008e 06       		.uleb128 0x6
 514 008f 40       		.uleb128 0x40
 515 0090 18       		.uleb128 0x18
 516 0091 9742     		.uleb128 0x2117
 517 0093 19       		.uleb128 0x19
 518 0094 01       		.uleb128 0x1
 519 0095 13       		.uleb128 0x13
 520 0096 00       		.byte	0
 521 0097 00       		.byte	0
 522 0098 0B       		.uleb128 0xb
 523 0099 898201   		.uleb128 0x4109
 524 009c 00       		.byte	0
 525 009d 11       		.uleb128 0x11
 526 009e 01       		.uleb128 0x1
 527 009f 31       		.uleb128 0x31
 528 00a0 13       		.uleb128 0x13
 529 00a1 00       		.byte	0
 530 00a2 00       		.byte	0
 531 00a3 0C       		.uleb128 0xc
 532 00a4 34       		.uleb128 0x34
 533 00a5 00       		.byte	0
 534 00a6 03       		.uleb128 0x3
 535 00a7 0E       		.uleb128 0xe
 536 00a8 3A       		.uleb128 0x3a
 537 00a9 0B       		.uleb128 0xb
 538 00aa 3B       		.uleb128 0x3b
 539 00ab 0B       		.uleb128 0xb
 540 00ac 49       		.uleb128 0x49
ARM GAS  C:\Users\EA527~1.IVA\AppData\Local\Temp\ccaZpf47.s 			page 13


 541 00ad 13       		.uleb128 0x13
 542 00ae 02       		.uleb128 0x2
 543 00af 18       		.uleb128 0x18
 544 00b0 00       		.byte	0
 545 00b1 00       		.byte	0
 546 00b2 0D       		.uleb128 0xd
 547 00b3 34       		.uleb128 0x34
 548 00b4 00       		.byte	0
 549 00b5 03       		.uleb128 0x3
 550 00b6 0E       		.uleb128 0xe
 551 00b7 3A       		.uleb128 0x3a
 552 00b8 0B       		.uleb128 0xb
 553 00b9 3B       		.uleb128 0x3b
 554 00ba 0B       		.uleb128 0xb
 555 00bb 49       		.uleb128 0x49
 556 00bc 13       		.uleb128 0x13
 557 00bd 3F       		.uleb128 0x3f
 558 00be 19       		.uleb128 0x19
 559 00bf 3C       		.uleb128 0x3c
 560 00c0 19       		.uleb128 0x19
 561 00c1 00       		.byte	0
 562 00c2 00       		.byte	0
 563 00c3 0E       		.uleb128 0xe
 564 00c4 2E       		.uleb128 0x2e
 565 00c5 00       		.byte	0
 566 00c6 3F       		.uleb128 0x3f
 567 00c7 19       		.uleb128 0x19
 568 00c8 3C       		.uleb128 0x3c
 569 00c9 19       		.uleb128 0x19
 570 00ca 6E       		.uleb128 0x6e
 571 00cb 0E       		.uleb128 0xe
 572 00cc 03       		.uleb128 0x3
 573 00cd 0E       		.uleb128 0xe
 574 00ce 3A       		.uleb128 0x3a
 575 00cf 0B       		.uleb128 0xb
 576 00d0 3B       		.uleb128 0x3b
 577 00d1 0B       		.uleb128 0xb
 578 00d2 00       		.byte	0
 579 00d3 00       		.byte	0
 580 00d4 00       		.byte	0
 581              		.section	.debug_aranges,"",%progbits
 582 0000 34000000 		.4byte	0x34
 583 0004 0200     		.2byte	0x2
 584 0006 00000000 		.4byte	.Ldebug_info0
 585 000a 04       		.byte	0x4
 586 000b 00       		.byte	0
 587 000c 0000     		.2byte	0
 588 000e 0000     		.2byte	0
 589 0010 00000000 		.4byte	.LFB0
 590 0014 02000000 		.4byte	.LFE0-.LFB0
 591 0018 00000000 		.4byte	.LFB1
 592 001c 02000000 		.4byte	.LFE1-.LFB1
 593 0020 00000000 		.4byte	.LFB2
 594 0024 1C000000 		.4byte	.LFE2-.LFB2
 595 0028 00000000 		.4byte	.LFB3
 596 002c 48000000 		.4byte	.LFE3-.LFB3
 597 0030 00000000 		.4byte	0
ARM GAS  C:\Users\EA527~1.IVA\AppData\Local\Temp\ccaZpf47.s 			page 14


 598 0034 00000000 		.4byte	0
 599              		.section	.debug_ranges,"",%progbits
 600              	.Ldebug_ranges0:
 601 0000 00000000 		.4byte	.LFB0
 602 0004 02000000 		.4byte	.LFE0
 603 0008 00000000 		.4byte	.LFB1
 604 000c 02000000 		.4byte	.LFE1
 605 0010 00000000 		.4byte	.LFB2
 606 0014 1C000000 		.4byte	.LFE2
 607 0018 00000000 		.4byte	.LFB3
 608 001c 48000000 		.4byte	.LFE3
 609 0020 00000000 		.4byte	0
 610 0024 00000000 		.4byte	0
 611              		.section	.debug_line,"",%progbits
 612              	.Ldebug_line0:
 613 0000 B4000000 		.section	.debug_str,"MS",%progbits,1
 613      02006500 
 613      00000201 
 613      FB0E0D00 
 613      01010101 
 614              	.LASF33:
 615 0000 47656E65 		.ascii	"Generated_Source\\PSoC5\\SPI_ADC_PM.c\000"
 615      72617465 
 615      645F536F 
 615      75726365 
 615      5C50536F 
 616              	.LASF23:
 617 0024 5350495F 		.ascii	"SPI_ADC_txBufferRead\000"
 617      4144435F 
 617      74784275 
 617      66666572 
 617      52656164 
 618              	.LASF9:
 619 0039 666C6F61 		.ascii	"float\000"
 619      7400
 620              	.LASF28:
 621 003f 5350495F 		.ascii	"SPI_ADC_rxBufferFull\000"
 621      4144435F 
 621      72784275 
 621      66666572 
 621      46756C6C 
 622              	.LASF19:
 623 0054 5350495F 		.ascii	"SPI_ADC_SaveConfig\000"
 623      4144435F 
 623      53617665 
 623      436F6E66 
 623      696700
 624              	.LASF30:
 625 0067 5350495F 		.ascii	"SPI_ADC_ClearFIFO\000"
 625      4144435F 
 625      436C6561 
 625      72464946 
 625      4F00
 626              	.LASF35:
 627 0079 5350495F 		.ascii	"SPI_ADC_backup\000"
 627      4144435F 
 627      6261636B 
ARM GAS  C:\Users\EA527~1.IVA\AppData\Local\Temp\ccaZpf47.s 			page 15


 627      757000
 628              	.LASF21:
 629 0088 5350495F 		.ascii	"SPI_ADC_Sleep\000"
 629      4144435F 
 629      536C6565 
 629      7000
 630              	.LASF26:
 631 0096 5350495F 		.ascii	"SPI_ADC_rxBufferRead\000"
 631      4144435F 
 631      72784275 
 631      66666572 
 631      52656164 
 632              	.LASF22:
 633 00ab 5350495F 		.ascii	"SPI_ADC_Wakeup\000"
 633      4144435F 
 633      57616B65 
 633      757000
 634              	.LASF34:
 635 00ba 433A5C55 		.ascii	"C:\\Users\\e.ivanov\\Documents\\GitHub\\adc\\Manche"
 635      73657273 
 635      5C652E69 
 635      76616E6F 
 635      765C446F 
 636 00e7 73746572 		.ascii	"ster encoder-decoder.cydsn\000"
 636      20656E63 
 636      6F646572 
 636      2D646563 
 636      6F646572 
 637              	.LASF27:
 638 0102 5350495F 		.ascii	"SPI_ADC_rxBufferWrite\000"
 638      4144435F 
 638      72784275 
 638      66666572 
 638      57726974 
 639              	.LASF32:
 640 0118 474E5520 		.ascii	"GNU C11 5.4.1 20160609 (release) [ARM/embedded-5-br"
 640      43313120 
 640      352E342E 
 640      31203230 
 640      31363036 
 641 014b 616E6368 		.ascii	"anch revision 237715] -mcpu=cortex-m3 -mthumb -g -O"
 641      20726576 
 641      6973696F 
 641      6E203233 
 641      37373135 
 642 017e 67202D66 		.ascii	"g -ffunction-sections -ffat-lto-objects\000"
 642      66756E63 
 642      74696F6E 
 642      2D736563 
 642      74696F6E 
 643              	.LASF13:
 644 01a6 72656738 		.ascii	"reg8\000"
 644      00
 645              	.LASF29:
 646 01ab 5350495F 		.ascii	"SPI_ADC_Stop\000"
 646      4144435F 
 646      53746F70 
ARM GAS  C:\Users\EA527~1.IVA\AppData\Local\Temp\ccaZpf47.s 			page 16


 646      00
 647              	.LASF5:
 648 01b8 6C6F6E67 		.ascii	"long unsigned int\000"
 648      20756E73 
 648      69676E65 
 648      6420696E 
 648      7400
 649              	.LASF12:
 650 01ca 75696E74 		.ascii	"uint8\000"
 650      3800
 651              	.LASF1:
 652 01d0 756E7369 		.ascii	"unsigned char\000"
 652      676E6564 
 652      20636861 
 652      7200
 653              	.LASF10:
 654 01de 646F7562 		.ascii	"double\000"
 654      6C6500
 655              	.LASF17:
 656 01e5 636E7472 		.ascii	"cntrPeriod\000"
 656      50657269 
 656      6F6400
 657              	.LASF8:
 658 01f0 756E7369 		.ascii	"unsigned int\000"
 658      676E6564 
 658      20696E74 
 658      00
 659              	.LASF7:
 660 01fd 6C6F6E67 		.ascii	"long long unsigned int\000"
 660      206C6F6E 
 660      6720756E 
 660      7369676E 
 660      65642069 
 661              	.LASF18:
 662 0214 5350495F 		.ascii	"SPI_ADC_BACKUP_STRUCT\000"
 662      4144435F 
 662      4241434B 
 662      55505F53 
 662      54525543 
 663              	.LASF24:
 664 022a 5350495F 		.ascii	"SPI_ADC_txBufferWrite\000"
 664      4144435F 
 664      74784275 
 664      66666572 
 664      57726974 
 665              	.LASF15:
 666 0240 73697A65 		.ascii	"sizetype\000"
 666      74797065 
 666      00
 667              	.LASF6:
 668 0249 6C6F6E67 		.ascii	"long long int\000"
 668      206C6F6E 
 668      6720696E 
 668      7400
 669              	.LASF11:
 670 0257 63686172 		.ascii	"char\000"
 670      00
ARM GAS  C:\Users\EA527~1.IVA\AppData\Local\Temp\ccaZpf47.s 			page 17


 671              	.LASF2:
 672 025c 73686F72 		.ascii	"short int\000"
 672      7420696E 
 672      7400
 673              	.LASF31:
 674 0266 5350495F 		.ascii	"SPI_ADC_Enable\000"
 674      4144435F 
 674      456E6162 
 674      6C6500
 675              	.LASF20:
 676 0275 5350495F 		.ascii	"SPI_ADC_RestoreConfig\000"
 676      4144435F 
 676      52657374 
 676      6F726543 
 676      6F6E6669 
 677              	.LASF4:
 678 028b 6C6F6E67 		.ascii	"long int\000"
 678      20696E74 
 678      00
 679              	.LASF16:
 680 0294 656E6162 		.ascii	"enableState\000"
 680      6C655374 
 680      61746500 
 681              	.LASF14:
 682 02a0 6C6F6E67 		.ascii	"long double\000"
 682      20646F75 
 682      626C6500 
 683              	.LASF0:
 684 02ac 7369676E 		.ascii	"signed char\000"
 684      65642063 
 684      68617200 
 685              	.LASF3:
 686 02b8 73686F72 		.ascii	"short unsigned int\000"
 686      7420756E 
 686      7369676E 
 686      65642069 
 686      6E7400
 687              	.LASF25:
 688 02cb 5350495F 		.ascii	"SPI_ADC_txBufferFull\000"
 688      4144435F 
 688      74784275 
 688      66666572 
 688      46756C6C 
 689              		.ident	"GCC: (GNU Tools for ARM Embedded Processors) 5.4.1 20160609 (release) [ARM/embedded-5-bran
