ARM GAS  C:\Users\EA527~1.IVA\AppData\Local\Temp\ccLTuLb2.s 			page 1


   1              		.syntax unified
   2              		.cpu cortex-m3
   3              		.fpu softvfp
   4              		.eabi_attribute 20, 1
   5              		.eabi_attribute 21, 1
   6              		.eabi_attribute 23, 3
   7              		.eabi_attribute 24, 1
   8              		.eabi_attribute 25, 1
   9              		.eabi_attribute 26, 1
  10              		.eabi_attribute 30, 1
  11              		.eabi_attribute 34, 1
  12              		.eabi_attribute 18, 4
  13              		.thumb
  14              		.syntax unified
  15              		.file	"stdio_e.c"
  16              		.text
  17              	.Ltext0:
  18              		.cfi_sections	.debug_frame
  19              		.section	.text.strtok_e,"ax",%progbits
  20              		.align	2
  21              		.global	strtok_e
  22              		.thumb
  23              		.thumb_func
  24              		.type	strtok_e, %function
  25              	strtok_e:
  26              	.LFB1:
  27              		.file 1 "stdio_e.c"
   1:stdio_e.c     **** /* ========================================
   2:stdio_e.c     ****  *
   3:stdio_e.c     ****  * Copyright YOUR COMPANY, THE YEAR
   4:stdio_e.c     ****  * All Rights Reserved
   5:stdio_e.c     ****  * UNPUBLISHED, LICENSED SOFTWARE.
   6:stdio_e.c     ****  *
   7:stdio_e.c     ****  * CONFIDENTIAL AND PROPRIETARY INFORMATION
   8:stdio_e.c     ****  * WHICH IS THE PROPERTY OF your company.
   9:stdio_e.c     ****  *
  10:stdio_e.c     ****  * ========================================
  11:stdio_e.c     **** */
  12:stdio_e.c     **** #include "stdio.h"
  13:stdio_e.c     **** #include "string.h"
  14:stdio_e.c     **** #include "cytypes.h"
  15:stdio_e.c     **** 
  16:stdio_e.c     **** static char  *ptok=NULL;
  17:stdio_e.c     **** 
  18:stdio_e.c     **** char* strtok_e (char *pstr, char delimiter){
  28              		.loc 1 18 0
  29              		.cfi_startproc
  30              		@ args = 0, pretend = 0, frame = 0
  31              		@ frame_needed = 0, uses_anonymous_args = 0
  32              		@ link register save eliminated.
  33              	.LVL0:
  34 0000 70B4     		push	{r4, r5, r6}
  35              		.cfi_def_cfa_offset 12
  36              		.cfi_offset 4, -12
  37              		.cfi_offset 5, -8
  38              		.cfi_offset 6, -4
  39              	.LVL1:
ARM GAS  C:\Users\EA527~1.IVA\AppData\Local\Temp\ccLTuLb2.s 			page 2


  19:stdio_e.c     ****     
  20:stdio_e.c     ****     uint8 i = 0;
  21:stdio_e.c     **** 
  22:stdio_e.c     ****     //test = *ptok;
  23:stdio_e.c     ****     if (pstr == NULL)
  40              		.loc 1 23 0
  41 0002 18B9     		cbnz	r0, .L2
  24:stdio_e.c     ****     {
  25:stdio_e.c     ****         pstr = ptok + 1;
  42              		.loc 1 25 0
  43 0004 0E4B     		ldr	r3, .L11
  44 0006 1E68     		ldr	r6, [r3]
  45 0008 0136     		adds	r6, r6, #1
  46              	.LVL2:
  47 000a 02E0     		b	.L3
  48              	.LVL3:
  49              	.L2:
  50 000c 0646     		mov	r6, r0
  26:stdio_e.c     ****     }
  27:stdio_e.c     ****     else ptok = pstr;
  51              		.loc 1 27 0
  52 000e 0C4B     		ldr	r3, .L11
  53 0010 1860     		str	r0, [r3]
  54              	.LVL4:
  55              	.L3:
  28:stdio_e.c     ****     
  29:stdio_e.c     ****     char *result    = pstr;
  30:stdio_e.c     ****     
  31:stdio_e.c     ****     for (i=0; 0!= *pstr; pstr++,i++)
  56              		.loc 1 31 0
  57 0012 3346     		mov	r3, r6
  58 0014 0022     		movs	r2, #0
  59 0016 09E0     		b	.L4
  60              	.LVL5:
  61              	.L7:
  32:stdio_e.c     ****     {
  33:stdio_e.c     ****         ptok = pstr;
  62              		.loc 1 33 0
  63 0018 094D     		ldr	r5, .L11
  64 001a 2B60     		str	r3, [r5]
  34:stdio_e.c     ****         if (*pstr == delimiter)
  65              		.loc 1 34 0
  66 001c 8C42     		cmp	r4, r1
  67 001e 02D1     		bne	.L5
  35:stdio_e.c     ****         {
  36:stdio_e.c     ****             *pstr = 0;
  68              		.loc 1 36 0
  69 0020 0021     		movs	r1, #0
  70              	.LVL6:
  71 0022 1970     		strb	r1, [r3]
  37:stdio_e.c     ****             break;
  72              		.loc 1 37 0
  73 0024 05E0     		b	.L6
  74              	.LVL7:
  75              	.L5:
  31:stdio_e.c     ****     {
  76              		.loc 1 31 0 discriminator 2
ARM GAS  C:\Users\EA527~1.IVA\AppData\Local\Temp\ccLTuLb2.s 			page 3


  77 0026 0133     		adds	r3, r3, #1
  78              	.LVL8:
  79 0028 0132     		adds	r2, r2, #1
  80              	.LVL9:
  81 002a D2B2     		uxtb	r2, r2
  82              	.LVL10:
  83              	.L4:
  31:stdio_e.c     ****     {
  84              		.loc 1 31 0 is_stmt 0 discriminator 1
  85 002c 1C78     		ldrb	r4, [r3]	@ zero_extendqisi2
  86 002e 002C     		cmp	r4, #0
  87 0030 F2D1     		bne	.L7
  88              	.LVL11:
  89              	.L6:
  38:stdio_e.c     ****         }
  39:stdio_e.c     ****     }
  40:stdio_e.c     ****     if (i == 0) return NULL;
  90              		.loc 1 40 0 is_stmt 1
  91 0032 0AB9     		cbnz	r2, .L9
  92 0034 0020     		movs	r0, #0
  93 0036 00E0     		b	.L8
  94              	.L9:
  41:stdio_e.c     ****     return  result;
  95              		.loc 1 41 0
  96 0038 3046     		mov	r0, r6
  97              	.L8:
  42:stdio_e.c     **** }
  98              		.loc 1 42 0
  99 003a 70BC     		pop	{r4, r5, r6}
 100              		.cfi_restore 6
 101              		.cfi_restore 5
 102              		.cfi_restore 4
 103              		.cfi_def_cfa_offset 0
 104              	.LVL12:
 105 003c 7047     		bx	lr
 106              	.L12:
 107 003e 00BF     		.align	2
 108              	.L11:
 109 0040 00000000 		.word	.LANCHOR0
 110              		.cfi_endproc
 111              	.LFE1:
 112              		.size	strtok_e, .-strtok_e
 113              		.bss
 114              		.align	2
 115              		.set	.LANCHOR0,. + 0
 116              		.type	ptok, %object
 117              		.size	ptok, 4
 118              	ptok:
 119 0000 00000000 		.space	4
 120              		.text
 121              	.Letext0:
 122              		.file 2 "Generated_Source\\PSoC5/cytypes.h"
 123              		.section	.debug_info,"",%progbits
 124              	.Ldebug_info0:
 125 0000 02010000 		.4byte	0x102
 126 0004 0400     		.2byte	0x4
 127 0006 00000000 		.4byte	.Ldebug_abbrev0
ARM GAS  C:\Users\EA527~1.IVA\AppData\Local\Temp\ccLTuLb2.s 			page 4


 128 000a 04       		.byte	0x4
 129 000b 01       		.uleb128 0x1
 130 000c 20000000 		.4byte	.LASF18
 131 0010 0C       		.byte	0xc
 132 0011 42010000 		.4byte	.LASF19
 133 0015 E3000000 		.4byte	.LASF20
 134 0019 00000000 		.4byte	.Ldebug_ranges0+0
 135 001d 00000000 		.4byte	0
 136 0021 00000000 		.4byte	.Ldebug_line0
 137 0025 02       		.uleb128 0x2
 138 0026 01       		.byte	0x1
 139 0027 06       		.byte	0x6
 140 0028 82010000 		.4byte	.LASF0
 141 002c 02       		.uleb128 0x2
 142 002d 01       		.byte	0x1
 143 002e 08       		.byte	0x8
 144 002f 2F010000 		.4byte	.LASF1
 145 0033 02       		.uleb128 0x2
 146 0034 02       		.byte	0x2
 147 0035 05       		.byte	0x5
 148 0036 9A010000 		.4byte	.LASF2
 149 003a 02       		.uleb128 0x2
 150 003b 02       		.byte	0x2
 151 003c 07       		.byte	0x7
 152 003d 6F010000 		.4byte	.LASF3
 153 0041 02       		.uleb128 0x2
 154 0042 04       		.byte	0x4
 155 0043 05       		.byte	0x5
 156 0044 4C010000 		.4byte	.LASF4
 157 0048 02       		.uleb128 0x2
 158 0049 04       		.byte	0x4
 159 004a 07       		.byte	0x7
 160 004b B4000000 		.4byte	.LASF5
 161 004f 02       		.uleb128 0x2
 162 0050 08       		.byte	0x8
 163 0051 05       		.byte	0x5
 164 0052 00000000 		.4byte	.LASF6
 165 0056 02       		.uleb128 0x2
 166 0057 08       		.byte	0x8
 167 0058 07       		.byte	0x7
 168 0059 C6000000 		.4byte	.LASF7
 169 005d 03       		.uleb128 0x3
 170 005e 04       		.byte	0x4
 171 005f 05       		.byte	0x5
 172 0060 696E7400 		.ascii	"int\000"
 173 0064 02       		.uleb128 0x2
 174 0065 04       		.byte	0x4
 175 0066 07       		.byte	0x7
 176 0067 13000000 		.4byte	.LASF8
 177 006b 02       		.uleb128 0x2
 178 006c 08       		.byte	0x8
 179 006d 04       		.byte	0x4
 180 006e 8E010000 		.4byte	.LASF9
 181 0072 02       		.uleb128 0x2
 182 0073 04       		.byte	0x4
 183 0074 07       		.byte	0x7
 184 0075 B0010000 		.4byte	.LASF10
ARM GAS  C:\Users\EA527~1.IVA\AppData\Local\Temp\ccLTuLb2.s 			page 5


 185 0079 04       		.uleb128 0x4
 186 007a 04       		.byte	0x4
 187 007b 7F000000 		.4byte	0x7f
 188 007f 02       		.uleb128 0x2
 189 0080 01       		.byte	0x1
 190 0081 08       		.byte	0x8
 191 0082 3D010000 		.4byte	.LASF11
 192 0086 05       		.uleb128 0x5
 193 0087 AE000000 		.4byte	.LASF21
 194 008b 02       		.byte	0x2
 195 008c E401     		.2byte	0x1e4
 196 008e 2C000000 		.4byte	0x2c
 197 0092 02       		.uleb128 0x2
 198 0093 04       		.byte	0x4
 199 0094 04       		.byte	0x4
 200 0095 DD000000 		.4byte	.LASF12
 201 0099 02       		.uleb128 0x2
 202 009a 08       		.byte	0x8
 203 009b 04       		.byte	0x4
 204 009c 5E010000 		.4byte	.LASF13
 205 00a0 06       		.uleb128 0x6
 206 00a1 55010000 		.4byte	.LASF22
 207 00a5 01       		.byte	0x1
 208 00a6 12       		.byte	0x12
 209 00a7 79000000 		.4byte	0x79
 210 00ab 00000000 		.4byte	.LFB1
 211 00af 44000000 		.4byte	.LFE1-.LFB1
 212 00b3 01       		.uleb128 0x1
 213 00b4 9C       		.byte	0x9c
 214 00b5 F4000000 		.4byte	0xf4
 215 00b9 07       		.uleb128 0x7
 216 00ba A4010000 		.4byte	.LASF14
 217 00be 01       		.byte	0x1
 218 00bf 12       		.byte	0x12
 219 00c0 79000000 		.4byte	0x79
 220 00c4 00000000 		.4byte	.LLST0
 221 00c8 07       		.uleb128 0x7
 222 00c9 65010000 		.4byte	.LASF15
 223 00cd 01       		.byte	0x1
 224 00ce 12       		.byte	0x12
 225 00cf 7F000000 		.4byte	0x7f
 226 00d3 3F000000 		.4byte	.LLST1
 227 00d7 08       		.uleb128 0x8
 228 00d8 6900     		.ascii	"i\000"
 229 00da 01       		.byte	0x1
 230 00db 14       		.byte	0x14
 231 00dc 86000000 		.4byte	0x86
 232 00e0 79000000 		.4byte	.LLST2
 233 00e4 09       		.uleb128 0x9
 234 00e5 A9010000 		.4byte	.LASF16
 235 00e9 01       		.byte	0x1
 236 00ea 1D       		.byte	0x1d
 237 00eb 79000000 		.4byte	0x79
 238 00ef A3000000 		.4byte	.LLST3
 239 00f3 00       		.byte	0
 240 00f4 0A       		.uleb128 0xa
 241 00f5 0E000000 		.4byte	.LASF17
ARM GAS  C:\Users\EA527~1.IVA\AppData\Local\Temp\ccLTuLb2.s 			page 6


 242 00f9 01       		.byte	0x1
 243 00fa 10       		.byte	0x10
 244 00fb 79000000 		.4byte	0x79
 245 00ff 05       		.uleb128 0x5
 246 0100 03       		.byte	0x3
 247 0101 00000000 		.4byte	ptok
 248 0105 00       		.byte	0
 249              		.section	.debug_abbrev,"",%progbits
 250              	.Ldebug_abbrev0:
 251 0000 01       		.uleb128 0x1
 252 0001 11       		.uleb128 0x11
 253 0002 01       		.byte	0x1
 254 0003 25       		.uleb128 0x25
 255 0004 0E       		.uleb128 0xe
 256 0005 13       		.uleb128 0x13
 257 0006 0B       		.uleb128 0xb
 258 0007 03       		.uleb128 0x3
 259 0008 0E       		.uleb128 0xe
 260 0009 1B       		.uleb128 0x1b
 261 000a 0E       		.uleb128 0xe
 262 000b 55       		.uleb128 0x55
 263 000c 17       		.uleb128 0x17
 264 000d 11       		.uleb128 0x11
 265 000e 01       		.uleb128 0x1
 266 000f 10       		.uleb128 0x10
 267 0010 17       		.uleb128 0x17
 268 0011 00       		.byte	0
 269 0012 00       		.byte	0
 270 0013 02       		.uleb128 0x2
 271 0014 24       		.uleb128 0x24
 272 0015 00       		.byte	0
 273 0016 0B       		.uleb128 0xb
 274 0017 0B       		.uleb128 0xb
 275 0018 3E       		.uleb128 0x3e
 276 0019 0B       		.uleb128 0xb
 277 001a 03       		.uleb128 0x3
 278 001b 0E       		.uleb128 0xe
 279 001c 00       		.byte	0
 280 001d 00       		.byte	0
 281 001e 03       		.uleb128 0x3
 282 001f 24       		.uleb128 0x24
 283 0020 00       		.byte	0
 284 0021 0B       		.uleb128 0xb
 285 0022 0B       		.uleb128 0xb
 286 0023 3E       		.uleb128 0x3e
 287 0024 0B       		.uleb128 0xb
 288 0025 03       		.uleb128 0x3
 289 0026 08       		.uleb128 0x8
 290 0027 00       		.byte	0
 291 0028 00       		.byte	0
 292 0029 04       		.uleb128 0x4
 293 002a 0F       		.uleb128 0xf
 294 002b 00       		.byte	0
 295 002c 0B       		.uleb128 0xb
 296 002d 0B       		.uleb128 0xb
 297 002e 49       		.uleb128 0x49
 298 002f 13       		.uleb128 0x13
ARM GAS  C:\Users\EA527~1.IVA\AppData\Local\Temp\ccLTuLb2.s 			page 7


 299 0030 00       		.byte	0
 300 0031 00       		.byte	0
 301 0032 05       		.uleb128 0x5
 302 0033 16       		.uleb128 0x16
 303 0034 00       		.byte	0
 304 0035 03       		.uleb128 0x3
 305 0036 0E       		.uleb128 0xe
 306 0037 3A       		.uleb128 0x3a
 307 0038 0B       		.uleb128 0xb
 308 0039 3B       		.uleb128 0x3b
 309 003a 05       		.uleb128 0x5
 310 003b 49       		.uleb128 0x49
 311 003c 13       		.uleb128 0x13
 312 003d 00       		.byte	0
 313 003e 00       		.byte	0
 314 003f 06       		.uleb128 0x6
 315 0040 2E       		.uleb128 0x2e
 316 0041 01       		.byte	0x1
 317 0042 3F       		.uleb128 0x3f
 318 0043 19       		.uleb128 0x19
 319 0044 03       		.uleb128 0x3
 320 0045 0E       		.uleb128 0xe
 321 0046 3A       		.uleb128 0x3a
 322 0047 0B       		.uleb128 0xb
 323 0048 3B       		.uleb128 0x3b
 324 0049 0B       		.uleb128 0xb
 325 004a 27       		.uleb128 0x27
 326 004b 19       		.uleb128 0x19
 327 004c 49       		.uleb128 0x49
 328 004d 13       		.uleb128 0x13
 329 004e 11       		.uleb128 0x11
 330 004f 01       		.uleb128 0x1
 331 0050 12       		.uleb128 0x12
 332 0051 06       		.uleb128 0x6
 333 0052 40       		.uleb128 0x40
 334 0053 18       		.uleb128 0x18
 335 0054 9742     		.uleb128 0x2117
 336 0056 19       		.uleb128 0x19
 337 0057 01       		.uleb128 0x1
 338 0058 13       		.uleb128 0x13
 339 0059 00       		.byte	0
 340 005a 00       		.byte	0
 341 005b 07       		.uleb128 0x7
 342 005c 05       		.uleb128 0x5
 343 005d 00       		.byte	0
 344 005e 03       		.uleb128 0x3
 345 005f 0E       		.uleb128 0xe
 346 0060 3A       		.uleb128 0x3a
 347 0061 0B       		.uleb128 0xb
 348 0062 3B       		.uleb128 0x3b
 349 0063 0B       		.uleb128 0xb
 350 0064 49       		.uleb128 0x49
 351 0065 13       		.uleb128 0x13
 352 0066 02       		.uleb128 0x2
 353 0067 17       		.uleb128 0x17
 354 0068 00       		.byte	0
 355 0069 00       		.byte	0
ARM GAS  C:\Users\EA527~1.IVA\AppData\Local\Temp\ccLTuLb2.s 			page 8


 356 006a 08       		.uleb128 0x8
 357 006b 34       		.uleb128 0x34
 358 006c 00       		.byte	0
 359 006d 03       		.uleb128 0x3
 360 006e 08       		.uleb128 0x8
 361 006f 3A       		.uleb128 0x3a
 362 0070 0B       		.uleb128 0xb
 363 0071 3B       		.uleb128 0x3b
 364 0072 0B       		.uleb128 0xb
 365 0073 49       		.uleb128 0x49
 366 0074 13       		.uleb128 0x13
 367 0075 02       		.uleb128 0x2
 368 0076 17       		.uleb128 0x17
 369 0077 00       		.byte	0
 370 0078 00       		.byte	0
 371 0079 09       		.uleb128 0x9
 372 007a 34       		.uleb128 0x34
 373 007b 00       		.byte	0
 374 007c 03       		.uleb128 0x3
 375 007d 0E       		.uleb128 0xe
 376 007e 3A       		.uleb128 0x3a
 377 007f 0B       		.uleb128 0xb
 378 0080 3B       		.uleb128 0x3b
 379 0081 0B       		.uleb128 0xb
 380 0082 49       		.uleb128 0x49
 381 0083 13       		.uleb128 0x13
 382 0084 02       		.uleb128 0x2
 383 0085 17       		.uleb128 0x17
 384 0086 00       		.byte	0
 385 0087 00       		.byte	0
 386 0088 0A       		.uleb128 0xa
 387 0089 34       		.uleb128 0x34
 388 008a 00       		.byte	0
 389 008b 03       		.uleb128 0x3
 390 008c 0E       		.uleb128 0xe
 391 008d 3A       		.uleb128 0x3a
 392 008e 0B       		.uleb128 0xb
 393 008f 3B       		.uleb128 0x3b
 394 0090 0B       		.uleb128 0xb
 395 0091 49       		.uleb128 0x49
 396 0092 13       		.uleb128 0x13
 397 0093 02       		.uleb128 0x2
 398 0094 18       		.uleb128 0x18
 399 0095 00       		.byte	0
 400 0096 00       		.byte	0
 401 0097 00       		.byte	0
 402              		.section	.debug_loc,"",%progbits
 403              	.Ldebug_loc0:
 404              	.LLST0:
 405 0000 00000000 		.4byte	.LVL0
 406 0004 0A000000 		.4byte	.LVL2
 407 0008 0100     		.2byte	0x1
 408 000a 50       		.byte	0x50
 409 000b 0A000000 		.4byte	.LVL2
 410 000f 0C000000 		.4byte	.LVL3
 411 0013 0100     		.2byte	0x1
 412 0015 56       		.byte	0x56
ARM GAS  C:\Users\EA527~1.IVA\AppData\Local\Temp\ccLTuLb2.s 			page 9


 413 0016 0C000000 		.4byte	.LVL3
 414 001a 12000000 		.4byte	.LVL4
 415 001e 0100     		.2byte	0x1
 416 0020 50       		.byte	0x50
 417 0021 12000000 		.4byte	.LVL4
 418 0025 18000000 		.4byte	.LVL5
 419 0029 0100     		.2byte	0x1
 420 002b 56       		.byte	0x56
 421 002c 18000000 		.4byte	.LVL5
 422 0030 44000000 		.4byte	.LFE1
 423 0034 0100     		.2byte	0x1
 424 0036 53       		.byte	0x53
 425 0037 00000000 		.4byte	0
 426 003b 00000000 		.4byte	0
 427              	.LLST1:
 428 003f 00000000 		.4byte	.LVL0
 429 0043 22000000 		.4byte	.LVL6
 430 0047 0100     		.2byte	0x1
 431 0049 51       		.byte	0x51
 432 004a 22000000 		.4byte	.LVL6
 433 004e 26000000 		.4byte	.LVL7
 434 0052 0400     		.2byte	0x4
 435 0054 F3       		.byte	0xf3
 436 0055 01       		.uleb128 0x1
 437 0056 51       		.byte	0x51
 438 0057 9F       		.byte	0x9f
 439 0058 26000000 		.4byte	.LVL7
 440 005c 32000000 		.4byte	.LVL11
 441 0060 0100     		.2byte	0x1
 442 0062 51       		.byte	0x51
 443 0063 32000000 		.4byte	.LVL11
 444 0067 44000000 		.4byte	.LFE1
 445 006b 0400     		.2byte	0x4
 446 006d F3       		.byte	0xf3
 447 006e 01       		.uleb128 0x1
 448 006f 51       		.byte	0x51
 449 0070 9F       		.byte	0x9f
 450 0071 00000000 		.4byte	0
 451 0075 00000000 		.4byte	0
 452              	.LLST2:
 453 0079 02000000 		.4byte	.LVL1
 454 007d 18000000 		.4byte	.LVL5
 455 0081 0200     		.2byte	0x2
 456 0083 30       		.byte	0x30
 457 0084 9F       		.byte	0x9f
 458 0085 18000000 		.4byte	.LVL5
 459 0089 2A000000 		.4byte	.LVL9
 460 008d 0100     		.2byte	0x1
 461 008f 52       		.byte	0x52
 462 0090 2C000000 		.4byte	.LVL10
 463 0094 44000000 		.4byte	.LFE1
 464 0098 0100     		.2byte	0x1
 465 009a 52       		.byte	0x52
 466 009b 00000000 		.4byte	0
 467 009f 00000000 		.4byte	0
 468              	.LLST3:
 469 00a3 12000000 		.4byte	.LVL4
ARM GAS  C:\Users\EA527~1.IVA\AppData\Local\Temp\ccLTuLb2.s 			page 10


 470 00a7 3C000000 		.4byte	.LVL12
 471 00ab 0100     		.2byte	0x1
 472 00ad 56       		.byte	0x56
 473 00ae 00000000 		.4byte	0
 474 00b2 00000000 		.4byte	0
 475              		.section	.debug_aranges,"",%progbits
 476 0000 1C000000 		.4byte	0x1c
 477 0004 0200     		.2byte	0x2
 478 0006 00000000 		.4byte	.Ldebug_info0
 479 000a 04       		.byte	0x4
 480 000b 00       		.byte	0
 481 000c 0000     		.2byte	0
 482 000e 0000     		.2byte	0
 483 0010 00000000 		.4byte	.LFB1
 484 0014 44000000 		.4byte	.LFE1-.LFB1
 485 0018 00000000 		.4byte	0
 486 001c 00000000 		.4byte	0
 487              		.section	.debug_ranges,"",%progbits
 488              	.Ldebug_ranges0:
 489 0000 00000000 		.4byte	.LFB1
 490 0004 44000000 		.4byte	.LFE1
 491 0008 00000000 		.4byte	0
 492 000c 00000000 		.4byte	0
 493              		.section	.debug_line,"",%progbits
 494              	.Ldebug_line0:
 495 0000 74000000 		.section	.debug_str,"MS",%progbits,1
 495      02004400 
 495      00000201 
 495      FB0E0D00 
 495      01010101 
 496              	.LASF6:
 497 0000 6C6F6E67 		.ascii	"long long int\000"
 497      206C6F6E 
 497      6720696E 
 497      7400
 498              	.LASF17:
 499 000e 70746F6B 		.ascii	"ptok\000"
 499      00
 500              	.LASF8:
 501 0013 756E7369 		.ascii	"unsigned int\000"
 501      676E6564 
 501      20696E74 
 501      00
 502              	.LASF18:
 503 0020 474E5520 		.ascii	"GNU C11 5.4.1 20160609 (release) [ARM/embedded-5-br"
 503      43313120 
 503      352E342E 
 503      31203230 
 503      31363036 
 504 0053 616E6368 		.ascii	"anch revision 237715] -mcpu=cortex-m3 -mthumb -g -O"
 504      20726576 
 504      6973696F 
 504      6E203233 
 504      37373135 
 505 0086 67202D66 		.ascii	"g -ffunction-sections -ffat-lto-objects\000"
 505      66756E63 
 505      74696F6E 
ARM GAS  C:\Users\EA527~1.IVA\AppData\Local\Temp\ccLTuLb2.s 			page 11


 505      2D736563 
 505      74696F6E 
 506              	.LASF21:
 507 00ae 75696E74 		.ascii	"uint8\000"
 507      3800
 508              	.LASF5:
 509 00b4 6C6F6E67 		.ascii	"long unsigned int\000"
 509      20756E73 
 509      69676E65 
 509      6420696E 
 509      7400
 510              	.LASF7:
 511 00c6 6C6F6E67 		.ascii	"long long unsigned int\000"
 511      206C6F6E 
 511      6720756E 
 511      7369676E 
 511      65642069 
 512              	.LASF12:
 513 00dd 666C6F61 		.ascii	"float\000"
 513      7400
 514              	.LASF20:
 515 00e3 433A5C55 		.ascii	"C:\\Users\\e.ivanov\\Documents\\GitHub\\generic\\Ma"
 515      73657273 
 515      5C652E69 
 515      76616E6F 
 515      765C446F 
 516 0110 6E636865 		.ascii	"nchester encoder-decoder.cydsn\000"
 516      73746572 
 516      20656E63 
 516      6F646572 
 516      2D646563 
 517              	.LASF1:
 518 012f 756E7369 		.ascii	"unsigned char\000"
 518      676E6564 
 518      20636861 
 518      7200
 519              	.LASF11:
 520 013d 63686172 		.ascii	"char\000"
 520      00
 521              	.LASF19:
 522 0142 73746469 		.ascii	"stdio_e.c\000"
 522      6F5F652E 
 522      6300
 523              	.LASF4:
 524 014c 6C6F6E67 		.ascii	"long int\000"
 524      20696E74 
 524      00
 525              	.LASF22:
 526 0155 73747274 		.ascii	"strtok_e\000"
 526      6F6B5F65 
 526      00
 527              	.LASF13:
 528 015e 646F7562 		.ascii	"double\000"
 528      6C6500
 529              	.LASF15:
 530 0165 64656C69 		.ascii	"delimiter\000"
 530      6D697465 
ARM GAS  C:\Users\EA527~1.IVA\AppData\Local\Temp\ccLTuLb2.s 			page 12


 530      7200
 531              	.LASF3:
 532 016f 73686F72 		.ascii	"short unsigned int\000"
 532      7420756E 
 532      7369676E 
 532      65642069 
 532      6E7400
 533              	.LASF0:
 534 0182 7369676E 		.ascii	"signed char\000"
 534      65642063 
 534      68617200 
 535              	.LASF9:
 536 018e 6C6F6E67 		.ascii	"long double\000"
 536      20646F75 
 536      626C6500 
 537              	.LASF2:
 538 019a 73686F72 		.ascii	"short int\000"
 538      7420696E 
 538      7400
 539              	.LASF14:
 540 01a4 70737472 		.ascii	"pstr\000"
 540      00
 541              	.LASF16:
 542 01a9 72657375 		.ascii	"result\000"
 542      6C7400
 543              	.LASF10:
 544 01b0 73697A65 		.ascii	"sizetype\000"
 544      74797065 
 544      00
 545              		.ident	"GCC: (GNU Tools for ARM Embedded Processors) 5.4.1 20160609 (release) [ARM/embedded-5-bran
