ARM GAS  C:\Users\EA527~1.IVA\AppData\Local\Temp\ccpr3UYt.s 			page 1


   1              		.syntax unified
   2              		.cpu cortex-m3
   3              		.fpu softvfp
   4              		.eabi_attribute 20, 1
   5              		.eabi_attribute 21, 1
   6              		.eabi_attribute 23, 3
   7              		.eabi_attribute 24, 1
   8              		.eabi_attribute 25, 1
   9              		.eabi_attribute 26, 1
  10              		.eabi_attribute 30, 1
  11              		.eabi_attribute 34, 1
  12              		.eabi_attribute 18, 4
  13              		.thumb
  14              		.syntax unified
  15              		.file	"TransmitWordShift.c"
  16              		.text
  17              	.Ltext0:
  18              		.cfi_sections	.debug_frame
  19              		.section	.text.TransmitWordShift_SetVector,"ax",%progbits
  20              		.align	2
  21              		.global	TransmitWordShift_SetVector
  22              		.thumb
  23              		.thumb_func
  24              		.type	TransmitWordShift_SetVector, %function
  25              	TransmitWordShift_SetVector:
  26              	.LFB4:
  27              		.file 1 "Generated_Source\\PSoC5\\TransmitWordShift.c"
   1:Generated_Source\PSoC5/TransmitWordShift.c **** /*******************************************************************************
   2:Generated_Source\PSoC5/TransmitWordShift.c **** * File Name: TransmitWordShift.c  
   3:Generated_Source\PSoC5/TransmitWordShift.c **** * Version 1.70
   4:Generated_Source\PSoC5/TransmitWordShift.c **** *
   5:Generated_Source\PSoC5/TransmitWordShift.c **** *  Description:
   6:Generated_Source\PSoC5/TransmitWordShift.c **** *   API for controlling the state of an interrupt.
   7:Generated_Source\PSoC5/TransmitWordShift.c **** *
   8:Generated_Source\PSoC5/TransmitWordShift.c **** *
   9:Generated_Source\PSoC5/TransmitWordShift.c **** *  Note:
  10:Generated_Source\PSoC5/TransmitWordShift.c **** *
  11:Generated_Source\PSoC5/TransmitWordShift.c **** ********************************************************************************
  12:Generated_Source\PSoC5/TransmitWordShift.c **** * Copyright 2008-2015, Cypress Semiconductor Corporation.  All rights reserved.
  13:Generated_Source\PSoC5/TransmitWordShift.c **** * You may use this file only in accordance with the license, terms, conditions, 
  14:Generated_Source\PSoC5/TransmitWordShift.c **** * disclaimers, and limitations in the end user license agreement accompanying 
  15:Generated_Source\PSoC5/TransmitWordShift.c **** * the software package with which this file was provided.
  16:Generated_Source\PSoC5/TransmitWordShift.c **** *******************************************************************************/
  17:Generated_Source\PSoC5/TransmitWordShift.c **** 
  18:Generated_Source\PSoC5/TransmitWordShift.c **** 
  19:Generated_Source\PSoC5/TransmitWordShift.c **** #include <cydevice_trm.h>
  20:Generated_Source\PSoC5/TransmitWordShift.c **** #include <CyLib.h>
  21:Generated_Source\PSoC5/TransmitWordShift.c **** #include <TransmitWordShift.h>
  22:Generated_Source\PSoC5/TransmitWordShift.c **** #include "cyapicallbacks.h"
  23:Generated_Source\PSoC5/TransmitWordShift.c **** 
  24:Generated_Source\PSoC5/TransmitWordShift.c **** #if !defined(TransmitWordShift__REMOVED) /* Check for removal by optimization */
  25:Generated_Source\PSoC5/TransmitWordShift.c **** 
  26:Generated_Source\PSoC5/TransmitWordShift.c **** /*******************************************************************************
  27:Generated_Source\PSoC5/TransmitWordShift.c **** *  Place your includes, defines and code here 
  28:Generated_Source\PSoC5/TransmitWordShift.c **** ********************************************************************************/
  29:Generated_Source\PSoC5/TransmitWordShift.c **** /* `#START TransmitWordShift_intc` */
  30:Generated_Source\PSoC5/TransmitWordShift.c **** #include <StartTransmit.h>
ARM GAS  C:\Users\EA527~1.IVA\AppData\Local\Temp\ccpr3UYt.s 			page 2


  31:Generated_Source\PSoC5/TransmitWordShift.c **** #include <sender.h>
  32:Generated_Source\PSoC5/TransmitWordShift.c **** #include <BitCounterEnc.h>
  33:Generated_Source\PSoC5/TransmitWordShift.c **** /* `#END` */
  34:Generated_Source\PSoC5/TransmitWordShift.c **** 
  35:Generated_Source\PSoC5/TransmitWordShift.c **** #ifndef CYINT_IRQ_BASE
  36:Generated_Source\PSoC5/TransmitWordShift.c **** #define CYINT_IRQ_BASE      16
  37:Generated_Source\PSoC5/TransmitWordShift.c **** #endif /* CYINT_IRQ_BASE */
  38:Generated_Source\PSoC5/TransmitWordShift.c **** #ifndef CYINT_VECT_TABLE
  39:Generated_Source\PSoC5/TransmitWordShift.c **** #define CYINT_VECT_TABLE    ((cyisraddress **) CYREG_NVIC_VECT_OFFSET)
  40:Generated_Source\PSoC5/TransmitWordShift.c **** #endif /* CYINT_VECT_TABLE */
  41:Generated_Source\PSoC5/TransmitWordShift.c **** 
  42:Generated_Source\PSoC5/TransmitWordShift.c **** /* Declared in startup, used to set unused interrupts to. */
  43:Generated_Source\PSoC5/TransmitWordShift.c **** CY_ISR_PROTO(IntDefaultHandler);
  44:Generated_Source\PSoC5/TransmitWordShift.c **** 
  45:Generated_Source\PSoC5/TransmitWordShift.c **** 
  46:Generated_Source\PSoC5/TransmitWordShift.c **** /*******************************************************************************
  47:Generated_Source\PSoC5/TransmitWordShift.c **** * Function Name: TransmitWordShift_Start
  48:Generated_Source\PSoC5/TransmitWordShift.c **** ********************************************************************************
  49:Generated_Source\PSoC5/TransmitWordShift.c **** *
  50:Generated_Source\PSoC5/TransmitWordShift.c **** * Summary:
  51:Generated_Source\PSoC5/TransmitWordShift.c **** *  Set up the interrupt and enable it. This function disables the interrupt, 
  52:Generated_Source\PSoC5/TransmitWordShift.c **** *  sets the default interrupt vector, sets the priority from the value in the
  53:Generated_Source\PSoC5/TransmitWordShift.c **** *  Design Wide Resources Interrupt Editor, then enables the interrupt to the 
  54:Generated_Source\PSoC5/TransmitWordShift.c **** *  interrupt controller.
  55:Generated_Source\PSoC5/TransmitWordShift.c **** *
  56:Generated_Source\PSoC5/TransmitWordShift.c **** * Parameters:  
  57:Generated_Source\PSoC5/TransmitWordShift.c **** *   None
  58:Generated_Source\PSoC5/TransmitWordShift.c **** *
  59:Generated_Source\PSoC5/TransmitWordShift.c **** * Return:
  60:Generated_Source\PSoC5/TransmitWordShift.c **** *   None
  61:Generated_Source\PSoC5/TransmitWordShift.c **** *
  62:Generated_Source\PSoC5/TransmitWordShift.c **** *******************************************************************************/
  63:Generated_Source\PSoC5/TransmitWordShift.c **** void TransmitWordShift_Start(void)
  64:Generated_Source\PSoC5/TransmitWordShift.c **** {
  65:Generated_Source\PSoC5/TransmitWordShift.c ****     /* For all we know the interrupt is active. */
  66:Generated_Source\PSoC5/TransmitWordShift.c ****     TransmitWordShift_Disable();
  67:Generated_Source\PSoC5/TransmitWordShift.c **** 
  68:Generated_Source\PSoC5/TransmitWordShift.c ****     /* Set the ISR to point to the TransmitWordShift Interrupt. */
  69:Generated_Source\PSoC5/TransmitWordShift.c ****     TransmitWordShift_SetVector(&TransmitWordShift_Interrupt);
  70:Generated_Source\PSoC5/TransmitWordShift.c **** 
  71:Generated_Source\PSoC5/TransmitWordShift.c ****     /* Set the priority. */
  72:Generated_Source\PSoC5/TransmitWordShift.c ****     TransmitWordShift_SetPriority((uint8)TransmitWordShift_INTC_PRIOR_NUMBER);
  73:Generated_Source\PSoC5/TransmitWordShift.c **** 
  74:Generated_Source\PSoC5/TransmitWordShift.c ****     /* Enable it. */
  75:Generated_Source\PSoC5/TransmitWordShift.c ****     TransmitWordShift_Enable();
  76:Generated_Source\PSoC5/TransmitWordShift.c **** }
  77:Generated_Source\PSoC5/TransmitWordShift.c **** 
  78:Generated_Source\PSoC5/TransmitWordShift.c **** 
  79:Generated_Source\PSoC5/TransmitWordShift.c **** /*******************************************************************************
  80:Generated_Source\PSoC5/TransmitWordShift.c **** * Function Name: TransmitWordShift_StartEx
  81:Generated_Source\PSoC5/TransmitWordShift.c **** ********************************************************************************
  82:Generated_Source\PSoC5/TransmitWordShift.c **** *
  83:Generated_Source\PSoC5/TransmitWordShift.c **** * Summary:
  84:Generated_Source\PSoC5/TransmitWordShift.c **** *  Sets up the interrupt and enables it. This function disables the interrupt,
  85:Generated_Source\PSoC5/TransmitWordShift.c **** *  sets the interrupt vector based on the address passed in, sets the priority 
  86:Generated_Source\PSoC5/TransmitWordShift.c **** *  from the value in the Design Wide Resources Interrupt Editor, then enables 
  87:Generated_Source\PSoC5/TransmitWordShift.c **** *  the interrupt to the interrupt controller.
ARM GAS  C:\Users\EA527~1.IVA\AppData\Local\Temp\ccpr3UYt.s 			page 3


  88:Generated_Source\PSoC5/TransmitWordShift.c **** *  
  89:Generated_Source\PSoC5/TransmitWordShift.c **** *  When defining ISR functions, the CY_ISR and CY_ISR_PROTO macros should be 
  90:Generated_Source\PSoC5/TransmitWordShift.c **** *  used to provide consistent definition across compilers:
  91:Generated_Source\PSoC5/TransmitWordShift.c **** *  
  92:Generated_Source\PSoC5/TransmitWordShift.c **** *  Function definition example:
  93:Generated_Source\PSoC5/TransmitWordShift.c **** *   CY_ISR(MyISR)
  94:Generated_Source\PSoC5/TransmitWordShift.c **** *   {
  95:Generated_Source\PSoC5/TransmitWordShift.c **** *   }
  96:Generated_Source\PSoC5/TransmitWordShift.c **** *   Function prototype example:
  97:Generated_Source\PSoC5/TransmitWordShift.c **** *   CY_ISR_PROTO(MyISR);
  98:Generated_Source\PSoC5/TransmitWordShift.c **** *
  99:Generated_Source\PSoC5/TransmitWordShift.c **** * Parameters:  
 100:Generated_Source\PSoC5/TransmitWordShift.c **** *   address: Address of the ISR to set in the interrupt vector table.
 101:Generated_Source\PSoC5/TransmitWordShift.c **** *
 102:Generated_Source\PSoC5/TransmitWordShift.c **** * Return:
 103:Generated_Source\PSoC5/TransmitWordShift.c **** *   None
 104:Generated_Source\PSoC5/TransmitWordShift.c **** *
 105:Generated_Source\PSoC5/TransmitWordShift.c **** *******************************************************************************/
 106:Generated_Source\PSoC5/TransmitWordShift.c **** void TransmitWordShift_StartEx(cyisraddress address)
 107:Generated_Source\PSoC5/TransmitWordShift.c **** {
 108:Generated_Source\PSoC5/TransmitWordShift.c ****     /* For all we know the interrupt is active. */
 109:Generated_Source\PSoC5/TransmitWordShift.c ****     TransmitWordShift_Disable();
 110:Generated_Source\PSoC5/TransmitWordShift.c **** 
 111:Generated_Source\PSoC5/TransmitWordShift.c ****     /* Set the ISR to point to the TransmitWordShift Interrupt. */
 112:Generated_Source\PSoC5/TransmitWordShift.c ****     TransmitWordShift_SetVector(address);
 113:Generated_Source\PSoC5/TransmitWordShift.c **** 
 114:Generated_Source\PSoC5/TransmitWordShift.c ****     /* Set the priority. */
 115:Generated_Source\PSoC5/TransmitWordShift.c ****     TransmitWordShift_SetPriority((uint8)TransmitWordShift_INTC_PRIOR_NUMBER);
 116:Generated_Source\PSoC5/TransmitWordShift.c **** 
 117:Generated_Source\PSoC5/TransmitWordShift.c ****     /* Enable it. */
 118:Generated_Source\PSoC5/TransmitWordShift.c ****     TransmitWordShift_Enable();
 119:Generated_Source\PSoC5/TransmitWordShift.c **** }
 120:Generated_Source\PSoC5/TransmitWordShift.c **** 
 121:Generated_Source\PSoC5/TransmitWordShift.c **** 
 122:Generated_Source\PSoC5/TransmitWordShift.c **** /*******************************************************************************
 123:Generated_Source\PSoC5/TransmitWordShift.c **** * Function Name: TransmitWordShift_Stop
 124:Generated_Source\PSoC5/TransmitWordShift.c **** ********************************************************************************
 125:Generated_Source\PSoC5/TransmitWordShift.c **** *
 126:Generated_Source\PSoC5/TransmitWordShift.c **** * Summary:
 127:Generated_Source\PSoC5/TransmitWordShift.c **** *   Disables and removes the interrupt.
 128:Generated_Source\PSoC5/TransmitWordShift.c **** *
 129:Generated_Source\PSoC5/TransmitWordShift.c **** * Parameters:  
 130:Generated_Source\PSoC5/TransmitWordShift.c **** *   None
 131:Generated_Source\PSoC5/TransmitWordShift.c **** *
 132:Generated_Source\PSoC5/TransmitWordShift.c **** * Return:
 133:Generated_Source\PSoC5/TransmitWordShift.c **** *   None
 134:Generated_Source\PSoC5/TransmitWordShift.c **** *
 135:Generated_Source\PSoC5/TransmitWordShift.c **** *******************************************************************************/
 136:Generated_Source\PSoC5/TransmitWordShift.c **** void TransmitWordShift_Stop(void)
 137:Generated_Source\PSoC5/TransmitWordShift.c **** {
 138:Generated_Source\PSoC5/TransmitWordShift.c ****     /* Disable this interrupt. */
 139:Generated_Source\PSoC5/TransmitWordShift.c ****     TransmitWordShift_Disable();
 140:Generated_Source\PSoC5/TransmitWordShift.c **** 
 141:Generated_Source\PSoC5/TransmitWordShift.c ****     /* Set the ISR to point to the passive one. */
 142:Generated_Source\PSoC5/TransmitWordShift.c ****     TransmitWordShift_SetVector(&IntDefaultHandler);
 143:Generated_Source\PSoC5/TransmitWordShift.c **** }
 144:Generated_Source\PSoC5/TransmitWordShift.c **** 
ARM GAS  C:\Users\EA527~1.IVA\AppData\Local\Temp\ccpr3UYt.s 			page 4


 145:Generated_Source\PSoC5/TransmitWordShift.c **** 
 146:Generated_Source\PSoC5/TransmitWordShift.c **** /*******************************************************************************
 147:Generated_Source\PSoC5/TransmitWordShift.c **** * Function Name: TransmitWordShift_Interrupt
 148:Generated_Source\PSoC5/TransmitWordShift.c **** ********************************************************************************
 149:Generated_Source\PSoC5/TransmitWordShift.c **** *
 150:Generated_Source\PSoC5/TransmitWordShift.c **** * Summary:
 151:Generated_Source\PSoC5/TransmitWordShift.c **** *   The default Interrupt Service Routine for TransmitWordShift.
 152:Generated_Source\PSoC5/TransmitWordShift.c **** *
 153:Generated_Source\PSoC5/TransmitWordShift.c **** *   Add custom code between the coments to keep the next version of this file
 154:Generated_Source\PSoC5/TransmitWordShift.c **** *   from over writting your code.
 155:Generated_Source\PSoC5/TransmitWordShift.c **** *
 156:Generated_Source\PSoC5/TransmitWordShift.c **** * Parameters:  
 157:Generated_Source\PSoC5/TransmitWordShift.c **** *
 158:Generated_Source\PSoC5/TransmitWordShift.c **** * Return:
 159:Generated_Source\PSoC5/TransmitWordShift.c **** *   None
 160:Generated_Source\PSoC5/TransmitWordShift.c **** *
 161:Generated_Source\PSoC5/TransmitWordShift.c **** *******************************************************************************/
 162:Generated_Source\PSoC5/TransmitWordShift.c **** CY_ISR(TransmitWordShift_Interrupt)
 163:Generated_Source\PSoC5/TransmitWordShift.c **** {
 164:Generated_Source\PSoC5/TransmitWordShift.c ****     #ifdef TransmitWordShift_INTERRUPT_INTERRUPT_CALLBACK
 165:Generated_Source\PSoC5/TransmitWordShift.c ****         TransmitWordShift_Interrupt_InterruptCallback();
 166:Generated_Source\PSoC5/TransmitWordShift.c ****     #endif /* TransmitWordShift_INTERRUPT_INTERRUPT_CALLBACK */ 
 167:Generated_Source\PSoC5/TransmitWordShift.c **** 
 168:Generated_Source\PSoC5/TransmitWordShift.c ****     /*  Place your Interrupt code here. */
 169:Generated_Source\PSoC5/TransmitWordShift.c ****     /* `#START TransmitWordShift_Interrupt` */
 170:Generated_Source\PSoC5/TransmitWordShift.c ****         ClearStatus();
 171:Generated_Source\PSoC5/TransmitWordShift.c ****         BitCounterEnc_ReadStatusRegister();
 172:Generated_Source\PSoC5/TransmitWordShift.c ****         TransmitWordShift_ClearPending();
 173:Generated_Source\PSoC5/TransmitWordShift.c ****         TransmitWordShift_Disable();
 174:Generated_Source\PSoC5/TransmitWordShift.c ****     /* `#END` */
 175:Generated_Source\PSoC5/TransmitWordShift.c **** }
 176:Generated_Source\PSoC5/TransmitWordShift.c **** 
 177:Generated_Source\PSoC5/TransmitWordShift.c **** 
 178:Generated_Source\PSoC5/TransmitWordShift.c **** /*******************************************************************************
 179:Generated_Source\PSoC5/TransmitWordShift.c **** * Function Name: TransmitWordShift_SetVector
 180:Generated_Source\PSoC5/TransmitWordShift.c **** ********************************************************************************
 181:Generated_Source\PSoC5/TransmitWordShift.c **** *
 182:Generated_Source\PSoC5/TransmitWordShift.c **** * Summary:
 183:Generated_Source\PSoC5/TransmitWordShift.c **** *   Change the ISR vector for the Interrupt. Note calling TransmitWordShift_Start
 184:Generated_Source\PSoC5/TransmitWordShift.c **** *   will override any effect this method would have had. To set the vector 
 185:Generated_Source\PSoC5/TransmitWordShift.c **** *   before the component has been started use TransmitWordShift_StartEx instead.
 186:Generated_Source\PSoC5/TransmitWordShift.c **** * 
 187:Generated_Source\PSoC5/TransmitWordShift.c **** *   When defining ISR functions, the CY_ISR and CY_ISR_PROTO macros should be 
 188:Generated_Source\PSoC5/TransmitWordShift.c **** *   used to provide consistent definition across compilers:
 189:Generated_Source\PSoC5/TransmitWordShift.c **** *
 190:Generated_Source\PSoC5/TransmitWordShift.c **** *   Function definition example:
 191:Generated_Source\PSoC5/TransmitWordShift.c **** *   CY_ISR(MyISR)
 192:Generated_Source\PSoC5/TransmitWordShift.c **** *   {
 193:Generated_Source\PSoC5/TransmitWordShift.c **** *   }
 194:Generated_Source\PSoC5/TransmitWordShift.c **** *
 195:Generated_Source\PSoC5/TransmitWordShift.c **** *   Function prototype example:
 196:Generated_Source\PSoC5/TransmitWordShift.c **** *     CY_ISR_PROTO(MyISR);
 197:Generated_Source\PSoC5/TransmitWordShift.c **** *
 198:Generated_Source\PSoC5/TransmitWordShift.c **** * Parameters:
 199:Generated_Source\PSoC5/TransmitWordShift.c **** *   address: Address of the ISR to set in the interrupt vector table.
 200:Generated_Source\PSoC5/TransmitWordShift.c **** *
 201:Generated_Source\PSoC5/TransmitWordShift.c **** * Return:
ARM GAS  C:\Users\EA527~1.IVA\AppData\Local\Temp\ccpr3UYt.s 			page 5


 202:Generated_Source\PSoC5/TransmitWordShift.c **** *   None
 203:Generated_Source\PSoC5/TransmitWordShift.c **** *
 204:Generated_Source\PSoC5/TransmitWordShift.c **** *******************************************************************************/
 205:Generated_Source\PSoC5/TransmitWordShift.c **** void TransmitWordShift_SetVector(cyisraddress address)
 206:Generated_Source\PSoC5/TransmitWordShift.c **** {
  28              		.loc 1 206 0
  29              		.cfi_startproc
  30              		@ args = 0, pretend = 0, frame = 0
  31              		@ frame_needed = 0, uses_anonymous_args = 0
  32              		@ link register save eliminated.
  33              	.LVL0:
 207:Generated_Source\PSoC5/TransmitWordShift.c ****     cyisraddress * ramVectorTable;
 208:Generated_Source\PSoC5/TransmitWordShift.c **** 
 209:Generated_Source\PSoC5/TransmitWordShift.c ****     ramVectorTable = (cyisraddress *) *CYINT_VECT_TABLE;
  34              		.loc 1 209 0
  35 0000 014B     		ldr	r3, .L2
  36 0002 1B68     		ldr	r3, [r3]
  37              	.LVL1:
 210:Generated_Source\PSoC5/TransmitWordShift.c **** 
 211:Generated_Source\PSoC5/TransmitWordShift.c ****     ramVectorTable[CYINT_IRQ_BASE + (uint32)TransmitWordShift__INTC_NUMBER] = address;
  38              		.loc 1 211 0
  39 0004 5864     		str	r0, [r3, #68]
  40 0006 7047     		bx	lr
  41              	.L3:
  42              		.align	2
  43              	.L2:
  44 0008 08ED00E0 		.word	-536810232
  45              		.cfi_endproc
  46              	.LFE4:
  47              		.size	TransmitWordShift_SetVector, .-TransmitWordShift_SetVector
  48              		.section	.text.TransmitWordShift_GetVector,"ax",%progbits
  49              		.align	2
  50              		.global	TransmitWordShift_GetVector
  51              		.thumb
  52              		.thumb_func
  53              		.type	TransmitWordShift_GetVector, %function
  54              	TransmitWordShift_GetVector:
  55              	.LFB5:
 212:Generated_Source\PSoC5/TransmitWordShift.c **** }
 213:Generated_Source\PSoC5/TransmitWordShift.c **** 
 214:Generated_Source\PSoC5/TransmitWordShift.c **** 
 215:Generated_Source\PSoC5/TransmitWordShift.c **** /*******************************************************************************
 216:Generated_Source\PSoC5/TransmitWordShift.c **** * Function Name: TransmitWordShift_GetVector
 217:Generated_Source\PSoC5/TransmitWordShift.c **** ********************************************************************************
 218:Generated_Source\PSoC5/TransmitWordShift.c **** *
 219:Generated_Source\PSoC5/TransmitWordShift.c **** * Summary:
 220:Generated_Source\PSoC5/TransmitWordShift.c **** *   Gets the "address" of the current ISR vector for the Interrupt.
 221:Generated_Source\PSoC5/TransmitWordShift.c **** *
 222:Generated_Source\PSoC5/TransmitWordShift.c **** * Parameters:
 223:Generated_Source\PSoC5/TransmitWordShift.c **** *   None
 224:Generated_Source\PSoC5/TransmitWordShift.c **** *
 225:Generated_Source\PSoC5/TransmitWordShift.c **** * Return:
 226:Generated_Source\PSoC5/TransmitWordShift.c **** *   Address of the ISR in the interrupt vector table.
 227:Generated_Source\PSoC5/TransmitWordShift.c **** *
 228:Generated_Source\PSoC5/TransmitWordShift.c **** *******************************************************************************/
 229:Generated_Source\PSoC5/TransmitWordShift.c **** cyisraddress TransmitWordShift_GetVector(void)
 230:Generated_Source\PSoC5/TransmitWordShift.c **** {
ARM GAS  C:\Users\EA527~1.IVA\AppData\Local\Temp\ccpr3UYt.s 			page 6


  56              		.loc 1 230 0
  57              		.cfi_startproc
  58              		@ args = 0, pretend = 0, frame = 0
  59              		@ frame_needed = 0, uses_anonymous_args = 0
  60              		@ link register save eliminated.
 231:Generated_Source\PSoC5/TransmitWordShift.c ****     cyisraddress * ramVectorTable;
 232:Generated_Source\PSoC5/TransmitWordShift.c **** 
 233:Generated_Source\PSoC5/TransmitWordShift.c ****     ramVectorTable = (cyisraddress *) *CYINT_VECT_TABLE;
  61              		.loc 1 233 0
  62 0000 014B     		ldr	r3, .L5
  63 0002 1B68     		ldr	r3, [r3]
  64              	.LVL2:
 234:Generated_Source\PSoC5/TransmitWordShift.c **** 
 235:Generated_Source\PSoC5/TransmitWordShift.c ****     return ramVectorTable[CYINT_IRQ_BASE + (uint32)TransmitWordShift__INTC_NUMBER];
 236:Generated_Source\PSoC5/TransmitWordShift.c **** }
  65              		.loc 1 236 0
  66 0004 586C     		ldr	r0, [r3, #68]
  67 0006 7047     		bx	lr
  68              	.L6:
  69              		.align	2
  70              	.L5:
  71 0008 08ED00E0 		.word	-536810232
  72              		.cfi_endproc
  73              	.LFE5:
  74              		.size	TransmitWordShift_GetVector, .-TransmitWordShift_GetVector
  75              		.section	.text.TransmitWordShift_SetPriority,"ax",%progbits
  76              		.align	2
  77              		.global	TransmitWordShift_SetPriority
  78              		.thumb
  79              		.thumb_func
  80              		.type	TransmitWordShift_SetPriority, %function
  81              	TransmitWordShift_SetPriority:
  82              	.LFB6:
 237:Generated_Source\PSoC5/TransmitWordShift.c **** 
 238:Generated_Source\PSoC5/TransmitWordShift.c **** 
 239:Generated_Source\PSoC5/TransmitWordShift.c **** /*******************************************************************************
 240:Generated_Source\PSoC5/TransmitWordShift.c **** * Function Name: TransmitWordShift_SetPriority
 241:Generated_Source\PSoC5/TransmitWordShift.c **** ********************************************************************************
 242:Generated_Source\PSoC5/TransmitWordShift.c **** *
 243:Generated_Source\PSoC5/TransmitWordShift.c **** * Summary:
 244:Generated_Source\PSoC5/TransmitWordShift.c **** *   Sets the Priority of the Interrupt. 
 245:Generated_Source\PSoC5/TransmitWordShift.c **** *
 246:Generated_Source\PSoC5/TransmitWordShift.c **** *   Note calling TransmitWordShift_Start or TransmitWordShift_StartEx will 
 247:Generated_Source\PSoC5/TransmitWordShift.c **** *   override any effect this API would have had. This API should only be called
 248:Generated_Source\PSoC5/TransmitWordShift.c **** *   after TransmitWordShift_Start or TransmitWordShift_StartEx has been called. 
 249:Generated_Source\PSoC5/TransmitWordShift.c **** *   To set the initial priority for the component, use the Design-Wide Resources
 250:Generated_Source\PSoC5/TransmitWordShift.c **** *   Interrupt Editor.
 251:Generated_Source\PSoC5/TransmitWordShift.c **** *
 252:Generated_Source\PSoC5/TransmitWordShift.c **** *   Note This API has no effect on Non-maskable interrupt NMI).
 253:Generated_Source\PSoC5/TransmitWordShift.c **** *
 254:Generated_Source\PSoC5/TransmitWordShift.c **** * Parameters:
 255:Generated_Source\PSoC5/TransmitWordShift.c **** *   priority: Priority of the interrupt, 0 being the highest priority
 256:Generated_Source\PSoC5/TransmitWordShift.c **** *             PSoC 3 and PSoC 5LP: Priority is from 0 to 7.
 257:Generated_Source\PSoC5/TransmitWordShift.c **** *             PSoC 4: Priority is from 0 to 3.
 258:Generated_Source\PSoC5/TransmitWordShift.c **** *
 259:Generated_Source\PSoC5/TransmitWordShift.c **** * Return:
 260:Generated_Source\PSoC5/TransmitWordShift.c **** *   None
ARM GAS  C:\Users\EA527~1.IVA\AppData\Local\Temp\ccpr3UYt.s 			page 7


 261:Generated_Source\PSoC5/TransmitWordShift.c **** *
 262:Generated_Source\PSoC5/TransmitWordShift.c **** *******************************************************************************/
 263:Generated_Source\PSoC5/TransmitWordShift.c **** void TransmitWordShift_SetPriority(uint8 priority)
 264:Generated_Source\PSoC5/TransmitWordShift.c **** {
  83              		.loc 1 264 0
  84              		.cfi_startproc
  85              		@ args = 0, pretend = 0, frame = 0
  86              		@ frame_needed = 0, uses_anonymous_args = 0
  87              		@ link register save eliminated.
  88              	.LVL3:
 265:Generated_Source\PSoC5/TransmitWordShift.c ****     *TransmitWordShift_INTC_PRIOR = priority << 5;
  89              		.loc 1 265 0
  90 0000 4001     		lsls	r0, r0, #5
  91              	.LVL4:
  92 0002 C0B2     		uxtb	r0, r0
  93 0004 014B     		ldr	r3, .L8
  94 0006 1870     		strb	r0, [r3]
  95 0008 7047     		bx	lr
  96              	.L9:
  97 000a 00BF     		.align	2
  98              	.L8:
  99 000c 01E400E0 		.word	-536812543
 100              		.cfi_endproc
 101              	.LFE6:
 102              		.size	TransmitWordShift_SetPriority, .-TransmitWordShift_SetPriority
 103              		.section	.text.TransmitWordShift_GetPriority,"ax",%progbits
 104              		.align	2
 105              		.global	TransmitWordShift_GetPriority
 106              		.thumb
 107              		.thumb_func
 108              		.type	TransmitWordShift_GetPriority, %function
 109              	TransmitWordShift_GetPriority:
 110              	.LFB7:
 266:Generated_Source\PSoC5/TransmitWordShift.c **** }
 267:Generated_Source\PSoC5/TransmitWordShift.c **** 
 268:Generated_Source\PSoC5/TransmitWordShift.c **** 
 269:Generated_Source\PSoC5/TransmitWordShift.c **** /*******************************************************************************
 270:Generated_Source\PSoC5/TransmitWordShift.c **** * Function Name: TransmitWordShift_GetPriority
 271:Generated_Source\PSoC5/TransmitWordShift.c **** ********************************************************************************
 272:Generated_Source\PSoC5/TransmitWordShift.c **** *
 273:Generated_Source\PSoC5/TransmitWordShift.c **** * Summary:
 274:Generated_Source\PSoC5/TransmitWordShift.c **** *   Gets the Priority of the Interrupt.
 275:Generated_Source\PSoC5/TransmitWordShift.c **** *
 276:Generated_Source\PSoC5/TransmitWordShift.c **** * Parameters:
 277:Generated_Source\PSoC5/TransmitWordShift.c **** *   None
 278:Generated_Source\PSoC5/TransmitWordShift.c **** *
 279:Generated_Source\PSoC5/TransmitWordShift.c **** * Return:
 280:Generated_Source\PSoC5/TransmitWordShift.c **** *   Priority of the interrupt, 0 being the highest priority
 281:Generated_Source\PSoC5/TransmitWordShift.c **** *    PSoC 3 and PSoC 5LP: Priority is from 0 to 7.
 282:Generated_Source\PSoC5/TransmitWordShift.c **** *    PSoC 4: Priority is from 0 to 3.
 283:Generated_Source\PSoC5/TransmitWordShift.c **** *
 284:Generated_Source\PSoC5/TransmitWordShift.c **** *******************************************************************************/
 285:Generated_Source\PSoC5/TransmitWordShift.c **** uint8 TransmitWordShift_GetPriority(void)
 286:Generated_Source\PSoC5/TransmitWordShift.c **** {
 111              		.loc 1 286 0
 112              		.cfi_startproc
 113              		@ args = 0, pretend = 0, frame = 0
ARM GAS  C:\Users\EA527~1.IVA\AppData\Local\Temp\ccpr3UYt.s 			page 8


 114              		@ frame_needed = 0, uses_anonymous_args = 0
 115              		@ link register save eliminated.
 287:Generated_Source\PSoC5/TransmitWordShift.c ****     uint8 priority;
 288:Generated_Source\PSoC5/TransmitWordShift.c **** 
 289:Generated_Source\PSoC5/TransmitWordShift.c **** 
 290:Generated_Source\PSoC5/TransmitWordShift.c ****     priority = *TransmitWordShift_INTC_PRIOR >> 5;
 116              		.loc 1 290 0
 117 0000 014B     		ldr	r3, .L11
 118 0002 1878     		ldrb	r0, [r3]	@ zero_extendqisi2
 119              	.LVL5:
 291:Generated_Source\PSoC5/TransmitWordShift.c **** 
 292:Generated_Source\PSoC5/TransmitWordShift.c ****     return priority;
 293:Generated_Source\PSoC5/TransmitWordShift.c **** }
 120              		.loc 1 293 0
 121 0004 4009     		lsrs	r0, r0, #5
 122              	.LVL6:
 123 0006 7047     		bx	lr
 124              	.L12:
 125              		.align	2
 126              	.L11:
 127 0008 01E400E0 		.word	-536812543
 128              		.cfi_endproc
 129              	.LFE7:
 130              		.size	TransmitWordShift_GetPriority, .-TransmitWordShift_GetPriority
 131              		.section	.text.TransmitWordShift_Enable,"ax",%progbits
 132              		.align	2
 133              		.global	TransmitWordShift_Enable
 134              		.thumb
 135              		.thumb_func
 136              		.type	TransmitWordShift_Enable, %function
 137              	TransmitWordShift_Enable:
 138              	.LFB8:
 294:Generated_Source\PSoC5/TransmitWordShift.c **** 
 295:Generated_Source\PSoC5/TransmitWordShift.c **** 
 296:Generated_Source\PSoC5/TransmitWordShift.c **** /*******************************************************************************
 297:Generated_Source\PSoC5/TransmitWordShift.c **** * Function Name: TransmitWordShift_Enable
 298:Generated_Source\PSoC5/TransmitWordShift.c **** ********************************************************************************
 299:Generated_Source\PSoC5/TransmitWordShift.c **** *
 300:Generated_Source\PSoC5/TransmitWordShift.c **** * Summary:
 301:Generated_Source\PSoC5/TransmitWordShift.c **** *   Enables the interrupt to the interrupt controller. Do not call this function
 302:Generated_Source\PSoC5/TransmitWordShift.c **** *   unless ISR_Start() has been called or the functionality of the ISR_Start() 
 303:Generated_Source\PSoC5/TransmitWordShift.c **** *   function, which sets the vector and the priority, has been called.
 304:Generated_Source\PSoC5/TransmitWordShift.c **** *
 305:Generated_Source\PSoC5/TransmitWordShift.c **** * Parameters:
 306:Generated_Source\PSoC5/TransmitWordShift.c **** *   None
 307:Generated_Source\PSoC5/TransmitWordShift.c **** *
 308:Generated_Source\PSoC5/TransmitWordShift.c **** * Return:
 309:Generated_Source\PSoC5/TransmitWordShift.c **** *   None
 310:Generated_Source\PSoC5/TransmitWordShift.c **** *
 311:Generated_Source\PSoC5/TransmitWordShift.c **** *******************************************************************************/
 312:Generated_Source\PSoC5/TransmitWordShift.c **** void TransmitWordShift_Enable(void)
 313:Generated_Source\PSoC5/TransmitWordShift.c **** {
 139              		.loc 1 313 0
 140              		.cfi_startproc
 141              		@ args = 0, pretend = 0, frame = 0
 142              		@ frame_needed = 0, uses_anonymous_args = 0
 143              		@ link register save eliminated.
ARM GAS  C:\Users\EA527~1.IVA\AppData\Local\Temp\ccpr3UYt.s 			page 9


 314:Generated_Source\PSoC5/TransmitWordShift.c ****     /* Enable the general interrupt. */
 315:Generated_Source\PSoC5/TransmitWordShift.c ****     *TransmitWordShift_INTC_SET_EN = TransmitWordShift__INTC_MASK;
 144              		.loc 1 315 0
 145 0000 0222     		movs	r2, #2
 146 0002 014B     		ldr	r3, .L14
 147 0004 1A60     		str	r2, [r3]
 148 0006 7047     		bx	lr
 149              	.L15:
 150              		.align	2
 151              	.L14:
 152 0008 00E100E0 		.word	-536813312
 153              		.cfi_endproc
 154              	.LFE8:
 155              		.size	TransmitWordShift_Enable, .-TransmitWordShift_Enable
 156              		.section	.text.TransmitWordShift_GetState,"ax",%progbits
 157              		.align	2
 158              		.global	TransmitWordShift_GetState
 159              		.thumb
 160              		.thumb_func
 161              		.type	TransmitWordShift_GetState, %function
 162              	TransmitWordShift_GetState:
 163              	.LFB9:
 316:Generated_Source\PSoC5/TransmitWordShift.c **** }
 317:Generated_Source\PSoC5/TransmitWordShift.c **** 
 318:Generated_Source\PSoC5/TransmitWordShift.c **** 
 319:Generated_Source\PSoC5/TransmitWordShift.c **** /*******************************************************************************
 320:Generated_Source\PSoC5/TransmitWordShift.c **** * Function Name: TransmitWordShift_GetState
 321:Generated_Source\PSoC5/TransmitWordShift.c **** ********************************************************************************
 322:Generated_Source\PSoC5/TransmitWordShift.c **** *
 323:Generated_Source\PSoC5/TransmitWordShift.c **** * Summary:
 324:Generated_Source\PSoC5/TransmitWordShift.c **** *   Gets the state (enabled, disabled) of the Interrupt.
 325:Generated_Source\PSoC5/TransmitWordShift.c **** *
 326:Generated_Source\PSoC5/TransmitWordShift.c **** * Parameters:
 327:Generated_Source\PSoC5/TransmitWordShift.c **** *   None
 328:Generated_Source\PSoC5/TransmitWordShift.c **** *
 329:Generated_Source\PSoC5/TransmitWordShift.c **** * Return:
 330:Generated_Source\PSoC5/TransmitWordShift.c **** *   1 if enabled, 0 if disabled.
 331:Generated_Source\PSoC5/TransmitWordShift.c **** *
 332:Generated_Source\PSoC5/TransmitWordShift.c **** *******************************************************************************/
 333:Generated_Source\PSoC5/TransmitWordShift.c **** uint8 TransmitWordShift_GetState(void)
 334:Generated_Source\PSoC5/TransmitWordShift.c **** {
 164              		.loc 1 334 0
 165              		.cfi_startproc
 166              		@ args = 0, pretend = 0, frame = 0
 167              		@ frame_needed = 0, uses_anonymous_args = 0
 168              		@ link register save eliminated.
 335:Generated_Source\PSoC5/TransmitWordShift.c ****     /* Get the state of the general interrupt. */
 336:Generated_Source\PSoC5/TransmitWordShift.c ****     return ((*TransmitWordShift_INTC_SET_EN & (uint32)TransmitWordShift__INTC_MASK) != 0u) ? 1u:0u;
 169              		.loc 1 336 0
 170 0000 044B     		ldr	r3, .L19
 171 0002 1B68     		ldr	r3, [r3]
 172 0004 13F0020F 		tst	r3, #2
 173 0008 01D0     		beq	.L18
 174 000a 0120     		movs	r0, #1
 175 000c 7047     		bx	lr
 176              	.L18:
 177 000e 0020     		movs	r0, #0
ARM GAS  C:\Users\EA527~1.IVA\AppData\Local\Temp\ccpr3UYt.s 			page 10


 337:Generated_Source\PSoC5/TransmitWordShift.c **** }
 178              		.loc 1 337 0
 179 0010 7047     		bx	lr
 180              	.L20:
 181 0012 00BF     		.align	2
 182              	.L19:
 183 0014 00E100E0 		.word	-536813312
 184              		.cfi_endproc
 185              	.LFE9:
 186              		.size	TransmitWordShift_GetState, .-TransmitWordShift_GetState
 187              		.section	.text.TransmitWordShift_Disable,"ax",%progbits
 188              		.align	2
 189              		.global	TransmitWordShift_Disable
 190              		.thumb
 191              		.thumb_func
 192              		.type	TransmitWordShift_Disable, %function
 193              	TransmitWordShift_Disable:
 194              	.LFB10:
 338:Generated_Source\PSoC5/TransmitWordShift.c **** 
 339:Generated_Source\PSoC5/TransmitWordShift.c **** 
 340:Generated_Source\PSoC5/TransmitWordShift.c **** /*******************************************************************************
 341:Generated_Source\PSoC5/TransmitWordShift.c **** * Function Name: TransmitWordShift_Disable
 342:Generated_Source\PSoC5/TransmitWordShift.c **** ********************************************************************************
 343:Generated_Source\PSoC5/TransmitWordShift.c **** *
 344:Generated_Source\PSoC5/TransmitWordShift.c **** * Summary:
 345:Generated_Source\PSoC5/TransmitWordShift.c **** *   Disables the Interrupt in the interrupt controller.
 346:Generated_Source\PSoC5/TransmitWordShift.c **** *
 347:Generated_Source\PSoC5/TransmitWordShift.c **** * Parameters:
 348:Generated_Source\PSoC5/TransmitWordShift.c **** *   None
 349:Generated_Source\PSoC5/TransmitWordShift.c **** *
 350:Generated_Source\PSoC5/TransmitWordShift.c **** * Return:
 351:Generated_Source\PSoC5/TransmitWordShift.c **** *   None
 352:Generated_Source\PSoC5/TransmitWordShift.c **** *
 353:Generated_Source\PSoC5/TransmitWordShift.c **** *******************************************************************************/
 354:Generated_Source\PSoC5/TransmitWordShift.c **** void TransmitWordShift_Disable(void)
 355:Generated_Source\PSoC5/TransmitWordShift.c **** {
 195              		.loc 1 355 0
 196              		.cfi_startproc
 197              		@ args = 0, pretend = 0, frame = 0
 198              		@ frame_needed = 0, uses_anonymous_args = 0
 199              		@ link register save eliminated.
 356:Generated_Source\PSoC5/TransmitWordShift.c ****     /* Disable the general interrupt. */
 357:Generated_Source\PSoC5/TransmitWordShift.c ****     *TransmitWordShift_INTC_CLR_EN = TransmitWordShift__INTC_MASK;
 200              		.loc 1 357 0
 201 0000 0222     		movs	r2, #2
 202 0002 014B     		ldr	r3, .L22
 203 0004 1A60     		str	r2, [r3]
 204 0006 7047     		bx	lr
 205              	.L23:
 206              		.align	2
 207              	.L22:
 208 0008 80E100E0 		.word	-536813184
 209              		.cfi_endproc
 210              	.LFE10:
 211              		.size	TransmitWordShift_Disable, .-TransmitWordShift_Disable
 212              		.section	.text.TransmitWordShift_Start,"ax",%progbits
 213              		.align	2
ARM GAS  C:\Users\EA527~1.IVA\AppData\Local\Temp\ccpr3UYt.s 			page 11


 214              		.global	TransmitWordShift_Start
 215              		.thumb
 216              		.thumb_func
 217              		.type	TransmitWordShift_Start, %function
 218              	TransmitWordShift_Start:
 219              	.LFB0:
  64:Generated_Source\PSoC5/TransmitWordShift.c ****     /* For all we know the interrupt is active. */
 220              		.loc 1 64 0
 221              		.cfi_startproc
 222              		@ args = 0, pretend = 0, frame = 0
 223              		@ frame_needed = 0, uses_anonymous_args = 0
 224 0000 08B5     		push	{r3, lr}
 225              		.cfi_def_cfa_offset 8
 226              		.cfi_offset 3, -8
 227              		.cfi_offset 14, -4
  66:Generated_Source\PSoC5/TransmitWordShift.c **** 
 228              		.loc 1 66 0
 229 0002 FFF7FEFF 		bl	TransmitWordShift_Disable
 230              	.LVL7:
  69:Generated_Source\PSoC5/TransmitWordShift.c **** 
 231              		.loc 1 69 0
 232 0006 0448     		ldr	r0, .L26
 233 0008 FFF7FEFF 		bl	TransmitWordShift_SetVector
 234              	.LVL8:
  72:Generated_Source\PSoC5/TransmitWordShift.c **** 
 235              		.loc 1 72 0
 236 000c 0620     		movs	r0, #6
 237 000e FFF7FEFF 		bl	TransmitWordShift_SetPriority
 238              	.LVL9:
  75:Generated_Source\PSoC5/TransmitWordShift.c **** }
 239              		.loc 1 75 0
 240 0012 FFF7FEFF 		bl	TransmitWordShift_Enable
 241              	.LVL10:
 242 0016 08BD     		pop	{r3, pc}
 243              	.L27:
 244              		.align	2
 245              	.L26:
 246 0018 00000000 		.word	TransmitWordShift_Interrupt
 247              		.cfi_endproc
 248              	.LFE0:
 249              		.size	TransmitWordShift_Start, .-TransmitWordShift_Start
 250              		.section	.text.TransmitWordShift_StartEx,"ax",%progbits
 251              		.align	2
 252              		.global	TransmitWordShift_StartEx
 253              		.thumb
 254              		.thumb_func
 255              		.type	TransmitWordShift_StartEx, %function
 256              	TransmitWordShift_StartEx:
 257              	.LFB1:
 107:Generated_Source\PSoC5/TransmitWordShift.c ****     /* For all we know the interrupt is active. */
 258              		.loc 1 107 0
 259              		.cfi_startproc
 260              		@ args = 0, pretend = 0, frame = 0
 261              		@ frame_needed = 0, uses_anonymous_args = 0
 262              	.LVL11:
 263 0000 10B5     		push	{r4, lr}
 264              		.cfi_def_cfa_offset 8
ARM GAS  C:\Users\EA527~1.IVA\AppData\Local\Temp\ccpr3UYt.s 			page 12


 265              		.cfi_offset 4, -8
 266              		.cfi_offset 14, -4
 267 0002 0446     		mov	r4, r0
 109:Generated_Source\PSoC5/TransmitWordShift.c **** 
 268              		.loc 1 109 0
 269 0004 FFF7FEFF 		bl	TransmitWordShift_Disable
 270              	.LVL12:
 112:Generated_Source\PSoC5/TransmitWordShift.c **** 
 271              		.loc 1 112 0
 272 0008 2046     		mov	r0, r4
 273 000a FFF7FEFF 		bl	TransmitWordShift_SetVector
 274              	.LVL13:
 115:Generated_Source\PSoC5/TransmitWordShift.c **** 
 275              		.loc 1 115 0
 276 000e 0620     		movs	r0, #6
 277 0010 FFF7FEFF 		bl	TransmitWordShift_SetPriority
 278              	.LVL14:
 118:Generated_Source\PSoC5/TransmitWordShift.c **** }
 279              		.loc 1 118 0
 280 0014 FFF7FEFF 		bl	TransmitWordShift_Enable
 281              	.LVL15:
 282 0018 10BD     		pop	{r4, pc}
 283              		.cfi_endproc
 284              	.LFE1:
 285              		.size	TransmitWordShift_StartEx, .-TransmitWordShift_StartEx
 286 001a 00BF     		.section	.text.TransmitWordShift_Stop,"ax",%progbits
 287              		.align	2
 288              		.global	TransmitWordShift_Stop
 289              		.thumb
 290              		.thumb_func
 291              		.type	TransmitWordShift_Stop, %function
 292              	TransmitWordShift_Stop:
 293              	.LFB2:
 137:Generated_Source\PSoC5/TransmitWordShift.c ****     /* Disable this interrupt. */
 294              		.loc 1 137 0
 295              		.cfi_startproc
 296              		@ args = 0, pretend = 0, frame = 0
 297              		@ frame_needed = 0, uses_anonymous_args = 0
 298 0000 08B5     		push	{r3, lr}
 299              		.cfi_def_cfa_offset 8
 300              		.cfi_offset 3, -8
 301              		.cfi_offset 14, -4
 139:Generated_Source\PSoC5/TransmitWordShift.c **** 
 302              		.loc 1 139 0
 303 0002 FFF7FEFF 		bl	TransmitWordShift_Disable
 304              	.LVL16:
 142:Generated_Source\PSoC5/TransmitWordShift.c **** }
 305              		.loc 1 142 0
 306 0006 0248     		ldr	r0, .L32
 307 0008 FFF7FEFF 		bl	TransmitWordShift_SetVector
 308              	.LVL17:
 309 000c 08BD     		pop	{r3, pc}
 310              	.L33:
 311 000e 00BF     		.align	2
 312              	.L32:
 313 0010 00000000 		.word	IntDefaultHandler
 314              		.cfi_endproc
ARM GAS  C:\Users\EA527~1.IVA\AppData\Local\Temp\ccpr3UYt.s 			page 13


 315              	.LFE2:
 316              		.size	TransmitWordShift_Stop, .-TransmitWordShift_Stop
 317              		.section	.text.TransmitWordShift_SetPending,"ax",%progbits
 318              		.align	2
 319              		.global	TransmitWordShift_SetPending
 320              		.thumb
 321              		.thumb_func
 322              		.type	TransmitWordShift_SetPending, %function
 323              	TransmitWordShift_SetPending:
 324              	.LFB11:
 358:Generated_Source\PSoC5/TransmitWordShift.c **** }
 359:Generated_Source\PSoC5/TransmitWordShift.c **** 
 360:Generated_Source\PSoC5/TransmitWordShift.c **** 
 361:Generated_Source\PSoC5/TransmitWordShift.c **** /*******************************************************************************
 362:Generated_Source\PSoC5/TransmitWordShift.c **** * Function Name: TransmitWordShift_SetPending
 363:Generated_Source\PSoC5/TransmitWordShift.c **** ********************************************************************************
 364:Generated_Source\PSoC5/TransmitWordShift.c **** *
 365:Generated_Source\PSoC5/TransmitWordShift.c **** * Summary:
 366:Generated_Source\PSoC5/TransmitWordShift.c **** *   Causes the Interrupt to enter the pending state, a software method of
 367:Generated_Source\PSoC5/TransmitWordShift.c **** *   generating the interrupt.
 368:Generated_Source\PSoC5/TransmitWordShift.c **** *
 369:Generated_Source\PSoC5/TransmitWordShift.c **** * Parameters:
 370:Generated_Source\PSoC5/TransmitWordShift.c **** *   None
 371:Generated_Source\PSoC5/TransmitWordShift.c **** *
 372:Generated_Source\PSoC5/TransmitWordShift.c **** * Return:
 373:Generated_Source\PSoC5/TransmitWordShift.c **** *   None
 374:Generated_Source\PSoC5/TransmitWordShift.c **** *
 375:Generated_Source\PSoC5/TransmitWordShift.c **** * Side Effects:
 376:Generated_Source\PSoC5/TransmitWordShift.c **** *   If interrupts are enabled and the interrupt is set up properly, the ISR is
 377:Generated_Source\PSoC5/TransmitWordShift.c **** *   entered (depending on the priority of this interrupt and other pending 
 378:Generated_Source\PSoC5/TransmitWordShift.c **** *   interrupts).
 379:Generated_Source\PSoC5/TransmitWordShift.c **** *
 380:Generated_Source\PSoC5/TransmitWordShift.c **** *******************************************************************************/
 381:Generated_Source\PSoC5/TransmitWordShift.c **** void TransmitWordShift_SetPending(void)
 382:Generated_Source\PSoC5/TransmitWordShift.c **** {
 325              		.loc 1 382 0
 326              		.cfi_startproc
 327              		@ args = 0, pretend = 0, frame = 0
 328              		@ frame_needed = 0, uses_anonymous_args = 0
 329              		@ link register save eliminated.
 383:Generated_Source\PSoC5/TransmitWordShift.c ****     *TransmitWordShift_INTC_SET_PD = TransmitWordShift__INTC_MASK;
 330              		.loc 1 383 0
 331 0000 0222     		movs	r2, #2
 332 0002 014B     		ldr	r3, .L35
 333 0004 1A60     		str	r2, [r3]
 334 0006 7047     		bx	lr
 335              	.L36:
 336              		.align	2
 337              	.L35:
 338 0008 00E200E0 		.word	-536813056
 339              		.cfi_endproc
 340              	.LFE11:
 341              		.size	TransmitWordShift_SetPending, .-TransmitWordShift_SetPending
 342              		.section	.text.TransmitWordShift_ClearPending,"ax",%progbits
 343              		.align	2
 344              		.global	TransmitWordShift_ClearPending
 345              		.thumb
ARM GAS  C:\Users\EA527~1.IVA\AppData\Local\Temp\ccpr3UYt.s 			page 14


 346              		.thumb_func
 347              		.type	TransmitWordShift_ClearPending, %function
 348              	TransmitWordShift_ClearPending:
 349              	.LFB12:
 384:Generated_Source\PSoC5/TransmitWordShift.c **** }
 385:Generated_Source\PSoC5/TransmitWordShift.c **** 
 386:Generated_Source\PSoC5/TransmitWordShift.c **** 
 387:Generated_Source\PSoC5/TransmitWordShift.c **** /*******************************************************************************
 388:Generated_Source\PSoC5/TransmitWordShift.c **** * Function Name: TransmitWordShift_ClearPending
 389:Generated_Source\PSoC5/TransmitWordShift.c **** ********************************************************************************
 390:Generated_Source\PSoC5/TransmitWordShift.c **** *
 391:Generated_Source\PSoC5/TransmitWordShift.c **** * Summary:
 392:Generated_Source\PSoC5/TransmitWordShift.c **** *   Clears a pending interrupt in the interrupt controller.
 393:Generated_Source\PSoC5/TransmitWordShift.c **** *
 394:Generated_Source\PSoC5/TransmitWordShift.c **** *   Note Some interrupt sources are clear-on-read and require the block 
 395:Generated_Source\PSoC5/TransmitWordShift.c **** *   interrupt/status register to be read/cleared with the appropriate block API 
 396:Generated_Source\PSoC5/TransmitWordShift.c **** *   (GPIO, UART, and so on). Otherwise the ISR will continue to remain in 
 397:Generated_Source\PSoC5/TransmitWordShift.c **** *   pending state even though the interrupt itself is cleared using this API.
 398:Generated_Source\PSoC5/TransmitWordShift.c **** *
 399:Generated_Source\PSoC5/TransmitWordShift.c **** * Parameters:
 400:Generated_Source\PSoC5/TransmitWordShift.c **** *   None
 401:Generated_Source\PSoC5/TransmitWordShift.c **** *
 402:Generated_Source\PSoC5/TransmitWordShift.c **** * Return:
 403:Generated_Source\PSoC5/TransmitWordShift.c **** *   None
 404:Generated_Source\PSoC5/TransmitWordShift.c **** *
 405:Generated_Source\PSoC5/TransmitWordShift.c **** *******************************************************************************/
 406:Generated_Source\PSoC5/TransmitWordShift.c **** void TransmitWordShift_ClearPending(void)
 407:Generated_Source\PSoC5/TransmitWordShift.c **** {
 350              		.loc 1 407 0
 351              		.cfi_startproc
 352              		@ args = 0, pretend = 0, frame = 0
 353              		@ frame_needed = 0, uses_anonymous_args = 0
 354              		@ link register save eliminated.
 408:Generated_Source\PSoC5/TransmitWordShift.c ****     *TransmitWordShift_INTC_CLR_PD = TransmitWordShift__INTC_MASK;
 355              		.loc 1 408 0
 356 0000 0222     		movs	r2, #2
 357 0002 014B     		ldr	r3, .L38
 358 0004 1A60     		str	r2, [r3]
 359 0006 7047     		bx	lr
 360              	.L39:
 361              		.align	2
 362              	.L38:
 363 0008 80E200E0 		.word	-536812928
 364              		.cfi_endproc
 365              	.LFE12:
 366              		.size	TransmitWordShift_ClearPending, .-TransmitWordShift_ClearPending
 367              		.section	.text.TransmitWordShift_Interrupt,"ax",%progbits
 368              		.align	2
 369              		.global	TransmitWordShift_Interrupt
 370              		.thumb
 371              		.thumb_func
 372              		.type	TransmitWordShift_Interrupt, %function
 373              	TransmitWordShift_Interrupt:
 374              	.LFB3:
 163:Generated_Source\PSoC5/TransmitWordShift.c ****     #ifdef TransmitWordShift_INTERRUPT_INTERRUPT_CALLBACK
 375              		.loc 1 163 0
 376              		.cfi_startproc
ARM GAS  C:\Users\EA527~1.IVA\AppData\Local\Temp\ccpr3UYt.s 			page 15


 377              		@ args = 0, pretend = 0, frame = 0
 378              		@ frame_needed = 0, uses_anonymous_args = 0
 379 0000 08B5     		push	{r3, lr}
 380              		.cfi_def_cfa_offset 8
 381              		.cfi_offset 3, -8
 382              		.cfi_offset 14, -4
 170:Generated_Source\PSoC5/TransmitWordShift.c ****         BitCounterEnc_ReadStatusRegister();
 383              		.loc 1 170 0
 384 0002 FFF7FEFF 		bl	ClearStatus
 385              	.LVL18:
 171:Generated_Source\PSoC5/TransmitWordShift.c ****         TransmitWordShift_ClearPending();
 386              		.loc 1 171 0
 387 0006 FFF7FEFF 		bl	BitCounterEnc_ReadStatusRegister
 388              	.LVL19:
 172:Generated_Source\PSoC5/TransmitWordShift.c ****         TransmitWordShift_Disable();
 389              		.loc 1 172 0
 390 000a FFF7FEFF 		bl	TransmitWordShift_ClearPending
 391              	.LVL20:
 173:Generated_Source\PSoC5/TransmitWordShift.c ****     /* `#END` */
 392              		.loc 1 173 0
 393 000e FFF7FEFF 		bl	TransmitWordShift_Disable
 394              	.LVL21:
 395 0012 08BD     		pop	{r3, pc}
 396              		.cfi_endproc
 397              	.LFE3:
 398              		.size	TransmitWordShift_Interrupt, .-TransmitWordShift_Interrupt
 399              		.text
 400              	.Letext0:
 401              		.file 2 "Generated_Source\\PSoC5/cytypes.h"
 402              		.file 3 "./sender.h"
 403              		.file 4 "Generated_Source\\PSoC5/BitCounterEnc.h"
 404              		.section	.debug_info,"",%progbits
 405              	.Ldebug_info0:
 406 0000 0D030000 		.4byte	0x30d
 407 0004 0400     		.2byte	0x4
 408 0006 00000000 		.4byte	.Ldebug_abbrev0
 409 000a 04       		.byte	0x4
 410 000b 01       		.uleb128 0x1
 411 000c 04010000 		.4byte	.LASF36
 412 0010 0C       		.byte	0xc
 413 0011 1F020000 		.4byte	.LASF37
 414 0015 06000000 		.4byte	.LASF38
 415 0019 00000000 		.4byte	.Ldebug_ranges0+0
 416 001d 00000000 		.4byte	0
 417 0021 00000000 		.4byte	.Ldebug_line0
 418 0025 02       		.uleb128 0x2
 419 0026 04       		.byte	0x4
 420 0027 05       		.byte	0x5
 421 0028 696E7400 		.ascii	"int\000"
 422 002c 03       		.uleb128 0x3
 423 002d 04       		.byte	0x4
 424 002e 07       		.byte	0x7
 425 002f 6F020000 		.4byte	.LASF0
 426 0033 03       		.uleb128 0x3
 427 0034 08       		.byte	0x8
 428 0035 05       		.byte	0x5
 429 0036 B6020000 		.4byte	.LASF1
ARM GAS  C:\Users\EA527~1.IVA\AppData\Local\Temp\ccpr3UYt.s 			page 16


 430 003a 03       		.uleb128 0x3
 431 003b 08       		.byte	0x8
 432 003c 04       		.byte	0x4
 433 003d 56030000 		.4byte	.LASF2
 434 0041 03       		.uleb128 0x3
 435 0042 01       		.byte	0x1
 436 0043 06       		.byte	0x6
 437 0044 62030000 		.4byte	.LASF3
 438 0048 03       		.uleb128 0x3
 439 0049 01       		.byte	0x1
 440 004a 08       		.byte	0x8
 441 004b F6000000 		.4byte	.LASF4
 442 004f 03       		.uleb128 0x3
 443 0050 02       		.byte	0x2
 444 0051 05       		.byte	0x5
 445 0052 D8020000 		.4byte	.LASF5
 446 0056 03       		.uleb128 0x3
 447 0057 02       		.byte	0x2
 448 0058 07       		.byte	0x7
 449 0059 8A000000 		.4byte	.LASF6
 450 005d 03       		.uleb128 0x3
 451 005e 04       		.byte	0x4
 452 005f 05       		.byte	0x5
 453 0060 30030000 		.4byte	.LASF7
 454 0064 03       		.uleb128 0x3
 455 0065 04       		.byte	0x4
 456 0066 07       		.byte	0x7
 457 0067 EB010000 		.4byte	.LASF8
 458 006b 03       		.uleb128 0x3
 459 006c 08       		.byte	0x8
 460 006d 07       		.byte	0x7
 461 006e 84020000 		.4byte	.LASF9
 462 0072 03       		.uleb128 0x3
 463 0073 04       		.byte	0x4
 464 0074 07       		.byte	0x7
 465 0075 AD020000 		.4byte	.LASF10
 466 0079 03       		.uleb128 0x3
 467 007a 01       		.byte	0x1
 468 007b 08       		.byte	0x8
 469 007c C4020000 		.4byte	.LASF11
 470 0080 04       		.uleb128 0x4
 471 0081 04       		.byte	0x4
 472 0082 86000000 		.4byte	0x86
 473 0086 05       		.uleb128 0x5
 474 0087 06       		.uleb128 0x6
 475 0088 FD010000 		.4byte	.LASF12
 476 008c 02       		.byte	0x2
 477 008d E401     		.2byte	0x1e4
 478 008f 48000000 		.4byte	0x48
 479 0093 06       		.uleb128 0x6
 480 0094 4A020000 		.4byte	.LASF13
 481 0098 02       		.byte	0x2
 482 0099 E601     		.2byte	0x1e6
 483 009b 64000000 		.4byte	0x64
 484 009f 03       		.uleb128 0x3
 485 00a0 04       		.byte	0x4
 486 00a1 04       		.byte	0x4
ARM GAS  C:\Users\EA527~1.IVA\AppData\Local\Temp\ccpr3UYt.s 			page 17


 487 00a2 F0000000 		.4byte	.LASF14
 488 00a6 03       		.uleb128 0x3
 489 00a7 08       		.byte	0x8
 490 00a8 04       		.byte	0x4
 491 00a9 18020000 		.4byte	.LASF15
 492 00ad 06       		.uleb128 0x6
 493 00ae A8020000 		.4byte	.LASF16
 494 00b2 02       		.byte	0x2
 495 00b3 8E02     		.2byte	0x28e
 496 00b5 B9000000 		.4byte	0xb9
 497 00b9 07       		.uleb128 0x7
 498 00ba 87000000 		.4byte	0x87
 499 00be 06       		.uleb128 0x6
 500 00bf 00000000 		.4byte	.LASF17
 501 00c3 02       		.byte	0x2
 502 00c4 9002     		.2byte	0x290
 503 00c6 CA000000 		.4byte	0xca
 504 00ca 07       		.uleb128 0x7
 505 00cb 93000000 		.4byte	0x93
 506 00cf 06       		.uleb128 0x6
 507 00d0 9B020000 		.4byte	.LASF18
 508 00d4 02       		.byte	0x2
 509 00d5 A002     		.2byte	0x2a0
 510 00d7 80000000 		.4byte	0x80
 511 00db 08       		.uleb128 0x8
 512 00dc E2020000 		.4byte	.LASF20
 513 00e0 01       		.byte	0x1
 514 00e1 CD       		.byte	0xcd
 515 00e2 00000000 		.4byte	.LFB4
 516 00e6 0C000000 		.4byte	.LFE4-.LFB4
 517 00ea 01       		.uleb128 0x1
 518 00eb 9C       		.byte	0x9c
 519 00ec 0B010000 		.4byte	0x10b
 520 00f0 09       		.uleb128 0x9
 521 00f1 7C020000 		.4byte	.LASF22
 522 00f5 01       		.byte	0x1
 523 00f6 CD       		.byte	0xcd
 524 00f7 CF000000 		.4byte	0xcf
 525 00fb 01       		.uleb128 0x1
 526 00fc 50       		.byte	0x50
 527 00fd 0A       		.uleb128 0xa
 528 00fe C9020000 		.4byte	.LASF19
 529 0102 01       		.byte	0x1
 530 0103 CF       		.byte	0xcf
 531 0104 0B010000 		.4byte	0x10b
 532 0108 01       		.uleb128 0x1
 533 0109 53       		.byte	0x53
 534 010a 00       		.byte	0
 535 010b 04       		.uleb128 0x4
 536 010c 04       		.byte	0x4
 537 010d CF000000 		.4byte	0xcf
 538 0111 0B       		.uleb128 0xb
 539 0112 B8000000 		.4byte	.LASF24
 540 0116 01       		.byte	0x1
 541 0117 E5       		.byte	0xe5
 542 0118 CF000000 		.4byte	0xcf
 543 011c 00000000 		.4byte	.LFB5
ARM GAS  C:\Users\EA527~1.IVA\AppData\Local\Temp\ccpr3UYt.s 			page 18


 544 0120 0C000000 		.4byte	.LFE5-.LFB5
 545 0124 01       		.uleb128 0x1
 546 0125 9C       		.byte	0x9c
 547 0126 38010000 		.4byte	0x138
 548 012a 0A       		.uleb128 0xa
 549 012b C9020000 		.4byte	.LASF19
 550 012f 01       		.byte	0x1
 551 0130 E7       		.byte	0xe7
 552 0131 0B010000 		.4byte	0x10b
 553 0135 01       		.uleb128 0x1
 554 0136 53       		.byte	0x53
 555 0137 00       		.byte	0
 556 0138 0C       		.uleb128 0xc
 557 0139 51020000 		.4byte	.LASF21
 558 013d 01       		.byte	0x1
 559 013e 0701     		.2byte	0x107
 560 0140 00000000 		.4byte	.LFB6
 561 0144 10000000 		.4byte	.LFE6-.LFB6
 562 0148 01       		.uleb128 0x1
 563 0149 9C       		.byte	0x9c
 564 014a 5F010000 		.4byte	0x15f
 565 014e 0D       		.uleb128 0xd
 566 014f 03020000 		.4byte	.LASF23
 567 0153 01       		.byte	0x1
 568 0154 0701     		.2byte	0x107
 569 0156 87000000 		.4byte	0x87
 570 015a 00000000 		.4byte	.LLST0
 571 015e 00       		.byte	0
 572 015f 0E       		.uleb128 0xe
 573 0160 6C000000 		.4byte	.LASF25
 574 0164 01       		.byte	0x1
 575 0165 1D01     		.2byte	0x11d
 576 0167 87000000 		.4byte	0x87
 577 016b 00000000 		.4byte	.LFB7
 578 016f 0C000000 		.4byte	.LFE7-.LFB7
 579 0173 01       		.uleb128 0x1
 580 0174 9C       		.byte	0x9c
 581 0175 8A010000 		.4byte	0x18a
 582 0179 0F       		.uleb128 0xf
 583 017a 03020000 		.4byte	.LASF23
 584 017e 01       		.byte	0x1
 585 017f 1F01     		.2byte	0x11f
 586 0181 87000000 		.4byte	0x87
 587 0185 21000000 		.4byte	.LLST1
 588 0189 00       		.byte	0
 589 018a 10       		.uleb128 0x10
 590 018b B1010000 		.4byte	.LASF26
 591 018f 01       		.byte	0x1
 592 0190 3801     		.2byte	0x138
 593 0192 00000000 		.4byte	.LFB8
 594 0196 0C000000 		.4byte	.LFE8-.LFB8
 595 019a 01       		.uleb128 0x1
 596 019b 9C       		.byte	0x9c
 597 019c 11       		.uleb128 0x11
 598 019d 9D000000 		.4byte	.LASF39
 599 01a1 01       		.byte	0x1
 600 01a2 4D01     		.2byte	0x14d
ARM GAS  C:\Users\EA527~1.IVA\AppData\Local\Temp\ccpr3UYt.s 			page 19


 601 01a4 87000000 		.4byte	0x87
 602 01a8 00000000 		.4byte	.LFB9
 603 01ac 18000000 		.4byte	.LFE9-.LFB9
 604 01b0 01       		.uleb128 0x1
 605 01b1 9C       		.byte	0x9c
 606 01b2 10       		.uleb128 0x10
 607 01b3 FE020000 		.4byte	.LASF27
 608 01b7 01       		.byte	0x1
 609 01b8 6201     		.2byte	0x162
 610 01ba 00000000 		.4byte	.LFB10
 611 01be 0C000000 		.4byte	.LFE10-.LFB10
 612 01c2 01       		.uleb128 0x1
 613 01c3 9C       		.byte	0x9c
 614 01c4 08       		.uleb128 0x8
 615 01c5 18030000 		.4byte	.LASF28
 616 01c9 01       		.byte	0x1
 617 01ca 3F       		.byte	0x3f
 618 01cb 00000000 		.4byte	.LFB0
 619 01cf 1C000000 		.4byte	.LFE0-.LFB0
 620 01d3 01       		.uleb128 0x1
 621 01d4 9C       		.byte	0x9c
 622 01d5 16020000 		.4byte	0x216
 623 01d9 12       		.uleb128 0x12
 624 01da 06000000 		.4byte	.LVL7
 625 01de B2010000 		.4byte	0x1b2
 626 01e2 13       		.uleb128 0x13
 627 01e3 0C000000 		.4byte	.LVL8
 628 01e7 DB000000 		.4byte	0xdb
 629 01eb F9010000 		.4byte	0x1f9
 630 01ef 14       		.uleb128 0x14
 631 01f0 01       		.uleb128 0x1
 632 01f1 50       		.byte	0x50
 633 01f2 05       		.uleb128 0x5
 634 01f3 03       		.byte	0x3
 635 01f4 00000000 		.4byte	TransmitWordShift_Interrupt
 636 01f8 00       		.byte	0
 637 01f9 13       		.uleb128 0x13
 638 01fa 12000000 		.4byte	.LVL9
 639 01fe 38010000 		.4byte	0x138
 640 0202 0C020000 		.4byte	0x20c
 641 0206 14       		.uleb128 0x14
 642 0207 01       		.uleb128 0x1
 643 0208 50       		.byte	0x50
 644 0209 01       		.uleb128 0x1
 645 020a 36       		.byte	0x36
 646 020b 00       		.byte	0
 647 020c 12       		.uleb128 0x12
 648 020d 16000000 		.4byte	.LVL10
 649 0211 8A010000 		.4byte	0x18a
 650 0215 00       		.byte	0
 651 0216 08       		.uleb128 0x8
 652 0217 52000000 		.4byte	.LASF29
 653 021b 01       		.byte	0x1
 654 021c 6A       		.byte	0x6a
 655 021d 00000000 		.4byte	.LFB1
 656 0221 1A000000 		.4byte	.LFE1-.LFB1
 657 0225 01       		.uleb128 0x1
ARM GAS  C:\Users\EA527~1.IVA\AppData\Local\Temp\ccpr3UYt.s 			page 20


 658 0226 9C       		.byte	0x9c
 659 0227 74020000 		.4byte	0x274
 660 022b 15       		.uleb128 0x15
 661 022c 7C020000 		.4byte	.LASF22
 662 0230 01       		.byte	0x1
 663 0231 6A       		.byte	0x6a
 664 0232 CF000000 		.4byte	0xcf
 665 0236 38000000 		.4byte	.LLST2
 666 023a 12       		.uleb128 0x12
 667 023b 08000000 		.4byte	.LVL12
 668 023f B2010000 		.4byte	0x1b2
 669 0243 13       		.uleb128 0x13
 670 0244 0E000000 		.4byte	.LVL13
 671 0248 DB000000 		.4byte	0xdb
 672 024c 57020000 		.4byte	0x257
 673 0250 14       		.uleb128 0x14
 674 0251 01       		.uleb128 0x1
 675 0252 50       		.byte	0x50
 676 0253 02       		.uleb128 0x2
 677 0254 74       		.byte	0x74
 678 0255 00       		.sleb128 0
 679 0256 00       		.byte	0
 680 0257 13       		.uleb128 0x13
 681 0258 14000000 		.4byte	.LVL14
 682 025c 38010000 		.4byte	0x138
 683 0260 6A020000 		.4byte	0x26a
 684 0264 14       		.uleb128 0x14
 685 0265 01       		.uleb128 0x1
 686 0266 50       		.byte	0x50
 687 0267 01       		.uleb128 0x1
 688 0268 36       		.byte	0x36
 689 0269 00       		.byte	0
 690 026a 12       		.uleb128 0x12
 691 026b 18000000 		.4byte	.LVL15
 692 026f 8A010000 		.4byte	0x18a
 693 0273 00       		.byte	0
 694 0274 08       		.uleb128 0x8
 695 0275 6E030000 		.4byte	.LASF30
 696 0279 01       		.byte	0x1
 697 027a 88       		.byte	0x88
 698 027b 00000000 		.4byte	.LFB2
 699 027f 14000000 		.4byte	.LFE2-.LFB2
 700 0283 01       		.uleb128 0x1
 701 0284 9C       		.byte	0x9c
 702 0285 9C020000 		.4byte	0x29c
 703 0289 12       		.uleb128 0x12
 704 028a 06000000 		.4byte	.LVL16
 705 028e B2010000 		.4byte	0x1b2
 706 0292 12       		.uleb128 0x12
 707 0293 0C000000 		.4byte	.LVL17
 708 0297 DB000000 		.4byte	0xdb
 709 029b 00       		.byte	0
 710 029c 10       		.uleb128 0x10
 711 029d 39030000 		.4byte	.LASF31
 712 02a1 01       		.byte	0x1
 713 02a2 7D01     		.2byte	0x17d
 714 02a4 00000000 		.4byte	.LFB11
ARM GAS  C:\Users\EA527~1.IVA\AppData\Local\Temp\ccpr3UYt.s 			page 21


 715 02a8 0C000000 		.4byte	.LFE11-.LFB11
 716 02ac 01       		.uleb128 0x1
 717 02ad 9C       		.byte	0x9c
 718 02ae 10       		.uleb128 0x10
 719 02af 92010000 		.4byte	.LASF32
 720 02b3 01       		.byte	0x1
 721 02b4 9601     		.2byte	0x196
 722 02b6 00000000 		.4byte	.LFB12
 723 02ba 0C000000 		.4byte	.LFE12-.LFB12
 724 02be 01       		.uleb128 0x1
 725 02bf 9C       		.byte	0x9c
 726 02c0 08       		.uleb128 0x8
 727 02c1 D4000000 		.4byte	.LASF33
 728 02c5 01       		.byte	0x1
 729 02c6 A2       		.byte	0xa2
 730 02c7 00000000 		.4byte	.LFB3
 731 02cb 14000000 		.4byte	.LFE3-.LFB3
 732 02cf 01       		.uleb128 0x1
 733 02d0 9C       		.byte	0x9c
 734 02d1 FA020000 		.4byte	0x2fa
 735 02d5 12       		.uleb128 0x12
 736 02d6 06000000 		.4byte	.LVL18
 737 02da FA020000 		.4byte	0x2fa
 738 02de 12       		.uleb128 0x12
 739 02df 0A000000 		.4byte	.LVL19
 740 02e3 05030000 		.4byte	0x305
 741 02e7 12       		.uleb128 0x12
 742 02e8 0E000000 		.4byte	.LVL20
 743 02ec AE020000 		.4byte	0x2ae
 744 02f0 12       		.uleb128 0x12
 745 02f1 12000000 		.4byte	.LVL21
 746 02f5 B2010000 		.4byte	0x1b2
 747 02f9 00       		.byte	0
 748 02fa 16       		.uleb128 0x16
 749 02fb 0C020000 		.4byte	.LASF34
 750 02ff 0C020000 		.4byte	.LASF34
 751 0303 03       		.byte	0x3
 752 0304 25       		.byte	0x25
 753 0305 16       		.uleb128 0x16
 754 0306 CA010000 		.4byte	.LASF35
 755 030a CA010000 		.4byte	.LASF35
 756 030e 04       		.byte	0x4
 757 030f 52       		.byte	0x52
 758 0310 00       		.byte	0
 759              		.section	.debug_abbrev,"",%progbits
 760              	.Ldebug_abbrev0:
 761 0000 01       		.uleb128 0x1
 762 0001 11       		.uleb128 0x11
 763 0002 01       		.byte	0x1
 764 0003 25       		.uleb128 0x25
 765 0004 0E       		.uleb128 0xe
 766 0005 13       		.uleb128 0x13
 767 0006 0B       		.uleb128 0xb
 768 0007 03       		.uleb128 0x3
 769 0008 0E       		.uleb128 0xe
 770 0009 1B       		.uleb128 0x1b
 771 000a 0E       		.uleb128 0xe
ARM GAS  C:\Users\EA527~1.IVA\AppData\Local\Temp\ccpr3UYt.s 			page 22


 772 000b 55       		.uleb128 0x55
 773 000c 17       		.uleb128 0x17
 774 000d 11       		.uleb128 0x11
 775 000e 01       		.uleb128 0x1
 776 000f 10       		.uleb128 0x10
 777 0010 17       		.uleb128 0x17
 778 0011 00       		.byte	0
 779 0012 00       		.byte	0
 780 0013 02       		.uleb128 0x2
 781 0014 24       		.uleb128 0x24
 782 0015 00       		.byte	0
 783 0016 0B       		.uleb128 0xb
 784 0017 0B       		.uleb128 0xb
 785 0018 3E       		.uleb128 0x3e
 786 0019 0B       		.uleb128 0xb
 787 001a 03       		.uleb128 0x3
 788 001b 08       		.uleb128 0x8
 789 001c 00       		.byte	0
 790 001d 00       		.byte	0
 791 001e 03       		.uleb128 0x3
 792 001f 24       		.uleb128 0x24
 793 0020 00       		.byte	0
 794 0021 0B       		.uleb128 0xb
 795 0022 0B       		.uleb128 0xb
 796 0023 3E       		.uleb128 0x3e
 797 0024 0B       		.uleb128 0xb
 798 0025 03       		.uleb128 0x3
 799 0026 0E       		.uleb128 0xe
 800 0027 00       		.byte	0
 801 0028 00       		.byte	0
 802 0029 04       		.uleb128 0x4
 803 002a 0F       		.uleb128 0xf
 804 002b 00       		.byte	0
 805 002c 0B       		.uleb128 0xb
 806 002d 0B       		.uleb128 0xb
 807 002e 49       		.uleb128 0x49
 808 002f 13       		.uleb128 0x13
 809 0030 00       		.byte	0
 810 0031 00       		.byte	0
 811 0032 05       		.uleb128 0x5
 812 0033 15       		.uleb128 0x15
 813 0034 00       		.byte	0
 814 0035 27       		.uleb128 0x27
 815 0036 19       		.uleb128 0x19
 816 0037 00       		.byte	0
 817 0038 00       		.byte	0
 818 0039 06       		.uleb128 0x6
 819 003a 16       		.uleb128 0x16
 820 003b 00       		.byte	0
 821 003c 03       		.uleb128 0x3
 822 003d 0E       		.uleb128 0xe
 823 003e 3A       		.uleb128 0x3a
 824 003f 0B       		.uleb128 0xb
 825 0040 3B       		.uleb128 0x3b
 826 0041 05       		.uleb128 0x5
 827 0042 49       		.uleb128 0x49
 828 0043 13       		.uleb128 0x13
ARM GAS  C:\Users\EA527~1.IVA\AppData\Local\Temp\ccpr3UYt.s 			page 23


 829 0044 00       		.byte	0
 830 0045 00       		.byte	0
 831 0046 07       		.uleb128 0x7
 832 0047 35       		.uleb128 0x35
 833 0048 00       		.byte	0
 834 0049 49       		.uleb128 0x49
 835 004a 13       		.uleb128 0x13
 836 004b 00       		.byte	0
 837 004c 00       		.byte	0
 838 004d 08       		.uleb128 0x8
 839 004e 2E       		.uleb128 0x2e
 840 004f 01       		.byte	0x1
 841 0050 3F       		.uleb128 0x3f
 842 0051 19       		.uleb128 0x19
 843 0052 03       		.uleb128 0x3
 844 0053 0E       		.uleb128 0xe
 845 0054 3A       		.uleb128 0x3a
 846 0055 0B       		.uleb128 0xb
 847 0056 3B       		.uleb128 0x3b
 848 0057 0B       		.uleb128 0xb
 849 0058 27       		.uleb128 0x27
 850 0059 19       		.uleb128 0x19
 851 005a 11       		.uleb128 0x11
 852 005b 01       		.uleb128 0x1
 853 005c 12       		.uleb128 0x12
 854 005d 06       		.uleb128 0x6
 855 005e 40       		.uleb128 0x40
 856 005f 18       		.uleb128 0x18
 857 0060 9742     		.uleb128 0x2117
 858 0062 19       		.uleb128 0x19
 859 0063 01       		.uleb128 0x1
 860 0064 13       		.uleb128 0x13
 861 0065 00       		.byte	0
 862 0066 00       		.byte	0
 863 0067 09       		.uleb128 0x9
 864 0068 05       		.uleb128 0x5
 865 0069 00       		.byte	0
 866 006a 03       		.uleb128 0x3
 867 006b 0E       		.uleb128 0xe
 868 006c 3A       		.uleb128 0x3a
 869 006d 0B       		.uleb128 0xb
 870 006e 3B       		.uleb128 0x3b
 871 006f 0B       		.uleb128 0xb
 872 0070 49       		.uleb128 0x49
 873 0071 13       		.uleb128 0x13
 874 0072 02       		.uleb128 0x2
 875 0073 18       		.uleb128 0x18
 876 0074 00       		.byte	0
 877 0075 00       		.byte	0
 878 0076 0A       		.uleb128 0xa
 879 0077 34       		.uleb128 0x34
 880 0078 00       		.byte	0
 881 0079 03       		.uleb128 0x3
 882 007a 0E       		.uleb128 0xe
 883 007b 3A       		.uleb128 0x3a
 884 007c 0B       		.uleb128 0xb
 885 007d 3B       		.uleb128 0x3b
ARM GAS  C:\Users\EA527~1.IVA\AppData\Local\Temp\ccpr3UYt.s 			page 24


 886 007e 0B       		.uleb128 0xb
 887 007f 49       		.uleb128 0x49
 888 0080 13       		.uleb128 0x13
 889 0081 02       		.uleb128 0x2
 890 0082 18       		.uleb128 0x18
 891 0083 00       		.byte	0
 892 0084 00       		.byte	0
 893 0085 0B       		.uleb128 0xb
 894 0086 2E       		.uleb128 0x2e
 895 0087 01       		.byte	0x1
 896 0088 3F       		.uleb128 0x3f
 897 0089 19       		.uleb128 0x19
 898 008a 03       		.uleb128 0x3
 899 008b 0E       		.uleb128 0xe
 900 008c 3A       		.uleb128 0x3a
 901 008d 0B       		.uleb128 0xb
 902 008e 3B       		.uleb128 0x3b
 903 008f 0B       		.uleb128 0xb
 904 0090 27       		.uleb128 0x27
 905 0091 19       		.uleb128 0x19
 906 0092 49       		.uleb128 0x49
 907 0093 13       		.uleb128 0x13
 908 0094 11       		.uleb128 0x11
 909 0095 01       		.uleb128 0x1
 910 0096 12       		.uleb128 0x12
 911 0097 06       		.uleb128 0x6
 912 0098 40       		.uleb128 0x40
 913 0099 18       		.uleb128 0x18
 914 009a 9742     		.uleb128 0x2117
 915 009c 19       		.uleb128 0x19
 916 009d 01       		.uleb128 0x1
 917 009e 13       		.uleb128 0x13
 918 009f 00       		.byte	0
 919 00a0 00       		.byte	0
 920 00a1 0C       		.uleb128 0xc
 921 00a2 2E       		.uleb128 0x2e
 922 00a3 01       		.byte	0x1
 923 00a4 3F       		.uleb128 0x3f
 924 00a5 19       		.uleb128 0x19
 925 00a6 03       		.uleb128 0x3
 926 00a7 0E       		.uleb128 0xe
 927 00a8 3A       		.uleb128 0x3a
 928 00a9 0B       		.uleb128 0xb
 929 00aa 3B       		.uleb128 0x3b
 930 00ab 05       		.uleb128 0x5
 931 00ac 27       		.uleb128 0x27
 932 00ad 19       		.uleb128 0x19
 933 00ae 11       		.uleb128 0x11
 934 00af 01       		.uleb128 0x1
 935 00b0 12       		.uleb128 0x12
 936 00b1 06       		.uleb128 0x6
 937 00b2 40       		.uleb128 0x40
 938 00b3 18       		.uleb128 0x18
 939 00b4 9742     		.uleb128 0x2117
 940 00b6 19       		.uleb128 0x19
 941 00b7 01       		.uleb128 0x1
 942 00b8 13       		.uleb128 0x13
ARM GAS  C:\Users\EA527~1.IVA\AppData\Local\Temp\ccpr3UYt.s 			page 25


 943 00b9 00       		.byte	0
 944 00ba 00       		.byte	0
 945 00bb 0D       		.uleb128 0xd
 946 00bc 05       		.uleb128 0x5
 947 00bd 00       		.byte	0
 948 00be 03       		.uleb128 0x3
 949 00bf 0E       		.uleb128 0xe
 950 00c0 3A       		.uleb128 0x3a
 951 00c1 0B       		.uleb128 0xb
 952 00c2 3B       		.uleb128 0x3b
 953 00c3 05       		.uleb128 0x5
 954 00c4 49       		.uleb128 0x49
 955 00c5 13       		.uleb128 0x13
 956 00c6 02       		.uleb128 0x2
 957 00c7 17       		.uleb128 0x17
 958 00c8 00       		.byte	0
 959 00c9 00       		.byte	0
 960 00ca 0E       		.uleb128 0xe
 961 00cb 2E       		.uleb128 0x2e
 962 00cc 01       		.byte	0x1
 963 00cd 3F       		.uleb128 0x3f
 964 00ce 19       		.uleb128 0x19
 965 00cf 03       		.uleb128 0x3
 966 00d0 0E       		.uleb128 0xe
 967 00d1 3A       		.uleb128 0x3a
 968 00d2 0B       		.uleb128 0xb
 969 00d3 3B       		.uleb128 0x3b
 970 00d4 05       		.uleb128 0x5
 971 00d5 27       		.uleb128 0x27
 972 00d6 19       		.uleb128 0x19
 973 00d7 49       		.uleb128 0x49
 974 00d8 13       		.uleb128 0x13
 975 00d9 11       		.uleb128 0x11
 976 00da 01       		.uleb128 0x1
 977 00db 12       		.uleb128 0x12
 978 00dc 06       		.uleb128 0x6
 979 00dd 40       		.uleb128 0x40
 980 00de 18       		.uleb128 0x18
 981 00df 9742     		.uleb128 0x2117
 982 00e1 19       		.uleb128 0x19
 983 00e2 01       		.uleb128 0x1
 984 00e3 13       		.uleb128 0x13
 985 00e4 00       		.byte	0
 986 00e5 00       		.byte	0
 987 00e6 0F       		.uleb128 0xf
 988 00e7 34       		.uleb128 0x34
 989 00e8 00       		.byte	0
 990 00e9 03       		.uleb128 0x3
 991 00ea 0E       		.uleb128 0xe
 992 00eb 3A       		.uleb128 0x3a
 993 00ec 0B       		.uleb128 0xb
 994 00ed 3B       		.uleb128 0x3b
 995 00ee 05       		.uleb128 0x5
 996 00ef 49       		.uleb128 0x49
 997 00f0 13       		.uleb128 0x13
 998 00f1 02       		.uleb128 0x2
 999 00f2 17       		.uleb128 0x17
ARM GAS  C:\Users\EA527~1.IVA\AppData\Local\Temp\ccpr3UYt.s 			page 26


 1000 00f3 00       		.byte	0
 1001 00f4 00       		.byte	0
 1002 00f5 10       		.uleb128 0x10
 1003 00f6 2E       		.uleb128 0x2e
 1004 00f7 00       		.byte	0
 1005 00f8 3F       		.uleb128 0x3f
 1006 00f9 19       		.uleb128 0x19
 1007 00fa 03       		.uleb128 0x3
 1008 00fb 0E       		.uleb128 0xe
 1009 00fc 3A       		.uleb128 0x3a
 1010 00fd 0B       		.uleb128 0xb
 1011 00fe 3B       		.uleb128 0x3b
 1012 00ff 05       		.uleb128 0x5
 1013 0100 27       		.uleb128 0x27
 1014 0101 19       		.uleb128 0x19
 1015 0102 11       		.uleb128 0x11
 1016 0103 01       		.uleb128 0x1
 1017 0104 12       		.uleb128 0x12
 1018 0105 06       		.uleb128 0x6
 1019 0106 40       		.uleb128 0x40
 1020 0107 18       		.uleb128 0x18
 1021 0108 9742     		.uleb128 0x2117
 1022 010a 19       		.uleb128 0x19
 1023 010b 00       		.byte	0
 1024 010c 00       		.byte	0
 1025 010d 11       		.uleb128 0x11
 1026 010e 2E       		.uleb128 0x2e
 1027 010f 00       		.byte	0
 1028 0110 3F       		.uleb128 0x3f
 1029 0111 19       		.uleb128 0x19
 1030 0112 03       		.uleb128 0x3
 1031 0113 0E       		.uleb128 0xe
 1032 0114 3A       		.uleb128 0x3a
 1033 0115 0B       		.uleb128 0xb
 1034 0116 3B       		.uleb128 0x3b
 1035 0117 05       		.uleb128 0x5
 1036 0118 27       		.uleb128 0x27
 1037 0119 19       		.uleb128 0x19
 1038 011a 49       		.uleb128 0x49
 1039 011b 13       		.uleb128 0x13
 1040 011c 11       		.uleb128 0x11
 1041 011d 01       		.uleb128 0x1
 1042 011e 12       		.uleb128 0x12
 1043 011f 06       		.uleb128 0x6
 1044 0120 40       		.uleb128 0x40
 1045 0121 18       		.uleb128 0x18
 1046 0122 9742     		.uleb128 0x2117
 1047 0124 19       		.uleb128 0x19
 1048 0125 00       		.byte	0
 1049 0126 00       		.byte	0
 1050 0127 12       		.uleb128 0x12
 1051 0128 898201   		.uleb128 0x4109
 1052 012b 00       		.byte	0
 1053 012c 11       		.uleb128 0x11
 1054 012d 01       		.uleb128 0x1
 1055 012e 31       		.uleb128 0x31
 1056 012f 13       		.uleb128 0x13
ARM GAS  C:\Users\EA527~1.IVA\AppData\Local\Temp\ccpr3UYt.s 			page 27


 1057 0130 00       		.byte	0
 1058 0131 00       		.byte	0
 1059 0132 13       		.uleb128 0x13
 1060 0133 898201   		.uleb128 0x4109
 1061 0136 01       		.byte	0x1
 1062 0137 11       		.uleb128 0x11
 1063 0138 01       		.uleb128 0x1
 1064 0139 31       		.uleb128 0x31
 1065 013a 13       		.uleb128 0x13
 1066 013b 01       		.uleb128 0x1
 1067 013c 13       		.uleb128 0x13
 1068 013d 00       		.byte	0
 1069 013e 00       		.byte	0
 1070 013f 14       		.uleb128 0x14
 1071 0140 8A8201   		.uleb128 0x410a
 1072 0143 00       		.byte	0
 1073 0144 02       		.uleb128 0x2
 1074 0145 18       		.uleb128 0x18
 1075 0146 9142     		.uleb128 0x2111
 1076 0148 18       		.uleb128 0x18
 1077 0149 00       		.byte	0
 1078 014a 00       		.byte	0
 1079 014b 15       		.uleb128 0x15
 1080 014c 05       		.uleb128 0x5
 1081 014d 00       		.byte	0
 1082 014e 03       		.uleb128 0x3
 1083 014f 0E       		.uleb128 0xe
 1084 0150 3A       		.uleb128 0x3a
 1085 0151 0B       		.uleb128 0xb
 1086 0152 3B       		.uleb128 0x3b
 1087 0153 0B       		.uleb128 0xb
 1088 0154 49       		.uleb128 0x49
 1089 0155 13       		.uleb128 0x13
 1090 0156 02       		.uleb128 0x2
 1091 0157 17       		.uleb128 0x17
 1092 0158 00       		.byte	0
 1093 0159 00       		.byte	0
 1094 015a 16       		.uleb128 0x16
 1095 015b 2E       		.uleb128 0x2e
 1096 015c 00       		.byte	0
 1097 015d 3F       		.uleb128 0x3f
 1098 015e 19       		.uleb128 0x19
 1099 015f 3C       		.uleb128 0x3c
 1100 0160 19       		.uleb128 0x19
 1101 0161 6E       		.uleb128 0x6e
 1102 0162 0E       		.uleb128 0xe
 1103 0163 03       		.uleb128 0x3
 1104 0164 0E       		.uleb128 0xe
 1105 0165 3A       		.uleb128 0x3a
 1106 0166 0B       		.uleb128 0xb
 1107 0167 3B       		.uleb128 0x3b
 1108 0168 0B       		.uleb128 0xb
 1109 0169 00       		.byte	0
 1110 016a 00       		.byte	0
 1111 016b 00       		.byte	0
 1112              		.section	.debug_loc,"",%progbits
 1113              	.Ldebug_loc0:
ARM GAS  C:\Users\EA527~1.IVA\AppData\Local\Temp\ccpr3UYt.s 			page 28


 1114              	.LLST0:
 1115 0000 00000000 		.4byte	.LVL3
 1116 0004 02000000 		.4byte	.LVL4
 1117 0008 0100     		.2byte	0x1
 1118 000a 50       		.byte	0x50
 1119 000b 02000000 		.4byte	.LVL4
 1120 000f 10000000 		.4byte	.LFE6
 1121 0013 0400     		.2byte	0x4
 1122 0015 F3       		.byte	0xf3
 1123 0016 01       		.uleb128 0x1
 1124 0017 50       		.byte	0x50
 1125 0018 9F       		.byte	0x9f
 1126 0019 00000000 		.4byte	0
 1127 001d 00000000 		.4byte	0
 1128              	.LLST1:
 1129 0021 04000000 		.4byte	.LVL5
 1130 0025 06000000 		.4byte	.LVL6
 1131 0029 0500     		.2byte	0x5
 1132 002b 70       		.byte	0x70
 1133 002c 00       		.sleb128 0
 1134 002d 35       		.byte	0x35
 1135 002e 25       		.byte	0x25
 1136 002f 9F       		.byte	0x9f
 1137 0030 00000000 		.4byte	0
 1138 0034 00000000 		.4byte	0
 1139              	.LLST2:
 1140 0038 00000000 		.4byte	.LVL11
 1141 003c 07000000 		.4byte	.LVL12-1
 1142 0040 0100     		.2byte	0x1
 1143 0042 50       		.byte	0x50
 1144 0043 07000000 		.4byte	.LVL12-1
 1145 0047 1A000000 		.4byte	.LFE1
 1146 004b 0100     		.2byte	0x1
 1147 004d 54       		.byte	0x54
 1148 004e 00000000 		.4byte	0
 1149 0052 00000000 		.4byte	0
 1150              		.section	.debug_aranges,"",%progbits
 1151 0000 7C000000 		.4byte	0x7c
 1152 0004 0200     		.2byte	0x2
 1153 0006 00000000 		.4byte	.Ldebug_info0
 1154 000a 04       		.byte	0x4
 1155 000b 00       		.byte	0
 1156 000c 0000     		.2byte	0
 1157 000e 0000     		.2byte	0
 1158 0010 00000000 		.4byte	.LFB4
 1159 0014 0C000000 		.4byte	.LFE4-.LFB4
 1160 0018 00000000 		.4byte	.LFB5
 1161 001c 0C000000 		.4byte	.LFE5-.LFB5
 1162 0020 00000000 		.4byte	.LFB6
 1163 0024 10000000 		.4byte	.LFE6-.LFB6
 1164 0028 00000000 		.4byte	.LFB7
 1165 002c 0C000000 		.4byte	.LFE7-.LFB7
 1166 0030 00000000 		.4byte	.LFB8
 1167 0034 0C000000 		.4byte	.LFE8-.LFB8
 1168 0038 00000000 		.4byte	.LFB9
 1169 003c 18000000 		.4byte	.LFE9-.LFB9
 1170 0040 00000000 		.4byte	.LFB10
ARM GAS  C:\Users\EA527~1.IVA\AppData\Local\Temp\ccpr3UYt.s 			page 29


 1171 0044 0C000000 		.4byte	.LFE10-.LFB10
 1172 0048 00000000 		.4byte	.LFB0
 1173 004c 1C000000 		.4byte	.LFE0-.LFB0
 1174 0050 00000000 		.4byte	.LFB1
 1175 0054 1A000000 		.4byte	.LFE1-.LFB1
 1176 0058 00000000 		.4byte	.LFB2
 1177 005c 14000000 		.4byte	.LFE2-.LFB2
 1178 0060 00000000 		.4byte	.LFB11
 1179 0064 0C000000 		.4byte	.LFE11-.LFB11
 1180 0068 00000000 		.4byte	.LFB12
 1181 006c 0C000000 		.4byte	.LFE12-.LFB12
 1182 0070 00000000 		.4byte	.LFB3
 1183 0074 14000000 		.4byte	.LFE3-.LFB3
 1184 0078 00000000 		.4byte	0
 1185 007c 00000000 		.4byte	0
 1186              		.section	.debug_ranges,"",%progbits
 1187              	.Ldebug_ranges0:
 1188 0000 00000000 		.4byte	.LFB4
 1189 0004 0C000000 		.4byte	.LFE4
 1190 0008 00000000 		.4byte	.LFB5
 1191 000c 0C000000 		.4byte	.LFE5
 1192 0010 00000000 		.4byte	.LFB6
 1193 0014 10000000 		.4byte	.LFE6
 1194 0018 00000000 		.4byte	.LFB7
 1195 001c 0C000000 		.4byte	.LFE7
 1196 0020 00000000 		.4byte	.LFB8
 1197 0024 0C000000 		.4byte	.LFE8
 1198 0028 00000000 		.4byte	.LFB9
 1199 002c 18000000 		.4byte	.LFE9
 1200 0030 00000000 		.4byte	.LFB10
 1201 0034 0C000000 		.4byte	.LFE10
 1202 0038 00000000 		.4byte	.LFB0
 1203 003c 1C000000 		.4byte	.LFE0
 1204 0040 00000000 		.4byte	.LFB1
 1205 0044 1A000000 		.4byte	.LFE1
 1206 0048 00000000 		.4byte	.LFB2
 1207 004c 14000000 		.4byte	.LFE2
 1208 0050 00000000 		.4byte	.LFB11
 1209 0054 0C000000 		.4byte	.LFE11
 1210 0058 00000000 		.4byte	.LFB12
 1211 005c 0C000000 		.4byte	.LFE12
 1212 0060 00000000 		.4byte	.LFB3
 1213 0064 14000000 		.4byte	.LFE3
 1214 0068 00000000 		.4byte	0
 1215 006c 00000000 		.4byte	0
 1216              		.section	.debug_line,"",%progbits
 1217              	.Ldebug_line0:
 1218 0000 5F010000 		.section	.debug_str,"MS",%progbits,1
 1218      02006F00 
 1218      00000201 
 1218      FB0E0D00 
 1218      01010101 
 1219              	.LASF17:
 1220 0000 72656733 		.ascii	"reg32\000"
 1220      3200
 1221              	.LASF38:
 1222 0006 433A5C55 		.ascii	"C:\\Users\\e.ivanov\\Documents\\GitHub\\generic\\Ma"
ARM GAS  C:\Users\EA527~1.IVA\AppData\Local\Temp\ccpr3UYt.s 			page 30


 1222      73657273 
 1222      5C652E69 
 1222      76616E6F 
 1222      765C446F 
 1223 0033 6E636865 		.ascii	"nchester encoder-decoder.cydsn\000"
 1223      73746572 
 1223      20656E63 
 1223      6F646572 
 1223      2D646563 
 1224              	.LASF29:
 1225 0052 5472616E 		.ascii	"TransmitWordShift_StartEx\000"
 1225      736D6974 
 1225      576F7264 
 1225      53686966 
 1225      745F5374 
 1226              	.LASF25:
 1227 006c 5472616E 		.ascii	"TransmitWordShift_GetPriority\000"
 1227      736D6974 
 1227      576F7264 
 1227      53686966 
 1227      745F4765 
 1228              	.LASF6:
 1229 008a 73686F72 		.ascii	"short unsigned int\000"
 1229      7420756E 
 1229      7369676E 
 1229      65642069 
 1229      6E7400
 1230              	.LASF39:
 1231 009d 5472616E 		.ascii	"TransmitWordShift_GetState\000"
 1231      736D6974 
 1231      576F7264 
 1231      53686966 
 1231      745F4765 
 1232              	.LASF24:
 1233 00b8 5472616E 		.ascii	"TransmitWordShift_GetVector\000"
 1233      736D6974 
 1233      576F7264 
 1233      53686966 
 1233      745F4765 
 1234              	.LASF33:
 1235 00d4 5472616E 		.ascii	"TransmitWordShift_Interrupt\000"
 1235      736D6974 
 1235      576F7264 
 1235      53686966 
 1235      745F496E 
 1236              	.LASF14:
 1237 00f0 666C6F61 		.ascii	"float\000"
 1237      7400
 1238              	.LASF4:
 1239 00f6 756E7369 		.ascii	"unsigned char\000"
 1239      676E6564 
 1239      20636861 
 1239      7200
 1240              	.LASF36:
 1241 0104 474E5520 		.ascii	"GNU C11 5.4.1 20160609 (release) [ARM/embedded-5-br"
 1241      43313120 
 1241      352E342E 
ARM GAS  C:\Users\EA527~1.IVA\AppData\Local\Temp\ccpr3UYt.s 			page 31


 1241      31203230 
 1241      31363036 
 1242 0137 616E6368 		.ascii	"anch revision 237715] -mcpu=cortex-m3 -mthumb -g -O"
 1242      20726576 
 1242      6973696F 
 1242      6E203233 
 1242      37373135 
 1243 016a 67202D66 		.ascii	"g -ffunction-sections -ffat-lto-objects\000"
 1243      66756E63 
 1243      74696F6E 
 1243      2D736563 
 1243      74696F6E 
 1244              	.LASF32:
 1245 0192 5472616E 		.ascii	"TransmitWordShift_ClearPending\000"
 1245      736D6974 
 1245      576F7264 
 1245      53686966 
 1245      745F436C 
 1246              	.LASF26:
 1247 01b1 5472616E 		.ascii	"TransmitWordShift_Enable\000"
 1247      736D6974 
 1247      576F7264 
 1247      53686966 
 1247      745F456E 
 1248              	.LASF35:
 1249 01ca 42697443 		.ascii	"BitCounterEnc_ReadStatusRegister\000"
 1249      6F756E74 
 1249      6572456E 
 1249      635F5265 
 1249      61645374 
 1250              	.LASF8:
 1251 01eb 6C6F6E67 		.ascii	"long unsigned int\000"
 1251      20756E73 
 1251      69676E65 
 1251      6420696E 
 1251      7400
 1252              	.LASF12:
 1253 01fd 75696E74 		.ascii	"uint8\000"
 1253      3800
 1254              	.LASF23:
 1255 0203 7072696F 		.ascii	"priority\000"
 1255      72697479 
 1255      00
 1256              	.LASF34:
 1257 020c 436C6561 		.ascii	"ClearStatus\000"
 1257      72537461 
 1257      74757300 
 1258              	.LASF15:
 1259 0218 646F7562 		.ascii	"double\000"
 1259      6C6500
 1260              	.LASF37:
 1261 021f 47656E65 		.ascii	"Generated_Source\\PSoC5\\TransmitWordShift.c\000"
 1261      72617465 
 1261      645F536F 
 1261      75726365 
 1261      5C50536F 
 1262              	.LASF13:
ARM GAS  C:\Users\EA527~1.IVA\AppData\Local\Temp\ccpr3UYt.s 			page 32


 1263 024a 75696E74 		.ascii	"uint32\000"
 1263      333200
 1264              	.LASF21:
 1265 0251 5472616E 		.ascii	"TransmitWordShift_SetPriority\000"
 1265      736D6974 
 1265      576F7264 
 1265      53686966 
 1265      745F5365 
 1266              	.LASF0:
 1267 026f 756E7369 		.ascii	"unsigned int\000"
 1267      676E6564 
 1267      20696E74 
 1267      00
 1268              	.LASF22:
 1269 027c 61646472 		.ascii	"address\000"
 1269      65737300 
 1270              	.LASF9:
 1271 0284 6C6F6E67 		.ascii	"long long unsigned int\000"
 1271      206C6F6E 
 1271      6720756E 
 1271      7369676E 
 1271      65642069 
 1272              	.LASF18:
 1273 029b 63796973 		.ascii	"cyisraddress\000"
 1273      72616464 
 1273      72657373 
 1273      00
 1274              	.LASF16:
 1275 02a8 72656738 		.ascii	"reg8\000"
 1275      00
 1276              	.LASF10:
 1277 02ad 73697A65 		.ascii	"sizetype\000"
 1277      74797065 
 1277      00
 1278              	.LASF1:
 1279 02b6 6C6F6E67 		.ascii	"long long int\000"
 1279      206C6F6E 
 1279      6720696E 
 1279      7400
 1280              	.LASF11:
 1281 02c4 63686172 		.ascii	"char\000"
 1281      00
 1282              	.LASF19:
 1283 02c9 72616D56 		.ascii	"ramVectorTable\000"
 1283      6563746F 
 1283      72546162 
 1283      6C6500
 1284              	.LASF5:
 1285 02d8 73686F72 		.ascii	"short int\000"
 1285      7420696E 
 1285      7400
 1286              	.LASF20:
 1287 02e2 5472616E 		.ascii	"TransmitWordShift_SetVector\000"
 1287      736D6974 
 1287      576F7264 
 1287      53686966 
 1287      745F5365 
ARM GAS  C:\Users\EA527~1.IVA\AppData\Local\Temp\ccpr3UYt.s 			page 33


 1288              	.LASF27:
 1289 02fe 5472616E 		.ascii	"TransmitWordShift_Disable\000"
 1289      736D6974 
 1289      576F7264 
 1289      53686966 
 1289      745F4469 
 1290              	.LASF28:
 1291 0318 5472616E 		.ascii	"TransmitWordShift_Start\000"
 1291      736D6974 
 1291      576F7264 
 1291      53686966 
 1291      745F5374 
 1292              	.LASF7:
 1293 0330 6C6F6E67 		.ascii	"long int\000"
 1293      20696E74 
 1293      00
 1294              	.LASF31:
 1295 0339 5472616E 		.ascii	"TransmitWordShift_SetPending\000"
 1295      736D6974 
 1295      576F7264 
 1295      53686966 
 1295      745F5365 
 1296              	.LASF2:
 1297 0356 6C6F6E67 		.ascii	"long double\000"
 1297      20646F75 
 1297      626C6500 
 1298              	.LASF3:
 1299 0362 7369676E 		.ascii	"signed char\000"
 1299      65642063 
 1299      68617200 
 1300              	.LASF30:
 1301 036e 5472616E 		.ascii	"TransmitWordShift_Stop\000"
 1301      736D6974 
 1301      576F7264 
 1301      53686966 
 1301      745F5374 
 1302              		.ident	"GCC: (GNU Tools for ARM Embedded Processors) 5.4.1 20160609 (release) [ARM/embedded-5-bran
