ARM GAS  C:\Users\EA527~1.IVA\AppData\Local\Temp\cczDX8Wa.s 			page 1


   1              		.syntax unified
   2              		.cpu cortex-m3
   3              		.fpu softvfp
   4              		.eabi_attribute 20, 1
   5              		.eabi_attribute 21, 1
   6              		.eabi_attribute 23, 3
   7              		.eabi_attribute 24, 1
   8              		.eabi_attribute 25, 1
   9              		.eabi_attribute 26, 1
  10              		.eabi_attribute 30, 1
  11              		.eabi_attribute 34, 1
  12              		.eabi_attribute 18, 4
  13              		.thumb
  14              		.syntax unified
  15              		.file	"USB_UART_cdc.c"
  16              		.text
  17              	.Ltext0:
  18              		.cfi_sections	.debug_frame
  19              		.section	.text.USBUARTInitCDC,"ax",%progbits
  20              		.align	2
  21              		.global	USBUARTInitCDC
  22              		.thumb
  23              		.thumb_func
  24              		.type	USBUARTInitCDC, %function
  25              	USBUARTInitCDC:
  26              	.LFB64:
  27              		.file 1 "USB_UART_cdc.c"
   1:USB_UART_cdc.c **** /* ========================================
   2:USB_UART_cdc.c ****  *
   3:USB_UART_cdc.c ****  * Copyright YOUR COMPANY, THE YEAR
   4:USB_UART_cdc.c ****  * All Rights Reserved
   5:USB_UART_cdc.c ****  * UNPUBLISHED, LICENSED SOFTWARE.
   6:USB_UART_cdc.c ****  *
   7:USB_UART_cdc.c ****  * CONFIDENTIAL AND PROPRIETARY INFORMATION
   8:USB_UART_cdc.c ****  * WHICH IS THE PROPERTY OF your company.
   9:USB_UART_cdc.c ****  *
  10:USB_UART_cdc.c ****  * ========================================
  11:USB_UART_cdc.c **** */
  12:USB_UART_cdc.c **** #include "global.h"
  13:USB_UART_cdc.c **** #include "Agg_sent.h"
  14:USB_UART_cdc.c **** #include "USB_UART_cdc.h"
  15:USB_UART_cdc.c **** #include "string.h"
  16:USB_UART_cdc.c **** #include "stdio.h"
  17:USB_UART_cdc.c **** 
  18:USB_UART_cdc.c **** uint8 welcome_massage[] = {"Text you command: "};
  19:USB_UART_cdc.c **** uint16 count, count2;
  20:USB_UART_cdc.c **** uint8 buffer[USBUART_BUFFER_SIZE];
  21:USB_UART_cdc.c **** uint8 buffer2[USBUART_BUFFER_SIZE];
  22:USB_UART_cdc.c **** uint8* token_buffer2 = buffer2;
  23:USB_UART_cdc.c **** 
  24:USB_UART_cdc.c **** void USBUARTInitCDC(void){
  28              		.loc 1 24 0
  29              		.cfi_startproc
  30              		@ args = 0, pretend = 0, frame = 0
  31              		@ frame_needed = 0, uses_anonymous_args = 0
  32 0000 08B5     		push	{r3, lr}
  33              		.cfi_def_cfa_offset 8
ARM GAS  C:\Users\EA527~1.IVA\AppData\Local\Temp\cczDX8Wa.s 			page 2


  34              		.cfi_offset 3, -8
  35              		.cfi_offset 14, -4
  25:USB_UART_cdc.c ****         /* Host can send double SET_INTERFACE request. */
  26:USB_UART_cdc.c ****         if (0u != USBUART_IsConfigurationChanged())
  36              		.loc 1 26 0
  37 0002 FFF7FEFF 		bl	USBUART_IsConfigurationChanged
  38              	.LVL0:
  39 0006 20B1     		cbz	r0, .L1
  27:USB_UART_cdc.c ****         {
  28:USB_UART_cdc.c ****             /* Initialize IN endpoints when device is configured. */
  29:USB_UART_cdc.c ****             if (0u != USBUART_GetConfiguration())
  40              		.loc 1 29 0
  41 0008 FFF7FEFF 		bl	USBUART_GetConfiguration
  42              	.LVL1:
  43 000c 08B1     		cbz	r0, .L1
  30:USB_UART_cdc.c ****             {
  31:USB_UART_cdc.c ****                 /* Enumeration is done, enable OUT endpoint to receive data 
  32:USB_UART_cdc.c ****                  * from host. */
  33:USB_UART_cdc.c ****                 USBUART_CDC_Init();
  44              		.loc 1 33 0
  45 000e FFF7FEFF 		bl	USBUART_CDC_Init
  46              	.LVL2:
  47              	.L1:
  48 0012 08BD     		pop	{r3, pc}
  49              		.cfi_endproc
  50              	.LFE64:
  51              		.size	USBUARTInitCDC, .-USBUARTInitCDC
  52              		.section	.text.Service_USB,"ax",%progbits
  53              		.align	2
  54              		.global	Service_USB
  55              		.thumb
  56              		.thumb_func
  57              		.type	Service_USB, %function
  58              	Service_USB:
  59              	.LFB65:
  34:USB_UART_cdc.c ****                 
  35:USB_UART_cdc.c ****             }
  36:USB_UART_cdc.c ****         }
  37:USB_UART_cdc.c **** }
  38:USB_UART_cdc.c **** 
  39:USB_UART_cdc.c **** void Service_USB(void){
  60              		.loc 1 39 0
  61              		.cfi_startproc
  62              		@ args = 0, pretend = 0, frame = 0
  63              		@ frame_needed = 0, uses_anonymous_args = 0
  64 0000 10B5     		push	{r4, lr}
  65              		.cfi_def_cfa_offset 8
  66              		.cfi_offset 4, -8
  67              		.cfi_offset 14, -4
  40:USB_UART_cdc.c ****     if (0u != USBUART_GetConfiguration())
  68              		.loc 1 40 0
  69 0002 FFF7FEFF 		bl	USBUART_GetConfiguration
  70              	.LVL3:
  71 0006 38B3     		cbz	r0, .L4
  41:USB_UART_cdc.c ****         {
  42:USB_UART_cdc.c ****            
  43:USB_UART_cdc.c ****             /* Check for input data from host. */
ARM GAS  C:\Users\EA527~1.IVA\AppData\Local\Temp\cczDX8Wa.s 			page 3


  44:USB_UART_cdc.c ****             if (0u != USBUART_DataIsReady())
  72              		.loc 1 44 0
  73 0008 FFF7FEFF 		bl	USBUART_DataIsReady
  74              	.LVL4:
  75 000c 20B3     		cbz	r0, .L4
  76              	.LVL5:
  77              	.LBB2:
  45:USB_UART_cdc.c ****             {
  46:USB_UART_cdc.c ****                 uint8 tmp = 0;
  47:USB_UART_cdc.c ****                 /* Read received data and re-enable OUT endpoint. */
  48:USB_UART_cdc.c ****                 count = USBUART_GetAll(buffer);
  78              		.loc 1 48 0
  79 000e 1348     		ldr	r0, .L11
  80 0010 FFF7FEFF 		bl	USBUART_GetAll
  81              	.LVL6:
  82 0014 124B     		ldr	r3, .L11+4
  83 0016 1880     		strh	r0, [r3]	@ movhi
  46:USB_UART_cdc.c ****                 /* Read received data and re-enable OUT endpoint. */
  84              		.loc 1 46 0
  85 0018 0021     		movs	r1, #0
  49:USB_UART_cdc.c ****                 
  50:USB_UART_cdc.c ****                 while (count--)
  86              		.loc 1 50 0
  87 001a 17E0     		b	.L6
  88              	.LVL7:
  89              	.L9:
  51:USB_UART_cdc.c ****                 {
  52:USB_UART_cdc.c ****                     if(0 != InsertByte(&usb_context.primary_buf, buffer[tmp++])){ 
  90              		.loc 1 52 0
  91 001c 4C1C     		adds	r4, r1, #1
  92 001e E4B2     		uxtb	r4, r4
  93              	.LVL8:
  94 0020 0E4B     		ldr	r3, .L11
  95 0022 595C     		ldrb	r1, [r3, r1]	@ zero_extendqisi2
  96 0024 0F48     		ldr	r0, .L11+8
  97 0026 FFF7FEFF 		bl	InsertByte
  98              	.LVL9:
  99 002a 70B1     		cbz	r0, .L7
  53:USB_UART_cdc.c ****                         if(1 == agg_sent(&usb_context)) usb_context.sentence_ready=1;
 100              		.loc 1 53 0
 101 002c 0D48     		ldr	r0, .L11+8
 102 002e FFF7FEFF 		bl	agg_sent
 103              	.LVL10:
 104 0032 0128     		cmp	r0, #1
 105 0034 03D1     		bne	.L8
 106              		.loc 1 53 0 is_stmt 0 discriminator 1
 107 0036 0122     		movs	r2, #1
 108 0038 0A4B     		ldr	r3, .L11+8
 109 003a 83F84A21 		strb	r2, [r3, #330]
 110              	.L8:
  54:USB_UART_cdc.c ****                         InsertByte(&usb_context.primary_buf, buffer[tmp-1]);
 111              		.loc 1 54 0 is_stmt 1
 112 003e 631E     		subs	r3, r4, #1
 113 0040 064A     		ldr	r2, .L11
 114 0042 D15C     		ldrb	r1, [r2, r3]	@ zero_extendqisi2
 115 0044 0748     		ldr	r0, .L11+8
 116 0046 FFF7FEFF 		bl	InsertByte
ARM GAS  C:\Users\EA527~1.IVA\AppData\Local\Temp\cczDX8Wa.s 			page 4


 117              	.LVL11:
 118              	.L7:
 119              	.LBE2:
  39:USB_UART_cdc.c ****     if (0u != USBUART_GetConfiguration())
 120              		.loc 1 39 0
 121 004a 2146     		mov	r1, r4
 122              	.LVL12:
 123              	.L6:
 124              	.LBB3:
  50:USB_UART_cdc.c ****                 {
 125              		.loc 1 50 0
 126 004c 044A     		ldr	r2, .L11+4
 127 004e 1388     		ldrh	r3, [r2]
 128 0050 581E     		subs	r0, r3, #1
 129 0052 1080     		strh	r0, [r2]	@ movhi
 130 0054 002B     		cmp	r3, #0
 131 0056 E1D1     		bne	.L9
 132              	.LVL13:
 133              	.L4:
 134 0058 10BD     		pop	{r4, pc}
 135              	.L12:
 136 005a 00BF     		.align	2
 137              	.L11:
 138 005c 00000000 		.word	buffer
 139 0060 00000000 		.word	count
 140 0064 00000000 		.word	usb_context
 141              	.LBE3:
 142              		.cfi_endproc
 143              	.LFE65:
 144              		.size	Service_USB, .-Service_USB
 145              		.section	.text.Send_USB,"ax",%progbits
 146              		.align	2
 147              		.global	Send_USB
 148              		.thumb
 149              		.thumb_func
 150              		.type	Send_USB, %function
 151              	Send_USB:
 152              	.LFB66:
  55:USB_UART_cdc.c ****                     }
  56:USB_UART_cdc.c ****                 }
  57:USB_UART_cdc.c ****             }
  58:USB_UART_cdc.c ****         }
  59:USB_UART_cdc.c **** }
  60:USB_UART_cdc.c **** #if 1
  61:USB_UART_cdc.c **** void Send_USB(){
 153              		.loc 1 61 0
 154              		.cfi_startproc
 155              		@ args = 0, pretend = 0, frame = 0
 156              		@ frame_needed = 0, uses_anonymous_args = 0
  62:USB_UART_cdc.c ****     if(usb_context.need_to_send==0)return;
 157              		.loc 1 62 0
 158 0000 174B     		ldr	r3, .L19
 159 0002 93F85031 		ldrb	r3, [r3, #336]	@ zero_extendqisi2
 160 0006 4BB3     		cbz	r3, .L18
  61:USB_UART_cdc.c ****     if(usb_context.need_to_send==0)return;
 161              		.loc 1 61 0
 162 0008 10B5     		push	{r4, lr}
ARM GAS  C:\Users\EA527~1.IVA\AppData\Local\Temp\cczDX8Wa.s 			page 5


 163              		.cfi_def_cfa_offset 8
 164              		.cfi_offset 4, -8
 165              		.cfi_offset 14, -4
  63:USB_UART_cdc.c ****     /* Wait until component is ready to send data to host. */
  64:USB_UART_cdc.c ****     if(0u != USBUART_CDCIsReady())
 166              		.loc 1 64 0
 167 000a FFF7FEFF 		bl	USBUART_CDCIsReady
 168              	.LVL14:
 169 000e 20B3     		cbz	r0, .L13
  65:USB_UART_cdc.c ****     {
  66:USB_UART_cdc.c ****     /* If the last sent packet is exactly the maximum packet 
  67:USB_UART_cdc.c ****     *  size, it is followed by a zero-length packet to assure
  68:USB_UART_cdc.c ****     *  that the end of the segment is properly identified by 
  69:USB_UART_cdc.c ****     *  the terminal.
  70:USB_UART_cdc.c ****     */
  71:USB_UART_cdc.c ****  
  72:USB_UART_cdc.c ****         if(usb_context.count_to_send==0){ 
 170              		.loc 1 72 0
 171 0010 134B     		ldr	r3, .L19
 172 0012 B3F85211 		ldrh	r1, [r3, #338]
 173 0016 39B9     		cbnz	r1, .L15
  73:USB_UART_cdc.c ****             USBUART_PutData(NULL, 0u);
 174              		.loc 1 73 0
 175 0018 0846     		mov	r0, r1
 176 001a FFF7FEFF 		bl	USBUART_PutData
 177              	.LVL15:
  74:USB_UART_cdc.c ****             usb_context.need_to_send =0;
 178              		.loc 1 74 0
 179 001e 0022     		movs	r2, #0
 180 0020 0F4B     		ldr	r3, .L19
 181 0022 83F85021 		strb	r2, [r3, #336]
 182 0026 10BD     		pop	{r4, pc}
 183              	.L15:
  75:USB_UART_cdc.c ****         }else{
  76:USB_UART_cdc.c ****             if(usb_context.count_to_send < USBUART_BUFFER_SIZE){/* Send data back to host. */
 184              		.loc 1 76 0
 185 0028 3F29     		cmp	r1, #63
 186 002a 08D8     		bhi	.L16
  77:USB_UART_cdc.c ****                 USBUART_PutData(usb_context.message_to_send,usb_context.count_to_send);
 187              		.loc 1 77 0
 188 002c 0C4C     		ldr	r4, .L19
 189 002e D4F84C01 		ldr	r0, [r4, #332]
 190 0032 FFF7FEFF 		bl	USBUART_PutData
 191              	.LVL16:
  78:USB_UART_cdc.c ****                 usb_context.need_to_send =0;
 192              		.loc 1 78 0
 193 0036 0023     		movs	r3, #0
 194 0038 84F85031 		strb	r3, [r4, #336]
 195 003c 10BD     		pop	{r4, pc}
 196              	.L16:
  79:USB_UART_cdc.c ****             }else{
  80:USB_UART_cdc.c ****                 usb_context.count_to_send -= USBUART_BUFFER_SIZE;/* Send data back to host. */
 197              		.loc 1 80 0
 198 003e 084C     		ldr	r4, .L19
 199 0040 4039     		subs	r1, r1, #64
 200 0042 A4F85211 		strh	r1, [r4, #338]	@ movhi
  81:USB_UART_cdc.c ****                 USBUART_PutData(usb_context.message_to_send,USBUART_BUFFER_SIZE);
ARM GAS  C:\Users\EA527~1.IVA\AppData\Local\Temp\cczDX8Wa.s 			page 6


 201              		.loc 1 81 0
 202 0046 4021     		movs	r1, #64
 203 0048 D4F84C01 		ldr	r0, [r4, #332]
 204 004c FFF7FEFF 		bl	USBUART_PutData
 205              	.LVL17:
  82:USB_UART_cdc.c ****                 usb_context.message_to_send += USBUART_BUFFER_SIZE;
 206              		.loc 1 82 0
 207 0050 D4F84C31 		ldr	r3, [r4, #332]
 208 0054 4033     		adds	r3, r3, #64
 209 0056 C4F84C31 		str	r3, [r4, #332]
 210              	.L13:
 211 005a 10BD     		pop	{r4, pc}
 212              	.L18:
 213              		.cfi_def_cfa_offset 0
 214              		.cfi_restore 4
 215              		.cfi_restore 14
 216 005c 7047     		bx	lr
 217              	.L20:
 218 005e 00BF     		.align	2
 219              	.L19:
 220 0060 00000000 		.word	usb_context
 221              		.cfi_endproc
 222              	.LFE66:
 223              		.size	Send_USB, .-Send_USB
 224              		.global	token_buffer2
 225              		.comm	buffer2,64,4
 226              		.comm	buffer,64,4
 227              		.comm	count2,2,2
 228              		.comm	count,2,2
 229              		.global	welcome_massage
 230              		.data
 231              		.align	2
 232              		.type	token_buffer2, %object
 233              		.size	token_buffer2, 4
 234              	token_buffer2:
 235 0000 00000000 		.word	buffer2
 236              		.type	welcome_massage, %object
 237              		.size	welcome_massage, 19
 238              	welcome_massage:
 239 0004 54657874 		.ascii	"Text you command: \000"
 239      20796F75 
 239      20636F6D 
 239      6D616E64 
 239      3A2000
 240              		.text
 241              	.Letext0:
 242              		.file 2 "c:\\program files (x86)\\cypress\\psoc creator\\4.2\\psoc creator\\import\\gnu\\arm\\5.4.
 243              		.file 3 "c:\\program files (x86)\\cypress\\psoc creator\\4.2\\psoc creator\\import\\gnu\\arm\\5.4.
 244              		.file 4 "Generated_Source\\PSoC5/cytypes.h"
 245              		.file 5 "global.h"
 246              		.file 6 "Generated_Source\\PSoC5/core_cm3.h"
 247              		.file 7 "Generated_Source\\PSoC5/USBUART.h"
 248              		.file 8 "Generated_Source\\PSoC5/USBUART_cdc.h"
 249              		.file 9 "Agg_sent.h"
 250              		.section	.debug_info,"",%progbits
 251              	.Ldebug_info0:
 252 0000 B8030000 		.4byte	0x3b8
ARM GAS  C:\Users\EA527~1.IVA\AppData\Local\Temp\cczDX8Wa.s 			page 7


 253 0004 0400     		.2byte	0x4
 254 0006 00000000 		.4byte	.Ldebug_abbrev0
 255 000a 04       		.byte	0x4
 256 000b 01       		.uleb128 0x1
 257 000c FF000000 		.4byte	.LASF55
 258 0010 0C       		.byte	0xc
 259 0011 0B030000 		.4byte	.LASF56
 260 0015 19000000 		.4byte	.LASF57
 261 0019 18000000 		.4byte	.Ldebug_ranges0+0x18
 262 001d 00000000 		.4byte	0
 263 0021 00000000 		.4byte	.Ldebug_line0
 264 0025 02       		.uleb128 0x2
 265 0026 01       		.byte	0x1
 266 0027 06       		.byte	0x6
 267 0028 6B030000 		.4byte	.LASF0
 268 002c 02       		.uleb128 0x2
 269 002d 01       		.byte	0x1
 270 002e 08       		.byte	0x8
 271 002f F1000000 		.4byte	.LASF1
 272 0033 02       		.uleb128 0x2
 273 0034 02       		.byte	0x2
 274 0035 05       		.byte	0x5
 275 0036 FD010000 		.4byte	.LASF2
 276 003a 02       		.uleb128 0x2
 277 003b 02       		.byte	0x2
 278 003c 07       		.byte	0x7
 279 003d 77030000 		.4byte	.LASF3
 280 0041 03       		.uleb128 0x3
 281 0042 7E000000 		.4byte	.LASF9
 282 0046 02       		.byte	0x2
 283 0047 3F       		.byte	0x3f
 284 0048 4C000000 		.4byte	0x4c
 285 004c 02       		.uleb128 0x2
 286 004d 04       		.byte	0x4
 287 004e 05       		.byte	0x5
 288 004f 37030000 		.4byte	.LASF4
 289 0053 02       		.uleb128 0x2
 290 0054 04       		.byte	0x4
 291 0055 07       		.byte	0x7
 292 0056 DA010000 		.4byte	.LASF5
 293 005a 02       		.uleb128 0x2
 294 005b 08       		.byte	0x8
 295 005c 05       		.byte	0x5
 296 005d AC020000 		.4byte	.LASF6
 297 0061 02       		.uleb128 0x2
 298 0062 08       		.byte	0x8
 299 0063 07       		.byte	0x7
 300 0064 44020000 		.4byte	.LASF7
 301 0068 04       		.uleb128 0x4
 302 0069 04       		.byte	0x4
 303 006a 05       		.byte	0x5
 304 006b 696E7400 		.ascii	"int\000"
 305 006f 02       		.uleb128 0x2
 306 0070 04       		.byte	0x4
 307 0071 07       		.byte	0x7
 308 0072 2C020000 		.4byte	.LASF8
 309 0076 03       		.uleb128 0x3
ARM GAS  C:\Users\EA527~1.IVA\AppData\Local\Temp\cczDX8Wa.s 			page 8


 310 0077 8B020000 		.4byte	.LASF10
 311 007b 03       		.byte	0x3
 312 007c 2C       		.byte	0x2c
 313 007d 41000000 		.4byte	0x41
 314 0081 05       		.uleb128 0x5
 315 0082 05030000 		.4byte	.LASF11
 316 0086 04       		.byte	0x4
 317 0087 E401     		.2byte	0x1e4
 318 0089 2C000000 		.4byte	0x2c
 319 008d 05       		.uleb128 0x5
 320 008e 07020000 		.4byte	.LASF12
 321 0092 04       		.byte	0x4
 322 0093 E501     		.2byte	0x1e5
 323 0095 3A000000 		.4byte	0x3a
 324 0099 02       		.uleb128 0x2
 325 009a 04       		.byte	0x4
 326 009b 04       		.byte	0x4
 327 009c EB000000 		.4byte	.LASF13
 328 00a0 02       		.uleb128 0x2
 329 00a1 08       		.byte	0x8
 330 00a2 04       		.byte	0x4
 331 00a3 97000000 		.4byte	.LASF14
 332 00a7 02       		.uleb128 0x2
 333 00a8 01       		.byte	0x1
 334 00a9 08       		.byte	0x8
 335 00aa BA020000 		.4byte	.LASF15
 336 00ae 02       		.uleb128 0x2
 337 00af 08       		.byte	0x8
 338 00b0 04       		.byte	0x4
 339 00b1 40030000 		.4byte	.LASF16
 340 00b5 02       		.uleb128 0x2
 341 00b6 04       		.byte	0x4
 342 00b7 07       		.byte	0x7
 343 00b8 93020000 		.4byte	.LASF17
 344 00bc 06       		.uleb128 0x6
 345 00bd 01       		.byte	0x1
 346 00be 2C000000 		.4byte	0x2c
 347 00c2 05       		.byte	0x5
 348 00c3 1D       		.byte	0x1d
 349 00c4 E1000000 		.4byte	0xe1
 350 00c8 07       		.uleb128 0x7
 351 00c9 09000000 		.4byte	.LASF18
 352 00cd 00       		.byte	0
 353 00ce 07       		.uleb128 0x7
 354 00cf 0E020000 		.4byte	.LASF19
 355 00d3 01       		.byte	0x1
 356 00d4 07       		.uleb128 0x7
 357 00d5 EF020000 		.4byte	.LASF20
 358 00d9 02       		.byte	0x2
 359 00da 07       		.uleb128 0x7
 360 00db 7B020000 		.4byte	.LASF21
 361 00df 03       		.byte	0x3
 362 00e0 00       		.byte	0
 363 00e1 03       		.uleb128 0x3
 364 00e2 AA010000 		.4byte	.LASF22
 365 00e6 05       		.byte	0x5
 366 00e7 1D       		.byte	0x1d
ARM GAS  C:\Users\EA527~1.IVA\AppData\Local\Temp\cczDX8Wa.s 			page 9


 367 00e8 BC000000 		.4byte	0xbc
 368 00ec 08       		.uleb128 0x8
 369 00ed 42       		.byte	0x42
 370 00ee 05       		.byte	0x5
 371 00ef 1F       		.byte	0x1f
 372 00f0 19010000 		.4byte	0x119
 373 00f4 09       		.uleb128 0x9
 374 00f5 62756600 		.ascii	"buf\000"
 375 00f9 05       		.byte	0x5
 376 00fa 20       		.byte	0x20
 377 00fb 19010000 		.4byte	0x119
 378 00ff 00       		.byte	0
 379 0100 0A       		.uleb128 0xa
 380 0101 AE000000 		.4byte	.LASF23
 381 0105 05       		.byte	0x5
 382 0106 21       		.byte	0x21
 383 0107 81000000 		.4byte	0x81
 384 010b 40       		.byte	0x40
 385 010c 09       		.uleb128 0x9
 386 010d 656E6400 		.ascii	"end\000"
 387 0111 05       		.byte	0x5
 388 0112 22       		.byte	0x22
 389 0113 81000000 		.4byte	0x81
 390 0117 41       		.byte	0x41
 391 0118 00       		.byte	0
 392 0119 0B       		.uleb128 0xb
 393 011a 81000000 		.4byte	0x81
 394 011e 29010000 		.4byte	0x129
 395 0122 0C       		.uleb128 0xc
 396 0123 B5000000 		.4byte	0xb5
 397 0127 3F       		.byte	0x3f
 398 0128 00       		.byte	0
 399 0129 03       		.uleb128 0x3
 400 012a 39020000 		.4byte	.LASF24
 401 012e 05       		.byte	0x5
 402 012f 23       		.byte	0x23
 403 0130 EC000000 		.4byte	0xec
 404 0134 0D       		.uleb128 0xd
 405 0135 5401     		.2byte	0x154
 406 0137 05       		.byte	0x5
 407 0138 25       		.byte	0x25
 408 0139 BE010000 		.4byte	0x1be
 409 013d 0A       		.uleb128 0xa
 410 013e 1A030000 		.4byte	.LASF25
 411 0142 05       		.byte	0x5
 412 0143 26       		.byte	0x26
 413 0144 29010000 		.4byte	0x129
 414 0148 00       		.byte	0
 415 0149 0A       		.uleb128 0xa
 416 014a A1010000 		.4byte	.LASF26
 417 014e 05       		.byte	0x5
 418 014f 27       		.byte	0x27
 419 0150 BE010000 		.4byte	0x1be
 420 0154 42       		.byte	0x42
 421 0155 0E       		.uleb128 0xe
 422 0156 8A030000 		.4byte	.LASF27
 423 015a 05       		.byte	0x5
ARM GAS  C:\Users\EA527~1.IVA\AppData\Local\Temp\cczDX8Wa.s 			page 10


 424 015b 28       		.byte	0x28
 425 015c 8D000000 		.4byte	0x8d
 426 0160 4201     		.2byte	0x142
 427 0162 0E       		.uleb128 0xe
 428 0163 71000000 		.4byte	.LASF28
 429 0167 05       		.byte	0x5
 430 0168 29       		.byte	0x29
 431 0169 E1000000 		.4byte	0xe1
 432 016d 4401     		.2byte	0x144
 433 016f 0E       		.uleb128 0xe
 434 0170 CD000000 		.4byte	.LASF29
 435 0174 05       		.byte	0x5
 436 0175 2A       		.byte	0x2a
 437 0176 8D000000 		.4byte	0x8d
 438 017a 4601     		.2byte	0x146
 439 017c 0E       		.uleb128 0xe
 440 017d 00000000 		.4byte	.LASF30
 441 0181 05       		.byte	0x5
 442 0182 2B       		.byte	0x2b
 443 0183 8D000000 		.4byte	0x8d
 444 0187 4801     		.2byte	0x148
 445 0189 0E       		.uleb128 0xe
 446 018a CB010000 		.4byte	.LASF31
 447 018e 05       		.byte	0x5
 448 018f 2C       		.byte	0x2c
 449 0190 81000000 		.4byte	0x81
 450 0194 4A01     		.2byte	0x14a
 451 0196 0E       		.uleb128 0xe
 452 0197 9C020000 		.4byte	.LASF32
 453 019b 05       		.byte	0x5
 454 019c 2D       		.byte	0x2d
 455 019d CE010000 		.4byte	0x1ce
 456 01a1 4C01     		.2byte	0x14c
 457 01a3 0E       		.uleb128 0xe
 458 01a4 91030000 		.4byte	.LASF33
 459 01a8 05       		.byte	0x5
 460 01a9 2E       		.byte	0x2e
 461 01aa 81000000 		.4byte	0x81
 462 01ae 5001     		.2byte	0x150
 463 01b0 0E       		.uleb128 0xe
 464 01b1 BD010000 		.4byte	.LASF34
 465 01b5 05       		.byte	0x5
 466 01b6 2F       		.byte	0x2f
 467 01b7 8D000000 		.4byte	0x8d
 468 01bb 5201     		.2byte	0x152
 469 01bd 00       		.byte	0
 470 01be 0B       		.uleb128 0xb
 471 01bf 81000000 		.4byte	0x81
 472 01c3 CE010000 		.4byte	0x1ce
 473 01c7 0C       		.uleb128 0xc
 474 01c8 B5000000 		.4byte	0xb5
 475 01cc FF       		.byte	0xff
 476 01cd 00       		.byte	0
 477 01ce 0F       		.uleb128 0xf
 478 01cf 04       		.byte	0x4
 479 01d0 81000000 		.4byte	0x81
 480 01d4 03       		.uleb128 0x3
ARM GAS  C:\Users\EA527~1.IVA\AppData\Local\Temp\cczDX8Wa.s 			page 11


 481 01d5 CE020000 		.4byte	.LASF35
 482 01d9 05       		.byte	0x5
 483 01da 31       		.byte	0x31
 484 01db 34010000 		.4byte	0x134
 485 01df 10       		.uleb128 0x10
 486 01e0 BF020000 		.4byte	.LASF36
 487 01e4 01       		.byte	0x1
 488 01e5 18       		.byte	0x18
 489 01e6 00000000 		.4byte	.LFB64
 490 01ea 14000000 		.4byte	.LFE64-.LFB64
 491 01ee 01       		.uleb128 0x1
 492 01ef 9C       		.byte	0x9c
 493 01f0 10020000 		.4byte	0x210
 494 01f4 11       		.uleb128 0x11
 495 01f5 06000000 		.4byte	.LVL0
 496 01f9 56030000 		.4byte	0x356
 497 01fd 11       		.uleb128 0x11
 498 01fe 0C000000 		.4byte	.LVL1
 499 0202 62030000 		.4byte	0x362
 500 0206 11       		.uleb128 0x11
 501 0207 12000000 		.4byte	.LVL2
 502 020b 6E030000 		.4byte	0x36e
 503 020f 00       		.byte	0
 504 0210 10       		.uleb128 0x10
 505 0211 5B020000 		.4byte	.LASF37
 506 0215 01       		.byte	0x1
 507 0216 27       		.byte	0x27
 508 0217 00000000 		.4byte	.LFB65
 509 021b 68000000 		.4byte	.LFE65-.LFB65
 510 021f 01       		.uleb128 0x1
 511 0220 9C       		.byte	0x9c
 512 0221 83020000 		.4byte	0x283
 513 0225 12       		.uleb128 0x12
 514 0226 00000000 		.4byte	.Ldebug_ranges0+0
 515 022a 70020000 		.4byte	0x270
 516 022e 13       		.uleb128 0x13
 517 022f 746D7000 		.ascii	"tmp\000"
 518 0233 01       		.byte	0x1
 519 0234 2E       		.byte	0x2e
 520 0235 81000000 		.4byte	0x81
 521 0239 00000000 		.4byte	.LLST0
 522 023d 14       		.uleb128 0x14
 523 023e 14000000 		.4byte	.LVL6
 524 0242 79030000 		.4byte	0x379
 525 0246 54020000 		.4byte	0x254
 526 024a 15       		.uleb128 0x15
 527 024b 01       		.uleb128 0x1
 528 024c 50       		.byte	0x50
 529 024d 05       		.uleb128 0x5
 530 024e 03       		.byte	0x3
 531 024f 00000000 		.4byte	buffer
 532 0253 00       		.byte	0
 533 0254 11       		.uleb128 0x11
 534 0255 2A000000 		.4byte	.LVL9
 535 0259 84030000 		.4byte	0x384
 536 025d 11       		.uleb128 0x11
 537 025e 32000000 		.4byte	.LVL10
ARM GAS  C:\Users\EA527~1.IVA\AppData\Local\Temp\cczDX8Wa.s 			page 12


 538 0262 8F030000 		.4byte	0x38f
 539 0266 11       		.uleb128 0x11
 540 0267 4A000000 		.4byte	.LVL11
 541 026b 84030000 		.4byte	0x384
 542 026f 00       		.byte	0
 543 0270 11       		.uleb128 0x11
 544 0271 06000000 		.4byte	.LVL3
 545 0275 62030000 		.4byte	0x362
 546 0279 11       		.uleb128 0x11
 547 027a 0C000000 		.4byte	.LVL4
 548 027e 9A030000 		.4byte	0x39a
 549 0282 00       		.byte	0
 550 0283 16       		.uleb128 0x16
 551 0284 2E030000 		.4byte	.LASF58
 552 0288 01       		.byte	0x1
 553 0289 3D       		.byte	0x3d
 554 028a 00000000 		.4byte	.LFB66
 555 028e 64000000 		.4byte	.LFE66-.LFB66
 556 0292 01       		.uleb128 0x1
 557 0293 9C       		.byte	0x9c
 558 0294 C4020000 		.4byte	0x2c4
 559 0298 11       		.uleb128 0x11
 560 0299 0E000000 		.4byte	.LVL14
 561 029d A5030000 		.4byte	0x3a5
 562 02a1 11       		.uleb128 0x11
 563 02a2 1E000000 		.4byte	.LVL15
 564 02a6 B0030000 		.4byte	0x3b0
 565 02aa 11       		.uleb128 0x11
 566 02ab 36000000 		.4byte	.LVL16
 567 02af B0030000 		.4byte	0x3b0
 568 02b3 17       		.uleb128 0x17
 569 02b4 50000000 		.4byte	.LVL17
 570 02b8 B0030000 		.4byte	0x3b0
 571 02bc 15       		.uleb128 0x15
 572 02bd 01       		.uleb128 0x1
 573 02be 51       		.byte	0x51
 574 02bf 02       		.uleb128 0x2
 575 02c0 08       		.byte	0x8
 576 02c1 40       		.byte	0x40
 577 02c2 00       		.byte	0
 578 02c3 00       		.byte	0
 579 02c4 18       		.uleb128 0x18
 580 02c5 B0010000 		.4byte	.LASF38
 581 02c9 06       		.byte	0x6
 582 02ca 1207     		.2byte	0x712
 583 02cc D0020000 		.4byte	0x2d0
 584 02d0 19       		.uleb128 0x19
 585 02d1 76000000 		.4byte	0x76
 586 02d5 1A       		.uleb128 0x1a
 587 02d6 65000000 		.4byte	.LASF39
 588 02da 05       		.byte	0x5
 589 02db 33       		.byte	0x33
 590 02dc D4010000 		.4byte	0x1d4
 591 02e0 1B       		.uleb128 0x1b
 592 02e1 DB020000 		.4byte	.LASF40
 593 02e5 01       		.byte	0x1
 594 02e6 13       		.byte	0x13
ARM GAS  C:\Users\EA527~1.IVA\AppData\Local\Temp\cczDX8Wa.s 			page 13


 595 02e7 8D000000 		.4byte	0x8d
 596 02eb 05       		.uleb128 0x5
 597 02ec 03       		.byte	0x3
 598 02ed 00000000 		.4byte	count
 599 02f1 1B       		.uleb128 0x1b
 600 02f2 FE020000 		.4byte	.LASF41
 601 02f6 01       		.byte	0x1
 602 02f7 14       		.byte	0x14
 603 02f8 19010000 		.4byte	0x119
 604 02fc 05       		.uleb128 0x5
 605 02fd 03       		.byte	0x3
 606 02fe 00000000 		.4byte	buffer
 607 0302 0B       		.uleb128 0xb
 608 0303 81000000 		.4byte	0x81
 609 0307 12030000 		.4byte	0x312
 610 030b 0C       		.uleb128 0xc
 611 030c B5000000 		.4byte	0xb5
 612 0310 12       		.byte	0x12
 613 0311 00       		.byte	0
 614 0312 1B       		.uleb128 0x1b
 615 0313 1C020000 		.4byte	.LASF42
 616 0317 01       		.byte	0x1
 617 0318 12       		.byte	0x12
 618 0319 02030000 		.4byte	0x302
 619 031d 05       		.uleb128 0x5
 620 031e 03       		.byte	0x3
 621 031f 00000000 		.4byte	welcome_massage
 622 0323 1B       		.uleb128 0x1b
 623 0324 77000000 		.4byte	.LASF43
 624 0328 01       		.byte	0x1
 625 0329 13       		.byte	0x13
 626 032a 8D000000 		.4byte	0x8d
 627 032e 05       		.uleb128 0x5
 628 032f 03       		.byte	0x3
 629 0330 00000000 		.4byte	count2
 630 0334 1B       		.uleb128 0x1b
 631 0335 26030000 		.4byte	.LASF44
 632 0339 01       		.byte	0x1
 633 033a 15       		.byte	0x15
 634 033b 19010000 		.4byte	0x119
 635 033f 05       		.uleb128 0x5
 636 0340 03       		.byte	0x3
 637 0341 00000000 		.4byte	buffer2
 638 0345 1B       		.uleb128 0x1b
 639 0346 E1020000 		.4byte	.LASF45
 640 034a 01       		.byte	0x1
 641 034b 16       		.byte	0x16
 642 034c CE010000 		.4byte	0x1ce
 643 0350 05       		.uleb128 0x5
 644 0351 03       		.byte	0x3
 645 0352 00000000 		.4byte	token_buffer2
 646 0356 1C       		.uleb128 0x1c
 647 0357 4C030000 		.4byte	.LASF46
 648 035b 4C030000 		.4byte	.LASF46
 649 035f 07       		.byte	0x7
 650 0360 2E01     		.2byte	0x12e
 651 0362 1C       		.uleb128 0x1c
ARM GAS  C:\Users\EA527~1.IVA\AppData\Local\Temp\cczDX8Wa.s 			page 14


 652 0363 B4000000 		.4byte	.LASF47
 653 0367 B4000000 		.4byte	.LASF47
 654 036b 07       		.byte	0x7
 655 036c 2D01     		.2byte	0x12d
 656 036e 1D       		.uleb128 0x1d
 657 036f EC010000 		.4byte	.LASF48
 658 0373 EC010000 		.4byte	.LASF48
 659 0377 08       		.byte	0x8
 660 0378 22       		.byte	0x22
 661 0379 1D       		.uleb128 0x1d
 662 037a 88000000 		.4byte	.LASF49
 663 037e 88000000 		.4byte	.LASF49
 664 0382 08       		.byte	0x8
 665 0383 2B       		.byte	0x2b
 666 0384 1D       		.uleb128 0x1d
 667 0385 8D010000 		.4byte	.LASF50
 668 0389 8D010000 		.4byte	.LASF50
 669 038d 09       		.byte	0x9
 670 038e 0F       		.byte	0xf
 671 038f 1D       		.uleb128 0x1d
 672 0390 98010000 		.4byte	.LASF51
 673 0394 98010000 		.4byte	.LASF51
 674 0398 09       		.byte	0x9
 675 0399 12       		.byte	0x12
 676 039a 1D       		.uleb128 0x1d
 677 039b 67020000 		.4byte	.LASF52
 678 039f 67020000 		.4byte	.LASF52
 679 03a3 08       		.byte	0x8
 680 03a4 29       		.byte	0x29
 681 03a5 1D       		.uleb128 0x1d
 682 03a6 D8000000 		.4byte	.LASF53
 683 03aa D8000000 		.4byte	.LASF53
 684 03ae 08       		.byte	0x8
 685 03af 28       		.byte	0x28
 686 03b0 1D       		.uleb128 0x1d
 687 03b1 9E000000 		.4byte	.LASF54
 688 03b5 9E000000 		.4byte	.LASF54
 689 03b9 08       		.byte	0x8
 690 03ba 23       		.byte	0x23
 691 03bb 00       		.byte	0
 692              		.section	.debug_abbrev,"",%progbits
 693              	.Ldebug_abbrev0:
 694 0000 01       		.uleb128 0x1
 695 0001 11       		.uleb128 0x11
 696 0002 01       		.byte	0x1
 697 0003 25       		.uleb128 0x25
 698 0004 0E       		.uleb128 0xe
 699 0005 13       		.uleb128 0x13
 700 0006 0B       		.uleb128 0xb
 701 0007 03       		.uleb128 0x3
 702 0008 0E       		.uleb128 0xe
 703 0009 1B       		.uleb128 0x1b
 704 000a 0E       		.uleb128 0xe
 705 000b 55       		.uleb128 0x55
 706 000c 17       		.uleb128 0x17
 707 000d 11       		.uleb128 0x11
 708 000e 01       		.uleb128 0x1
ARM GAS  C:\Users\EA527~1.IVA\AppData\Local\Temp\cczDX8Wa.s 			page 15


 709 000f 10       		.uleb128 0x10
 710 0010 17       		.uleb128 0x17
 711 0011 00       		.byte	0
 712 0012 00       		.byte	0
 713 0013 02       		.uleb128 0x2
 714 0014 24       		.uleb128 0x24
 715 0015 00       		.byte	0
 716 0016 0B       		.uleb128 0xb
 717 0017 0B       		.uleb128 0xb
 718 0018 3E       		.uleb128 0x3e
 719 0019 0B       		.uleb128 0xb
 720 001a 03       		.uleb128 0x3
 721 001b 0E       		.uleb128 0xe
 722 001c 00       		.byte	0
 723 001d 00       		.byte	0
 724 001e 03       		.uleb128 0x3
 725 001f 16       		.uleb128 0x16
 726 0020 00       		.byte	0
 727 0021 03       		.uleb128 0x3
 728 0022 0E       		.uleb128 0xe
 729 0023 3A       		.uleb128 0x3a
 730 0024 0B       		.uleb128 0xb
 731 0025 3B       		.uleb128 0x3b
 732 0026 0B       		.uleb128 0xb
 733 0027 49       		.uleb128 0x49
 734 0028 13       		.uleb128 0x13
 735 0029 00       		.byte	0
 736 002a 00       		.byte	0
 737 002b 04       		.uleb128 0x4
 738 002c 24       		.uleb128 0x24
 739 002d 00       		.byte	0
 740 002e 0B       		.uleb128 0xb
 741 002f 0B       		.uleb128 0xb
 742 0030 3E       		.uleb128 0x3e
 743 0031 0B       		.uleb128 0xb
 744 0032 03       		.uleb128 0x3
 745 0033 08       		.uleb128 0x8
 746 0034 00       		.byte	0
 747 0035 00       		.byte	0
 748 0036 05       		.uleb128 0x5
 749 0037 16       		.uleb128 0x16
 750 0038 00       		.byte	0
 751 0039 03       		.uleb128 0x3
 752 003a 0E       		.uleb128 0xe
 753 003b 3A       		.uleb128 0x3a
 754 003c 0B       		.uleb128 0xb
 755 003d 3B       		.uleb128 0x3b
 756 003e 05       		.uleb128 0x5
 757 003f 49       		.uleb128 0x49
 758 0040 13       		.uleb128 0x13
 759 0041 00       		.byte	0
 760 0042 00       		.byte	0
 761 0043 06       		.uleb128 0x6
 762 0044 04       		.uleb128 0x4
 763 0045 01       		.byte	0x1
 764 0046 0B       		.uleb128 0xb
 765 0047 0B       		.uleb128 0xb
ARM GAS  C:\Users\EA527~1.IVA\AppData\Local\Temp\cczDX8Wa.s 			page 16


 766 0048 49       		.uleb128 0x49
 767 0049 13       		.uleb128 0x13
 768 004a 3A       		.uleb128 0x3a
 769 004b 0B       		.uleb128 0xb
 770 004c 3B       		.uleb128 0x3b
 771 004d 0B       		.uleb128 0xb
 772 004e 01       		.uleb128 0x1
 773 004f 13       		.uleb128 0x13
 774 0050 00       		.byte	0
 775 0051 00       		.byte	0
 776 0052 07       		.uleb128 0x7
 777 0053 28       		.uleb128 0x28
 778 0054 00       		.byte	0
 779 0055 03       		.uleb128 0x3
 780 0056 0E       		.uleb128 0xe
 781 0057 1C       		.uleb128 0x1c
 782 0058 0B       		.uleb128 0xb
 783 0059 00       		.byte	0
 784 005a 00       		.byte	0
 785 005b 08       		.uleb128 0x8
 786 005c 13       		.uleb128 0x13
 787 005d 01       		.byte	0x1
 788 005e 0B       		.uleb128 0xb
 789 005f 0B       		.uleb128 0xb
 790 0060 3A       		.uleb128 0x3a
 791 0061 0B       		.uleb128 0xb
 792 0062 3B       		.uleb128 0x3b
 793 0063 0B       		.uleb128 0xb
 794 0064 01       		.uleb128 0x1
 795 0065 13       		.uleb128 0x13
 796 0066 00       		.byte	0
 797 0067 00       		.byte	0
 798 0068 09       		.uleb128 0x9
 799 0069 0D       		.uleb128 0xd
 800 006a 00       		.byte	0
 801 006b 03       		.uleb128 0x3
 802 006c 08       		.uleb128 0x8
 803 006d 3A       		.uleb128 0x3a
 804 006e 0B       		.uleb128 0xb
 805 006f 3B       		.uleb128 0x3b
 806 0070 0B       		.uleb128 0xb
 807 0071 49       		.uleb128 0x49
 808 0072 13       		.uleb128 0x13
 809 0073 38       		.uleb128 0x38
 810 0074 0B       		.uleb128 0xb
 811 0075 00       		.byte	0
 812 0076 00       		.byte	0
 813 0077 0A       		.uleb128 0xa
 814 0078 0D       		.uleb128 0xd
 815 0079 00       		.byte	0
 816 007a 03       		.uleb128 0x3
 817 007b 0E       		.uleb128 0xe
 818 007c 3A       		.uleb128 0x3a
 819 007d 0B       		.uleb128 0xb
 820 007e 3B       		.uleb128 0x3b
 821 007f 0B       		.uleb128 0xb
 822 0080 49       		.uleb128 0x49
ARM GAS  C:\Users\EA527~1.IVA\AppData\Local\Temp\cczDX8Wa.s 			page 17


 823 0081 13       		.uleb128 0x13
 824 0082 38       		.uleb128 0x38
 825 0083 0B       		.uleb128 0xb
 826 0084 00       		.byte	0
 827 0085 00       		.byte	0
 828 0086 0B       		.uleb128 0xb
 829 0087 01       		.uleb128 0x1
 830 0088 01       		.byte	0x1
 831 0089 49       		.uleb128 0x49
 832 008a 13       		.uleb128 0x13
 833 008b 01       		.uleb128 0x1
 834 008c 13       		.uleb128 0x13
 835 008d 00       		.byte	0
 836 008e 00       		.byte	0
 837 008f 0C       		.uleb128 0xc
 838 0090 21       		.uleb128 0x21
 839 0091 00       		.byte	0
 840 0092 49       		.uleb128 0x49
 841 0093 13       		.uleb128 0x13
 842 0094 2F       		.uleb128 0x2f
 843 0095 0B       		.uleb128 0xb
 844 0096 00       		.byte	0
 845 0097 00       		.byte	0
 846 0098 0D       		.uleb128 0xd
 847 0099 13       		.uleb128 0x13
 848 009a 01       		.byte	0x1
 849 009b 0B       		.uleb128 0xb
 850 009c 05       		.uleb128 0x5
 851 009d 3A       		.uleb128 0x3a
 852 009e 0B       		.uleb128 0xb
 853 009f 3B       		.uleb128 0x3b
 854 00a0 0B       		.uleb128 0xb
 855 00a1 01       		.uleb128 0x1
 856 00a2 13       		.uleb128 0x13
 857 00a3 00       		.byte	0
 858 00a4 00       		.byte	0
 859 00a5 0E       		.uleb128 0xe
 860 00a6 0D       		.uleb128 0xd
 861 00a7 00       		.byte	0
 862 00a8 03       		.uleb128 0x3
 863 00a9 0E       		.uleb128 0xe
 864 00aa 3A       		.uleb128 0x3a
 865 00ab 0B       		.uleb128 0xb
 866 00ac 3B       		.uleb128 0x3b
 867 00ad 0B       		.uleb128 0xb
 868 00ae 49       		.uleb128 0x49
 869 00af 13       		.uleb128 0x13
 870 00b0 38       		.uleb128 0x38
 871 00b1 05       		.uleb128 0x5
 872 00b2 00       		.byte	0
 873 00b3 00       		.byte	0
 874 00b4 0F       		.uleb128 0xf
 875 00b5 0F       		.uleb128 0xf
 876 00b6 00       		.byte	0
 877 00b7 0B       		.uleb128 0xb
 878 00b8 0B       		.uleb128 0xb
 879 00b9 49       		.uleb128 0x49
ARM GAS  C:\Users\EA527~1.IVA\AppData\Local\Temp\cczDX8Wa.s 			page 18


 880 00ba 13       		.uleb128 0x13
 881 00bb 00       		.byte	0
 882 00bc 00       		.byte	0
 883 00bd 10       		.uleb128 0x10
 884 00be 2E       		.uleb128 0x2e
 885 00bf 01       		.byte	0x1
 886 00c0 3F       		.uleb128 0x3f
 887 00c1 19       		.uleb128 0x19
 888 00c2 03       		.uleb128 0x3
 889 00c3 0E       		.uleb128 0xe
 890 00c4 3A       		.uleb128 0x3a
 891 00c5 0B       		.uleb128 0xb
 892 00c6 3B       		.uleb128 0x3b
 893 00c7 0B       		.uleb128 0xb
 894 00c8 27       		.uleb128 0x27
 895 00c9 19       		.uleb128 0x19
 896 00ca 11       		.uleb128 0x11
 897 00cb 01       		.uleb128 0x1
 898 00cc 12       		.uleb128 0x12
 899 00cd 06       		.uleb128 0x6
 900 00ce 40       		.uleb128 0x40
 901 00cf 18       		.uleb128 0x18
 902 00d0 9742     		.uleb128 0x2117
 903 00d2 19       		.uleb128 0x19
 904 00d3 01       		.uleb128 0x1
 905 00d4 13       		.uleb128 0x13
 906 00d5 00       		.byte	0
 907 00d6 00       		.byte	0
 908 00d7 11       		.uleb128 0x11
 909 00d8 898201   		.uleb128 0x4109
 910 00db 00       		.byte	0
 911 00dc 11       		.uleb128 0x11
 912 00dd 01       		.uleb128 0x1
 913 00de 31       		.uleb128 0x31
 914 00df 13       		.uleb128 0x13
 915 00e0 00       		.byte	0
 916 00e1 00       		.byte	0
 917 00e2 12       		.uleb128 0x12
 918 00e3 0B       		.uleb128 0xb
 919 00e4 01       		.byte	0x1
 920 00e5 55       		.uleb128 0x55
 921 00e6 17       		.uleb128 0x17
 922 00e7 01       		.uleb128 0x1
 923 00e8 13       		.uleb128 0x13
 924 00e9 00       		.byte	0
 925 00ea 00       		.byte	0
 926 00eb 13       		.uleb128 0x13
 927 00ec 34       		.uleb128 0x34
 928 00ed 00       		.byte	0
 929 00ee 03       		.uleb128 0x3
 930 00ef 08       		.uleb128 0x8
 931 00f0 3A       		.uleb128 0x3a
 932 00f1 0B       		.uleb128 0xb
 933 00f2 3B       		.uleb128 0x3b
 934 00f3 0B       		.uleb128 0xb
 935 00f4 49       		.uleb128 0x49
 936 00f5 13       		.uleb128 0x13
ARM GAS  C:\Users\EA527~1.IVA\AppData\Local\Temp\cczDX8Wa.s 			page 19


 937 00f6 02       		.uleb128 0x2
 938 00f7 17       		.uleb128 0x17
 939 00f8 00       		.byte	0
 940 00f9 00       		.byte	0
 941 00fa 14       		.uleb128 0x14
 942 00fb 898201   		.uleb128 0x4109
 943 00fe 01       		.byte	0x1
 944 00ff 11       		.uleb128 0x11
 945 0100 01       		.uleb128 0x1
 946 0101 31       		.uleb128 0x31
 947 0102 13       		.uleb128 0x13
 948 0103 01       		.uleb128 0x1
 949 0104 13       		.uleb128 0x13
 950 0105 00       		.byte	0
 951 0106 00       		.byte	0
 952 0107 15       		.uleb128 0x15
 953 0108 8A8201   		.uleb128 0x410a
 954 010b 00       		.byte	0
 955 010c 02       		.uleb128 0x2
 956 010d 18       		.uleb128 0x18
 957 010e 9142     		.uleb128 0x2111
 958 0110 18       		.uleb128 0x18
 959 0111 00       		.byte	0
 960 0112 00       		.byte	0
 961 0113 16       		.uleb128 0x16
 962 0114 2E       		.uleb128 0x2e
 963 0115 01       		.byte	0x1
 964 0116 3F       		.uleb128 0x3f
 965 0117 19       		.uleb128 0x19
 966 0118 03       		.uleb128 0x3
 967 0119 0E       		.uleb128 0xe
 968 011a 3A       		.uleb128 0x3a
 969 011b 0B       		.uleb128 0xb
 970 011c 3B       		.uleb128 0x3b
 971 011d 0B       		.uleb128 0xb
 972 011e 11       		.uleb128 0x11
 973 011f 01       		.uleb128 0x1
 974 0120 12       		.uleb128 0x12
 975 0121 06       		.uleb128 0x6
 976 0122 40       		.uleb128 0x40
 977 0123 18       		.uleb128 0x18
 978 0124 9742     		.uleb128 0x2117
 979 0126 19       		.uleb128 0x19
 980 0127 01       		.uleb128 0x1
 981 0128 13       		.uleb128 0x13
 982 0129 00       		.byte	0
 983 012a 00       		.byte	0
 984 012b 17       		.uleb128 0x17
 985 012c 898201   		.uleb128 0x4109
 986 012f 01       		.byte	0x1
 987 0130 11       		.uleb128 0x11
 988 0131 01       		.uleb128 0x1
 989 0132 31       		.uleb128 0x31
 990 0133 13       		.uleb128 0x13
 991 0134 00       		.byte	0
 992 0135 00       		.byte	0
 993 0136 18       		.uleb128 0x18
ARM GAS  C:\Users\EA527~1.IVA\AppData\Local\Temp\cczDX8Wa.s 			page 20


 994 0137 34       		.uleb128 0x34
 995 0138 00       		.byte	0
 996 0139 03       		.uleb128 0x3
 997 013a 0E       		.uleb128 0xe
 998 013b 3A       		.uleb128 0x3a
 999 013c 0B       		.uleb128 0xb
 1000 013d 3B       		.uleb128 0x3b
 1001 013e 05       		.uleb128 0x5
 1002 013f 49       		.uleb128 0x49
 1003 0140 13       		.uleb128 0x13
 1004 0141 3F       		.uleb128 0x3f
 1005 0142 19       		.uleb128 0x19
 1006 0143 3C       		.uleb128 0x3c
 1007 0144 19       		.uleb128 0x19
 1008 0145 00       		.byte	0
 1009 0146 00       		.byte	0
 1010 0147 19       		.uleb128 0x19
 1011 0148 35       		.uleb128 0x35
 1012 0149 00       		.byte	0
 1013 014a 49       		.uleb128 0x49
 1014 014b 13       		.uleb128 0x13
 1015 014c 00       		.byte	0
 1016 014d 00       		.byte	0
 1017 014e 1A       		.uleb128 0x1a
 1018 014f 34       		.uleb128 0x34
 1019 0150 00       		.byte	0
 1020 0151 03       		.uleb128 0x3
 1021 0152 0E       		.uleb128 0xe
 1022 0153 3A       		.uleb128 0x3a
 1023 0154 0B       		.uleb128 0xb
 1024 0155 3B       		.uleb128 0x3b
 1025 0156 0B       		.uleb128 0xb
 1026 0157 49       		.uleb128 0x49
 1027 0158 13       		.uleb128 0x13
 1028 0159 3F       		.uleb128 0x3f
 1029 015a 19       		.uleb128 0x19
 1030 015b 3C       		.uleb128 0x3c
 1031 015c 19       		.uleb128 0x19
 1032 015d 00       		.byte	0
 1033 015e 00       		.byte	0
 1034 015f 1B       		.uleb128 0x1b
 1035 0160 34       		.uleb128 0x34
 1036 0161 00       		.byte	0
 1037 0162 03       		.uleb128 0x3
 1038 0163 0E       		.uleb128 0xe
 1039 0164 3A       		.uleb128 0x3a
 1040 0165 0B       		.uleb128 0xb
 1041 0166 3B       		.uleb128 0x3b
 1042 0167 0B       		.uleb128 0xb
 1043 0168 49       		.uleb128 0x49
 1044 0169 13       		.uleb128 0x13
 1045 016a 3F       		.uleb128 0x3f
 1046 016b 19       		.uleb128 0x19
 1047 016c 02       		.uleb128 0x2
 1048 016d 18       		.uleb128 0x18
 1049 016e 00       		.byte	0
 1050 016f 00       		.byte	0
ARM GAS  C:\Users\EA527~1.IVA\AppData\Local\Temp\cczDX8Wa.s 			page 21


 1051 0170 1C       		.uleb128 0x1c
 1052 0171 2E       		.uleb128 0x2e
 1053 0172 00       		.byte	0
 1054 0173 3F       		.uleb128 0x3f
 1055 0174 19       		.uleb128 0x19
 1056 0175 3C       		.uleb128 0x3c
 1057 0176 19       		.uleb128 0x19
 1058 0177 6E       		.uleb128 0x6e
 1059 0178 0E       		.uleb128 0xe
 1060 0179 03       		.uleb128 0x3
 1061 017a 0E       		.uleb128 0xe
 1062 017b 3A       		.uleb128 0x3a
 1063 017c 0B       		.uleb128 0xb
 1064 017d 3B       		.uleb128 0x3b
 1065 017e 05       		.uleb128 0x5
 1066 017f 00       		.byte	0
 1067 0180 00       		.byte	0
 1068 0181 1D       		.uleb128 0x1d
 1069 0182 2E       		.uleb128 0x2e
 1070 0183 00       		.byte	0
 1071 0184 3F       		.uleb128 0x3f
 1072 0185 19       		.uleb128 0x19
 1073 0186 3C       		.uleb128 0x3c
 1074 0187 19       		.uleb128 0x19
 1075 0188 6E       		.uleb128 0x6e
 1076 0189 0E       		.uleb128 0xe
 1077 018a 03       		.uleb128 0x3
 1078 018b 0E       		.uleb128 0xe
 1079 018c 3A       		.uleb128 0x3a
 1080 018d 0B       		.uleb128 0xb
 1081 018e 3B       		.uleb128 0x3b
 1082 018f 0B       		.uleb128 0xb
 1083 0190 00       		.byte	0
 1084 0191 00       		.byte	0
 1085 0192 00       		.byte	0
 1086              		.section	.debug_loc,"",%progbits
 1087              	.Ldebug_loc0:
 1088              	.LLST0:
 1089 0000 0E000000 		.4byte	.LVL5
 1090 0004 1C000000 		.4byte	.LVL7
 1091 0008 0200     		.2byte	0x2
 1092 000a 30       		.byte	0x30
 1093 000b 9F       		.byte	0x9f
 1094 000c 1C000000 		.4byte	.LVL7
 1095 0010 20000000 		.4byte	.LVL8
 1096 0014 0100     		.2byte	0x1
 1097 0016 51       		.byte	0x51
 1098 0017 20000000 		.4byte	.LVL8
 1099 001b 4C000000 		.4byte	.LVL12
 1100 001f 0100     		.2byte	0x1
 1101 0021 54       		.byte	0x54
 1102 0022 4C000000 		.4byte	.LVL12
 1103 0026 58000000 		.4byte	.LVL13
 1104 002a 0100     		.2byte	0x1
 1105 002c 51       		.byte	0x51
 1106 002d 00000000 		.4byte	0
 1107 0031 00000000 		.4byte	0
ARM GAS  C:\Users\EA527~1.IVA\AppData\Local\Temp\cczDX8Wa.s 			page 22


 1108              		.section	.debug_aranges,"",%progbits
 1109 0000 2C000000 		.4byte	0x2c
 1110 0004 0200     		.2byte	0x2
 1111 0006 00000000 		.4byte	.Ldebug_info0
 1112 000a 04       		.byte	0x4
 1113 000b 00       		.byte	0
 1114 000c 0000     		.2byte	0
 1115 000e 0000     		.2byte	0
 1116 0010 00000000 		.4byte	.LFB64
 1117 0014 14000000 		.4byte	.LFE64-.LFB64
 1118 0018 00000000 		.4byte	.LFB65
 1119 001c 68000000 		.4byte	.LFE65-.LFB65
 1120 0020 00000000 		.4byte	.LFB66
 1121 0024 64000000 		.4byte	.LFE66-.LFB66
 1122 0028 00000000 		.4byte	0
 1123 002c 00000000 		.4byte	0
 1124              		.section	.debug_ranges,"",%progbits
 1125              	.Ldebug_ranges0:
 1126 0000 0E000000 		.4byte	.LBB2
 1127 0004 4A000000 		.4byte	.LBE2
 1128 0008 4C000000 		.4byte	.LBB3
 1129 000c 68000000 		.4byte	.LBE3
 1130 0010 00000000 		.4byte	0
 1131 0014 00000000 		.4byte	0
 1132 0018 00000000 		.4byte	.LFB64
 1133 001c 14000000 		.4byte	.LFE64
 1134 0020 00000000 		.4byte	.LFB65
 1135 0024 68000000 		.4byte	.LFE65
 1136 0028 00000000 		.4byte	.LFB66
 1137 002c 64000000 		.4byte	.LFE66
 1138 0030 00000000 		.4byte	0
 1139 0034 00000000 		.4byte	0
 1140              		.section	.debug_line,"",%progbits
 1141              	.Ldebug_line0:
 1142 0000 E3010000 		.section	.debug_str,"MS",%progbits,1
 1142      02008C01 
 1142      00000201 
 1142      FB0E0D00 
 1142      01010101 
 1143              	.LASF30:
 1144 0000 63686563 		.ascii	"checksum\000"
 1144      6B73756D 
 1144      00
 1145              	.LASF18:
 1146 0009 57414954 		.ascii	"WAITINGOFDOLLAR\000"
 1146      494E474F 
 1146      46444F4C 
 1146      4C415200 
 1147              	.LASF57:
 1148 0019 433A5C55 		.ascii	"C:\\Users\\e.ivanov\\Documents\\GitHub\\generic\\Ma"
 1148      73657273 
 1148      5C652E69 
 1148      76616E6F 
 1148      765C446F 
 1149 0046 6E636865 		.ascii	"nchester encoder-decoder.cydsn\000"
 1149      73746572 
 1149      20656E63 
ARM GAS  C:\Users\EA527~1.IVA\AppData\Local\Temp\cczDX8Wa.s 			page 23


 1149      6F646572 
 1149      2D646563 
 1150              	.LASF39:
 1151 0065 7573625F 		.ascii	"usb_context\000"
 1151      636F6E74 
 1151      65787400 
 1152              	.LASF28:
 1153 0071 73746174 		.ascii	"state\000"
 1153      6500
 1154              	.LASF43:
 1155 0077 636F756E 		.ascii	"count2\000"
 1155      743200
 1156              	.LASF9:
 1157 007e 5F5F696E 		.ascii	"__int32_t\000"
 1157      7433325F 
 1157      7400
 1158              	.LASF49:
 1159 0088 55534255 		.ascii	"USBUART_GetAll\000"
 1159      4152545F 
 1159      47657441 
 1159      6C6C00
 1160              	.LASF14:
 1161 0097 646F7562 		.ascii	"double\000"
 1161      6C6500
 1162              	.LASF54:
 1163 009e 55534255 		.ascii	"USBUART_PutData\000"
 1163      4152545F 
 1163      50757444 
 1163      61746100 
 1164              	.LASF23:
 1165 00ae 62656769 		.ascii	"begin\000"
 1165      6E00
 1166              	.LASF47:
 1167 00b4 55534255 		.ascii	"USBUART_GetConfiguration\000"
 1167      4152545F 
 1167      47657443 
 1167      6F6E6669 
 1167      67757261 
 1168              	.LASF29:
 1169 00cd 636F756E 		.ascii	"count_char\000"
 1169      745F6368 
 1169      617200
 1170              	.LASF53:
 1171 00d8 55534255 		.ascii	"USBUART_CDCIsReady\000"
 1171      4152545F 
 1171      43444349 
 1171      73526561 
 1171      647900
 1172              	.LASF13:
 1173 00eb 666C6F61 		.ascii	"float\000"
 1173      7400
 1174              	.LASF1:
 1175 00f1 756E7369 		.ascii	"unsigned char\000"
 1175      676E6564 
 1175      20636861 
 1175      7200
 1176              	.LASF55:
ARM GAS  C:\Users\EA527~1.IVA\AppData\Local\Temp\cczDX8Wa.s 			page 24


 1177 00ff 474E5520 		.ascii	"GNU C11 5.4.1 20160609 (release) [ARM/embedded-5-br"
 1177      43313120 
 1177      352E342E 
 1177      31203230 
 1177      31363036 
 1178 0132 616E6368 		.ascii	"anch revision 237715] -mcpu=cortex-m3 -mthumb -g -O"
 1178      20726576 
 1178      6973696F 
 1178      6E203233 
 1178      37373135 
 1179 0165 67202D66 		.ascii	"g -ffunction-sections -ffat-lto-objects\000"
 1179      66756E63 
 1179      74696F6E 
 1179      2D736563 
 1179      74696F6E 
 1180              	.LASF50:
 1181 018d 496E7365 		.ascii	"InsertByte\000"
 1181      72744279 
 1181      746500
 1182              	.LASF51:
 1183 0198 6167675F 		.ascii	"agg_sent\000"
 1183      73656E74 
 1183      00
 1184              	.LASF26:
 1185 01a1 73656E74 		.ascii	"sentence\000"
 1185      656E6365 
 1185      00
 1186              	.LASF22:
 1187 01aa 53746174 		.ascii	"State\000"
 1187      6500
 1188              	.LASF38:
 1189 01b0 49544D5F 		.ascii	"ITM_RxBuffer\000"
 1189      52784275 
 1189      66666572 
 1189      00
 1190              	.LASF34:
 1191 01bd 636F756E 		.ascii	"count_to_send\000"
 1191      745F746F 
 1191      5F73656E 
 1191      6400
 1192              	.LASF31:
 1193 01cb 73656E74 		.ascii	"sentence_ready\000"
 1193      656E6365 
 1193      5F726561 
 1193      647900
 1194              	.LASF5:
 1195 01da 6C6F6E67 		.ascii	"long unsigned int\000"
 1195      20756E73 
 1195      69676E65 
 1195      6420696E 
 1195      7400
 1196              	.LASF48:
 1197 01ec 55534255 		.ascii	"USBUART_CDC_Init\000"
 1197      4152545F 
 1197      4344435F 
 1197      496E6974 
 1197      00
ARM GAS  C:\Users\EA527~1.IVA\AppData\Local\Temp\cczDX8Wa.s 			page 25


 1198              	.LASF2:
 1199 01fd 73686F72 		.ascii	"short int\000"
 1199      7420696E 
 1199      7400
 1200              	.LASF12:
 1201 0207 75696E74 		.ascii	"uint16\000"
 1201      313600
 1202              	.LASF19:
 1203 020e 57414954 		.ascii	"WAITINGOFSTAR\000"
 1203      494E474F 
 1203      46535441 
 1203      5200
 1204              	.LASF42:
 1205 021c 77656C63 		.ascii	"welcome_massage\000"
 1205      6F6D655F 
 1205      6D617373 
 1205      61676500 
 1206              	.LASF8:
 1207 022c 756E7369 		.ascii	"unsigned int\000"
 1207      676E6564 
 1207      20696E74 
 1207      00
 1208              	.LASF24:
 1209 0239 52696E67 		.ascii	"RingBuff_t\000"
 1209      42756666 
 1209      5F7400
 1210              	.LASF7:
 1211 0244 6C6F6E67 		.ascii	"long long unsigned int\000"
 1211      206C6F6E 
 1211      6720756E 
 1211      7369676E 
 1211      65642069 
 1212              	.LASF37:
 1213 025b 53657276 		.ascii	"Service_USB\000"
 1213      6963655F 
 1213      55534200 
 1214              	.LASF52:
 1215 0267 55534255 		.ascii	"USBUART_DataIsReady\000"
 1215      4152545F 
 1215      44617461 
 1215      49735265 
 1215      61647900 
 1216              	.LASF21:
 1217 027b 57414954 		.ascii	"WAITINGOFCHSUM2\000"
 1217      494E474F 
 1217      46434853 
 1217      554D3200 
 1218              	.LASF10:
 1219 028b 696E7433 		.ascii	"int32_t\000"
 1219      325F7400 
 1220              	.LASF17:
 1221 0293 73697A65 		.ascii	"sizetype\000"
 1221      74797065 
 1221      00
 1222              	.LASF32:
 1223 029c 6D657373 		.ascii	"message_to_send\000"
 1223      6167655F 
ARM GAS  C:\Users\EA527~1.IVA\AppData\Local\Temp\cczDX8Wa.s 			page 26


 1223      746F5F73 
 1223      656E6400 
 1224              	.LASF6:
 1225 02ac 6C6F6E67 		.ascii	"long long int\000"
 1225      206C6F6E 
 1225      6720696E 
 1225      7400
 1226              	.LASF15:
 1227 02ba 63686172 		.ascii	"char\000"
 1227      00
 1228              	.LASF36:
 1229 02bf 55534255 		.ascii	"USBUARTInitCDC\000"
 1229      41525449 
 1229      6E697443 
 1229      444300
 1230              	.LASF35:
 1231 02ce 75617274 		.ascii	"uart_context\000"
 1231      5F636F6E 
 1231      74657874 
 1231      00
 1232              	.LASF40:
 1233 02db 636F756E 		.ascii	"count\000"
 1233      7400
 1234              	.LASF45:
 1235 02e1 746F6B65 		.ascii	"token_buffer2\000"
 1235      6E5F6275 
 1235      66666572 
 1235      3200
 1236              	.LASF20:
 1237 02ef 57414954 		.ascii	"WAITINGOFCHSUM\000"
 1237      494E474F 
 1237      46434853 
 1237      554D00
 1238              	.LASF41:
 1239 02fe 62756666 		.ascii	"buffer\000"
 1239      657200
 1240              	.LASF11:
 1241 0305 75696E74 		.ascii	"uint8\000"
 1241      3800
 1242              	.LASF56:
 1243 030b 5553425F 		.ascii	"USB_UART_cdc.c\000"
 1243      55415254 
 1243      5F636463 
 1243      2E6300
 1244              	.LASF25:
 1245 031a 7072696D 		.ascii	"primary_buf\000"
 1245      6172795F 
 1245      62756600 
 1246              	.LASF44:
 1247 0326 62756666 		.ascii	"buffer2\000"
 1247      65723200 
 1248              	.LASF58:
 1249 032e 53656E64 		.ascii	"Send_USB\000"
 1249      5F555342 
 1249      00
 1250              	.LASF4:
 1251 0337 6C6F6E67 		.ascii	"long int\000"
ARM GAS  C:\Users\EA527~1.IVA\AppData\Local\Temp\cczDX8Wa.s 			page 27


 1251      20696E74 
 1251      00
 1252              	.LASF16:
 1253 0340 6C6F6E67 		.ascii	"long double\000"
 1253      20646F75 
 1253      626C6500 
 1254              	.LASF46:
 1255 034c 55534255 		.ascii	"USBUART_IsConfigurationChanged\000"
 1255      4152545F 
 1255      4973436F 
 1255      6E666967 
 1255      75726174 
 1256              	.LASF0:
 1257 036b 7369676E 		.ascii	"signed char\000"
 1257      65642063 
 1257      68617200 
 1258              	.LASF3:
 1259 0377 73686F72 		.ascii	"short unsigned int\000"
 1259      7420756E 
 1259      7369676E 
 1259      65642069 
 1259      6E7400
 1260              	.LASF27:
 1261 038a 6C656E67 		.ascii	"length\000"
 1261      746800
 1262              	.LASF33:
 1263 0391 6E656564 		.ascii	"need_to_send\000"
 1263      5F746F5F 
 1263      73656E64 
 1263      00
 1264              		.ident	"GCC: (GNU Tools for ARM Embedded Processors) 5.4.1 20160609 (release) [ARM/embedded-5-bran
