ARM GAS  C:\Users\EA527~1.IVA\AppData\Local\Temp\ccr8tSOG.s 			page 1


   1              		.syntax unified
   2              		.cpu cortex-m3
   3              		.fpu softvfp
   4              		.eabi_attribute 20, 1
   5              		.eabi_attribute 21, 1
   6              		.eabi_attribute 23, 3
   7              		.eabi_attribute 24, 1
   8              		.eabi_attribute 25, 1
   9              		.eabi_attribute 26, 1
  10              		.eabi_attribute 30, 1
  11              		.eabi_attribute 34, 1
  12              		.eabi_attribute 18, 4
  13              		.thumb
  14              		.syntax unified
  15              		.file	"USBUART_cls.c"
  16              		.text
  17              	.Ltext0:
  18              		.cfi_sections	.debug_frame
  19              		.section	.text.USBUART_DispatchClassRqst,"ax",%progbits
  20              		.align	2
  21              		.global	USBUART_DispatchClassRqst
  22              		.thumb
  23              		.thumb_func
  24              		.type	USBUART_DispatchClassRqst, %function
  25              	USBUART_DispatchClassRqst:
  26              	.LFB0:
  27              		.file 1 "Generated_Source\\PSoC5\\USBUART_cls.c"
   1:Generated_Source\PSoC5/USBUART_cls.c **** /***************************************************************************//**
   2:Generated_Source\PSoC5/USBUART_cls.c **** * \file USBUART_cls.c
   3:Generated_Source\PSoC5/USBUART_cls.c **** * \version 3.10
   4:Generated_Source\PSoC5/USBUART_cls.c **** *
   5:Generated_Source\PSoC5/USBUART_cls.c **** * \brief
   6:Generated_Source\PSoC5/USBUART_cls.c **** *  This file contains the USB Class request handler.
   7:Generated_Source\PSoC5/USBUART_cls.c **** *
   8:Generated_Source\PSoC5/USBUART_cls.c **** ********************************************************************************
   9:Generated_Source\PSoC5/USBUART_cls.c **** * \copyright
  10:Generated_Source\PSoC5/USBUART_cls.c **** * Copyright 2008-2016, Cypress Semiconductor Corporation.  All rights reserved.
  11:Generated_Source\PSoC5/USBUART_cls.c **** * You may use this file only in accordance with the license, terms, conditions,
  12:Generated_Source\PSoC5/USBUART_cls.c **** * disclaimers, and limitations in the end user license agreement accompanying
  13:Generated_Source\PSoC5/USBUART_cls.c **** * the software package with which this file was provided.
  14:Generated_Source\PSoC5/USBUART_cls.c **** *******************************************************************************/
  15:Generated_Source\PSoC5/USBUART_cls.c **** 
  16:Generated_Source\PSoC5/USBUART_cls.c **** #include "USBUART_pvt.h"
  17:Generated_Source\PSoC5/USBUART_cls.c **** #include "cyapicallbacks.h"
  18:Generated_Source\PSoC5/USBUART_cls.c **** 
  19:Generated_Source\PSoC5/USBUART_cls.c **** #if(USBUART_EXTERN_CLS == USBUART_FALSE)
  20:Generated_Source\PSoC5/USBUART_cls.c **** 
  21:Generated_Source\PSoC5/USBUART_cls.c **** /***************************************
  22:Generated_Source\PSoC5/USBUART_cls.c **** * User Implemented Class Driver Declarations.
  23:Generated_Source\PSoC5/USBUART_cls.c **** ***************************************/
  24:Generated_Source\PSoC5/USBUART_cls.c **** /* `#START USER_DEFINED_CLASS_DECLARATIONS` Place your declaration here */
  25:Generated_Source\PSoC5/USBUART_cls.c **** 
  26:Generated_Source\PSoC5/USBUART_cls.c **** /* `#END` */
  27:Generated_Source\PSoC5/USBUART_cls.c **** 
  28:Generated_Source\PSoC5/USBUART_cls.c **** 
  29:Generated_Source\PSoC5/USBUART_cls.c **** /*******************************************************************************
  30:Generated_Source\PSoC5/USBUART_cls.c **** * Function Name: USBUART_DispatchClassRqst
ARM GAS  C:\Users\EA527~1.IVA\AppData\Local\Temp\ccr8tSOG.s 			page 2


  31:Generated_Source\PSoC5/USBUART_cls.c **** ****************************************************************************//**
  32:Generated_Source\PSoC5/USBUART_cls.c **** *  This routine dispatches class specific requests depend on interface class.
  33:Generated_Source\PSoC5/USBUART_cls.c **** *
  34:Generated_Source\PSoC5/USBUART_cls.c **** * \return
  35:Generated_Source\PSoC5/USBUART_cls.c **** *  requestHandled.
  36:Generated_Source\PSoC5/USBUART_cls.c **** *
  37:Generated_Source\PSoC5/USBUART_cls.c **** * \reentrant
  38:Generated_Source\PSoC5/USBUART_cls.c **** *  No.
  39:Generated_Source\PSoC5/USBUART_cls.c **** *
  40:Generated_Source\PSoC5/USBUART_cls.c **** *******************************************************************************/
  41:Generated_Source\PSoC5/USBUART_cls.c **** uint8 USBUART_DispatchClassRqst(void) 
  42:Generated_Source\PSoC5/USBUART_cls.c **** {
  28              		.loc 1 42 0
  29              		.cfi_startproc
  30              		@ args = 0, pretend = 0, frame = 0
  31              		@ frame_needed = 0, uses_anonymous_args = 0
  32 0000 08B5     		push	{r3, lr}
  33              		.cfi_def_cfa_offset 8
  34              		.cfi_offset 3, -8
  35              		.cfi_offset 14, -4
  43:Generated_Source\PSoC5/USBUART_cls.c ****     uint8 requestHandled;
  44:Generated_Source\PSoC5/USBUART_cls.c ****     uint8 interfaceNumber;
  45:Generated_Source\PSoC5/USBUART_cls.c **** 
  46:Generated_Source\PSoC5/USBUART_cls.c ****     /* Get interface to which request is intended. */
  47:Generated_Source\PSoC5/USBUART_cls.c ****     switch (USBUART_bmRequestTypeReg & USBUART_RQST_RCPT_MASK)
  36              		.loc 1 47 0
  37 0002 144B     		ldr	r3, .L13
  38 0004 1B78     		ldrb	r3, [r3]	@ zero_extendqisi2
  39 0006 03F00303 		and	r3, r3, #3
  40 000a 012B     		cmp	r3, #1
  41 000c 02D0     		beq	.L3
  42 000e 022B     		cmp	r3, #2
  43 0010 04D0     		beq	.L4
  44 0012 0FE0     		b	.L10
  45              	.L3:
  48:Generated_Source\PSoC5/USBUART_cls.c ****     {
  49:Generated_Source\PSoC5/USBUART_cls.c ****         case USBUART_RQST_RCPT_IFC:
  50:Generated_Source\PSoC5/USBUART_cls.c ****             /* Class-specific request directed to interface: wIndexLoReg 
  51:Generated_Source\PSoC5/USBUART_cls.c ****             * contains interface number.
  52:Generated_Source\PSoC5/USBUART_cls.c ****             */
  53:Generated_Source\PSoC5/USBUART_cls.c ****             interfaceNumber = (uint8) USBUART_wIndexLoReg;
  46              		.loc 1 53 0
  47 0014 0F4B     		ldr	r3, .L13
  48 0016 1B79     		ldrb	r3, [r3, #4]	@ zero_extendqisi2
  49 0018 DBB2     		uxtb	r3, r3
  50              	.LVL0:
  54:Generated_Source\PSoC5/USBUART_cls.c ****             break;
  51              		.loc 1 54 0
  52 001a 0CE0     		b	.L2
  53              	.LVL1:
  54              	.L4:
  55:Generated_Source\PSoC5/USBUART_cls.c ****         
  56:Generated_Source\PSoC5/USBUART_cls.c ****         case USBUART_RQST_RCPT_EP:
  57:Generated_Source\PSoC5/USBUART_cls.c ****             /* Class-specific request directed to endpoint: wIndexLoReg contains 
  58:Generated_Source\PSoC5/USBUART_cls.c ****             * endpoint number. Find interface related to endpoint, 
  59:Generated_Source\PSoC5/USBUART_cls.c ****             */
  60:Generated_Source\PSoC5/USBUART_cls.c ****             interfaceNumber = USBUART_EP[USBUART_wIndexLoReg & USBUART_DIR_UNUSED].interface;
ARM GAS  C:\Users\EA527~1.IVA\AppData\Local\Temp\ccr8tSOG.s 			page 3


  55              		.loc 1 60 0
  56 001c 0D4B     		ldr	r3, .L13
  57 001e 1B79     		ldrb	r3, [r3, #4]	@ zero_extendqisi2
  58 0020 03F07F03 		and	r3, r3, #127
  59 0024 03EB4303 		add	r3, r3, r3, lsl #1
  60 0028 9A00     		lsls	r2, r3, #2
  61 002a 0B4B     		ldr	r3, .L13+4
  62 002c 1A44     		add	r2, r2, r3
  63 002e 937A     		ldrb	r3, [r2, #10]	@ zero_extendqisi2
  64 0030 DBB2     		uxtb	r3, r3
  65              	.LVL2:
  61:Generated_Source\PSoC5/USBUART_cls.c ****             break;
  66              		.loc 1 61 0
  67 0032 00E0     		b	.L2
  68              	.LVL3:
  69              	.L10:
  62:Generated_Source\PSoC5/USBUART_cls.c ****             
  63:Generated_Source\PSoC5/USBUART_cls.c ****         default:
  64:Generated_Source\PSoC5/USBUART_cls.c ****             /* Default interface is zero. */
  65:Generated_Source\PSoC5/USBUART_cls.c ****             interfaceNumber = 0u;
  70              		.loc 1 65 0
  71 0034 0023     		movs	r3, #0
  72              	.L2:
  73              	.LVL4:
  66:Generated_Source\PSoC5/USBUART_cls.c ****             break;
  67:Generated_Source\PSoC5/USBUART_cls.c ****     }
  68:Generated_Source\PSoC5/USBUART_cls.c **** 
  69:Generated_Source\PSoC5/USBUART_cls.c **** #if (defined(USBUART_ENABLE_HID_CLASS) ||\
  70:Generated_Source\PSoC5/USBUART_cls.c ****             defined(USBUART_ENABLE_AUDIO_CLASS) ||\
  71:Generated_Source\PSoC5/USBUART_cls.c ****             defined(USBUART_ENABLE_CDC_CLASS) ||\
  72:Generated_Source\PSoC5/USBUART_cls.c ****             USBUART_ENABLE_MSC_CLASS)
  73:Generated_Source\PSoC5/USBUART_cls.c **** 
  74:Generated_Source\PSoC5/USBUART_cls.c ****     /* Handle class request depends on interface type. */
  75:Generated_Source\PSoC5/USBUART_cls.c ****     switch (USBUART_interfaceClass[interfaceNumber])
  74              		.loc 1 75 0
  75 0036 094A     		ldr	r2, .L13+8
  76 0038 1268     		ldr	r2, [r2]
  77 003a D35C     		ldrb	r3, [r2, r3]	@ zero_extendqisi2
  78              	.LVL5:
  79 003c 022B     		cmp	r3, #2
  80 003e 04D0     		beq	.L6
  81 0040 032B     		cmp	r3, #3
  82 0042 05D1     		bne	.L11
  76:Generated_Source\PSoC5/USBUART_cls.c ****     {
  77:Generated_Source\PSoC5/USBUART_cls.c ****     #if defined(USBUART_ENABLE_HID_CLASS)
  78:Generated_Source\PSoC5/USBUART_cls.c ****         case USBUART_CLASS_HID:
  79:Generated_Source\PSoC5/USBUART_cls.c ****             requestHandled = USBUART_DispatchHIDClassRqst();
  83              		.loc 1 79 0
  84 0044 FFF7FEFF 		bl	USBUART_DispatchHIDClassRqst
  85              	.LVL6:
  80:Generated_Source\PSoC5/USBUART_cls.c ****             break;
  86              		.loc 1 80 0
  87 0048 08BD     		pop	{r3, pc}
  88              	.LVL7:
  89              	.L6:
  81:Generated_Source\PSoC5/USBUART_cls.c ****     #endif /* (USBUART_ENABLE_HID_CLASS) */
  82:Generated_Source\PSoC5/USBUART_cls.c ****             
ARM GAS  C:\Users\EA527~1.IVA\AppData\Local\Temp\ccr8tSOG.s 			page 4


  83:Generated_Source\PSoC5/USBUART_cls.c ****     #if defined(USBUART_ENABLE_AUDIO_CLASS)
  84:Generated_Source\PSoC5/USBUART_cls.c ****         case USBUART_CLASS_AUDIO:
  85:Generated_Source\PSoC5/USBUART_cls.c ****             requestHandled = USBUART_DispatchAUDIOClassRqst();
  86:Generated_Source\PSoC5/USBUART_cls.c ****             break;
  87:Generated_Source\PSoC5/USBUART_cls.c ****     #endif /* (USBUART_CLASS_AUDIO) */
  88:Generated_Source\PSoC5/USBUART_cls.c ****             
  89:Generated_Source\PSoC5/USBUART_cls.c ****     #if defined(USBUART_ENABLE_CDC_CLASS)
  90:Generated_Source\PSoC5/USBUART_cls.c ****         case USBUART_CLASS_CDC:
  91:Generated_Source\PSoC5/USBUART_cls.c ****             requestHandled = USBUART_DispatchCDCClassRqst();
  90              		.loc 1 91 0
  91 004a FFF7FEFF 		bl	USBUART_DispatchCDCClassRqst
  92              	.LVL8:
  92:Generated_Source\PSoC5/USBUART_cls.c ****             break;
  93              		.loc 1 92 0
  94 004e 08BD     		pop	{r3, pc}
  95              	.LVL9:
  96              	.L11:
  93:Generated_Source\PSoC5/USBUART_cls.c ****     #endif /* (USBUART_ENABLE_CDC_CLASS) */
  94:Generated_Source\PSoC5/USBUART_cls.c ****         
  95:Generated_Source\PSoC5/USBUART_cls.c ****     #if (USBUART_ENABLE_MSC_CLASS)
  96:Generated_Source\PSoC5/USBUART_cls.c ****         case USBUART_CLASS_MSD:
  97:Generated_Source\PSoC5/USBUART_cls.c ****         #if (USBUART_HANDLE_MSC_REQUESTS)
  98:Generated_Source\PSoC5/USBUART_cls.c ****             /* MSC requests are handled by the component. */
  99:Generated_Source\PSoC5/USBUART_cls.c ****             requestHandled = USBUART_DispatchMSCClassRqst();
 100:Generated_Source\PSoC5/USBUART_cls.c ****         #elif defined(USBUART_DISPATCH_MSC_CLASS_RQST_CALLBACK)
 101:Generated_Source\PSoC5/USBUART_cls.c ****             /* MSC requests are handled by user defined callbcak. */
 102:Generated_Source\PSoC5/USBUART_cls.c ****             requestHandled = USBUART_DispatchMSCClassRqst_Callback();
 103:Generated_Source\PSoC5/USBUART_cls.c ****         #else
 104:Generated_Source\PSoC5/USBUART_cls.c ****             /* MSC requests are not handled. */
 105:Generated_Source\PSoC5/USBUART_cls.c ****             requestHandled = USBUART_FALSE;
 106:Generated_Source\PSoC5/USBUART_cls.c ****         #endif /* (USBUART_HANDLE_MSC_REQUESTS) */
 107:Generated_Source\PSoC5/USBUART_cls.c ****             break;
 108:Generated_Source\PSoC5/USBUART_cls.c ****     #endif /* (USBUART_ENABLE_MSC_CLASS) */
 109:Generated_Source\PSoC5/USBUART_cls.c ****         
 110:Generated_Source\PSoC5/USBUART_cls.c ****         default:
 111:Generated_Source\PSoC5/USBUART_cls.c ****             /* Request is not handled: unknown class request type. */
 112:Generated_Source\PSoC5/USBUART_cls.c ****             requestHandled = USBUART_FALSE;
  97              		.loc 1 112 0
  98 0050 0020     		movs	r0, #0
  99              	.LVL10:
 113:Generated_Source\PSoC5/USBUART_cls.c ****             break;
 114:Generated_Source\PSoC5/USBUART_cls.c ****     }
 115:Generated_Source\PSoC5/USBUART_cls.c **** #else /*No class is defined*/
 116:Generated_Source\PSoC5/USBUART_cls.c ****     if (0u != interfaceNumber)
 117:Generated_Source\PSoC5/USBUART_cls.c ****     {
 118:Generated_Source\PSoC5/USBUART_cls.c ****         /* Suppress warning message */
 119:Generated_Source\PSoC5/USBUART_cls.c ****     }
 120:Generated_Source\PSoC5/USBUART_cls.c ****     requestHandled = USBUART_FALSE;
 121:Generated_Source\PSoC5/USBUART_cls.c **** #endif /*HID or AUDIO or MSC or CDC class enabled*/
 122:Generated_Source\PSoC5/USBUART_cls.c **** 
 123:Generated_Source\PSoC5/USBUART_cls.c ****     /* `#START USER_DEFINED_CLASS_CODE` Place your Class request here */
 124:Generated_Source\PSoC5/USBUART_cls.c **** 
 125:Generated_Source\PSoC5/USBUART_cls.c ****     /* `#END` */
 126:Generated_Source\PSoC5/USBUART_cls.c **** 
 127:Generated_Source\PSoC5/USBUART_cls.c **** #ifdef USBUART_DISPATCH_CLASS_RQST_CALLBACK
 128:Generated_Source\PSoC5/USBUART_cls.c ****     if (USBUART_FALSE == requestHandled)
 129:Generated_Source\PSoC5/USBUART_cls.c ****     {
ARM GAS  C:\Users\EA527~1.IVA\AppData\Local\Temp\ccr8tSOG.s 			page 5


 130:Generated_Source\PSoC5/USBUART_cls.c ****         requestHandled = USBUART_DispatchClassRqst_Callback(interfaceNumber);
 131:Generated_Source\PSoC5/USBUART_cls.c ****     }
 132:Generated_Source\PSoC5/USBUART_cls.c **** #endif /* (USBUART_DISPATCH_CLASS_RQST_CALLBACK) */
 133:Generated_Source\PSoC5/USBUART_cls.c **** 
 134:Generated_Source\PSoC5/USBUART_cls.c ****     return (requestHandled);
 135:Generated_Source\PSoC5/USBUART_cls.c **** }
 100              		.loc 1 135 0
 101 0052 08BD     		pop	{r3, pc}
 102              	.L14:
 103              		.align	2
 104              	.L13:
 105 0054 00600040 		.word	1073766400
 106 0058 00000000 		.word	USBUART_EP
 107 005c 00000000 		.word	USBUART_interfaceClass
 108              		.cfi_endproc
 109              	.LFE0:
 110              		.size	USBUART_DispatchClassRqst, .-USBUART_DispatchClassRqst
 111              		.text
 112              	.Letext0:
 113              		.file 2 "Generated_Source\\PSoC5\\cytypes.h"
 114              		.file 3 "Generated_Source\\PSoC5\\USBUART.h"
 115              		.file 4 "Generated_Source\\PSoC5\\USBUART_pvt.h"
 116              		.section	.debug_info,"",%progbits
 117              	.Ldebug_info0:
 118 0000 EE010000 		.4byte	0x1ee
 119 0004 0400     		.2byte	0x4
 120 0006 00000000 		.4byte	.Ldebug_abbrev0
 121 000a 04       		.byte	0x4
 122 000b 01       		.uleb128 0x1
 123 000c CB000000 		.4byte	.LASF34
 124 0010 0C       		.byte	0xc
 125 0011 64020000 		.4byte	.LASF35
 126 0015 6C000000 		.4byte	.LASF36
 127 0019 00000000 		.4byte	.Ldebug_ranges0+0
 128 001d 00000000 		.4byte	0
 129 0021 00000000 		.4byte	.Ldebug_line0
 130 0025 02       		.uleb128 0x2
 131 0026 01       		.byte	0x1
 132 0027 06       		.byte	0x6
 133 0028 CF020000 		.4byte	.LASF0
 134 002c 02       		.uleb128 0x2
 135 002d 01       		.byte	0x1
 136 002e 08       		.byte	0x8
 137 002f 80010000 		.4byte	.LASF1
 138 0033 02       		.uleb128 0x2
 139 0034 02       		.byte	0x2
 140 0035 05       		.byte	0x5
 141 0036 89020000 		.4byte	.LASF2
 142 003a 02       		.uleb128 0x2
 143 003b 02       		.byte	0x2
 144 003c 07       		.byte	0x7
 145 003d 1D000000 		.4byte	.LASF3
 146 0041 02       		.uleb128 0x2
 147 0042 04       		.byte	0x4
 148 0043 05       		.byte	0x5
 149 0044 A3020000 		.4byte	.LASF4
 150 0048 02       		.uleb128 0x2
ARM GAS  C:\Users\EA527~1.IVA\AppData\Local\Temp\ccr8tSOG.s 			page 6


 151 0049 04       		.byte	0x4
 152 004a 07       		.byte	0x7
 153 004b 59010000 		.4byte	.LASF5
 154 004f 02       		.uleb128 0x2
 155 0050 08       		.byte	0x8
 156 0051 05       		.byte	0x5
 157 0052 46020000 		.4byte	.LASF6
 158 0056 02       		.uleb128 0x2
 159 0057 08       		.byte	0x8
 160 0058 07       		.byte	0x7
 161 0059 E3010000 		.4byte	.LASF7
 162 005d 03       		.uleb128 0x3
 163 005e 04       		.byte	0x4
 164 005f 05       		.byte	0x5
 165 0060 696E7400 		.ascii	"int\000"
 166 0064 02       		.uleb128 0x2
 167 0065 04       		.byte	0x4
 168 0066 07       		.byte	0x7
 169 0067 D6010000 		.4byte	.LASF8
 170 006b 04       		.uleb128 0x4
 171 006c 93020000 		.4byte	.LASF9
 172 0070 02       		.byte	0x2
 173 0071 E401     		.2byte	0x1e4
 174 0073 2C000000 		.4byte	0x2c
 175 0077 04       		.uleb128 0x4
 176 0078 A7010000 		.4byte	.LASF10
 177 007c 02       		.byte	0x2
 178 007d E501     		.2byte	0x1e5
 179 007f 3A000000 		.4byte	0x3a
 180 0083 02       		.uleb128 0x2
 181 0084 04       		.byte	0x4
 182 0085 04       		.byte	0x4
 183 0086 5D000000 		.4byte	.LASF11
 184 008a 02       		.uleb128 0x2
 185 008b 08       		.byte	0x8
 186 008c 04       		.byte	0x4
 187 008d 8E010000 		.4byte	.LASF12
 188 0091 02       		.uleb128 0x2
 189 0092 01       		.byte	0x1
 190 0093 08       		.byte	0x8
 191 0094 54020000 		.4byte	.LASF13
 192 0098 02       		.uleb128 0x2
 193 0099 08       		.byte	0x8
 194 009a 04       		.byte	0x4
 195 009b C3020000 		.4byte	.LASF14
 196 009f 02       		.uleb128 0x2
 197 00a0 04       		.byte	0x4
 198 00a1 07       		.byte	0x7
 199 00a2 36020000 		.4byte	.LASF15
 200 00a6 05       		.uleb128 0x5
 201 00a7 0C       		.byte	0xc
 202 00a8 03       		.byte	0x3
 203 00a9 91       		.byte	0x91
 204 00aa 1B010000 		.4byte	0x11b
 205 00ae 06       		.uleb128 0x6
 206 00af 95010000 		.4byte	.LASF16
 207 00b3 03       		.byte	0x3
ARM GAS  C:\Users\EA527~1.IVA\AppData\Local\Temp\ccr8tSOG.s 			page 7


 208 00b4 93       		.byte	0x93
 209 00b5 6B000000 		.4byte	0x6b
 210 00b9 00       		.byte	0
 211 00ba 06       		.uleb128 0x6
 212 00bb AE010000 		.4byte	.LASF17
 213 00bf 03       		.byte	0x3
 214 00c0 94       		.byte	0x94
 215 00c1 6B000000 		.4byte	0x6b
 216 00c5 01       		.byte	0x1
 217 00c6 06       		.uleb128 0x6
 218 00c7 FA010000 		.4byte	.LASF18
 219 00cb 03       		.byte	0x3
 220 00cc 95       		.byte	0x95
 221 00cd 6B000000 		.4byte	0x6b
 222 00d1 02       		.byte	0x2
 223 00d2 06       		.uleb128 0x6
 224 00d3 63000000 		.4byte	.LASF19
 225 00d7 03       		.byte	0x3
 226 00d8 96       		.byte	0x96
 227 00d9 6B000000 		.4byte	0x6b
 228 00dd 03       		.byte	0x3
 229 00de 06       		.uleb128 0x6
 230 00df 6B010000 		.4byte	.LASF20
 231 00e3 03       		.byte	0x3
 232 00e4 97       		.byte	0x97
 233 00e5 6B000000 		.4byte	0x6b
 234 00e9 04       		.byte	0x4
 235 00ea 06       		.uleb128 0x6
 236 00eb 3F020000 		.4byte	.LASF21
 237 00ef 03       		.byte	0x3
 238 00f0 98       		.byte	0x98
 239 00f1 6B000000 		.4byte	0x6b
 240 00f5 05       		.byte	0x5
 241 00f6 06       		.uleb128 0x6
 242 00f7 9C010000 		.4byte	.LASF22
 243 00fb 03       		.byte	0x3
 244 00fc 99       		.byte	0x99
 245 00fd 77000000 		.4byte	0x77
 246 0101 06       		.byte	0x6
 247 0102 06       		.uleb128 0x6
 248 0103 59020000 		.4byte	.LASF23
 249 0107 03       		.byte	0x3
 250 0108 9A       		.byte	0x9a
 251 0109 77000000 		.4byte	0x77
 252 010d 08       		.byte	0x8
 253 010e 06       		.uleb128 0x6
 254 010f 99020000 		.4byte	.LASF24
 255 0113 03       		.byte	0x3
 256 0114 9B       		.byte	0x9b
 257 0115 6B000000 		.4byte	0x6b
 258 0119 0A       		.byte	0xa
 259 011a 00       		.byte	0
 260 011b 07       		.uleb128 0x7
 261 011c AC020000 		.4byte	.LASF25
 262 0120 03       		.byte	0x3
 263 0121 9C       		.byte	0x9c
 264 0122 A6000000 		.4byte	0xa6
ARM GAS  C:\Users\EA527~1.IVA\AppData\Local\Temp\ccr8tSOG.s 			page 8


 265 0126 05       		.uleb128 0x5
 266 0127 08       		.byte	0x8
 267 0128 03       		.byte	0x3
 268 0129 C9       		.byte	0xc9
 269 012a 3B010000 		.4byte	0x13b
 270 012e 06       		.uleb128 0x6
 271 012f 47000000 		.4byte	.LASF26
 272 0133 03       		.byte	0x3
 273 0134 CB       		.byte	0xcb
 274 0135 3B010000 		.4byte	0x13b
 275 0139 00       		.byte	0
 276 013a 00       		.byte	0
 277 013b 08       		.uleb128 0x8
 278 013c 6B000000 		.4byte	0x6b
 279 0140 4B010000 		.4byte	0x14b
 280 0144 09       		.uleb128 0x9
 281 0145 9F000000 		.4byte	0x9f
 282 0149 07       		.byte	0x7
 283 014a 00       		.byte	0
 284 014b 07       		.uleb128 0x7
 285 014c 1E020000 		.4byte	.LASF27
 286 0150 03       		.byte	0x3
 287 0151 CC       		.byte	0xcc
 288 0152 26010000 		.4byte	0x126
 289 0156 0A       		.uleb128 0xa
 290 0157 04020000 		.4byte	.LASF37
 291 015b 01       		.byte	0x1
 292 015c 29       		.byte	0x29
 293 015d 6B000000 		.4byte	0x6b
 294 0161 00000000 		.4byte	.LFB0
 295 0165 60000000 		.4byte	.LFE0-.LFB0
 296 0169 01       		.uleb128 0x1
 297 016a 9C       		.byte	0x9c
 298 016b A0010000 		.4byte	0x1a0
 299 016f 0B       		.uleb128 0xb
 300 0170 4E000000 		.4byte	.LASF28
 301 0174 01       		.byte	0x1
 302 0175 2B       		.byte	0x2b
 303 0176 6B000000 		.4byte	0x6b
 304 017a 00000000 		.4byte	.LLST0
 305 017e 0B       		.uleb128 0xb
 306 017f 70010000 		.4byte	.LASF29
 307 0183 01       		.byte	0x1
 308 0184 2C       		.byte	0x2c
 309 0185 6B000000 		.4byte	0x6b
 310 0189 29000000 		.4byte	.LLST1
 311 018d 0C       		.uleb128 0xc
 312 018e 48000000 		.4byte	.LVL6
 313 0192 DB010000 		.4byte	0x1db
 314 0196 0C       		.uleb128 0xc
 315 0197 4E000000 		.4byte	.LVL8
 316 019b E6010000 		.4byte	0x1e6
 317 019f 00       		.byte	0
 318 01a0 0D       		.uleb128 0xd
 319 01a1 30000000 		.4byte	.LASF30
 320 01a5 04       		.byte	0x4
 321 01a6 78       		.byte	0x78
ARM GAS  C:\Users\EA527~1.IVA\AppData\Local\Temp\ccr8tSOG.s 			page 9


 322 01a7 AB010000 		.4byte	0x1ab
 323 01ab 0E       		.uleb128 0xe
 324 01ac 04       		.byte	0x4
 325 01ad B1010000 		.4byte	0x1b1
 326 01b1 0F       		.uleb128 0xf
 327 01b2 6B000000 		.4byte	0x6b
 328 01b6 08       		.uleb128 0x8
 329 01b7 C6010000 		.4byte	0x1c6
 330 01bb C6010000 		.4byte	0x1c6
 331 01bf 09       		.uleb128 0x9
 332 01c0 9F000000 		.4byte	0x9f
 333 01c4 08       		.byte	0x8
 334 01c5 00       		.byte	0
 335 01c6 10       		.uleb128 0x10
 336 01c7 1B010000 		.4byte	0x11b
 337 01cb 0D       		.uleb128 0xd
 338 01cc C0000000 		.4byte	.LASF31
 339 01d0 04       		.byte	0x4
 340 01d1 7A       		.byte	0x7a
 341 01d2 D6010000 		.4byte	0x1d6
 342 01d6 10       		.uleb128 0x10
 343 01d7 B6010000 		.4byte	0x1b6
 344 01db 11       		.uleb128 0x11
 345 01dc 00000000 		.4byte	.LASF32
 346 01e0 00000000 		.4byte	.LASF32
 347 01e4 04       		.byte	0x4
 348 01e5 D7       		.byte	0xd7
 349 01e6 11       		.uleb128 0x11
 350 01e7 B9010000 		.4byte	.LASF33
 351 01eb B9010000 		.4byte	.LASF33
 352 01ef 04       		.byte	0x4
 353 01f0 DF       		.byte	0xdf
 354 01f1 00       		.byte	0
 355              		.section	.debug_abbrev,"",%progbits
 356              	.Ldebug_abbrev0:
 357 0000 01       		.uleb128 0x1
 358 0001 11       		.uleb128 0x11
 359 0002 01       		.byte	0x1
 360 0003 25       		.uleb128 0x25
 361 0004 0E       		.uleb128 0xe
 362 0005 13       		.uleb128 0x13
 363 0006 0B       		.uleb128 0xb
 364 0007 03       		.uleb128 0x3
 365 0008 0E       		.uleb128 0xe
 366 0009 1B       		.uleb128 0x1b
 367 000a 0E       		.uleb128 0xe
 368 000b 55       		.uleb128 0x55
 369 000c 17       		.uleb128 0x17
 370 000d 11       		.uleb128 0x11
 371 000e 01       		.uleb128 0x1
 372 000f 10       		.uleb128 0x10
 373 0010 17       		.uleb128 0x17
 374 0011 00       		.byte	0
 375 0012 00       		.byte	0
 376 0013 02       		.uleb128 0x2
 377 0014 24       		.uleb128 0x24
 378 0015 00       		.byte	0
ARM GAS  C:\Users\EA527~1.IVA\AppData\Local\Temp\ccr8tSOG.s 			page 10


 379 0016 0B       		.uleb128 0xb
 380 0017 0B       		.uleb128 0xb
 381 0018 3E       		.uleb128 0x3e
 382 0019 0B       		.uleb128 0xb
 383 001a 03       		.uleb128 0x3
 384 001b 0E       		.uleb128 0xe
 385 001c 00       		.byte	0
 386 001d 00       		.byte	0
 387 001e 03       		.uleb128 0x3
 388 001f 24       		.uleb128 0x24
 389 0020 00       		.byte	0
 390 0021 0B       		.uleb128 0xb
 391 0022 0B       		.uleb128 0xb
 392 0023 3E       		.uleb128 0x3e
 393 0024 0B       		.uleb128 0xb
 394 0025 03       		.uleb128 0x3
 395 0026 08       		.uleb128 0x8
 396 0027 00       		.byte	0
 397 0028 00       		.byte	0
 398 0029 04       		.uleb128 0x4
 399 002a 16       		.uleb128 0x16
 400 002b 00       		.byte	0
 401 002c 03       		.uleb128 0x3
 402 002d 0E       		.uleb128 0xe
 403 002e 3A       		.uleb128 0x3a
 404 002f 0B       		.uleb128 0xb
 405 0030 3B       		.uleb128 0x3b
 406 0031 05       		.uleb128 0x5
 407 0032 49       		.uleb128 0x49
 408 0033 13       		.uleb128 0x13
 409 0034 00       		.byte	0
 410 0035 00       		.byte	0
 411 0036 05       		.uleb128 0x5
 412 0037 13       		.uleb128 0x13
 413 0038 01       		.byte	0x1
 414 0039 0B       		.uleb128 0xb
 415 003a 0B       		.uleb128 0xb
 416 003b 3A       		.uleb128 0x3a
 417 003c 0B       		.uleb128 0xb
 418 003d 3B       		.uleb128 0x3b
 419 003e 0B       		.uleb128 0xb
 420 003f 01       		.uleb128 0x1
 421 0040 13       		.uleb128 0x13
 422 0041 00       		.byte	0
 423 0042 00       		.byte	0
 424 0043 06       		.uleb128 0x6
 425 0044 0D       		.uleb128 0xd
 426 0045 00       		.byte	0
 427 0046 03       		.uleb128 0x3
 428 0047 0E       		.uleb128 0xe
 429 0048 3A       		.uleb128 0x3a
 430 0049 0B       		.uleb128 0xb
 431 004a 3B       		.uleb128 0x3b
 432 004b 0B       		.uleb128 0xb
 433 004c 49       		.uleb128 0x49
 434 004d 13       		.uleb128 0x13
 435 004e 38       		.uleb128 0x38
ARM GAS  C:\Users\EA527~1.IVA\AppData\Local\Temp\ccr8tSOG.s 			page 11


 436 004f 0B       		.uleb128 0xb
 437 0050 00       		.byte	0
 438 0051 00       		.byte	0
 439 0052 07       		.uleb128 0x7
 440 0053 16       		.uleb128 0x16
 441 0054 00       		.byte	0
 442 0055 03       		.uleb128 0x3
 443 0056 0E       		.uleb128 0xe
 444 0057 3A       		.uleb128 0x3a
 445 0058 0B       		.uleb128 0xb
 446 0059 3B       		.uleb128 0x3b
 447 005a 0B       		.uleb128 0xb
 448 005b 49       		.uleb128 0x49
 449 005c 13       		.uleb128 0x13
 450 005d 00       		.byte	0
 451 005e 00       		.byte	0
 452 005f 08       		.uleb128 0x8
 453 0060 01       		.uleb128 0x1
 454 0061 01       		.byte	0x1
 455 0062 49       		.uleb128 0x49
 456 0063 13       		.uleb128 0x13
 457 0064 01       		.uleb128 0x1
 458 0065 13       		.uleb128 0x13
 459 0066 00       		.byte	0
 460 0067 00       		.byte	0
 461 0068 09       		.uleb128 0x9
 462 0069 21       		.uleb128 0x21
 463 006a 00       		.byte	0
 464 006b 49       		.uleb128 0x49
 465 006c 13       		.uleb128 0x13
 466 006d 2F       		.uleb128 0x2f
 467 006e 0B       		.uleb128 0xb
 468 006f 00       		.byte	0
 469 0070 00       		.byte	0
 470 0071 0A       		.uleb128 0xa
 471 0072 2E       		.uleb128 0x2e
 472 0073 01       		.byte	0x1
 473 0074 3F       		.uleb128 0x3f
 474 0075 19       		.uleb128 0x19
 475 0076 03       		.uleb128 0x3
 476 0077 0E       		.uleb128 0xe
 477 0078 3A       		.uleb128 0x3a
 478 0079 0B       		.uleb128 0xb
 479 007a 3B       		.uleb128 0x3b
 480 007b 0B       		.uleb128 0xb
 481 007c 27       		.uleb128 0x27
 482 007d 19       		.uleb128 0x19
 483 007e 49       		.uleb128 0x49
 484 007f 13       		.uleb128 0x13
 485 0080 11       		.uleb128 0x11
 486 0081 01       		.uleb128 0x1
 487 0082 12       		.uleb128 0x12
 488 0083 06       		.uleb128 0x6
 489 0084 40       		.uleb128 0x40
 490 0085 18       		.uleb128 0x18
 491 0086 9742     		.uleb128 0x2117
 492 0088 19       		.uleb128 0x19
ARM GAS  C:\Users\EA527~1.IVA\AppData\Local\Temp\ccr8tSOG.s 			page 12


 493 0089 01       		.uleb128 0x1
 494 008a 13       		.uleb128 0x13
 495 008b 00       		.byte	0
 496 008c 00       		.byte	0
 497 008d 0B       		.uleb128 0xb
 498 008e 34       		.uleb128 0x34
 499 008f 00       		.byte	0
 500 0090 03       		.uleb128 0x3
 501 0091 0E       		.uleb128 0xe
 502 0092 3A       		.uleb128 0x3a
 503 0093 0B       		.uleb128 0xb
 504 0094 3B       		.uleb128 0x3b
 505 0095 0B       		.uleb128 0xb
 506 0096 49       		.uleb128 0x49
 507 0097 13       		.uleb128 0x13
 508 0098 02       		.uleb128 0x2
 509 0099 17       		.uleb128 0x17
 510 009a 00       		.byte	0
 511 009b 00       		.byte	0
 512 009c 0C       		.uleb128 0xc
 513 009d 898201   		.uleb128 0x4109
 514 00a0 00       		.byte	0
 515 00a1 11       		.uleb128 0x11
 516 00a2 01       		.uleb128 0x1
 517 00a3 31       		.uleb128 0x31
 518 00a4 13       		.uleb128 0x13
 519 00a5 00       		.byte	0
 520 00a6 00       		.byte	0
 521 00a7 0D       		.uleb128 0xd
 522 00a8 34       		.uleb128 0x34
 523 00a9 00       		.byte	0
 524 00aa 03       		.uleb128 0x3
 525 00ab 0E       		.uleb128 0xe
 526 00ac 3A       		.uleb128 0x3a
 527 00ad 0B       		.uleb128 0xb
 528 00ae 3B       		.uleb128 0x3b
 529 00af 0B       		.uleb128 0xb
 530 00b0 49       		.uleb128 0x49
 531 00b1 13       		.uleb128 0x13
 532 00b2 3F       		.uleb128 0x3f
 533 00b3 19       		.uleb128 0x19
 534 00b4 3C       		.uleb128 0x3c
 535 00b5 19       		.uleb128 0x19
 536 00b6 00       		.byte	0
 537 00b7 00       		.byte	0
 538 00b8 0E       		.uleb128 0xe
 539 00b9 0F       		.uleb128 0xf
 540 00ba 00       		.byte	0
 541 00bb 0B       		.uleb128 0xb
 542 00bc 0B       		.uleb128 0xb
 543 00bd 49       		.uleb128 0x49
 544 00be 13       		.uleb128 0x13
 545 00bf 00       		.byte	0
 546 00c0 00       		.byte	0
 547 00c1 0F       		.uleb128 0xf
 548 00c2 26       		.uleb128 0x26
 549 00c3 00       		.byte	0
ARM GAS  C:\Users\EA527~1.IVA\AppData\Local\Temp\ccr8tSOG.s 			page 13


 550 00c4 49       		.uleb128 0x49
 551 00c5 13       		.uleb128 0x13
 552 00c6 00       		.byte	0
 553 00c7 00       		.byte	0
 554 00c8 10       		.uleb128 0x10
 555 00c9 35       		.uleb128 0x35
 556 00ca 00       		.byte	0
 557 00cb 49       		.uleb128 0x49
 558 00cc 13       		.uleb128 0x13
 559 00cd 00       		.byte	0
 560 00ce 00       		.byte	0
 561 00cf 11       		.uleb128 0x11
 562 00d0 2E       		.uleb128 0x2e
 563 00d1 00       		.byte	0
 564 00d2 3F       		.uleb128 0x3f
 565 00d3 19       		.uleb128 0x19
 566 00d4 3C       		.uleb128 0x3c
 567 00d5 19       		.uleb128 0x19
 568 00d6 6E       		.uleb128 0x6e
 569 00d7 0E       		.uleb128 0xe
 570 00d8 03       		.uleb128 0x3
 571 00d9 0E       		.uleb128 0xe
 572 00da 3A       		.uleb128 0x3a
 573 00db 0B       		.uleb128 0xb
 574 00dc 3B       		.uleb128 0x3b
 575 00dd 0B       		.uleb128 0xb
 576 00de 00       		.byte	0
 577 00df 00       		.byte	0
 578 00e0 00       		.byte	0
 579              		.section	.debug_loc,"",%progbits
 580              	.Ldebug_loc0:
 581              	.LLST0:
 582 0000 48000000 		.4byte	.LVL6
 583 0004 4A000000 		.4byte	.LVL7
 584 0008 0100     		.2byte	0x1
 585 000a 50       		.byte	0x50
 586 000b 4E000000 		.4byte	.LVL8
 587 000f 50000000 		.4byte	.LVL9
 588 0013 0100     		.2byte	0x1
 589 0015 50       		.byte	0x50
 590 0016 52000000 		.4byte	.LVL10
 591 001a 60000000 		.4byte	.LFE0
 592 001e 0100     		.2byte	0x1
 593 0020 50       		.byte	0x50
 594 0021 00000000 		.4byte	0
 595 0025 00000000 		.4byte	0
 596              	.LLST1:
 597 0029 1A000000 		.4byte	.LVL0
 598 002d 1C000000 		.4byte	.LVL1
 599 0031 0100     		.2byte	0x1
 600 0033 53       		.byte	0x53
 601 0034 32000000 		.4byte	.LVL2
 602 0038 34000000 		.4byte	.LVL3
 603 003c 0100     		.2byte	0x1
 604 003e 53       		.byte	0x53
 605 003f 36000000 		.4byte	.LVL4
 606 0043 3C000000 		.4byte	.LVL5
ARM GAS  C:\Users\EA527~1.IVA\AppData\Local\Temp\ccr8tSOG.s 			page 14


 607 0047 0100     		.2byte	0x1
 608 0049 53       		.byte	0x53
 609 004a 00000000 		.4byte	0
 610 004e 00000000 		.4byte	0
 611              		.section	.debug_aranges,"",%progbits
 612 0000 1C000000 		.4byte	0x1c
 613 0004 0200     		.2byte	0x2
 614 0006 00000000 		.4byte	.Ldebug_info0
 615 000a 04       		.byte	0x4
 616 000b 00       		.byte	0
 617 000c 0000     		.2byte	0
 618 000e 0000     		.2byte	0
 619 0010 00000000 		.4byte	.LFB0
 620 0014 60000000 		.4byte	.LFE0-.LFB0
 621 0018 00000000 		.4byte	0
 622 001c 00000000 		.4byte	0
 623              		.section	.debug_ranges,"",%progbits
 624              	.Ldebug_ranges0:
 625 0000 00000000 		.4byte	.LFB0
 626 0004 60000000 		.4byte	.LFE0
 627 0008 00000000 		.4byte	0
 628 000c 00000000 		.4byte	0
 629              		.section	.debug_line,"",%progbits
 630              	.Ldebug_line0:
 631 0000 90000000 		.section	.debug_str,"MS",%progbits,1
 631      02006600 
 631      00000201 
 631      FB0E0D00 
 631      01010101 
 632              	.LASF32:
 633 0000 55534255 		.ascii	"USBUART_DispatchHIDClassRqst\000"
 633      4152545F 
 633      44697370 
 633      61746368 
 633      48494443 
 634              	.LASF3:
 635 001d 73686F72 		.ascii	"short unsigned int\000"
 635      7420756E 
 635      7369676E 
 635      65642069 
 635      6E7400
 636              	.LASF30:
 637 0030 55534255 		.ascii	"USBUART_interfaceClass\000"
 637      4152545F 
 637      696E7465 
 637      72666163 
 637      65436C61 
 638              	.LASF26:
 639 0047 65704461 		.ascii	"epData\000"
 639      746100
 640              	.LASF28:
 641 004e 72657175 		.ascii	"requestHandled\000"
 641      65737448 
 641      616E646C 
 641      656400
 642              	.LASF11:
 643 005d 666C6F61 		.ascii	"float\000"
ARM GAS  C:\Users\EA527~1.IVA\AppData\Local\Temp\ccr8tSOG.s 			page 15


 643      7400
 644              	.LASF19:
 645 0063 6570546F 		.ascii	"epToggle\000"
 645      67676C65 
 645      00
 646              	.LASF36:
 647 006c 433A5C55 		.ascii	"C:\\Users\\e.ivanov\\Documents\\GitHub\\time_src\\b"
 647      73657273 
 647      5C652E69 
 647      76616E6F 
 647      765C446F 
 648 0099 72616E63 		.ascii	"ranch\\Manchester encoder-decoder.cydsn\000"
 648      685C4D61 
 648      6E636865 
 648      73746572 
 648      20656E63 
 649              	.LASF31:
 650 00c0 55534255 		.ascii	"USBUART_EP\000"
 650      4152545F 
 650      455000
 651              	.LASF34:
 652 00cb 474E5520 		.ascii	"GNU C11 5.4.1 20160609 (release) [ARM/embedded-5-br"
 652      43313120 
 652      352E342E 
 652      31203230 
 652      31363036 
 653 00fe 616E6368 		.ascii	"anch revision 237715] -mcpu=cortex-m3 -mthumb -g -O"
 653      20726576 
 653      6973696F 
 653      6E203233 
 653      37373135 
 654 0131 67202D66 		.ascii	"g -ffunction-sections -ffat-lto-objects\000"
 654      66756E63 
 654      74696F6E 
 654      2D736563 
 654      74696F6E 
 655              	.LASF5:
 656 0159 6C6F6E67 		.ascii	"long unsigned int\000"
 656      20756E73 
 656      69676E65 
 656      6420696E 
 656      7400
 657              	.LASF20:
 658 016b 61646472 		.ascii	"addr\000"
 658      00
 659              	.LASF29:
 660 0170 696E7465 		.ascii	"interfaceNumber\000"
 660      72666163 
 660      654E756D 
 660      62657200 
 661              	.LASF1:
 662 0180 756E7369 		.ascii	"unsigned char\000"
 662      676E6564 
 662      20636861 
 662      7200
 663              	.LASF12:
 664 018e 646F7562 		.ascii	"double\000"
ARM GAS  C:\Users\EA527~1.IVA\AppData\Local\Temp\ccr8tSOG.s 			page 16


 664      6C6500
 665              	.LASF16:
 666 0195 61747472 		.ascii	"attrib\000"
 666      696200
 667              	.LASF22:
 668 019c 62756666 		.ascii	"buffOffset\000"
 668      4F666673 
 668      657400
 669              	.LASF10:
 670 01a7 75696E74 		.ascii	"uint16\000"
 670      313600
 671              	.LASF17:
 672 01ae 61706945 		.ascii	"apiEpState\000"
 672      70537461 
 672      746500
 673              	.LASF33:
 674 01b9 55534255 		.ascii	"USBUART_DispatchCDCClassRqst\000"
 674      4152545F 
 674      44697370 
 674      61746368 
 674      43444343 
 675              	.LASF8:
 676 01d6 756E7369 		.ascii	"unsigned int\000"
 676      676E6564 
 676      20696E74 
 676      00
 677              	.LASF7:
 678 01e3 6C6F6E67 		.ascii	"long long unsigned int\000"
 678      206C6F6E 
 678      6720756E 
 678      7369676E 
 678      65642069 
 679              	.LASF18:
 680 01fa 68774570 		.ascii	"hwEpState\000"
 680      53746174 
 680      6500
 681              	.LASF37:
 682 0204 55534255 		.ascii	"USBUART_DispatchClassRqst\000"
 682      4152545F 
 682      44697370 
 682      61746368 
 682      436C6173 
 683              	.LASF27:
 684 021e 55534255 		.ascii	"USBUART_ep0_data_struct\000"
 684      4152545F 
 684      6570305F 
 684      64617461 
 684      5F737472 
 685              	.LASF15:
 686 0236 73697A65 		.ascii	"sizetype\000"
 686      74797065 
 686      00
 687              	.LASF21:
 688 023f 65704D6F 		.ascii	"epMode\000"
 688      646500
 689              	.LASF6:
 690 0246 6C6F6E67 		.ascii	"long long int\000"
ARM GAS  C:\Users\EA527~1.IVA\AppData\Local\Temp\ccr8tSOG.s 			page 17


 690      206C6F6E 
 690      6720696E 
 690      7400
 691              	.LASF13:
 692 0254 63686172 		.ascii	"char\000"
 692      00
 693              	.LASF23:
 694 0259 62756666 		.ascii	"bufferSize\000"
 694      65725369 
 694      7A6500
 695              	.LASF35:
 696 0264 47656E65 		.ascii	"Generated_Source\\PSoC5\\USBUART_cls.c\000"
 696      72617465 
 696      645F536F 
 696      75726365 
 696      5C50536F 
 697              	.LASF2:
 698 0289 73686F72 		.ascii	"short int\000"
 698      7420696E 
 698      7400
 699              	.LASF9:
 700 0293 75696E74 		.ascii	"uint8\000"
 700      3800
 701              	.LASF24:
 702 0299 696E7465 		.ascii	"interface\000"
 702      72666163 
 702      6500
 703              	.LASF4:
 704 02a3 6C6F6E67 		.ascii	"long int\000"
 704      20696E74 
 704      00
 705              	.LASF25:
 706 02ac 545F5553 		.ascii	"T_USBUART_EP_CTL_BLOCK\000"
 706      42554152 
 706      545F4550 
 706      5F43544C 
 706      5F424C4F 
 707              	.LASF14:
 708 02c3 6C6F6E67 		.ascii	"long double\000"
 708      20646F75 
 708      626C6500 
 709              	.LASF0:
 710 02cf 7369676E 		.ascii	"signed char\000"
 710      65642063 
 710      68617200 
 711              		.ident	"GCC: (GNU Tools for ARM Embedded Processors) 5.4.1 20160609 (release) [ARM/embedded-5-bran
