ARM GAS  C:\Users\EA527~1.IVA\AppData\Local\Temp\ccgQuQ5X.s 			page 1


   1              		.syntax unified
   2              		.cpu cortex-m3
   3              		.fpu softvfp
   4              		.eabi_attribute 20, 1
   5              		.eabi_attribute 21, 1
   6              		.eabi_attribute 23, 3
   7              		.eabi_attribute 24, 1
   8              		.eabi_attribute 25, 1
   9              		.eabi_attribute 26, 1
  10              		.eabi_attribute 30, 1
  11              		.eabi_attribute 34, 1
  12              		.eabi_attribute 18, 4
  13              		.thumb
  14              		.syntax unified
  15              		.file	"WordShifted.c"
  16              		.text
  17              	.Ltext0:
  18              		.cfi_sections	.debug_frame
  19              		.section	.text.WordShifted_SetVector,"ax",%progbits
  20              		.align	2
  21              		.global	WordShifted_SetVector
  22              		.thumb
  23              		.thumb_func
  24              		.type	WordShifted_SetVector, %function
  25              	WordShifted_SetVector:
  26              	.LFB4:
  27              		.file 1 "Generated_Source\\PSoC5\\WordShifted.c"
   1:Generated_Source\PSoC5/WordShifted.c **** /*******************************************************************************
   2:Generated_Source\PSoC5/WordShifted.c **** * File Name: WordShifted.c  
   3:Generated_Source\PSoC5/WordShifted.c **** * Version 1.70
   4:Generated_Source\PSoC5/WordShifted.c **** *
   5:Generated_Source\PSoC5/WordShifted.c **** *  Description:
   6:Generated_Source\PSoC5/WordShifted.c **** *   API for controlling the state of an interrupt.
   7:Generated_Source\PSoC5/WordShifted.c **** *
   8:Generated_Source\PSoC5/WordShifted.c **** *
   9:Generated_Source\PSoC5/WordShifted.c **** *  Note:
  10:Generated_Source\PSoC5/WordShifted.c **** *
  11:Generated_Source\PSoC5/WordShifted.c **** ********************************************************************************
  12:Generated_Source\PSoC5/WordShifted.c **** * Copyright 2008-2015, Cypress Semiconductor Corporation.  All rights reserved.
  13:Generated_Source\PSoC5/WordShifted.c **** * You may use this file only in accordance with the license, terms, conditions, 
  14:Generated_Source\PSoC5/WordShifted.c **** * disclaimers, and limitations in the end user license agreement accompanying 
  15:Generated_Source\PSoC5/WordShifted.c **** * the software package with which this file was provided.
  16:Generated_Source\PSoC5/WordShifted.c **** *******************************************************************************/
  17:Generated_Source\PSoC5/WordShifted.c **** 
  18:Generated_Source\PSoC5/WordShifted.c **** 
  19:Generated_Source\PSoC5/WordShifted.c **** #include <cydevice_trm.h>
  20:Generated_Source\PSoC5/WordShifted.c **** #include <CyLib.h>
  21:Generated_Source\PSoC5/WordShifted.c **** #include <WordShifted.h>
  22:Generated_Source\PSoC5/WordShifted.c **** #include "cyapicallbacks.h"
  23:Generated_Source\PSoC5/WordShifted.c **** 
  24:Generated_Source\PSoC5/WordShifted.c **** #if !defined(WordShifted__REMOVED) /* Check for removal by optimization */
  25:Generated_Source\PSoC5/WordShifted.c **** 
  26:Generated_Source\PSoC5/WordShifted.c **** /*******************************************************************************
  27:Generated_Source\PSoC5/WordShifted.c **** *  Place your includes, defines and code here 
  28:Generated_Source\PSoC5/WordShifted.c **** ********************************************************************************/
  29:Generated_Source\PSoC5/WordShifted.c **** /* `#START WordShifted_intc` */
  30:Generated_Source\PSoC5/WordShifted.c **** #include <BitCounterDec.h>
ARM GAS  C:\Users\EA527~1.IVA\AppData\Local\Temp\ccgQuQ5X.s 			page 2


  31:Generated_Source\PSoC5/WordShifted.c **** #include <RecieveShiftReg.h>
  32:Generated_Source\PSoC5/WordShifted.c **** #include <reciver.h>
  33:Generated_Source\PSoC5/WordShifted.c ****     #include <line_buf.h>
  34:Generated_Source\PSoC5/WordShifted.c ****     
  35:Generated_Source\PSoC5/WordShifted.c ****     extern volatile unsigned int first;
  36:Generated_Source\PSoC5/WordShifted.c ****     uint32 tmp;
  37:Generated_Source\PSoC5/WordShifted.c **** /* `#END` */
  38:Generated_Source\PSoC5/WordShifted.c **** 
  39:Generated_Source\PSoC5/WordShifted.c **** #ifndef CYINT_IRQ_BASE
  40:Generated_Source\PSoC5/WordShifted.c **** #define CYINT_IRQ_BASE      16
  41:Generated_Source\PSoC5/WordShifted.c **** #endif /* CYINT_IRQ_BASE */
  42:Generated_Source\PSoC5/WordShifted.c **** #ifndef CYINT_VECT_TABLE
  43:Generated_Source\PSoC5/WordShifted.c **** #define CYINT_VECT_TABLE    ((cyisraddress **) CYREG_NVIC_VECT_OFFSET)
  44:Generated_Source\PSoC5/WordShifted.c **** #endif /* CYINT_VECT_TABLE */
  45:Generated_Source\PSoC5/WordShifted.c **** 
  46:Generated_Source\PSoC5/WordShifted.c **** /* Declared in startup, used to set unused interrupts to. */
  47:Generated_Source\PSoC5/WordShifted.c **** CY_ISR_PROTO(IntDefaultHandler);
  48:Generated_Source\PSoC5/WordShifted.c **** 
  49:Generated_Source\PSoC5/WordShifted.c **** 
  50:Generated_Source\PSoC5/WordShifted.c **** /*******************************************************************************
  51:Generated_Source\PSoC5/WordShifted.c **** * Function Name: WordShifted_Start
  52:Generated_Source\PSoC5/WordShifted.c **** ********************************************************************************
  53:Generated_Source\PSoC5/WordShifted.c **** *
  54:Generated_Source\PSoC5/WordShifted.c **** * Summary:
  55:Generated_Source\PSoC5/WordShifted.c **** *  Set up the interrupt and enable it. This function disables the interrupt, 
  56:Generated_Source\PSoC5/WordShifted.c **** *  sets the default interrupt vector, sets the priority from the value in the
  57:Generated_Source\PSoC5/WordShifted.c **** *  Design Wide Resources Interrupt Editor, then enables the interrupt to the 
  58:Generated_Source\PSoC5/WordShifted.c **** *  interrupt controller.
  59:Generated_Source\PSoC5/WordShifted.c **** *
  60:Generated_Source\PSoC5/WordShifted.c **** * Parameters:  
  61:Generated_Source\PSoC5/WordShifted.c **** *   None
  62:Generated_Source\PSoC5/WordShifted.c **** *
  63:Generated_Source\PSoC5/WordShifted.c **** * Return:
  64:Generated_Source\PSoC5/WordShifted.c **** *   None
  65:Generated_Source\PSoC5/WordShifted.c **** *
  66:Generated_Source\PSoC5/WordShifted.c **** *******************************************************************************/
  67:Generated_Source\PSoC5/WordShifted.c **** void WordShifted_Start(void)
  68:Generated_Source\PSoC5/WordShifted.c **** {
  69:Generated_Source\PSoC5/WordShifted.c ****     /* For all we know the interrupt is active. */
  70:Generated_Source\PSoC5/WordShifted.c ****     WordShifted_Disable();
  71:Generated_Source\PSoC5/WordShifted.c **** 
  72:Generated_Source\PSoC5/WordShifted.c ****     /* Set the ISR to point to the WordShifted Interrupt. */
  73:Generated_Source\PSoC5/WordShifted.c ****     WordShifted_SetVector(&WordShifted_Interrupt);
  74:Generated_Source\PSoC5/WordShifted.c **** 
  75:Generated_Source\PSoC5/WordShifted.c ****     /* Set the priority. */
  76:Generated_Source\PSoC5/WordShifted.c ****     WordShifted_SetPriority((uint8)WordShifted_INTC_PRIOR_NUMBER);
  77:Generated_Source\PSoC5/WordShifted.c **** 
  78:Generated_Source\PSoC5/WordShifted.c ****     /* Enable it. */
  79:Generated_Source\PSoC5/WordShifted.c ****     WordShifted_Enable();
  80:Generated_Source\PSoC5/WordShifted.c **** }
  81:Generated_Source\PSoC5/WordShifted.c **** 
  82:Generated_Source\PSoC5/WordShifted.c **** 
  83:Generated_Source\PSoC5/WordShifted.c **** /*******************************************************************************
  84:Generated_Source\PSoC5/WordShifted.c **** * Function Name: WordShifted_StartEx
  85:Generated_Source\PSoC5/WordShifted.c **** ********************************************************************************
  86:Generated_Source\PSoC5/WordShifted.c **** *
  87:Generated_Source\PSoC5/WordShifted.c **** * Summary:
ARM GAS  C:\Users\EA527~1.IVA\AppData\Local\Temp\ccgQuQ5X.s 			page 3


  88:Generated_Source\PSoC5/WordShifted.c **** *  Sets up the interrupt and enables it. This function disables the interrupt,
  89:Generated_Source\PSoC5/WordShifted.c **** *  sets the interrupt vector based on the address passed in, sets the priority 
  90:Generated_Source\PSoC5/WordShifted.c **** *  from the value in the Design Wide Resources Interrupt Editor, then enables 
  91:Generated_Source\PSoC5/WordShifted.c **** *  the interrupt to the interrupt controller.
  92:Generated_Source\PSoC5/WordShifted.c **** *  
  93:Generated_Source\PSoC5/WordShifted.c **** *  When defining ISR functions, the CY_ISR and CY_ISR_PROTO macros should be 
  94:Generated_Source\PSoC5/WordShifted.c **** *  used to provide consistent definition across compilers:
  95:Generated_Source\PSoC5/WordShifted.c **** *  
  96:Generated_Source\PSoC5/WordShifted.c **** *  Function definition example:
  97:Generated_Source\PSoC5/WordShifted.c **** *   CY_ISR(MyISR)
  98:Generated_Source\PSoC5/WordShifted.c **** *   {
  99:Generated_Source\PSoC5/WordShifted.c **** *   }
 100:Generated_Source\PSoC5/WordShifted.c **** *   Function prototype example:
 101:Generated_Source\PSoC5/WordShifted.c **** *   CY_ISR_PROTO(MyISR);
 102:Generated_Source\PSoC5/WordShifted.c **** *
 103:Generated_Source\PSoC5/WordShifted.c **** * Parameters:  
 104:Generated_Source\PSoC5/WordShifted.c **** *   address: Address of the ISR to set in the interrupt vector table.
 105:Generated_Source\PSoC5/WordShifted.c **** *
 106:Generated_Source\PSoC5/WordShifted.c **** * Return:
 107:Generated_Source\PSoC5/WordShifted.c **** *   None
 108:Generated_Source\PSoC5/WordShifted.c **** *
 109:Generated_Source\PSoC5/WordShifted.c **** *******************************************************************************/
 110:Generated_Source\PSoC5/WordShifted.c **** void WordShifted_StartEx(cyisraddress address)
 111:Generated_Source\PSoC5/WordShifted.c **** {
 112:Generated_Source\PSoC5/WordShifted.c ****     /* For all we know the interrupt is active. */
 113:Generated_Source\PSoC5/WordShifted.c ****     WordShifted_Disable();
 114:Generated_Source\PSoC5/WordShifted.c **** 
 115:Generated_Source\PSoC5/WordShifted.c ****     /* Set the ISR to point to the WordShifted Interrupt. */
 116:Generated_Source\PSoC5/WordShifted.c ****     WordShifted_SetVector(address);
 117:Generated_Source\PSoC5/WordShifted.c **** 
 118:Generated_Source\PSoC5/WordShifted.c ****     /* Set the priority. */
 119:Generated_Source\PSoC5/WordShifted.c ****     WordShifted_SetPriority((uint8)WordShifted_INTC_PRIOR_NUMBER);
 120:Generated_Source\PSoC5/WordShifted.c **** 
 121:Generated_Source\PSoC5/WordShifted.c ****     /* Enable it. */
 122:Generated_Source\PSoC5/WordShifted.c ****     WordShifted_Enable();
 123:Generated_Source\PSoC5/WordShifted.c **** }
 124:Generated_Source\PSoC5/WordShifted.c **** 
 125:Generated_Source\PSoC5/WordShifted.c **** 
 126:Generated_Source\PSoC5/WordShifted.c **** /*******************************************************************************
 127:Generated_Source\PSoC5/WordShifted.c **** * Function Name: WordShifted_Stop
 128:Generated_Source\PSoC5/WordShifted.c **** ********************************************************************************
 129:Generated_Source\PSoC5/WordShifted.c **** *
 130:Generated_Source\PSoC5/WordShifted.c **** * Summary:
 131:Generated_Source\PSoC5/WordShifted.c **** *   Disables and removes the interrupt.
 132:Generated_Source\PSoC5/WordShifted.c **** *
 133:Generated_Source\PSoC5/WordShifted.c **** * Parameters:  
 134:Generated_Source\PSoC5/WordShifted.c **** *   None
 135:Generated_Source\PSoC5/WordShifted.c **** *
 136:Generated_Source\PSoC5/WordShifted.c **** * Return:
 137:Generated_Source\PSoC5/WordShifted.c **** *   None
 138:Generated_Source\PSoC5/WordShifted.c **** *
 139:Generated_Source\PSoC5/WordShifted.c **** *******************************************************************************/
 140:Generated_Source\PSoC5/WordShifted.c **** void WordShifted_Stop(void)
 141:Generated_Source\PSoC5/WordShifted.c **** {
 142:Generated_Source\PSoC5/WordShifted.c ****     /* Disable this interrupt. */
 143:Generated_Source\PSoC5/WordShifted.c ****     WordShifted_Disable();
 144:Generated_Source\PSoC5/WordShifted.c **** 
ARM GAS  C:\Users\EA527~1.IVA\AppData\Local\Temp\ccgQuQ5X.s 			page 4


 145:Generated_Source\PSoC5/WordShifted.c ****     /* Set the ISR to point to the passive one. */
 146:Generated_Source\PSoC5/WordShifted.c ****     WordShifted_SetVector(&IntDefaultHandler);
 147:Generated_Source\PSoC5/WordShifted.c **** }
 148:Generated_Source\PSoC5/WordShifted.c **** 
 149:Generated_Source\PSoC5/WordShifted.c **** 
 150:Generated_Source\PSoC5/WordShifted.c **** /*******************************************************************************
 151:Generated_Source\PSoC5/WordShifted.c **** * Function Name: WordShifted_Interrupt
 152:Generated_Source\PSoC5/WordShifted.c **** ********************************************************************************
 153:Generated_Source\PSoC5/WordShifted.c **** *
 154:Generated_Source\PSoC5/WordShifted.c **** * Summary:
 155:Generated_Source\PSoC5/WordShifted.c **** *   The default Interrupt Service Routine for WordShifted.
 156:Generated_Source\PSoC5/WordShifted.c **** *
 157:Generated_Source\PSoC5/WordShifted.c **** *   Add custom code between the coments to keep the next version of this file
 158:Generated_Source\PSoC5/WordShifted.c **** *   from over writting your code.
 159:Generated_Source\PSoC5/WordShifted.c **** *
 160:Generated_Source\PSoC5/WordShifted.c **** * Parameters:  
 161:Generated_Source\PSoC5/WordShifted.c **** *
 162:Generated_Source\PSoC5/WordShifted.c **** * Return:
 163:Generated_Source\PSoC5/WordShifted.c **** *   None
 164:Generated_Source\PSoC5/WordShifted.c **** *
 165:Generated_Source\PSoC5/WordShifted.c **** *******************************************************************************/
 166:Generated_Source\PSoC5/WordShifted.c **** CY_ISR(WordShifted_Interrupt)
 167:Generated_Source\PSoC5/WordShifted.c **** {
 168:Generated_Source\PSoC5/WordShifted.c ****     #ifdef WordShifted_INTERRUPT_INTERRUPT_CALLBACK
 169:Generated_Source\PSoC5/WordShifted.c ****         WordShifted_Interrupt_InterruptCallback();
 170:Generated_Source\PSoC5/WordShifted.c ****     #endif /* WordShifted_INTERRUPT_INTERRUPT_CALLBACK */ 
 171:Generated_Source\PSoC5/WordShifted.c **** 
 172:Generated_Source\PSoC5/WordShifted.c ****     /*  Place your Interrupt code here. */
 173:Generated_Source\PSoC5/WordShifted.c ****     /* `#START WordShifted_Interrupt` */
 174:Generated_Source\PSoC5/WordShifted.c ****     WordShifted_ClearPending();
 175:Generated_Source\PSoC5/WordShifted.c ****     tmp = RecieveShiftReg_SR_STATUS;
 176:Generated_Source\PSoC5/WordShifted.c **** //    while (RecieveShiftReg_OUT_FIFO_EMPTY != (RecieveShiftReg_SR_STATUS&RecieveShiftReg_OUT_FIFO_
 177:Generated_Source\PSoC5/WordShifted.c ****     while ((tmp&0x40)/*|(!(tmp&0x20))*/){
 178:Generated_Source\PSoC5/WordShifted.c ****         tmp = RecieveShiftReg_ReadData();
 179:Generated_Source\PSoC5/WordShifted.c ****         if(first == 0) first = 1;
 180:Generated_Source\PSoC5/WordShifted.c ****         else {
 181:Generated_Source\PSoC5/WordShifted.c ****             if(CountToRecieve){
 182:Generated_Source\PSoC5/WordShifted.c ****                 CountToRecieve--;
 183:Generated_Source\PSoC5/WordShifted.c ****                 *(current_write++) = tmp;
 184:Generated_Source\PSoC5/WordShifted.c ****             }
 185:Generated_Source\PSoC5/WordShifted.c ****         }
 186:Generated_Source\PSoC5/WordShifted.c ****         tmp = RecieveShiftReg_SR_STATUS;
 187:Generated_Source\PSoC5/WordShifted.c ****     //}while (RecieveShiftReg_OUT_FIFO_EMPTY != (RecieveShiftReg_SR_STATUS&RecieveShiftReg_OUT_FIFO
 188:Generated_Source\PSoC5/WordShifted.c ****     };
 189:Generated_Source\PSoC5/WordShifted.c **** 
 190:Generated_Source\PSoC5/WordShifted.c ****     /* `#END` */
 191:Generated_Source\PSoC5/WordShifted.c **** }
 192:Generated_Source\PSoC5/WordShifted.c **** 
 193:Generated_Source\PSoC5/WordShifted.c **** 
 194:Generated_Source\PSoC5/WordShifted.c **** /*******************************************************************************
 195:Generated_Source\PSoC5/WordShifted.c **** * Function Name: WordShifted_SetVector
 196:Generated_Source\PSoC5/WordShifted.c **** ********************************************************************************
 197:Generated_Source\PSoC5/WordShifted.c **** *
 198:Generated_Source\PSoC5/WordShifted.c **** * Summary:
 199:Generated_Source\PSoC5/WordShifted.c **** *   Change the ISR vector for the Interrupt. Note calling WordShifted_Start
 200:Generated_Source\PSoC5/WordShifted.c **** *   will override any effect this method would have had. To set the vector 
 201:Generated_Source\PSoC5/WordShifted.c **** *   before the component has been started use WordShifted_StartEx instead.
ARM GAS  C:\Users\EA527~1.IVA\AppData\Local\Temp\ccgQuQ5X.s 			page 5


 202:Generated_Source\PSoC5/WordShifted.c **** * 
 203:Generated_Source\PSoC5/WordShifted.c **** *   When defining ISR functions, the CY_ISR and CY_ISR_PROTO macros should be 
 204:Generated_Source\PSoC5/WordShifted.c **** *   used to provide consistent definition across compilers:
 205:Generated_Source\PSoC5/WordShifted.c **** *
 206:Generated_Source\PSoC5/WordShifted.c **** *   Function definition example:
 207:Generated_Source\PSoC5/WordShifted.c **** *   CY_ISR(MyISR)
 208:Generated_Source\PSoC5/WordShifted.c **** *   {
 209:Generated_Source\PSoC5/WordShifted.c **** *   }
 210:Generated_Source\PSoC5/WordShifted.c **** *
 211:Generated_Source\PSoC5/WordShifted.c **** *   Function prototype example:
 212:Generated_Source\PSoC5/WordShifted.c **** *     CY_ISR_PROTO(MyISR);
 213:Generated_Source\PSoC5/WordShifted.c **** *
 214:Generated_Source\PSoC5/WordShifted.c **** * Parameters:
 215:Generated_Source\PSoC5/WordShifted.c **** *   address: Address of the ISR to set in the interrupt vector table.
 216:Generated_Source\PSoC5/WordShifted.c **** *
 217:Generated_Source\PSoC5/WordShifted.c **** * Return:
 218:Generated_Source\PSoC5/WordShifted.c **** *   None
 219:Generated_Source\PSoC5/WordShifted.c **** *
 220:Generated_Source\PSoC5/WordShifted.c **** *******************************************************************************/
 221:Generated_Source\PSoC5/WordShifted.c **** void WordShifted_SetVector(cyisraddress address)
 222:Generated_Source\PSoC5/WordShifted.c **** {
  28              		.loc 1 222 0
  29              		.cfi_startproc
  30              		@ args = 0, pretend = 0, frame = 0
  31              		@ frame_needed = 0, uses_anonymous_args = 0
  32              		@ link register save eliminated.
  33              	.LVL0:
 223:Generated_Source\PSoC5/WordShifted.c ****     cyisraddress * ramVectorTable;
 224:Generated_Source\PSoC5/WordShifted.c **** 
 225:Generated_Source\PSoC5/WordShifted.c ****     ramVectorTable = (cyisraddress *) *CYINT_VECT_TABLE;
  34              		.loc 1 225 0
  35 0000 014B     		ldr	r3, .L2
  36 0002 1B68     		ldr	r3, [r3]
  37              	.LVL1:
 226:Generated_Source\PSoC5/WordShifted.c **** 
 227:Generated_Source\PSoC5/WordShifted.c ****     ramVectorTable[CYINT_IRQ_BASE + (uint32)WordShifted__INTC_NUMBER] = address;
  38              		.loc 1 227 0
  39 0004 5864     		str	r0, [r3, #68]
  40 0006 7047     		bx	lr
  41              	.L3:
  42              		.align	2
  43              	.L2:
  44 0008 08ED00E0 		.word	-536810232
  45              		.cfi_endproc
  46              	.LFE4:
  47              		.size	WordShifted_SetVector, .-WordShifted_SetVector
  48              		.section	.text.WordShifted_GetVector,"ax",%progbits
  49              		.align	2
  50              		.global	WordShifted_GetVector
  51              		.thumb
  52              		.thumb_func
  53              		.type	WordShifted_GetVector, %function
  54              	WordShifted_GetVector:
  55              	.LFB5:
 228:Generated_Source\PSoC5/WordShifted.c **** }
 229:Generated_Source\PSoC5/WordShifted.c **** 
 230:Generated_Source\PSoC5/WordShifted.c **** 
ARM GAS  C:\Users\EA527~1.IVA\AppData\Local\Temp\ccgQuQ5X.s 			page 6


 231:Generated_Source\PSoC5/WordShifted.c **** /*******************************************************************************
 232:Generated_Source\PSoC5/WordShifted.c **** * Function Name: WordShifted_GetVector
 233:Generated_Source\PSoC5/WordShifted.c **** ********************************************************************************
 234:Generated_Source\PSoC5/WordShifted.c **** *
 235:Generated_Source\PSoC5/WordShifted.c **** * Summary:
 236:Generated_Source\PSoC5/WordShifted.c **** *   Gets the "address" of the current ISR vector for the Interrupt.
 237:Generated_Source\PSoC5/WordShifted.c **** *
 238:Generated_Source\PSoC5/WordShifted.c **** * Parameters:
 239:Generated_Source\PSoC5/WordShifted.c **** *   None
 240:Generated_Source\PSoC5/WordShifted.c **** *
 241:Generated_Source\PSoC5/WordShifted.c **** * Return:
 242:Generated_Source\PSoC5/WordShifted.c **** *   Address of the ISR in the interrupt vector table.
 243:Generated_Source\PSoC5/WordShifted.c **** *
 244:Generated_Source\PSoC5/WordShifted.c **** *******************************************************************************/
 245:Generated_Source\PSoC5/WordShifted.c **** cyisraddress WordShifted_GetVector(void)
 246:Generated_Source\PSoC5/WordShifted.c **** {
  56              		.loc 1 246 0
  57              		.cfi_startproc
  58              		@ args = 0, pretend = 0, frame = 0
  59              		@ frame_needed = 0, uses_anonymous_args = 0
  60              		@ link register save eliminated.
 247:Generated_Source\PSoC5/WordShifted.c ****     cyisraddress * ramVectorTable;
 248:Generated_Source\PSoC5/WordShifted.c **** 
 249:Generated_Source\PSoC5/WordShifted.c ****     ramVectorTable = (cyisraddress *) *CYINT_VECT_TABLE;
  61              		.loc 1 249 0
  62 0000 014B     		ldr	r3, .L5
  63 0002 1B68     		ldr	r3, [r3]
  64              	.LVL2:
 250:Generated_Source\PSoC5/WordShifted.c **** 
 251:Generated_Source\PSoC5/WordShifted.c ****     return ramVectorTable[CYINT_IRQ_BASE + (uint32)WordShifted__INTC_NUMBER];
 252:Generated_Source\PSoC5/WordShifted.c **** }
  65              		.loc 1 252 0
  66 0004 586C     		ldr	r0, [r3, #68]
  67 0006 7047     		bx	lr
  68              	.L6:
  69              		.align	2
  70              	.L5:
  71 0008 08ED00E0 		.word	-536810232
  72              		.cfi_endproc
  73              	.LFE5:
  74              		.size	WordShifted_GetVector, .-WordShifted_GetVector
  75              		.section	.text.WordShifted_SetPriority,"ax",%progbits
  76              		.align	2
  77              		.global	WordShifted_SetPriority
  78              		.thumb
  79              		.thumb_func
  80              		.type	WordShifted_SetPriority, %function
  81              	WordShifted_SetPriority:
  82              	.LFB6:
 253:Generated_Source\PSoC5/WordShifted.c **** 
 254:Generated_Source\PSoC5/WordShifted.c **** 
 255:Generated_Source\PSoC5/WordShifted.c **** /*******************************************************************************
 256:Generated_Source\PSoC5/WordShifted.c **** * Function Name: WordShifted_SetPriority
 257:Generated_Source\PSoC5/WordShifted.c **** ********************************************************************************
 258:Generated_Source\PSoC5/WordShifted.c **** *
 259:Generated_Source\PSoC5/WordShifted.c **** * Summary:
 260:Generated_Source\PSoC5/WordShifted.c **** *   Sets the Priority of the Interrupt. 
ARM GAS  C:\Users\EA527~1.IVA\AppData\Local\Temp\ccgQuQ5X.s 			page 7


 261:Generated_Source\PSoC5/WordShifted.c **** *
 262:Generated_Source\PSoC5/WordShifted.c **** *   Note calling WordShifted_Start or WordShifted_StartEx will 
 263:Generated_Source\PSoC5/WordShifted.c **** *   override any effect this API would have had. This API should only be called
 264:Generated_Source\PSoC5/WordShifted.c **** *   after WordShifted_Start or WordShifted_StartEx has been called. 
 265:Generated_Source\PSoC5/WordShifted.c **** *   To set the initial priority for the component, use the Design-Wide Resources
 266:Generated_Source\PSoC5/WordShifted.c **** *   Interrupt Editor.
 267:Generated_Source\PSoC5/WordShifted.c **** *
 268:Generated_Source\PSoC5/WordShifted.c **** *   Note This API has no effect on Non-maskable interrupt NMI).
 269:Generated_Source\PSoC5/WordShifted.c **** *
 270:Generated_Source\PSoC5/WordShifted.c **** * Parameters:
 271:Generated_Source\PSoC5/WordShifted.c **** *   priority: Priority of the interrupt, 0 being the highest priority
 272:Generated_Source\PSoC5/WordShifted.c **** *             PSoC 3 and PSoC 5LP: Priority is from 0 to 7.
 273:Generated_Source\PSoC5/WordShifted.c **** *             PSoC 4: Priority is from 0 to 3.
 274:Generated_Source\PSoC5/WordShifted.c **** *
 275:Generated_Source\PSoC5/WordShifted.c **** * Return:
 276:Generated_Source\PSoC5/WordShifted.c **** *   None
 277:Generated_Source\PSoC5/WordShifted.c **** *
 278:Generated_Source\PSoC5/WordShifted.c **** *******************************************************************************/
 279:Generated_Source\PSoC5/WordShifted.c **** void WordShifted_SetPriority(uint8 priority)
 280:Generated_Source\PSoC5/WordShifted.c **** {
  83              		.loc 1 280 0
  84              		.cfi_startproc
  85              		@ args = 0, pretend = 0, frame = 0
  86              		@ frame_needed = 0, uses_anonymous_args = 0
  87              		@ link register save eliminated.
  88              	.LVL3:
 281:Generated_Source\PSoC5/WordShifted.c ****     *WordShifted_INTC_PRIOR = priority << 5;
  89              		.loc 1 281 0
  90 0000 4001     		lsls	r0, r0, #5
  91              	.LVL4:
  92 0002 C0B2     		uxtb	r0, r0
  93 0004 014B     		ldr	r3, .L8
  94 0006 1870     		strb	r0, [r3]
  95 0008 7047     		bx	lr
  96              	.L9:
  97 000a 00BF     		.align	2
  98              	.L8:
  99 000c 01E400E0 		.word	-536812543
 100              		.cfi_endproc
 101              	.LFE6:
 102              		.size	WordShifted_SetPriority, .-WordShifted_SetPriority
 103              		.section	.text.WordShifted_GetPriority,"ax",%progbits
 104              		.align	2
 105              		.global	WordShifted_GetPriority
 106              		.thumb
 107              		.thumb_func
 108              		.type	WordShifted_GetPriority, %function
 109              	WordShifted_GetPriority:
 110              	.LFB7:
 282:Generated_Source\PSoC5/WordShifted.c **** }
 283:Generated_Source\PSoC5/WordShifted.c **** 
 284:Generated_Source\PSoC5/WordShifted.c **** 
 285:Generated_Source\PSoC5/WordShifted.c **** /*******************************************************************************
 286:Generated_Source\PSoC5/WordShifted.c **** * Function Name: WordShifted_GetPriority
 287:Generated_Source\PSoC5/WordShifted.c **** ********************************************************************************
 288:Generated_Source\PSoC5/WordShifted.c **** *
 289:Generated_Source\PSoC5/WordShifted.c **** * Summary:
ARM GAS  C:\Users\EA527~1.IVA\AppData\Local\Temp\ccgQuQ5X.s 			page 8


 290:Generated_Source\PSoC5/WordShifted.c **** *   Gets the Priority of the Interrupt.
 291:Generated_Source\PSoC5/WordShifted.c **** *
 292:Generated_Source\PSoC5/WordShifted.c **** * Parameters:
 293:Generated_Source\PSoC5/WordShifted.c **** *   None
 294:Generated_Source\PSoC5/WordShifted.c **** *
 295:Generated_Source\PSoC5/WordShifted.c **** * Return:
 296:Generated_Source\PSoC5/WordShifted.c **** *   Priority of the interrupt, 0 being the highest priority
 297:Generated_Source\PSoC5/WordShifted.c **** *    PSoC 3 and PSoC 5LP: Priority is from 0 to 7.
 298:Generated_Source\PSoC5/WordShifted.c **** *    PSoC 4: Priority is from 0 to 3.
 299:Generated_Source\PSoC5/WordShifted.c **** *
 300:Generated_Source\PSoC5/WordShifted.c **** *******************************************************************************/
 301:Generated_Source\PSoC5/WordShifted.c **** uint8 WordShifted_GetPriority(void)
 302:Generated_Source\PSoC5/WordShifted.c **** {
 111              		.loc 1 302 0
 112              		.cfi_startproc
 113              		@ args = 0, pretend = 0, frame = 0
 114              		@ frame_needed = 0, uses_anonymous_args = 0
 115              		@ link register save eliminated.
 303:Generated_Source\PSoC5/WordShifted.c ****     uint8 priority;
 304:Generated_Source\PSoC5/WordShifted.c **** 
 305:Generated_Source\PSoC5/WordShifted.c **** 
 306:Generated_Source\PSoC5/WordShifted.c ****     priority = *WordShifted_INTC_PRIOR >> 5;
 116              		.loc 1 306 0
 117 0000 014B     		ldr	r3, .L11
 118 0002 1878     		ldrb	r0, [r3]	@ zero_extendqisi2
 119              	.LVL5:
 307:Generated_Source\PSoC5/WordShifted.c **** 
 308:Generated_Source\PSoC5/WordShifted.c ****     return priority;
 309:Generated_Source\PSoC5/WordShifted.c **** }
 120              		.loc 1 309 0
 121 0004 4009     		lsrs	r0, r0, #5
 122              	.LVL6:
 123 0006 7047     		bx	lr
 124              	.L12:
 125              		.align	2
 126              	.L11:
 127 0008 01E400E0 		.word	-536812543
 128              		.cfi_endproc
 129              	.LFE7:
 130              		.size	WordShifted_GetPriority, .-WordShifted_GetPriority
 131              		.section	.text.WordShifted_Enable,"ax",%progbits
 132              		.align	2
 133              		.global	WordShifted_Enable
 134              		.thumb
 135              		.thumb_func
 136              		.type	WordShifted_Enable, %function
 137              	WordShifted_Enable:
 138              	.LFB8:
 310:Generated_Source\PSoC5/WordShifted.c **** 
 311:Generated_Source\PSoC5/WordShifted.c **** 
 312:Generated_Source\PSoC5/WordShifted.c **** /*******************************************************************************
 313:Generated_Source\PSoC5/WordShifted.c **** * Function Name: WordShifted_Enable
 314:Generated_Source\PSoC5/WordShifted.c **** ********************************************************************************
 315:Generated_Source\PSoC5/WordShifted.c **** *
 316:Generated_Source\PSoC5/WordShifted.c **** * Summary:
 317:Generated_Source\PSoC5/WordShifted.c **** *   Enables the interrupt to the interrupt controller. Do not call this function
 318:Generated_Source\PSoC5/WordShifted.c **** *   unless ISR_Start() has been called or the functionality of the ISR_Start() 
ARM GAS  C:\Users\EA527~1.IVA\AppData\Local\Temp\ccgQuQ5X.s 			page 9


 319:Generated_Source\PSoC5/WordShifted.c **** *   function, which sets the vector and the priority, has been called.
 320:Generated_Source\PSoC5/WordShifted.c **** *
 321:Generated_Source\PSoC5/WordShifted.c **** * Parameters:
 322:Generated_Source\PSoC5/WordShifted.c **** *   None
 323:Generated_Source\PSoC5/WordShifted.c **** *
 324:Generated_Source\PSoC5/WordShifted.c **** * Return:
 325:Generated_Source\PSoC5/WordShifted.c **** *   None
 326:Generated_Source\PSoC5/WordShifted.c **** *
 327:Generated_Source\PSoC5/WordShifted.c **** *******************************************************************************/
 328:Generated_Source\PSoC5/WordShifted.c **** void WordShifted_Enable(void)
 329:Generated_Source\PSoC5/WordShifted.c **** {
 139              		.loc 1 329 0
 140              		.cfi_startproc
 141              		@ args = 0, pretend = 0, frame = 0
 142              		@ frame_needed = 0, uses_anonymous_args = 0
 143              		@ link register save eliminated.
 330:Generated_Source\PSoC5/WordShifted.c ****     /* Enable the general interrupt. */
 331:Generated_Source\PSoC5/WordShifted.c ****     *WordShifted_INTC_SET_EN = WordShifted__INTC_MASK;
 144              		.loc 1 331 0
 145 0000 0222     		movs	r2, #2
 146 0002 014B     		ldr	r3, .L14
 147 0004 1A60     		str	r2, [r3]
 148 0006 7047     		bx	lr
 149              	.L15:
 150              		.align	2
 151              	.L14:
 152 0008 00E100E0 		.word	-536813312
 153              		.cfi_endproc
 154              	.LFE8:
 155              		.size	WordShifted_Enable, .-WordShifted_Enable
 156              		.section	.text.WordShifted_GetState,"ax",%progbits
 157              		.align	2
 158              		.global	WordShifted_GetState
 159              		.thumb
 160              		.thumb_func
 161              		.type	WordShifted_GetState, %function
 162              	WordShifted_GetState:
 163              	.LFB9:
 332:Generated_Source\PSoC5/WordShifted.c **** }
 333:Generated_Source\PSoC5/WordShifted.c **** 
 334:Generated_Source\PSoC5/WordShifted.c **** 
 335:Generated_Source\PSoC5/WordShifted.c **** /*******************************************************************************
 336:Generated_Source\PSoC5/WordShifted.c **** * Function Name: WordShifted_GetState
 337:Generated_Source\PSoC5/WordShifted.c **** ********************************************************************************
 338:Generated_Source\PSoC5/WordShifted.c **** *
 339:Generated_Source\PSoC5/WordShifted.c **** * Summary:
 340:Generated_Source\PSoC5/WordShifted.c **** *   Gets the state (enabled, disabled) of the Interrupt.
 341:Generated_Source\PSoC5/WordShifted.c **** *
 342:Generated_Source\PSoC5/WordShifted.c **** * Parameters:
 343:Generated_Source\PSoC5/WordShifted.c **** *   None
 344:Generated_Source\PSoC5/WordShifted.c **** *
 345:Generated_Source\PSoC5/WordShifted.c **** * Return:
 346:Generated_Source\PSoC5/WordShifted.c **** *   1 if enabled, 0 if disabled.
 347:Generated_Source\PSoC5/WordShifted.c **** *
 348:Generated_Source\PSoC5/WordShifted.c **** *******************************************************************************/
 349:Generated_Source\PSoC5/WordShifted.c **** uint8 WordShifted_GetState(void)
 350:Generated_Source\PSoC5/WordShifted.c **** {
ARM GAS  C:\Users\EA527~1.IVA\AppData\Local\Temp\ccgQuQ5X.s 			page 10


 164              		.loc 1 350 0
 165              		.cfi_startproc
 166              		@ args = 0, pretend = 0, frame = 0
 167              		@ frame_needed = 0, uses_anonymous_args = 0
 168              		@ link register save eliminated.
 351:Generated_Source\PSoC5/WordShifted.c ****     /* Get the state of the general interrupt. */
 352:Generated_Source\PSoC5/WordShifted.c ****     return ((*WordShifted_INTC_SET_EN & (uint32)WordShifted__INTC_MASK) != 0u) ? 1u:0u;
 169              		.loc 1 352 0
 170 0000 044B     		ldr	r3, .L19
 171 0002 1B68     		ldr	r3, [r3]
 172 0004 13F0020F 		tst	r3, #2
 173 0008 01D0     		beq	.L18
 174 000a 0120     		movs	r0, #1
 175 000c 7047     		bx	lr
 176              	.L18:
 177 000e 0020     		movs	r0, #0
 353:Generated_Source\PSoC5/WordShifted.c **** }
 178              		.loc 1 353 0
 179 0010 7047     		bx	lr
 180              	.L20:
 181 0012 00BF     		.align	2
 182              	.L19:
 183 0014 00E100E0 		.word	-536813312
 184              		.cfi_endproc
 185              	.LFE9:
 186              		.size	WordShifted_GetState, .-WordShifted_GetState
 187              		.section	.text.WordShifted_Disable,"ax",%progbits
 188              		.align	2
 189              		.global	WordShifted_Disable
 190              		.thumb
 191              		.thumb_func
 192              		.type	WordShifted_Disable, %function
 193              	WordShifted_Disable:
 194              	.LFB10:
 354:Generated_Source\PSoC5/WordShifted.c **** 
 355:Generated_Source\PSoC5/WordShifted.c **** 
 356:Generated_Source\PSoC5/WordShifted.c **** /*******************************************************************************
 357:Generated_Source\PSoC5/WordShifted.c **** * Function Name: WordShifted_Disable
 358:Generated_Source\PSoC5/WordShifted.c **** ********************************************************************************
 359:Generated_Source\PSoC5/WordShifted.c **** *
 360:Generated_Source\PSoC5/WordShifted.c **** * Summary:
 361:Generated_Source\PSoC5/WordShifted.c **** *   Disables the Interrupt in the interrupt controller.
 362:Generated_Source\PSoC5/WordShifted.c **** *
 363:Generated_Source\PSoC5/WordShifted.c **** * Parameters:
 364:Generated_Source\PSoC5/WordShifted.c **** *   None
 365:Generated_Source\PSoC5/WordShifted.c **** *
 366:Generated_Source\PSoC5/WordShifted.c **** * Return:
 367:Generated_Source\PSoC5/WordShifted.c **** *   None
 368:Generated_Source\PSoC5/WordShifted.c **** *
 369:Generated_Source\PSoC5/WordShifted.c **** *******************************************************************************/
 370:Generated_Source\PSoC5/WordShifted.c **** void WordShifted_Disable(void)
 371:Generated_Source\PSoC5/WordShifted.c **** {
 195              		.loc 1 371 0
 196              		.cfi_startproc
 197              		@ args = 0, pretend = 0, frame = 0
 198              		@ frame_needed = 0, uses_anonymous_args = 0
 199              		@ link register save eliminated.
ARM GAS  C:\Users\EA527~1.IVA\AppData\Local\Temp\ccgQuQ5X.s 			page 11


 372:Generated_Source\PSoC5/WordShifted.c ****     /* Disable the general interrupt. */
 373:Generated_Source\PSoC5/WordShifted.c ****     *WordShifted_INTC_CLR_EN = WordShifted__INTC_MASK;
 200              		.loc 1 373 0
 201 0000 0222     		movs	r2, #2
 202 0002 014B     		ldr	r3, .L22
 203 0004 1A60     		str	r2, [r3]
 204 0006 7047     		bx	lr
 205              	.L23:
 206              		.align	2
 207              	.L22:
 208 0008 80E100E0 		.word	-536813184
 209              		.cfi_endproc
 210              	.LFE10:
 211              		.size	WordShifted_Disable, .-WordShifted_Disable
 212              		.section	.text.WordShifted_Start,"ax",%progbits
 213              		.align	2
 214              		.global	WordShifted_Start
 215              		.thumb
 216              		.thumb_func
 217              		.type	WordShifted_Start, %function
 218              	WordShifted_Start:
 219              	.LFB0:
  68:Generated_Source\PSoC5/WordShifted.c ****     /* For all we know the interrupt is active. */
 220              		.loc 1 68 0
 221              		.cfi_startproc
 222              		@ args = 0, pretend = 0, frame = 0
 223              		@ frame_needed = 0, uses_anonymous_args = 0
 224 0000 08B5     		push	{r3, lr}
 225              		.cfi_def_cfa_offset 8
 226              		.cfi_offset 3, -8
 227              		.cfi_offset 14, -4
  70:Generated_Source\PSoC5/WordShifted.c **** 
 228              		.loc 1 70 0
 229 0002 FFF7FEFF 		bl	WordShifted_Disable
 230              	.LVL7:
  73:Generated_Source\PSoC5/WordShifted.c **** 
 231              		.loc 1 73 0
 232 0006 0448     		ldr	r0, .L26
 233 0008 FFF7FEFF 		bl	WordShifted_SetVector
 234              	.LVL8:
  76:Generated_Source\PSoC5/WordShifted.c **** 
 235              		.loc 1 76 0
 236 000c 0420     		movs	r0, #4
 237 000e FFF7FEFF 		bl	WordShifted_SetPriority
 238              	.LVL9:
  79:Generated_Source\PSoC5/WordShifted.c **** }
 239              		.loc 1 79 0
 240 0012 FFF7FEFF 		bl	WordShifted_Enable
 241              	.LVL10:
 242 0016 08BD     		pop	{r3, pc}
 243              	.L27:
 244              		.align	2
 245              	.L26:
 246 0018 00000000 		.word	WordShifted_Interrupt
 247              		.cfi_endproc
 248              	.LFE0:
 249              		.size	WordShifted_Start, .-WordShifted_Start
ARM GAS  C:\Users\EA527~1.IVA\AppData\Local\Temp\ccgQuQ5X.s 			page 12


 250              		.section	.text.WordShifted_StartEx,"ax",%progbits
 251              		.align	2
 252              		.global	WordShifted_StartEx
 253              		.thumb
 254              		.thumb_func
 255              		.type	WordShifted_StartEx, %function
 256              	WordShifted_StartEx:
 257              	.LFB1:
 111:Generated_Source\PSoC5/WordShifted.c ****     /* For all we know the interrupt is active. */
 258              		.loc 1 111 0
 259              		.cfi_startproc
 260              		@ args = 0, pretend = 0, frame = 0
 261              		@ frame_needed = 0, uses_anonymous_args = 0
 262              	.LVL11:
 263 0000 10B5     		push	{r4, lr}
 264              		.cfi_def_cfa_offset 8
 265              		.cfi_offset 4, -8
 266              		.cfi_offset 14, -4
 267 0002 0446     		mov	r4, r0
 113:Generated_Source\PSoC5/WordShifted.c **** 
 268              		.loc 1 113 0
 269 0004 FFF7FEFF 		bl	WordShifted_Disable
 270              	.LVL12:
 116:Generated_Source\PSoC5/WordShifted.c **** 
 271              		.loc 1 116 0
 272 0008 2046     		mov	r0, r4
 273 000a FFF7FEFF 		bl	WordShifted_SetVector
 274              	.LVL13:
 119:Generated_Source\PSoC5/WordShifted.c **** 
 275              		.loc 1 119 0
 276 000e 0420     		movs	r0, #4
 277 0010 FFF7FEFF 		bl	WordShifted_SetPriority
 278              	.LVL14:
 122:Generated_Source\PSoC5/WordShifted.c **** }
 279              		.loc 1 122 0
 280 0014 FFF7FEFF 		bl	WordShifted_Enable
 281              	.LVL15:
 282 0018 10BD     		pop	{r4, pc}
 283              		.cfi_endproc
 284              	.LFE1:
 285              		.size	WordShifted_StartEx, .-WordShifted_StartEx
 286 001a 00BF     		.section	.text.WordShifted_Stop,"ax",%progbits
 287              		.align	2
 288              		.global	WordShifted_Stop
 289              		.thumb
 290              		.thumb_func
 291              		.type	WordShifted_Stop, %function
 292              	WordShifted_Stop:
 293              	.LFB2:
 141:Generated_Source\PSoC5/WordShifted.c ****     /* Disable this interrupt. */
 294              		.loc 1 141 0
 295              		.cfi_startproc
 296              		@ args = 0, pretend = 0, frame = 0
 297              		@ frame_needed = 0, uses_anonymous_args = 0
 298 0000 08B5     		push	{r3, lr}
 299              		.cfi_def_cfa_offset 8
 300              		.cfi_offset 3, -8
ARM GAS  C:\Users\EA527~1.IVA\AppData\Local\Temp\ccgQuQ5X.s 			page 13


 301              		.cfi_offset 14, -4
 143:Generated_Source\PSoC5/WordShifted.c **** 
 302              		.loc 1 143 0
 303 0002 FFF7FEFF 		bl	WordShifted_Disable
 304              	.LVL16:
 146:Generated_Source\PSoC5/WordShifted.c **** }
 305              		.loc 1 146 0
 306 0006 0248     		ldr	r0, .L32
 307 0008 FFF7FEFF 		bl	WordShifted_SetVector
 308              	.LVL17:
 309 000c 08BD     		pop	{r3, pc}
 310              	.L33:
 311 000e 00BF     		.align	2
 312              	.L32:
 313 0010 00000000 		.word	IntDefaultHandler
 314              		.cfi_endproc
 315              	.LFE2:
 316              		.size	WordShifted_Stop, .-WordShifted_Stop
 317              		.section	.text.WordShifted_SetPending,"ax",%progbits
 318              		.align	2
 319              		.global	WordShifted_SetPending
 320              		.thumb
 321              		.thumb_func
 322              		.type	WordShifted_SetPending, %function
 323              	WordShifted_SetPending:
 324              	.LFB11:
 374:Generated_Source\PSoC5/WordShifted.c **** }
 375:Generated_Source\PSoC5/WordShifted.c **** 
 376:Generated_Source\PSoC5/WordShifted.c **** 
 377:Generated_Source\PSoC5/WordShifted.c **** /*******************************************************************************
 378:Generated_Source\PSoC5/WordShifted.c **** * Function Name: WordShifted_SetPending
 379:Generated_Source\PSoC5/WordShifted.c **** ********************************************************************************
 380:Generated_Source\PSoC5/WordShifted.c **** *
 381:Generated_Source\PSoC5/WordShifted.c **** * Summary:
 382:Generated_Source\PSoC5/WordShifted.c **** *   Causes the Interrupt to enter the pending state, a software method of
 383:Generated_Source\PSoC5/WordShifted.c **** *   generating the interrupt.
 384:Generated_Source\PSoC5/WordShifted.c **** *
 385:Generated_Source\PSoC5/WordShifted.c **** * Parameters:
 386:Generated_Source\PSoC5/WordShifted.c **** *   None
 387:Generated_Source\PSoC5/WordShifted.c **** *
 388:Generated_Source\PSoC5/WordShifted.c **** * Return:
 389:Generated_Source\PSoC5/WordShifted.c **** *   None
 390:Generated_Source\PSoC5/WordShifted.c **** *
 391:Generated_Source\PSoC5/WordShifted.c **** * Side Effects:
 392:Generated_Source\PSoC5/WordShifted.c **** *   If interrupts are enabled and the interrupt is set up properly, the ISR is
 393:Generated_Source\PSoC5/WordShifted.c **** *   entered (depending on the priority of this interrupt and other pending 
 394:Generated_Source\PSoC5/WordShifted.c **** *   interrupts).
 395:Generated_Source\PSoC5/WordShifted.c **** *
 396:Generated_Source\PSoC5/WordShifted.c **** *******************************************************************************/
 397:Generated_Source\PSoC5/WordShifted.c **** void WordShifted_SetPending(void)
 398:Generated_Source\PSoC5/WordShifted.c **** {
 325              		.loc 1 398 0
 326              		.cfi_startproc
 327              		@ args = 0, pretend = 0, frame = 0
 328              		@ frame_needed = 0, uses_anonymous_args = 0
 329              		@ link register save eliminated.
 399:Generated_Source\PSoC5/WordShifted.c ****     *WordShifted_INTC_SET_PD = WordShifted__INTC_MASK;
ARM GAS  C:\Users\EA527~1.IVA\AppData\Local\Temp\ccgQuQ5X.s 			page 14


 330              		.loc 1 399 0
 331 0000 0222     		movs	r2, #2
 332 0002 014B     		ldr	r3, .L35
 333 0004 1A60     		str	r2, [r3]
 334 0006 7047     		bx	lr
 335              	.L36:
 336              		.align	2
 337              	.L35:
 338 0008 00E200E0 		.word	-536813056
 339              		.cfi_endproc
 340              	.LFE11:
 341              		.size	WordShifted_SetPending, .-WordShifted_SetPending
 342              		.section	.text.WordShifted_ClearPending,"ax",%progbits
 343              		.align	2
 344              		.global	WordShifted_ClearPending
 345              		.thumb
 346              		.thumb_func
 347              		.type	WordShifted_ClearPending, %function
 348              	WordShifted_ClearPending:
 349              	.LFB12:
 400:Generated_Source\PSoC5/WordShifted.c **** }
 401:Generated_Source\PSoC5/WordShifted.c **** 
 402:Generated_Source\PSoC5/WordShifted.c **** 
 403:Generated_Source\PSoC5/WordShifted.c **** /*******************************************************************************
 404:Generated_Source\PSoC5/WordShifted.c **** * Function Name: WordShifted_ClearPending
 405:Generated_Source\PSoC5/WordShifted.c **** ********************************************************************************
 406:Generated_Source\PSoC5/WordShifted.c **** *
 407:Generated_Source\PSoC5/WordShifted.c **** * Summary:
 408:Generated_Source\PSoC5/WordShifted.c **** *   Clears a pending interrupt in the interrupt controller.
 409:Generated_Source\PSoC5/WordShifted.c **** *
 410:Generated_Source\PSoC5/WordShifted.c **** *   Note Some interrupt sources are clear-on-read and require the block 
 411:Generated_Source\PSoC5/WordShifted.c **** *   interrupt/status register to be read/cleared with the appropriate block API 
 412:Generated_Source\PSoC5/WordShifted.c **** *   (GPIO, UART, and so on). Otherwise the ISR will continue to remain in 
 413:Generated_Source\PSoC5/WordShifted.c **** *   pending state even though the interrupt itself is cleared using this API.
 414:Generated_Source\PSoC5/WordShifted.c **** *
 415:Generated_Source\PSoC5/WordShifted.c **** * Parameters:
 416:Generated_Source\PSoC5/WordShifted.c **** *   None
 417:Generated_Source\PSoC5/WordShifted.c **** *
 418:Generated_Source\PSoC5/WordShifted.c **** * Return:
 419:Generated_Source\PSoC5/WordShifted.c **** *   None
 420:Generated_Source\PSoC5/WordShifted.c **** *
 421:Generated_Source\PSoC5/WordShifted.c **** *******************************************************************************/
 422:Generated_Source\PSoC5/WordShifted.c **** void WordShifted_ClearPending(void)
 423:Generated_Source\PSoC5/WordShifted.c **** {
 350              		.loc 1 423 0
 351              		.cfi_startproc
 352              		@ args = 0, pretend = 0, frame = 0
 353              		@ frame_needed = 0, uses_anonymous_args = 0
 354              		@ link register save eliminated.
 424:Generated_Source\PSoC5/WordShifted.c ****     *WordShifted_INTC_CLR_PD = WordShifted__INTC_MASK;
 355              		.loc 1 424 0
 356 0000 0222     		movs	r2, #2
 357 0002 014B     		ldr	r3, .L38
 358 0004 1A60     		str	r2, [r3]
 359 0006 7047     		bx	lr
 360              	.L39:
 361              		.align	2
ARM GAS  C:\Users\EA527~1.IVA\AppData\Local\Temp\ccgQuQ5X.s 			page 15


 362              	.L38:
 363 0008 80E200E0 		.word	-536812928
 364              		.cfi_endproc
 365              	.LFE12:
 366              		.size	WordShifted_ClearPending, .-WordShifted_ClearPending
 367              		.section	.text.WordShifted_Interrupt,"ax",%progbits
 368              		.align	2
 369              		.global	WordShifted_Interrupt
 370              		.thumb
 371              		.thumb_func
 372              		.type	WordShifted_Interrupt, %function
 373              	WordShifted_Interrupt:
 374              	.LFB3:
 167:Generated_Source\PSoC5/WordShifted.c ****     #ifdef WordShifted_INTERRUPT_INTERRUPT_CALLBACK
 375              		.loc 1 167 0
 376              		.cfi_startproc
 377              		@ args = 0, pretend = 0, frame = 0
 378              		@ frame_needed = 0, uses_anonymous_args = 0
 379 0000 08B5     		push	{r3, lr}
 380              		.cfi_def_cfa_offset 8
 381              		.cfi_offset 3, -8
 382              		.cfi_offset 14, -4
 174:Generated_Source\PSoC5/WordShifted.c ****     tmp = RecieveShiftReg_SR_STATUS;
 383              		.loc 1 174 0
 384 0002 FFF7FEFF 		bl	WordShifted_ClearPending
 385              	.LVL18:
 175:Generated_Source\PSoC5/WordShifted.c **** //    while (RecieveShiftReg_OUT_FIFO_EMPTY != (RecieveShiftReg_SR_STATUS&RecieveShiftReg_OUT_FIFO_
 386              		.loc 1 175 0
 387 0006 134B     		ldr	r3, .L46
 388 0008 1A78     		ldrb	r2, [r3]	@ zero_extendqisi2
 389 000a 134B     		ldr	r3, .L46+4
 390 000c 1A60     		str	r2, [r3]
 177:Generated_Source\PSoC5/WordShifted.c ****         tmp = RecieveShiftReg_ReadData();
 391              		.loc 1 177 0
 392 000e 1AE0     		b	.L41
 393              	.L44:
 178:Generated_Source\PSoC5/WordShifted.c ****         if(first == 0) first = 1;
 394              		.loc 1 178 0
 395 0010 FFF7FEFF 		bl	RecieveShiftReg_ReadData
 396              	.LVL19:
 397 0014 104B     		ldr	r3, .L46+4
 398 0016 1860     		str	r0, [r3]
 179:Generated_Source\PSoC5/WordShifted.c ****         else {
 399              		.loc 1 179 0
 400 0018 104B     		ldr	r3, .L46+8
 401 001a 1B68     		ldr	r3, [r3]
 402 001c 1BB9     		cbnz	r3, .L42
 179:Generated_Source\PSoC5/WordShifted.c ****         else {
 403              		.loc 1 179 0 is_stmt 0 discriminator 1
 404 001e 0122     		movs	r2, #1
 405 0020 0E4B     		ldr	r3, .L46+8
 406 0022 1A60     		str	r2, [r3]
 407 0024 0BE0     		b	.L43
 408              	.L42:
 181:Generated_Source\PSoC5/WordShifted.c ****                 CountToRecieve--;
 409              		.loc 1 181 0 is_stmt 1
 410 0026 0E4B     		ldr	r3, .L46+12
ARM GAS  C:\Users\EA527~1.IVA\AppData\Local\Temp\ccgQuQ5X.s 			page 16


 411 0028 1B68     		ldr	r3, [r3]
 412 002a 43B1     		cbz	r3, .L43
 182:Generated_Source\PSoC5/WordShifted.c ****                 *(current_write++) = tmp;
 413              		.loc 1 182 0
 414 002c 0C4A     		ldr	r2, .L46+12
 415 002e 1368     		ldr	r3, [r2]
 416 0030 013B     		subs	r3, r3, #1
 417 0032 1360     		str	r3, [r2]
 183:Generated_Source\PSoC5/WordShifted.c ****             }
 418              		.loc 1 183 0
 419 0034 0B4A     		ldr	r2, .L46+16
 420 0036 1368     		ldr	r3, [r2]
 421 0038 191D     		adds	r1, r3, #4
 422 003a 1160     		str	r1, [r2]
 423 003c 1860     		str	r0, [r3]
 424              	.L43:
 186:Generated_Source\PSoC5/WordShifted.c ****     //}while (RecieveShiftReg_OUT_FIFO_EMPTY != (RecieveShiftReg_SR_STATUS&RecieveShiftReg_OUT_FIFO
 425              		.loc 1 186 0
 426 003e 054B     		ldr	r3, .L46
 427 0040 1A78     		ldrb	r2, [r3]	@ zero_extendqisi2
 428 0042 054B     		ldr	r3, .L46+4
 429 0044 1A60     		str	r2, [r3]
 430              	.L41:
 177:Generated_Source\PSoC5/WordShifted.c ****         tmp = RecieveShiftReg_ReadData();
 431              		.loc 1 177 0
 432 0046 044B     		ldr	r3, .L46+4
 433 0048 1B68     		ldr	r3, [r3]
 434 004a 13F0400F 		tst	r3, #64
 435 004e DFD1     		bne	.L44
 191:Generated_Source\PSoC5/WordShifted.c **** 
 436              		.loc 1 191 0
 437 0050 08BD     		pop	{r3, pc}
 438              	.L47:
 439 0052 00BF     		.align	2
 440              	.L46:
 441 0054 6A650040 		.word	1073767786
 442 0058 00000000 		.word	tmp
 443 005c 00000000 		.word	first
 444 0060 00000000 		.word	CountToRecieve
 445 0064 00000000 		.word	current_write
 446              		.cfi_endproc
 447              	.LFE3:
 448              		.size	WordShifted_Interrupt, .-WordShifted_Interrupt
 449              		.comm	tmp,4,4
 450              		.text
 451              	.Letext0:
 452              		.file 2 "Generated_Source\\PSoC5/cytypes.h"
 453              		.file 3 "./reciver.h"
 454              		.file 4 "./line_buf.h"
 455              		.file 5 "Generated_Source\\PSoC5/RecieveShiftReg.h"
 456              		.section	.debug_info,"",%progbits
 457              	.Ldebug_info0:
 458 0000 2D030000 		.4byte	0x32d
 459 0004 0400     		.2byte	0x4
 460 0006 00000000 		.4byte	.Ldebug_abbrev0
 461 000a 04       		.byte	0x4
 462 000b 01       		.uleb128 0x1
ARM GAS  C:\Users\EA527~1.IVA\AppData\Local\Temp\ccgQuQ5X.s 			page 17


 463 000c D1000000 		.4byte	.LASF37
 464 0010 0C       		.byte	0xc
 465 0011 8A010000 		.4byte	.LASF38
 466 0015 26000000 		.4byte	.LASF39
 467 0019 00000000 		.4byte	.Ldebug_ranges0+0
 468 001d 00000000 		.4byte	0
 469 0021 00000000 		.4byte	.Ldebug_line0
 470 0025 02       		.uleb128 0x2
 471 0026 04       		.byte	0x4
 472 0027 05       		.byte	0x5
 473 0028 696E7400 		.ascii	"int\000"
 474 002c 03       		.uleb128 0x3
 475 002d 04       		.byte	0x4
 476 002e 07       		.byte	0x7
 477 002f 0F020000 		.4byte	.LASF0
 478 0033 03       		.uleb128 0x3
 479 0034 08       		.byte	0x8
 480 0035 05       		.byte	0x5
 481 0036 8A020000 		.4byte	.LASF1
 482 003a 03       		.uleb128 0x3
 483 003b 08       		.byte	0x8
 484 003c 04       		.byte	0x4
 485 003d E3020000 		.4byte	.LASF2
 486 0041 03       		.uleb128 0x3
 487 0042 01       		.byte	0x1
 488 0043 06       		.byte	0x6
 489 0044 EF020000 		.4byte	.LASF3
 490 0048 03       		.uleb128 0x3
 491 0049 01       		.byte	0x1
 492 004a 08       		.byte	0x8
 493 004b C3000000 		.4byte	.LASF4
 494 004f 03       		.uleb128 0x3
 495 0050 02       		.byte	0x2
 496 0051 05       		.byte	0x5
 497 0052 AC020000 		.4byte	.LASF5
 498 0056 03       		.uleb128 0x3
 499 0057 02       		.byte	0x2
 500 0058 07       		.byte	0x7
 501 0059 81000000 		.4byte	.LASF6
 502 005d 03       		.uleb128 0x3
 503 005e 04       		.byte	0x4
 504 005f 05       		.byte	0x5
 505 0060 DA020000 		.4byte	.LASF7
 506 0064 03       		.uleb128 0x3
 507 0065 04       		.byte	0x4
 508 0066 07       		.byte	0x7
 509 0067 78010000 		.4byte	.LASF8
 510 006b 03       		.uleb128 0x3
 511 006c 08       		.byte	0x8
 512 006d 07       		.byte	0x7
 513 006e 46020000 		.4byte	.LASF9
 514 0072 03       		.uleb128 0x3
 515 0073 04       		.byte	0x4
 516 0074 07       		.byte	0x7
 517 0075 81020000 		.4byte	.LASF10
 518 0079 03       		.uleb128 0x3
 519 007a 01       		.byte	0x1
ARM GAS  C:\Users\EA527~1.IVA\AppData\Local\Temp\ccgQuQ5X.s 			page 18


 520 007b 08       		.byte	0x8
 521 007c 98020000 		.4byte	.LASF11
 522 0080 04       		.uleb128 0x4
 523 0081 04       		.byte	0x4
 524 0082 86000000 		.4byte	0x86
 525 0086 05       		.uleb128 0x5
 526 0087 06       		.uleb128 0x6
 527 0088 AF010000 		.4byte	.LASF12
 528 008c 02       		.byte	0x2
 529 008d E401     		.2byte	0x1e4
 530 008f 48000000 		.4byte	0x48
 531 0093 06       		.uleb128 0x6
 532 0094 08020000 		.4byte	.LASF13
 533 0098 02       		.byte	0x2
 534 0099 E601     		.2byte	0x1e6
 535 009b 64000000 		.4byte	0x64
 536 009f 03       		.uleb128 0x3
 537 00a0 04       		.byte	0x4
 538 00a1 04       		.byte	0x4
 539 00a2 AE000000 		.4byte	.LASF14
 540 00a6 03       		.uleb128 0x3
 541 00a7 08       		.byte	0x8
 542 00a8 04       		.byte	0x4
 543 00a9 E9010000 		.4byte	.LASF15
 544 00ad 06       		.uleb128 0x6
 545 00ae 5F010000 		.4byte	.LASF16
 546 00b2 02       		.byte	0x2
 547 00b3 8E02     		.2byte	0x28e
 548 00b5 B9000000 		.4byte	0xb9
 549 00b9 07       		.uleb128 0x7
 550 00ba 87000000 		.4byte	0x87
 551 00be 06       		.uleb128 0x6
 552 00bf 00000000 		.4byte	.LASF17
 553 00c3 02       		.byte	0x2
 554 00c4 9002     		.2byte	0x290
 555 00c6 CA000000 		.4byte	0xca
 556 00ca 07       		.uleb128 0x7
 557 00cb 93000000 		.4byte	0x93
 558 00cf 06       		.uleb128 0x6
 559 00d0 74020000 		.4byte	.LASF18
 560 00d4 02       		.byte	0x2
 561 00d5 A002     		.2byte	0x2a0
 562 00d7 80000000 		.4byte	0x80
 563 00db 08       		.uleb128 0x8
 564 00dc D3010000 		.4byte	.LASF20
 565 00e0 01       		.byte	0x1
 566 00e1 DD       		.byte	0xdd
 567 00e2 00000000 		.4byte	.LFB4
 568 00e6 0C000000 		.4byte	.LFE4-.LFB4
 569 00ea 01       		.uleb128 0x1
 570 00eb 9C       		.byte	0x9c
 571 00ec 0B010000 		.4byte	0x10b
 572 00f0 09       		.uleb128 0x9
 573 00f1 1E000000 		.4byte	.LASF22
 574 00f5 01       		.byte	0x1
 575 00f6 DD       		.byte	0xdd
 576 00f7 CF000000 		.4byte	0xcf
ARM GAS  C:\Users\EA527~1.IVA\AppData\Local\Temp\ccgQuQ5X.s 			page 19


 577 00fb 01       		.uleb128 0x1
 578 00fc 50       		.byte	0x50
 579 00fd 0A       		.uleb128 0xa
 580 00fe 9D020000 		.4byte	.LASF19
 581 0102 01       		.byte	0x1
 582 0103 DF       		.byte	0xdf
 583 0104 0B010000 		.4byte	0x10b
 584 0108 01       		.uleb128 0x1
 585 0109 53       		.byte	0x53
 586 010a 00       		.byte	0
 587 010b 04       		.uleb128 0x4
 588 010c 04       		.byte	0x4
 589 010d CF000000 		.4byte	0xcf
 590 0111 0B       		.uleb128 0xb
 591 0112 C4020000 		.4byte	.LASF24
 592 0116 01       		.byte	0x1
 593 0117 F5       		.byte	0xf5
 594 0118 CF000000 		.4byte	0xcf
 595 011c 00000000 		.4byte	.LFB5
 596 0120 0C000000 		.4byte	.LFE5-.LFB5
 597 0124 01       		.uleb128 0x1
 598 0125 9C       		.byte	0x9c
 599 0126 38010000 		.4byte	0x138
 600 012a 0A       		.uleb128 0xa
 601 012b 9D020000 		.4byte	.LASF19
 602 012f 01       		.byte	0x1
 603 0130 F7       		.byte	0xf7
 604 0131 0B010000 		.4byte	0x10b
 605 0135 01       		.uleb128 0x1
 606 0136 53       		.byte	0x53
 607 0137 00       		.byte	0
 608 0138 0C       		.uleb128 0xc
 609 0139 F0010000 		.4byte	.LASF21
 610 013d 01       		.byte	0x1
 611 013e 1701     		.2byte	0x117
 612 0140 00000000 		.4byte	.LFB6
 613 0144 10000000 		.4byte	.LFE6-.LFB6
 614 0148 01       		.uleb128 0x1
 615 0149 9C       		.byte	0x9c
 616 014a 5F010000 		.4byte	0x15f
 617 014e 0D       		.uleb128 0xd
 618 014f CA010000 		.4byte	.LASF23
 619 0153 01       		.byte	0x1
 620 0154 1701     		.2byte	0x117
 621 0156 87000000 		.4byte	0x87
 622 015a 00000000 		.4byte	.LLST0
 623 015e 00       		.byte	0
 624 015f 0E       		.uleb128 0xe
 625 0160 06000000 		.4byte	.LASF25
 626 0164 01       		.byte	0x1
 627 0165 2D01     		.2byte	0x12d
 628 0167 87000000 		.4byte	0x87
 629 016b 00000000 		.4byte	.LFB7
 630 016f 0C000000 		.4byte	.LFE7-.LFB7
 631 0173 01       		.uleb128 0x1
 632 0174 9C       		.byte	0x9c
 633 0175 8A010000 		.4byte	0x18a
ARM GAS  C:\Users\EA527~1.IVA\AppData\Local\Temp\ccgQuQ5X.s 			page 20


 634 0179 0F       		.uleb128 0xf
 635 017a CA010000 		.4byte	.LASF23
 636 017e 01       		.byte	0x1
 637 017f 2F01     		.2byte	0x12f
 638 0181 87000000 		.4byte	0x87
 639 0185 21000000 		.4byte	.LLST1
 640 0189 00       		.byte	0
 641 018a 10       		.uleb128 0x10
 642 018b 6E000000 		.4byte	.LASF26
 643 018f 01       		.byte	0x1
 644 0190 4801     		.2byte	0x148
 645 0192 00000000 		.4byte	.LFB8
 646 0196 0C000000 		.4byte	.LFE8-.LFB8
 647 019a 01       		.uleb128 0x1
 648 019b 9C       		.byte	0x9c
 649 019c 11       		.uleb128 0x11
 650 019d B5010000 		.4byte	.LASF40
 651 01a1 01       		.byte	0x1
 652 01a2 5D01     		.2byte	0x15d
 653 01a4 87000000 		.4byte	0x87
 654 01a8 00000000 		.4byte	.LFB9
 655 01ac 18000000 		.4byte	.LFE9-.LFB9
 656 01b0 01       		.uleb128 0x1
 657 01b1 9C       		.byte	0x9c
 658 01b2 10       		.uleb128 0x10
 659 01b3 9A000000 		.4byte	.LASF27
 660 01b7 01       		.byte	0x1
 661 01b8 7201     		.2byte	0x172
 662 01ba 00000000 		.4byte	.LFB10
 663 01be 0C000000 		.4byte	.LFE10-.LFB10
 664 01c2 01       		.uleb128 0x1
 665 01c3 9C       		.byte	0x9c
 666 01c4 08       		.uleb128 0x8
 667 01c5 2A030000 		.4byte	.LASF28
 668 01c9 01       		.byte	0x1
 669 01ca 43       		.byte	0x43
 670 01cb 00000000 		.4byte	.LFB0
 671 01cf 1C000000 		.4byte	.LFE0-.LFB0
 672 01d3 01       		.uleb128 0x1
 673 01d4 9C       		.byte	0x9c
 674 01d5 16020000 		.4byte	0x216
 675 01d9 12       		.uleb128 0x12
 676 01da 06000000 		.4byte	.LVL7
 677 01de B2010000 		.4byte	0x1b2
 678 01e2 13       		.uleb128 0x13
 679 01e3 0C000000 		.4byte	.LVL8
 680 01e7 DB000000 		.4byte	0xdb
 681 01eb F9010000 		.4byte	0x1f9
 682 01ef 14       		.uleb128 0x14
 683 01f0 01       		.uleb128 0x1
 684 01f1 50       		.byte	0x50
 685 01f2 05       		.uleb128 0x5
 686 01f3 03       		.byte	0x3
 687 01f4 00000000 		.4byte	WordShifted_Interrupt
 688 01f8 00       		.byte	0
 689 01f9 13       		.uleb128 0x13
 690 01fa 12000000 		.4byte	.LVL9
ARM GAS  C:\Users\EA527~1.IVA\AppData\Local\Temp\ccgQuQ5X.s 			page 21


 691 01fe 38010000 		.4byte	0x138
 692 0202 0C020000 		.4byte	0x20c
 693 0206 14       		.uleb128 0x14
 694 0207 01       		.uleb128 0x1
 695 0208 50       		.byte	0x50
 696 0209 01       		.uleb128 0x1
 697 020a 34       		.byte	0x34
 698 020b 00       		.byte	0
 699 020c 12       		.uleb128 0x12
 700 020d 16000000 		.4byte	.LVL10
 701 0211 8A010000 		.4byte	0x18a
 702 0215 00       		.byte	0
 703 0216 08       		.uleb128 0x8
 704 0217 64010000 		.4byte	.LASF29
 705 021b 01       		.byte	0x1
 706 021c 6E       		.byte	0x6e
 707 021d 00000000 		.4byte	.LFB1
 708 0221 1A000000 		.4byte	.LFE1-.LFB1
 709 0225 01       		.uleb128 0x1
 710 0226 9C       		.byte	0x9c
 711 0227 74020000 		.4byte	0x274
 712 022b 15       		.uleb128 0x15
 713 022c 1E000000 		.4byte	.LASF22
 714 0230 01       		.byte	0x1
 715 0231 6E       		.byte	0x6e
 716 0232 CF000000 		.4byte	0xcf
 717 0236 38000000 		.4byte	.LLST2
 718 023a 12       		.uleb128 0x12
 719 023b 08000000 		.4byte	.LVL12
 720 023f B2010000 		.4byte	0x1b2
 721 0243 13       		.uleb128 0x13
 722 0244 0E000000 		.4byte	.LVL13
 723 0248 DB000000 		.4byte	0xdb
 724 024c 57020000 		.4byte	0x257
 725 0250 14       		.uleb128 0x14
 726 0251 01       		.uleb128 0x1
 727 0252 50       		.byte	0x50
 728 0253 02       		.uleb128 0x2
 729 0254 74       		.byte	0x74
 730 0255 00       		.sleb128 0
 731 0256 00       		.byte	0
 732 0257 13       		.uleb128 0x13
 733 0258 14000000 		.4byte	.LVL14
 734 025c 38010000 		.4byte	0x138
 735 0260 6A020000 		.4byte	0x26a
 736 0264 14       		.uleb128 0x14
 737 0265 01       		.uleb128 0x1
 738 0266 50       		.byte	0x50
 739 0267 01       		.uleb128 0x1
 740 0268 34       		.byte	0x34
 741 0269 00       		.byte	0
 742 026a 12       		.uleb128 0x12
 743 026b 18000000 		.4byte	.LVL15
 744 026f 8A010000 		.4byte	0x18a
 745 0273 00       		.byte	0
 746 0274 08       		.uleb128 0x8
 747 0275 35020000 		.4byte	.LASF30
ARM GAS  C:\Users\EA527~1.IVA\AppData\Local\Temp\ccgQuQ5X.s 			page 22


 748 0279 01       		.byte	0x1
 749 027a 8C       		.byte	0x8c
 750 027b 00000000 		.4byte	.LFB2
 751 027f 14000000 		.4byte	.LFE2-.LFB2
 752 0283 01       		.uleb128 0x1
 753 0284 9C       		.byte	0x9c
 754 0285 9C020000 		.4byte	0x29c
 755 0289 12       		.uleb128 0x12
 756 028a 06000000 		.4byte	.LVL16
 757 028e B2010000 		.4byte	0x1b2
 758 0292 12       		.uleb128 0x12
 759 0293 0C000000 		.4byte	.LVL17
 760 0297 DB000000 		.4byte	0xdb
 761 029b 00       		.byte	0
 762 029c 10       		.uleb128 0x10
 763 029d 5D020000 		.4byte	.LASF31
 764 02a1 01       		.byte	0x1
 765 02a2 8D01     		.2byte	0x18d
 766 02a4 00000000 		.4byte	.LFB11
 767 02a8 0C000000 		.4byte	.LFE11-.LFB11
 768 02ac 01       		.uleb128 0x1
 769 02ad 9C       		.byte	0x9c
 770 02ae 10       		.uleb128 0x10
 771 02af 1C020000 		.4byte	.LASF32
 772 02b3 01       		.byte	0x1
 773 02b4 A601     		.2byte	0x1a6
 774 02b6 00000000 		.4byte	.LFB12
 775 02ba 0C000000 		.4byte	.LFE12-.LFB12
 776 02be 01       		.uleb128 0x1
 777 02bf 9C       		.byte	0x9c
 778 02c0 08       		.uleb128 0x8
 779 02c1 14030000 		.4byte	.LASF33
 780 02c5 01       		.byte	0x1
 781 02c6 A6       		.byte	0xa6
 782 02c7 00000000 		.4byte	.LFB3
 783 02cb 68000000 		.4byte	.LFE3-.LFB3
 784 02cf 01       		.uleb128 0x1
 785 02d0 9C       		.byte	0x9c
 786 02d1 E8020000 		.4byte	0x2e8
 787 02d5 12       		.uleb128 0x12
 788 02d6 06000000 		.4byte	.LVL18
 789 02da AE020000 		.4byte	0x2ae
 790 02de 12       		.uleb128 0x12
 791 02df 14000000 		.4byte	.LVL19
 792 02e3 25030000 		.4byte	0x325
 793 02e7 00       		.byte	0
 794 02e8 16       		.uleb128 0x16
 795 02e9 B4000000 		.4byte	.LASF34
 796 02ed 03       		.byte	0x3
 797 02ee 13       		.byte	0x13
 798 02ef F3020000 		.4byte	0x2f3
 799 02f3 07       		.uleb128 0x7
 800 02f4 2C000000 		.4byte	0x2c
 801 02f8 16       		.uleb128 0x16
 802 02f9 B6020000 		.4byte	.LASF35
 803 02fd 04       		.byte	0x4
 804 02fe 13       		.byte	0x13
ARM GAS  C:\Users\EA527~1.IVA\AppData\Local\Temp\ccgQuQ5X.s 			page 23


 805 02ff 03030000 		.4byte	0x303
 806 0303 04       		.uleb128 0x4
 807 0304 04       		.byte	0x4
 808 0305 CA000000 		.4byte	0xca
 809 0309 16       		.uleb128 0x16
 810 030a 94000000 		.4byte	.LASF36
 811 030e 01       		.byte	0x1
 812 030f 23       		.byte	0x23
 813 0310 F3020000 		.4byte	0x2f3
 814 0314 17       		.uleb128 0x17
 815 0315 746D7000 		.ascii	"tmp\000"
 816 0319 01       		.byte	0x1
 817 031a 24       		.byte	0x24
 818 031b 93000000 		.4byte	0x93
 819 031f 05       		.uleb128 0x5
 820 0320 03       		.byte	0x3
 821 0321 00000000 		.4byte	tmp
 822 0325 18       		.uleb128 0x18
 823 0326 FB020000 		.4byte	.LASF41
 824 032a FB020000 		.4byte	.LASF41
 825 032e 05       		.byte	0x5
 826 032f 53       		.byte	0x53
 827 0330 00       		.byte	0
 828              		.section	.debug_abbrev,"",%progbits
 829              	.Ldebug_abbrev0:
 830 0000 01       		.uleb128 0x1
 831 0001 11       		.uleb128 0x11
 832 0002 01       		.byte	0x1
 833 0003 25       		.uleb128 0x25
 834 0004 0E       		.uleb128 0xe
 835 0005 13       		.uleb128 0x13
 836 0006 0B       		.uleb128 0xb
 837 0007 03       		.uleb128 0x3
 838 0008 0E       		.uleb128 0xe
 839 0009 1B       		.uleb128 0x1b
 840 000a 0E       		.uleb128 0xe
 841 000b 55       		.uleb128 0x55
 842 000c 17       		.uleb128 0x17
 843 000d 11       		.uleb128 0x11
 844 000e 01       		.uleb128 0x1
 845 000f 10       		.uleb128 0x10
 846 0010 17       		.uleb128 0x17
 847 0011 00       		.byte	0
 848 0012 00       		.byte	0
 849 0013 02       		.uleb128 0x2
 850 0014 24       		.uleb128 0x24
 851 0015 00       		.byte	0
 852 0016 0B       		.uleb128 0xb
 853 0017 0B       		.uleb128 0xb
 854 0018 3E       		.uleb128 0x3e
 855 0019 0B       		.uleb128 0xb
 856 001a 03       		.uleb128 0x3
 857 001b 08       		.uleb128 0x8
 858 001c 00       		.byte	0
 859 001d 00       		.byte	0
 860 001e 03       		.uleb128 0x3
 861 001f 24       		.uleb128 0x24
ARM GAS  C:\Users\EA527~1.IVA\AppData\Local\Temp\ccgQuQ5X.s 			page 24


 862 0020 00       		.byte	0
 863 0021 0B       		.uleb128 0xb
 864 0022 0B       		.uleb128 0xb
 865 0023 3E       		.uleb128 0x3e
 866 0024 0B       		.uleb128 0xb
 867 0025 03       		.uleb128 0x3
 868 0026 0E       		.uleb128 0xe
 869 0027 00       		.byte	0
 870 0028 00       		.byte	0
 871 0029 04       		.uleb128 0x4
 872 002a 0F       		.uleb128 0xf
 873 002b 00       		.byte	0
 874 002c 0B       		.uleb128 0xb
 875 002d 0B       		.uleb128 0xb
 876 002e 49       		.uleb128 0x49
 877 002f 13       		.uleb128 0x13
 878 0030 00       		.byte	0
 879 0031 00       		.byte	0
 880 0032 05       		.uleb128 0x5
 881 0033 15       		.uleb128 0x15
 882 0034 00       		.byte	0
 883 0035 27       		.uleb128 0x27
 884 0036 19       		.uleb128 0x19
 885 0037 00       		.byte	0
 886 0038 00       		.byte	0
 887 0039 06       		.uleb128 0x6
 888 003a 16       		.uleb128 0x16
 889 003b 00       		.byte	0
 890 003c 03       		.uleb128 0x3
 891 003d 0E       		.uleb128 0xe
 892 003e 3A       		.uleb128 0x3a
 893 003f 0B       		.uleb128 0xb
 894 0040 3B       		.uleb128 0x3b
 895 0041 05       		.uleb128 0x5
 896 0042 49       		.uleb128 0x49
 897 0043 13       		.uleb128 0x13
 898 0044 00       		.byte	0
 899 0045 00       		.byte	0
 900 0046 07       		.uleb128 0x7
 901 0047 35       		.uleb128 0x35
 902 0048 00       		.byte	0
 903 0049 49       		.uleb128 0x49
 904 004a 13       		.uleb128 0x13
 905 004b 00       		.byte	0
 906 004c 00       		.byte	0
 907 004d 08       		.uleb128 0x8
 908 004e 2E       		.uleb128 0x2e
 909 004f 01       		.byte	0x1
 910 0050 3F       		.uleb128 0x3f
 911 0051 19       		.uleb128 0x19
 912 0052 03       		.uleb128 0x3
 913 0053 0E       		.uleb128 0xe
 914 0054 3A       		.uleb128 0x3a
 915 0055 0B       		.uleb128 0xb
 916 0056 3B       		.uleb128 0x3b
 917 0057 0B       		.uleb128 0xb
 918 0058 27       		.uleb128 0x27
ARM GAS  C:\Users\EA527~1.IVA\AppData\Local\Temp\ccgQuQ5X.s 			page 25


 919 0059 19       		.uleb128 0x19
 920 005a 11       		.uleb128 0x11
 921 005b 01       		.uleb128 0x1
 922 005c 12       		.uleb128 0x12
 923 005d 06       		.uleb128 0x6
 924 005e 40       		.uleb128 0x40
 925 005f 18       		.uleb128 0x18
 926 0060 9742     		.uleb128 0x2117
 927 0062 19       		.uleb128 0x19
 928 0063 01       		.uleb128 0x1
 929 0064 13       		.uleb128 0x13
 930 0065 00       		.byte	0
 931 0066 00       		.byte	0
 932 0067 09       		.uleb128 0x9
 933 0068 05       		.uleb128 0x5
 934 0069 00       		.byte	0
 935 006a 03       		.uleb128 0x3
 936 006b 0E       		.uleb128 0xe
 937 006c 3A       		.uleb128 0x3a
 938 006d 0B       		.uleb128 0xb
 939 006e 3B       		.uleb128 0x3b
 940 006f 0B       		.uleb128 0xb
 941 0070 49       		.uleb128 0x49
 942 0071 13       		.uleb128 0x13
 943 0072 02       		.uleb128 0x2
 944 0073 18       		.uleb128 0x18
 945 0074 00       		.byte	0
 946 0075 00       		.byte	0
 947 0076 0A       		.uleb128 0xa
 948 0077 34       		.uleb128 0x34
 949 0078 00       		.byte	0
 950 0079 03       		.uleb128 0x3
 951 007a 0E       		.uleb128 0xe
 952 007b 3A       		.uleb128 0x3a
 953 007c 0B       		.uleb128 0xb
 954 007d 3B       		.uleb128 0x3b
 955 007e 0B       		.uleb128 0xb
 956 007f 49       		.uleb128 0x49
 957 0080 13       		.uleb128 0x13
 958 0081 02       		.uleb128 0x2
 959 0082 18       		.uleb128 0x18
 960 0083 00       		.byte	0
 961 0084 00       		.byte	0
 962 0085 0B       		.uleb128 0xb
 963 0086 2E       		.uleb128 0x2e
 964 0087 01       		.byte	0x1
 965 0088 3F       		.uleb128 0x3f
 966 0089 19       		.uleb128 0x19
 967 008a 03       		.uleb128 0x3
 968 008b 0E       		.uleb128 0xe
 969 008c 3A       		.uleb128 0x3a
 970 008d 0B       		.uleb128 0xb
 971 008e 3B       		.uleb128 0x3b
 972 008f 0B       		.uleb128 0xb
 973 0090 27       		.uleb128 0x27
 974 0091 19       		.uleb128 0x19
 975 0092 49       		.uleb128 0x49
ARM GAS  C:\Users\EA527~1.IVA\AppData\Local\Temp\ccgQuQ5X.s 			page 26


 976 0093 13       		.uleb128 0x13
 977 0094 11       		.uleb128 0x11
 978 0095 01       		.uleb128 0x1
 979 0096 12       		.uleb128 0x12
 980 0097 06       		.uleb128 0x6
 981 0098 40       		.uleb128 0x40
 982 0099 18       		.uleb128 0x18
 983 009a 9742     		.uleb128 0x2117
 984 009c 19       		.uleb128 0x19
 985 009d 01       		.uleb128 0x1
 986 009e 13       		.uleb128 0x13
 987 009f 00       		.byte	0
 988 00a0 00       		.byte	0
 989 00a1 0C       		.uleb128 0xc
 990 00a2 2E       		.uleb128 0x2e
 991 00a3 01       		.byte	0x1
 992 00a4 3F       		.uleb128 0x3f
 993 00a5 19       		.uleb128 0x19
 994 00a6 03       		.uleb128 0x3
 995 00a7 0E       		.uleb128 0xe
 996 00a8 3A       		.uleb128 0x3a
 997 00a9 0B       		.uleb128 0xb
 998 00aa 3B       		.uleb128 0x3b
 999 00ab 05       		.uleb128 0x5
 1000 00ac 27       		.uleb128 0x27
 1001 00ad 19       		.uleb128 0x19
 1002 00ae 11       		.uleb128 0x11
 1003 00af 01       		.uleb128 0x1
 1004 00b0 12       		.uleb128 0x12
 1005 00b1 06       		.uleb128 0x6
 1006 00b2 40       		.uleb128 0x40
 1007 00b3 18       		.uleb128 0x18
 1008 00b4 9742     		.uleb128 0x2117
 1009 00b6 19       		.uleb128 0x19
 1010 00b7 01       		.uleb128 0x1
 1011 00b8 13       		.uleb128 0x13
 1012 00b9 00       		.byte	0
 1013 00ba 00       		.byte	0
 1014 00bb 0D       		.uleb128 0xd
 1015 00bc 05       		.uleb128 0x5
 1016 00bd 00       		.byte	0
 1017 00be 03       		.uleb128 0x3
 1018 00bf 0E       		.uleb128 0xe
 1019 00c0 3A       		.uleb128 0x3a
 1020 00c1 0B       		.uleb128 0xb
 1021 00c2 3B       		.uleb128 0x3b
 1022 00c3 05       		.uleb128 0x5
 1023 00c4 49       		.uleb128 0x49
 1024 00c5 13       		.uleb128 0x13
 1025 00c6 02       		.uleb128 0x2
 1026 00c7 17       		.uleb128 0x17
 1027 00c8 00       		.byte	0
 1028 00c9 00       		.byte	0
 1029 00ca 0E       		.uleb128 0xe
 1030 00cb 2E       		.uleb128 0x2e
 1031 00cc 01       		.byte	0x1
 1032 00cd 3F       		.uleb128 0x3f
ARM GAS  C:\Users\EA527~1.IVA\AppData\Local\Temp\ccgQuQ5X.s 			page 27


 1033 00ce 19       		.uleb128 0x19
 1034 00cf 03       		.uleb128 0x3
 1035 00d0 0E       		.uleb128 0xe
 1036 00d1 3A       		.uleb128 0x3a
 1037 00d2 0B       		.uleb128 0xb
 1038 00d3 3B       		.uleb128 0x3b
 1039 00d4 05       		.uleb128 0x5
 1040 00d5 27       		.uleb128 0x27
 1041 00d6 19       		.uleb128 0x19
 1042 00d7 49       		.uleb128 0x49
 1043 00d8 13       		.uleb128 0x13
 1044 00d9 11       		.uleb128 0x11
 1045 00da 01       		.uleb128 0x1
 1046 00db 12       		.uleb128 0x12
 1047 00dc 06       		.uleb128 0x6
 1048 00dd 40       		.uleb128 0x40
 1049 00de 18       		.uleb128 0x18
 1050 00df 9742     		.uleb128 0x2117
 1051 00e1 19       		.uleb128 0x19
 1052 00e2 01       		.uleb128 0x1
 1053 00e3 13       		.uleb128 0x13
 1054 00e4 00       		.byte	0
 1055 00e5 00       		.byte	0
 1056 00e6 0F       		.uleb128 0xf
 1057 00e7 34       		.uleb128 0x34
 1058 00e8 00       		.byte	0
 1059 00e9 03       		.uleb128 0x3
 1060 00ea 0E       		.uleb128 0xe
 1061 00eb 3A       		.uleb128 0x3a
 1062 00ec 0B       		.uleb128 0xb
 1063 00ed 3B       		.uleb128 0x3b
 1064 00ee 05       		.uleb128 0x5
 1065 00ef 49       		.uleb128 0x49
 1066 00f0 13       		.uleb128 0x13
 1067 00f1 02       		.uleb128 0x2
 1068 00f2 17       		.uleb128 0x17
 1069 00f3 00       		.byte	0
 1070 00f4 00       		.byte	0
 1071 00f5 10       		.uleb128 0x10
 1072 00f6 2E       		.uleb128 0x2e
 1073 00f7 00       		.byte	0
 1074 00f8 3F       		.uleb128 0x3f
 1075 00f9 19       		.uleb128 0x19
 1076 00fa 03       		.uleb128 0x3
 1077 00fb 0E       		.uleb128 0xe
 1078 00fc 3A       		.uleb128 0x3a
 1079 00fd 0B       		.uleb128 0xb
 1080 00fe 3B       		.uleb128 0x3b
 1081 00ff 05       		.uleb128 0x5
 1082 0100 27       		.uleb128 0x27
 1083 0101 19       		.uleb128 0x19
 1084 0102 11       		.uleb128 0x11
 1085 0103 01       		.uleb128 0x1
 1086 0104 12       		.uleb128 0x12
 1087 0105 06       		.uleb128 0x6
 1088 0106 40       		.uleb128 0x40
 1089 0107 18       		.uleb128 0x18
ARM GAS  C:\Users\EA527~1.IVA\AppData\Local\Temp\ccgQuQ5X.s 			page 28


 1090 0108 9742     		.uleb128 0x2117
 1091 010a 19       		.uleb128 0x19
 1092 010b 00       		.byte	0
 1093 010c 00       		.byte	0
 1094 010d 11       		.uleb128 0x11
 1095 010e 2E       		.uleb128 0x2e
 1096 010f 00       		.byte	0
 1097 0110 3F       		.uleb128 0x3f
 1098 0111 19       		.uleb128 0x19
 1099 0112 03       		.uleb128 0x3
 1100 0113 0E       		.uleb128 0xe
 1101 0114 3A       		.uleb128 0x3a
 1102 0115 0B       		.uleb128 0xb
 1103 0116 3B       		.uleb128 0x3b
 1104 0117 05       		.uleb128 0x5
 1105 0118 27       		.uleb128 0x27
 1106 0119 19       		.uleb128 0x19
 1107 011a 49       		.uleb128 0x49
 1108 011b 13       		.uleb128 0x13
 1109 011c 11       		.uleb128 0x11
 1110 011d 01       		.uleb128 0x1
 1111 011e 12       		.uleb128 0x12
 1112 011f 06       		.uleb128 0x6
 1113 0120 40       		.uleb128 0x40
 1114 0121 18       		.uleb128 0x18
 1115 0122 9742     		.uleb128 0x2117
 1116 0124 19       		.uleb128 0x19
 1117 0125 00       		.byte	0
 1118 0126 00       		.byte	0
 1119 0127 12       		.uleb128 0x12
 1120 0128 898201   		.uleb128 0x4109
 1121 012b 00       		.byte	0
 1122 012c 11       		.uleb128 0x11
 1123 012d 01       		.uleb128 0x1
 1124 012e 31       		.uleb128 0x31
 1125 012f 13       		.uleb128 0x13
 1126 0130 00       		.byte	0
 1127 0131 00       		.byte	0
 1128 0132 13       		.uleb128 0x13
 1129 0133 898201   		.uleb128 0x4109
 1130 0136 01       		.byte	0x1
 1131 0137 11       		.uleb128 0x11
 1132 0138 01       		.uleb128 0x1
 1133 0139 31       		.uleb128 0x31
 1134 013a 13       		.uleb128 0x13
 1135 013b 01       		.uleb128 0x1
 1136 013c 13       		.uleb128 0x13
 1137 013d 00       		.byte	0
 1138 013e 00       		.byte	0
 1139 013f 14       		.uleb128 0x14
 1140 0140 8A8201   		.uleb128 0x410a
 1141 0143 00       		.byte	0
 1142 0144 02       		.uleb128 0x2
 1143 0145 18       		.uleb128 0x18
 1144 0146 9142     		.uleb128 0x2111
 1145 0148 18       		.uleb128 0x18
 1146 0149 00       		.byte	0
ARM GAS  C:\Users\EA527~1.IVA\AppData\Local\Temp\ccgQuQ5X.s 			page 29


 1147 014a 00       		.byte	0
 1148 014b 15       		.uleb128 0x15
 1149 014c 05       		.uleb128 0x5
 1150 014d 00       		.byte	0
 1151 014e 03       		.uleb128 0x3
 1152 014f 0E       		.uleb128 0xe
 1153 0150 3A       		.uleb128 0x3a
 1154 0151 0B       		.uleb128 0xb
 1155 0152 3B       		.uleb128 0x3b
 1156 0153 0B       		.uleb128 0xb
 1157 0154 49       		.uleb128 0x49
 1158 0155 13       		.uleb128 0x13
 1159 0156 02       		.uleb128 0x2
 1160 0157 17       		.uleb128 0x17
 1161 0158 00       		.byte	0
 1162 0159 00       		.byte	0
 1163 015a 16       		.uleb128 0x16
 1164 015b 34       		.uleb128 0x34
 1165 015c 00       		.byte	0
 1166 015d 03       		.uleb128 0x3
 1167 015e 0E       		.uleb128 0xe
 1168 015f 3A       		.uleb128 0x3a
 1169 0160 0B       		.uleb128 0xb
 1170 0161 3B       		.uleb128 0x3b
 1171 0162 0B       		.uleb128 0xb
 1172 0163 49       		.uleb128 0x49
 1173 0164 13       		.uleb128 0x13
 1174 0165 3F       		.uleb128 0x3f
 1175 0166 19       		.uleb128 0x19
 1176 0167 3C       		.uleb128 0x3c
 1177 0168 19       		.uleb128 0x19
 1178 0169 00       		.byte	0
 1179 016a 00       		.byte	0
 1180 016b 17       		.uleb128 0x17
 1181 016c 34       		.uleb128 0x34
 1182 016d 00       		.byte	0
 1183 016e 03       		.uleb128 0x3
 1184 016f 08       		.uleb128 0x8
 1185 0170 3A       		.uleb128 0x3a
 1186 0171 0B       		.uleb128 0xb
 1187 0172 3B       		.uleb128 0x3b
 1188 0173 0B       		.uleb128 0xb
 1189 0174 49       		.uleb128 0x49
 1190 0175 13       		.uleb128 0x13
 1191 0176 3F       		.uleb128 0x3f
 1192 0177 19       		.uleb128 0x19
 1193 0178 02       		.uleb128 0x2
 1194 0179 18       		.uleb128 0x18
 1195 017a 00       		.byte	0
 1196 017b 00       		.byte	0
 1197 017c 18       		.uleb128 0x18
 1198 017d 2E       		.uleb128 0x2e
 1199 017e 00       		.byte	0
 1200 017f 3F       		.uleb128 0x3f
 1201 0180 19       		.uleb128 0x19
 1202 0181 3C       		.uleb128 0x3c
 1203 0182 19       		.uleb128 0x19
ARM GAS  C:\Users\EA527~1.IVA\AppData\Local\Temp\ccgQuQ5X.s 			page 30


 1204 0183 6E       		.uleb128 0x6e
 1205 0184 0E       		.uleb128 0xe
 1206 0185 03       		.uleb128 0x3
 1207 0186 0E       		.uleb128 0xe
 1208 0187 3A       		.uleb128 0x3a
 1209 0188 0B       		.uleb128 0xb
 1210 0189 3B       		.uleb128 0x3b
 1211 018a 0B       		.uleb128 0xb
 1212 018b 00       		.byte	0
 1213 018c 00       		.byte	0
 1214 018d 00       		.byte	0
 1215              		.section	.debug_loc,"",%progbits
 1216              	.Ldebug_loc0:
 1217              	.LLST0:
 1218 0000 00000000 		.4byte	.LVL3
 1219 0004 02000000 		.4byte	.LVL4
 1220 0008 0100     		.2byte	0x1
 1221 000a 50       		.byte	0x50
 1222 000b 02000000 		.4byte	.LVL4
 1223 000f 10000000 		.4byte	.LFE6
 1224 0013 0400     		.2byte	0x4
 1225 0015 F3       		.byte	0xf3
 1226 0016 01       		.uleb128 0x1
 1227 0017 50       		.byte	0x50
 1228 0018 9F       		.byte	0x9f
 1229 0019 00000000 		.4byte	0
 1230 001d 00000000 		.4byte	0
 1231              	.LLST1:
 1232 0021 04000000 		.4byte	.LVL5
 1233 0025 06000000 		.4byte	.LVL6
 1234 0029 0500     		.2byte	0x5
 1235 002b 70       		.byte	0x70
 1236 002c 00       		.sleb128 0
 1237 002d 35       		.byte	0x35
 1238 002e 25       		.byte	0x25
 1239 002f 9F       		.byte	0x9f
 1240 0030 00000000 		.4byte	0
 1241 0034 00000000 		.4byte	0
 1242              	.LLST2:
 1243 0038 00000000 		.4byte	.LVL11
 1244 003c 07000000 		.4byte	.LVL12-1
 1245 0040 0100     		.2byte	0x1
 1246 0042 50       		.byte	0x50
 1247 0043 07000000 		.4byte	.LVL12-1
 1248 0047 1A000000 		.4byte	.LFE1
 1249 004b 0100     		.2byte	0x1
 1250 004d 54       		.byte	0x54
 1251 004e 00000000 		.4byte	0
 1252 0052 00000000 		.4byte	0
 1253              		.section	.debug_aranges,"",%progbits
 1254 0000 7C000000 		.4byte	0x7c
 1255 0004 0200     		.2byte	0x2
 1256 0006 00000000 		.4byte	.Ldebug_info0
 1257 000a 04       		.byte	0x4
 1258 000b 00       		.byte	0
 1259 000c 0000     		.2byte	0
 1260 000e 0000     		.2byte	0
ARM GAS  C:\Users\EA527~1.IVA\AppData\Local\Temp\ccgQuQ5X.s 			page 31


 1261 0010 00000000 		.4byte	.LFB4
 1262 0014 0C000000 		.4byte	.LFE4-.LFB4
 1263 0018 00000000 		.4byte	.LFB5
 1264 001c 0C000000 		.4byte	.LFE5-.LFB5
 1265 0020 00000000 		.4byte	.LFB6
 1266 0024 10000000 		.4byte	.LFE6-.LFB6
 1267 0028 00000000 		.4byte	.LFB7
 1268 002c 0C000000 		.4byte	.LFE7-.LFB7
 1269 0030 00000000 		.4byte	.LFB8
 1270 0034 0C000000 		.4byte	.LFE8-.LFB8
 1271 0038 00000000 		.4byte	.LFB9
 1272 003c 18000000 		.4byte	.LFE9-.LFB9
 1273 0040 00000000 		.4byte	.LFB10
 1274 0044 0C000000 		.4byte	.LFE10-.LFB10
 1275 0048 00000000 		.4byte	.LFB0
 1276 004c 1C000000 		.4byte	.LFE0-.LFB0
 1277 0050 00000000 		.4byte	.LFB1
 1278 0054 1A000000 		.4byte	.LFE1-.LFB1
 1279 0058 00000000 		.4byte	.LFB2
 1280 005c 14000000 		.4byte	.LFE2-.LFB2
 1281 0060 00000000 		.4byte	.LFB11
 1282 0064 0C000000 		.4byte	.LFE11-.LFB11
 1283 0068 00000000 		.4byte	.LFB12
 1284 006c 0C000000 		.4byte	.LFE12-.LFB12
 1285 0070 00000000 		.4byte	.LFB3
 1286 0074 68000000 		.4byte	.LFE3-.LFB3
 1287 0078 00000000 		.4byte	0
 1288 007c 00000000 		.4byte	0
 1289              		.section	.debug_ranges,"",%progbits
 1290              	.Ldebug_ranges0:
 1291 0000 00000000 		.4byte	.LFB4
 1292 0004 0C000000 		.4byte	.LFE4
 1293 0008 00000000 		.4byte	.LFB5
 1294 000c 0C000000 		.4byte	.LFE5
 1295 0010 00000000 		.4byte	.LFB6
 1296 0014 10000000 		.4byte	.LFE6
 1297 0018 00000000 		.4byte	.LFB7
 1298 001c 0C000000 		.4byte	.LFE7
 1299 0020 00000000 		.4byte	.LFB8
 1300 0024 0C000000 		.4byte	.LFE8
 1301 0028 00000000 		.4byte	.LFB9
 1302 002c 18000000 		.4byte	.LFE9
 1303 0030 00000000 		.4byte	.LFB10
 1304 0034 0C000000 		.4byte	.LFE10
 1305 0038 00000000 		.4byte	.LFB0
 1306 003c 1C000000 		.4byte	.LFE0
 1307 0040 00000000 		.4byte	.LFB1
 1308 0044 1A000000 		.4byte	.LFE1
 1309 0048 00000000 		.4byte	.LFB2
 1310 004c 14000000 		.4byte	.LFE2
 1311 0050 00000000 		.4byte	.LFB11
 1312 0054 0C000000 		.4byte	.LFE11
 1313 0058 00000000 		.4byte	.LFB12
 1314 005c 0C000000 		.4byte	.LFE12
 1315 0060 00000000 		.4byte	.LFB3
 1316 0064 68000000 		.4byte	.LFE3
 1317 0068 00000000 		.4byte	0
ARM GAS  C:\Users\EA527~1.IVA\AppData\Local\Temp\ccgQuQ5X.s 			page 32


 1318 006c 00000000 		.4byte	0
 1319              		.section	.debug_line,"",%progbits
 1320              	.Ldebug_line0:
 1321 0000 7F010000 		.section	.debug_str,"MS",%progbits,1
 1321      02007C00 
 1321      00000201 
 1321      FB0E0D00 
 1321      01010101 
 1322              	.LASF17:
 1323 0000 72656733 		.ascii	"reg32\000"
 1323      3200
 1324              	.LASF25:
 1325 0006 576F7264 		.ascii	"WordShifted_GetPriority\000"
 1325      53686966 
 1325      7465645F 
 1325      47657450 
 1325      72696F72 
 1326              	.LASF22:
 1327 001e 61646472 		.ascii	"address\000"
 1327      65737300 
 1328              	.LASF39:
 1329 0026 433A5C55 		.ascii	"C:\\Users\\e.ivanov\\Documents\\GitHub\\adc\\Manche"
 1329      73657273 
 1329      5C652E69 
 1329      76616E6F 
 1329      765C446F 
 1330 0053 73746572 		.ascii	"ster encoder-decoder.cydsn\000"
 1330      20656E63 
 1330      6F646572 
 1330      2D646563 
 1330      6F646572 
 1331              	.LASF26:
 1332 006e 576F7264 		.ascii	"WordShifted_Enable\000"
 1332      53686966 
 1332      7465645F 
 1332      456E6162 
 1332      6C6500
 1333              	.LASF6:
 1334 0081 73686F72 		.ascii	"short unsigned int\000"
 1334      7420756E 
 1334      7369676E 
 1334      65642069 
 1334      6E7400
 1335              	.LASF36:
 1336 0094 66697273 		.ascii	"first\000"
 1336      7400
 1337              	.LASF27:
 1338 009a 576F7264 		.ascii	"WordShifted_Disable\000"
 1338      53686966 
 1338      7465645F 
 1338      44697361 
 1338      626C6500 
 1339              	.LASF14:
 1340 00ae 666C6F61 		.ascii	"float\000"
 1340      7400
 1341              	.LASF34:
 1342 00b4 436F756E 		.ascii	"CountToRecieve\000"
ARM GAS  C:\Users\EA527~1.IVA\AppData\Local\Temp\ccgQuQ5X.s 			page 33


 1342      74546F52 
 1342      65636965 
 1342      766500
 1343              	.LASF4:
 1344 00c3 756E7369 		.ascii	"unsigned char\000"
 1344      676E6564 
 1344      20636861 
 1344      7200
 1345              	.LASF37:
 1346 00d1 474E5520 		.ascii	"GNU C11 5.4.1 20160609 (release) [ARM/embedded-5-br"
 1346      43313120 
 1346      352E342E 
 1346      31203230 
 1346      31363036 
 1347 0104 616E6368 		.ascii	"anch revision 237715] -mcpu=cortex-m3 -mthumb -g -O"
 1347      20726576 
 1347      6973696F 
 1347      6E203233 
 1347      37373135 
 1348 0137 67202D66 		.ascii	"g -ffunction-sections -ffat-lto-objects\000"
 1348      66756E63 
 1348      74696F6E 
 1348      2D736563 
 1348      74696F6E 
 1349              	.LASF16:
 1350 015f 72656738 		.ascii	"reg8\000"
 1350      00
 1351              	.LASF29:
 1352 0164 576F7264 		.ascii	"WordShifted_StartEx\000"
 1352      53686966 
 1352      7465645F 
 1352      53746172 
 1352      74457800 
 1353              	.LASF8:
 1354 0178 6C6F6E67 		.ascii	"long unsigned int\000"
 1354      20756E73 
 1354      69676E65 
 1354      6420696E 
 1354      7400
 1355              	.LASF38:
 1356 018a 47656E65 		.ascii	"Generated_Source\\PSoC5\\WordShifted.c\000"
 1356      72617465 
 1356      645F536F 
 1356      75726365 
 1356      5C50536F 
 1357              	.LASF12:
 1358 01af 75696E74 		.ascii	"uint8\000"
 1358      3800
 1359              	.LASF40:
 1360 01b5 576F7264 		.ascii	"WordShifted_GetState\000"
 1360      53686966 
 1360      7465645F 
 1360      47657453 
 1360      74617465 
 1361              	.LASF23:
 1362 01ca 7072696F 		.ascii	"priority\000"
 1362      72697479 
ARM GAS  C:\Users\EA527~1.IVA\AppData\Local\Temp\ccgQuQ5X.s 			page 34


 1362      00
 1363              	.LASF20:
 1364 01d3 576F7264 		.ascii	"WordShifted_SetVector\000"
 1364      53686966 
 1364      7465645F 
 1364      53657456 
 1364      6563746F 
 1365              	.LASF15:
 1366 01e9 646F7562 		.ascii	"double\000"
 1366      6C6500
 1367              	.LASF21:
 1368 01f0 576F7264 		.ascii	"WordShifted_SetPriority\000"
 1368      53686966 
 1368      7465645F 
 1368      53657450 
 1368      72696F72 
 1369              	.LASF13:
 1370 0208 75696E74 		.ascii	"uint32\000"
 1370      333200
 1371              	.LASF0:
 1372 020f 756E7369 		.ascii	"unsigned int\000"
 1372      676E6564 
 1372      20696E74 
 1372      00
 1373              	.LASF32:
 1374 021c 576F7264 		.ascii	"WordShifted_ClearPending\000"
 1374      53686966 
 1374      7465645F 
 1374      436C6561 
 1374      7250656E 
 1375              	.LASF30:
 1376 0235 576F7264 		.ascii	"WordShifted_Stop\000"
 1376      53686966 
 1376      7465645F 
 1376      53746F70 
 1376      00
 1377              	.LASF9:
 1378 0246 6C6F6E67 		.ascii	"long long unsigned int\000"
 1378      206C6F6E 
 1378      6720756E 
 1378      7369676E 
 1378      65642069 
 1379              	.LASF31:
 1380 025d 576F7264 		.ascii	"WordShifted_SetPending\000"
 1380      53686966 
 1380      7465645F 
 1380      53657450 
 1380      656E6469 
 1381              	.LASF18:
 1382 0274 63796973 		.ascii	"cyisraddress\000"
 1382      72616464 
 1382      72657373 
 1382      00
 1383              	.LASF10:
 1384 0281 73697A65 		.ascii	"sizetype\000"
 1384      74797065 
 1384      00
ARM GAS  C:\Users\EA527~1.IVA\AppData\Local\Temp\ccgQuQ5X.s 			page 35


 1385              	.LASF1:
 1386 028a 6C6F6E67 		.ascii	"long long int\000"
 1386      206C6F6E 
 1386      6720696E 
 1386      7400
 1387              	.LASF11:
 1388 0298 63686172 		.ascii	"char\000"
 1388      00
 1389              	.LASF19:
 1390 029d 72616D56 		.ascii	"ramVectorTable\000"
 1390      6563746F 
 1390      72546162 
 1390      6C6500
 1391              	.LASF5:
 1392 02ac 73686F72 		.ascii	"short int\000"
 1392      7420696E 
 1392      7400
 1393              	.LASF35:
 1394 02b6 63757272 		.ascii	"current_write\000"
 1394      656E745F 
 1394      77726974 
 1394      6500
 1395              	.LASF24:
 1396 02c4 576F7264 		.ascii	"WordShifted_GetVector\000"
 1396      53686966 
 1396      7465645F 
 1396      47657456 
 1396      6563746F 
 1397              	.LASF7:
 1398 02da 6C6F6E67 		.ascii	"long int\000"
 1398      20696E74 
 1398      00
 1399              	.LASF2:
 1400 02e3 6C6F6E67 		.ascii	"long double\000"
 1400      20646F75 
 1400      626C6500 
 1401              	.LASF3:
 1402 02ef 7369676E 		.ascii	"signed char\000"
 1402      65642063 
 1402      68617200 
 1403              	.LASF41:
 1404 02fb 52656369 		.ascii	"RecieveShiftReg_ReadData\000"
 1404      65766553 
 1404      68696674 
 1404      5265675F 
 1404      52656164 
 1405              	.LASF33:
 1406 0314 576F7264 		.ascii	"WordShifted_Interrupt\000"
 1406      53686966 
 1406      7465645F 
 1406      496E7465 
 1406      72727570 
 1407              	.LASF28:
 1408 032a 576F7264 		.ascii	"WordShifted_Start\000"
 1408      53686966 
 1408      7465645F 
 1408      53746172 
ARM GAS  C:\Users\EA527~1.IVA\AppData\Local\Temp\ccgQuQ5X.s 			page 36


 1408      7400
 1409              		.ident	"GCC: (GNU Tools for ARM Embedded Processors) 5.4.1 20160609 (release) [ARM/embedded-5-bran
