#***************************************************************************

#sjplacer

#Version:            1.1

#Build Date:         Dec  5 2017 15:35:27

#File Generated:     Sep 15 2020 09:42:49

#Purpose:            

#Copyright (C) 2010-2011 by Softjin Technologies Pvt Ltd. All rights reserved.

#***************************************************************************

Executing : C:\Program Files (x86)\Cypress\PSoC Creator\4.2\PSoC Creator\bin/sjplacer.exe --proj-name Manchester encoder-decoder --netlist-vh2 Manchester encoder-decoder_p.vh2 --arch p35_udb4x6 --arch-file C:\Program Files (x86)\Cypress\PSoC Creator\4.2\PSoC Creator\dev\arch/udbdsi_4x6_24.cydata --ip-file C:\Program Files (x86)\Cypress\PSoC Creator\4.2\PSoC Creator\dev\psoc5/psoc5lp/ip_blocks.cydata --rrg-file C:\Program Files (x86)\Cypress\PSoC Creator\4.2\PSoC Creator\dev\psoc5/psoc5lp/route_arch-rrg.cydata --irq-file C:\Program Files (x86)\Cypress\PSoC Creator\4.2\PSoC Creator\dev\psoc5/psoc5lp/irqconn.cydata --drq-file C:\Program Files (x86)\Cypress\PSoC Creator\4.2\PSoC Creator\dev\psoc5/psoc5lp/dmaconn.cydata --dsi-conn-file C:\Program Files (x86)\Cypress\PSoC Creator\4.2\PSoC Creator\dev\psoc5/psoc5lp/dsiconn.cydata --pins-file pins_68-QFN.xml --lib-file Manchester encoder-decoder_p.lib --sdc-file Manchester encoder-decoder.sdc --io-pcf Manchester encoder-decoder.pci --outdir .

		Softjin Techologies Placer, Version 1.1

Build Date : Dec  5 2017	15:33:41

D2004: Option and Settings Summary
=============================================================
Netlist vh2 file          - Manchester encoder-decoder_p.vh2
Architecture file         - C:\Program Files (x86)\Cypress\PSoC Creator\4.2\PSoC Creator\dev\arch/udbdsi_4x6_24.cydata
Package                   - 
Defparam file             - 
SDC file                  - Manchester encoder-decoder.sdc
Output directory          - .
Timing library            - Manchester encoder-decoder_p.lib
IO Placement file         - Manchester encoder-decoder.pci

D2050: Starting reading inputs for placer
=============================================================
D2065: Reading netlist file : "Manchester encoder-decoder_p.vh2"
D2065: Reading arch file : "C:\Program Files (x86)\Cypress\PSoC Creator\4.2\PSoC Creator\dev\arch/udbdsi_4x6_24.cydata"
D2051: Reading of inputs for placer completed successfully

D2053: Starting placement of the design
=============================================================

Phase 2
Phase 3

Design Statistics after Packing
    Number of Combinational MCs 	:	35
    Number of Sequential MCs    	:	96
    Number of DPs               	:	19
    Number of Controls          	:	15
    Number of Status            	:	15
    Number of SyncCells         	:	1
    Number of count7cells       	:	2

Device Utilization Summary after Packing
    Macrocells                  :	131/192
    UDBS                        :	24/24
    IOs                         :	28/72


D2088: Phase 3, elapsed time : 0.0 (sec)

Phase 4
D2088: Phase 4, elapsed time : 0.0 (sec)

Phase 5
D2088: Phase 5, elapsed time : 0.0 (sec)

Phase 6

######################################################################
Placement Timing Summary

The timing summary is based on estimated routing delays after
placement. For final timing report, please carry out the timing
analysis after routing.
======================================================================

######################################################################
                     Clock Summary 
======================================================================
Number of clocks: 15
Clock: Clock_2              | Frequency: N/A       | Target:  36.0 MHz
Clock: Clock_2(routed)      | Frequency: N/A       | Target:  36.0 MHz
Clock: Clock_5              | Frequency:  44.7 MHz | Target:  36.0 MHz
Clock: Clock_9              | Frequency:  82.7 MHz | Target:  12.0 MHz
Clock: CyBUS_CLK            | Frequency:  26.2 MHz | Target:  72.0 MHz
Clock: CyBUS_CLK(fixed-function) | Frequency: N/A       | Target:  72.0 MHz
Clock: CyILO                | Frequency: N/A       | Target:   0.0 MHz
Clock: CyIMO                | Frequency: N/A       | Target:   3.0 MHz
Clock: CyMASTER_CLK         | Frequency:  89.2 MHz | Target:  72.0 MHz
Clock: CyPLL_OUT            | Frequency: N/A       | Target:  72.0 MHz
Clock: Mhz4_096/q           | Frequency:  34.3 MHz | Target:  18.0 MHz
Clock: SPIM_MEMS_IntClock   | Frequency:  58.9 MHz | Target:   2.0 MHz
Clock: SPI_ADC_IntClock     | Frequency:  50.8 MHz | Target:   2.0 MHz
Clock: \Boundary8bit:CounterHW\/tc | Frequency: N/A       | Target:  36.0 MHz
Clock: cydff_13/q           | Frequency: 107.0 MHz | Target:   9.0 MHz

======================================================================
                     End of Clock Summary
######################################################################

D2088: Phase 6, elapsed time : 0.2 (sec)

Phase 7
######################################################################
                     Clock Summary 
======================================================================
Number of clocks: 15
Clock: Clock_2              | Frequency: N/A       | Target:  36.0 MHz
Clock: Clock_2(routed)      | Frequency: N/A       | Target:  36.0 MHz
Clock: Clock_5              | Frequency:  42.6 MHz | Target:  36.0 MHz
Clock: Clock_9              | Frequency:  69.1 MHz | Target:  12.0 MHz
Clock: CyBUS_CLK            | Frequency:  27.2 MHz | Target:  72.0 MHz
Clock: CyBUS_CLK(fixed-function) | Frequency: N/A       | Target:  72.0 MHz
Clock: CyILO                | Frequency: N/A       | Target:   0.0 MHz
Clock: CyIMO                | Frequency: N/A       | Target:   3.0 MHz
Clock: CyMASTER_CLK         | Frequency:  80.1 MHz | Target:  72.0 MHz
Clock: CyPLL_OUT            | Frequency: N/A       | Target:  72.0 MHz
Clock: Mhz4_096/q           | Frequency:  36.8 MHz | Target:  18.0 MHz
Clock: SPIM_MEMS_IntClock   | Frequency:  53.1 MHz | Target:   2.0 MHz
Clock: SPI_ADC_IntClock     | Frequency:  49.3 MHz | Target:   2.0 MHz
Clock: \Boundary8bit:CounterHW\/tc | Frequency: N/A       | Target:  36.0 MHz
Clock: cydff_13/q           | Frequency: 101.0 MHz | Target:   9.0 MHz

======================================================================
                     End of Clock Summary
######################################################################
D2088: Phase 7, elapsed time : 2.6 (sec)

Final Design Statistics
    Number of Combinational MCs 	:	35
    Number of Sequential MCs    	:	96
    Number of DPs               	:	19
    Number of Controls          	:	15
    Number of Status            	:	15
    Number of SyncCells         	:	1
    Number of count7cells       	:	2
    Number of IOs       	:	28

Device Utilization Summary
    Macrocells                  :	131/192
    IOs                         :	28/72



######################################################################
Placement Timing Summary

The timing summary is based on estimated routing delays after
placement. For final timing report, please carry out the timing
analysis after routing.
======================================================================


######################################################################
                     Clock Summary 
======================================================================
Number of clocks: 15
Clock: Clock_2              | Frequency: N/A       | Target:  36.0 MHz
Clock: Clock_2(routed)      | Frequency: N/A       | Target:  36.0 MHz
Clock: Clock_5              | Frequency:  42.6 MHz | Target:  36.0 MHz
Clock: Clock_9              | Frequency:  69.1 MHz | Target:  12.0 MHz
Clock: CyBUS_CLK            | Frequency:  27.2 MHz | Target:  72.0 MHz
Clock: CyBUS_CLK(fixed-function) | Frequency: N/A       | Target:  72.0 MHz
Clock: CyILO                | Frequency: N/A       | Target:   0.0 MHz
Clock: CyIMO                | Frequency: N/A       | Target:   3.0 MHz
Clock: CyMASTER_CLK         | Frequency:  80.1 MHz | Target:  72.0 MHz
Clock: CyPLL_OUT            | Frequency: N/A       | Target:  72.0 MHz
Clock: Mhz4_096/q           | Frequency:  36.8 MHz | Target:  18.0 MHz
Clock: SPIM_MEMS_IntClock   | Frequency:  53.1 MHz | Target:   2.0 MHz
Clock: SPI_ADC_IntClock     | Frequency:  49.3 MHz | Target:   2.0 MHz
Clock: \Boundary8bit:CounterHW\/tc | Frequency: N/A       | Target:  36.0 MHz
Clock: cydff_13/q           | Frequency: 101.0 MHz | Target:   9.0 MHz

======================================================================
                     End of Clock Summary
######################################################################

Phase 6

######################################################################
Placement Timing Summary

The timing summary is based on estimated routing delays after
placement. For final timing report, please carry out the timing
analysis after routing.
======================================================================

######################################################################
                     Clock Summary 
======================================================================
Number of clocks: 15
Clock: Clock_2              | Frequency: N/A       | Target:  36.0 MHz
Clock: Clock_2(routed)      | Frequency: N/A       | Target:  36.0 MHz
Clock: Clock_5              | Frequency:  44.7 MHz | Target:  36.0 MHz
Clock: Clock_9              | Frequency:  82.7 MHz | Target:  12.0 MHz
Clock: CyBUS_CLK            | Frequency:  26.2 MHz | Target:  72.0 MHz
Clock: CyBUS_CLK(fixed-function) | Frequency: N/A       | Target:  72.0 MHz
Clock: CyILO                | Frequency: N/A       | Target:   0.0 MHz
Clock: CyIMO                | Frequency: N/A       | Target:   3.0 MHz
Clock: CyMASTER_CLK         | Frequency:  89.2 MHz | Target:  72.0 MHz
Clock: CyPLL_OUT            | Frequency: N/A       | Target:  72.0 MHz
Clock: Mhz4_096/q           | Frequency:  34.3 MHz | Target:  18.0 MHz
Clock: SPIM_MEMS_IntClock   | Frequency:  58.9 MHz | Target:   2.0 MHz
Clock: SPI_ADC_IntClock     | Frequency:  50.8 MHz | Target:   2.0 MHz
Clock: \Boundary8bit:CounterHW\/tc | Frequency: N/A       | Target:  36.0 MHz
Clock: cydff_13/q           | Frequency: 107.0 MHz | Target:   9.0 MHz

======================================================================
                     End of Clock Summary
######################################################################

D2088: Phase 6, elapsed time : 0.1 (sec)

Phase 7
######################################################################
                     Clock Summary 
======================================================================
Number of clocks: 15
Clock: Clock_2              | Frequency: N/A       | Target:  36.0 MHz
Clock: Clock_2(routed)      | Frequency: N/A       | Target:  36.0 MHz
Clock: Clock_5              | Frequency:  42.6 MHz | Target:  36.0 MHz
Clock: Clock_9              | Frequency:  88.7 MHz | Target:  12.0 MHz
Clock: CyBUS_CLK            | Frequency:  27.2 MHz | Target:  72.0 MHz
Clock: CyBUS_CLK(fixed-function) | Frequency: N/A       | Target:  72.0 MHz
Clock: CyILO                | Frequency: N/A       | Target:   0.0 MHz
Clock: CyIMO                | Frequency: N/A       | Target:   3.0 MHz
Clock: CyMASTER_CLK         | Frequency:  89.2 MHz | Target:  72.0 MHz
Clock: CyPLL_OUT            | Frequency: N/A       | Target:  72.0 MHz
Clock: Mhz4_096/q           | Frequency:  44.2 MHz | Target:  18.0 MHz
Clock: SPIM_MEMS_IntClock   | Frequency:  55.5 MHz | Target:   2.0 MHz
Clock: SPI_ADC_IntClock     | Frequency:  49.3 MHz | Target:   2.0 MHz
Clock: \Boundary8bit:CounterHW\/tc | Frequency: N/A       | Target:  36.0 MHz
Clock: cydff_13/q           | Frequency:  98.9 MHz | Target:   9.0 MHz

======================================================================
                     End of Clock Summary
######################################################################
D2088: Phase 7, elapsed time : 2.0 (sec)

Final Design Statistics
    Number of Combinational MCs 	:	35
    Number of Sequential MCs    	:	96
    Number of DPs               	:	19
    Number of Controls          	:	15
    Number of Status            	:	15
    Number of SyncCells         	:	1
    Number of count7cells       	:	2
    Number of IOs       	:	28

Device Utilization Summary
    Macrocells                  :	131/192
    IOs                         :	28/72



######################################################################
Placement Timing Summary

The timing summary is based on estimated routing delays after
placement. For final timing report, please carry out the timing
analysis after routing.
======================================================================


######################################################################
                     Clock Summary 
======================================================================
Number of clocks: 15
Clock: Clock_2              | Frequency: N/A       | Target:  36.0 MHz
Clock: Clock_2(routed)      | Frequency: N/A       | Target:  36.0 MHz
Clock: Clock_5              | Frequency:  42.6 MHz | Target:  36.0 MHz
Clock: Clock_9              | Frequency:  89.2 MHz | Target:  12.0 MHz
Clock: CyBUS_CLK            | Frequency:  27.2 MHz | Target:  72.0 MHz
Clock: CyBUS_CLK(fixed-function) | Frequency: N/A       | Target:  72.0 MHz
Clock: CyILO                | Frequency: N/A       | Target:   0.0 MHz
Clock: CyIMO                | Frequency: N/A       | Target:   3.0 MHz
Clock: CyMASTER_CLK         | Frequency:  89.2 MHz | Target:  72.0 MHz
Clock: CyPLL_OUT            | Frequency: N/A       | Target:  72.0 MHz
Clock: Mhz4_096/q           | Frequency:  47.2 MHz | Target:  18.0 MHz
Clock: SPIM_MEMS_IntClock   | Frequency:  62.5 MHz | Target:   2.0 MHz
Clock: SPI_ADC_IntClock     | Frequency:  50.3 MHz | Target:   2.0 MHz
Clock: \Boundary8bit:CounterHW\/tc | Frequency: N/A       | Target:  36.0 MHz
Clock: cydff_13/q           | Frequency: 315.5 MHz | Target:   9.0 MHz

======================================================================
                     End of Clock Summary
######################################################################

Phase 8
D2088: Phase 8, elapsed time : 0.0 (sec)

D2054: Placement of the design completed successfully

I2076: Total run-time: 6.0 sec.

