Loading plugins phase: Elapsed time ==> 0s.161ms
<CYPRESSTAG name="CyDsfit arguments...">
cydsfit arguments: -.fdsnotice -.fdswarpdepfile=warp_dependencies.txt -.fdselabdepfile=elab_dependencies.txt -.fdsbldfile=generated_files.txt -.fdsreffile=referenced_files.txt -p C:\Users\e.ivanov\Documents\GitHub\time_src\branch\Manchester encoder-decoder.cydsn\UART_Full_Duplex01.cydsn\UART_Full_Duplex01.cyprj -d CY8C5888LTI-LP097 -s C:\Users\e.ivanov\Documents\GitHub\time_src\branch\Manchester encoder-decoder.cydsn\UART_Full_Duplex01.cydsn\Generated_Source\PSoC5 -- -yv2 -q10 -ygs -o2 -v3 -.fftcfgtype=LE
</CYPRESSTAG>
<CYPRESSTAG name="Design elaboration results...">
</CYPRESSTAG>
Elaboration phase: Elapsed time ==> 1s.232ms
<CYPRESSTAG name="HDL generation results...">
</CYPRESSTAG>
HDL generation phase: Elapsed time ==> 0s.020ms
<CYPRESSTAG name="Synthesis results...">

     | | | | | | |
   _________________
  -|               |-
  -|               |-
  -|               |-
  -|    CYPRESS    |-
  -|               |-
  -|               |-   Warp Verilog Synthesis Compiler: Version 6.3 IR 41
  -|               |-   Copyright (C) 1991-2001 Cypress Semiconductor
   |_______________|
     | | | | | | |

======================================================================
Compiling:  UART_Full_Duplex01.v
Program  :   C:\Program Files (x86)\Cypress\PSoC Creator\4.2\PSoC Creator\warp\bin\warp.exe
Options  :    -yv2 -q10 -ygs -o2 -v3 -.fftcfgtype=LE -ya -.fftprj=C:\Users\e.ivanov\Documents\GitHub\time_src\branch\Manchester encoder-decoder.cydsn\UART_Full_Duplex01.cydsn\UART_Full_Duplex01.cyprj -dcpsoc3 UART_Full_Duplex01.v -verilog
======================================================================

======================================================================
Compiling:  UART_Full_Duplex01.v
Program  :   C:\Program Files (x86)\Cypress\PSoC Creator\4.2\PSoC Creator\warp\bin\warp.exe
Options  :    -yv2 -q10 -ygs -o2 -v3 -.fftcfgtype=LE -ya -.fftprj=C:\Users\e.ivanov\Documents\GitHub\time_src\branch\Manchester encoder-decoder.cydsn\UART_Full_Duplex01.cydsn\UART_Full_Duplex01.cyprj -dcpsoc3 UART_Full_Duplex01.v -verilog
======================================================================

======================================================================
Compiling:  UART_Full_Duplex01.v
Program  :   vlogfe
Options  :    -yv2 -q10 -ygs -o2 -v3 -.fftcfgtype=LE -ya -.fftprj=C:\Users\e.ivanov\Documents\GitHub\time_src\branch\Manchester encoder-decoder.cydsn\UART_Full_Duplex01.cydsn\UART_Full_Duplex01.cyprj -dcpsoc3 -verilog UART_Full_Duplex01.v
======================================================================

vlogfe V6.3 IR 41:  Verilog parser
Wed Mar 11 12:19:04 2020


======================================================================
Compiling:  UART_Full_Duplex01.v
Program  :   vpp
Options  :    -yv2 -q10 UART_Full_Duplex01.v
======================================================================

vpp V6.3 IR 41:  Verilog Pre-Processor
Wed Mar 11 12:19:04 2020

Flattening file 'C:\Program Files (x86)\Cypress\PSoC Creator\4.2\PSoC Creator\psoc\content\CyPrimitives\cyprimitives.cylib\cy_virtualmux_v1_0\cy_virtualmux_v1_0.v'
Flattening file 'C:\Program Files (x86)\Cypress\PSoC Creator\4.2\PSoC Creator\psoc\content\CyComponentLibrary\CyComponentLibrary.cylib\B_UART_v2_50\B_UART_v2_50.v'
Flattening file 'C:\Program Files (x86)\Cypress\PSoC Creator\4.2\PSoC Creator\warp\lib\common\cypress.v'
Flattening file 'C:\Program Files (x86)\Cypress\PSoC Creator\4.2\PSoC Creator\warp\lib\common\cy_psoc3_inc.v'

vpp:  No errors.

Library 'work' => directory 'lcpsoc3'
General_symbol_table
General_symbol_table
Linking 'C:\Program Files (x86)\Cypress\PSoC Creator\4.2\PSoC Creator\warp\lib\common\std.vhd'.
Linking 'C:\Program Files (x86)\Cypress\PSoC Creator\4.2\PSoC Creator\warp\lib\common\cypress.vhd'.
Linking 'C:\Program Files (x86)\Cypress\PSoC Creator\4.2\PSoC Creator\warp\lib\common\work\cypress.vif'.
Linking 'C:\Program Files (x86)\Cypress\PSoC Creator\4.2\PSoC Creator\warp\lib\ieee\work\stdlogic.vif'.
Linking 'C:\Program Files (x86)\Cypress\PSoC Creator\4.2\PSoC Creator\warp\lib\common\stdlogic\lpmpkg.vif'.
Linking 'C:\Program Files (x86)\Cypress\PSoC Creator\4.2\PSoC Creator\warp\lib\common\stdlogic\rtlpkg.vif'.
Linking 'C:\Program Files (x86)\Cypress\PSoC Creator\4.2\PSoC Creator\warp\lib\common\stdlogic\mod_cnst.vif'.
Linking 'C:\Program Files (x86)\Cypress\PSoC Creator\4.2\PSoC Creator\warp\lib\common\stdlogic\mod_mthv.vif'.
Linking 'C:\Program Files (x86)\Cypress\PSoC Creator\4.2\PSoC Creator\warp\lib\common\stdlogic\mod_genv.vif'.
Using control file 'UART_Full_Duplex01.ctl'.
C:\Program Files (x86)\Cypress\PSoC Creator\4.2\PSoC Creator\psoc\content\CyComponentLibrary\CyComponentLibrary.cylib\B_UART_v2_50\B_UART_v2_50.v (line 1113, col 55):  Note: Substituting module 'add_vv_vv' for '+'.
C:\Program Files (x86)\Cypress\PSoC Creator\4.2\PSoC Creator\psoc\content\CyComponentLibrary\CyComponentLibrary.cylib\B_UART_v2_50\B_UART_v2_50.v (line 1122, col 48):  Note: Substituting module 'cmp_vv_vv' for '<'.
C:\Program Files (x86)\Cypress\PSoC Creator\4.2\PSoC Creator\psoc\content\CyComponentLibrary\CyComponentLibrary.cylib\B_UART_v2_50\B_UART_v2_50.v (line 1122, col 77):  Note: Substituting module 'cmp_vv_vv' for '<'.
C:\Program Files (x86)\Cypress\PSoC Creator\4.2\PSoC Creator\psoc\content\CyComponentLibrary\CyComponentLibrary.cylib\B_UART_v2_50\B_UART_v2_50.v (line 1389, col 59):  Note: Substituting module 'cmp_vv_vv' for '<'.
C:\Program Files (x86)\Cypress\PSoC Creator\4.2\PSoC Creator\psoc\content\CyComponentLibrary\CyComponentLibrary.cylib\B_UART_v2_50\B_UART_v2_50.v (line 1424, col 61):  Note: Substituting module 'cmp_vv_vv' for '/='.
C:\Program Files (x86)\Cypress\PSoC Creator\4.2\PSoC Creator\psoc\content\CyComponentLibrary\CyComponentLibrary.cylib\B_UART_v2_50\B_UART_v2_50.v (line 1547, col 106):  Note: Substituting module 'cmp_vv_vv' for '<'.
C:\Program Files (x86)\Cypress\PSoC Creator\4.2\PSoC Creator\psoc\content\CyComponentLibrary\CyComponentLibrary.cylib\B_UART_v2_50\B_UART_v2_50.v (line 1603, col 68):  Note: Substituting module 'cmp_vv_vv' for '<'.
C:\Program Files (x86)\Cypress\PSoC Creator\4.2\PSoC Creator\psoc\content\CyComponentLibrary\CyComponentLibrary.cylib\B_UART_v2_50\B_UART_v2_50.v (line 1604, col 68):  Note: Substituting module 'cmp_vv_vv' for '<'.
Linking 'C:\Program Files (x86)\Cypress\PSoC Creator\4.2\PSoC Creator\warp\lib\common\stdlogic\cy_psoc3pkg.vif'.
Linking 'C:\Program Files (x86)\Cypress\PSoC Creator\4.2\PSoC Creator\warp\lib\common\stdlogic\cy_psoc3.vif'.

vlogfe:  No errors.


======================================================================
Compiling:  UART_Full_Duplex01.v
Program  :   tovif
Options  :    -yv2 -q10 -ygs -o2 -v3 -.fftcfgtype=LE -ya -.fftprj=C:\Users\e.ivanov\Documents\GitHub\time_src\branch\Manchester encoder-decoder.cydsn\UART_Full_Duplex01.cydsn\UART_Full_Duplex01.cyprj -dcpsoc3 -verilog UART_Full_Duplex01.v
======================================================================

tovif V6.3 IR 41:  High-level synthesis
Wed Mar 11 12:19:04 2020

Linking 'C:\Program Files (x86)\Cypress\PSoC Creator\4.2\PSoC Creator\warp\lib\common\std.vhd'.
Linking 'C:\Program Files (x86)\Cypress\PSoC Creator\4.2\PSoC Creator\warp\lib\common\cypress.vhd'.
Linking 'C:\Program Files (x86)\Cypress\PSoC Creator\4.2\PSoC Creator\warp\lib\common\work\cypress.vif'.
Linking 'C:\Program Files (x86)\Cypress\PSoC Creator\4.2\PSoC Creator\warp\lib\ieee\work\stdlogic.vif'.
Linking 'C:\Program Files (x86)\Cypress\PSoC Creator\4.2\PSoC Creator\warp\lib\common\stdlogic\lpmpkg.vif'.
Linking 'C:\Program Files (x86)\Cypress\PSoC Creator\4.2\PSoC Creator\warp\lib\common\stdlogic\rtlpkg.vif'.
Linking 'C:\Program Files (x86)\Cypress\PSoC Creator\4.2\PSoC Creator\warp\lib\common\stdlogic\mod_cnst.vif'.
Linking 'C:\Program Files (x86)\Cypress\PSoC Creator\4.2\PSoC Creator\warp\lib\common\stdlogic\mod_mthv.vif'.
Linking 'C:\Program Files (x86)\Cypress\PSoC Creator\4.2\PSoC Creator\warp\lib\common\stdlogic\mod_genv.vif'.
Linking 'C:\Users\e.ivanov\Documents\GitHub\time_src\branch\Manchester encoder-decoder.cydsn\UART_Full_Duplex01.cydsn\codegentemp\UART_Full_Duplex01.ctl'.
Linking 'C:\Program Files (x86)\Cypress\PSoC Creator\4.2\PSoC Creator\psoc\content\CyPrimitives\cyprimitives.cylib\cy_virtualmux_v1_0\cy_virtualmux_v1_0.v'.
Linking 'C:\Users\e.ivanov\Documents\GitHub\time_src\branch\Manchester encoder-decoder.cydsn\UART_Full_Duplex01.cydsn\codegentemp\UART_Full_Duplex01.v'.
Linking 'C:\Program Files (x86)\Cypress\PSoC Creator\4.2\PSoC Creator\psoc\content\CyComponentLibrary\CyComponentLibrary.cylib\B_UART_v2_50\B_UART_v2_50.v'.
Linking 'C:\Program Files (x86)\Cypress\PSoC Creator\4.2\PSoC Creator\warp\lib\common\cypress.v'.
Linking 'C:\Program Files (x86)\Cypress\PSoC Creator\4.2\PSoC Creator\warp\lib\common\cy_psoc3_inc.v'.
Linking 'C:\Program Files (x86)\Cypress\PSoC Creator\4.2\PSoC Creator\warp\lib\common\stdlogic\cy_psoc3pkg.vif'.
Linking 'C:\Program Files (x86)\Cypress\PSoC Creator\4.2\PSoC Creator\warp\lib\common\stdlogic\cy_psoc3.vif'.
Linking 'C:\Program Files (x86)\Cypress\PSoC Creator\4.2\PSoC Creator\warp\lib\lcpsoc3\stdlogic\mod_cnst.vif'.
Linking 'C:\Program Files (x86)\Cypress\PSoC Creator\4.2\PSoC Creator\warp\lib\common\stdlogic\mcompare.vif'.

tovif:  No errors.


======================================================================
Compiling:  UART_Full_Duplex01.v
Program  :   topld
Options  :    -yv2 -q10 -ygs -o2 -v3 -.fftcfgtype=LE -ya -.fftprj=C:\Users\e.ivanov\Documents\GitHub\time_src\branch\Manchester encoder-decoder.cydsn\UART_Full_Duplex01.cydsn\UART_Full_Duplex01.cyprj -dcpsoc3 -verilog UART_Full_Duplex01.v
======================================================================

topld V6.3 IR 41:  Synthesis and optimization
Wed Mar 11 12:19:05 2020

Linking 'C:\Program Files (x86)\Cypress\PSoC Creator\4.2\PSoC Creator\warp\lib\common\std.vhd'.
Linking 'C:\Program Files (x86)\Cypress\PSoC Creator\4.2\PSoC Creator\warp\lib\common\cypress.vhd'.
Linking 'C:\Program Files (x86)\Cypress\PSoC Creator\4.2\PSoC Creator\warp\lib\common\work\cypress.vif'.
Linking 'C:\Program Files (x86)\Cypress\PSoC Creator\4.2\PSoC Creator\warp\lib\ieee\work\stdlogic.vif'.
Linking 'C:\Program Files (x86)\Cypress\PSoC Creator\4.2\PSoC Creator\warp\lib\common\stdlogic\lpmpkg.vif'.
Linking 'C:\Program Files (x86)\Cypress\PSoC Creator\4.2\PSoC Creator\warp\lib\common\stdlogic\rtlpkg.vif'.
Linking 'C:\Program Files (x86)\Cypress\PSoC Creator\4.2\PSoC Creator\warp\lib\common\stdlogic\mod_cnst.vif'.
Linking 'C:\Program Files (x86)\Cypress\PSoC Creator\4.2\PSoC Creator\warp\lib\common\stdlogic\mod_mthv.vif'.
Linking 'C:\Program Files (x86)\Cypress\PSoC Creator\4.2\PSoC Creator\warp\lib\common\stdlogic\mod_genv.vif'.
Linking 'C:\Users\e.ivanov\Documents\GitHub\time_src\branch\Manchester encoder-decoder.cydsn\UART_Full_Duplex01.cydsn\codegentemp\UART_Full_Duplex01.ctl'.
Linking 'C:\Program Files (x86)\Cypress\PSoC Creator\4.2\PSoC Creator\psoc\content\CyPrimitives\cyprimitives.cylib\cy_virtualmux_v1_0\cy_virtualmux_v1_0.v'.
Linking 'C:\Users\e.ivanov\Documents\GitHub\time_src\branch\Manchester encoder-decoder.cydsn\UART_Full_Duplex01.cydsn\codegentemp\UART_Full_Duplex01.v'.
Linking 'C:\Program Files (x86)\Cypress\PSoC Creator\4.2\PSoC Creator\psoc\content\CyComponentLibrary\CyComponentLibrary.cylib\B_UART_v2_50\B_UART_v2_50.v'.
Linking 'C:\Program Files (x86)\Cypress\PSoC Creator\4.2\PSoC Creator\warp\lib\common\cypress.v'.
Linking 'C:\Program Files (x86)\Cypress\PSoC Creator\4.2\PSoC Creator\warp\lib\common\cy_psoc3_inc.v'.
Linking 'C:\Program Files (x86)\Cypress\PSoC Creator\4.2\PSoC Creator\warp\lib\common\stdlogic\cy_psoc3pkg.vif'.
Linking 'C:\Program Files (x86)\Cypress\PSoC Creator\4.2\PSoC Creator\warp\lib\common\stdlogic\cy_psoc3.vif'.
Linking 'C:\Program Files (x86)\Cypress\PSoC Creator\4.2\PSoC Creator\warp\lib\lcpsoc3\stdlogic\mod_cnst.vif'.
Linking 'C:\Program Files (x86)\Cypress\PSoC Creator\4.2\PSoC Creator\warp\lib\common\stdlogic\mcompare.vif'.
Linking 'C:\Program Files (x86)\Cypress\PSoC Creator\4.2\PSoC Creator\warp\lib\lcpsoc3\stdlogic\cpsoc3.vif'.

----------------------------------------------------------
Detecting unused logic.
----------------------------------------------------------
    User names
	\UART:BUART:reset_sr\
	Net_103
	\UART:BUART:sRX:s23Poll:MODULE_1:g2:a0:b_1\
	\UART:BUART:sRX:s23Poll:MODULE_1:g2:a0:b_0\
	\UART:BUART:sRX:s23Poll:MODULE_2:g2:a0:gta_0\
	\UART:BUART:sRX:s23Poll:MODULE_3:g2:a0:gta_0\
	Net_98
	\UART:BUART:sRX:MODULE_4:g2:a0:gta_0\
	\UART:BUART:sRX:MODULE_5:g1:a0:gx:u0:albi_1\
	\UART:BUART:sRX:MODULE_5:g1:a0:gx:u0:agbi_1\
	\UART:BUART:sRX:MODULE_5:g1:a0:gx:u0:lt_0\
	\UART:BUART:sRX:MODULE_5:g1:a0:gx:u0:gt_0\
	\UART:BUART:sRX:MODULE_5:g1:a0:gx:u0:lti_0\
	\UART:BUART:sRX:MODULE_5:g1:a0:gx:u0:gti_0\
	\UART:BUART:sRX:MODULE_5:g1:a0:gx:u0:albi_0\
	\UART:BUART:sRX:MODULE_5:g1:a0:gx:u0:agbi_0\
	\UART:BUART:sRX:MODULE_5:g1:a0:xeq\
	\UART:BUART:sRX:MODULE_5:g1:a0:xlt\
	\UART:BUART:sRX:MODULE_5:g1:a0:xlte\
	\UART:BUART:sRX:MODULE_5:g1:a0:xgt\
	\UART:BUART:sRX:MODULE_5:g1:a0:xgte\
	\UART:BUART:sRX:MODULE_5:lt\
	\UART:BUART:sRX:MODULE_5:eq\
	\UART:BUART:sRX:MODULE_5:gt\
	\UART:BUART:sRX:MODULE_5:gte\
	\UART:BUART:sRX:MODULE_5:lte\


Deleted 26 User equations/components.
Deleted 0 Synthesized equations/components.

------------------------------------------------------
Alias Detection
------------------------------------------------------
Aliasing \UART:BUART:HalfDuplexSend\ to \UART:BUART:tx_hd_send_break\
Aliasing \UART:BUART:FinalParityType_1\ to \UART:BUART:tx_hd_send_break\
Aliasing \UART:BUART:FinalParityType_0\ to \UART:BUART:tx_hd_send_break\
Aliasing \UART:BUART:FinalAddrMode_2\ to \UART:BUART:tx_hd_send_break\
Aliasing \UART:BUART:FinalAddrMode_1\ to \UART:BUART:tx_hd_send_break\
Aliasing \UART:BUART:FinalAddrMode_0\ to \UART:BUART:tx_hd_send_break\
Aliasing \UART:BUART:tx_ctrl_mark\ to \UART:BUART:tx_hd_send_break\
Aliasing zero to \UART:BUART:tx_hd_send_break\
Aliasing \UART:BUART:tx_status_6\ to \UART:BUART:tx_hd_send_break\
Aliasing \UART:BUART:tx_status_5\ to \UART:BUART:tx_hd_send_break\
Aliasing \UART:BUART:tx_status_4\ to \UART:BUART:tx_hd_send_break\
Aliasing \UART:BUART:rx_count7_bit8_wire\ to \UART:BUART:tx_hd_send_break\
Aliasing \UART:BUART:sRX:s23Poll:MODULE_1:g2:a0:g1:z1:s0:g1:u0:b_0\ to one
Aliasing \UART:BUART:sRX:s23Poll:MODIN2_1\ to \UART:BUART:sRX:s23Poll:MODIN1_1\
Aliasing \UART:BUART:sRX:s23Poll:MODIN2_0\ to \UART:BUART:sRX:s23Poll:MODIN1_0\
Aliasing \UART:BUART:sRX:s23Poll:MODULE_2:g2:a0:newb_1\ to \UART:BUART:tx_hd_send_break\
Aliasing \UART:BUART:sRX:s23Poll:MODULE_2:g2:a0:newb_0\ to one
Aliasing \UART:BUART:sRX:s23Poll:MODIN3_1\ to \UART:BUART:sRX:s23Poll:MODIN1_1\
Aliasing \UART:BUART:sRX:s23Poll:MODIN3_0\ to \UART:BUART:sRX:s23Poll:MODIN1_0\
Aliasing \UART:BUART:sRX:s23Poll:MODULE_3:g2:a0:newb_1\ to one
Aliasing \UART:BUART:sRX:s23Poll:MODULE_3:g2:a0:newb_0\ to \UART:BUART:tx_hd_send_break\
Aliasing \UART:BUART:rx_status_1\ to \UART:BUART:tx_hd_send_break\
Aliasing \UART:BUART:sRX:MODULE_4:g2:a0:newa_6\ to \UART:BUART:tx_hd_send_break\
Aliasing \UART:BUART:sRX:MODULE_4:g2:a0:newa_5\ to \UART:BUART:tx_hd_send_break\
Aliasing \UART:BUART:sRX:MODULE_4:g2:a0:newa_4\ to \UART:BUART:tx_hd_send_break\
Aliasing \UART:BUART:sRX:MODULE_4:g2:a0:newb_6\ to \UART:BUART:tx_hd_send_break\
Aliasing \UART:BUART:sRX:MODULE_4:g2:a0:newb_5\ to \UART:BUART:tx_hd_send_break\
Aliasing \UART:BUART:sRX:MODULE_4:g2:a0:newb_4\ to \UART:BUART:tx_hd_send_break\
Aliasing \UART:BUART:sRX:MODULE_4:g2:a0:newb_3\ to \UART:BUART:tx_hd_send_break\
Aliasing \UART:BUART:sRX:MODULE_4:g2:a0:newb_2\ to one
Aliasing \UART:BUART:sRX:MODULE_4:g2:a0:newb_1\ to one
Aliasing \UART:BUART:sRX:MODULE_4:g2:a0:newb_0\ to \UART:BUART:tx_hd_send_break\
Aliasing \UART:BUART:sRX:MODULE_5:g1:a0:gx:u0:aeqb_0\ to one
Aliasing tmpOE__LED_net_0 to one
Aliasing tmpOE__SW2_net_0 to one
Aliasing tmpOE__Rx_net_0 to one
Aliasing tmpOE__Tx_net_0 to one
Aliasing \UART:BUART:reset_reg\\D\ to \UART:BUART:tx_hd_send_break\
Aliasing \UART:BUART:rx_break_status\\D\ to \UART:BUART:tx_hd_send_break\
Removing Lhs of wire \UART:Net_61\[2] = \UART:Net_9\[1]
Removing Lhs of wire \UART:BUART:HalfDuplexSend\[8] = \UART:BUART:tx_hd_send_break\[7]
Removing Lhs of wire \UART:BUART:FinalParityType_1\[9] = \UART:BUART:tx_hd_send_break\[7]
Removing Lhs of wire \UART:BUART:FinalParityType_0\[10] = \UART:BUART:tx_hd_send_break\[7]
Removing Lhs of wire \UART:BUART:FinalAddrMode_2\[11] = \UART:BUART:tx_hd_send_break\[7]
Removing Lhs of wire \UART:BUART:FinalAddrMode_1\[12] = \UART:BUART:tx_hd_send_break\[7]
Removing Lhs of wire \UART:BUART:FinalAddrMode_0\[13] = \UART:BUART:tx_hd_send_break\[7]
Removing Lhs of wire \UART:BUART:tx_ctrl_mark\[14] = \UART:BUART:tx_hd_send_break\[7]
Removing Rhs of wire Net_104[21] = \UART:BUART:rx_interrupt_out\[22]
Removing Rhs of wire \UART:BUART:tx_bitclk_enable_pre\[26] = \UART:BUART:tx_bitclk_dp\[63]
Removing Rhs of wire zero[27] = \UART:BUART:tx_hd_send_break\[7]
Removing Lhs of wire \UART:BUART:tx_counter_tc\[73] = \UART:BUART:tx_counter_dp\[64]
Removing Lhs of wire \UART:BUART:tx_status_6\[74] = zero[27]
Removing Lhs of wire \UART:BUART:tx_status_5\[75] = zero[27]
Removing Lhs of wire \UART:BUART:tx_status_4\[76] = zero[27]
Removing Lhs of wire \UART:BUART:tx_status_1\[78] = \UART:BUART:tx_fifo_empty\[41]
Removing Lhs of wire \UART:BUART:tx_status_3\[80] = \UART:BUART:tx_fifo_notfull\[40]
Removing Lhs of wire \UART:BUART:rx_count7_bit8_wire\[140] = zero[27]
Removing Lhs of wire \UART:BUART:sRX:s23Poll:add_vv_vv_MODGEN_1_1\[148] = \UART:BUART:sRX:s23Poll:MODULE_1:g2:a0:s_1\[159]
Removing Lhs of wire \UART:BUART:sRX:s23Poll:add_vv_vv_MODGEN_1_0\[150] = \UART:BUART:sRX:s23Poll:MODULE_1:g2:a0:s_0\[160]
Removing Lhs of wire \UART:BUART:sRX:s23Poll:cmp_vv_vv_MODGEN_2\[151] = \UART:BUART:sRX:s23Poll:MODULE_2:g2:a0:lta_0\[176]
Removing Lhs of wire \UART:BUART:sRX:s23Poll:cmp_vv_vv_MODGEN_3\[152] = \UART:BUART:sRX:s23Poll:MODULE_3:g2:a0:lta_0\[190]
Removing Lhs of wire \UART:BUART:sRX:s23Poll:MODULE_1:g2:a0:a_1\[153] = \UART:BUART:sRX:s23Poll:MODIN1_1\[154]
Removing Lhs of wire \UART:BUART:sRX:s23Poll:MODIN1_1\[154] = \UART:BUART:pollcount_1\[146]
Removing Lhs of wire \UART:BUART:sRX:s23Poll:MODULE_1:g2:a0:a_0\[155] = \UART:BUART:sRX:s23Poll:MODIN1_0\[156]
Removing Lhs of wire \UART:BUART:sRX:s23Poll:MODIN1_0\[156] = \UART:BUART:pollcount_0\[149]
Removing Lhs of wire \UART:BUART:sRX:s23Poll:MODULE_1:g2:a0:g1:z1:s0:g1:u0:c_0\[162] = one[4]
Removing Lhs of wire \UART:BUART:sRX:s23Poll:MODULE_1:g2:a0:g1:z1:s0:g1:u0:b_0\[163] = one[4]
Removing Lhs of wire \UART:BUART:sRX:s23Poll:MODULE_2:g2:a0:newa_1\[164] = \UART:BUART:pollcount_1\[146]
Removing Lhs of wire \UART:BUART:sRX:s23Poll:MODIN2_1\[165] = \UART:BUART:pollcount_1\[146]
Removing Lhs of wire \UART:BUART:sRX:s23Poll:MODULE_2:g2:a0:newa_0\[166] = \UART:BUART:pollcount_0\[149]
Removing Lhs of wire \UART:BUART:sRX:s23Poll:MODIN2_0\[167] = \UART:BUART:pollcount_0\[149]
Removing Lhs of wire \UART:BUART:sRX:s23Poll:MODULE_2:g2:a0:newb_1\[168] = zero[27]
Removing Lhs of wire \UART:BUART:sRX:s23Poll:MODULE_2:g2:a0:newb_0\[169] = one[4]
Removing Lhs of wire \UART:BUART:sRX:s23Poll:MODULE_2:g2:a0:dataa_1\[170] = \UART:BUART:pollcount_1\[146]
Removing Lhs of wire \UART:BUART:sRX:s23Poll:MODULE_2:g2:a0:dataa_0\[171] = \UART:BUART:pollcount_0\[149]
Removing Lhs of wire \UART:BUART:sRX:s23Poll:MODULE_2:g2:a0:datab_1\[172] = zero[27]
Removing Lhs of wire \UART:BUART:sRX:s23Poll:MODULE_2:g2:a0:datab_0\[173] = one[4]
Removing Lhs of wire \UART:BUART:sRX:s23Poll:MODULE_3:g2:a0:newa_1\[178] = \UART:BUART:pollcount_1\[146]
Removing Lhs of wire \UART:BUART:sRX:s23Poll:MODIN3_1\[179] = \UART:BUART:pollcount_1\[146]
Removing Lhs of wire \UART:BUART:sRX:s23Poll:MODULE_3:g2:a0:newa_0\[180] = \UART:BUART:pollcount_0\[149]
Removing Lhs of wire \UART:BUART:sRX:s23Poll:MODIN3_0\[181] = \UART:BUART:pollcount_0\[149]
Removing Lhs of wire \UART:BUART:sRX:s23Poll:MODULE_3:g2:a0:newb_1\[182] = one[4]
Removing Lhs of wire \UART:BUART:sRX:s23Poll:MODULE_3:g2:a0:newb_0\[183] = zero[27]
Removing Lhs of wire \UART:BUART:sRX:s23Poll:MODULE_3:g2:a0:dataa_1\[184] = \UART:BUART:pollcount_1\[146]
Removing Lhs of wire \UART:BUART:sRX:s23Poll:MODULE_3:g2:a0:dataa_0\[185] = \UART:BUART:pollcount_0\[149]
Removing Lhs of wire \UART:BUART:sRX:s23Poll:MODULE_3:g2:a0:datab_1\[186] = one[4]
Removing Lhs of wire \UART:BUART:sRX:s23Poll:MODULE_3:g2:a0:datab_0\[187] = zero[27]
Removing Lhs of wire \UART:BUART:rx_status_1\[194] = zero[27]
Removing Rhs of wire \UART:BUART:rx_status_2\[195] = \UART:BUART:rx_parity_error_status\[196]
Removing Rhs of wire \UART:BUART:rx_status_3\[197] = \UART:BUART:rx_stop_bit_error\[198]
Removing Lhs of wire \UART:BUART:sRX:cmp_vv_vv_MODGEN_4\[208] = \UART:BUART:sRX:MODULE_4:g2:a0:lta_0\[257]
Removing Lhs of wire \UART:BUART:sRX:cmp_vv_vv_MODGEN_5\[212] = \UART:BUART:sRX:MODULE_5:g1:a0:xneq\[279]
Removing Lhs of wire \UART:BUART:sRX:MODULE_4:g2:a0:newa_6\[213] = zero[27]
Removing Lhs of wire \UART:BUART:sRX:MODULE_4:g2:a0:newa_5\[214] = zero[27]
Removing Lhs of wire \UART:BUART:sRX:MODULE_4:g2:a0:newa_4\[215] = zero[27]
Removing Lhs of wire \UART:BUART:sRX:MODULE_4:g2:a0:newa_3\[216] = \UART:BUART:sRX:MODIN4_6\[217]
Removing Lhs of wire \UART:BUART:sRX:MODIN4_6\[217] = \UART:BUART:rx_count_6\[135]
Removing Lhs of wire \UART:BUART:sRX:MODULE_4:g2:a0:newa_2\[218] = \UART:BUART:sRX:MODIN4_5\[219]
Removing Lhs of wire \UART:BUART:sRX:MODIN4_5\[219] = \UART:BUART:rx_count_5\[136]
Removing Lhs of wire \UART:BUART:sRX:MODULE_4:g2:a0:newa_1\[220] = \UART:BUART:sRX:MODIN4_4\[221]
Removing Lhs of wire \UART:BUART:sRX:MODIN4_4\[221] = \UART:BUART:rx_count_4\[137]
Removing Lhs of wire \UART:BUART:sRX:MODULE_4:g2:a0:newa_0\[222] = \UART:BUART:sRX:MODIN4_3\[223]
Removing Lhs of wire \UART:BUART:sRX:MODIN4_3\[223] = \UART:BUART:rx_count_3\[138]
Removing Lhs of wire \UART:BUART:sRX:MODULE_4:g2:a0:newb_6\[224] = zero[27]
Removing Lhs of wire \UART:BUART:sRX:MODULE_4:g2:a0:newb_5\[225] = zero[27]
Removing Lhs of wire \UART:BUART:sRX:MODULE_4:g2:a0:newb_4\[226] = zero[27]
Removing Lhs of wire \UART:BUART:sRX:MODULE_4:g2:a0:newb_3\[227] = zero[27]
Removing Lhs of wire \UART:BUART:sRX:MODULE_4:g2:a0:newb_2\[228] = one[4]
Removing Lhs of wire \UART:BUART:sRX:MODULE_4:g2:a0:newb_1\[229] = one[4]
Removing Lhs of wire \UART:BUART:sRX:MODULE_4:g2:a0:newb_0\[230] = zero[27]
Removing Lhs of wire \UART:BUART:sRX:MODULE_4:g2:a0:dataa_6\[231] = zero[27]
Removing Lhs of wire \UART:BUART:sRX:MODULE_4:g2:a0:dataa_5\[232] = zero[27]
Removing Lhs of wire \UART:BUART:sRX:MODULE_4:g2:a0:dataa_4\[233] = zero[27]
Removing Lhs of wire \UART:BUART:sRX:MODULE_4:g2:a0:dataa_3\[234] = \UART:BUART:rx_count_6\[135]
Removing Lhs of wire \UART:BUART:sRX:MODULE_4:g2:a0:dataa_2\[235] = \UART:BUART:rx_count_5\[136]
Removing Lhs of wire \UART:BUART:sRX:MODULE_4:g2:a0:dataa_1\[236] = \UART:BUART:rx_count_4\[137]
Removing Lhs of wire \UART:BUART:sRX:MODULE_4:g2:a0:dataa_0\[237] = \UART:BUART:rx_count_3\[138]
Removing Lhs of wire \UART:BUART:sRX:MODULE_4:g2:a0:datab_6\[238] = zero[27]
Removing Lhs of wire \UART:BUART:sRX:MODULE_4:g2:a0:datab_5\[239] = zero[27]
Removing Lhs of wire \UART:BUART:sRX:MODULE_4:g2:a0:datab_4\[240] = zero[27]
Removing Lhs of wire \UART:BUART:sRX:MODULE_4:g2:a0:datab_3\[241] = zero[27]
Removing Lhs of wire \UART:BUART:sRX:MODULE_4:g2:a0:datab_2\[242] = one[4]
Removing Lhs of wire \UART:BUART:sRX:MODULE_4:g2:a0:datab_1\[243] = one[4]
Removing Lhs of wire \UART:BUART:sRX:MODULE_4:g2:a0:datab_0\[244] = zero[27]
Removing Lhs of wire \UART:BUART:sRX:MODULE_5:g1:a0:newa_0\[259] = \UART:BUART:rx_postpoll\[94]
Removing Lhs of wire \UART:BUART:sRX:MODULE_5:g1:a0:newb_0\[260] = \UART:BUART:rx_parity_bit\[211]
Removing Lhs of wire \UART:BUART:sRX:MODULE_5:g1:a0:dataa_0\[261] = \UART:BUART:rx_postpoll\[94]
Removing Lhs of wire \UART:BUART:sRX:MODULE_5:g1:a0:datab_0\[262] = \UART:BUART:rx_parity_bit\[211]
Removing Lhs of wire \UART:BUART:sRX:MODULE_5:g1:a0:gx:u0:a_0\[263] = \UART:BUART:rx_postpoll\[94]
Removing Lhs of wire \UART:BUART:sRX:MODULE_5:g1:a0:gx:u0:b_0\[264] = \UART:BUART:rx_parity_bit\[211]
Removing Lhs of wire \UART:BUART:sRX:MODULE_5:g1:a0:gx:u0:aeqb_0\[266] = one[4]
Removing Lhs of wire \UART:BUART:sRX:MODULE_5:g1:a0:gx:u0:eq_0\[267] = \UART:BUART:sRX:MODULE_5:g1:a0:gx:u0:xnor_array_0\[265]
Removing Lhs of wire \UART:BUART:sRX:MODULE_5:g1:a0:gx:u0:eqi_0\[268] = \UART:BUART:sRX:MODULE_5:g1:a0:gx:u0:xnor_array_0\[265]
Removing Lhs of wire tmpOE__LED_net_0[295] = one[4]
Removing Lhs of wire tmpOE__SW2_net_0[306] = one[4]
Removing Lhs of wire tmpOE__Rx_net_0[312] = one[4]
Removing Lhs of wire tmpOE__Tx_net_0[317] = one[4]
Removing Lhs of wire \UART:BUART:reset_reg\\D\[323] = zero[27]
Removing Lhs of wire \UART:BUART:rx_bitclk\\D\[338] = \UART:BUART:rx_bitclk_pre\[129]
Removing Lhs of wire \UART:BUART:rx_parity_error_pre\\D\[347] = \UART:BUART:rx_parity_error_pre\[206]
Removing Lhs of wire \UART:BUART:rx_break_status\\D\[348] = zero[27]

------------------------------------------------------
Aliased 0 equations, 102 wires.
------------------------------------------------------

----------------------------------------------------------
Circuit simplification
----------------------------------------------------------

Substituting virtuals - pass 1:

Note:  Expanding virtual equation for 'one' (cost = 0):
one <=  ('1') ;

Note:  Expanding virtual equation for 'zero' (cost = 0):
zero <=  ('0') ;

Note:  Expanding virtual equation for '\UART:BUART:rx_addressmatch\' (cost = 0):
\UART:BUART:rx_addressmatch\ <= (\UART:BUART:rx_addressmatch2\
	OR \UART:BUART:rx_addressmatch1\);

Note:  Expanding virtual equation for '\UART:BUART:rx_bitclk_pre\' (cost = 1):
\UART:BUART:rx_bitclk_pre\ <= ((not \UART:BUART:rx_count_2\ and not \UART:BUART:rx_count_1\ and not \UART:BUART:rx_count_0\));

Note:  Expanding virtual equation for '\UART:BUART:rx_bitclk_pre16x\' (cost = 0):
\UART:BUART:rx_bitclk_pre16x\ <= ((not \UART:BUART:rx_count_2\ and \UART:BUART:rx_count_1\ and \UART:BUART:rx_count_0\));

Note:  Expanding virtual equation for '\UART:BUART:rx_poll_bit1\' (cost = 1):
\UART:BUART:rx_poll_bit1\ <= ((not \UART:BUART:rx_count_2\ and not \UART:BUART:rx_count_1\ and \UART:BUART:rx_count_0\));

Note:  Expanding virtual equation for '\UART:BUART:rx_poll_bit2\' (cost = 1):
\UART:BUART:rx_poll_bit2\ <= ((not \UART:BUART:rx_count_2\ and not \UART:BUART:rx_count_1\ and not \UART:BUART:rx_count_0\));

Note:  Expanding virtual equation for '\UART:BUART:pollingrange\' (cost = 4):
\UART:BUART:pollingrange\ <= ((not \UART:BUART:rx_count_2\ and not \UART:BUART:rx_count_1\));

Note:  Expanding virtual equation for '\UART:BUART:sRX:s23Poll:MODULE_1:g2:a0:g1:z1:s0:g1:u0:c_1\' (cost = 0):
\UART:BUART:sRX:s23Poll:MODULE_1:g2:a0:g1:z1:s0:g1:u0:c_1\ <= (\UART:BUART:pollcount_0\);

Note:  Expanding virtual equation for '\UART:BUART:sRX:s23Poll:MODULE_1:g2:a0:s_0\' (cost = 0):
\UART:BUART:sRX:s23Poll:MODULE_1:g2:a0:s_0\ <= (not \UART:BUART:pollcount_0\);

Note:  Expanding virtual equation for '\UART:BUART:sRX:s23Poll:MODULE_2:g2:a0:lta_1\' (cost = 0):
\UART:BUART:sRX:s23Poll:MODULE_2:g2:a0:lta_1\ <=  ('0') ;

Note:  Expanding virtual equation for '\UART:BUART:sRX:s23Poll:MODULE_2:g2:a0:gta_1\' (cost = 0):
\UART:BUART:sRX:s23Poll:MODULE_2:g2:a0:gta_1\ <= (\UART:BUART:pollcount_1\);

Note:  Expanding virtual equation for '\UART:BUART:sRX:s23Poll:MODULE_3:g2:a0:lta_1\' (cost = 0):
\UART:BUART:sRX:s23Poll:MODULE_3:g2:a0:lta_1\ <= (not \UART:BUART:pollcount_1\);

Note:  Expanding virtual equation for '\UART:BUART:sRX:s23Poll:MODULE_3:g2:a0:gta_1\' (cost = 0):
\UART:BUART:sRX:s23Poll:MODULE_3:g2:a0:gta_1\ <=  ('0') ;

Note:  Expanding virtual equation for '\UART:BUART:sRX:MODULE_4:g2:a0:lta_6\' (cost = 0):
\UART:BUART:sRX:MODULE_4:g2:a0:lta_6\ <=  ('0') ;

Note:  Expanding virtual equation for '\UART:BUART:sRX:MODULE_4:g2:a0:gta_6\' (cost = 0):
\UART:BUART:sRX:MODULE_4:g2:a0:gta_6\ <=  ('0') ;

Note:  Expanding virtual equation for '\UART:BUART:sRX:MODULE_4:g2:a0:lta_5\' (cost = 0):
\UART:BUART:sRX:MODULE_4:g2:a0:lta_5\ <=  ('0') ;

Note:  Expanding virtual equation for '\UART:BUART:sRX:MODULE_4:g2:a0:gta_5\' (cost = 0):
\UART:BUART:sRX:MODULE_4:g2:a0:gta_5\ <=  ('0') ;

Note:  Expanding virtual equation for '\UART:BUART:sRX:MODULE_4:g2:a0:lta_4\' (cost = 0):
\UART:BUART:sRX:MODULE_4:g2:a0:lta_4\ <=  ('0') ;

Note:  Expanding virtual equation for '\UART:BUART:sRX:MODULE_4:g2:a0:gta_4\' (cost = 0):
\UART:BUART:sRX:MODULE_4:g2:a0:gta_4\ <=  ('0') ;

Note:  Expanding virtual equation for '\UART:BUART:sRX:MODULE_4:g2:a0:lta_3\' (cost = 0):
\UART:BUART:sRX:MODULE_4:g2:a0:lta_3\ <=  ('0') ;

Note:  Expanding virtual equation for '\UART:BUART:sRX:MODULE_4:g2:a0:gta_3\' (cost = 0):
\UART:BUART:sRX:MODULE_4:g2:a0:gta_3\ <= (\UART:BUART:rx_count_6\);

Note:  Expanding virtual equation for '\UART:BUART:sRX:MODULE_4:g2:a0:lta_2\' (cost = 1):
\UART:BUART:sRX:MODULE_4:g2:a0:lta_2\ <= ((not \UART:BUART:rx_count_6\ and not \UART:BUART:rx_count_5\));

Note:  Expanding virtual equation for '\UART:BUART:sRX:MODULE_4:g2:a0:gta_2\' (cost = 0):
\UART:BUART:sRX:MODULE_4:g2:a0:gta_2\ <= (\UART:BUART:rx_count_6\);

Note:  Expanding virtual equation for '\UART:BUART:sRX:MODULE_4:g2:a0:lta_1\' (cost = 2):
\UART:BUART:sRX:MODULE_4:g2:a0:lta_1\ <= ((not \UART:BUART:rx_count_6\ and not \UART:BUART:rx_count_4\)
	OR (not \UART:BUART:rx_count_6\ and not \UART:BUART:rx_count_5\));

Note:  Expanding virtual equation for '\UART:BUART:sRX:MODULE_4:g2:a0:gta_1\' (cost = 0):
\UART:BUART:sRX:MODULE_4:g2:a0:gta_1\ <= (\UART:BUART:rx_count_6\);

Note:  Expanding virtual equation for '\UART:BUART:sRX:MODULE_4:g2:a0:lta_0\' (cost = 8):
\UART:BUART:sRX:MODULE_4:g2:a0:lta_0\ <= ((not \UART:BUART:rx_count_6\ and not \UART:BUART:rx_count_4\)
	OR (not \UART:BUART:rx_count_6\ and not \UART:BUART:rx_count_5\));


Substituting virtuals - pass 2:

Note:  Expanding virtual equation for '\UART:BUART:sRX:s23Poll:MODULE_2:g2:a0:lta_0\' (cost = 4):
\UART:BUART:sRX:s23Poll:MODULE_2:g2:a0:lta_0\ <= ((not \UART:BUART:pollcount_1\ and not \UART:BUART:pollcount_0\));

Note:  Expanding virtual equation for '\UART:BUART:sRX:s23Poll:MODULE_3:g2:a0:lta_0\' (cost = 0):
\UART:BUART:sRX:s23Poll:MODULE_3:g2:a0:lta_0\ <= (not \UART:BUART:pollcount_1\);

Note:  Expanding virtual equation for '\UART:BUART:sRX:s23Poll:MODULE_1:g2:a0:s_1\' (cost = 2):
\UART:BUART:sRX:s23Poll:MODULE_1:g2:a0:s_1\ <= ((not \UART:BUART:pollcount_0\ and \UART:BUART:pollcount_1\)
	OR (not \UART:BUART:pollcount_1\ and \UART:BUART:pollcount_0\));


Substituting virtuals - pass 3:

Note:  Expanding virtual equation for '\UART:BUART:rx_postpoll\' (cost = 72):
\UART:BUART:rx_postpoll\ <= (\UART:BUART:pollcount_1\
	OR (Net_102 and \UART:BUART:pollcount_0\));

Note:  Expanding virtual equation for '\UART:BUART:sRX:MODULE_5:g1:a0:gx:u0:xnor_array_0\' (cost = 4):
\UART:BUART:sRX:MODULE_5:g1:a0:gx:u0:xnor_array_0\ <= ((not \UART:BUART:pollcount_1\ and not Net_102 and not \UART:BUART:rx_parity_bit\)
	OR (not \UART:BUART:pollcount_1\ and not \UART:BUART:pollcount_0\ and not \UART:BUART:rx_parity_bit\)
	OR (\UART:BUART:pollcount_1\ and \UART:BUART:rx_parity_bit\)
	OR (Net_102 and \UART:BUART:pollcount_0\ and \UART:BUART:rx_parity_bit\));

Note:  Expanding virtual equation for '\UART:BUART:sRX:MODULE_5:g1:a0:gx:u0:aeqb_1\' (cost = 4):
\UART:BUART:sRX:MODULE_5:g1:a0:gx:u0:aeqb_1\ <= ((not \UART:BUART:pollcount_1\ and not Net_102 and not \UART:BUART:rx_parity_bit\)
	OR (not \UART:BUART:pollcount_1\ and not \UART:BUART:pollcount_0\ and not \UART:BUART:rx_parity_bit\)
	OR (\UART:BUART:pollcount_1\ and \UART:BUART:rx_parity_bit\)
	OR (Net_102 and \UART:BUART:pollcount_0\ and \UART:BUART:rx_parity_bit\));


Substituting virtuals - pass 4:


----------------------------------------------------------
Circuit simplification results:

	Expanded 33 signals.
	Turned 0 signals into soft nodes.
	Maximum default expansion cost was set at 3.
----------------------------------------------------------

------------------------------------------------------
Alias Detection
------------------------------------------------------
Aliasing \UART:BUART:rx_status_0\ to zero
Aliasing \UART:BUART:rx_status_6\ to zero
Aliasing \UART:BUART:rx_markspace_status\\D\ to zero
Aliasing \UART:BUART:rx_parity_error_status\\D\ to zero
Aliasing \UART:BUART:rx_addr_match_status\\D\ to zero
Removing Rhs of wire \UART:BUART:rx_bitclk_enable\[93] = \UART:BUART:rx_bitclk\[141]
Removing Lhs of wire \UART:BUART:rx_status_0\[192] = zero[27]
Removing Lhs of wire \UART:BUART:rx_status_6\[201] = zero[27]
Removing Lhs of wire \UART:BUART:tx_ctrl_mark_last\\D\[330] = \UART:BUART:tx_ctrl_mark_last\[84]
Removing Lhs of wire \UART:BUART:rx_markspace_status\\D\[342] = zero[27]
Removing Lhs of wire \UART:BUART:rx_parity_error_status\\D\[343] = zero[27]
Removing Lhs of wire \UART:BUART:rx_addr_match_status\\D\[345] = zero[27]
Removing Lhs of wire \UART:BUART:rx_markspace_pre\\D\[346] = \UART:BUART:rx_markspace_pre\[205]
Removing Lhs of wire \UART:BUART:rx_parity_bit\\D\[351] = \UART:BUART:rx_parity_bit\[211]

------------------------------------------------------
Aliased 0 equations, 9 wires.
------------------------------------------------------

----------------------------------------------------------
Circuit simplification
----------------------------------------------------------

Eliminating unused logic - pass 1:

Note:  Deleted unused equation:
\UART:BUART:sRX:MODULE_5:g1:a0:xneq\ <= ((not \UART:BUART:rx_parity_bit\ and Net_102 and \UART:BUART:pollcount_0\)
	OR (not \UART:BUART:pollcount_1\ and not \UART:BUART:pollcount_0\ and \UART:BUART:rx_parity_bit\)
	OR (not \UART:BUART:pollcount_1\ and not Net_102 and \UART:BUART:rx_parity_bit\)
	OR (not \UART:BUART:rx_parity_bit\ and \UART:BUART:pollcount_1\));


Eliminating unused logic - pass 2:


Substituting virtuals - pass 1:


----------------------------------------------------------
Circuit simplification results:

	Expanded 0 signals.
	Turned 0 signals into soft nodes.
	Maximum default expansion cost was set at 3.
----------------------------------------------------------

topld:  No errors.

CYPRESS_DIR    : C:\Program Files (x86)\Cypress\PSoC Creator\4.2\PSoC Creator\warp
Warp Program   : C:\Program Files (x86)\Cypress\PSoC Creator\4.2\PSoC Creator\warp\bin\warp.exe
Warp Arguments : -yv2 -q10 -ygs -o2 -v3 -.fftcfgtype=LE -ya "-.fftprj=C:\Users\e.ivanov\Documents\GitHub\time_src\branch\Manchester encoder-decoder.cydsn\UART_Full_Duplex01.cydsn\UART_Full_Duplex01.cyprj" -dcpsoc3 UART_Full_Duplex01.v -verilog
</CYPRESSTAG>
Warp synthesis phase: Elapsed time ==> 0s.725ms
<CYPRESSTAG name="Fitter results...">
<CYPRESSTAG name="Fitter startup details...">
cyp3fit: V4.2.0.641, Family: PSoC3, Started at: Wednesday, 11 March 2020 12:19:05
Options: -yv2 -q10 -ygs -o2 -v3 -.fftcfgtype=LE -ya -.fftprj=C:\Users\e.ivanov\Documents\GitHub\time_src\branch\Manchester encoder-decoder.cydsn\UART_Full_Duplex01.cydsn\UART_Full_Duplex01.cyprj -d CY8C5888LTI-LP097 UART_Full_Duplex01.v -verilog
</CYPRESSTAG>
<CYPRESSTAG name="Design parsing">
Design parsing phase: Elapsed time ==> 0s.009ms
</CYPRESSTAG>
<CYPRESSTAG name="Tech Mapping">
<CYPRESSTAG name="Initial Mapping" icon="FILE_RPT_TECHM">
    Converted constant MacroCell: \UART:BUART:reset_reg\ from registered to combinatorial
    Converted constant MacroCell: \UART:BUART:rx_markspace_status\ from registered to combinatorial
    Converted constant MacroCell: \UART:BUART:rx_status_2\ from registered to combinatorial
    Converted constant MacroCell: \UART:BUART:rx_addr_match_status\ from registered to combinatorial
    Converted constant MacroCell: \UART:BUART:rx_break_status\ from registered to combinatorial
Error: mpr.M0051: Invalid IoId location specified on placement_force attribute "PORT(6,2)" on component/signal "LED(0)". (App=cydsfit)
Error: mpr.M0051: Invalid IoId location specified on placement_force attribute "PORT(6,1)" on component/signal "SW2(0)". (App=cydsfit)
<CYPRESSTAG name="Global Clock Selection" icon="FILE_RPT_TECHM">
    Analog  Clock 0: Automatic-assigning  clock 'ScBoostClk'. Fanout=0, Signal=ClockBlock_ScBoostClk
    Digital Clock 0: Automatic-assigning  clock 'UART_IntClock'. Fanout=1, Signal=\UART:Net_9\
</CYPRESSTAG>

Removing unused cells resulting from optimization
Done removing unused cells.
<CYPRESSTAG name="UDB Clock/Enable Remapping Results">
    UDB Clk/Enable \UART:BUART:ClkSync\: with output requested to be synchronous
        ClockIn: UART_IntClock was determined to be a global clock that is synchronous to BUS_CLK
        EnableIn: Constant 1 was determined to be synchronous to ClockIn
        ClockOut: UART_IntClock, EnableOut: Constant 1
</CYPRESSTAG>
ADD: pft.M0040: information: The following 2 pin(s) will be assigned a location by the fitter: LED(0), SW2(0)


Removing unused cells resulting from optimization
Done removing unused cells.
<CYPRESSTAG name="Duplicate Macrocell detection">
</CYPRESSTAG>
</CYPRESSTAG>
<CYPRESSTAG name="Duplicate Macrocell detection">

Removing duplicate macrocells
    Removing \UART:BUART:rx_parity_bit\, Duplicate of \UART:BUART:tx_ctrl_mark_last\ 
    MacroCell: Name=\UART:BUART:rx_parity_bit\, Mode=(T-Register)
        Total # of inputs        : 0
        Total # of product terms : 0
        List of special equations: 
            Clock  = (\UART:Net_9\) => Global
            Clock Enable: True
        Main Equation            : 0 pterms
        (
            0
        );
        Output = \UART:BUART:rx_parity_bit\ (fanout=0)

    Removing \UART:BUART:rx_address_detected\, Duplicate of \UART:BUART:tx_ctrl_mark_last\ 
    MacroCell: Name=\UART:BUART:rx_address_detected\, Mode=(T-Register)
        Total # of inputs        : 0
        Total # of product terms : 0
        List of special equations: 
            Clock  = (\UART:Net_9\) => Global
            Clock Enable: True
        Main Equation            : 0 pterms
        (
            0
        );
        Output = \UART:BUART:rx_address_detected\ (fanout=0)

    Removing \UART:BUART:rx_parity_error_pre\, Duplicate of \UART:BUART:tx_ctrl_mark_last\ 
    MacroCell: Name=\UART:BUART:rx_parity_error_pre\, Mode=(T-Register)
        Total # of inputs        : 0
        Total # of product terms : 0
        List of special equations: 
            Clock  = (\UART:Net_9\) => Global
            Clock Enable: True
        Main Equation            : 0 pterms
        (
            0
        );
        Output = \UART:BUART:rx_parity_error_pre\ (fanout=0)

    Removing \UART:BUART:rx_markspace_pre\, Duplicate of \UART:BUART:tx_ctrl_mark_last\ 
    MacroCell: Name=\UART:BUART:rx_markspace_pre\, Mode=(T-Register)
        Total # of inputs        : 0
        Total # of product terms : 0
        List of special equations: 
            Clock  = (\UART:Net_9\) => Global
            Clock Enable: True
        Main Equation            : 0 pterms
        (
            0
        );
        Output = \UART:BUART:rx_markspace_pre\ (fanout=0)

    Removing \UART:BUART:rx_state_1\, Duplicate of \UART:BUART:tx_ctrl_mark_last\ 
    MacroCell: Name=\UART:BUART:rx_state_1\, Mode=(T-Register)
        Total # of inputs        : 0
        Total # of product terms : 0
        List of special equations: 
            Clock  = (\UART:Net_9\) => Global
            Clock Enable: True
        Main Equation            : 0 pterms
        (
            0
        );
        Output = \UART:BUART:rx_state_1\ (fanout=8)

    Removing \UART:BUART:tx_parity_bit\, Duplicate of \UART:BUART:tx_ctrl_mark_last\ 
    MacroCell: Name=\UART:BUART:tx_parity_bit\, Mode=(T-Register)
        Total # of inputs        : 0
        Total # of product terms : 0
        List of special equations: 
            Clock  = (\UART:Net_9\) => Global
            Clock Enable: True
        Main Equation            : 0 pterms
        (
            0
        );
        Output = \UART:BUART:tx_parity_bit\ (fanout=0)

    Removing \UART:BUART:tx_mark\, Duplicate of \UART:BUART:tx_ctrl_mark_last\ 
    MacroCell: Name=\UART:BUART:tx_mark\, Mode=(T-Register)
        Total # of inputs        : 0
        Total # of product terms : 0
        List of special equations: 
            Clock  = (\UART:Net_9\) => Global
            Clock Enable: True
        Main Equation            : 0 pterms
        (
            0
        );
        Output = \UART:BUART:tx_mark\ (fanout=0)

End removing duplicate macrocells: used 1 pass
</CYPRESSTAG>
<CYPRESSTAG name="Design Equations" icon="FILE_RPT_EQUATION">

------------------------------------------------------------
Design Equations
------------------------------------------------------------
    <CYPRESSTAG name="Pin listing">

    ------------------------------------------------------------
    Pin listing
    ------------------------------------------------------------

    Pin : Name = LED(0)
        Attributes:
            In Group/Port: True
            In Sync Option: AUTO
            Out Sync Option: NOSYNC
            Interrupt generated: False
            Interrupt mode: NONE
            Drive mode: CMOS_OUT
            VTrip: EITHER
            Slew: FAST
            Input Sync needed: False
            Output Sync needed: False
            SC shield enabled: False
            POR State: ANY
            LCD Mode: COMMON
            Register Mode: RegComb
            CaSense Mode: NEITHER
            Treat as pin: True
            Is OE Registered: False
            Uses Analog: False
            Can contain Digital: True
            Is SIO: False
            SIO Output Buf: NONREGULATED
            SIO Input Buf: SINGLE_ENDED
            SIO HiFreq: LOW
            SIO Hyst: DISABLED
            SIO Vtrip: MULTIPLIER_0_5
            SIO Multiplier Index: 0
            SIO RefSel: VCC_IO
            Required Capabilities: DIGITAL
            Initial Value: 1
            IO Voltage: 0
        PORT MAP (
            pa_out => LED(0)__PA ,
            annotation => Net_107 ,
            pad => LED(0)_PAD );
        Properties:
        {
            port_location = "PORT(6,2)"
        }

    Pin : Name = SW2(0)
        Attributes:
            In Group/Port: True
            In Sync Option: NOSYNC
            Out Sync Option: AUTO
            Interrupt generated: False
            Interrupt mode: NONE
            Drive mode: RES_PULL_UP
            VTrip: CMOS
            Slew: FAST
            Input Sync needed: False
            Output Sync needed: False
            SC shield enabled: False
            POR State: ANY
            LCD Mode: COMMON
            Register Mode: RegComb
            CaSense Mode: NEITHER
            Treat as pin: True
            Is OE Registered: False
            Uses Analog: False
            Can contain Digital: True
            Is SIO: False
            SIO Output Buf: NONREGULATED
            SIO Input Buf: SINGLE_ENDED
            SIO HiFreq: LOW
            SIO Hyst: DISABLED
            SIO Vtrip: MULTIPLIER_0_5
            SIO Multiplier Index: 0
            SIO RefSel: VCC_IO
            Required Capabilities: DIGITAL
            Initial Value: 1
            IO Voltage: 0
        PORT MAP (
            pa_out => SW2(0)__PA ,
            annotation => Net_110 ,
            pad => SW2(0)_PAD );
        Properties:
        {
            port_location = "PORT(6,1)"
        }

    Pin : Name = Rx(0)
        Attributes:
            In Group/Port: True
            In Sync Option: SYNC
            Out Sync Option: AUTO
            Interrupt generated: False
            Interrupt mode: NONE
            Drive mode: HI_Z_DIGITAL
            VTrip: CMOS
            Slew: FAST
            Input Sync needed: True
            Output Sync needed: False
            SC shield enabled: False
            POR State: ANY
            LCD Mode: COMMON
            Register Mode: RegComb
            CaSense Mode: NEITHER
            Treat as pin: True
            Is OE Registered: False
            Uses Analog: False
            Can contain Digital: True
            Is SIO: False
            SIO Output Buf: NONREGULATED
            SIO Input Buf: SINGLE_ENDED
            SIO HiFreq: LOW
            SIO Hyst: DISABLED
            SIO Vtrip: MULTIPLIER_0_5
            SIO Multiplier Index: 0
            SIO RefSel: VCC_IO
            Required Capabilities: DIGITAL, ROUTABLE
            Initial Value: 0
            IO Voltage: 0
        PORT MAP (
            pa_out => Rx(0)__PA ,
            fb => Net_102 ,
            pad => Rx(0)_PAD );
        Properties:
        {
            port_location = "PORT(0,5)"
        }

    Pin : Name = Tx(0)
        Attributes:
            In Group/Port: True
            In Sync Option: AUTO
            Out Sync Option: NOSYNC
            Interrupt generated: False
            Interrupt mode: NONE
            Drive mode: CMOS_OUT
            VTrip: EITHER
            Slew: FAST
            Input Sync needed: False
            Output Sync needed: False
            SC shield enabled: False
            POR State: ANY
            LCD Mode: COMMON
            Register Mode: RegComb
            CaSense Mode: NEITHER
            Treat as pin: True
            Is OE Registered: False
            Uses Analog: False
            Can contain Digital: True
            Is SIO: False
            SIO Output Buf: NONREGULATED
            SIO Input Buf: SINGLE_ENDED
            SIO HiFreq: LOW
            SIO Hyst: DISABLED
            SIO Vtrip: MULTIPLIER_0_5
            SIO Multiplier Index: 0
            SIO RefSel: VCC_IO
            Required Capabilities: DIGITAL, ROUTABLE
            Initial Value: 1
            IO Voltage: 0
        PORT MAP (
            pa_out => Tx(0)__PA ,
            pin_input => Net_97 ,
            pad => Tx(0)_PAD );
        Properties:
        {
            port_location = "PORT(0,4)"
        }
    </CYPRESSTAG>
    <CYPRESSTAG name="Macrocell listing" icon="FILE_RPT_EQUATION">

    ------------------------------------------------------------
    Macrocell listing
    ------------------------------------------------------------

    MacroCell: Name=Net_97, Mode=(Combinatorial)
        Total # of inputs        : 1
        Total # of product terms : 1
            Clock Enable: True
        Main Equation            : 1 pterm
        (
              !\UART:BUART:txn\
        );
        Output = Net_97 (fanout=1)

    MacroCell: Name=\UART:BUART:counter_load_not\, Mode=(Combinatorial)
        Total # of inputs        : 4
        Total # of product terms : 2
            Clock Enable: True
        Main Equation            : 2 pterms
        !(
              !\UART:BUART:tx_state_1\ * !\UART:BUART:tx_state_0\ * 
              \UART:BUART:tx_bitclk_enable_pre\
            + !\UART:BUART:tx_state_1\ * !\UART:BUART:tx_state_0\ * 
              !\UART:BUART:tx_state_2\
        );
        Output = \UART:BUART:counter_load_not\ (fanout=1)

    MacroCell: Name=\UART:BUART:tx_status_0\, Mode=(Combinatorial)
        Total # of inputs        : 5
        Total # of product terms : 1
            Clock Enable: True
        Main Equation            : 1 pterm
        (
              !\UART:BUART:tx_state_1\ * !\UART:BUART:tx_state_0\ * 
              \UART:BUART:tx_bitclk_enable_pre\ * \UART:BUART:tx_fifo_empty\ * 
              \UART:BUART:tx_state_2\
        );
        Output = \UART:BUART:tx_status_0\ (fanout=1)

    MacroCell: Name=\UART:BUART:tx_status_2\, Mode=(Combinatorial)
        Total # of inputs        : 1
        Total # of product terms : 1
            Clock Enable: True
        Main Equation            : 1 pterm
        (
              !\UART:BUART:tx_fifo_notfull\
        );
        Output = \UART:BUART:tx_status_2\ (fanout=1)

    MacroCell: Name=\UART:BUART:rx_counter_load\, Mode=(Combinatorial)
        Total # of inputs        : 4
        Total # of product terms : 1
            Clock Enable: True
        Main Equation            : 1 pterm
        (
              !\UART:BUART:tx_ctrl_mark_last\ * !\UART:BUART:rx_state_0\ * 
              !\UART:BUART:rx_state_3\ * !\UART:BUART:rx_state_2\
        );
        Output = \UART:BUART:rx_counter_load\ (fanout=1)

    MacroCell: Name=\UART:BUART:rx_postpoll\, Mode=(Combinatorial)
        Total # of inputs        : 3
        Total # of product terms : 2
            Clock Enable: True
        Main Equation            : 2 pterms
        (
              \UART:BUART:pollcount_1\
            + Net_102 * \UART:BUART:pollcount_0\
        );
        Output = \UART:BUART:rx_postpoll\ (fanout=1)

    MacroCell: Name=\UART:BUART:rx_status_4\, Mode=(Combinatorial)
        Total # of inputs        : 2
        Total # of product terms : 1
            Clock Enable: True
        Main Equation            : 1 pterm
        (
              \UART:BUART:rx_load_fifo\ * \UART:BUART:rx_fifofull\
        );
        Output = \UART:BUART:rx_status_4\ (fanout=1)

    MacroCell: Name=\UART:BUART:rx_status_5\, Mode=(Combinatorial)
        Total # of inputs        : 2
        Total # of product terms : 1
            Clock Enable: True
        Main Equation            : 1 pterm
        (
              \UART:BUART:rx_fifonotempty\ * \UART:BUART:rx_state_stop1_reg\
        );
        Output = \UART:BUART:rx_status_5\ (fanout=1)

    MacroCell: Name=\UART:BUART:txn\, Mode=(D-Register)
        Total # of inputs        : 7
        Total # of product terms : 5
        List of special equations: 
            Clock  = (\UART:Net_9\) => Global
            Clock Enable: True
        Main Equation            : 5 pterms
        (
              \UART:BUART:txn\ * \UART:BUART:tx_state_1\ * 
              !\UART:BUART:tx_bitclk\
            + \UART:BUART:txn\ * \UART:BUART:tx_state_2\
            + !\UART:BUART:tx_state_1\ * \UART:BUART:tx_state_0\ * 
              !\UART:BUART:tx_shift_out\ * !\UART:BUART:tx_state_2\
            + !\UART:BUART:tx_state_1\ * \UART:BUART:tx_state_0\ * 
              !\UART:BUART:tx_state_2\ * !\UART:BUART:tx_bitclk\
            + \UART:BUART:tx_state_1\ * !\UART:BUART:tx_state_0\ * 
              !\UART:BUART:tx_shift_out\ * !\UART:BUART:tx_state_2\ * 
              !\UART:BUART:tx_counter_dp\ * \UART:BUART:tx_bitclk\
        );
        Output = \UART:BUART:txn\ (fanout=2)

    MacroCell: Name=\UART:BUART:tx_state_1\, Mode=(T-Register)
        Total # of inputs        : 6
        Total # of product terms : 3
        List of special equations: 
            Clock  = (\UART:Net_9\) => Global
            Clock Enable: True
        Main Equation            : 3 pterms
        (
              \UART:BUART:tx_state_1\ * \UART:BUART:tx_state_0\ * 
              \UART:BUART:tx_bitclk_enable_pre\ * \UART:BUART:tx_state_2\
            + \UART:BUART:tx_state_1\ * !\UART:BUART:tx_state_2\ * 
              \UART:BUART:tx_counter_dp\ * \UART:BUART:tx_bitclk\
            + \UART:BUART:tx_state_0\ * !\UART:BUART:tx_state_2\ * 
              \UART:BUART:tx_bitclk\
        );
        Output = \UART:BUART:tx_state_1\ (fanout=8)

    MacroCell: Name=\UART:BUART:tx_state_0\, Mode=(T-Register)
        Total # of inputs        : 6
        Total # of product terms : 4
        List of special equations: 
            Clock  = (\UART:Net_9\) => Global
            Clock Enable: True
        Main Equation            : 4 pterms
        (
              !\UART:BUART:tx_state_1\ * !\UART:BUART:tx_state_0\ * 
              \UART:BUART:tx_bitclk_enable_pre\ * !\UART:BUART:tx_fifo_empty\
            + !\UART:BUART:tx_state_1\ * !\UART:BUART:tx_state_0\ * 
              !\UART:BUART:tx_fifo_empty\ * !\UART:BUART:tx_state_2\
            + \UART:BUART:tx_state_1\ * \UART:BUART:tx_state_0\ * 
              \UART:BUART:tx_bitclk_enable_pre\ * \UART:BUART:tx_fifo_empty\ * 
              \UART:BUART:tx_state_2\
            + \UART:BUART:tx_state_0\ * !\UART:BUART:tx_state_2\ * 
              \UART:BUART:tx_bitclk\
        );
        Output = \UART:BUART:tx_state_0\ (fanout=8)

    MacroCell: Name=\UART:BUART:tx_state_2\, Mode=(T-Register)
        Total # of inputs        : 6
        Total # of product terms : 4
        List of special equations: 
            Clock  = (\UART:Net_9\) => Global
            Clock Enable: True
        Main Equation            : 4 pterms
        (
              !\UART:BUART:tx_state_1\ * !\UART:BUART:tx_state_0\ * 
              \UART:BUART:tx_bitclk_enable_pre\ * \UART:BUART:tx_state_2\
            + \UART:BUART:tx_state_1\ * \UART:BUART:tx_state_0\ * 
              \UART:BUART:tx_bitclk_enable_pre\ * \UART:BUART:tx_state_2\
            + \UART:BUART:tx_state_1\ * \UART:BUART:tx_state_0\ * 
              !\UART:BUART:tx_state_2\ * \UART:BUART:tx_bitclk\
            + \UART:BUART:tx_state_1\ * !\UART:BUART:tx_state_2\ * 
              \UART:BUART:tx_counter_dp\ * \UART:BUART:tx_bitclk\
        );
        Output = \UART:BUART:tx_state_2\ (fanout=7)

    MacroCell: Name=\UART:BUART:tx_bitclk\, Mode=(D-Register)
        Total # of inputs        : 4
        Total # of product terms : 2
        List of special equations: 
            Clock  = (\UART:Net_9\) => Global
            Clock Enable: True
        Main Equation            : 2 pterms
        !(
              !\UART:BUART:tx_state_1\ * !\UART:BUART:tx_state_0\ * 
              \UART:BUART:tx_state_2\
            + !\UART:BUART:tx_bitclk_enable_pre\
        );
        Output = \UART:BUART:tx_bitclk\ (fanout=4)

    MacroCell: Name=\UART:BUART:tx_ctrl_mark_last\, Mode=(T-Register)
        Total # of inputs        : 0
        Total # of product terms : 0
        List of special equations: 
            Clock  = (\UART:Net_9\) => Global
            Clock Enable: True
        Main Equation            : 0 pterms
        (
            0
        );
        Output = \UART:BUART:tx_ctrl_mark_last\ (fanout=8)

    MacroCell: Name=\UART:BUART:rx_state_0\, Mode=(T-Register)
        Total # of inputs        : 11
        Total # of product terms : 4
        List of special equations: 
            Clock  = (\UART:Net_9\) => Global
            Clock Enable: True
        Main Equation            : 4 pterms
        (
              !\UART:BUART:tx_ctrl_mark_last\ * !\UART:BUART:rx_state_0\ * 
              \UART:BUART:rx_bitclk_enable\ * !\UART:BUART:rx_state_3\ * 
              \UART:BUART:rx_state_2\ * !\UART:BUART:pollcount_1\ * !Net_102
            + !\UART:BUART:tx_ctrl_mark_last\ * !\UART:BUART:rx_state_0\ * 
              \UART:BUART:rx_bitclk_enable\ * !\UART:BUART:rx_state_3\ * 
              \UART:BUART:rx_state_2\ * !\UART:BUART:pollcount_1\ * 
              !\UART:BUART:pollcount_0\
            + !\UART:BUART:tx_ctrl_mark_last\ * \UART:BUART:rx_state_0\ * 
              !\UART:BUART:rx_state_3\ * !\UART:BUART:rx_state_2\ * 
              !\UART:BUART:rx_count_6\ * !\UART:BUART:rx_count_5\
            + !\UART:BUART:tx_ctrl_mark_last\ * \UART:BUART:rx_state_0\ * 
              !\UART:BUART:rx_state_3\ * !\UART:BUART:rx_state_2\ * 
              !\UART:BUART:rx_count_6\ * !\UART:BUART:rx_count_4\
        );
        Output = \UART:BUART:rx_state_0\ (fanout=8)

    MacroCell: Name=\UART:BUART:rx_load_fifo\, Mode=(D-Register)
        Total # of inputs        : 8
        Total # of product terms : 3
        List of special equations: 
            Clock  = (\UART:Net_9\) => Global
            Clock Enable: True
        Main Equation            : 3 pterms
        (
              !\UART:BUART:tx_ctrl_mark_last\ * !\UART:BUART:rx_state_0\ * 
              \UART:BUART:rx_bitclk_enable\ * \UART:BUART:rx_state_3\ * 
              !\UART:BUART:rx_state_2\
            + !\UART:BUART:tx_ctrl_mark_last\ * \UART:BUART:rx_state_0\ * 
              !\UART:BUART:rx_state_3\ * !\UART:BUART:rx_state_2\ * 
              !\UART:BUART:rx_count_6\ * !\UART:BUART:rx_count_5\
            + !\UART:BUART:tx_ctrl_mark_last\ * \UART:BUART:rx_state_0\ * 
              !\UART:BUART:rx_state_3\ * !\UART:BUART:rx_state_2\ * 
              !\UART:BUART:rx_count_6\ * !\UART:BUART:rx_count_4\
        );
        Output = \UART:BUART:rx_load_fifo\ (fanout=2)

    MacroCell: Name=\UART:BUART:rx_state_3\, Mode=(T-Register)
        Total # of inputs        : 8
        Total # of product terms : 3
        List of special equations: 
            Clock  = (\UART:Net_9\) => Global
            Clock Enable: True
        Main Equation            : 3 pterms
        (
              !\UART:BUART:tx_ctrl_mark_last\ * !\UART:BUART:rx_state_0\ * 
              \UART:BUART:rx_bitclk_enable\ * \UART:BUART:rx_state_3\ * 
              \UART:BUART:rx_state_2\
            + !\UART:BUART:tx_ctrl_mark_last\ * \UART:BUART:rx_state_0\ * 
              !\UART:BUART:rx_state_3\ * !\UART:BUART:rx_state_2\ * 
              !\UART:BUART:rx_count_6\ * !\UART:BUART:rx_count_5\
            + !\UART:BUART:tx_ctrl_mark_last\ * \UART:BUART:rx_state_0\ * 
              !\UART:BUART:rx_state_3\ * !\UART:BUART:rx_state_2\ * 
              !\UART:BUART:rx_count_6\ * !\UART:BUART:rx_count_4\
        );
        Output = \UART:BUART:rx_state_3\ (fanout=7)

    MacroCell: Name=\UART:BUART:rx_state_2\, Mode=(T-Register)
        Total # of inputs        : 10
        Total # of product terms : 5
        List of special equations: 
            Clock  = (\UART:Net_9\) => Global
            Clock Enable: True
        Main Equation            : 5 pterms
        (
              !\UART:BUART:tx_ctrl_mark_last\ * !\UART:BUART:rx_state_0\ * 
              \UART:BUART:rx_bitclk_enable\ * \UART:BUART:rx_state_3\
            + !\UART:BUART:tx_ctrl_mark_last\ * !\UART:BUART:rx_state_0\ * 
              \UART:BUART:rx_bitclk_enable\ * \UART:BUART:rx_state_2\
            + !\UART:BUART:tx_ctrl_mark_last\ * !\UART:BUART:rx_state_0\ * 
              !\UART:BUART:rx_state_3\ * !\UART:BUART:rx_state_2\ * !Net_102 * 
              \UART:BUART:rx_last\
            + !\UART:BUART:tx_ctrl_mark_last\ * \UART:BUART:rx_state_0\ * 
              !\UART:BUART:rx_state_3\ * !\UART:BUART:rx_state_2\ * 
              !\UART:BUART:rx_count_6\ * !\UART:BUART:rx_count_5\
            + !\UART:BUART:tx_ctrl_mark_last\ * \UART:BUART:rx_state_0\ * 
              !\UART:BUART:rx_state_3\ * !\UART:BUART:rx_state_2\ * 
              !\UART:BUART:rx_count_6\ * !\UART:BUART:rx_count_4\
        );
        Output = \UART:BUART:rx_state_2\ (fanout=7)

    MacroCell: Name=\UART:BUART:rx_bitclk_enable\, Mode=(D-Register)
        Total # of inputs        : 3
        Total # of product terms : 1
        List of special equations: 
            Clock  = (\UART:Net_9\) => Global
            Clock Enable: True
        Main Equation            : 1 pterm
        (
              !\UART:BUART:rx_count_2\ * !\UART:BUART:rx_count_1\ * 
              !\UART:BUART:rx_count_0\
        );
        Output = \UART:BUART:rx_bitclk_enable\ (fanout=6)

    MacroCell: Name=\UART:BUART:rx_state_stop1_reg\, Mode=(D-Register)
        Total # of inputs        : 4
        Total # of product terms : 1
        List of special equations: 
            Clock  = (\UART:Net_9\) => Global
            Clock Enable: True
        Main Equation            : 1 pterm
        !(
              !\UART:BUART:tx_ctrl_mark_last\ * !\UART:BUART:rx_state_0\ * 
              \UART:BUART:rx_state_3\ * \UART:BUART:rx_state_2\
        );
        Output = \UART:BUART:rx_state_stop1_reg\ (fanout=1)

    MacroCell: Name=\UART:BUART:pollcount_1\, Mode=(D-Register)
        Total # of inputs        : 5
        Total # of product terms : 3
        List of special equations: 
            Clock  = (\UART:Net_9\) => Global
            Clock Enable: True
        Main Equation            : 3 pterms
        (
              !\UART:BUART:rx_count_2\ * !\UART:BUART:rx_count_1\ * 
              !\UART:BUART:pollcount_1\ * Net_102 * \UART:BUART:pollcount_0\
            + !\UART:BUART:rx_count_2\ * !\UART:BUART:rx_count_1\ * 
              \UART:BUART:pollcount_1\ * !Net_102
            + !\UART:BUART:rx_count_2\ * !\UART:BUART:rx_count_1\ * 
              \UART:BUART:pollcount_1\ * !\UART:BUART:pollcount_0\
        );
        Output = \UART:BUART:pollcount_1\ (fanout=4)

    MacroCell: Name=\UART:BUART:pollcount_0\, Mode=(D-Register)
        Total # of inputs        : 4
        Total # of product terms : 2
        List of special equations: 
            Clock  = (\UART:Net_9\) => Global
            Clock Enable: True
        Main Equation            : 2 pterms
        (
              !\UART:BUART:rx_count_2\ * !\UART:BUART:rx_count_1\ * !Net_102 * 
              \UART:BUART:pollcount_0\
            + !\UART:BUART:rx_count_2\ * !\UART:BUART:rx_count_1\ * Net_102 * 
              !\UART:BUART:pollcount_0\
        );
        Output = \UART:BUART:pollcount_0\ (fanout=5)

    MacroCell: Name=\UART:BUART:rx_status_3\, Mode=(D-Register)
        Total # of inputs        : 8
        Total # of product terms : 2
        List of special equations: 
            Clock  = (\UART:Net_9\) => Global
            Clock Enable: True
        Main Equation            : 2 pterms
        (
              !\UART:BUART:tx_ctrl_mark_last\ * !\UART:BUART:rx_state_0\ * 
              \UART:BUART:rx_bitclk_enable\ * \UART:BUART:rx_state_3\ * 
              \UART:BUART:rx_state_2\ * !\UART:BUART:pollcount_1\ * !Net_102
            + !\UART:BUART:tx_ctrl_mark_last\ * !\UART:BUART:rx_state_0\ * 
              \UART:BUART:rx_bitclk_enable\ * \UART:BUART:rx_state_3\ * 
              \UART:BUART:rx_state_2\ * !\UART:BUART:pollcount_1\ * 
              !\UART:BUART:pollcount_0\
        );
        Output = \UART:BUART:rx_status_3\ (fanout=1)

    MacroCell: Name=\UART:BUART:rx_last\, Mode=(D-Register)
        Total # of inputs        : 1
        Total # of product terms : 1
        List of special equations: 
            Clock  = (\UART:Net_9\) => Global
            Clock Enable: True
        Main Equation            : 1 pterm
        (
              Net_102
        );
        Output = \UART:BUART:rx_last\ (fanout=1)
    </CYPRESSTAG>
    <CYPRESSTAG name="Datapath listing">

    ------------------------------------------------------------
    Datapath listing
    ------------------------------------------------------------

    datapathcell: Name =\UART:BUART:sTX:TxShifter:u0\
        PORT MAP (
            clock => \UART:Net_9\ ,
            cs_addr_2 => \UART:BUART:tx_state_1\ ,
            cs_addr_1 => \UART:BUART:tx_state_0\ ,
            cs_addr_0 => \UART:BUART:tx_bitclk_enable_pre\ ,
            so_comb => \UART:BUART:tx_shift_out\ ,
            f0_bus_stat_comb => \UART:BUART:tx_fifo_notfull\ ,
            f0_blk_stat_comb => \UART:BUART:tx_fifo_empty\ );
        Properties:
        {
            a0_init = "00000000"
            a1_init = "00000000"
            ce0_sync = 1
            ce1_sync = 1
            cl0_sync = 1
            cl1_sync = 1
            cmsb_sync = 1
            co_msb_sync = 1
            cy_dpconfig = "0000000000000000000000000000000000000000000000000000000011000000000000000000000000000010010000000000000000000000000000000000000011111111000000001111111111111111000000000000000001000100111100000000000000001100"
            d0_init = "00000000"
            d1_init = "00000000"
            f0_blk_sync = 1
            f0_bus_sync = 1
            f1_blk_sync = 1
            f1_bus_sync = 1
            ff0_sync = 1
            ff1_sync = 1
            ov_msb_sync = 1
            so_sync = 1
            z0_sync = 1
            z1_sync = 1
        }
        Clock Polarity: Active High
        Clock Enable: True

    datapathcell: Name =\UART:BUART:sTX:sCLOCK:TxBitClkGen\
        PORT MAP (
            clock => \UART:Net_9\ ,
            cs_addr_0 => \UART:BUART:counter_load_not\ ,
            ce0_reg => \UART:BUART:tx_bitclk_enable_pre\ ,
            ce1_reg => \UART:BUART:tx_counter_dp\ );
        Properties:
        {
            a0_init = "00000000"
            a1_init = "00000000"
            ce0_sync = 1
            ce1_sync = 1
            cl0_sync = 1
            cl1_sync = 1
            cmsb_sync = 1
            co_msb_sync = 1
            cy_dpconfig = "1010100001000000001000000100000000000000000000000000000000000000000000000000000000000000000000000000000000000000000000000000000011111111000000001111111100000111001000000100000000000101111100000000000000001000"
            d0_init = "00000000"
            d1_init = "00000000"
            f0_blk_sync = 1
            f0_bus_sync = 1
            f1_blk_sync = 1
            f1_bus_sync = 1
            ff0_sync = 1
            ff1_sync = 1
            ov_msb_sync = 1
            so_sync = 1
            z0_sync = 1
            z1_sync = 1
        }
        Clock Polarity: Active High
        Clock Enable: True

    datapathcell: Name =\UART:BUART:sRX:RxShifter:u0\
        PORT MAP (
            clock => \UART:Net_9\ ,
            cs_addr_2 => \UART:BUART:tx_ctrl_mark_last\ ,
            cs_addr_1 => \UART:BUART:rx_state_0\ ,
            cs_addr_0 => \UART:BUART:rx_bitclk_enable\ ,
            route_si => \UART:BUART:rx_postpoll\ ,
            f0_load => \UART:BUART:rx_load_fifo\ ,
            f0_bus_stat_comb => \UART:BUART:rx_fifonotempty\ ,
            f0_blk_stat_comb => \UART:BUART:rx_fifofull\ );
        Properties:
        {
            a0_init = "00000000"
            a1_init = "00000000"
            ce0_sync = 1
            ce1_sync = 1
            cl0_sync = 1
            cl1_sync = 1
            cmsb_sync = 1
            co_msb_sync = 1
            cy_dpconfig = "0000000000000000000000000000000000000000000000000000001001000000000100000000000000010000001100000001000000000000000100100001000011111111000000001111111111111111101000000110001001000001111100000000000000001100"
            d0_init = "00000000"
            d1_init = "00000000"
            f0_blk_sync = 1
            f0_bus_sync = 1
            f1_blk_sync = 1
            f1_bus_sync = 1
            ff0_sync = 1
            ff1_sync = 1
            ov_msb_sync = 1
            so_sync = 1
            z0_sync = 1
            z1_sync = 1
        }
        Clock Polarity: Active High
        Clock Enable: True
    </CYPRESSTAG>
    <CYPRESSTAG name="Status register listing">
    </CYPRESSTAG>
    <CYPRESSTAG name="StatusI register listing">

    ------------------------------------------------------------
    StatusI register listing
    ------------------------------------------------------------

    statusicell: Name =\UART:BUART:sTX:TxSts\
        PORT MAP (
            clock => \UART:Net_9\ ,
            status_3 => \UART:BUART:tx_fifo_notfull\ ,
            status_2 => \UART:BUART:tx_status_2\ ,
            status_1 => \UART:BUART:tx_fifo_empty\ ,
            status_0 => \UART:BUART:tx_status_0\ );
        Properties:
        {
            cy_force_order = 1
            cy_int_mask = "1111111"
            cy_md_select = "0000001"
        }
        Clock Polarity: Active High
        Clock Enable: True

    statusicell: Name =\UART:BUART:sRX:RxSts\
        PORT MAP (
            clock => \UART:Net_9\ ,
            status_5 => \UART:BUART:rx_status_5\ ,
            status_4 => \UART:BUART:rx_status_4\ ,
            status_3 => \UART:BUART:rx_status_3\ ,
            interrupt => Net_104 );
        Properties:
        {
            cy_force_order = 1
            cy_int_mask = "1111111"
            cy_md_select = "1011111"
        }
        Clock Polarity: Active High
        Clock Enable: True
    </CYPRESSTAG>
    <CYPRESSTAG name="Sync listing">
    </CYPRESSTAG>
    <CYPRESSTAG name="Control register listing">
    </CYPRESSTAG>
    <CYPRESSTAG name="Count7 listing">

    ------------------------------------------------------------
    Count7 listing
    ------------------------------------------------------------

    count7cell: Name =\UART:BUART:sRX:RxBitCounter\
        PORT MAP (
            clock => \UART:Net_9\ ,
            load => \UART:BUART:rx_counter_load\ ,
            count_6 => \UART:BUART:rx_count_6\ ,
            count_5 => \UART:BUART:rx_count_5\ ,
            count_4 => \UART:BUART:rx_count_4\ ,
            count_3 => \UART:BUART:rx_count_3\ ,
            count_2 => \UART:BUART:rx_count_2\ ,
            count_1 => \UART:BUART:rx_count_1\ ,
            count_0 => \UART:BUART:rx_count_0\ ,
            tc => \UART:BUART:rx_count7_tc\ );
        Properties:
        {
            cy_alt_mode = 0
            cy_init_value = "0000000"
            cy_period = "1110010"
            cy_route_en = 1
            cy_route_ld = 1
        }
        Clock Polarity: Active High
        Clock Enable: True
    </CYPRESSTAG>
    <CYPRESSTAG name="DRQ listing">
    </CYPRESSTAG>
    <CYPRESSTAG name="Interrupt listing">

    ------------------------------------------------------------
    Interrupt listing
    ------------------------------------------------------------

    interrupt: Name =isr_rx
        PORT MAP (
            interrupt => Net_104 );
        Properties:
        {
            int_type = "10"
            is_nmi = 0
        }
    </CYPRESSTAG>
</CYPRESSTAG>
<CYPRESSTAG name="Technology mapping summary" expanded>

------------------------------------------------------------
Technology mapping summary
------------------------------------------------------------

Resource Type                 : Used : Free :  Max :  % Used
============================================================
Digital Clocks                :    1 :    7 :    8 : 12.50 %
Analog Clocks                 :    1 :    3 :    4 : 25.00 %
CapSense Buffers              :    0 :    2 :    2 :  0.00 %
Digital Filter Block          :    0 :    1 :    1 :  0.00 %
Interrupts                    :    1 :   31 :   32 :  3.13 %
IO                            :    6 :   42 :   48 : 12.50 %
Segment LCD                   :    0 :    1 :    1 :  0.00 %
CAN 2.0b                      :    0 :    1 :    1 :  0.00 %
I2C                           :    0 :    1 :    1 :  0.00 %
USB                           :    0 :    1 :    1 :  0.00 %
DMA Channels                  :    0 :   24 :   24 :  0.00 %
Timer                         :    0 :    4 :    4 :  0.00 %
UDB                           :      :      :      :        
  Macrocells                  :   24 :  168 :  192 : 12.50 %
  Unique P-terms              :   44 :  340 :  384 : 11.46 %
  Total P-terms               :   53 :      :      :        
  Datapath Cells              :    3 :   21 :   24 : 12.50 %
  Status Cells                :    3 :   21 :   24 : 12.50 %
    StatusI Registers         :    2 :      :      :        
    Routed Count7 Load/Enable :    1 :      :      :        
  Control Cells               :    1 :   23 :   24 :  4.17 %
    Count7 Cells              :    1 :      :      :        
Opamp                         :    0 :    4 :    4 :  0.00 %
Comparator                    :    0 :    4 :    4 :  0.00 %
Delta-Sigma ADC               :    0 :    1 :    1 :  0.00 %
LPF                           :    0 :    2 :    2 :  0.00 %
SAR ADC                       :    0 :    2 :    2 :  0.00 %
Analog (SC/CT) Blocks         :    0 :    4 :    4 :  0.00 %
DAC                           :      :      :      :        
  VIDAC                       :    0 :    4 :    4 :  0.00 %
</CYPRESSTAG>
Technology Mapping: Elapsed time ==> 0s.179ms
Tech Mapping phase: Elapsed time ==> 0s.248ms
</CYPRESSTAG>
<CYPRESSTAG name="Database update...">
Design database save phase: Elapsed time ==> 0s.120ms
</CYPRESSTAG>
cydsfit: Elapsed time ==> 0s.395ms
</CYPRESSTAG>
Fitter phase: Elapsed time ==> 0s.395ms
Fitter phase: Elapsed time ==> 0s.000ms
Dependency generation phase: Elapsed time ==> 0s.017ms
Cleanup phase: Elapsed time ==> 0s.000ms
